/dcs/21/u2110391/CS407/Machine-Unlearning-x-Continual-Learning/negGem/net.py:204: UserWarning: The torch.cuda.*DtypeTensor constructors are no longer recommended. It's best to use methods such as torch.tensor(data, dtype=*, device='cuda') to create tensors. (Triggered internally at /pytorch/torch/csrc/tensor/python_tensor.cpp:78.)
  indx = torch.cuda.LongTensor(self.observed_tasks[:-1]) if self.gpu \
/dcs/21/u2110391/CS407/Machine-Unlearning-x-Continual-Learning/negGem/net.py:204: UserWarning: The torch.cuda.*DtypeTensor constructors are no longer recommended. It's best to use methods such as torch.tensor(data, dtype=*, device='cuda') to create tensors. (Triggered internally at /pytorch/torch/csrc/tensor/python_tensor.cpp:78.)
  indx = torch.cuda.LongTensor(self.observed_tasks[:-1]) if self.gpu \
/dcs/21/u2110391/CS407/Machine-Unlearning-x-Continual-Learning/negGem/net.py:204: UserWarning: The torch.cuda.*DtypeTensor constructors are no longer recommended. It's best to use methods such as torch.tensor(data, dtype=*, device='cuda') to create tensors. (Triggered internally at /pytorch/torch/csrc/tensor/python_tensor.cpp:78.)
  indx = torch.cuda.LongTensor(self.observed_tasks[:-1]) if self.gpu \
mv: cannot stat '*.csv': No such file or directory
mv: cannot stat '*.pt': No such file or directory

real	306m22.295s
user	734m0.305s
sys	65m47.578s
/dcs/21/u2110391/CS407/Machine-Unlearning-x-Continual-Learning/negGem/net.py:204: UserWarning: The torch.cuda.*DtypeTensor constructors are no longer recommended. It's best to use methods such as torch.tensor(data, dtype=*, device='cuda') to create tensors. (Triggered internally at /pytorch/torch/csrc/tensor/python_tensor.cpp:78.)
  indx = torch.cuda.LongTensor(self.observed_tasks[:-1]) if self.gpu \
/dcs/21/u2110391/CS407/Machine-Unlearning-x-Continual-Learning/negGem/net.py:204: UserWarning: The torch.cuda.*DtypeTensor constructors are no longer recommended. It's best to use methods such as torch.tensor(data, dtype=*, device='cuda') to create tensors. (Triggered internally at /pytorch/torch/csrc/tensor/python_tensor.cpp:78.)
  indx = torch.cuda.LongTensor(self.observed_tasks[:-1]) if self.gpu \
/dcs/21/u2110391/CS407/Machine-Unlearning-x-Continual-Learning/negGem/net.py:204: UserWarning: The torch.cuda.*DtypeTensor constructors are no longer recommended. It's best to use methods such as torch.tensor(data, dtype=*, device='cuda') to create tensors. (Triggered internally at /pytorch/torch/csrc/tensor/python_tensor.cpp:78.)
  indx = torch.cuda.LongTensor(self.observed_tasks[:-1]) if self.gpu \
mv: cannot stat '*.csv': No such file or directory
mv: cannot stat '*.pt': No such file or directory

real	307m43.114s
user	717m29.962s
sys	65m50.268s

real	0m1.234s
user	0m1.125s
sys	0m0.090s
