Requirement already satisfied: pyyaml in /usr/lib64/python3.12/site-packages (6.0.1)
Requirement already satisfied: setuptools in /usr/lib/python3.12/site-packages (68.2.2)
Requirement already satisfied: matplotlib in /dcs/21/u2110391/.local/lib/python3.12/site-packages (3.10.1)
Requirement already satisfied: contourpy>=1.0.1 in /dcs/21/u2110391/.local/lib/python3.12/site-packages (from matplotlib) (1.3.1)
Requirement already satisfied: cycler>=0.10 in /dcs/21/u2110391/.local/lib/python3.12/site-packages (from matplotlib) (0.12.1)
Requirement already satisfied: fonttools>=4.22.0 in /dcs/21/u2110391/.local/lib/python3.12/site-packages (from matplotlib) (4.56.0)
Requirement already satisfied: kiwisolver>=1.3.1 in /dcs/21/u2110391/.local/lib/python3.12/site-packages (from matplotlib) (1.4.8)
Requirement already satisfied: numpy>=1.23 in /dcs/21/u2110391/.local/lib/python3.12/site-packages (from matplotlib) (2.2.4)
Requirement already satisfied: packaging>=20.0 in /dcs/21/u2110391/.local/lib/python3.12/site-packages (from matplotlib) (24.2)
Requirement already satisfied: pillow>=8 in /dcs/21/u2110391/.local/lib/python3.12/site-packages (from matplotlib) (11.1.0)
Requirement already satisfied: pyparsing>=2.3.1 in /dcs/21/u2110391/.local/lib/python3.12/site-packages (from matplotlib) (3.2.3)
Requirement already satisfied: python-dateutil>=2.7 in /dcs/21/u2110391/.local/lib/python3.12/site-packages (from matplotlib) (2.9.0.post0)
Requirement already satisfied: six>=1.5 in /dcs/21/u2110391/.local/lib/python3.12/site-packages (from python-dateutil>=2.7->matplotlib) (1.17.0)
Requirement already satisfied: quadprog in /dcs/21/u2110391/.local/lib/python3.12/site-packages (0.1.13)
Requirement already satisfied: numpy in /dcs/21/u2110391/.local/lib/python3.12/site-packages (from quadprog) (2.2.4)
Requirement already satisfied: pyparsing in /dcs/21/u2110391/.local/lib/python3.12/site-packages (3.2.3)
Requirement already satisfied: pandas in /dcs/21/u2110391/.local/lib/python3.12/site-packages (2.2.3)
Requirement already satisfied: numpy>=1.26.0 in /dcs/21/u2110391/.local/lib/python3.12/site-packages (from pandas) (2.2.4)
Requirement already satisfied: python-dateutil>=2.8.2 in /dcs/21/u2110391/.local/lib/python3.12/site-packages (from pandas) (2.9.0.post0)
Requirement already satisfied: pytz>=2020.1 in /dcs/21/u2110391/.local/lib/python3.12/site-packages (from pandas) (2025.2)
Requirement already satisfied: tzdata>=2022.7 in /dcs/21/u2110391/.local/lib/python3.12/site-packages (from pandas) (2025.2)
Requirement already satisfied: six>=1.5 in /dcs/21/u2110391/.local/lib/python3.12/site-packages (from python-dateutil>=2.8.2->pandas) (1.17.0)
Requirement already satisfied: numpy in /dcs/21/u2110391/.local/lib/python3.12/site-packages (2.2.4)
Thu Apr 24 16:05:58 2025       
+-----------------------------------------------------------------------------------------+
| NVIDIA-SMI 550.144.03             Driver Version: 550.144.03     CUDA Version: 12.4     |
|-----------------------------------------+------------------------+----------------------+
| GPU  Name                 Persistence-M | Bus-Id          Disp.A | Volatile Uncorr. ECC |
| Fan  Temp   Perf          Pwr:Usage/Cap |           Memory-Usage | GPU-Util  Compute M. |
|                                         |                        |               MIG M. |
|=========================================+========================+======================|
|   0  NVIDIA GeForce RTX 2080 Ti     Off |   00000000:01:00.0 Off |                  N/A |
| 15%   63C    P0             N/A /  250W |       1MiB /  11264MiB |      0%      Default |
|                                         |                        |                  N/A |
+-----------------------------------------+------------------------+----------------------+
                                                                                         
+-----------------------------------------------------------------------------------------+
| Processes:                                                                              |
|  GPU   GI   CI        PID   Type   Process name                              GPU Memory |
|        ID   ID                                                               Usage      |
|=========================================================================================|
|  No running processes found                                                             |
+-----------------------------------------------------------------------------------------+
Command line arguments:
number_of_gpus: 1
algorithm: neggem
alpha: 0
learn_mem_strength: 0.5
learn_batch_size: 10
unlearn_mem_strength: 0.5
unlearn_batch_size: 10
average_over_n_runs: 1
salun: 0
salun_strength: 0.2
Python 3.12.8
./cifar-100-python/train
./cifar-100-python/test
Number of GPUs visible:  1
Available GPUs:  1
Thu Apr 24 16:06:05 2025       
+-----------------------------------------------------------------------------------------+
| NVIDIA-SMI 550.144.03             Driver Version: 550.144.03     CUDA Version: 12.4     |
|-----------------------------------------+------------------------+----------------------+
| GPU  Name                 Persistence-M | Bus-Id          Disp.A | Volatile Uncorr. ECC |
| Fan  Temp   Perf          Pwr:Usage/Cap |           Memory-Usage | GPU-Util  Compute M. |
|                                         |                        |               MIG M. |
|=========================================+========================+======================|
|   0  NVIDIA GeForce RTX 2080 Ti     Off |   00000000:01:00.0 Off |                  N/A |
| 15%   64C    P0             N/A /  250W |       1MiB /  11264MiB |      0%      Default |
|                                         |                        |                  N/A |
+-----------------------------------------+------------------------+----------------------+
                                                                                         
+-----------------------------------------------------------------------------------------+
| Processes:                                                                              |
|  GPU   GI   CI        PID   Type   Process name                              GPU Memory |
|        ID   ID                                                               Usage      |
|=========================================================================================|
|  No running processes found                                                             |
+-----------------------------------------------------------------------------------------+
Running on device:  NVIDIA GeForce RTX 2080 Ti
Unlearn Batch Size:  10
Unlearn MEM Strength:  0.5
cifar-100-python/train
cifar-100-python/test
new ordering of classes:  ['bear', 'woman', 'palm', 'dolphin', 'willow', 'poppies', 'aquarium fish', 'bed', 'mountain', 'streetcar', 'rocket', 'mouse', 'bowls', 'plates', 'lobster', 'cans', 'seal', 'bridge', 'sweet peppers', 'cockroach', 'kangaroo', 'house', 'lizard', 'porcupine', 'oranges', 'elephant', 'trout', 'chimpanzee', 'beaver', 'worm', 'tulips', 'baby', 'clock', 'raccoon', 'couch', 'computer keyboard', 'girl', 'snail', 'castle', 'pears', 'cloud', 'television', 'bee', 'table', 'bicycle', 'ray', 'telephone', 'wolf', 'dinosaur', 'beetle', 'lion', 'roses', 'man', 'tank', 'wardrobe', 'pickup truck', 'fox', 'chair', 'squirrel', 'road', 'cattle', 'lawn-mower', 'otter', 'maple', 'tractor', 'possum', 'boy', 'leopard', 'skyscraper', 'mushrooms', 'crab', 'sunflowers', 'turtle', 'cups', 'plain', 'flatfish', 'camel', 'sea', 'tiger', 'butterfly', 'shrew', 'hamster', 'caterpillar', 'oak', 'rabbit', 'bottles', 'forest', 'crocodile', 'skunk', 'pine', 'bus', 'shark', 'motorcycle', 'orchids', 'lamp', 'apples', 'snake', 'whale', 'spider', 'train']
Training task:  1
[Learn Buffer] Updating memory for task 1 using least memorization.
[Memory Update] Task 0, Buffer: learn, Type: least, Split: 0.2
[Unlearn Buffer] Updating memory for task 1 using most memorization.
[Memory Update] Task 0, Buffer: unlearn, Type: most, Split: 0.99
[DEBUG][MIA] Forget Set Loss: mean=0.6697, std=1.6208
[DEBUG][MIA] Test Set Loss:   mean=1.4355, std=1.9089
Post-learn MIA (Buff) on Task 0: {'type': 'basic', 'attack_acc': 0.62890625, 'cv_acc': 0.18823529411764706, 'auc': 0.65020751953125, 'task': 0}
