Wed Apr 23 20:12:14 2025       
+-----------------------------------------------------------------------------------------+
| NVIDIA-SMI 550.144.03             Driver Version: 550.144.03     CUDA Version: 12.4     |
|-----------------------------------------+------------------------+----------------------+
| GPU  Name                 Persistence-M | Bus-Id          Disp.A | Volatile Uncorr. ECC |
| Fan  Temp   Perf          Pwr:Usage/Cap |           Memory-Usage | GPU-Util  Compute M. |
|                                         |                        |               MIG M. |
|=========================================+========================+======================|
|   0  NVIDIA GeForce RTX 2080 Ti     Off |   00000000:01:00.0 Off |                  N/A |
| 15%   63C    P0             N/A /  250W |       1MiB /  11264MiB |      0%      Default |
|                                         |                        |                  N/A |
+-----------------------------------------+------------------------+----------------------+
                                                                                         
+-----------------------------------------------------------------------------------------+
| Processes:                                                                              |
|  GPU   GI   CI        PID   Type   Process name                              GPU Memory |
|        ID   ID                                                               Usage      |
|=========================================================================================|
|  No running processes found                                                             |
+-----------------------------------------------------------------------------------------+
Epoch 1/10 complete
[Train Acc] Epoch 1: 14.23%
Epoch 2/10 complete
[Train Acc] Epoch 2: 24.70%
Epoch 3/10 complete
[Train Acc] Epoch 3: 30.38%
Epoch 4/10 complete
[Train Acc] Epoch 4: 36.50%
Epoch 5/10 complete
[Train Acc] Epoch 5: 36.02%
Epoch 6/10 complete
[Train Acc] Epoch 6: 42.41%
Epoch 7/10 complete
[Train Acc] Epoch 7: 45.73%
Epoch 8/10 complete
[Train Acc] Epoch 8: 48.22%
Epoch 9/10 complete
[Train Acc] Epoch 9: 52.81%
Epoch 10/10 complete
[Train Acc] Epoch 10: 55.41%
Epoch 11/10 complete
[Train Acc] Epoch 11: 57.54%
Epoch 12/10 complete
[Train Acc] Epoch 12: 60.97%
Epoch 13/10 complete
[Train Acc] Epoch 13: 64.40%
Epoch 14/10 complete
[Train Acc] Epoch 14: 67.42%
Epoch 15/10 complete
[Train Acc] Epoch 15: 69.99%
Epoch 16/10 complete
[Train Acc] Epoch 16: 71.46%
Epoch 17/10 complete
[Train Acc] Epoch 17: 73.80%
Epoch 18/10 complete
[Train Acc] Epoch 18: 76.95%
Epoch 19/10 complete
[Train Acc] Epoch 19: 77.95%
Epoch 20/10 complete
[Train Acc] Epoch 20: 79.30%
Epoch 21/10 complete
[Train Acc] Epoch 21: 80.65%
Epoch 22/10 complete
[Train Acc] Epoch 22: 81.12%
Epoch 23/10 complete
[Train Acc] Epoch 23: 82.87%
Epoch 24/10 complete
[Train Acc] Epoch 24: 84.21%
Epoch 25/10 complete
[Train Acc] Epoch 25: 84.54%
Epoch 26/10 complete
[Train Acc] Epoch 26: 86.44%
Epoch 27/10 complete
[Train Acc] Epoch 27: 86.66%
Epoch 28/10 complete
[Train Acc] Epoch 28: 87.47%
Epoch 29/10 complete
[Train Acc] Epoch 29: 87.28%
Epoch 30/10 complete
[Train Acc] Epoch 30: 87.95%
[Accuracy] Test Accuracy: 39.82%
[MIA] Attack Accuracy: 0.6475, AUC: 0.7806
