Wed Apr 23 19:49:36 2025       
+-----------------------------------------------------------------------------------------+
| NVIDIA-SMI 550.144.03             Driver Version: 550.144.03     CUDA Version: 12.4     |
|-----------------------------------------+------------------------+----------------------+
| GPU  Name                 Persistence-M | Bus-Id          Disp.A | Volatile Uncorr. ECC |
| Fan  Temp   Perf          Pwr:Usage/Cap |           Memory-Usage | GPU-Util  Compute M. |
|                                         |                        |               MIG M. |
|=========================================+========================+======================|
|   0  NVIDIA A10                     On  |   00000000:25:00.0 Off |                    0 |
|  0%   26C    P8             15W /  150W |       1MiB /  23028MiB |      0%      Default |
|                                         |                        |                  N/A |
+-----------------------------------------+------------------------+----------------------+
                                                                                         
+-----------------------------------------------------------------------------------------+
| Processes:                                                                              |
|  GPU   GI   CI        PID   Type   Process name                              GPU Memory |
|        ID   ID                                                               Usage      |
|=========================================================================================|
|  No running processes found                                                             |
+-----------------------------------------------------------------------------------------+
Epoch 1/10 complete
[Train Acc] Epoch 1: 27.87%
Epoch 2/10 complete
[Train Acc] Epoch 2: 38.86%
Epoch 3/10 complete
[Train Acc] Epoch 3: 45.87%
Epoch 4/10 complete
[Train Acc] Epoch 4: 54.33%
Epoch 5/10 complete
[Train Acc] Epoch 5: 60.50%
Epoch 6/10 complete
[Train Acc] Epoch 6: 66.16%
Epoch 7/10 complete
[Train Acc] Epoch 7: 73.17%
Epoch 8/10 complete
[Train Acc] Epoch 8: 78.81%
Epoch 9/10 complete
[Train Acc] Epoch 9: 83.76%
Epoch 10/10 complete
[Train Acc] Epoch 10: 88.99%
Epoch 11/10 complete
[Train Acc] Epoch 11: 91.32%
Epoch 12/10 complete
[Train Acc] Epoch 12: 91.79%
Epoch 13/10 complete
[Train Acc] Epoch 13: 93.81%
Epoch 14/10 complete
[Train Acc] Epoch 14: 94.77%
Epoch 15/10 complete
[Train Acc] Epoch 15: 94.52%
Epoch 16/10 complete
[Train Acc] Epoch 16: 94.02%
Epoch 17/10 complete
[Train Acc] Epoch 17: 94.95%
Epoch 18/10 complete
[Train Acc] Epoch 18: 96.04%
Epoch 19/10 complete
[Train Acc] Epoch 19: 95.88%
Epoch 20/10 complete
[Train Acc] Epoch 20: 95.15%
Epoch 21/10 complete
[Train Acc] Epoch 21: 96.34%
Epoch 22/10 complete
[Train Acc] Epoch 22: 96.96%
Epoch 23/10 complete
[Train Acc] Epoch 23: 97.00%
Epoch 24/10 complete
[Train Acc] Epoch 24: 96.87%
Epoch 25/10 complete
[Train Acc] Epoch 25: 97.62%
Epoch 26/10 complete
[Train Acc] Epoch 26: 96.64%
Epoch 27/10 complete
[Train Acc] Epoch 27: 96.83%
Epoch 28/10 complete
[Train Acc] Epoch 28: 97.06%
Epoch 29/10 complete
[Train Acc] Epoch 29: 97.56%
Epoch 30/10 complete
[Train Acc] Epoch 30: 97.85%
[Accuracy] Test Accuracy: 44.36%
[MIA] Attack Accuracy: 0.7880, AUC: 0.8389
