Wed Apr 23 19:57:42 2025       
+-----------------------------------------------------------------------------------------+
| NVIDIA-SMI 550.144.03             Driver Version: 550.144.03     CUDA Version: 12.4     |
|-----------------------------------------+------------------------+----------------------+
| GPU  Name                 Persistence-M | Bus-Id          Disp.A | Volatile Uncorr. ECC |
| Fan  Temp   Perf          Pwr:Usage/Cap |           Memory-Usage | GPU-Util  Compute M. |
|                                         |                        |               MIG M. |
|=========================================+========================+======================|
|   0  NVIDIA GeForce RTX 2080 Ti     Off |   00000000:01:00.0 Off |                  N/A |
| 15%   63C    P0             N/A /  250W |       1MiB /  11264MiB |      0%      Default |
|                                         |                        |                  N/A |
+-----------------------------------------+------------------------+----------------------+
                                                                                         
+-----------------------------------------------------------------------------------------+
| Processes:                                                                              |
|  GPU   GI   CI        PID   Type   Process name                              GPU Memory |
|        ID   ID                                                               Usage      |
|=========================================================================================|
|  No running processes found                                                             |
+-----------------------------------------------------------------------------------------+
Epoch 1/10 complete
[Train Acc] Epoch 1: 11.23%
Epoch 2/10 complete
[Train Acc] Epoch 2: 20.92%
Epoch 3/10 complete
[Train Acc] Epoch 3: 26.84%
Epoch 4/10 complete
[Train Acc] Epoch 4: 31.10%
Epoch 5/10 complete
[Train Acc] Epoch 5: 36.91%
Epoch 6/10 complete
[Train Acc] Epoch 6: 40.45%
Epoch 7/10 complete
[Train Acc] Epoch 7: 44.30%
Epoch 8/10 complete
[Train Acc] Epoch 8: 47.06%
Epoch 9/10 complete
[Train Acc] Epoch 9: 50.83%
Epoch 10/10 complete
[Train Acc] Epoch 10: 53.72%
[Accuracy] Test Accuracy: 41.47%
[MIA] Attack Accuracy: 0.6020, AUC: 0.6173
