Requirement already satisfied: pyyaml in /usr/lib64/python3.12/site-packages (6.0.1)
Requirement already satisfied: setuptools in /usr/lib/python3.12/site-packages (68.2.2)
Requirement already satisfied: matplotlib in /dcs/21/u2110391/.local/lib/python3.12/site-packages (3.10.1)
Requirement already satisfied: contourpy>=1.0.1 in /dcs/21/u2110391/.local/lib/python3.12/site-packages (from matplotlib) (1.3.1)
Requirement already satisfied: cycler>=0.10 in /dcs/21/u2110391/.local/lib/python3.12/site-packages (from matplotlib) (0.12.1)
Requirement already satisfied: fonttools>=4.22.0 in /dcs/21/u2110391/.local/lib/python3.12/site-packages (from matplotlib) (4.56.0)
Requirement already satisfied: kiwisolver>=1.3.1 in /dcs/21/u2110391/.local/lib/python3.12/site-packages (from matplotlib) (1.4.8)
Requirement already satisfied: numpy>=1.23 in /dcs/21/u2110391/.local/lib/python3.12/site-packages (from matplotlib) (2.2.4)
Requirement already satisfied: packaging>=20.0 in /dcs/21/u2110391/.local/lib/python3.12/site-packages (from matplotlib) (24.2)
Requirement already satisfied: pillow>=8 in /dcs/21/u2110391/.local/lib/python3.12/site-packages (from matplotlib) (11.1.0)
Requirement already satisfied: pyparsing>=2.3.1 in /dcs/21/u2110391/.local/lib/python3.12/site-packages (from matplotlib) (3.2.3)
Requirement already satisfied: python-dateutil>=2.7 in /dcs/21/u2110391/.local/lib/python3.12/site-packages (from matplotlib) (2.9.0.post0)
Requirement already satisfied: six>=1.5 in /dcs/21/u2110391/.local/lib/python3.12/site-packages (from python-dateutil>=2.7->matplotlib) (1.17.0)
Requirement already satisfied: quadprog in /dcs/21/u2110391/.local/lib/python3.12/site-packages (0.1.13)
Requirement already satisfied: numpy in /dcs/21/u2110391/.local/lib/python3.12/site-packages (from quadprog) (2.2.4)
Requirement already satisfied: pyparsing in /dcs/21/u2110391/.local/lib/python3.12/site-packages (3.2.3)
Requirement already satisfied: pandas in /dcs/21/u2110391/.local/lib/python3.12/site-packages (2.2.3)
Requirement already satisfied: numpy>=1.26.0 in /dcs/21/u2110391/.local/lib/python3.12/site-packages (from pandas) (2.2.4)
Requirement already satisfied: python-dateutil>=2.8.2 in /dcs/21/u2110391/.local/lib/python3.12/site-packages (from pandas) (2.9.0.post0)
Requirement already satisfied: pytz>=2020.1 in /dcs/21/u2110391/.local/lib/python3.12/site-packages (from pandas) (2025.2)
Requirement already satisfied: tzdata>=2022.7 in /dcs/21/u2110391/.local/lib/python3.12/site-packages (from pandas) (2025.2)
Requirement already satisfied: six>=1.5 in /dcs/21/u2110391/.local/lib/python3.12/site-packages (from python-dateutil>=2.8.2->pandas) (1.17.0)
Requirement already satisfied: numpy in /dcs/21/u2110391/.local/lib/python3.12/site-packages (2.2.4)
Thu Apr 24 03:57:02 2025       
+-----------------------------------------------------------------------------------------+
| NVIDIA-SMI 550.144.03             Driver Version: 550.144.03     CUDA Version: 12.4     |
|-----------------------------------------+------------------------+----------------------+
| GPU  Name                 Persistence-M | Bus-Id          Disp.A | Volatile Uncorr. ECC |
| Fan  Temp   Perf          Pwr:Usage/Cap |           Memory-Usage | GPU-Util  Compute M. |
|                                         |                        |               MIG M. |
|=========================================+========================+======================|
|   0  NVIDIA GeForce RTX 2080 Ti     Off |   00000000:01:00.0 Off |                  N/A |
|  7%   62C    P0             N/A /  250W |       1MiB /  11264MiB |      0%      Default |
|                                         |                        |                  N/A |
+-----------------------------------------+------------------------+----------------------+
                                                                                         
+-----------------------------------------------------------------------------------------+
| Processes:                                                                              |
|  GPU   GI   CI        PID   Type   Process name                              GPU Memory |
|        ID   ID                                                               Usage      |
|=========================================================================================|
|  No running processes found                                                             |
+-----------------------------------------------------------------------------------------+
Command line arguments:
number_of_gpus: 1
algorithm: neggem
alpha: 0
learn_mem_strength: 0.5
learn_batch_size: 100
unlearn_mem_strength: 0.5
unlearn_batch_size: 10
average_over_n_runs: 1
salun: 0
salun_strength: 0.2
Python 3.12.8
./cifar-100-python/train
./cifar-100-python/test
Number of GPUs visible:  1
Available GPUs:  1
Thu Apr 24 03:57:08 2025       
+-----------------------------------------------------------------------------------------+
| NVIDIA-SMI 550.144.03             Driver Version: 550.144.03     CUDA Version: 12.4     |
|-----------------------------------------+------------------------+----------------------+
| GPU  Name                 Persistence-M | Bus-Id          Disp.A | Volatile Uncorr. ECC |
| Fan  Temp   Perf          Pwr:Usage/Cap |           Memory-Usage | GPU-Util  Compute M. |
|                                         |                        |               MIG M. |
|=========================================+========================+======================|
|   0  NVIDIA GeForce RTX 2080 Ti     Off |   00000000:01:00.0 Off |                  N/A |
| 11%   63C    P0             N/A /  250W |       1MiB /  11264MiB |      0%      Default |
|                                         |                        |                  N/A |
+-----------------------------------------+------------------------+----------------------+
                                                                                         
+-----------------------------------------------------------------------------------------+
| Processes:                                                                              |
|  GPU   GI   CI        PID   Type   Process name                              GPU Memory |
|        ID   ID                                                               Usage      |
|=========================================================================================|
|  No running processes found                                                             |
+-----------------------------------------------------------------------------------------+
Running on device:  NVIDIA GeForce RTX 2080 Ti
Unlearn Batch Size:  10
Unlearn MEM Strength:  0.5
cifar-100-python/train
cifar-100-python/test
new ordering of classes:  ['elephant', 'rabbit', 'pears', 'skyscraper', 'skunk', 'roses', 'chair', 'forest', 'bicycle', 'boy', 'train', 'aquarium fish', 'bridge', 'table', 'castle', 'caterpillar', 'fox', 'orchids', 'lamp', 'shrew', 'whale', 'cattle', 'palm', 'turtle', 'shark', 'tank', 'couch', 'trout', 'cups', 'oak', 'streetcar', 'kangaroo', 'bowls', 'man', 'otter', 'television', 'baby', 'mountain', 'girl', 'snail', 'butterfly', 'wolf', 'bus', 'bee', 'lizard', 'crocodile', 'woman', 'road', 'mouse', 'telephone', 'house', 'dolphin', 'pine', 'tulips', 'camel', 'maple', 'mushrooms', 'hamster', 'cans', 'snake', 'cloud', 'plates', 'beetle', 'seal', 'sea', 'tractor', 'bed', 'spider', 'rocket', 'porcupine', 'cockroach', 'sweet peppers', 'squirrel', 'willow', 'plain', 'raccoon', 'beaver', 'sunflowers', 'clock', 'wardrobe', 'lawn-mower', 'lion', 'possum', 'dinosaur', 'oranges', 'apples', 'tiger', 'computer keyboard', 'pickup truck', 'leopard', 'ray', 'flatfish', 'bear', 'chimpanzee', 'bottles', 'crab', 'worm', 'poppies', 'lobster', 'motorcycle']
Training task:  2
[Learn Buffer] Updating memory for task 2 using least memorization.
[Memory Update] Task 1, Buffer: learn, Type: least, Split: 0.2
[Unlearn Buffer] Updating memory for task 2 using most memorization.
[Memory Update] Task 1, Buffer: unlearn, Type: most, Split: 0.99
Total correct retain:  529  Total retain:  2500
Total correct forget:  11819  Total forget:  47500
Total correct test:  104  Total test:  500
Total correct forget test:  2250  Total test forget:  9500
After learning task 2
Task accuracies: [0.208, 0.714, 0.206, 0.286, 0.194, 0.21, 0.218, 0.144, 0.208, 0.194, 0.222, 0.23, 0.198, 0.212, 0.276, 0.186, 0.158, 0.252, 0.198, 0.194]
Training task:  3
[Learn Buffer] Updating memory for task 3 using least memorization.
[Memory Update] Task 2, Buffer: learn, Type: least, Split: 0.2
[Unlearn Buffer] Updating memory for task 3 using most memorization.
[Memory Update] Task 2, Buffer: unlearn, Type: most, Split: 0.99
Total correct retain:  498  Total retain:  2500
Total correct forget:  14166  Total forget:  47500
Total correct test:  103  Total test:  500
Total correct forget test:  2614  Total test forget:  9500
After learning task 3
Task accuracies: [0.206, 0.67, 0.74, 0.27, 0.22, 0.188, 0.216, 0.172, 0.262, 0.188, 0.234, 0.27, 0.24, 0.186, 0.296, 0.198, 0.188, 0.302, 0.198, 0.19]
Unlearning task: 2
[DEBUG][MIA] Forget Set Loss: mean=0.6674, std=1.2284
[DEBUG][MIA] Test Set Loss:   mean=1.0406, std=1.5678
Before unlearning: {'type': 'basic', 'attack_acc': 0.544, 'cv_acc': 0.13, 'auc': 0.579768, 'task': 1}
Accuracy, Confidence: (0.9921875, 0.9665142297744751)
Projection needed
Projection needed
Projection needed
broken out of loop
[DEBUG] Task 1 — Forget: 2500, Test: 500
[DEBUG][MIA] Forget Set Loss: mean=3.3969, std=2.5707
[DEBUG][MIA] Test Set Loss:   mean=3.3717, std=2.5090
After unlearning: {'type': 'basic', 'attack_acc': 0.51, 'cv_acc': 0.10800000000000001, 'auc': 0.501872, 'task': 1}
Accuracy, Confidence: (0.3046875, 0.7722513675689697)
Total correct retain:  553  Total retain:  2500
Total correct forget:  10614  Total forget:  47500
Total correct test:  114  Total test:  500
Total correct forget test:  2092  Total test forget:  9500
After unlearning task 2
Task accuracies: [0.228, 0.222, 0.46, 0.256, 0.2, 0.198, 0.248, 0.234, 0.19, 0.202, 0.246, 0.228, 0.182, 0.258, 0.138, 0.174, 0.16, 0.206, 0.212, 0.17]
Command line arguments:
number_of_gpus: 1
algorithm: neggrad
alpha: 0.5
learn_mem_strength: 0.5
learn_batch_size: 100
unlearn_mem_strength: 0.5
unlearn_batch_size: 10
average_over_n_runs: 1
salun: 0
salun_strength: 0.2
Python 3.12.8
./cifar-100-python/train
./cifar-100-python/test
Number of GPUs visible:  1
Available GPUs:  1
Thu Apr 24 03:58:09 2025       
+-----------------------------------------------------------------------------------------+
| NVIDIA-SMI 550.144.03             Driver Version: 550.144.03     CUDA Version: 12.4     |
|-----------------------------------------+------------------------+----------------------+
| GPU  Name                 Persistence-M | Bus-Id          Disp.A | Volatile Uncorr. ECC |
| Fan  Temp   Perf          Pwr:Usage/Cap |           Memory-Usage | GPU-Util  Compute M. |
|                                         |                        |               MIG M. |
|=========================================+========================+======================|
|   0  NVIDIA GeForce RTX 2080 Ti     Off |   00000000:01:00.0 Off |                  N/A |
| 33%   64C    P0             N/A /  250W |       1MiB /  11264MiB |      0%      Default |
|                                         |                        |                  N/A |
+-----------------------------------------+------------------------+----------------------+
                                                                                         
+-----------------------------------------------------------------------------------------+
| Processes:                                                                              |
|  GPU   GI   CI        PID   Type   Process name                              GPU Memory |
|        ID   ID                                                               Usage      |
|=========================================================================================|
|  No running processes found                                                             |
+-----------------------------------------------------------------------------------------+
Running on device:  NVIDIA GeForce RTX 2080 Ti
Unlearn Batch Size:  10
Unlearn MEM Strength:  0.5
cifar-100-python/train
cifar-100-python/test
new ordering of classes:  ['tank', 'possum', 'chimpanzee', 'man', 'bottles', 'skunk', 'skyscraper', 'sunflowers', 'wardrobe', 'trout', 'mouse', 'motorcycle', 'couch', 'raccoon', 'plates', 'dolphin', 'lamp', 'telephone', 'camel', 'pickup truck', 'hamster', 'baby', 'cloud', 'bear', 'wolf', 'table', 'cups', 'chair', 'beetle', 'worm', 'palm', 'crab', 'sweet peppers', 'cattle', 'mushrooms', 'whale', 'squirrel', 'boy', 'shrew', 'dinosaur', 'road', 'lizard', 'willow', 'mountain', 'apples', 'bowls', 'clock', 'train', 'snail', 'cockroach', 'plain', 'television', 'kangaroo', 'computer keyboard', 'lobster', 'ray', 'poppies', 'orchids', 'pears', 'sea', 'oak', 'bed', 'leopard', 'lion', 'maple', 'bee', 'oranges', 'butterfly', 'caterpillar', 'girl', 'bus', 'flatfish', 'aquarium fish', 'fox', 'bicycle', 'lawn-mower', 'tractor', 'crocodile', 'pine', 'rabbit', 'roses', 'beaver', 'seal', 'otter', 'turtle', 'tulips', 'castle', 'shark', 'rocket', 'house', 'porcupine', 'woman', 'forest', 'streetcar', 'spider', 'tiger', 'bridge', 'cans', 'elephant', 'snake']
Training task:  2
[Learn Buffer] Updating memory for task 2 using least memorization.
[Memory Update] Task 1, Buffer: learn, Type: least, Split: 0.2
[Unlearn Buffer] Updating memory for task 2 using most memorization.
[Memory Update] Task 1, Buffer: unlearn, Type: most, Split: 0.99
Total correct retain:  460  Total retain:  2500
Total correct forget:  10657  Total forget:  47500
Total correct test:  99  Total test:  500
Total correct forget test:  2072  Total test forget:  9500
After learning task 2
Task accuracies: [0.198, 0.914, 0.126, 0.196, 0.122, 0.204, 0.146, 0.122, 0.102, 0.202, 0.164, 0.208, 0.196, 0.218, 0.218, 0.272, 0.194, 0.162, 0.21, 0.168]
Training task:  3
[Learn Buffer] Updating memory for task 3 using least memorization.
[Memory Update] Task 2, Buffer: learn, Type: least, Split: 0.2
[Unlearn Buffer] Updating memory for task 3 using most memorization.
[Memory Update] Task 2, Buffer: unlearn, Type: most, Split: 0.99
Total correct retain:  513  Total retain:  2500
Total correct forget:  12459  Total forget:  47500
Total correct test:  111  Total test:  500
Total correct forget test:  2365  Total test forget:  9500
After learning task 3
Task accuracies: [0.222, 0.852, 0.722, 0.136, 0.14, 0.134, 0.138, 0.232, 0.19, 0.198, 0.184, 0.208, 0.176, 0.24, 0.22, 0.262, 0.216, 0.148, 0.178, 0.156]
Unlearning task: 2
[DEBUG][MIA] Forget Set Loss: mean=0.2895, std=0.7009
[DEBUG][MIA] Test Set Loss:   mean=0.5225, std=1.1813
Before unlearning: {'type': 'basic', 'attack_acc': 0.54, 'cv_acc': 0.10200000000000001, 'auc': 0.551056, 'task': 1}
Accuracy, Confidence: (1.0, 0.9884828329086304)
broken out of loop
[DEBUG] Task 1 — Forget: 2500, Test: 500
[DEBUG][MIA] Forget Set Loss: mean=14.6208, std=13.5989
[DEBUG][MIA] Test Set Loss:   mean=15.7404, std=14.2798
After unlearning: {'type': 'basic', 'attack_acc': 0.492, 'cv_acc': 0.11599999999999999, 'auc': 0.48064000000000007, 'task': 1}
Accuracy, Confidence: (0.3359375, 0.9738727807998657)
Total correct retain:  442  Total retain:  2500
Total correct forget:  10479  Total forget:  47500
Total correct test:  89  Total test:  500
Total correct forget test:  2061  Total test forget:  9500
After unlearning task 2
Task accuracies: [0.178, 0.316, 0.322, 0.136, 0.19, 0.208, 0.19, 0.202, 0.168, 0.148, 0.284, 0.316, 0.178, 0.21, 0.164, 0.21, 0.208, 0.232, 0.228, 0.212]
