--2024-11-12 14:37:43--  https://s3.amazonaws.com/img-datasets/mnist.npz
Resolving s3.amazonaws.com (s3.amazonaws.com)... 52.217.91.158, 54.231.199.200, 52.216.100.189, ...
Connecting to s3.amazonaws.com (s3.amazonaws.com)|52.217.91.158|:443... connected.
HTTP request sent, awaiting response... 200 OK
Length: 11490434 (11M) [application/octet-stream]
Saving to: ‘mnist.npz’

     0K .......... .......... .......... .......... ..........  0%  625K 18s
    50K .......... .......... .......... .......... ..........  0%  623K 18s
   100K .......... .......... .......... .......... ..........  1% 61.0M 12s
   150K .......... .......... .......... .......... ..........  1%  628K 13s
   200K .......... .......... .......... .......... ..........  2% 37.9M 11s
   250K .......... .......... .......... .......... ..........  2% 64.1M 9s
   300K .......... .......... .......... .......... ..........  3%  120M 8s
   350K .......... .......... .......... .......... ..........  3%  640K 9s
   400K .......... .......... .......... .......... ..........  4%  100M 8s
   450K .......... .......... .......... .......... ..........  4%  163M 7s
   500K .......... .......... .......... .......... ..........  4% 50.2M 6s
   550K .......... .......... .......... .......... ..........  5%  154M 6s
   600K .......... .......... .......... .......... ..........  5%  183M 5s
   650K .......... .......... .......... .......... ..........  6%  185M 5s
   700K .......... .......... .......... .......... ..........  6%  210M 5s
   750K .......... .......... .......... .......... ..........  7%  223M 4s
   800K .......... .......... .......... .......... ..........  7%  645K 5s
   850K .......... .......... .......... .......... ..........  8%  119M 5s
   900K .......... .......... .......... .......... ..........  8%  132M 4s
   950K .......... .......... .......... .......... ..........  8%  174M 4s
  1000K .......... .......... .......... .......... ..........  9%  217M 4s
  1050K .......... .......... .......... .......... ..........  9%  220M 4s
  1100K .......... .......... .......... .......... .......... 10%  119M 4s
  1150K .......... .......... .......... .......... .......... 10%  192M 3s
  1200K .......... .......... .......... .......... .......... 11%  200M 3s
  1250K .......... .......... .......... .......... .......... 11%  121M 3s
  1300K .......... .......... .......... .......... .......... 12%  214M 3s
  1350K .......... .......... .......... .......... .......... 12%  190M 3s
  1400K .......... .......... .......... .......... .......... 12%  181M 3s
  1450K .......... .......... .......... .......... .......... 13%  201M 3s
  1500K .......... .......... .......... .......... .......... 13%  195M 3s
  1550K .......... .......... .......... .......... .......... 14%  218M 2s
  1600K .......... .......... .......... .......... .......... 14%  231M 2s
  1650K .......... .......... .......... .......... .......... 15%  658K 3s
  1700K .......... .......... .......... .......... .......... 15%  118M 3s
  1750K .......... .......... .......... .......... .......... 16%  129M 3s
  1800K .......... .......... .......... .......... .......... 16%  139M 2s
  1850K .......... .......... .......... .......... .......... 16%  213M 2s
  1900K .......... .......... .......... .......... .......... 17%  220M 2s
  1950K .......... .......... .......... .......... .......... 17%  181M 2s
  2000K .......... .......... .......... .......... .......... 18%  222M 2s
  2050K .......... .......... .......... .......... .......... 18%  249M 2s
  2100K .......... .......... .......... .......... .......... 19%  182M 2s
  2150K .......... .......... .......... .......... .......... 19%  206M 2s
  2200K .......... .......... .......... .......... .......... 20%  212M 2s
  2250K .......... .......... .......... .......... .......... 20%  211M 2s
  2300K .......... .......... .......... .......... .......... 20%  216M 2s
  2350K .......... .......... .......... .......... .......... 21%  235M 2s
  2400K .......... .......... .......... .......... .......... 21%  245M 2s
  2450K .......... .......... .......... .......... .......... 22%  261M 2s
  2500K .......... .......... .......... .......... .......... 22%  225M 2s
  2550K .......... .......... .......... .......... .......... 23%  260M 2s
  2600K .......... .......... .......... .......... .......... 23%  272M 2s
  2650K .......... .......... .......... .......... .......... 24%  261M 2s
  2700K .......... .......... .......... .......... .......... 24%  256M 2s
  2750K .......... .......... .......... .......... .......... 24%  260M 1s
  2800K .......... .......... .......... .......... .......... 25%  250M 1s
  2850K .......... .......... .......... .......... .......... 25%  270M 1s
  2900K .......... .......... .......... .......... .......... 26%  216M 1s
  2950K .......... .......... .......... .......... .......... 26%  283M 1s
  3000K .......... .......... .......... .......... .......... 27%  288M 1s
  3050K .......... .......... .......... .......... .......... 27%  280M 1s
  3100K .......... .......... .......... .......... .......... 28%  265M 1s
  3150K .......... .......... .......... .......... .......... 28%  271M 1s
  3200K .......... .......... .......... .......... .......... 28%  679K 1s
  3250K .......... .......... .......... .......... .......... 29%  128M 1s
  3300K .......... .......... .......... .......... .......... 29%  132M 1s
  3350K .......... .......... .......... .......... .......... 30%  257M 1s
  3400K .......... .......... .......... .......... .......... 30%  281M 1s
  3450K .......... .......... .......... .......... .......... 31%  261M 1s
  3500K .......... .......... .......... .......... .......... 31%  253M 1s
  3550K .......... .......... .......... .......... .......... 32%  267M 1s
  3600K .......... .......... .......... .......... .......... 32%  276M 1s
  3650K .......... .......... .......... .......... .......... 32%  246M 1s
  3700K .......... .......... .......... .......... .......... 33%  204M 1s
  3750K .......... .......... .......... .......... .......... 33%  271M 1s
  3800K .......... .......... .......... .......... .......... 34%  244M 1s
  3850K .......... .......... .......... .......... .......... 34%  249M 1s
  3900K .......... .......... .......... .......... .......... 35%  230M 1s
  3950K .......... .......... .......... .......... .......... 35%  242M 1s
  4000K .......... .......... .......... .......... .......... 36%  261M 1s
  4050K .......... .......... .......... .......... .......... 36%  254M 1s
  4100K .......... .......... .......... .......... .......... 36%  216M 1s
  4150K .......... .......... .......... .......... .......... 37%  272M 1s
  4200K .......... .......... .......... .......... .......... 37%  268M 1s
  4250K .......... .......... .......... .......... .......... 38%  280M 1s
  4300K .......... .......... .......... .......... .......... 38%  257M 1s
  4350K .......... .......... .......... .......... .......... 39%  255M 1s
  4400K .......... .......... .......... .......... .......... 39%  282M 1s
  4450K .......... .......... .......... .......... .......... 40%  283M 1s
  4500K .......... .......... .......... .......... .......... 40%  226M 1s
  4550K .......... .......... .......... .......... .......... 40%  277M 1s
  4600K .......... .......... .......... .......... .......... 41%  277M 1s
  4650K .......... .......... .......... .......... .......... 41%  282M 1s
  4700K .......... .......... .......... .......... .......... 42%  674K 1s
  4750K .......... .......... .......... .......... .......... 42%  136M 1s
  4800K .......... .......... .......... .......... .......... 43%  130M 1s
  4850K .......... .......... .......... .......... .......... 43%  167M 1s
  4900K .......... .......... .......... .......... .......... 44%  181M 1s
  4950K .......... .......... .......... .......... .......... 44%  262M 1s
  5000K .......... .......... .......... .......... .......... 45%  274M 1s
  5050K .......... .......... .......... .......... .......... 45%  270M 1s
  5100K .......... .......... .......... .......... .......... 45%  241M 1s
  5150K .......... .......... .......... .......... .......... 46%  270M 1s
  5200K .......... .......... .......... .......... .......... 46%  247M 1s
  5250K .......... .......... .......... .......... .......... 47%  270M 1s
  5300K .......... .......... .......... .......... .......... 47%  205M 1s
  5350K .......... .......... .......... .......... .......... 48%  272M 1s
  5400K .......... .......... .......... .......... .......... 48%  246M 1s
  5450K .......... .......... .......... .......... .......... 49%  250M 1s
  5500K .......... .......... .......... .......... .......... 49%  238M 1s
  5550K .......... .......... .......... .......... .......... 49%  261M 1s
  5600K .......... .......... .......... .......... .......... 50%  258M 1s
  5650K .......... .......... .......... .......... .......... 50%  241M 1s
  5700K .......... .......... .......... .......... .......... 51%  209M 1s
  5750K .......... .......... .......... .......... .......... 51%  260M 1s
  5800K .......... .......... .......... .......... .......... 52%  230M 1s
  5850K .......... .......... .......... .......... .......... 52%  267M 1s
  5900K .......... .......... .......... .......... .......... 53%  248M 1s
  5950K .......... .......... .......... .......... .......... 53%  285M 1s
  6000K .......... .......... .......... .......... .......... 53%  250M 1s
  6050K .......... .......... .......... .......... .......... 54%  284M 1s
  6100K .......... .......... .......... .......... .......... 54%  225M 1s
  6150K .......... .......... .......... .......... .......... 55%  281M 1s
  6200K .......... .......... .......... .......... .......... 55%  227M 1s
  6250K .......... .......... .......... .......... .......... 56%  273M 1s
  6300K .......... .......... .......... .......... .......... 56%  671K 1s
  6350K .......... .......... .......... .......... .......... 57%  212M 1s
  6400K .......... .......... .......... .......... .......... 57%  234M 1s
  6450K .......... .......... .......... .......... .......... 57%  273M 1s
  6500K .......... .......... .......... .......... .......... 58%  216M 1s
  6550K .......... .......... .......... .......... .......... 58%  266M 1s
  6600K .......... .......... .......... .......... .......... 59%  255M 0s
  6650K .......... .......... .......... .......... .......... 59%  263M 0s
  6700K .......... .......... .......... .......... .......... 60%  259M 0s
  6750K .......... .......... .......... .......... .......... 60%  263M 0s
  6800K .......... .......... .......... .......... .......... 61%  270M 0s
  6850K .......... .......... .......... .......... .......... 61%  264M 0s
  6900K .......... .......... .......... .......... .......... 61%  228M 0s
  6950K .......... .......... .......... .......... .......... 62%  257M 0s
  7000K .......... .......... .......... .......... .......... 62%  260M 0s
  7050K .......... .......... .......... .......... .......... 63%  609K 0s
  7100K .......... .......... .......... .......... .......... 63%  190M 0s
  7150K .......... .......... .......... .......... .......... 64%  269M 0s
  7200K .......... .......... .......... .......... .......... 64%  277M 0s
  7250K .......... .......... .......... .......... .......... 65%  274M 0s
  7300K .......... .......... .......... .......... .......... 65%  228M 0s
  7350K .......... .......... .......... .......... .......... 65%  278M 0s
  7400K .......... .......... .......... .......... .......... 66%  268M 0s
  7450K .......... .......... .......... .......... .......... 66%  288M 0s
  7500K .......... .......... .......... .......... .......... 67%  253M 0s
  7550K .......... .......... .......... .......... .......... 67%  272M 0s
  7600K .......... .......... .......... .......... .......... 68%  268M 0s
  7650K .......... .......... .......... .......... .......... 68%  268M 0s
  7700K .......... .......... .......... .......... .......... 69%  216M 0s
  7750K .......... .......... .......... .......... .......... 69%  271M 0s
  7800K .......... .......... .......... .......... .......... 69%  274M 0s
  7850K .......... .......... .......... .......... .......... 70%  271M 0s
  7900K .......... .......... .......... .......... .......... 70%  247M 0s
  7950K .......... .......... .......... .......... .......... 71%  269M 0s
  8000K .......... .......... .......... .......... .......... 71%  271M 0s
  8050K .......... .......... .......... .......... .......... 72%  275M 0s
  8100K .......... .......... .......... .......... .......... 72%  228M 0s
  8150K .......... .......... .......... .......... .......... 73%  271M 0s
  8200K .......... .......... .......... .......... .......... 73%  274M 0s
  8250K .......... .......... .......... .......... .......... 73%  273M 0s
  8300K .......... .......... .......... .......... .......... 74%  263M 0s
  8350K .......... .......... .......... .......... .......... 74%  272M 0s
  8400K .......... .......... .......... .......... .......... 75%  280M 0s
  8450K .......... .......... .......... .......... .......... 75%  286M 0s
  8500K .......... .......... .......... .......... .......... 76%  219M 0s
  8550K .......... .......... .......... .......... .......... 76%  272M 0s
  8600K .......... .......... .......... .......... .......... 77%  667K 0s
  8650K .......... .......... .......... .......... .......... 77%  132M 0s
  8700K .......... .......... .......... .......... .......... 77%  131M 0s
  8750K .......... .......... .......... .......... .......... 78%  233M 0s
  8800K .......... .......... .......... .......... .......... 78%  262M 0s
  8850K .......... .......... .......... .......... .......... 79%  265M 0s
  8900K .......... .......... .......... .......... .......... 79%  197M 0s
  8950K .......... .......... .......... .......... .......... 80%  231M 0s
  9000K .......... .......... .......... .......... .......... 80%  255M 0s
  9050K .......... .......... .......... .......... .......... 81%  249M 0s
  9100K .......... .......... .......... .......... .......... 81%  226M 0s
  9150K .......... .......... .......... .......... .......... 81%  252M 0s
  9200K .......... .......... .......... .......... .......... 82%  248M 0s
  9250K .......... .......... .......... .......... .......... 82%  247M 0s
  9300K .......... .......... .......... .......... .......... 83%  200M 0s
  9350K .......... .......... .......... .......... .......... 83%  267M 0s
  9400K .......... .......... .......... .......... .......... 84%  650K 0s
  9450K .......... .......... .......... .......... .......... 84%  110M 0s
  9500K .......... .......... .......... .......... .......... 85%  182M 0s
  9550K .......... .......... .......... .......... .......... 85%  246M 0s
  9600K .......... .......... .......... .......... .......... 85%  245M 0s
  9650K .......... .......... .......... .......... .......... 86%  246M 0s
  9700K .......... .......... .......... .......... .......... 86%  198M 0s
  9750K .......... .......... .......... .......... .......... 87%  241M 0s
  9800K .......... .......... .......... .......... .......... 87%  243M 0s
  9850K .......... .......... .......... .......... .......... 88%  251M 0s
  9900K .......... .......... .......... .......... .......... 88%  221M 0s
  9950K .......... .......... .......... .......... .......... 89%  235M 0s
 10000K .......... .......... .......... .......... .......... 89%  256M 0s
 10050K .......... .......... .......... .......... .......... 90%  242M 0s
 10100K .......... .......... .......... .......... .......... 90%  196M 0s
 10150K .......... .......... .......... .......... .......... 90%  235M 0s
 10200K .......... .......... .......... .......... .......... 91%  246M 0s
 10250K .......... .......... .......... .......... .......... 91%  250M 0s
 10300K .......... .......... .......... .......... .......... 92%  236M 0s
 10350K .......... .......... .......... .......... .......... 92%  233M 0s
 10400K .......... .......... .......... .......... .......... 93%  263M 0s
 10450K .......... .......... .......... .......... .......... 93%  239M 0s
 10500K .......... .......... .......... .......... .......... 94%  199M 0s
 10550K .......... .......... .......... .......... .......... 94%  280M 0s
 10600K .......... .......... .......... .......... .......... 94%  294M 0s
 10650K .......... .......... .......... .......... .......... 95%  279M 0s
 10700K .......... .......... .......... .......... .......... 95%  262M 0s
 10750K .......... .......... .......... .......... .......... 96%  289M 0s
 10800K .......... .......... .......... .......... .......... 96%  291M 0s
 10850K .......... .......... .......... .......... .......... 97%  298M 0s
 10900K .......... .......... .......... .......... .......... 97%  240M 0s
 10950K .......... .......... .......... .......... .......... 98%  279M 0s
 11000K .......... .......... .......... .......... .......... 98%  675K 0s
 11050K .......... .......... .......... .......... .......... 98%  120M 0s
 11100K .......... .......... .......... .......... .......... 99%  135M 0s
 11150K .......... .......... .......... .......... .......... 99%  146M 0s
 11200K .......... .......... .                               100%  207M=1.1s

2024-11-12 14:37:45 (10.4 MB/s) - ‘mnist.npz’ saved [11490434/11490434]

No artists with labels found to put in legend.  Note that artists whose label start with an underscore are ignored when legend() is called with no argument.
No artists with labels found to put in legend.  Note that artists whose label start with an underscore are ignored when legend() is called with no argument.
