/dcs/large/u2140671/drop-table/Machine-Unlearning-x-Continual-Learning/negGem/net.py:180: UserWarning: The torch.cuda.*DtypeTensor constructors are no longer recommended. It's best to use methods such as torch.tensor(data, dtype=*, device='cuda') to create tensors. (Triggered internally at /pytorch/torch/csrc/tensor/python_tensor.cpp:78.)
  indx = torch.cuda.LongTensor(self.observed_tasks[:-1]) if self.gpu \
mv: cannot stat '*.pt': No such file or directory

real	19m40.798s
user	32m24.465s
sys	5m43.365s
/dcs/large/u2140671/drop-table/Machine-Unlearning-x-Continual-Learning/negGem/net.py:180: UserWarning: The torch.cuda.*DtypeTensor constructors are no longer recommended. It's best to use methods such as torch.tensor(data, dtype=*, device='cuda') to create tensors. (Triggered internally at /pytorch/torch/csrc/tensor/python_tensor.cpp:78.)
  indx = torch.cuda.LongTensor(self.observed_tasks[:-1]) if self.gpu \
mv: cannot stat '*.pt': No such file or directory

real	22m7.796s
user	36m37.027s
sys	6m40.244s
/dcs/large/u2140671/drop-table/Machine-Unlearning-x-Continual-Learning/negGem/net.py:180: UserWarning: The torch.cuda.*DtypeTensor constructors are no longer recommended. It's best to use methods such as torch.tensor(data, dtype=*, device='cuda') to create tensors. (Triggered internally at /pytorch/torch/csrc/tensor/python_tensor.cpp:78.)
  indx = torch.cuda.LongTensor(self.observed_tasks[:-1]) if self.gpu \
mv: cannot stat '*.pt': No such file or directory

real	27m3.867s
user	48m33.963s
sys	7m57.258s
/dcs/large/u2140671/drop-table/Machine-Unlearning-x-Continual-Learning/negGem/net.py:180: UserWarning: The torch.cuda.*DtypeTensor constructors are no longer recommended. It's best to use methods such as torch.tensor(data, dtype=*, device='cuda') to create tensors. (Triggered internally at /pytorch/torch/csrc/tensor/python_tensor.cpp:78.)
  indx = torch.cuda.LongTensor(self.observed_tasks[:-1]) if self.gpu \
mv: cannot stat '*.pt': No such file or directory

real	27m11.923s
user	48m6.987s
sys	8m5.793s
