/dcs/21/u2110391/CS407/Machine-Unlearning-x-Continual-Learning/negGem/net.py:204: UserWarning: The torch.cuda.*DtypeTensor constructors are no longer recommended. It's best to use methods such as torch.tensor(data, dtype=*, device='cuda') to create tensors. (Triggered internally at /pytorch/torch/csrc/tensor/python_tensor.cpp:78.)
  indx = torch.cuda.LongTensor(self.observed_tasks[:-1]) if self.gpu \
/dcs/21/u2110391/CS407/Machine-Unlearning-x-Continual-Learning/negGem/net.py:204: UserWarning: The torch.cuda.*DtypeTensor constructors are no longer recommended. It's best to use methods such as torch.tensor(data, dtype=*, device='cuda') to create tensors. (Triggered internally at /pytorch/torch/csrc/tensor/python_tensor.cpp:78.)
  indx = torch.cuda.LongTensor(self.observed_tasks[:-1]) if self.gpu \
/dcs/21/u2110391/CS407/Machine-Unlearning-x-Continual-Learning/negGem/net.py:204: UserWarning: The torch.cuda.*DtypeTensor constructors are no longer recommended. It's best to use methods such as torch.tensor(data, dtype=*, device='cuda') to create tensors. (Triggered internally at /pytorch/torch/csrc/tensor/python_tensor.cpp:78.)
  indx = torch.cuda.LongTensor(self.observed_tasks[:-1]) if self.gpu \
mv: cannot stat '*.csv': No such file or directory
mv: cannot stat '*.pt': No such file or directory

real	7m12.166s
user	13m28.461s
sys	0m29.129s
/dcs/21/u2110391/CS407/Machine-Unlearning-x-Continual-Learning/negGem/net.py:204: UserWarning: The torch.cuda.*DtypeTensor constructors are no longer recommended. It's best to use methods such as torch.tensor(data, dtype=*, device='cuda') to create tensors. (Triggered internally at /pytorch/torch/csrc/tensor/python_tensor.cpp:78.)
  indx = torch.cuda.LongTensor(self.observed_tasks[:-1]) if self.gpu \
/dcs/21/u2110391/CS407/Machine-Unlearning-x-Continual-Learning/negGem/net.py:204: UserWarning: The torch.cuda.*DtypeTensor constructors are no longer recommended. It's best to use methods such as torch.tensor(data, dtype=*, device='cuda') to create tensors. (Triggered internally at /pytorch/torch/csrc/tensor/python_tensor.cpp:78.)
  indx = torch.cuda.LongTensor(self.observed_tasks[:-1]) if self.gpu \
/dcs/21/u2110391/CS407/Machine-Unlearning-x-Continual-Learning/negGem/net.py:204: UserWarning: The torch.cuda.*DtypeTensor constructors are no longer recommended. It's best to use methods such as torch.tensor(data, dtype=*, device='cuda') to create tensors. (Triggered internally at /pytorch/torch/csrc/tensor/python_tensor.cpp:78.)
  indx = torch.cuda.LongTensor(self.observed_tasks[:-1]) if self.gpu \
mv: cannot stat '*.csv': No such file or directory
mv: cannot stat '*.pt': No such file or directory

real	6m34.208s
user	11m48.300s
sys	0m21.268s
/dcs/21/u2110391/CS407/Machine-Unlearning-x-Continual-Learning/negGem/net.py:204: UserWarning: The torch.cuda.*DtypeTensor constructors are no longer recommended. It's best to use methods such as torch.tensor(data, dtype=*, device='cuda') to create tensors. (Triggered internally at /pytorch/torch/csrc/tensor/python_tensor.cpp:78.)
  indx = torch.cuda.LongTensor(self.observed_tasks[:-1]) if self.gpu \
/dcs/21/u2110391/CS407/Machine-Unlearning-x-Continual-Learning/negGem/net.py:204: UserWarning: The torch.cuda.*DtypeTensor constructors are no longer recommended. It's best to use methods such as torch.tensor(data, dtype=*, device='cuda') to create tensors. (Triggered internally at /pytorch/torch/csrc/tensor/python_tensor.cpp:78.)
  indx = torch.cuda.LongTensor(self.observed_tasks[:-1]) if self.gpu \
/dcs/21/u2110391/CS407/Machine-Unlearning-x-Continual-Learning/negGem/net.py:204: UserWarning: The torch.cuda.*DtypeTensor constructors are no longer recommended. It's best to use methods such as torch.tensor(data, dtype=*, device='cuda') to create tensors. (Triggered internally at /pytorch/torch/csrc/tensor/python_tensor.cpp:78.)
  indx = torch.cuda.LongTensor(self.observed_tasks[:-1]) if self.gpu \
mv: cannot stat '*.csv': No such file or directory
mv: cannot stat '*.pt': No such file or directory

real	6m37.358s
user	12m9.443s
sys	0m22.930s
/dcs/21/u2110391/CS407/Machine-Unlearning-x-Continual-Learning/negGem/net.py:204: UserWarning: The torch.cuda.*DtypeTensor constructors are no longer recommended. It's best to use methods such as torch.tensor(data, dtype=*, device='cuda') to create tensors. (Triggered internally at /pytorch/torch/csrc/tensor/python_tensor.cpp:78.)
  indx = torch.cuda.LongTensor(self.observed_tasks[:-1]) if self.gpu \
/dcs/21/u2110391/CS407/Machine-Unlearning-x-Continual-Learning/negGem/net.py:204: UserWarning: The torch.cuda.*DtypeTensor constructors are no longer recommended. It's best to use methods such as torch.tensor(data, dtype=*, device='cuda') to create tensors. (Triggered internally at /pytorch/torch/csrc/tensor/python_tensor.cpp:78.)
  indx = torch.cuda.LongTensor(self.observed_tasks[:-1]) if self.gpu \
/dcs/21/u2110391/CS407/Machine-Unlearning-x-Continual-Learning/negGem/net.py:204: UserWarning: The torch.cuda.*DtypeTensor constructors are no longer recommended. It's best to use methods such as torch.tensor(data, dtype=*, device='cuda') to create tensors. (Triggered internally at /pytorch/torch/csrc/tensor/python_tensor.cpp:78.)
  indx = torch.cuda.LongTensor(self.observed_tasks[:-1]) if self.gpu \
mv: cannot stat '*.csv': No such file or directory
mv: cannot stat '*.pt': No such file or directory

real	6m33.036s
user	11m41.479s
sys	0m22.409s
/dcs/21/u2110391/CS407/Machine-Unlearning-x-Continual-Learning/negGem/net.py:204: UserWarning: The torch.cuda.*DtypeTensor constructors are no longer recommended. It's best to use methods such as torch.tensor(data, dtype=*, device='cuda') to create tensors. (Triggered internally at /pytorch/torch/csrc/tensor/python_tensor.cpp:78.)
  indx = torch.cuda.LongTensor(self.observed_tasks[:-1]) if self.gpu \
/dcs/21/u2110391/CS407/Machine-Unlearning-x-Continual-Learning/negGem/net.py:204: UserWarning: The torch.cuda.*DtypeTensor constructors are no longer recommended. It's best to use methods such as torch.tensor(data, dtype=*, device='cuda') to create tensors. (Triggered internally at /pytorch/torch/csrc/tensor/python_tensor.cpp:78.)
  indx = torch.cuda.LongTensor(self.observed_tasks[:-1]) if self.gpu \
/dcs/21/u2110391/CS407/Machine-Unlearning-x-Continual-Learning/negGem/net.py:204: UserWarning: The torch.cuda.*DtypeTensor constructors are no longer recommended. It's best to use methods such as torch.tensor(data, dtype=*, device='cuda') to create tensors. (Triggered internally at /pytorch/torch/csrc/tensor/python_tensor.cpp:78.)
  indx = torch.cuda.LongTensor(self.observed_tasks[:-1]) if self.gpu \
mv: cannot stat '*.csv': No such file or directory
mv: cannot stat '*.pt': No such file or directory

real	7m2.387s
user	13m47.529s
sys	0m28.495s
/dcs/21/u2110391/CS407/Machine-Unlearning-x-Continual-Learning/negGem/net.py:204: UserWarning: The torch.cuda.*DtypeTensor constructors are no longer recommended. It's best to use methods such as torch.tensor(data, dtype=*, device='cuda') to create tensors. (Triggered internally at /pytorch/torch/csrc/tensor/python_tensor.cpp:78.)
  indx = torch.cuda.LongTensor(self.observed_tasks[:-1]) if self.gpu \
/dcs/21/u2110391/CS407/Machine-Unlearning-x-Continual-Learning/negGem/net.py:204: UserWarning: The torch.cuda.*DtypeTensor constructors are no longer recommended. It's best to use methods such as torch.tensor(data, dtype=*, device='cuda') to create tensors. (Triggered internally at /pytorch/torch/csrc/tensor/python_tensor.cpp:78.)
  indx = torch.cuda.LongTensor(self.observed_tasks[:-1]) if self.gpu \
/dcs/21/u2110391/CS407/Machine-Unlearning-x-Continual-Learning/negGem/net.py:204: UserWarning: The torch.cuda.*DtypeTensor constructors are no longer recommended. It's best to use methods such as torch.tensor(data, dtype=*, device='cuda') to create tensors. (Triggered internally at /pytorch/torch/csrc/tensor/python_tensor.cpp:78.)
  indx = torch.cuda.LongTensor(self.observed_tasks[:-1]) if self.gpu \
mv: cannot stat '*.csv': No such file or directory
mv: cannot stat '*.pt': No such file or directory

real	12m17.281s
user	16m0.565s
sys	1m57.937s

real	0m1.260s
user	0m1.209s
sys	0m0.102s
