/dcs/21/u2110391/CS407/Machine-Unlearning-x-Continual-Learning/negGem/net.py:204: UserWarning: The torch.cuda.*DtypeTensor constructors are no longer recommended. It's best to use methods such as torch.tensor(data, dtype=*, device='cuda') to create tensors. (Triggered internally at /pytorch/torch/csrc/tensor/python_tensor.cpp:78.)
  indx = torch.cuda.LongTensor(self.observed_tasks[:-1]) if self.gpu \
mv: cannot stat '*.csv': No such file or directory
mv: cannot stat '*.pt': No such file or directory

real	1m45.227s
user	3m29.283s
sys	0m4.008s
/dcs/21/u2110391/CS407/Machine-Unlearning-x-Continual-Learning/negGem/net.py:204: UserWarning: The torch.cuda.*DtypeTensor constructors are no longer recommended. It's best to use methods such as torch.tensor(data, dtype=*, device='cuda') to create tensors. (Triggered internally at /pytorch/torch/csrc/tensor/python_tensor.cpp:78.)
  indx = torch.cuda.LongTensor(self.observed_tasks[:-1]) if self.gpu \
mv: cannot stat '*.csv': No such file or directory
mv: cannot stat '*.pt': No such file or directory

real	1m38.300s
user	3m5.491s
sys	0m3.752s
/dcs/21/u2110391/CS407/Machine-Unlearning-x-Continual-Learning/negGem/net.py:204: UserWarning: The torch.cuda.*DtypeTensor constructors are no longer recommended. It's best to use methods such as torch.tensor(data, dtype=*, device='cuda') to create tensors. (Triggered internally at /pytorch/torch/csrc/tensor/python_tensor.cpp:78.)
  indx = torch.cuda.LongTensor(self.observed_tasks[:-1]) if self.gpu \
mv: cannot stat '*.csv': No such file or directory
mv: cannot stat '*.pt': No such file or directory

real	1m40.313s
user	3m16.605s
sys	0m4.233s
/dcs/21/u2110391/CS407/Machine-Unlearning-x-Continual-Learning/negGem/net.py:204: UserWarning: The torch.cuda.*DtypeTensor constructors are no longer recommended. It's best to use methods such as torch.tensor(data, dtype=*, device='cuda') to create tensors. (Triggered internally at /pytorch/torch/csrc/tensor/python_tensor.cpp:78.)
  indx = torch.cuda.LongTensor(self.observed_tasks[:-1]) if self.gpu \
mv: cannot stat '*.csv': No such file or directory
mv: cannot stat '*.pt': No such file or directory

real	1m41.337s
user	3m9.812s
sys	0m3.257s
/dcs/21/u2110391/CS407/Machine-Unlearning-x-Continual-Learning/negGem/net.py:204: UserWarning: The torch.cuda.*DtypeTensor constructors are no longer recommended. It's best to use methods such as torch.tensor(data, dtype=*, device='cuda') to create tensors. (Triggered internally at /pytorch/torch/csrc/tensor/python_tensor.cpp:78.)
  indx = torch.cuda.LongTensor(self.observed_tasks[:-1]) if self.gpu \
mv: cannot stat '*.csv': No such file or directory
mv: cannot stat '*.pt': No such file or directory

real	1m43.400s
user	3m29.453s
sys	0m3.884s
/dcs/21/u2110391/CS407/Machine-Unlearning-x-Continual-Learning/negGem/net.py:204: UserWarning: The torch.cuda.*DtypeTensor constructors are no longer recommended. It's best to use methods such as torch.tensor(data, dtype=*, device='cuda') to create tensors. (Triggered internally at /pytorch/torch/csrc/tensor/python_tensor.cpp:78.)
  indx = torch.cuda.LongTensor(self.observed_tasks[:-1]) if self.gpu \
slurmstepd: error: *** JOB 1148148 ON eagle-04 CANCELLED AT 2025-04-21T00:29:29 ***
