/dcs/21/u2110391/CS407/Machine-Unlearning-x-Continual-Learning/negGem/net.py:204: UserWarning: The torch.cuda.*DtypeTensor constructors are no longer recommended. It's best to use methods such as torch.tensor(data, dtype=*, device='cuda') to create tensors. (Triggered internally at /pytorch/torch/csrc/tensor/python_tensor.cpp:78.)
  indx = torch.cuda.LongTensor(self.observed_tasks[:-1]) if self.gpu \
/dcs/21/u2110391/CS407/Machine-Unlearning-x-Continual-Learning/negGem/net.py:204: UserWarning: The torch.cuda.*DtypeTensor constructors are no longer recommended. It's best to use methods such as torch.tensor(data, dtype=*, device='cuda') to create tensors. (Triggered internally at /pytorch/torch/csrc/tensor/python_tensor.cpp:78.)
  indx = torch.cuda.LongTensor(self.observed_tasks[:-1]) if self.gpu \
/dcs/21/u2110391/CS407/Machine-Unlearning-x-Continual-Learning/negGem/net.py:204: UserWarning: The torch.cuda.*DtypeTensor constructors are no longer recommended. It's best to use methods such as torch.tensor(data, dtype=*, device='cuda') to create tensors. (Triggered internally at /pytorch/torch/csrc/tensor/python_tensor.cpp:78.)
  indx = torch.cuda.LongTensor(self.observed_tasks[:-1]) if self.gpu \
mv: cannot stat '*.csv': No such file or directory
mv: cannot stat '*.pt': No such file or directory

real	39m10.635s
user	90m41.527s
sys	6m41.000s
/dcs/21/u2110391/CS407/Machine-Unlearning-x-Continual-Learning/negGem/net.py:204: UserWarning: The torch.cuda.*DtypeTensor constructors are no longer recommended. It's best to use methods such as torch.tensor(data, dtype=*, device='cuda') to create tensors. (Triggered internally at /pytorch/torch/csrc/tensor/python_tensor.cpp:78.)
  indx = torch.cuda.LongTensor(self.observed_tasks[:-1]) if self.gpu \
/dcs/21/u2110391/CS407/Machine-Unlearning-x-Continual-Learning/negGem/net.py:204: UserWarning: The torch.cuda.*DtypeTensor constructors are no longer recommended. It's best to use methods such as torch.tensor(data, dtype=*, device='cuda') to create tensors. (Triggered internally at /pytorch/torch/csrc/tensor/python_tensor.cpp:78.)
  indx = torch.cuda.LongTensor(self.observed_tasks[:-1]) if self.gpu \
/dcs/21/u2110391/CS407/Machine-Unlearning-x-Continual-Learning/negGem/net.py:204: UserWarning: The torch.cuda.*DtypeTensor constructors are no longer recommended. It's best to use methods such as torch.tensor(data, dtype=*, device='cuda') to create tensors. (Triggered internally at /pytorch/torch/csrc/tensor/python_tensor.cpp:78.)
  indx = torch.cuda.LongTensor(self.observed_tasks[:-1]) if self.gpu \
mv: cannot stat '*.csv': No such file or directory
mv: cannot stat '*.pt': No such file or directory

real	39m37.908s
user	86m40.936s
sys	6m48.620s

real	0m1.034s
user	0m1.115s
sys	0m0.084s
mv: cannot move './Results_Learn-least-0.2_Unlearn-most-0.99_Algo-neggem' to './MIA5/Results_Learn-least-0.2_Unlearn-most-0.99_Algo-neggem': Directory not empty
mv: cannot move './Results_Learn-least-0.2_Unlearn-most-0.99_Algo-neggrad' to './MIA5/Results_Learn-least-0.2_Unlearn-most-0.99_Algo-neggrad': Directory not empty
