Requirement already satisfied: pyyaml in /usr/lib64/python3.12/site-packages (6.0.1)
Requirement already satisfied: setuptools in /usr/lib/python3.12/site-packages (68.2.2)
Requirement already satisfied: matplotlib in /dcs/21/u2145461/.local/lib/python3.12/site-packages (3.10.1)
Requirement already satisfied: contourpy>=1.0.1 in /dcs/21/u2145461/.local/lib/python3.12/site-packages (from matplotlib) (1.3.1)
Requirement already satisfied: cycler>=0.10 in /dcs/21/u2145461/.local/lib/python3.12/site-packages (from matplotlib) (0.12.1)
Requirement already satisfied: fonttools>=4.22.0 in /dcs/21/u2145461/.local/lib/python3.12/site-packages (from matplotlib) (4.56.0)
Requirement already satisfied: kiwisolver>=1.3.1 in /dcs/21/u2145461/.local/lib/python3.12/site-packages (from matplotlib) (1.4.8)
Requirement already satisfied: numpy>=1.23 in /dcs/21/u2145461/.local/lib/python3.12/site-packages (from matplotlib) (2.2.3)
Requirement already satisfied: packaging>=20.0 in /dcs/21/u2145461/.local/lib/python3.12/site-packages (from matplotlib) (24.2)
Requirement already satisfied: pillow>=8 in /dcs/21/u2145461/.local/lib/python3.12/site-packages (from matplotlib) (11.0.0)
Requirement already satisfied: pyparsing>=2.3.1 in /dcs/21/u2145461/.local/lib/python3.12/site-packages (from matplotlib) (3.2.1)
Requirement already satisfied: python-dateutil>=2.7 in /dcs/21/u2145461/.local/lib/python3.12/site-packages (from matplotlib) (2.9.0.post0)
Requirement already satisfied: six>=1.5 in /dcs/21/u2145461/.local/lib/python3.12/site-packages (from python-dateutil>=2.7->matplotlib) (1.17.0)
Requirement already satisfied: quadprog in /dcs/21/u2145461/.local/lib/python3.12/site-packages (0.1.13)
Requirement already satisfied: numpy in /dcs/21/u2145461/.local/lib/python3.12/site-packages (from quadprog) (2.2.3)
Requirement already satisfied: pyparsing in /dcs/21/u2145461/.local/lib/python3.12/site-packages (3.2.1)
Requirement already satisfied: pandas in /dcs/21/u2145461/.local/lib/python3.12/site-packages (2.2.3)
Requirement already satisfied: numpy>=1.26.0 in /dcs/21/u2145461/.local/lib/python3.12/site-packages (from pandas) (2.2.3)
Requirement already satisfied: python-dateutil>=2.8.2 in /dcs/21/u2145461/.local/lib/python3.12/site-packages (from pandas) (2.9.0.post0)
Requirement already satisfied: pytz>=2020.1 in /dcs/21/u2145461/.local/lib/python3.12/site-packages (from pandas) (2025.1)
Requirement already satisfied: tzdata>=2022.7 in /dcs/21/u2145461/.local/lib/python3.12/site-packages (from pandas) (2025.1)
Requirement already satisfied: six>=1.5 in /dcs/21/u2145461/.local/lib/python3.12/site-packages (from python-dateutil>=2.8.2->pandas) (1.17.0)
Requirement already satisfied: numpy in /dcs/21/u2145461/.local/lib/python3.12/site-packages (2.2.3)
Fri Apr  4 20:06:33 2025       
+-----------------------------------------------------------------------------------------+
| NVIDIA-SMI 550.144.03             Driver Version: 550.144.03     CUDA Version: 12.4     |
|-----------------------------------------+------------------------+----------------------+
| GPU  Name                 Persistence-M | Bus-Id          Disp.A | Volatile Uncorr. ECC |
| Fan  Temp   Perf          Pwr:Usage/Cap |           Memory-Usage | GPU-Util  Compute M. |
|                                         |                        |               MIG M. |
|=========================================+========================+======================|
|   0  NVIDIA A10                     On  |   00000000:E1:00.0 Off |                    0 |
|  0%   26C    P8             15W /  150W |       1MiB /  23028MiB |      0%      Default |
|                                         |                        |                  N/A |
+-----------------------------------------+------------------------+----------------------+
                                                                                         
+-----------------------------------------------------------------------------------------+
| Processes:                                                                              |
|  GPU   GI   CI        PID   Type   Process name                              GPU Memory |
|        ID   ID                                                               Usage      |
|=========================================================================================|
|  No running processes found                                                             |
+-----------------------------------------------------------------------------------------+
Python 3.12.8
./cifar-100-python/train
./cifar-100-python/test
Unlearn Batch Size:  16
Unlearn MEM Strength:  0.6
cifar-100-python/train
cifar-100-python/test
new ordering of classes:  ['dinosaur', 'rabbit', 'poppies', 'streetcar', 'squirrel', 'motorcycle', 'wolf', 'mouse', 'apples', 'porcupine', 'castle', 'willow', 'bus', 'snail', 'crab', 'boy', 'aquarium fish', 'tulips', 'crocodile', 'camel', 'train', 'house', 'girl', 'shrew', 'lizard', 'ray', 'sea', 'wardrobe', 'skunk', 'whale', 'elephant', 'maple', 'butterfly', 'tiger', 'beaver', 'television', 'bear', 'lamp', 'oak', 'lawn-mower', 'table', 'forest', 'caterpillar', 'baby', 'beetle', 'cups', 'tractor', 'possum', 'bottles', 'telephone', 'pears', 'bowls', 'sunflowers', 'oranges', 'clock', 'plates', 'rocket', 'tank', 'leopard', 'pickup truck', 'kangaroo', 'bed', 'bee', 'road', 'trout', 'bridge', 'lobster', 'sweet peppers', 'cockroach', 'chimpanzee', 'woman', 'raccoon', 'lion', 'plain', 'mushrooms', 'seal', 'couch', 'bicycle', 'pine', 'dolphin', 'turtle', 'fox', 'hamster', 'cans', 'spider', 'palm', 'flatfish', 'snake', 'man', 'worm', 'shark', 'otter', 'cattle', 'orchids', 'cloud', 'skyscraper', 'roses', 'chair', 'mountain', 'computer keyboard']
Training task:  1
[0.508, 0.082, 0.196, 0.186, 0.132, 0.128, 0.182, 0.208, 0.198, 0.13, 0.084, 0.26, 0.194, 0.15, 0.176, 0.182, 0.214, 0.2, 0.346, 0.078]
Training task:  2
[0.562, 0.52, 0.238, 0.25, 0.2, 0.102, 0.154, 0.136, 0.232, 0.194, 0.298, 0.184, 0.292, 0.214, 0.262, 0.19, 0.228, 0.2, 0.262, 0.09]
Training task:  3
[0.648, 0.544, 0.51, 0.22, 0.174, 0.128, 0.186, 0.136, 0.214, 0.188, 0.236, 0.242, 0.182, 0.202, 0.172, 0.174, 0.264, 0.2, 0.27, 0.142]
Training task:  4
[0.6, 0.584, 0.554, 0.498, 0.174, 0.148, 0.17, 0.184, 0.194, 0.172, 0.14, 0.266, 0.198, 0.16, 0.12, 0.212, 0.264, 0.194, 0.256, 0.116]
Training task:  5
[0.648, 0.336, 0.532, 0.49, 0.386, 0.19, 0.2, 0.14, 0.184, 0.118, 0.246, 0.166, 0.136, 0.124, 0.13, 0.146, 0.24, 0.2, 0.26, 0.154]
Training task:  6
[0.598, 0.502, 0.562, 0.506, 0.476, 0.59, 0.206, 0.19, 0.162, 0.156, 0.154, 0.304, 0.108, 0.216, 0.118, 0.182, 0.23, 0.2, 0.218, 0.144]
Training task:  7
[0.644, 0.574, 0.578, 0.5, 0.452, 0.652, 0.53, 0.194, 0.254, 0.164, 0.26, 0.292, 0.124, 0.284, 0.138, 0.184, 0.198, 0.198, 0.25, 0.246]
Training task:  8
[0.594, 0.554, 0.586, 0.502, 0.456, 0.566, 0.534, 0.614, 0.194, 0.166, 0.176, 0.286, 0.11, 0.232, 0.1, 0.224, 0.214, 0.214, 0.258, 0.192]
Training task:  9
[0.626, 0.558, 0.57, 0.54, 0.43, 0.624, 0.45, 0.578, 0.366, 0.138, 0.148, 0.192, 0.144, 0.192, 0.162, 0.214, 0.17, 0.198, 0.25, 0.188]
Training task:  10
[0.654, 0.554, 0.564, 0.516, 0.472, 0.588, 0.47, 0.604, 0.468, 0.548, 0.244, 0.274, 0.084, 0.256, 0.118, 0.196, 0.184, 0.204, 0.234, 0.1]
Training task:  11
[0.652, 0.584, 0.586, 0.56, 0.482, 0.654, 0.492, 0.616, 0.468, 0.526, 0.512, 0.218, 0.112, 0.262, 0.162, 0.16, 0.174, 0.206, 0.284, 0.14]
Training task:  12
[0.656, 0.612, 0.626, 0.52, 0.51, 0.664, 0.56, 0.66, 0.53, 0.582, 0.458, 0.62, 0.166, 0.248, 0.128, 0.19, 0.174, 0.214, 0.248, 0.12]
Training task:  13
[0.648, 0.57, 0.65, 0.504, 0.478, 0.616, 0.55, 0.642, 0.51, 0.546, 0.44, 0.64, 0.664, 0.234, 0.162, 0.192, 0.174, 0.22, 0.302, 0.12]
Training task:  14
[0.678, 0.646, 0.616, 0.52, 0.52, 0.692, 0.516, 0.69, 0.532, 0.608, 0.394, 0.64, 0.614, 0.75, 0.166, 0.19, 0.2, 0.2, 0.226, 0.096]
Training task:  15
[0.69, 0.638, 0.538, 0.552, 0.552, 0.704, 0.566, 0.638, 0.494, 0.54, 0.448, 0.582, 0.612, 0.722, 0.732, 0.23, 0.188, 0.21, 0.176, 0.106]
Training task:  16
[0.632, 0.594, 0.668, 0.48, 0.534, 0.646, 0.52, 0.69, 0.524, 0.57, 0.42, 0.586, 0.616, 0.692, 0.634, 0.52, 0.216, 0.196, 0.184, 0.152]
Training task:  17
[0.63, 0.562, 0.588, 0.434, 0.398, 0.614, 0.436, 0.586, 0.356, 0.55, 0.404, 0.566, 0.522, 0.584, 0.494, 0.408, 0.448, 0.208, 0.244, 0.236]
Training task:  18
[0.684, 0.586, 0.596, 0.46, 0.536, 0.722, 0.586, 0.672, 0.508, 0.552, 0.42, 0.594, 0.67, 0.672, 0.642, 0.508, 0.58, 0.59, 0.204, 0.186]
Training task:  19
[0.744, 0.632, 0.6, 0.516, 0.548, 0.726, 0.552, 0.656, 0.526, 0.564, 0.472, 0.636, 0.628, 0.704, 0.674, 0.504, 0.588, 0.61, 0.586, 0.184]
Training task:  20
[0.664, 0.62, 0.636, 0.616, 0.522, 0.732, 0.566, 0.674, 0.496, 0.588, 0.464, 0.606, 0.632, 0.77, 0.658, 0.462, 0.622, 0.628, 0.608, 0.69]
Unlearning task:  20
Total correct retain:  1657  Total retain:  2500
Total correct forget:  30156  Total forget:  47500
Total correct test:  332  Total test:  500
Total correct forget test:  5795  Total test forget:  9500
[0.664]
[0.664, 0.62]
[0.664, 0.62, 0.636]
[0.664, 0.62, 0.636, 0.616]
[0.664, 0.62, 0.636, 0.616, 0.522]
[0.664, 0.62, 0.636, 0.616, 0.522, 0.732]
[0.664, 0.62, 0.636, 0.616, 0.522, 0.732, 0.566]
[0.664, 0.62, 0.636, 0.616, 0.522, 0.732, 0.566, 0.674]
[0.664, 0.62, 0.636, 0.616, 0.522, 0.732, 0.566, 0.674, 0.496]
[0.664, 0.62, 0.636, 0.616, 0.522, 0.732, 0.566, 0.674, 0.496, 0.588]
[0.664, 0.62, 0.636, 0.616, 0.522, 0.732, 0.566, 0.674, 0.496, 0.588, 0.464]
[0.664, 0.62, 0.636, 0.616, 0.522, 0.732, 0.566, 0.674, 0.496, 0.588, 0.464, 0.606]
[0.664, 0.62, 0.636, 0.616, 0.522, 0.732, 0.566, 0.674, 0.496, 0.588, 0.464, 0.606, 0.632]
[0.664, 0.62, 0.636, 0.616, 0.522, 0.732, 0.566, 0.674, 0.496, 0.588, 0.464, 0.606, 0.632, 0.77]
[0.664, 0.62, 0.636, 0.616, 0.522, 0.732, 0.566, 0.674, 0.496, 0.588, 0.464, 0.606, 0.632, 0.77, 0.658]
[0.664, 0.62, 0.636, 0.616, 0.522, 0.732, 0.566, 0.674, 0.496, 0.588, 0.464, 0.606, 0.632, 0.77, 0.658, 0.462]
[0.664, 0.62, 0.636, 0.616, 0.522, 0.732, 0.566, 0.674, 0.496, 0.588, 0.464, 0.606, 0.632, 0.77, 0.658, 0.462, 0.622]
[0.664, 0.62, 0.636, 0.616, 0.522, 0.732, 0.566, 0.674, 0.496, 0.588, 0.464, 0.606, 0.632, 0.77, 0.658, 0.462, 0.622, 0.628]
[0.664, 0.62, 0.636, 0.616, 0.522, 0.732, 0.566, 0.674, 0.496, 0.588, 0.464, 0.606, 0.632, 0.77, 0.658, 0.462, 0.622, 0.628, 0.608]
[0.664, 0.62, 0.636, 0.616, 0.522, 0.732, 0.566, 0.674, 0.496, 0.588, 0.464, 0.606, 0.632, 0.77, 0.658, 0.462, 0.622, 0.628, 0.608, 0.69]
Total correct retain:  1649  Total retain:  2500
Total correct forget:  30335  Total forget:  47500
Total correct test:  331  Total test:  500
Total correct forget test:  5792  Total test forget:  9500
[0.662]
[0.662, 0.62]
[0.662, 0.62, 0.636]
[0.662, 0.62, 0.636, 0.602]
[0.662, 0.62, 0.636, 0.602, 0.522]
[0.662, 0.62, 0.636, 0.602, 0.522, 0.734]
[0.662, 0.62, 0.636, 0.602, 0.522, 0.734, 0.574]
[0.662, 0.62, 0.636, 0.602, 0.522, 0.734, 0.574, 0.668]
[0.662, 0.62, 0.636, 0.602, 0.522, 0.734, 0.574, 0.668, 0.51]
[0.662, 0.62, 0.636, 0.602, 0.522, 0.734, 0.574, 0.668, 0.51, 0.586]
[0.662, 0.62, 0.636, 0.602, 0.522, 0.734, 0.574, 0.668, 0.51, 0.586, 0.464]
[0.662, 0.62, 0.636, 0.602, 0.522, 0.734, 0.574, 0.668, 0.51, 0.586, 0.464, 0.61]
[0.662, 0.62, 0.636, 0.602, 0.522, 0.734, 0.574, 0.668, 0.51, 0.586, 0.464, 0.61, 0.636]
[0.662, 0.62, 0.636, 0.602, 0.522, 0.734, 0.574, 0.668, 0.51, 0.586, 0.464, 0.61, 0.636, 0.758]
[0.662, 0.62, 0.636, 0.602, 0.522, 0.734, 0.574, 0.668, 0.51, 0.586, 0.464, 0.61, 0.636, 0.758, 0.64]
[0.662, 0.62, 0.636, 0.602, 0.522, 0.734, 0.574, 0.668, 0.51, 0.586, 0.464, 0.61, 0.636, 0.758, 0.64, 0.48]
[0.662, 0.62, 0.636, 0.602, 0.522, 0.734, 0.574, 0.668, 0.51, 0.586, 0.464, 0.61, 0.636, 0.758, 0.64, 0.48, 0.618]
[0.662, 0.62, 0.636, 0.602, 0.522, 0.734, 0.574, 0.668, 0.51, 0.586, 0.464, 0.61, 0.636, 0.758, 0.64, 0.48, 0.618, 0.632]
[0.662, 0.62, 0.636, 0.602, 0.522, 0.734, 0.574, 0.668, 0.51, 0.586, 0.464, 0.61, 0.636, 0.758, 0.64, 0.48, 0.618, 0.632, 0.616]
[0.662, 0.62, 0.636, 0.602, 0.522, 0.734, 0.574, 0.668, 0.51, 0.586, 0.464, 0.61, 0.636, 0.758, 0.64, 0.48, 0.618, 0.632, 0.616, 0.678]
Total correct retain:  1630  Total retain:  2500
Total correct forget:  30353  Total forget:  47500
Total correct test:  325  Total test:  500
Total correct forget test:  5801  Total test forget:  9500
[0.65]
[0.65, 0.63]
[0.65, 0.63, 0.646]
[0.65, 0.63, 0.646, 0.596]
[0.65, 0.63, 0.646, 0.596, 0.534]
[0.65, 0.63, 0.646, 0.596, 0.534, 0.734]
[0.65, 0.63, 0.646, 0.596, 0.534, 0.734, 0.574]
[0.65, 0.63, 0.646, 0.596, 0.534, 0.734, 0.574, 0.666]
[0.65, 0.63, 0.646, 0.596, 0.534, 0.734, 0.574, 0.666, 0.516]
[0.65, 0.63, 0.646, 0.596, 0.534, 0.734, 0.574, 0.666, 0.516, 0.586]
[0.65, 0.63, 0.646, 0.596, 0.534, 0.734, 0.574, 0.666, 0.516, 0.586, 0.45]
[0.65, 0.63, 0.646, 0.596, 0.534, 0.734, 0.574, 0.666, 0.516, 0.586, 0.45, 0.606]
[0.65, 0.63, 0.646, 0.596, 0.534, 0.734, 0.574, 0.666, 0.516, 0.586, 0.45, 0.606, 0.642]
[0.65, 0.63, 0.646, 0.596, 0.534, 0.734, 0.574, 0.666, 0.516, 0.586, 0.45, 0.606, 0.642, 0.75]
[0.65, 0.63, 0.646, 0.596, 0.534, 0.734, 0.574, 0.666, 0.516, 0.586, 0.45, 0.606, 0.642, 0.75, 0.65]
[0.65, 0.63, 0.646, 0.596, 0.534, 0.734, 0.574, 0.666, 0.516, 0.586, 0.45, 0.606, 0.642, 0.75, 0.65, 0.486]
[0.65, 0.63, 0.646, 0.596, 0.534, 0.734, 0.574, 0.666, 0.516, 0.586, 0.45, 0.606, 0.642, 0.75, 0.65, 0.486, 0.62]
[0.65, 0.63, 0.646, 0.596, 0.534, 0.734, 0.574, 0.666, 0.516, 0.586, 0.45, 0.606, 0.642, 0.75, 0.65, 0.486, 0.62, 0.632]
[0.65, 0.63, 0.646, 0.596, 0.534, 0.734, 0.574, 0.666, 0.516, 0.586, 0.45, 0.606, 0.642, 0.75, 0.65, 0.486, 0.62, 0.632, 0.614]
[0.65, 0.63, 0.646, 0.596, 0.534, 0.734, 0.574, 0.666, 0.516, 0.586, 0.45, 0.606, 0.642, 0.75, 0.65, 0.486, 0.62, 0.632, 0.614, 0.67]
Total correct retain:  1570  Total retain:  2500
Total correct forget:  30158  Total forget:  47500
Total correct test:  309  Total test:  500
Total correct forget test:  5763  Total test forget:  9500
[0.618]
[0.618, 0.622]
[0.618, 0.622, 0.64]
[0.618, 0.622, 0.64, 0.604]
[0.618, 0.622, 0.64, 0.604, 0.536]
[0.618, 0.622, 0.64, 0.604, 0.536, 0.718]
[0.618, 0.622, 0.64, 0.604, 0.536, 0.718, 0.566]
[0.618, 0.622, 0.64, 0.604, 0.536, 0.718, 0.566, 0.668]
[0.618, 0.622, 0.64, 0.604, 0.536, 0.718, 0.566, 0.668, 0.524]
[0.618, 0.622, 0.64, 0.604, 0.536, 0.718, 0.566, 0.668, 0.524, 0.586]
[0.618, 0.622, 0.64, 0.604, 0.536, 0.718, 0.566, 0.668, 0.524, 0.586, 0.456]
[0.618, 0.622, 0.64, 0.604, 0.536, 0.718, 0.566, 0.668, 0.524, 0.586, 0.456, 0.596]
[0.618, 0.622, 0.64, 0.604, 0.536, 0.718, 0.566, 0.668, 0.524, 0.586, 0.456, 0.596, 0.638]
[0.618, 0.622, 0.64, 0.604, 0.536, 0.718, 0.566, 0.668, 0.524, 0.586, 0.456, 0.596, 0.638, 0.754]
[0.618, 0.622, 0.64, 0.604, 0.536, 0.718, 0.566, 0.668, 0.524, 0.586, 0.456, 0.596, 0.638, 0.754, 0.642]
[0.618, 0.622, 0.64, 0.604, 0.536, 0.718, 0.566, 0.668, 0.524, 0.586, 0.456, 0.596, 0.638, 0.754, 0.642, 0.474]
[0.618, 0.622, 0.64, 0.604, 0.536, 0.718, 0.566, 0.668, 0.524, 0.586, 0.456, 0.596, 0.638, 0.754, 0.642, 0.474, 0.624]
[0.618, 0.622, 0.64, 0.604, 0.536, 0.718, 0.566, 0.668, 0.524, 0.586, 0.456, 0.596, 0.638, 0.754, 0.642, 0.474, 0.624, 0.614]
[0.618, 0.622, 0.64, 0.604, 0.536, 0.718, 0.566, 0.668, 0.524, 0.586, 0.456, 0.596, 0.638, 0.754, 0.642, 0.474, 0.624, 0.614, 0.598]
[0.618, 0.622, 0.64, 0.604, 0.536, 0.718, 0.566, 0.668, 0.524, 0.586, 0.456, 0.596, 0.638, 0.754, 0.642, 0.474, 0.624, 0.614, 0.598, 0.666]
Total correct retain:  1568  Total retain:  2500
Total correct forget:  30095  Total forget:  47500
Total correct test:  304  Total test:  500
Total correct forget test:  5777  Total test forget:  9500
[0.608]
[0.608, 0.618]
[0.608, 0.618, 0.652]
[0.608, 0.618, 0.652, 0.61]
[0.608, 0.618, 0.652, 0.61, 0.538]
[0.608, 0.618, 0.652, 0.61, 0.538, 0.72]
[0.608, 0.618, 0.652, 0.61, 0.538, 0.72, 0.568]
[0.608, 0.618, 0.652, 0.61, 0.538, 0.72, 0.568, 0.666]
[0.608, 0.618, 0.652, 0.61, 0.538, 0.72, 0.568, 0.666, 0.524]
[0.608, 0.618, 0.652, 0.61, 0.538, 0.72, 0.568, 0.666, 0.524, 0.588]
[0.608, 0.618, 0.652, 0.61, 0.538, 0.72, 0.568, 0.666, 0.524, 0.588, 0.46]
[0.608, 0.618, 0.652, 0.61, 0.538, 0.72, 0.568, 0.666, 0.524, 0.588, 0.46, 0.596]
[0.608, 0.618, 0.652, 0.61, 0.538, 0.72, 0.568, 0.666, 0.524, 0.588, 0.46, 0.596, 0.638]
[0.608, 0.618, 0.652, 0.61, 0.538, 0.72, 0.568, 0.666, 0.524, 0.588, 0.46, 0.596, 0.638, 0.756]
[0.608, 0.618, 0.652, 0.61, 0.538, 0.72, 0.568, 0.666, 0.524, 0.588, 0.46, 0.596, 0.638, 0.756, 0.642]
[0.608, 0.618, 0.652, 0.61, 0.538, 0.72, 0.568, 0.666, 0.524, 0.588, 0.46, 0.596, 0.638, 0.756, 0.642, 0.478]
[0.608, 0.618, 0.652, 0.61, 0.538, 0.72, 0.568, 0.666, 0.524, 0.588, 0.46, 0.596, 0.638, 0.756, 0.642, 0.478, 0.624]
[0.608, 0.618, 0.652, 0.61, 0.538, 0.72, 0.568, 0.666, 0.524, 0.588, 0.46, 0.596, 0.638, 0.756, 0.642, 0.478, 0.624, 0.612]
[0.608, 0.618, 0.652, 0.61, 0.538, 0.72, 0.568, 0.666, 0.524, 0.588, 0.46, 0.596, 0.638, 0.756, 0.642, 0.478, 0.624, 0.612, 0.596]
[0.608, 0.618, 0.652, 0.61, 0.538, 0.72, 0.568, 0.666, 0.524, 0.588, 0.46, 0.596, 0.638, 0.756, 0.642, 0.478, 0.624, 0.612, 0.596, 0.668]
Total correct retain:  1559  Total retain:  2500
Total correct forget:  30112  Total forget:  47500
Total correct test:  304  Total test:  500
Total correct forget test:  5758  Total test forget:  9500
[0.608]
[0.608, 0.61]
[0.608, 0.61, 0.644]
[0.608, 0.61, 0.644, 0.612]
[0.608, 0.61, 0.644, 0.612, 0.544]
[0.608, 0.61, 0.644, 0.612, 0.544, 0.716]
[0.608, 0.61, 0.644, 0.612, 0.544, 0.716, 0.56]
[0.608, 0.61, 0.644, 0.612, 0.544, 0.716, 0.56, 0.668]
[0.608, 0.61, 0.644, 0.612, 0.544, 0.716, 0.56, 0.668, 0.516]
[0.608, 0.61, 0.644, 0.612, 0.544, 0.716, 0.56, 0.668, 0.516, 0.582]
[0.608, 0.61, 0.644, 0.612, 0.544, 0.716, 0.56, 0.668, 0.516, 0.582, 0.462]
[0.608, 0.61, 0.644, 0.612, 0.544, 0.716, 0.56, 0.668, 0.516, 0.582, 0.462, 0.592]
[0.608, 0.61, 0.644, 0.612, 0.544, 0.716, 0.56, 0.668, 0.516, 0.582, 0.462, 0.592, 0.638]
[0.608, 0.61, 0.644, 0.612, 0.544, 0.716, 0.56, 0.668, 0.516, 0.582, 0.462, 0.592, 0.638, 0.758]
[0.608, 0.61, 0.644, 0.612, 0.544, 0.716, 0.56, 0.668, 0.516, 0.582, 0.462, 0.592, 0.638, 0.758, 0.64]
[0.608, 0.61, 0.644, 0.612, 0.544, 0.716, 0.56, 0.668, 0.516, 0.582, 0.462, 0.592, 0.638, 0.758, 0.64, 0.482]
[0.608, 0.61, 0.644, 0.612, 0.544, 0.716, 0.56, 0.668, 0.516, 0.582, 0.462, 0.592, 0.638, 0.758, 0.64, 0.482, 0.626]
[0.608, 0.61, 0.644, 0.612, 0.544, 0.716, 0.56, 0.668, 0.516, 0.582, 0.462, 0.592, 0.638, 0.758, 0.64, 0.482, 0.626, 0.61]
[0.608, 0.61, 0.644, 0.612, 0.544, 0.716, 0.56, 0.668, 0.516, 0.582, 0.462, 0.592, 0.638, 0.758, 0.64, 0.482, 0.626, 0.61, 0.592]
[0.608, 0.61, 0.644, 0.612, 0.544, 0.716, 0.56, 0.668, 0.516, 0.582, 0.462, 0.592, 0.638, 0.758, 0.64, 0.482, 0.626, 0.61, 0.592, 0.664]
Total correct retain:  1555  Total retain:  2500
Total correct forget:  30018  Total forget:  47500
Total correct test:  306  Total test:  500
Total correct forget test:  5736  Total test forget:  9500
[0.612]
[0.612, 0.616]
[0.612, 0.616, 0.628]
[0.612, 0.616, 0.628, 0.616]
[0.612, 0.616, 0.628, 0.616, 0.542]
[0.612, 0.616, 0.628, 0.616, 0.542, 0.714]
[0.612, 0.616, 0.628, 0.616, 0.542, 0.714, 0.558]
[0.612, 0.616, 0.628, 0.616, 0.542, 0.714, 0.558, 0.66]
[0.612, 0.616, 0.628, 0.616, 0.542, 0.714, 0.558, 0.66, 0.516]
[0.612, 0.616, 0.628, 0.616, 0.542, 0.714, 0.558, 0.66, 0.516, 0.582]
[0.612, 0.616, 0.628, 0.616, 0.542, 0.714, 0.558, 0.66, 0.516, 0.582, 0.474]
[0.612, 0.616, 0.628, 0.616, 0.542, 0.714, 0.558, 0.66, 0.516, 0.582, 0.474, 0.58]
[0.612, 0.616, 0.628, 0.616, 0.542, 0.714, 0.558, 0.66, 0.516, 0.582, 0.474, 0.58, 0.63]
[0.612, 0.616, 0.628, 0.616, 0.542, 0.714, 0.558, 0.66, 0.516, 0.582, 0.474, 0.58, 0.63, 0.756]
[0.612, 0.616, 0.628, 0.616, 0.542, 0.714, 0.558, 0.66, 0.516, 0.582, 0.474, 0.58, 0.63, 0.756, 0.638]
[0.612, 0.616, 0.628, 0.616, 0.542, 0.714, 0.558, 0.66, 0.516, 0.582, 0.474, 0.58, 0.63, 0.756, 0.638, 0.482]
[0.612, 0.616, 0.628, 0.616, 0.542, 0.714, 0.558, 0.66, 0.516, 0.582, 0.474, 0.58, 0.63, 0.756, 0.638, 0.482, 0.62]
[0.612, 0.616, 0.628, 0.616, 0.542, 0.714, 0.558, 0.66, 0.516, 0.582, 0.474, 0.58, 0.63, 0.756, 0.638, 0.482, 0.62, 0.61]
[0.612, 0.616, 0.628, 0.616, 0.542, 0.714, 0.558, 0.66, 0.516, 0.582, 0.474, 0.58, 0.63, 0.756, 0.638, 0.482, 0.62, 0.61, 0.584]
[0.612, 0.616, 0.628, 0.616, 0.542, 0.714, 0.558, 0.66, 0.516, 0.582, 0.474, 0.58, 0.63, 0.756, 0.638, 0.482, 0.62, 0.61, 0.584, 0.666]
Total correct retain:  1571  Total retain:  2500
Total correct forget:  29995  Total forget:  47500
Total correct test:  307  Total test:  500
Total correct forget test:  5757  Total test forget:  9500
[0.614]
[0.614, 0.604]
[0.614, 0.604, 0.624]
[0.614, 0.604, 0.624, 0.624]
[0.614, 0.604, 0.624, 0.624, 0.544]
[0.614, 0.604, 0.624, 0.624, 0.544, 0.714]
[0.614, 0.604, 0.624, 0.624, 0.544, 0.714, 0.554]
[0.614, 0.604, 0.624, 0.624, 0.544, 0.714, 0.554, 0.668]
[0.614, 0.604, 0.624, 0.624, 0.544, 0.714, 0.554, 0.668, 0.512]
[0.614, 0.604, 0.624, 0.624, 0.544, 0.714, 0.554, 0.668, 0.512, 0.586]
[0.614, 0.604, 0.624, 0.624, 0.544, 0.714, 0.554, 0.668, 0.512, 0.586, 0.482]
[0.614, 0.604, 0.624, 0.624, 0.544, 0.714, 0.554, 0.668, 0.512, 0.586, 0.482, 0.596]
[0.614, 0.604, 0.624, 0.624, 0.544, 0.714, 0.554, 0.668, 0.512, 0.586, 0.482, 0.596, 0.628]
[0.614, 0.604, 0.624, 0.624, 0.544, 0.714, 0.554, 0.668, 0.512, 0.586, 0.482, 0.596, 0.628, 0.768]
[0.614, 0.604, 0.624, 0.624, 0.544, 0.714, 0.554, 0.668, 0.512, 0.586, 0.482, 0.596, 0.628, 0.768, 0.646]
[0.614, 0.604, 0.624, 0.624, 0.544, 0.714, 0.554, 0.668, 0.512, 0.586, 0.482, 0.596, 0.628, 0.768, 0.646, 0.472]
[0.614, 0.604, 0.624, 0.624, 0.544, 0.714, 0.554, 0.668, 0.512, 0.586, 0.482, 0.596, 0.628, 0.768, 0.646, 0.472, 0.612]
[0.614, 0.604, 0.624, 0.624, 0.544, 0.714, 0.554, 0.668, 0.512, 0.586, 0.482, 0.596, 0.628, 0.768, 0.646, 0.472, 0.612, 0.62]
[0.614, 0.604, 0.624, 0.624, 0.544, 0.714, 0.554, 0.668, 0.512, 0.586, 0.482, 0.596, 0.628, 0.768, 0.646, 0.472, 0.612, 0.62, 0.59]
[0.614, 0.604, 0.624, 0.624, 0.544, 0.714, 0.554, 0.668, 0.512, 0.586, 0.482, 0.596, 0.628, 0.768, 0.646, 0.472, 0.612, 0.62, 0.59, 0.67]
Total correct retain:  1577  Total retain:  2500
Total correct forget:  30112  Total forget:  47500
Total correct test:  309  Total test:  500
Total correct forget test:  5771  Total test forget:  9500
[0.618]
[0.618, 0.614]
[0.618, 0.614, 0.648]
[0.618, 0.614, 0.648, 0.608]
[0.618, 0.614, 0.648, 0.608, 0.538]
[0.618, 0.614, 0.648, 0.608, 0.538, 0.72]
[0.618, 0.614, 0.648, 0.608, 0.538, 0.72, 0.564]
[0.618, 0.614, 0.648, 0.608, 0.538, 0.72, 0.564, 0.662]
[0.618, 0.614, 0.648, 0.608, 0.538, 0.72, 0.564, 0.662, 0.516]
[0.618, 0.614, 0.648, 0.608, 0.538, 0.72, 0.564, 0.662, 0.516, 0.58]
[0.618, 0.614, 0.648, 0.608, 0.538, 0.72, 0.564, 0.662, 0.516, 0.58, 0.464]
[0.618, 0.614, 0.648, 0.608, 0.538, 0.72, 0.564, 0.662, 0.516, 0.58, 0.464, 0.598]
[0.618, 0.614, 0.648, 0.608, 0.538, 0.72, 0.564, 0.662, 0.516, 0.58, 0.464, 0.598, 0.638]
[0.618, 0.614, 0.648, 0.608, 0.538, 0.72, 0.564, 0.662, 0.516, 0.58, 0.464, 0.598, 0.638, 0.756]
[0.618, 0.614, 0.648, 0.608, 0.538, 0.72, 0.564, 0.662, 0.516, 0.58, 0.464, 0.598, 0.638, 0.756, 0.648]
[0.618, 0.614, 0.648, 0.608, 0.538, 0.72, 0.564, 0.662, 0.516, 0.58, 0.464, 0.598, 0.638, 0.756, 0.648, 0.476]
[0.618, 0.614, 0.648, 0.608, 0.538, 0.72, 0.564, 0.662, 0.516, 0.58, 0.464, 0.598, 0.638, 0.756, 0.648, 0.476, 0.622]
[0.618, 0.614, 0.648, 0.608, 0.538, 0.72, 0.564, 0.662, 0.516, 0.58, 0.464, 0.598, 0.638, 0.756, 0.648, 0.476, 0.622, 0.626]
[0.618, 0.614, 0.648, 0.608, 0.538, 0.72, 0.564, 0.662, 0.516, 0.58, 0.464, 0.598, 0.638, 0.756, 0.648, 0.476, 0.622, 0.626, 0.598]
[0.618, 0.614, 0.648, 0.608, 0.538, 0.72, 0.564, 0.662, 0.516, 0.58, 0.464, 0.598, 0.638, 0.756, 0.648, 0.476, 0.622, 0.626, 0.598, 0.666]
Total correct retain:  1602  Total retain:  2500
Total correct forget:  30092  Total forget:  47500
Total correct test:  317  Total test:  500
Total correct forget test:  5757  Total test forget:  9500
[0.634]
[0.634, 0.616]
[0.634, 0.616, 0.636]
[0.634, 0.616, 0.636, 0.606]
[0.634, 0.616, 0.636, 0.606, 0.54]
[0.634, 0.616, 0.636, 0.606, 0.54, 0.726]
[0.634, 0.616, 0.636, 0.606, 0.54, 0.726, 0.564]
[0.634, 0.616, 0.636, 0.606, 0.54, 0.726, 0.564, 0.656]
[0.634, 0.616, 0.636, 0.606, 0.54, 0.726, 0.564, 0.656, 0.516]
[0.634, 0.616, 0.636, 0.606, 0.54, 0.726, 0.564, 0.656, 0.516, 0.588]
[0.634, 0.616, 0.636, 0.606, 0.54, 0.726, 0.564, 0.656, 0.516, 0.588, 0.462]
[0.634, 0.616, 0.636, 0.606, 0.54, 0.726, 0.564, 0.656, 0.516, 0.588, 0.462, 0.598]
[0.634, 0.616, 0.636, 0.606, 0.54, 0.726, 0.564, 0.656, 0.516, 0.588, 0.462, 0.598, 0.63]
[0.634, 0.616, 0.636, 0.606, 0.54, 0.726, 0.564, 0.656, 0.516, 0.588, 0.462, 0.598, 0.63, 0.754]
[0.634, 0.616, 0.636, 0.606, 0.54, 0.726, 0.564, 0.656, 0.516, 0.588, 0.462, 0.598, 0.63, 0.754, 0.638]
[0.634, 0.616, 0.636, 0.606, 0.54, 0.726, 0.564, 0.656, 0.516, 0.588, 0.462, 0.598, 0.63, 0.754, 0.638, 0.478]
[0.634, 0.616, 0.636, 0.606, 0.54, 0.726, 0.564, 0.656, 0.516, 0.588, 0.462, 0.598, 0.63, 0.754, 0.638, 0.478, 0.618]
[0.634, 0.616, 0.636, 0.606, 0.54, 0.726, 0.564, 0.656, 0.516, 0.588, 0.462, 0.598, 0.63, 0.754, 0.638, 0.478, 0.618, 0.628]
[0.634, 0.616, 0.636, 0.606, 0.54, 0.726, 0.564, 0.656, 0.516, 0.588, 0.462, 0.598, 0.63, 0.754, 0.638, 0.478, 0.618, 0.628, 0.598]
[0.634, 0.616, 0.636, 0.606, 0.54, 0.726, 0.564, 0.656, 0.516, 0.588, 0.462, 0.598, 0.63, 0.754, 0.638, 0.478, 0.618, 0.628, 0.598, 0.662]
Total correct retain:  1574  Total retain:  2500
Total correct forget:  29855  Total forget:  47500
Total correct test:  311  Total test:  500
Total correct forget test:  5723  Total test forget:  9500
[0.622]
[0.622, 0.614]
[0.622, 0.614, 0.606]
[0.622, 0.614, 0.606, 0.622]
[0.622, 0.614, 0.606, 0.622, 0.534]
[0.622, 0.614, 0.606, 0.622, 0.534, 0.708]
[0.622, 0.614, 0.606, 0.622, 0.534, 0.708, 0.556]
[0.622, 0.614, 0.606, 0.622, 0.534, 0.708, 0.556, 0.658]
[0.622, 0.614, 0.606, 0.622, 0.534, 0.708, 0.556, 0.658, 0.51]
[0.622, 0.614, 0.606, 0.622, 0.534, 0.708, 0.556, 0.658, 0.51, 0.596]
[0.622, 0.614, 0.606, 0.622, 0.534, 0.708, 0.556, 0.658, 0.51, 0.596, 0.486]
[0.622, 0.614, 0.606, 0.622, 0.534, 0.708, 0.556, 0.658, 0.51, 0.596, 0.486, 0.588]
[0.622, 0.614, 0.606, 0.622, 0.534, 0.708, 0.556, 0.658, 0.51, 0.596, 0.486, 0.588, 0.62]
[0.622, 0.614, 0.606, 0.622, 0.534, 0.708, 0.556, 0.658, 0.51, 0.596, 0.486, 0.588, 0.62, 0.76]
[0.622, 0.614, 0.606, 0.622, 0.534, 0.708, 0.556, 0.658, 0.51, 0.596, 0.486, 0.588, 0.62, 0.76, 0.64]
[0.622, 0.614, 0.606, 0.622, 0.534, 0.708, 0.556, 0.658, 0.51, 0.596, 0.486, 0.588, 0.62, 0.76, 0.64, 0.484]
[0.622, 0.614, 0.606, 0.622, 0.534, 0.708, 0.556, 0.658, 0.51, 0.596, 0.486, 0.588, 0.62, 0.76, 0.64, 0.484, 0.622]
[0.622, 0.614, 0.606, 0.622, 0.534, 0.708, 0.556, 0.658, 0.51, 0.596, 0.486, 0.588, 0.62, 0.76, 0.64, 0.484, 0.622, 0.606]
[0.622, 0.614, 0.606, 0.622, 0.534, 0.708, 0.556, 0.658, 0.51, 0.596, 0.486, 0.588, 0.62, 0.76, 0.64, 0.484, 0.622, 0.606, 0.578]
[0.622, 0.614, 0.606, 0.622, 0.534, 0.708, 0.556, 0.658, 0.51, 0.596, 0.486, 0.588, 0.62, 0.76, 0.64, 0.484, 0.622, 0.606, 0.578, 0.658]
Total correct retain:  1609  Total retain:  2500
Total correct forget:  30152  Total forget:  47500
Total correct test:  323  Total test:  500
Total correct forget test:  5760  Total test forget:  9500
[0.646]
[0.646, 0.62]
[0.646, 0.62, 0.63]
[0.646, 0.62, 0.63, 0.594]
[0.646, 0.62, 0.63, 0.594, 0.546]
[0.646, 0.62, 0.63, 0.594, 0.546, 0.724]
[0.646, 0.62, 0.63, 0.594, 0.546, 0.724, 0.57]
[0.646, 0.62, 0.63, 0.594, 0.546, 0.724, 0.57, 0.66]
[0.646, 0.62, 0.63, 0.594, 0.546, 0.724, 0.57, 0.66, 0.52]
[0.646, 0.62, 0.63, 0.594, 0.546, 0.724, 0.57, 0.66, 0.52, 0.592]
[0.646, 0.62, 0.63, 0.594, 0.546, 0.724, 0.57, 0.66, 0.52, 0.592, 0.448]
[0.646, 0.62, 0.63, 0.594, 0.546, 0.724, 0.57, 0.66, 0.52, 0.592, 0.448, 0.6]
[0.646, 0.62, 0.63, 0.594, 0.546, 0.724, 0.57, 0.66, 0.52, 0.592, 0.448, 0.6, 0.638]
[0.646, 0.62, 0.63, 0.594, 0.546, 0.724, 0.57, 0.66, 0.52, 0.592, 0.448, 0.6, 0.638, 0.754]
[0.646, 0.62, 0.63, 0.594, 0.546, 0.724, 0.57, 0.66, 0.52, 0.592, 0.448, 0.6, 0.638, 0.754, 0.638]
[0.646, 0.62, 0.63, 0.594, 0.546, 0.724, 0.57, 0.66, 0.52, 0.592, 0.448, 0.6, 0.638, 0.754, 0.638, 0.482]
[0.646, 0.62, 0.63, 0.594, 0.546, 0.724, 0.57, 0.66, 0.52, 0.592, 0.448, 0.6, 0.638, 0.754, 0.638, 0.482, 0.616]
[0.646, 0.62, 0.63, 0.594, 0.546, 0.724, 0.57, 0.66, 0.52, 0.592, 0.448, 0.6, 0.638, 0.754, 0.638, 0.482, 0.616, 0.624]
[0.646, 0.62, 0.63, 0.594, 0.546, 0.724, 0.57, 0.66, 0.52, 0.592, 0.448, 0.6, 0.638, 0.754, 0.638, 0.482, 0.616, 0.624, 0.6]
[0.646, 0.62, 0.63, 0.594, 0.546, 0.724, 0.57, 0.66, 0.52, 0.592, 0.448, 0.6, 0.638, 0.754, 0.638, 0.482, 0.616, 0.624, 0.6, 0.664]
Total correct retain:  1622  Total retain:  2500
Total correct forget:  30154  Total forget:  47500
Total correct test:  322  Total test:  500
Total correct forget test:  5768  Total test forget:  9500
[0.644]
[0.644, 0.628]
[0.644, 0.628, 0.626]
[0.644, 0.628, 0.626, 0.604]
[0.644, 0.628, 0.626, 0.604, 0.54]
[0.644, 0.628, 0.626, 0.604, 0.54, 0.72]
[0.644, 0.628, 0.626, 0.604, 0.54, 0.72, 0.568]
[0.644, 0.628, 0.626, 0.604, 0.54, 0.72, 0.568, 0.662]
[0.644, 0.628, 0.626, 0.604, 0.54, 0.72, 0.568, 0.662, 0.528]
[0.644, 0.628, 0.626, 0.604, 0.54, 0.72, 0.568, 0.662, 0.528, 0.588]
[0.644, 0.628, 0.626, 0.604, 0.54, 0.72, 0.568, 0.662, 0.528, 0.588, 0.454]
[0.644, 0.628, 0.626, 0.604, 0.54, 0.72, 0.568, 0.662, 0.528, 0.588, 0.454, 0.6]
[0.644, 0.628, 0.626, 0.604, 0.54, 0.72, 0.568, 0.662, 0.528, 0.588, 0.454, 0.6, 0.644]
[0.644, 0.628, 0.626, 0.604, 0.54, 0.72, 0.568, 0.662, 0.528, 0.588, 0.454, 0.6, 0.644, 0.746]
[0.644, 0.628, 0.626, 0.604, 0.54, 0.72, 0.568, 0.662, 0.528, 0.588, 0.454, 0.6, 0.644, 0.746, 0.65]
[0.644, 0.628, 0.626, 0.604, 0.54, 0.72, 0.568, 0.662, 0.528, 0.588, 0.454, 0.6, 0.644, 0.746, 0.65, 0.482]
[0.644, 0.628, 0.626, 0.604, 0.54, 0.72, 0.568, 0.662, 0.528, 0.588, 0.454, 0.6, 0.644, 0.746, 0.65, 0.482, 0.624]
[0.644, 0.628, 0.626, 0.604, 0.54, 0.72, 0.568, 0.662, 0.528, 0.588, 0.454, 0.6, 0.644, 0.746, 0.65, 0.482, 0.624, 0.61]
[0.644, 0.628, 0.626, 0.604, 0.54, 0.72, 0.568, 0.662, 0.528, 0.588, 0.454, 0.6, 0.644, 0.746, 0.65, 0.482, 0.624, 0.61, 0.602]
[0.644, 0.628, 0.626, 0.604, 0.54, 0.72, 0.568, 0.662, 0.528, 0.588, 0.454, 0.6, 0.644, 0.746, 0.65, 0.482, 0.624, 0.61, 0.602, 0.66]
Total correct retain:  1636  Total retain:  2500
Total correct forget:  30266  Total forget:  47500
Total correct test:  325  Total test:  500
Total correct forget test:  5770  Total test forget:  9500
[0.65]
[0.65, 0.624]
[0.65, 0.624, 0.638]
[0.65, 0.624, 0.638, 0.592]
[0.65, 0.624, 0.638, 0.592, 0.542]
[0.65, 0.624, 0.638, 0.592, 0.542, 0.736]
[0.65, 0.624, 0.638, 0.592, 0.542, 0.736, 0.568]
[0.65, 0.624, 0.638, 0.592, 0.542, 0.736, 0.568, 0.666]
[0.65, 0.624, 0.638, 0.592, 0.542, 0.736, 0.568, 0.666, 0.524]
[0.65, 0.624, 0.638, 0.592, 0.542, 0.736, 0.568, 0.666, 0.524, 0.59]
[0.65, 0.624, 0.638, 0.592, 0.542, 0.736, 0.568, 0.666, 0.524, 0.59, 0.444]
[0.65, 0.624, 0.638, 0.592, 0.542, 0.736, 0.568, 0.666, 0.524, 0.59, 0.444, 0.618]
[0.65, 0.624, 0.638, 0.592, 0.542, 0.736, 0.568, 0.666, 0.524, 0.59, 0.444, 0.618, 0.636]
[0.65, 0.624, 0.638, 0.592, 0.542, 0.736, 0.568, 0.666, 0.524, 0.59, 0.444, 0.618, 0.636, 0.748]
[0.65, 0.624, 0.638, 0.592, 0.542, 0.736, 0.568, 0.666, 0.524, 0.59, 0.444, 0.618, 0.636, 0.748, 0.638]
[0.65, 0.624, 0.638, 0.592, 0.542, 0.736, 0.568, 0.666, 0.524, 0.59, 0.444, 0.618, 0.636, 0.748, 0.638, 0.482]
[0.65, 0.624, 0.638, 0.592, 0.542, 0.736, 0.568, 0.666, 0.524, 0.59, 0.444, 0.618, 0.636, 0.748, 0.638, 0.482, 0.614]
[0.65, 0.624, 0.638, 0.592, 0.542, 0.736, 0.568, 0.666, 0.524, 0.59, 0.444, 0.618, 0.636, 0.748, 0.638, 0.482, 0.614, 0.608]
[0.65, 0.624, 0.638, 0.592, 0.542, 0.736, 0.568, 0.666, 0.524, 0.59, 0.444, 0.618, 0.636, 0.748, 0.638, 0.482, 0.614, 0.608, 0.612]
[0.65, 0.624, 0.638, 0.592, 0.542, 0.736, 0.568, 0.666, 0.524, 0.59, 0.444, 0.618, 0.636, 0.748, 0.638, 0.482, 0.614, 0.608, 0.612, 0.66]
Total correct retain:  1654  Total retain:  2500
Total correct forget:  30156  Total forget:  47500
Total correct test:  322  Total test:  500
Total correct forget test:  5773  Total test forget:  9500
[0.644]
[0.644, 0.642]
[0.644, 0.642, 0.634]
[0.644, 0.642, 0.634, 0.586]
[0.644, 0.642, 0.634, 0.586, 0.538]
[0.644, 0.642, 0.634, 0.586, 0.538, 0.728]
[0.644, 0.642, 0.634, 0.586, 0.538, 0.728, 0.554]
[0.644, 0.642, 0.634, 0.586, 0.538, 0.728, 0.554, 0.656]
[0.644, 0.642, 0.634, 0.586, 0.538, 0.728, 0.554, 0.656, 0.514]
[0.644, 0.642, 0.634, 0.586, 0.538, 0.728, 0.554, 0.656, 0.514, 0.582]
[0.644, 0.642, 0.634, 0.586, 0.538, 0.728, 0.554, 0.656, 0.514, 0.582, 0.468]
[0.644, 0.642, 0.634, 0.586, 0.538, 0.728, 0.554, 0.656, 0.514, 0.582, 0.468, 0.608]
[0.644, 0.642, 0.634, 0.586, 0.538, 0.728, 0.554, 0.656, 0.514, 0.582, 0.468, 0.608, 0.642]
[0.644, 0.642, 0.634, 0.586, 0.538, 0.728, 0.554, 0.656, 0.514, 0.582, 0.468, 0.608, 0.642, 0.75]
[0.644, 0.642, 0.634, 0.586, 0.538, 0.728, 0.554, 0.656, 0.514, 0.582, 0.468, 0.608, 0.642, 0.75, 0.646]
[0.644, 0.642, 0.634, 0.586, 0.538, 0.728, 0.554, 0.656, 0.514, 0.582, 0.468, 0.608, 0.642, 0.75, 0.646, 0.486]
[0.644, 0.642, 0.634, 0.586, 0.538, 0.728, 0.554, 0.656, 0.514, 0.582, 0.468, 0.608, 0.642, 0.75, 0.646, 0.486, 0.62]
[0.644, 0.642, 0.634, 0.586, 0.538, 0.728, 0.554, 0.656, 0.514, 0.582, 0.468, 0.608, 0.642, 0.75, 0.646, 0.486, 0.62, 0.608]
[0.644, 0.642, 0.634, 0.586, 0.538, 0.728, 0.554, 0.656, 0.514, 0.582, 0.468, 0.608, 0.642, 0.75, 0.646, 0.486, 0.62, 0.608, 0.618]
[0.644, 0.642, 0.634, 0.586, 0.538, 0.728, 0.554, 0.656, 0.514, 0.582, 0.468, 0.608, 0.642, 0.75, 0.646, 0.486, 0.62, 0.608, 0.618, 0.666]
Total correct retain:  1704  Total retain:  2500
Total correct forget:  30261  Total forget:  47500
Total correct test:  332  Total test:  500
Total correct forget test:  5805  Total test forget:  9500
[0.664]
[0.664, 0.634]
[0.664, 0.634, 0.632]
[0.664, 0.634, 0.632, 0.62]
[0.664, 0.634, 0.632, 0.62, 0.536]
[0.664, 0.634, 0.632, 0.62, 0.536, 0.74]
[0.664, 0.634, 0.632, 0.62, 0.536, 0.74, 0.558]
[0.664, 0.634, 0.632, 0.62, 0.536, 0.74, 0.558, 0.65]
[0.664, 0.634, 0.632, 0.62, 0.536, 0.74, 0.558, 0.65, 0.518]
[0.664, 0.634, 0.632, 0.62, 0.536, 0.74, 0.558, 0.65, 0.518, 0.582]
[0.664, 0.634, 0.632, 0.62, 0.536, 0.74, 0.558, 0.65, 0.518, 0.582, 0.454]
[0.664, 0.634, 0.632, 0.62, 0.536, 0.74, 0.558, 0.65, 0.518, 0.582, 0.454, 0.584]
[0.664, 0.634, 0.632, 0.62, 0.536, 0.74, 0.558, 0.65, 0.518, 0.582, 0.454, 0.584, 0.652]
[0.664, 0.634, 0.632, 0.62, 0.536, 0.74, 0.558, 0.65, 0.518, 0.582, 0.454, 0.584, 0.652, 0.762]
[0.664, 0.634, 0.632, 0.62, 0.536, 0.74, 0.558, 0.65, 0.518, 0.582, 0.454, 0.584, 0.652, 0.762, 0.638]
[0.664, 0.634, 0.632, 0.62, 0.536, 0.74, 0.558, 0.65, 0.518, 0.582, 0.454, 0.584, 0.652, 0.762, 0.638, 0.478]
[0.664, 0.634, 0.632, 0.62, 0.536, 0.74, 0.558, 0.65, 0.518, 0.582, 0.454, 0.584, 0.652, 0.762, 0.638, 0.478, 0.612]
[0.664, 0.634, 0.632, 0.62, 0.536, 0.74, 0.558, 0.65, 0.518, 0.582, 0.454, 0.584, 0.652, 0.762, 0.638, 0.478, 0.612, 0.634]
[0.664, 0.634, 0.632, 0.62, 0.536, 0.74, 0.558, 0.65, 0.518, 0.582, 0.454, 0.584, 0.652, 0.762, 0.638, 0.478, 0.612, 0.634, 0.636]
[0.664, 0.634, 0.632, 0.62, 0.536, 0.74, 0.558, 0.65, 0.518, 0.582, 0.454, 0.584, 0.652, 0.762, 0.638, 0.478, 0.612, 0.634, 0.636, 0.69]
Total correct retain:  1587  Total retain:  2500
Total correct forget:  29980  Total forget:  47500
Total correct test:  316  Total test:  500
Total correct forget test:  5720  Total test forget:  9500
[0.632]
[0.632, 0.628]
[0.632, 0.628, 0.622]
[0.632, 0.628, 0.622, 0.616]
[0.632, 0.628, 0.622, 0.616, 0.538]
[0.632, 0.628, 0.622, 0.616, 0.538, 0.716]
[0.632, 0.628, 0.622, 0.616, 0.538, 0.716, 0.544]
[0.632, 0.628, 0.622, 0.616, 0.538, 0.716, 0.544, 0.656]
[0.632, 0.628, 0.622, 0.616, 0.538, 0.716, 0.544, 0.656, 0.508]
[0.632, 0.628, 0.622, 0.616, 0.538, 0.716, 0.544, 0.656, 0.508, 0.57]
[0.632, 0.628, 0.622, 0.616, 0.538, 0.716, 0.544, 0.656, 0.508, 0.57, 0.47]
[0.632, 0.628, 0.622, 0.616, 0.538, 0.716, 0.544, 0.656, 0.508, 0.57, 0.47, 0.584]
[0.632, 0.628, 0.622, 0.616, 0.538, 0.716, 0.544, 0.656, 0.508, 0.57, 0.47, 0.584, 0.648]
[0.632, 0.628, 0.622, 0.616, 0.538, 0.716, 0.544, 0.656, 0.508, 0.57, 0.47, 0.584, 0.648, 0.754]
[0.632, 0.628, 0.622, 0.616, 0.538, 0.716, 0.544, 0.656, 0.508, 0.57, 0.47, 0.584, 0.648, 0.754, 0.636]
[0.632, 0.628, 0.622, 0.616, 0.538, 0.716, 0.544, 0.656, 0.508, 0.57, 0.47, 0.584, 0.648, 0.754, 0.636, 0.47]
[0.632, 0.628, 0.622, 0.616, 0.538, 0.716, 0.544, 0.656, 0.508, 0.57, 0.47, 0.584, 0.648, 0.754, 0.636, 0.47, 0.628]
[0.632, 0.628, 0.622, 0.616, 0.538, 0.716, 0.544, 0.656, 0.508, 0.57, 0.47, 0.584, 0.648, 0.754, 0.636, 0.47, 0.628, 0.596]
[0.632, 0.628, 0.622, 0.616, 0.538, 0.716, 0.544, 0.656, 0.508, 0.57, 0.47, 0.584, 0.648, 0.754, 0.636, 0.47, 0.628, 0.596, 0.59]
[0.632, 0.628, 0.622, 0.616, 0.538, 0.716, 0.544, 0.656, 0.508, 0.57, 0.47, 0.584, 0.648, 0.754, 0.636, 0.47, 0.628, 0.596, 0.59, 0.666]
Total correct retain:  1651  Total retain:  2500
Total correct forget:  29699  Total forget:  47500
Total correct test:  328  Total test:  500
Total correct forget test:  5686  Total test forget:  9500
[0.656]
[0.656, 0.628]
[0.656, 0.628, 0.616]
[0.656, 0.628, 0.616, 0.62]
[0.656, 0.628, 0.616, 0.62, 0.518]
[0.656, 0.628, 0.616, 0.62, 0.518, 0.724]
[0.656, 0.628, 0.616, 0.62, 0.518, 0.724, 0.546]
[0.656, 0.628, 0.616, 0.62, 0.518, 0.724, 0.546, 0.648]
[0.656, 0.628, 0.616, 0.62, 0.518, 0.724, 0.546, 0.648, 0.472]
[0.656, 0.628, 0.616, 0.62, 0.518, 0.724, 0.546, 0.648, 0.472, 0.572]
[0.656, 0.628, 0.616, 0.62, 0.518, 0.724, 0.546, 0.648, 0.472, 0.572, 0.484]
[0.656, 0.628, 0.616, 0.62, 0.518, 0.724, 0.546, 0.648, 0.472, 0.572, 0.484, 0.58]
[0.656, 0.628, 0.616, 0.62, 0.518, 0.724, 0.546, 0.648, 0.472, 0.572, 0.484, 0.58, 0.636]
[0.656, 0.628, 0.616, 0.62, 0.518, 0.724, 0.546, 0.648, 0.472, 0.572, 0.484, 0.58, 0.636, 0.764]
[0.656, 0.628, 0.616, 0.62, 0.518, 0.724, 0.546, 0.648, 0.472, 0.572, 0.484, 0.58, 0.636, 0.764, 0.638]
[0.656, 0.628, 0.616, 0.62, 0.518, 0.724, 0.546, 0.648, 0.472, 0.572, 0.484, 0.58, 0.636, 0.764, 0.638, 0.456]
[0.656, 0.628, 0.616, 0.62, 0.518, 0.724, 0.546, 0.648, 0.472, 0.572, 0.484, 0.58, 0.636, 0.764, 0.638, 0.456, 0.616]
[0.656, 0.628, 0.616, 0.62, 0.518, 0.724, 0.546, 0.648, 0.472, 0.572, 0.484, 0.58, 0.636, 0.764, 0.638, 0.456, 0.616, 0.596]
[0.656, 0.628, 0.616, 0.62, 0.518, 0.724, 0.546, 0.648, 0.472, 0.572, 0.484, 0.58, 0.636, 0.764, 0.638, 0.456, 0.616, 0.596, 0.592]
[0.656, 0.628, 0.616, 0.62, 0.518, 0.724, 0.546, 0.648, 0.472, 0.572, 0.484, 0.58, 0.636, 0.764, 0.638, 0.456, 0.616, 0.596, 0.592, 0.666]
Total correct retain:  1622  Total retain:  2500
Total correct forget:  30045  Total forget:  47500
Total correct test:  322  Total test:  500
Total correct forget test:  5717  Total test forget:  9500
[0.644]
[0.644, 0.606]
[0.644, 0.606, 0.636]
[0.644, 0.606, 0.636, 0.594]
[0.644, 0.606, 0.636, 0.594, 0.526]
[0.644, 0.606, 0.636, 0.594, 0.526, 0.728]
[0.644, 0.606, 0.636, 0.594, 0.526, 0.728, 0.55]
[0.644, 0.606, 0.636, 0.594, 0.526, 0.728, 0.55, 0.66]
[0.644, 0.606, 0.636, 0.594, 0.526, 0.728, 0.55, 0.66, 0.502]
[0.644, 0.606, 0.636, 0.594, 0.526, 0.728, 0.55, 0.66, 0.502, 0.564]
[0.644, 0.606, 0.636, 0.594, 0.526, 0.728, 0.55, 0.66, 0.502, 0.564, 0.448]
[0.644, 0.606, 0.636, 0.594, 0.526, 0.728, 0.55, 0.66, 0.502, 0.564, 0.448, 0.62]
[0.644, 0.606, 0.636, 0.594, 0.526, 0.728, 0.55, 0.66, 0.502, 0.564, 0.448, 0.62, 0.648]
[0.644, 0.606, 0.636, 0.594, 0.526, 0.728, 0.55, 0.66, 0.502, 0.564, 0.448, 0.62, 0.648, 0.742]
[0.644, 0.606, 0.636, 0.594, 0.526, 0.728, 0.55, 0.66, 0.502, 0.564, 0.448, 0.62, 0.648, 0.742, 0.646]
[0.644, 0.606, 0.636, 0.594, 0.526, 0.728, 0.55, 0.66, 0.502, 0.564, 0.448, 0.62, 0.648, 0.742, 0.646, 0.484]
[0.644, 0.606, 0.636, 0.594, 0.526, 0.728, 0.55, 0.66, 0.502, 0.564, 0.448, 0.62, 0.648, 0.742, 0.646, 0.484, 0.608]
[0.644, 0.606, 0.636, 0.594, 0.526, 0.728, 0.55, 0.66, 0.502, 0.564, 0.448, 0.62, 0.648, 0.742, 0.646, 0.484, 0.608, 0.592]
[0.644, 0.606, 0.636, 0.594, 0.526, 0.728, 0.55, 0.66, 0.502, 0.564, 0.448, 0.62, 0.648, 0.742, 0.646, 0.484, 0.608, 0.592, 0.604]
[0.644, 0.606, 0.636, 0.594, 0.526, 0.728, 0.55, 0.66, 0.502, 0.564, 0.448, 0.62, 0.648, 0.742, 0.646, 0.484, 0.608, 0.592, 0.604, 0.676]
Total correct retain:  1644  Total retain:  2500
Total correct forget:  29527  Total forget:  47500
Total correct test:  321  Total test:  500
Total correct forget test:  5662  Total test forget:  9500
[0.642]
[0.642, 0.624]
[0.642, 0.624, 0.592]
[0.642, 0.624, 0.592, 0.636]
[0.642, 0.624, 0.592, 0.636, 0.54]
[0.642, 0.624, 0.592, 0.636, 0.54, 0.714]
[0.642, 0.624, 0.592, 0.636, 0.54, 0.714, 0.548]
[0.642, 0.624, 0.592, 0.636, 0.54, 0.714, 0.548, 0.636]
[0.642, 0.624, 0.592, 0.636, 0.54, 0.714, 0.548, 0.636, 0.498]
[0.642, 0.624, 0.592, 0.636, 0.54, 0.714, 0.548, 0.636, 0.498, 0.578]
[0.642, 0.624, 0.592, 0.636, 0.54, 0.714, 0.548, 0.636, 0.498, 0.578, 0.476]
[0.642, 0.624, 0.592, 0.636, 0.54, 0.714, 0.548, 0.636, 0.498, 0.578, 0.476, 0.564]
[0.642, 0.624, 0.592, 0.636, 0.54, 0.714, 0.548, 0.636, 0.498, 0.578, 0.476, 0.564, 0.634]
[0.642, 0.624, 0.592, 0.636, 0.54, 0.714, 0.548, 0.636, 0.498, 0.578, 0.476, 0.564, 0.634, 0.766]
[0.642, 0.624, 0.592, 0.636, 0.54, 0.714, 0.548, 0.636, 0.498, 0.578, 0.476, 0.564, 0.634, 0.766, 0.632]
[0.642, 0.624, 0.592, 0.636, 0.54, 0.714, 0.548, 0.636, 0.498, 0.578, 0.476, 0.564, 0.634, 0.766, 0.632, 0.452]
[0.642, 0.624, 0.592, 0.636, 0.54, 0.714, 0.548, 0.636, 0.498, 0.578, 0.476, 0.564, 0.634, 0.766, 0.632, 0.452, 0.606]
[0.642, 0.624, 0.592, 0.636, 0.54, 0.714, 0.548, 0.636, 0.498, 0.578, 0.476, 0.564, 0.634, 0.766, 0.632, 0.452, 0.606, 0.594]
[0.642, 0.624, 0.592, 0.636, 0.54, 0.714, 0.548, 0.636, 0.498, 0.578, 0.476, 0.564, 0.634, 0.766, 0.632, 0.452, 0.606, 0.594, 0.584]
[0.642, 0.624, 0.592, 0.636, 0.54, 0.714, 0.548, 0.636, 0.498, 0.578, 0.476, 0.564, 0.634, 0.766, 0.632, 0.452, 0.606, 0.594, 0.584, 0.65]
[[0.664, 0.62, 0.636, 0.616, 0.522, 0.732, 0.566, 0.674, 0.496, 0.588, 0.464, 0.606, 0.632, 0.77, 0.658, 0.462, 0.622, 0.628, 0.608, 0.69], [0.662, 0.62, 0.636, 0.602, 0.522, 0.734, 0.574, 0.668, 0.51, 0.586, 0.464, 0.61, 0.636, 0.758, 0.64, 0.48, 0.618, 0.632, 0.616, 0.678], [0.65, 0.63, 0.646, 0.596, 0.534, 0.734, 0.574, 0.666, 0.516, 0.586, 0.45, 0.606, 0.642, 0.75, 0.65, 0.486, 0.62, 0.632, 0.614, 0.67], [0.618, 0.622, 0.64, 0.604, 0.536, 0.718, 0.566, 0.668, 0.524, 0.586, 0.456, 0.596, 0.638, 0.754, 0.642, 0.474, 0.624, 0.614, 0.598, 0.666], [0.608, 0.618, 0.652, 0.61, 0.538, 0.72, 0.568, 0.666, 0.524, 0.588, 0.46, 0.596, 0.638, 0.756, 0.642, 0.478, 0.624, 0.612, 0.596, 0.668], [0.608, 0.61, 0.644, 0.612, 0.544, 0.716, 0.56, 0.668, 0.516, 0.582, 0.462, 0.592, 0.638, 0.758, 0.64, 0.482, 0.626, 0.61, 0.592, 0.664], [0.612, 0.616, 0.628, 0.616, 0.542, 0.714, 0.558, 0.66, 0.516, 0.582, 0.474, 0.58, 0.63, 0.756, 0.638, 0.482, 0.62, 0.61, 0.584, 0.666], [0.614, 0.604, 0.624, 0.624, 0.544, 0.714, 0.554, 0.668, 0.512, 0.586, 0.482, 0.596, 0.628, 0.768, 0.646, 0.472, 0.612, 0.62, 0.59, 0.67], [0.618, 0.614, 0.648, 0.608, 0.538, 0.72, 0.564, 0.662, 0.516, 0.58, 0.464, 0.598, 0.638, 0.756, 0.648, 0.476, 0.622, 0.626, 0.598, 0.666], [0.634, 0.616, 0.636, 0.606, 0.54, 0.726, 0.564, 0.656, 0.516, 0.588, 0.462, 0.598, 0.63, 0.754, 0.638, 0.478, 0.618, 0.628, 0.598, 0.662], [0.622, 0.614, 0.606, 0.622, 0.534, 0.708, 0.556, 0.658, 0.51, 0.596, 0.486, 0.588, 0.62, 0.76, 0.64, 0.484, 0.622, 0.606, 0.578, 0.658], [0.646, 0.62, 0.63, 0.594, 0.546, 0.724, 0.57, 0.66, 0.52, 0.592, 0.448, 0.6, 0.638, 0.754, 0.638, 0.482, 0.616, 0.624, 0.6, 0.664], [0.644, 0.628, 0.626, 0.604, 0.54, 0.72, 0.568, 0.662, 0.528, 0.588, 0.454, 0.6, 0.644, 0.746, 0.65, 0.482, 0.624, 0.61, 0.602, 0.66], [0.65, 0.624, 0.638, 0.592, 0.542, 0.736, 0.568, 0.666, 0.524, 0.59, 0.444, 0.618, 0.636, 0.748, 0.638, 0.482, 0.614, 0.608, 0.612, 0.66], [0.644, 0.642, 0.634, 0.586, 0.538, 0.728, 0.554, 0.656, 0.514, 0.582, 0.468, 0.608, 0.642, 0.75, 0.646, 0.486, 0.62, 0.608, 0.618, 0.666], [0.664, 0.634, 0.632, 0.62, 0.536, 0.74, 0.558, 0.65, 0.518, 0.582, 0.454, 0.584, 0.652, 0.762, 0.638, 0.478, 0.612, 0.634, 0.636, 0.69], [0.632, 0.628, 0.622, 0.616, 0.538, 0.716, 0.544, 0.656, 0.508, 0.57, 0.47, 0.584, 0.648, 0.754, 0.636, 0.47, 0.628, 0.596, 0.59, 0.666], [0.656, 0.628, 0.616, 0.62, 0.518, 0.724, 0.546, 0.648, 0.472, 0.572, 0.484, 0.58, 0.636, 0.764, 0.638, 0.456, 0.616, 0.596, 0.592, 0.666], [0.644, 0.606, 0.636, 0.594, 0.526, 0.728, 0.55, 0.66, 0.502, 0.564, 0.448, 0.62, 0.648, 0.742, 0.646, 0.484, 0.608, 0.592, 0.604, 0.676], [0.642, 0.624, 0.592, 0.636, 0.54, 0.714, 0.548, 0.636, 0.498, 0.578, 0.476, 0.564, 0.634, 0.766, 0.632, 0.452, 0.606, 0.594, 0.584, 0.65]]
20
20
Plot  0  Done
Average Retain Accuracies:  [0.6628, 0.6596, 0.652, 0.628, 0.6272, 0.6236, 0.622, 0.6284, 0.6308, 0.6408, 0.6296, 0.6436, 0.6488, 0.6544, 0.6616, 0.6816, 0.6348, 0.6604, 0.6488, 0.6576]
Average Forget Accuracies:  [0.6348631578947368, 0.6386315789473684, 0.6390105263157895, 0.6349052631578948, 0.633578947368421, 0.6339368421052631, 0.631957894736842, 0.6314736842105263, 0.6339368421052631, 0.6335157894736843, 0.6285263157894737, 0.634778947368421, 0.634821052631579, 0.6371789473684211, 0.6348631578947368, 0.6370736842105263, 0.6311578947368421, 0.6252421052631579, 0.6325263157894737, 0.621621052631579]
Average Retain Test Accuracies:  [0.664, 0.662, 0.65, 0.618, 0.608, 0.608, 0.612, 0.614, 0.618, 0.634, 0.622, 0.646, 0.644, 0.65, 0.644, 0.664, 0.632, 0.656, 0.644, 0.642]
Average Forget Test Accuracies:  [0.61, 0.6096842105263158, 0.6106315789473684, 0.6066315789473684, 0.6081052631578947, 0.6061052631578947, 0.6037894736842105, 0.606, 0.6074736842105263, 0.606, 0.602421052631579, 0.6063157894736843, 0.6071578947368421, 0.6073684210526316, 0.6076842105263158, 0.6110526315789474, 0.6021052631578947, 0.5985263157894737, 0.6017894736842105, 0.596]
Done
