Requirement already satisfied: pyyaml in /usr/lib64/python3.12/site-packages (6.0.1)
Requirement already satisfied: setuptools in /usr/lib/python3.12/site-packages (68.2.2)
Requirement already satisfied: matplotlib in /dcs/21/u2145461/.local/lib/python3.12/site-packages (3.10.1)
Requirement already satisfied: contourpy>=1.0.1 in /dcs/21/u2145461/.local/lib/python3.12/site-packages (from matplotlib) (1.3.1)
Requirement already satisfied: cycler>=0.10 in /dcs/21/u2145461/.local/lib/python3.12/site-packages (from matplotlib) (0.12.1)
Requirement already satisfied: fonttools>=4.22.0 in /dcs/21/u2145461/.local/lib/python3.12/site-packages (from matplotlib) (4.56.0)
Requirement already satisfied: kiwisolver>=1.3.1 in /dcs/21/u2145461/.local/lib/python3.12/site-packages (from matplotlib) (1.4.8)
Requirement already satisfied: numpy>=1.23 in /dcs/21/u2145461/.local/lib/python3.12/site-packages (from matplotlib) (2.2.3)
Requirement already satisfied: packaging>=20.0 in /dcs/21/u2145461/.local/lib/python3.12/site-packages (from matplotlib) (24.2)
Requirement already satisfied: pillow>=8 in /dcs/21/u2145461/.local/lib/python3.12/site-packages (from matplotlib) (11.0.0)
Requirement already satisfied: pyparsing>=2.3.1 in /dcs/21/u2145461/.local/lib/python3.12/site-packages (from matplotlib) (3.2.1)
Requirement already satisfied: python-dateutil>=2.7 in /dcs/21/u2145461/.local/lib/python3.12/site-packages (from matplotlib) (2.9.0.post0)
Requirement already satisfied: six>=1.5 in /dcs/21/u2145461/.local/lib/python3.12/site-packages (from python-dateutil>=2.7->matplotlib) (1.17.0)
Requirement already satisfied: quadprog in /dcs/21/u2145461/.local/lib/python3.12/site-packages (0.1.13)
Requirement already satisfied: numpy in /dcs/21/u2145461/.local/lib/python3.12/site-packages (from quadprog) (2.2.3)
Requirement already satisfied: pyparsing in /dcs/21/u2145461/.local/lib/python3.12/site-packages (3.2.1)
Wed Mar  5 21:43:01 2025       
+-----------------------------------------------------------------------------------------+
| NVIDIA-SMI 550.144.03             Driver Version: 550.144.03     CUDA Version: 12.4     |
|-----------------------------------------+------------------------+----------------------+
| GPU  Name                 Persistence-M | Bus-Id          Disp.A | Volatile Uncorr. ECC |
| Fan  Temp   Perf          Pwr:Usage/Cap |           Memory-Usage | GPU-Util  Compute M. |
|                                         |                        |               MIG M. |
|=========================================+========================+======================|
|   0  NVIDIA A10                     On  |   00000000:25:00.0 Off |                    0 |
|  0%   50C    P8             16W /  150W |       1MiB /  23028MiB |      1%      Default |
|                                         |                        |                  N/A |
+-----------------------------------------+------------------------+----------------------+
                                                                                         
+-----------------------------------------------------------------------------------------+
| Processes:                                                                              |
|  GPU   GI   CI        PID   Type   Process name                              GPU Memory |
|        ID   ID                                                               Usage      |
|=========================================================================================|
|  No running processes found                                                             |
+-----------------------------------------------------------------------------------------+
Python 3.12.8
./cifar-100-python/train
./cifar-100-python/test
100
cifar-100-python/train
cifar-100-python/test
new ordering of classes:  ['crocodile', 'table', 'bee', 'shark', 'worm', 'lobster', 'clock', 'snake', 'flatfish', 'tulips', 'pickup truck', 'raccoon', 'castle', 'oranges', 'shrew', 'bed', 'mouse', 'caterpillar', 'aquarium fish', 'seal', 'whale', 'squirrel', 'camel', 'television', 'cloud', 'couch', 'mushrooms', 'willow', 'cattle', 'man', 'lamp', 'possum', 'chimpanzee', 'house', 'cans', 'lawn-mower', 'woman', 'mountain', 'cockroach', 'fox', 'sunflowers', 'palm', 'bridge', 'apples', 'telephone', 'beaver', 'maple', 'poppies', 'hamster', 'cups', 'dinosaur', 'tiger', 'roses', 'sweet peppers', 'bowls', 'chair', 'lizard', 'elephant', 'wardrobe', 'forest', 'skunk', 'dolphin', 'turtle', 'orchids', 'otter', 'ray', 'kangaroo', 'bicycle', 'rabbit', 'pine', 'train', 'oak', 'computer keyboard', 'crab', 'plain', 'spider', 'road', 'bottles', 'motorcycle', 'lion', 'rocket', 'skyscraper', 'beetle', 'bus', 'leopard', 'butterfly', 'porcupine', 'baby', 'streetcar', 'trout', 'bear', 'wolf', 'tank', 'plates', 'tractor', 'sea', 'snail', 'boy', 'pears', 'girl']
Training task:  1
Training task:  2
Training task:  3
Training task:  4
Training task:  5
Training task:  6
Training task:  7
Training task:  8
Training task:  9
Training task:  10
Training task:  11
Training task:  12
Training task:  13
Training task:  14
Training task:  15
Training task:  16
Training task:  17
Training task:  18
Training task:  19
Training task:  20
Unlearning task:  20
Total correct retain:  1611  Total retain:  2500
Total correct forget:  36486  Total forget:  47500
Total correct test:  306  Total test:  500
Total correct forget test:  6431  Total test forget:  9500
Total correct retain:  1608  Total retain:  2500
Total correct forget:  36578  Total forget:  47500
Total correct test:  304  Total test:  500
Total correct forget test:  6490  Total test forget:  9500
Total correct retain:  1627  Total retain:  2500
Total correct forget:  36490  Total forget:  47500
Total correct test:  302  Total test:  500
Total correct forget test:  6406  Total test forget:  9500
Total correct retain:  1615  Total retain:  2500
Total correct forget:  36559  Total forget:  47500
Total correct test:  299  Total test:  500
Total correct forget test:  6483  Total test forget:  9500
Total correct retain:  1618  Total retain:  2500
Total correct forget:  36602  Total forget:  47500
Total correct test:  303  Total test:  500
Total correct forget test:  6418  Total test forget:  9500
Total correct retain:  1611  Total retain:  2500
Total correct forget:  36558  Total forget:  47500
Total correct test:  304  Total test:  500
Total correct forget test:  6467  Total test forget:  9500
Total correct retain:  1581  Total retain:  2500
Total correct forget:  36518  Total forget:  47500
Total correct test:  300  Total test:  500
Total correct forget test:  6397  Total test forget:  9500
Total correct retain:  1582  Total retain:  2500
Total correct forget:  36356  Total forget:  47500
Total correct test:  298  Total test:  500
Total correct forget test:  6407  Total test forget:  9500
Total correct retain:  1603  Total retain:  2500
Total correct forget:  36337  Total forget:  47500
Total correct test:  290  Total test:  500
Total correct forget test:  6405  Total test forget:  9500
Total correct retain:  1578  Total retain:  2500
Total correct forget:  35991  Total forget:  47500
Total correct test:  291  Total test:  500
Total correct forget test:  6371  Total test forget:  9500
Total correct retain:  1597  Total retain:  2500
Total correct forget:  36098  Total forget:  47500
Total correct test:  300  Total test:  500
Total correct forget test:  6396  Total test forget:  9500
Total correct retain:  1573  Total retain:  2500
Total correct forget:  36141  Total forget:  47500
Total correct test:  295  Total test:  500
Total correct forget test:  6379  Total test forget:  9500
Total correct retain:  1589  Total retain:  2500
Total correct forget:  35992  Total forget:  47500
Total correct test:  302  Total test:  500
Total correct forget test:  6362  Total test forget:  9500
Total correct retain:  1632  Total retain:  2500
Total correct forget:  35827  Total forget:  47500
Total correct test:  302  Total test:  500
Total correct forget test:  6324  Total test forget:  9500
Total correct retain:  1616  Total retain:  2500
Total correct forget:  35910  Total forget:  47500
Total correct test:  298  Total test:  500
Total correct forget test:  6303  Total test forget:  9500
Total correct retain:  1607  Total retain:  2500
Total correct forget:  35760  Total forget:  47500
Total correct test:  296  Total test:  500
Total correct forget test:  6316  Total test forget:  9500
Total correct retain:  1596  Total retain:  2500
Total correct forget:  35304  Total forget:  47500
Total correct test:  295  Total test:  500
Total correct forget test:  6205  Total test forget:  9500
Total correct retain:  1558  Total retain:  2500
Total correct forget:  34964  Total forget:  47500
Total correct test:  292  Total test:  500
Total correct forget test:  6178  Total test forget:  9500
Total correct retain:  1551  Total retain:  2500
Total correct forget:  34531  Total forget:  47500
Total correct test:  284  Total test:  500
Total correct forget test:  6156  Total test forget:  9500
Total correct retain:  1524  Total retain:  2500
Total correct forget:  33332  Total forget:  47500
Total correct test:  288  Total test:  500
Total correct forget test:  5944  Total test forget:  9500
Plot  0  Done
Average Retain Accuracies:  [0.6444, 0.6432, 0.6508, 0.646, 0.6472, 0.6444, 0.6324, 0.6328, 0.6412, 0.6312, 0.6388, 0.6292, 0.6356, 0.6528, 0.6464, 0.6428, 0.6384, 0.6232, 0.6204, 0.6096]
Average Forget Accuracies:  [0.7681263157894737, 0.7700631578947369, 0.7682105263157895, 0.7696631578947368, 0.7705684210526316, 0.7696421052631579, 0.7688, 0.7653894736842105, 0.7649894736842106, 0.7577052631578948, 0.759957894736842, 0.7608631578947368, 0.7577263157894737, 0.7542526315789474, 0.756, 0.7528421052631579, 0.7432421052631579, 0.7360842105263158, 0.7269684210526316, 0.7017263157894736]
Average Retain Test Accuracies:  [0.612, 0.608, 0.604, 0.598, 0.606, 0.608, 0.6, 0.596, 0.58, 0.582, 0.6, 0.59, 0.604, 0.604, 0.596, 0.592, 0.59, 0.584, 0.568, 0.576]
Average Forget Test Accuracies:  [0.6769473684210526, 0.6831578947368421, 0.6743157894736842, 0.6824210526315789, 0.6755789473684211, 0.6807368421052632, 0.6733684210526316, 0.6744210526315789, 0.6742105263157895, 0.6706315789473685, 0.6732631578947369, 0.6714736842105263, 0.6696842105263158, 0.6656842105263158, 0.6634736842105263, 0.6648421052631579, 0.6531578947368422, 0.6503157894736842, 0.648, 0.6256842105263158]
Done
