Requirement already satisfied: pyyaml in /usr/lib64/python3.12/site-packages (6.0.1)
Requirement already satisfied: setuptools in /usr/lib/python3.12/site-packages (68.2.2)
Requirement already satisfied: matplotlib in /dcs/21/u2145461/.local/lib/python3.12/site-packages (3.10.1)
Requirement already satisfied: contourpy>=1.0.1 in /dcs/21/u2145461/.local/lib/python3.12/site-packages (from matplotlib) (1.3.1)
Requirement already satisfied: cycler>=0.10 in /dcs/21/u2145461/.local/lib/python3.12/site-packages (from matplotlib) (0.12.1)
Requirement already satisfied: fonttools>=4.22.0 in /dcs/21/u2145461/.local/lib/python3.12/site-packages (from matplotlib) (4.56.0)
Requirement already satisfied: kiwisolver>=1.3.1 in /dcs/21/u2145461/.local/lib/python3.12/site-packages (from matplotlib) (1.4.8)
Requirement already satisfied: numpy>=1.23 in /dcs/21/u2145461/.local/lib/python3.12/site-packages (from matplotlib) (2.2.3)
Requirement already satisfied: packaging>=20.0 in /dcs/21/u2145461/.local/lib/python3.12/site-packages (from matplotlib) (24.2)
Requirement already satisfied: pillow>=8 in /dcs/21/u2145461/.local/lib/python3.12/site-packages (from matplotlib) (11.0.0)
Requirement already satisfied: pyparsing>=2.3.1 in /dcs/21/u2145461/.local/lib/python3.12/site-packages (from matplotlib) (3.2.1)
Requirement already satisfied: python-dateutil>=2.7 in /dcs/21/u2145461/.local/lib/python3.12/site-packages (from matplotlib) (2.9.0.post0)
Requirement already satisfied: six>=1.5 in /dcs/21/u2145461/.local/lib/python3.12/site-packages (from python-dateutil>=2.7->matplotlib) (1.17.0)
Requirement already satisfied: quadprog in /dcs/21/u2145461/.local/lib/python3.12/site-packages (0.1.13)
Requirement already satisfied: numpy in /dcs/21/u2145461/.local/lib/python3.12/site-packages (from quadprog) (2.2.3)
Requirement already satisfied: pyparsing in /dcs/21/u2145461/.local/lib/python3.12/site-packages (3.2.1)
Wed Mar  5 23:38:25 2025       
+-----------------------------------------------------------------------------------------+
| NVIDIA-SMI 550.144.03             Driver Version: 550.144.03     CUDA Version: 12.4     |
|-----------------------------------------+------------------------+----------------------+
| GPU  Name                 Persistence-M | Bus-Id          Disp.A | Volatile Uncorr. ECC |
| Fan  Temp   Perf          Pwr:Usage/Cap |           Memory-Usage | GPU-Util  Compute M. |
|                                         |                        |               MIG M. |
|=========================================+========================+======================|
|   0  NVIDIA A10                     On  |   00000000:81:00.0 Off |                    0 |
|  0%   48C    P8             16W /  150W |       1MiB /  23028MiB |      0%      Default |
|                                         |                        |                  N/A |
+-----------------------------------------+------------------------+----------------------+
                                                                                         
+-----------------------------------------------------------------------------------------+
| Processes:                                                                              |
|  GPU   GI   CI        PID   Type   Process name                              GPU Memory |
|        ID   ID                                                               Usage      |
|=========================================================================================|
|  No running processes found                                                             |
+-----------------------------------------------------------------------------------------+
Python 3.12.8
./cifar-100-python/train
./cifar-100-python/test
100
cifar-100-python/train
cifar-100-python/test
new ordering of classes:  ['bottles', 'beaver', 'seal', 'skunk', 'plates', 'lobster', 'poppies', 'roses', 'road', 'forest', 'wardrobe', 'lion', 'sunflowers', 'apples', 'train', 'oranges', 'cockroach', 'willow', 'caterpillar', 'shrew', 'flatfish', 'beetle', 'possum', 'bicycle', 'orchids', 'woman', 'man', 'motorcycle', 'snail', 'pickup truck', 'palm', 'cups', 'clock', 'girl', 'mouse', 'dinosaur', 'television', 'streetcar', 'castle', 'boy', 'crab', 'snake', 'mountain', 'trout', 'leopard', 'pears', 'porcupine', 'spider', 'maple', 'lawn-mower', 'cloud', 'raccoon', 'cans', 'camel', 'bowls', 'tiger', 'skyscraper', 'couch', 'lizard', 'mushrooms', 'worm', 'telephone', 'kangaroo', 'elephant', 'dolphin', 'squirrel', 'chimpanzee', 'chair', 'plain', 'tulips', 'hamster', 'wolf', 'bee', 'bear', 'oak', 'ray', 'computer keyboard', 'aquarium fish', 'bed', 'tank', 'table', 'bridge', 'pine', 'baby', 'rabbit', 'house', 'bus', 'lamp', 'cattle', 'sea', 'rocket', 'crocodile', 'sweet peppers', 'tractor', 'turtle', 'fox', 'butterfly', 'whale', 'shark', 'otter']
Training task:  1
Training task:  2
Training task:  3
Training task:  4
Training task:  5
Training task:  6
Training task:  7
Training task:  8
Training task:  9
Training task:  10
Training task:  11
Training task:  12
Training task:  13
Training task:  14
Training task:  15
Training task:  16
Training task:  17
Training task:  18
Training task:  19
Training task:  20
Unlearning task:  20
Total correct retain:  1641  Total retain:  2500
Total correct forget:  36117  Total forget:  47500
Total correct test:  314  Total test:  500
Total correct forget test:  6270  Total test forget:  9500
Total correct retain:  1659  Total retain:  2500
Total correct forget:  36159  Total forget:  47500
Total correct test:  312  Total test:  500
Total correct forget test:  6318  Total test forget:  9500
Total correct retain:  1649  Total retain:  2500
Total correct forget:  36666  Total forget:  47500
Total correct test:  316  Total test:  500
Total correct forget test:  6417  Total test forget:  9500
Total correct retain:  1664  Total retain:  2500
Total correct forget:  36389  Total forget:  47500
Total correct test:  314  Total test:  500
Total correct forget test:  6336  Total test forget:  9500
Total correct retain:  1683  Total retain:  2500
Total correct forget:  36492  Total forget:  47500
Total correct test:  323  Total test:  500
Total correct forget test:  6380  Total test forget:  9500
Total correct retain:  1678  Total retain:  2500
Total correct forget:  36529  Total forget:  47500
Total correct test:  328  Total test:  500
Total correct forget test:  6427  Total test forget:  9500
Total correct retain:  1687  Total retain:  2500
Total correct forget:  36113  Total forget:  47500
Total correct test:  322  Total test:  500
Total correct forget test:  6351  Total test forget:  9500
Total correct retain:  1664  Total retain:  2500
Total correct forget:  36578  Total forget:  47500
Total correct test:  324  Total test:  500
Total correct forget test:  6447  Total test forget:  9500
Total correct retain:  1686  Total retain:  2500
Total correct forget:  36301  Total forget:  47500
Total correct test:  322  Total test:  500
Total correct forget test:  6393  Total test forget:  9500
Total correct retain:  1685  Total retain:  2500
Total correct forget:  36207  Total forget:  47500
Total correct test:  324  Total test:  500
Total correct forget test:  6385  Total test forget:  9500
Total correct retain:  1683  Total retain:  2500
Total correct forget:  36274  Total forget:  47500
Total correct test:  328  Total test:  500
Total correct forget test:  6406  Total test forget:  9500
Total correct retain:  1639  Total retain:  2500
Total correct forget:  36040  Total forget:  47500
Total correct test:  321  Total test:  500
Total correct forget test:  6349  Total test forget:  9500
Total correct retain:  1654  Total retain:  2500
Total correct forget:  35965  Total forget:  47500
Total correct test:  327  Total test:  500
Total correct forget test:  6334  Total test forget:  9500
Total correct retain:  1647  Total retain:  2500
Total correct forget:  36193  Total forget:  47500
Total correct test:  322  Total test:  500
Total correct forget test:  6367  Total test forget:  9500
Total correct retain:  1667  Total retain:  2500
Total correct forget:  35383  Total forget:  47500
Total correct test:  318  Total test:  500
Total correct forget test:  6278  Total test forget:  9500
Total correct retain:  1684  Total retain:  2500
Total correct forget:  35447  Total forget:  47500
Total correct test:  323  Total test:  500
Total correct forget test:  6265  Total test forget:  9500
Total correct retain:  1665  Total retain:  2500
Total correct forget:  34452  Total forget:  47500
Total correct test:  321  Total test:  500
Total correct forget test:  6147  Total test forget:  9500
Total correct retain:  1624  Total retain:  2500
Total correct forget:  34641  Total forget:  47500
Total correct test:  308  Total test:  500
Total correct forget test:  6171  Total test forget:  9500
Total correct retain:  1483  Total retain:  2500
Total correct forget:  32828  Total forget:  47500
Total correct test:  284  Total test:  500
Total correct forget test:  5947  Total test forget:  9500
Total correct retain:  1603  Total retain:  2500
Total correct forget:  31513  Total forget:  47500
Total correct test:  316  Total test:  500
Total correct forget test:  5698  Total test forget:  9500
100
cifar-100-python/train
cifar-100-python/test
new ordering of classes:  ['cattle', 'wardrobe', 'rocket', 'train', 'beaver', 'trout', 'hamster', 'skunk', 'pickup truck', 'sea', 'snail', 'boy', 'dolphin', 'lion', 'elephant', 'cockroach', 'streetcar', 'camel', 'man', 'flatfish', 'lamp', 'lawn-mower', 'computer keyboard', 'willow', 'television', 'forest', 'telephone', 'bear', 'beetle', 'cans', 'clock', 'castle', 'mountain', 'mouse', 'crab', 'tulips', 'pears', 'whale', 'plain', 'turtle', 'otter', 'bee', 'poppies', 'girl', 'oranges', 'shark', 'aquarium fish', 'lizard', 'fox', 'leopard', 'spider', 'roses', 'chimpanzee', 'butterfly', 'baby', 'table', 'caterpillar', 'wolf', 'snake', 'mushrooms', 'couch', 'possum', 'tank', 'ray', 'shrew', 'orchids', 'kangaroo', 'dinosaur', 'maple', 'sweet peppers', 'worm', 'squirrel', 'sunflowers', 'bridge', 'bicycle', 'bed', 'cups', 'rabbit', 'cloud', 'oak', 'road', 'lobster', 'porcupine', 'skyscraper', 'apples', 'plates', 'raccoon', 'tiger', 'motorcycle', 'bottles', 'tractor', 'bowls', 'seal', 'house', 'woman', 'pine', 'chair', 'bus', 'crocodile', 'palm']
Training task:  1
Training task:  2
Training task:  3
Training task:  4
Training task:  5
Training task:  6
Training task:  7
Training task:  8
Training task:  9
Training task:  10
Training task:  11
Training task:  12
Training task:  13
Training task:  14
Training task:  15
Training task:  16
Training task:  17
Training task:  18
Training task:  19
Training task:  20
Unlearning task:  20
Total correct retain:  1817  Total retain:  2500
Total correct forget:  37756  Total forget:  47500
Total correct test:  359  Total test:  500
Total correct forget test:  6622  Total test forget:  9500
Total correct retain:  1822  Total retain:  2500
Total correct forget:  37781  Total forget:  47500
Total correct test:  353  Total test:  500
Total correct forget test:  6640  Total test forget:  9500
Total correct retain:  1770  Total retain:  2500
Total correct forget:  37515  Total forget:  47500
Total correct test:  344  Total test:  500
Total correct forget test:  6571  Total test forget:  9500
Total correct retain:  1809  Total retain:  2500
Total correct forget:  37677  Total forget:  47500
Total correct test:  353  Total test:  500
Total correct forget test:  6599  Total test forget:  9500
Total correct retain:  1819  Total retain:  2500
Total correct forget:  37757  Total forget:  47500
Total correct test:  356  Total test:  500
Total correct forget test:  6656  Total test forget:  9500
Total correct retain:  1810  Total retain:  2500
Total correct forget:  37716  Total forget:  47500
Total correct test:  358  Total test:  500
Total correct forget test:  6608  Total test forget:  9500
Total correct retain:  1811  Total retain:  2500
Total correct forget:  37722  Total forget:  47500
Total correct test:  345  Total test:  500
Total correct forget test:  6628  Total test forget:  9500
Total correct retain:  1816  Total retain:  2500
Total correct forget:  37620  Total forget:  47500
Total correct test:  351  Total test:  500
Total correct forget test:  6624  Total test forget:  9500
Total correct retain:  1776  Total retain:  2500
Total correct forget:  37383  Total forget:  47500
Total correct test:  341  Total test:  500
Total correct forget test:  6590  Total test forget:  9500
Total correct retain:  1828  Total retain:  2500
Total correct forget:  37255  Total forget:  47500
Total correct test:  357  Total test:  500
Total correct forget test:  6573  Total test forget:  9500
Total correct retain:  1833  Total retain:  2500
Total correct forget:  37226  Total forget:  47500
Total correct test:  356  Total test:  500
Total correct forget test:  6588  Total test forget:  9500
Total correct retain:  1765  Total retain:  2500
Total correct forget:  37282  Total forget:  47500
Total correct test:  340  Total test:  500
Total correct forget test:  6614  Total test forget:  9500
Total correct retain:  1836  Total retain:  2500
Total correct forget:  36610  Total forget:  47500
Total correct test:  353  Total test:  500
Total correct forget test:  6470  Total test forget:  9500
Total correct retain:  1734  Total retain:  2500
Total correct forget:  35927  Total forget:  47500
Total correct test:  344  Total test:  500
Total correct forget test:  6431  Total test forget:  9500
Total correct retain:  1684  Total retain:  2500
Total correct forget:  35387  Total forget:  47500
Total correct test:  330  Total test:  500
Total correct forget test:  6324  Total test forget:  9500
Total correct retain:  1763  Total retain:  2500
Total correct forget:  34448  Total forget:  47500
Total correct test:  342  Total test:  500
Total correct forget test:  6236  Total test forget:  9500
Total correct retain:  1753  Total retain:  2500
Total correct forget:  34770  Total forget:  47500
Total correct test:  346  Total test:  500
Total correct forget test:  6299  Total test forget:  9500
Total correct retain:  1734  Total retain:  2500
Total correct forget:  33913  Total forget:  47500
Total correct test:  344  Total test:  500
Total correct forget test:  6136  Total test forget:  9500
Total correct retain:  1748  Total retain:  2500
Total correct forget:  32387  Total forget:  47500
Total correct test:  340  Total test:  500
Total correct forget test:  5965  Total test forget:  9500
Total correct retain:  1411  Total retain:  2500
Total correct forget:  25990  Total forget:  47500
Total correct test:  283  Total test:  500
Total correct forget test:  4836  Total test forget:  9500
100
cifar-100-python/train
cifar-100-python/test
new ordering of classes:  ['poppies', 'crocodile', 'plates', 'baby', 'apples', 'crab', 'mountain', 'cockroach', 'sweet peppers', 'aquarium fish', 'forest', 'trout', 'telephone', 'rocket', 'spider', 'lobster', 'cattle', 'leopard', 'sunflowers', 'snake', 'kangaroo', 'lawn-mower', 'maple', 'tractor', 'wolf', 'elephant', 'bowls', 'couch', 'squirrel', 'dolphin', 'bed', 'cloud', 'table', 'palm', 'streetcar', 'boy', 'train', 'skyscraper', 'bridge', 'pears', 'plain', 'woman', 'beaver', 'hamster', 'dinosaur', 'turtle', 'television', 'clock', 'mouse', 'oak', 'castle', 'seal', 'lamp', 'possum', 'chimpanzee', 'skunk', 'shrew', 'tiger', 'tank', 'rabbit', 'otter', 'raccoon', 'tulips', 'cans', 'house', 'oranges', 'whale', 'willow', 'lion', 'fox', 'camel', 'flatfish', 'pickup truck', 'ray', 'caterpillar', 'girl', 'bicycle', 'bottles', 'orchids', 'bus', 'mushrooms', 'motorcycle', 'shark', 'lizard', 'pine', 'butterfly', 'porcupine', 'man', 'snail', 'beetle', 'computer keyboard', 'worm', 'chair', 'bee', 'cups', 'wardrobe', 'road', 'bear', 'sea', 'roses']
Training task:  1
Training task:  2
Training task:  3
Training task:  4
Training task:  5
Training task:  6
Training task:  7
Training task:  8
Training task:  9
Training task:  10
Training task:  11
Training task:  12
Training task:  13
Training task:  14
Training task:  15
Training task:  16
Training task:  17
Training task:  18
Training task:  19
Training task:  20
Unlearning task:  20
Total correct retain:  1613  Total retain:  2500
Total correct forget:  37069  Total forget:  47500
Total correct test:  301  Total test:  500
Total correct forget test:  6381  Total test forget:  9500
Total correct retain:  1581  Total retain:  2500
Total correct forget:  36745  Total forget:  47500
Total correct test:  294  Total test:  500
Total correct forget test:  6324  Total test forget:  9500
Total correct retain:  1599  Total retain:  2500
Total correct forget:  36934  Total forget:  47500
Total correct test:  301  Total test:  500
Total correct forget test:  6342  Total test forget:  9500
Total correct retain:  1562  Total retain:  2500
Total correct forget:  36902  Total forget:  47500
Total correct test:  294  Total test:  500
Total correct forget test:  6334  Total test forget:  9500
Total correct retain:  1565  Total retain:  2500
Total correct forget:  37049  Total forget:  47500
Total correct test:  292  Total test:  500
Total correct forget test:  6389  Total test forget:  9500
Total correct retain:  1614  Total retain:  2500
Total correct forget:  36920  Total forget:  47500
Total correct test:  301  Total test:  500
Total correct forget test:  6379  Total test forget:  9500
Total correct retain:  1570  Total retain:  2500
Total correct forget:  37022  Total forget:  47500
Total correct test:  295  Total test:  500
Total correct forget test:  6377  Total test forget:  9500
Total correct retain:  1557  Total retain:  2500
Total correct forget:  36731  Total forget:  47500
Total correct test:  285  Total test:  500
Total correct forget test:  6310  Total test forget:  9500
Total correct retain:  1576  Total retain:  2500
Total correct forget:  36666  Total forget:  47500
Total correct test:  286  Total test:  500
Total correct forget test:  6324  Total test forget:  9500
Total correct retain:  1522  Total retain:  2500
Total correct forget:  36464  Total forget:  47500
Total correct test:  286  Total test:  500
Total correct forget test:  6311  Total test forget:  9500
Total correct retain:  1504  Total retain:  2500
Total correct forget:  35859  Total forget:  47500
Total correct test:  280  Total test:  500
Total correct forget test:  6247  Total test forget:  9500
Total correct retain:  1530  Total retain:  2500
Total correct forget:  36266  Total forget:  47500
Total correct test:  288  Total test:  500
Total correct forget test:  6309  Total test forget:  9500
Total correct retain:  1507  Total retain:  2500
Total correct forget:  35623  Total forget:  47500
Total correct test:  279  Total test:  500
Total correct forget test:  6204  Total test forget:  9500
Total correct retain:  1580  Total retain:  2500
Total correct forget:  36343  Total forget:  47500
Total correct test:  300  Total test:  500
Total correct forget test:  6339  Total test forget:  9500
Total correct retain:  1510  Total retain:  2500
Total correct forget:  35644  Total forget:  47500
Total correct test:  294  Total test:  500
Total correct forget test:  6210  Total test forget:  9500
Total correct retain:  1564  Total retain:  2500
Total correct forget:  35538  Total forget:  47500
Total correct test:  296  Total test:  500
Total correct forget test:  6161  Total test forget:  9500
Total correct retain:  1594  Total retain:  2500
Total correct forget:  35790  Total forget:  47500
Total correct test:  296  Total test:  500
Total correct forget test:  6240  Total test forget:  9500
Total correct retain:  1565  Total retain:  2500
Total correct forget:  34646  Total forget:  47500
Total correct test:  303  Total test:  500
Total correct forget test:  6024  Total test forget:  9500
Total correct retain:  1580  Total retain:  2500
Total correct forget:  33793  Total forget:  47500
Total correct test:  296  Total test:  500
Total correct forget test:  5868  Total test forget:  9500
Total correct retain:  1612  Total retain:  2500
Total correct forget:  31613  Total forget:  47500
Total correct test:  310  Total test:  500
Total correct forget test:  5541  Total test forget:  9500
100
cifar-100-python/train
cifar-100-python/test
new ordering of classes:  ['willow', 'rabbit', 'aquarium fish', 'plain', 'train', 'woman', 'poppies', 'computer keyboard', 'spider', 'crocodile', 'clock', 'bridge', 'mouse', 'skunk', 'couch', 'orchids', 'castle', 'maple', 'otter', 'seal', 'raccoon', 'streetcar', 'ray', 'mountain', 'trout', 'bear', 'cloud', 'roses', 'squirrel', 'bowls', 'man', 'caterpillar', 'crab', 'lion', 'television', 'shark', 'hamster', 'lobster', 'cups', 'palm', 'motorcycle', 'tank', 'bicycle', 'chair', 'skyscraper', 'sunflowers', 'cattle', 'plates', 'beaver', 'flatfish', 'baby', 'dinosaur', 'wolf', 'leopard', 'possum', 'road', 'lawn-mower', 'forest', 'dolphin', 'butterfly', 'shrew', 'rocket', 'fox', 'pickup truck', 'mushrooms', 'table', 'bed', 'bottles', 'chimpanzee', 'oak', 'lizard', 'pears', 'boy', 'pine', 'whale', 'porcupine', 'sea', 'sweet peppers', 'tiger', 'lamp', 'worm', 'wardrobe', 'turtle', 'tulips', 'girl', 'apples', 'oranges', 'cans', 'telephone', 'snake', 'house', 'kangaroo', 'elephant', 'bee', 'snail', 'beetle', 'bus', 'tractor', 'cockroach', 'camel']
Training task:  1
Training task:  2
Training task:  3
Training task:  4
Training task:  5
Training task:  6
Training task:  7
Training task:  8
Training task:  9
Training task:  10
Training task:  11
Training task:  12
Training task:  13
Training task:  14
Training task:  15
Training task:  16
Training task:  17
Training task:  18
Training task:  19
Training task:  20
Unlearning task:  20
Total correct retain:  1714  Total retain:  2500
Total correct forget:  35129  Total forget:  47500
Total correct test:  333  Total test:  500
Total correct forget test:  6298  Total test forget:  9500
Total correct retain:  1757  Total retain:  2500
Total correct forget:  35348  Total forget:  47500
Total correct test:  333  Total test:  500
Total correct forget test:  6347  Total test forget:  9500
Total correct retain:  1747  Total retain:  2500
Total correct forget:  35244  Total forget:  47500
Total correct test:  328  Total test:  500
Total correct forget test:  6361  Total test forget:  9500
Total correct retain:  1739  Total retain:  2500
Total correct forget:  35244  Total forget:  47500
Total correct test:  324  Total test:  500
Total correct forget test:  6378  Total test forget:  9500
Total correct retain:  1804  Total retain:  2500
Total correct forget:  35464  Total forget:  47500
Total correct test:  346  Total test:  500
Total correct forget test:  6380  Total test forget:  9500
Total correct retain:  1807  Total retain:  2500
Total correct forget:  35447  Total forget:  47500
Total correct test:  348  Total test:  500
Total correct forget test:  6377  Total test forget:  9500
Total correct retain:  1796  Total retain:  2500
Total correct forget:  35411  Total forget:  47500
Total correct test:  348  Total test:  500
Total correct forget test:  6374  Total test forget:  9500
Total correct retain:  1828  Total retain:  2500
Total correct forget:  35287  Total forget:  47500
Total correct test:  354  Total test:  500
Total correct forget test:  6354  Total test forget:  9500
Total correct retain:  1822  Total retain:  2500
Total correct forget:  35257  Total forget:  47500
Total correct test:  342  Total test:  500
Total correct forget test:  6332  Total test forget:  9500
Total correct retain:  1759  Total retain:  2500
Total correct forget:  35056  Total forget:  47500
Total correct test:  330  Total test:  500
Total correct forget test:  6279  Total test forget:  9500
Total correct retain:  1800  Total retain:  2500
Total correct forget:  35157  Total forget:  47500
Total correct test:  346  Total test:  500
Total correct forget test:  6300  Total test forget:  9500
Total correct retain:  1818  Total retain:  2500
Total correct forget:  35365  Total forget:  47500
Total correct test:  352  Total test:  500
Total correct forget test:  6383  Total test forget:  9500
Total correct retain:  1824  Total retain:  2500
Total correct forget:  35069  Total forget:  47500
Total correct test:  355  Total test:  500
Total correct forget test:  6325  Total test forget:  9500
Total correct retain:  1836  Total retain:  2500
Total correct forget:  35391  Total forget:  47500
Total correct test:  355  Total test:  500
Total correct forget test:  6374  Total test forget:  9500
Total correct retain:  1836  Total retain:  2500
Total correct forget:  35038  Total forget:  47500
Total correct test:  351  Total test:  500
Total correct forget test:  6302  Total test forget:  9500
Total correct retain:  1813  Total retain:  2500
Total correct forget:  35004  Total forget:  47500
Total correct test:  344  Total test:  500
Total correct forget test:  6294  Total test forget:  9500
Total correct retain:  1872  Total retain:  2500
Total correct forget:  34498  Total forget:  47500
Total correct test:  364  Total test:  500
Total correct forget test:  6199  Total test forget:  9500
Total correct retain:  1920  Total retain:  2500
Total correct forget:  34475  Total forget:  47500
Total correct test:  379  Total test:  500
Total correct forget test:  6227  Total test forget:  9500
Total correct retain:  1766  Total retain:  2500
Total correct forget:  34898  Total forget:  47500
Total correct test:  343  Total test:  500
Total correct forget test:  6307  Total test forget:  9500
Total correct retain:  1763  Total retain:  2500
Total correct forget:  34345  Total forget:  47500
Total correct test:  336  Total test:  500
Total correct forget test:  6294  Total test forget:  9500
100
cifar-100-python/train
cifar-100-python/test
new ordering of classes:  ['orchids', 'pears', 'otter', 'bottles', 'fox', 'snake', 'crocodile', 'raccoon', 'lion', 'telephone', 'castle', 'cans', 'shark', 'maple', 'roses', 'palm', 'girl', 'dinosaur', 'bicycle', 'spider', 'lamp', 'streetcar', 'elephant', 'snail', 'cups', 'whale', 'pickup truck', 'camel', 'chimpanzee', 'butterfly', 'plates', 'tulips', 'tiger', 'oak', 'caterpillar', 'pine', 'tank', 'road', 'flatfish', 'sunflowers', 'baby', 'cattle', 'train', 'mushrooms', 'kangaroo', 'wolf', 'skunk', 'oranges', 'cockroach', 'worm', 'ray', 'man', 'couch', 'computer keyboard', 'woman', 'television', 'bridge', 'rabbit', 'mountain', 'motorcycle', 'skyscraper', 'sweet peppers', 'porcupine', 'trout', 'lobster', 'willow', 'house', 'lizard', 'apples', 'possum', 'squirrel', 'plain', 'bus', 'leopard', 'beaver', 'cloud', 'wardrobe', 'tractor', 'dolphin', 'aquarium fish', 'seal', 'mouse', 'forest', 'turtle', 'bed', 'table', 'lawn-mower', 'bee', 'bear', 'chair', 'hamster', 'sea', 'boy', 'poppies', 'bowls', 'crab', 'shrew', 'clock', 'rocket', 'beetle']
Training task:  1
Training task:  2
Training task:  3
Training task:  4
Training task:  5
Training task:  6
Training task:  7
Training task:  8
Training task:  9
Training task:  10
Training task:  11
Training task:  12
Training task:  13
Training task:  14
Training task:  15
Training task:  16
Training task:  17
Training task:  18
Training task:  19
Training task:  20
Unlearning task:  20
Total correct retain:  1559  Total retain:  2500
Total correct forget:  37264  Total forget:  47500
Total correct test:  286  Total test:  500
Total correct forget test:  6417  Total test forget:  9500
Total correct retain:  1558  Total retain:  2500
Total correct forget:  37441  Total forget:  47500
Total correct test:  287  Total test:  500
Total correct forget test:  6489  Total test forget:  9500
Total correct retain:  1575  Total retain:  2500
Total correct forget:  37492  Total forget:  47500
Total correct test:  298  Total test:  500
Total correct forget test:  6521  Total test forget:  9500
Total correct retain:  1561  Total retain:  2500
Total correct forget:  37298  Total forget:  47500
Total correct test:  295  Total test:  500
Total correct forget test:  6464  Total test forget:  9500
Total correct retain:  1568  Total retain:  2500
Total correct forget:  37496  Total forget:  47500
Total correct test:  287  Total test:  500
Total correct forget test:  6506  Total test forget:  9500
Total correct retain:  1579  Total retain:  2500
Total correct forget:  37440  Total forget:  47500
Total correct test:  295  Total test:  500
Total correct forget test:  6535  Total test forget:  9500
Total correct retain:  1542  Total retain:  2500
Total correct forget:  37417  Total forget:  47500
Total correct test:  280  Total test:  500
Total correct forget test:  6514  Total test forget:  9500
Total correct retain:  1566  Total retain:  2500
Total correct forget:  37287  Total forget:  47500
Total correct test:  294  Total test:  500
Total correct forget test:  6543  Total test forget:  9500
Total correct retain:  1581  Total retain:  2500
Total correct forget:  37408  Total forget:  47500
Total correct test:  296  Total test:  500
Total correct forget test:  6508  Total test forget:  9500
Total correct retain:  1571  Total retain:  2500
Total correct forget:  37067  Total forget:  47500
Total correct test:  291  Total test:  500
Total correct forget test:  6429  Total test forget:  9500
Total correct retain:  1561  Total retain:  2500
Total correct forget:  37331  Total forget:  47500
Total correct test:  288  Total test:  500
Total correct forget test:  6540  Total test forget:  9500
Total correct retain:  1560  Total retain:  2500
Total correct forget:  36818  Total forget:  47500
Total correct test:  292  Total test:  500
Total correct forget test:  6436  Total test forget:  9500
Total correct retain:  1532  Total retain:  2500
Total correct forget:  36939  Total forget:  47500
Total correct test:  279  Total test:  500
Total correct forget test:  6464  Total test forget:  9500
Total correct retain:  1543  Total retain:  2500
Total correct forget:  36611  Total forget:  47500
Total correct test:  283  Total test:  500
Total correct forget test:  6437  Total test forget:  9500
Total correct retain:  1578  Total retain:  2500
Total correct forget:  36430  Total forget:  47500
Total correct test:  291  Total test:  500
Total correct forget test:  6442  Total test forget:  9500
Total correct retain:  1502  Total retain:  2500
Total correct forget:  36301  Total forget:  47500
Total correct test:  277  Total test:  500
Total correct forget test:  6379  Total test forget:  9500
Total correct retain:  1552  Total retain:  2500
Total correct forget:  36007  Total forget:  47500
Total correct test:  286  Total test:  500
Total correct forget test:  6345  Total test forget:  9500
Total correct retain:  1529  Total retain:  2500
Total correct forget:  35226  Total forget:  47500
Total correct test:  282  Total test:  500
Total correct forget test:  6189  Total test forget:  9500
Total correct retain:  1555  Total retain:  2500
Total correct forget:  34341  Total forget:  47500
Total correct test:  280  Total test:  500
Total correct forget test:  6051  Total test forget:  9500
Total correct retain:  1540  Total retain:  2500
Total correct forget:  30856  Total forget:  47500
Total correct test:  282  Total test:  500
Total correct forget test:  5479  Total test forget:  9500
Plot  0  Done
Average Retain Accuracies:  [0.6564, 0.6636, 0.6596, 0.6656, 0.6732, 0.6712, 0.6748, 0.6656, 0.6744, 0.674, 0.6732, 0.6556, 0.6616, 0.6588, 0.6668, 0.6736, 0.666, 0.6496, 0.5932, 0.6412]
Average Forget Accuracies:  [0.7603578947368421, 0.7612421052631579, 0.7719157894736842, 0.7660842105263158, 0.7682526315789474, 0.7690315789473684, 0.7602736842105263, 0.7700631578947369, 0.7642315789473684, 0.7622526315789474, 0.7636631578947368, 0.7587368421052632, 0.7571578947368421, 0.7619578947368421, 0.7449052631578947, 0.7462526315789474, 0.7253052631578948, 0.7292842105263158, 0.6911157894736842, 0.6634315789473684]
Average Retain Test Accuracies:  [0.628, 0.624, 0.632, 0.628, 0.646, 0.656, 0.644, 0.648, 0.644, 0.648, 0.656, 0.642, 0.654, 0.644, 0.636, 0.646, 0.642, 0.616, 0.568, 0.632]
Average Forget Test Accuracies:  [0.66, 0.6650526315789473, 0.6754736842105263, 0.6669473684210526, 0.671578947368421, 0.6765263157894736, 0.6685263157894736, 0.6786315789473685, 0.6729473684210526, 0.6721052631578948, 0.6743157894736842, 0.6683157894736842, 0.6667368421052632, 0.6702105263157895, 0.6608421052631579, 0.6594736842105263, 0.6470526315789473, 0.649578947368421, 0.626, 0.5997894736842105]
Done
Plot  1  Done
Average Retain Accuracies:  [0.7268, 0.7288, 0.708, 0.7236, 0.7276, 0.724, 0.7244, 0.7264, 0.7104, 0.7312, 0.7332, 0.706, 0.7344, 0.6936, 0.6736, 0.7052, 0.7012, 0.6936, 0.6992, 0.5644]
Average Forget Accuracies:  [0.7948631578947368, 0.7953894736842105, 0.7897894736842105, 0.7932, 0.7948842105263157, 0.794021052631579, 0.7941473684210526, 0.792, 0.7870105263157895, 0.7843157894736842, 0.7837052631578947, 0.7848842105263157, 0.7707368421052632, 0.7563578947368421, 0.7449894736842105, 0.725221052631579, 0.732, 0.7139578947368421, 0.6818315789473685, 0.5471578947368421]
Average Retain Test Accuracies:  [0.718, 0.706, 0.688, 0.706, 0.712, 0.716, 0.69, 0.702, 0.682, 0.714, 0.712, 0.68, 0.706, 0.688, 0.66, 0.684, 0.692, 0.688, 0.68, 0.566]
Average Forget Test Accuracies:  [0.6970526315789474, 0.6989473684210527, 0.6916842105263158, 0.6946315789473684, 0.7006315789473684, 0.6955789473684211, 0.6976842105263158, 0.6972631578947368, 0.6936842105263158, 0.6918947368421052, 0.6934736842105264, 0.6962105263157895, 0.6810526315789474, 0.6769473684210526, 0.6656842105263158, 0.6564210526315789, 0.6630526315789473, 0.6458947368421053, 0.6278947368421053, 0.5090526315789474]
Done
Plot  2  Done
Average Retain Accuracies:  [0.6452, 0.6324, 0.6396, 0.6248, 0.626, 0.6456, 0.628, 0.6228, 0.6304, 0.6088, 0.6016, 0.612, 0.6028, 0.632, 0.604, 0.6256, 0.6376, 0.626, 0.632, 0.6448]
Average Forget Accuracies:  [0.7804, 0.773578947368421, 0.7775578947368421, 0.7768842105263158, 0.7799789473684211, 0.7772631578947369, 0.7794105263157894, 0.7732842105263158, 0.7719157894736842, 0.7676631578947368, 0.7549263157894737, 0.7634947368421052, 0.7499578947368422, 0.7651157894736842, 0.7504, 0.7481684210526316, 0.7534736842105263, 0.7293894736842105, 0.7114315789473684, 0.6655368421052632]
Average Retain Test Accuracies:  [0.602, 0.588, 0.602, 0.588, 0.584, 0.602, 0.59, 0.57, 0.572, 0.572, 0.56, 0.576, 0.558, 0.6, 0.588, 0.592, 0.592, 0.606, 0.592, 0.62]
Average Forget Test Accuracies:  [0.6716842105263158, 0.6656842105263158, 0.667578947368421, 0.6667368421052632, 0.6725263157894736, 0.6714736842105263, 0.6712631578947369, 0.6642105263157895, 0.6656842105263158, 0.6643157894736842, 0.657578947368421, 0.6641052631578948, 0.6530526315789473, 0.6672631578947369, 0.6536842105263158, 0.6485263157894737, 0.6568421052631579, 0.6341052631578947, 0.6176842105263158, 0.5832631578947368]
Done
Plot  3  Done
Average Retain Accuracies:  [0.6856, 0.7028, 0.6988, 0.6956, 0.7216, 0.7228, 0.7184, 0.7312, 0.7288, 0.7036, 0.72, 0.7272, 0.7296, 0.7344, 0.7344, 0.7252, 0.7488, 0.768, 0.7064, 0.7052]
Average Forget Accuracies:  [0.7395578947368421, 0.7441684210526316, 0.7419789473684211, 0.7419789473684211, 0.7466105263157895, 0.7462526315789474, 0.7454947368421052, 0.7428842105263158, 0.7422526315789474, 0.7380210526315789, 0.7401473684210527, 0.7445263157894737, 0.7382947368421052, 0.7450736842105263, 0.7376421052631579, 0.7369263157894737, 0.7262736842105263, 0.7257894736842105, 0.7346947368421053, 0.7230526315789474]
Average Retain Test Accuracies:  [0.666, 0.666, 0.656, 0.648, 0.692, 0.696, 0.696, 0.708, 0.684, 0.66, 0.692, 0.704, 0.71, 0.71, 0.702, 0.688, 0.728, 0.758, 0.686, 0.672]
Average Forget Test Accuracies:  [0.6629473684210526, 0.6681052631578948, 0.669578947368421, 0.6713684210526316, 0.671578947368421, 0.6712631578947369, 0.6709473684210526, 0.6688421052631579, 0.6665263157894736, 0.6609473684210526, 0.6631578947368421, 0.6718947368421052, 0.6657894736842105, 0.6709473684210526, 0.6633684210526316, 0.6625263157894736, 0.6525263157894737, 0.6554736842105263, 0.6638947368421053, 0.6625263157894736]
Done
Plot  4  Done
Average Retain Accuracies:  [0.6236, 0.6232, 0.63, 0.6244, 0.6272, 0.6316, 0.6168, 0.6264, 0.6324, 0.6284, 0.6244, 0.624, 0.6128, 0.6172, 0.6312, 0.6008, 0.6208, 0.6116, 0.622, 0.616]
Average Forget Accuracies:  [0.7845052631578947, 0.7882315789473684, 0.7893052631578947, 0.7852210526315789, 0.7893894736842105, 0.7882105263157895, 0.7877263157894737, 0.7849894736842106, 0.7875368421052632, 0.7803578947368421, 0.7859157894736842, 0.7751157894736842, 0.7776631578947368, 0.7707578947368421, 0.7669473684210526, 0.7642315789473684, 0.7580421052631579, 0.7416, 0.7229684210526316, 0.6496]
Average Retain Test Accuracies:  [0.572, 0.574, 0.596, 0.59, 0.574, 0.59, 0.56, 0.588, 0.592, 0.582, 0.576, 0.584, 0.558, 0.566, 0.582, 0.554, 0.572, 0.564, 0.56, 0.564]
Average Forget Test Accuracies:  [0.6754736842105263, 0.6830526315789474, 0.6864210526315789, 0.6804210526315789, 0.6848421052631579, 0.6878947368421052, 0.6856842105263158, 0.6887368421052632, 0.6850526315789474, 0.6767368421052632, 0.6884210526315789, 0.6774736842105263, 0.6804210526315789, 0.6775789473684211, 0.6781052631578948, 0.6714736842105263, 0.6678947368421052, 0.6514736842105263, 0.6369473684210526, 0.5767368421052631]
Done
