Requirement already satisfied: pyyaml in /usr/lib64/python3.12/site-packages (6.0.1)
Requirement already satisfied: setuptools in /usr/lib/python3.12/site-packages (68.2.2)
Requirement already satisfied: matplotlib in /dcs/21/u2145461/.local/lib/python3.12/site-packages (3.10.1)
Requirement already satisfied: contourpy>=1.0.1 in /dcs/21/u2145461/.local/lib/python3.12/site-packages (from matplotlib) (1.3.1)
Requirement already satisfied: cycler>=0.10 in /dcs/21/u2145461/.local/lib/python3.12/site-packages (from matplotlib) (0.12.1)
Requirement already satisfied: fonttools>=4.22.0 in /dcs/21/u2145461/.local/lib/python3.12/site-packages (from matplotlib) (4.56.0)
Requirement already satisfied: kiwisolver>=1.3.1 in /dcs/21/u2145461/.local/lib/python3.12/site-packages (from matplotlib) (1.4.8)
Requirement already satisfied: numpy>=1.23 in /dcs/21/u2145461/.local/lib/python3.12/site-packages (from matplotlib) (2.2.3)
Requirement already satisfied: packaging>=20.0 in /dcs/21/u2145461/.local/lib/python3.12/site-packages (from matplotlib) (24.2)
Requirement already satisfied: pillow>=8 in /dcs/21/u2145461/.local/lib/python3.12/site-packages (from matplotlib) (11.0.0)
Requirement already satisfied: pyparsing>=2.3.1 in /dcs/21/u2145461/.local/lib/python3.12/site-packages (from matplotlib) (3.2.1)
Requirement already satisfied: python-dateutil>=2.7 in /dcs/21/u2145461/.local/lib/python3.12/site-packages (from matplotlib) (2.9.0.post0)
Requirement already satisfied: six>=1.5 in /dcs/21/u2145461/.local/lib/python3.12/site-packages (from python-dateutil>=2.7->matplotlib) (1.17.0)
Requirement already satisfied: quadprog in /dcs/21/u2145461/.local/lib/python3.12/site-packages (0.1.13)
Requirement already satisfied: numpy in /dcs/21/u2145461/.local/lib/python3.12/site-packages (from quadprog) (2.2.3)
Requirement already satisfied: pyparsing in /dcs/21/u2145461/.local/lib/python3.12/site-packages (3.2.1)
Requirement already satisfied: pandas in /dcs/21/u2145461/.local/lib/python3.12/site-packages (2.2.3)
Requirement already satisfied: numpy>=1.26.0 in /dcs/21/u2145461/.local/lib/python3.12/site-packages (from pandas) (2.2.3)
Requirement already satisfied: python-dateutil>=2.8.2 in /dcs/21/u2145461/.local/lib/python3.12/site-packages (from pandas) (2.9.0.post0)
Requirement already satisfied: pytz>=2020.1 in /dcs/21/u2145461/.local/lib/python3.12/site-packages (from pandas) (2025.1)
Requirement already satisfied: tzdata>=2022.7 in /dcs/21/u2145461/.local/lib/python3.12/site-packages (from pandas) (2025.1)
Requirement already satisfied: six>=1.5 in /dcs/21/u2145461/.local/lib/python3.12/site-packages (from python-dateutil>=2.8.2->pandas) (1.17.0)
Requirement already satisfied: numpy in /dcs/21/u2145461/.local/lib/python3.12/site-packages (2.2.3)
Sat Apr  5 21:46:38 2025       
+-----------------------------------------------------------------------------------------+
| NVIDIA-SMI 550.144.03             Driver Version: 550.144.03     CUDA Version: 12.4     |
|-----------------------------------------+------------------------+----------------------+
| GPU  Name                 Persistence-M | Bus-Id          Disp.A | Volatile Uncorr. ECC |
| Fan  Temp   Perf          Pwr:Usage/Cap |           Memory-Usage | GPU-Util  Compute M. |
|                                         |                        |               MIG M. |
|=========================================+========================+======================|
|   0  NVIDIA A10                     On  |   00000000:81:00.0 Off |                    0 |
|  0%   33C    P8             15W /  150W |       1MiB /  23028MiB |      0%      Default |
|                                         |                        |                  N/A |
+-----------------------------------------+------------------------+----------------------+
                                                                                         
+-----------------------------------------------------------------------------------------+
| Processes:                                                                              |
|  GPU   GI   CI        PID   Type   Process name                              GPU Memory |
|        ID   ID                                                               Usage      |
|=========================================================================================|
|  No running processes found                                                             |
+-----------------------------------------------------------------------------------------+
Python 3.12.8
./cifar-100-python/train
./cifar-100-python/test
Unlearn Batch Size:  16
Unlearn MEM Strength:  0.6
cifar-100-python/train
cifar-100-python/test
new ordering of classes:  ['woman', 'sweet peppers', 'shrew', 'dinosaur', 'couch', 'raccoon', 'rabbit', 'caterpillar', 'plain', 'beaver', 'clock', 'bed', 'bear', 'skunk', 'ray', 'squirrel', 'leopard', 'lion', 'wolf', 'motorcycle', 'tiger', 'house', 'seal', 'sea', 'palm', 'road', 'cloud', 'trout', 'bowls', 'orchids', 'apples', 'oak', 'willow', 'rocket', 'worm', 'train', 'crocodile', 'lamp', 'sunflowers', 'bee', 'pine', 'man', 'flatfish', 'hamster', 'mushrooms', 'porcupine', 'bottles', 'poppies', 'bicycle', 'forest', 'otter', 'girl', 'kangaroo', 'mouse', 'tank', 'wardrobe', 'lizard', 'turtle', 'whale', 'mountain', 'table', 'tractor', 'bus', 'cockroach', 'crab', 'streetcar', 'castle', 'plates', 'elephant', 'aquarium fish', 'pickup truck', 'chair', 'tulips', 'oranges', 'skyscraper', 'lobster', 'telephone', 'dolphin', 'camel', 'cans', 'roses', 'pears', 'computer keyboard', 'television', 'lawn-mower', 'baby', 'snail', 'spider', 'shark', 'butterfly', 'fox', 'cups', 'bridge', 'boy', 'maple', 'chimpanzee', 'cattle', 'possum', 'beetle', 'snake']
Training task:  1
[0.65, 0.17, 0.086, 0.164, 0.07, 0.198, 0.172, 0.134, 0.144, 0.28, 0.198, 0.2, 0.18, 0.148, 0.178, 0.192, 0.102, 0.21, 0.204, 0.198]
Training task:  2
[0.538, 0.588, 0.138, 0.21, 0.166, 0.19, 0.2, 0.186, 0.184, 0.218, 0.204, 0.2, 0.196, 0.238, 0.216, 0.188, 0.17, 0.162, 0.19, 0.2]
Training task:  3
[0.596, 0.564, 0.718, 0.208, 0.162, 0.194, 0.204, 0.158, 0.158, 0.202, 0.202, 0.2, 0.236, 0.178, 0.168, 0.158, 0.212, 0.238, 0.198, 0.186]
Training task:  4
[0.606, 0.62, 0.614, 0.626, 0.25, 0.18, 0.148, 0.13, 0.276, 0.166, 0.188, 0.206, 0.162, 0.156, 0.104, 0.184, 0.27, 0.218, 0.196, 0.2]
Training task:  5
[0.502, 0.45, 0.556, 0.412, 0.61, 0.182, 0.208, 0.146, 0.176, 0.294, 0.206, 0.198, 0.198, 0.136, 0.182, 0.18, 0.216, 0.112, 0.186, 0.144]
Training task:  6
[0.63, 0.594, 0.664, 0.522, 0.604, 0.75, 0.188, 0.118, 0.136, 0.254, 0.204, 0.202, 0.19, 0.128, 0.13, 0.15, 0.212, 0.198, 0.184, 0.182]
Training task:  7
[0.614, 0.638, 0.638, 0.46, 0.644, 0.718, 0.772, 0.156, 0.17, 0.226, 0.206, 0.202, 0.214, 0.094, 0.194, 0.236, 0.194, 0.218, 0.186, 0.192]
Training task:  8
[0.564, 0.564, 0.584, 0.428, 0.61, 0.67, 0.676, 0.618, 0.196, 0.22, 0.196, 0.192, 0.216, 0.144, 0.178, 0.236, 0.162, 0.178, 0.134, 0.202]
Training task:  9
[0.634, 0.566, 0.592, 0.502, 0.61, 0.62, 0.742, 0.588, 0.756, 0.178, 0.206, 0.202, 0.208, 0.122, 0.158, 0.178, 0.204, 0.168, 0.162, 0.17]
Training task:  10
[0.644, 0.544, 0.548, 0.47, 0.6, 0.598, 0.682, 0.598, 0.576, 0.77, 0.224, 0.224, 0.262, 0.114, 0.24, 0.2, 0.196, 0.182, 0.19, 0.18]
Training task:  11
[0.634, 0.6, 0.582, 0.454, 0.626, 0.696, 0.742, 0.592, 0.624, 0.602, 0.652, 0.19, 0.262, 0.144, 0.232, 0.228, 0.164, 0.2, 0.162, 0.158]
Training task:  12
[0.664, 0.596, 0.586, 0.48, 0.638, 0.702, 0.732, 0.596, 0.644, 0.638, 0.568, 0.708, 0.242, 0.116, 0.188, 0.208, 0.176, 0.184, 0.176, 0.17]
Training task:  13
[0.62, 0.56, 0.6, 0.494, 0.624, 0.67, 0.716, 0.58, 0.634, 0.616, 0.588, 0.682, 0.698, 0.136, 0.212, 0.226, 0.184, 0.168, 0.156, 0.178]
Training task:  14
[0.622, 0.57, 0.57, 0.468, 0.56, 0.662, 0.722, 0.566, 0.59, 0.608, 0.506, 0.608, 0.614, 0.656, 0.232, 0.22, 0.182, 0.188, 0.146, 0.17]
Training task:  15
[0.654, 0.55, 0.568, 0.46, 0.586, 0.706, 0.726, 0.632, 0.632, 0.64, 0.554, 0.608, 0.642, 0.676, 0.872, 0.186, 0.22, 0.194, 0.182, 0.174]
Training task:  16
[0.596, 0.55, 0.558, 0.436, 0.572, 0.666, 0.72, 0.6, 0.578, 0.608, 0.518, 0.616, 0.632, 0.696, 0.816, 0.582, 0.174, 0.202, 0.184, 0.184]
Training task:  17
[0.612, 0.514, 0.578, 0.432, 0.582, 0.634, 0.708, 0.628, 0.566, 0.624, 0.524, 0.59, 0.622, 0.686, 0.818, 0.544, 0.744, 0.202, 0.204, 0.176]
Training task:  18
[0.596, 0.524, 0.56, 0.452, 0.59, 0.642, 0.694, 0.61, 0.568, 0.596, 0.48, 0.602, 0.602, 0.672, 0.826, 0.552, 0.678, 0.604, 0.198, 0.174]
Training task:  19
[0.608, 0.536, 0.564, 0.44, 0.58, 0.648, 0.706, 0.59, 0.59, 0.59, 0.474, 0.602, 0.554, 0.666, 0.8, 0.514, 0.664, 0.594, 0.664, 0.17]
Training task:  20
[0.622, 0.51, 0.552, 0.466, 0.576, 0.64, 0.698, 0.576, 0.576, 0.602, 0.482, 0.568, 0.574, 0.668, 0.802, 0.546, 0.61, 0.53, 0.616, 0.614]
Unlearning task:  20
Total correct retain:  1660  Total retain:  2500
Total correct forget:  33654  Total forget:  47500
Total correct test:  311  Total test:  500
Total correct forget test:  5603  Total test forget:  9500
[0.622]
[0.622, 0.51]
[0.622, 0.51, 0.552]
[0.622, 0.51, 0.552, 0.466]
[0.622, 0.51, 0.552, 0.466, 0.576]
[0.622, 0.51, 0.552, 0.466, 0.576, 0.64]
[0.622, 0.51, 0.552, 0.466, 0.576, 0.64, 0.698]
[0.622, 0.51, 0.552, 0.466, 0.576, 0.64, 0.698, 0.576]
[0.622, 0.51, 0.552, 0.466, 0.576, 0.64, 0.698, 0.576, 0.576]
[0.622, 0.51, 0.552, 0.466, 0.576, 0.64, 0.698, 0.576, 0.576, 0.602]
[0.622, 0.51, 0.552, 0.466, 0.576, 0.64, 0.698, 0.576, 0.576, 0.602, 0.482]
[0.622, 0.51, 0.552, 0.466, 0.576, 0.64, 0.698, 0.576, 0.576, 0.602, 0.482, 0.568]
[0.622, 0.51, 0.552, 0.466, 0.576, 0.64, 0.698, 0.576, 0.576, 0.602, 0.482, 0.568, 0.574]
[0.622, 0.51, 0.552, 0.466, 0.576, 0.64, 0.698, 0.576, 0.576, 0.602, 0.482, 0.568, 0.574, 0.668]
[0.622, 0.51, 0.552, 0.466, 0.576, 0.64, 0.698, 0.576, 0.576, 0.602, 0.482, 0.568, 0.574, 0.668, 0.802]
[0.622, 0.51, 0.552, 0.466, 0.576, 0.64, 0.698, 0.576, 0.576, 0.602, 0.482, 0.568, 0.574, 0.668, 0.802, 0.546]
[0.622, 0.51, 0.552, 0.466, 0.576, 0.64, 0.698, 0.576, 0.576, 0.602, 0.482, 0.568, 0.574, 0.668, 0.802, 0.546, 0.61]
[0.622, 0.51, 0.552, 0.466, 0.576, 0.64, 0.698, 0.576, 0.576, 0.602, 0.482, 0.568, 0.574, 0.668, 0.802, 0.546, 0.61, 0.53]
[0.622, 0.51, 0.552, 0.466, 0.576, 0.64, 0.698, 0.576, 0.576, 0.602, 0.482, 0.568, 0.574, 0.668, 0.802, 0.546, 0.61, 0.53, 0.616]
[0.622, 0.51, 0.552, 0.466, 0.576, 0.64, 0.698, 0.576, 0.576, 0.602, 0.482, 0.568, 0.574, 0.668, 0.802, 0.546, 0.61, 0.53, 0.616, 0.614]
broken out of loop
Total correct retain:  1537  Total retain:  2500
Total correct forget:  23612  Total forget:  47500
Total correct test:  267  Total test:  500
Total correct forget test:  4377  Total test forget:  9500
[0.534]
[0.534, 0.474]
[0.534, 0.474, 0.416]
[0.534, 0.474, 0.416, 0.384]
[0.534, 0.474, 0.416, 0.384, 0.412]
[0.534, 0.474, 0.416, 0.384, 0.412, 0.56]
[0.534, 0.474, 0.416, 0.384, 0.412, 0.56, 0.62]
[0.534, 0.474, 0.416, 0.384, 0.412, 0.56, 0.62, 0.492]
[0.534, 0.474, 0.416, 0.384, 0.412, 0.56, 0.62, 0.492, 0.502]
[0.534, 0.474, 0.416, 0.384, 0.412, 0.56, 0.62, 0.492, 0.502, 0.48]
[0.534, 0.474, 0.416, 0.384, 0.412, 0.56, 0.62, 0.492, 0.502, 0.48, 0.358]
[0.534, 0.474, 0.416, 0.384, 0.412, 0.56, 0.62, 0.492, 0.502, 0.48, 0.358, 0.428]
[0.534, 0.474, 0.416, 0.384, 0.412, 0.56, 0.62, 0.492, 0.502, 0.48, 0.358, 0.428, 0.436]
[0.534, 0.474, 0.416, 0.384, 0.412, 0.56, 0.62, 0.492, 0.502, 0.48, 0.358, 0.428, 0.436, 0.53]
[0.534, 0.474, 0.416, 0.384, 0.412, 0.56, 0.62, 0.492, 0.502, 0.48, 0.358, 0.428, 0.436, 0.53, 0.634]
[0.534, 0.474, 0.416, 0.384, 0.412, 0.56, 0.62, 0.492, 0.502, 0.48, 0.358, 0.428, 0.436, 0.53, 0.634, 0.382]
[0.534, 0.474, 0.416, 0.384, 0.412, 0.56, 0.62, 0.492, 0.502, 0.48, 0.358, 0.428, 0.436, 0.53, 0.634, 0.382, 0.46]
[0.534, 0.474, 0.416, 0.384, 0.412, 0.56, 0.62, 0.492, 0.502, 0.48, 0.358, 0.428, 0.436, 0.53, 0.634, 0.382, 0.46, 0.412]
[0.534, 0.474, 0.416, 0.384, 0.412, 0.56, 0.62, 0.492, 0.502, 0.48, 0.358, 0.428, 0.436, 0.53, 0.634, 0.382, 0.46, 0.412, 0.488]
[0.534, 0.474, 0.416, 0.384, 0.412, 0.56, 0.62, 0.492, 0.502, 0.48, 0.358, 0.428, 0.436, 0.53, 0.634, 0.382, 0.46, 0.412, 0.488, 0.286]
broken out of loop
Total correct retain:  1615  Total retain:  2500
Total correct forget:  23605  Total forget:  47500
Total correct test:  288  Total test:  500
Total correct forget test:  4565  Total test forget:  9500
[0.576]
[0.576, 0.532]
[0.576, 0.532, 0.492]
[0.576, 0.532, 0.492, 0.398]
[0.576, 0.532, 0.492, 0.398, 0.5]
[0.576, 0.532, 0.492, 0.398, 0.5, 0.564]
[0.576, 0.532, 0.492, 0.398, 0.5, 0.564, 0.584]
[0.576, 0.532, 0.492, 0.398, 0.5, 0.564, 0.584, 0.46]
[0.576, 0.532, 0.492, 0.398, 0.5, 0.564, 0.584, 0.46, 0.466]
[0.576, 0.532, 0.492, 0.398, 0.5, 0.564, 0.584, 0.46, 0.466, 0.498]
[0.576, 0.532, 0.492, 0.398, 0.5, 0.564, 0.584, 0.46, 0.466, 0.498, 0.414]
[0.576, 0.532, 0.492, 0.398, 0.5, 0.564, 0.584, 0.46, 0.466, 0.498, 0.414, 0.536]
[0.576, 0.532, 0.492, 0.398, 0.5, 0.564, 0.584, 0.46, 0.466, 0.498, 0.414, 0.536, 0.482]
[0.576, 0.532, 0.492, 0.398, 0.5, 0.564, 0.584, 0.46, 0.466, 0.498, 0.414, 0.536, 0.482, 0.496]
[0.576, 0.532, 0.492, 0.398, 0.5, 0.564, 0.584, 0.46, 0.466, 0.498, 0.414, 0.536, 0.482, 0.496, 0.606]
[0.576, 0.532, 0.492, 0.398, 0.5, 0.564, 0.584, 0.46, 0.466, 0.498, 0.414, 0.536, 0.482, 0.496, 0.606, 0.438]
[0.576, 0.532, 0.492, 0.398, 0.5, 0.564, 0.584, 0.46, 0.466, 0.498, 0.414, 0.536, 0.482, 0.496, 0.606, 0.438, 0.492]
[0.576, 0.532, 0.492, 0.398, 0.5, 0.564, 0.584, 0.46, 0.466, 0.498, 0.414, 0.536, 0.482, 0.496, 0.606, 0.438, 0.492, 0.432]
[0.576, 0.532, 0.492, 0.398, 0.5, 0.564, 0.584, 0.46, 0.466, 0.498, 0.414, 0.536, 0.482, 0.496, 0.606, 0.438, 0.492, 0.432, 0.45]
[0.576, 0.532, 0.492, 0.398, 0.5, 0.564, 0.584, 0.46, 0.466, 0.498, 0.414, 0.536, 0.482, 0.496, 0.606, 0.438, 0.492, 0.432, 0.45, 0.29]
broken out of loop
Total correct retain:  1457  Total retain:  2500
Total correct forget:  22958  Total forget:  47500
Total correct test:  271  Total test:  500
Total correct forget test:  4548  Total test forget:  9500
[0.542]
[0.542, 0.552]
[0.542, 0.552, 0.44]
[0.542, 0.552, 0.44, 0.42]
[0.542, 0.552, 0.44, 0.42, 0.514]
[0.542, 0.552, 0.44, 0.42, 0.514, 0.556]
[0.542, 0.552, 0.44, 0.42, 0.514, 0.556, 0.58]
[0.542, 0.552, 0.44, 0.42, 0.514, 0.556, 0.58, 0.5]
[0.542, 0.552, 0.44, 0.42, 0.514, 0.556, 0.58, 0.5, 0.466]
[0.542, 0.552, 0.44, 0.42, 0.514, 0.556, 0.58, 0.5, 0.466, 0.53]
[0.542, 0.552, 0.44, 0.42, 0.514, 0.556, 0.58, 0.5, 0.466, 0.53, 0.404]
[0.542, 0.552, 0.44, 0.42, 0.514, 0.556, 0.58, 0.5, 0.466, 0.53, 0.404, 0.518]
[0.542, 0.552, 0.44, 0.42, 0.514, 0.556, 0.58, 0.5, 0.466, 0.53, 0.404, 0.518, 0.464]
[0.542, 0.552, 0.44, 0.42, 0.514, 0.556, 0.58, 0.5, 0.466, 0.53, 0.404, 0.518, 0.464, 0.502]
[0.542, 0.552, 0.44, 0.42, 0.514, 0.556, 0.58, 0.5, 0.466, 0.53, 0.404, 0.518, 0.464, 0.502, 0.616]
[0.542, 0.552, 0.44, 0.42, 0.514, 0.556, 0.58, 0.5, 0.466, 0.53, 0.404, 0.518, 0.464, 0.502, 0.616, 0.42]
[0.542, 0.552, 0.44, 0.42, 0.514, 0.556, 0.58, 0.5, 0.466, 0.53, 0.404, 0.518, 0.464, 0.502, 0.616, 0.42, 0.492]
[0.542, 0.552, 0.44, 0.42, 0.514, 0.556, 0.58, 0.5, 0.466, 0.53, 0.404, 0.518, 0.464, 0.502, 0.616, 0.42, 0.492, 0.42]
[0.542, 0.552, 0.44, 0.42, 0.514, 0.556, 0.58, 0.5, 0.466, 0.53, 0.404, 0.518, 0.464, 0.502, 0.616, 0.42, 0.492, 0.42, 0.434]
[0.542, 0.552, 0.44, 0.42, 0.514, 0.556, 0.58, 0.5, 0.466, 0.53, 0.404, 0.518, 0.464, 0.502, 0.616, 0.42, 0.492, 0.42, 0.434, 0.268]
broken out of loop
Total correct retain:  1575  Total retain:  2500
Total correct forget:  23585  Total forget:  47500
Total correct test:  303  Total test:  500
Total correct forget test:  4674  Total test forget:  9500
[0.606]
[0.606, 0.508]
[0.606, 0.508, 0.516]
[0.606, 0.508, 0.516, 0.446]
[0.606, 0.508, 0.516, 0.446, 0.5]
[0.606, 0.508, 0.516, 0.446, 0.5, 0.52]
[0.606, 0.508, 0.516, 0.446, 0.5, 0.52, 0.598]
[0.606, 0.508, 0.516, 0.446, 0.5, 0.52, 0.598, 0.528]
[0.606, 0.508, 0.516, 0.446, 0.5, 0.52, 0.598, 0.528, 0.548]
[0.606, 0.508, 0.516, 0.446, 0.5, 0.52, 0.598, 0.528, 0.548, 0.572]
[0.606, 0.508, 0.516, 0.446, 0.5, 0.52, 0.598, 0.528, 0.548, 0.572, 0.43]
[0.606, 0.508, 0.516, 0.446, 0.5, 0.52, 0.598, 0.528, 0.548, 0.572, 0.43, 0.512]
[0.606, 0.508, 0.516, 0.446, 0.5, 0.52, 0.598, 0.528, 0.548, 0.572, 0.43, 0.512, 0.536]
[0.606, 0.508, 0.516, 0.446, 0.5, 0.52, 0.598, 0.528, 0.548, 0.572, 0.43, 0.512, 0.536, 0.538]
[0.606, 0.508, 0.516, 0.446, 0.5, 0.52, 0.598, 0.528, 0.548, 0.572, 0.43, 0.512, 0.536, 0.538, 0.6]
[0.606, 0.508, 0.516, 0.446, 0.5, 0.52, 0.598, 0.528, 0.548, 0.572, 0.43, 0.512, 0.536, 0.538, 0.6, 0.428]
[0.606, 0.508, 0.516, 0.446, 0.5, 0.52, 0.598, 0.528, 0.548, 0.572, 0.43, 0.512, 0.536, 0.538, 0.6, 0.428, 0.444]
[0.606, 0.508, 0.516, 0.446, 0.5, 0.52, 0.598, 0.528, 0.548, 0.572, 0.43, 0.512, 0.536, 0.538, 0.6, 0.428, 0.444, 0.406]
[0.606, 0.508, 0.516, 0.446, 0.5, 0.52, 0.598, 0.528, 0.548, 0.572, 0.43, 0.512, 0.536, 0.538, 0.6, 0.428, 0.444, 0.406, 0.386]
[0.606, 0.508, 0.516, 0.446, 0.5, 0.52, 0.598, 0.528, 0.548, 0.572, 0.43, 0.512, 0.536, 0.538, 0.6, 0.428, 0.444, 0.406, 0.386, 0.332]
broken out of loop
Total correct retain:  1484  Total retain:  2500
Total correct forget:  23165  Total forget:  47500
Total correct test:  292  Total test:  500
Total correct forget test:  4596  Total test forget:  9500
[0.584]
[0.584, 0.482]
[0.584, 0.482, 0.5]
[0.584, 0.482, 0.5, 0.46]
[0.584, 0.482, 0.5, 0.46, 0.478]
[0.584, 0.482, 0.5, 0.46, 0.478, 0.506]
[0.584, 0.482, 0.5, 0.46, 0.478, 0.506, 0.594]
[0.584, 0.482, 0.5, 0.46, 0.478, 0.506, 0.594, 0.522]
[0.584, 0.482, 0.5, 0.46, 0.478, 0.506, 0.594, 0.522, 0.514]
[0.584, 0.482, 0.5, 0.46, 0.478, 0.506, 0.594, 0.522, 0.514, 0.576]
[0.584, 0.482, 0.5, 0.46, 0.478, 0.506, 0.594, 0.522, 0.514, 0.576, 0.458]
[0.584, 0.482, 0.5, 0.46, 0.478, 0.506, 0.594, 0.522, 0.514, 0.576, 0.458, 0.506]
[0.584, 0.482, 0.5, 0.46, 0.478, 0.506, 0.594, 0.522, 0.514, 0.576, 0.458, 0.506, 0.528]
[0.584, 0.482, 0.5, 0.46, 0.478, 0.506, 0.594, 0.522, 0.514, 0.576, 0.458, 0.506, 0.528, 0.544]
[0.584, 0.482, 0.5, 0.46, 0.478, 0.506, 0.594, 0.522, 0.514, 0.576, 0.458, 0.506, 0.528, 0.544, 0.608]
[0.584, 0.482, 0.5, 0.46, 0.478, 0.506, 0.594, 0.522, 0.514, 0.576, 0.458, 0.506, 0.528, 0.544, 0.608, 0.402]
[0.584, 0.482, 0.5, 0.46, 0.478, 0.506, 0.594, 0.522, 0.514, 0.576, 0.458, 0.506, 0.528, 0.544, 0.608, 0.402, 0.458]
[0.584, 0.482, 0.5, 0.46, 0.478, 0.506, 0.594, 0.522, 0.514, 0.576, 0.458, 0.506, 0.528, 0.544, 0.608, 0.402, 0.458, 0.406]
[0.584, 0.482, 0.5, 0.46, 0.478, 0.506, 0.594, 0.522, 0.514, 0.576, 0.458, 0.506, 0.528, 0.544, 0.608, 0.402, 0.458, 0.406, 0.334]
[0.584, 0.482, 0.5, 0.46, 0.478, 0.506, 0.594, 0.522, 0.514, 0.576, 0.458, 0.506, 0.528, 0.544, 0.608, 0.402, 0.458, 0.406, 0.334, 0.316]
Total correct retain:  1558  Total retain:  2500
Total correct forget:  23338  Total forget:  47500
Total correct test:  302  Total test:  500
Total correct forget test:  4528  Total test forget:  9500
[0.604]
[0.604, 0.466]
[0.604, 0.466, 0.56]
[0.604, 0.466, 0.56, 0.468]
[0.604, 0.466, 0.56, 0.468, 0.556]
[0.604, 0.466, 0.56, 0.468, 0.556, 0.566]
[0.604, 0.466, 0.56, 0.468, 0.556, 0.566, 0.64]
[0.604, 0.466, 0.56, 0.468, 0.556, 0.566, 0.64, 0.538]
[0.604, 0.466, 0.56, 0.468, 0.556, 0.566, 0.64, 0.538, 0.568]
[0.604, 0.466, 0.56, 0.468, 0.556, 0.566, 0.64, 0.538, 0.568, 0.54]
[0.604, 0.466, 0.56, 0.468, 0.556, 0.566, 0.64, 0.538, 0.568, 0.54, 0.418]
[0.604, 0.466, 0.56, 0.468, 0.556, 0.566, 0.64, 0.538, 0.568, 0.54, 0.418, 0.536]
[0.604, 0.466, 0.56, 0.468, 0.556, 0.566, 0.64, 0.538, 0.568, 0.54, 0.418, 0.536, 0.586]
[0.604, 0.466, 0.56, 0.468, 0.556, 0.566, 0.64, 0.538, 0.568, 0.54, 0.418, 0.536, 0.586, 0.574]
[0.604, 0.466, 0.56, 0.468, 0.556, 0.566, 0.64, 0.538, 0.568, 0.54, 0.418, 0.536, 0.586, 0.574, 0.558]
[0.604, 0.466, 0.56, 0.468, 0.556, 0.566, 0.64, 0.538, 0.568, 0.54, 0.418, 0.536, 0.586, 0.574, 0.558, 0.322]
[0.604, 0.466, 0.56, 0.468, 0.556, 0.566, 0.64, 0.538, 0.568, 0.54, 0.418, 0.536, 0.586, 0.574, 0.558, 0.322, 0.29]
[0.604, 0.466, 0.56, 0.468, 0.556, 0.566, 0.64, 0.538, 0.568, 0.54, 0.418, 0.536, 0.586, 0.574, 0.558, 0.322, 0.29, 0.252]
[0.604, 0.466, 0.56, 0.468, 0.556, 0.566, 0.64, 0.538, 0.568, 0.54, 0.418, 0.536, 0.586, 0.574, 0.558, 0.322, 0.29, 0.252, 0.314]
[0.604, 0.466, 0.56, 0.468, 0.556, 0.566, 0.64, 0.538, 0.568, 0.54, 0.418, 0.536, 0.586, 0.574, 0.558, 0.322, 0.29, 0.252, 0.314, 0.304]
Total correct retain:  1547  Total retain:  2500
Total correct forget:  23450  Total forget:  47500
Total correct test:  305  Total test:  500
Total correct forget test:  4574  Total test forget:  9500
[0.61]
[0.61, 0.496]
[0.61, 0.496, 0.596]
[0.61, 0.496, 0.596, 0.51]
[0.61, 0.496, 0.596, 0.51, 0.578]
[0.61, 0.496, 0.596, 0.51, 0.578, 0.576]
[0.61, 0.496, 0.596, 0.51, 0.578, 0.576, 0.636]
[0.61, 0.496, 0.596, 0.51, 0.578, 0.576, 0.636, 0.544]
[0.61, 0.496, 0.596, 0.51, 0.578, 0.576, 0.636, 0.544, 0.57]
[0.61, 0.496, 0.596, 0.51, 0.578, 0.576, 0.636, 0.544, 0.57, 0.542]
[0.61, 0.496, 0.596, 0.51, 0.578, 0.576, 0.636, 0.544, 0.57, 0.542, 0.49]
[0.61, 0.496, 0.596, 0.51, 0.578, 0.576, 0.636, 0.544, 0.57, 0.542, 0.49, 0.584]
[0.61, 0.496, 0.596, 0.51, 0.578, 0.576, 0.636, 0.544, 0.57, 0.542, 0.49, 0.584, 0.582]
[0.61, 0.496, 0.596, 0.51, 0.578, 0.576, 0.636, 0.544, 0.57, 0.542, 0.49, 0.584, 0.582, 0.548]
[0.61, 0.496, 0.596, 0.51, 0.578, 0.576, 0.636, 0.544, 0.57, 0.542, 0.49, 0.584, 0.582, 0.548, 0.5]
[0.61, 0.496, 0.596, 0.51, 0.578, 0.576, 0.636, 0.544, 0.57, 0.542, 0.49, 0.584, 0.582, 0.548, 0.5, 0.252]
[0.61, 0.496, 0.596, 0.51, 0.578, 0.576, 0.636, 0.544, 0.57, 0.542, 0.49, 0.584, 0.582, 0.548, 0.5, 0.252, 0.308]
[0.61, 0.496, 0.596, 0.51, 0.578, 0.576, 0.636, 0.544, 0.57, 0.542, 0.49, 0.584, 0.582, 0.548, 0.5, 0.252, 0.308, 0.232]
[0.61, 0.496, 0.596, 0.51, 0.578, 0.576, 0.636, 0.544, 0.57, 0.542, 0.49, 0.584, 0.582, 0.548, 0.5, 0.252, 0.308, 0.232, 0.308]
[0.61, 0.496, 0.596, 0.51, 0.578, 0.576, 0.636, 0.544, 0.57, 0.542, 0.49, 0.584, 0.582, 0.548, 0.5, 0.252, 0.308, 0.232, 0.308, 0.296]
Total correct retain:  1566  Total retain:  2500
Total correct forget:  23383  Total forget:  47500
Total correct test:  311  Total test:  500
Total correct forget test:  4498  Total test forget:  9500
[0.622]
[0.622, 0.514]
[0.622, 0.514, 0.584]
[0.622, 0.514, 0.584, 0.512]
[0.622, 0.514, 0.584, 0.512, 0.598]
[0.622, 0.514, 0.584, 0.512, 0.598, 0.592]
[0.622, 0.514, 0.584, 0.512, 0.598, 0.592, 0.646]
[0.622, 0.514, 0.584, 0.512, 0.598, 0.592, 0.646, 0.568]
[0.622, 0.514, 0.584, 0.512, 0.598, 0.592, 0.646, 0.568, 0.558]
[0.622, 0.514, 0.584, 0.512, 0.598, 0.592, 0.646, 0.568, 0.558, 0.546]
[0.622, 0.514, 0.584, 0.512, 0.598, 0.592, 0.646, 0.568, 0.558, 0.546, 0.496]
[0.622, 0.514, 0.584, 0.512, 0.598, 0.592, 0.646, 0.568, 0.558, 0.546, 0.496, 0.606]
[0.622, 0.514, 0.584, 0.512, 0.598, 0.592, 0.646, 0.568, 0.558, 0.546, 0.496, 0.606, 0.48]
[0.622, 0.514, 0.584, 0.512, 0.598, 0.592, 0.646, 0.568, 0.558, 0.546, 0.496, 0.606, 0.48, 0.494]
[0.622, 0.514, 0.584, 0.512, 0.598, 0.592, 0.646, 0.568, 0.558, 0.546, 0.496, 0.606, 0.48, 0.494, 0.454]
[0.622, 0.514, 0.584, 0.512, 0.598, 0.592, 0.646, 0.568, 0.558, 0.546, 0.496, 0.606, 0.48, 0.494, 0.454, 0.232]
[0.622, 0.514, 0.584, 0.512, 0.598, 0.592, 0.646, 0.568, 0.558, 0.546, 0.496, 0.606, 0.48, 0.494, 0.454, 0.232, 0.31]
[0.622, 0.514, 0.584, 0.512, 0.598, 0.592, 0.646, 0.568, 0.558, 0.546, 0.496, 0.606, 0.48, 0.494, 0.454, 0.232, 0.31, 0.236]
[0.622, 0.514, 0.584, 0.512, 0.598, 0.592, 0.646, 0.568, 0.558, 0.546, 0.496, 0.606, 0.48, 0.494, 0.454, 0.232, 0.31, 0.236, 0.306]
[0.622, 0.514, 0.584, 0.512, 0.598, 0.592, 0.646, 0.568, 0.558, 0.546, 0.496, 0.606, 0.48, 0.494, 0.454, 0.232, 0.31, 0.236, 0.306, 0.264]
Total correct retain:  1493  Total retain:  2500
Total correct forget:  21522  Total forget:  47500
Total correct test:  291  Total test:  500
Total correct forget test:  4157  Total test forget:  9500
[0.582]
[0.582, 0.56]
[0.582, 0.56, 0.546]
[0.582, 0.56, 0.546, 0.466]
[0.582, 0.56, 0.546, 0.466, 0.508]
[0.582, 0.56, 0.546, 0.466, 0.508, 0.538]
[0.582, 0.56, 0.546, 0.466, 0.508, 0.538, 0.658]
[0.582, 0.56, 0.546, 0.466, 0.508, 0.538, 0.658, 0.52]
[0.582, 0.56, 0.546, 0.466, 0.508, 0.538, 0.658, 0.52, 0.53]
[0.582, 0.56, 0.546, 0.466, 0.508, 0.538, 0.658, 0.52, 0.53, 0.518]
[0.582, 0.56, 0.546, 0.466, 0.508, 0.538, 0.658, 0.52, 0.53, 0.518, 0.508]
[0.582, 0.56, 0.546, 0.466, 0.508, 0.538, 0.658, 0.52, 0.53, 0.518, 0.508, 0.566]
[0.582, 0.56, 0.546, 0.466, 0.508, 0.538, 0.658, 0.52, 0.53, 0.518, 0.508, 0.566, 0.432]
[0.582, 0.56, 0.546, 0.466, 0.508, 0.538, 0.658, 0.52, 0.53, 0.518, 0.508, 0.566, 0.432, 0.38]
[0.582, 0.56, 0.546, 0.466, 0.508, 0.538, 0.658, 0.52, 0.53, 0.518, 0.508, 0.566, 0.432, 0.38, 0.332]
[0.582, 0.56, 0.546, 0.466, 0.508, 0.538, 0.658, 0.52, 0.53, 0.518, 0.508, 0.566, 0.432, 0.38, 0.332, 0.228]
[0.582, 0.56, 0.546, 0.466, 0.508, 0.538, 0.658, 0.52, 0.53, 0.518, 0.508, 0.566, 0.432, 0.38, 0.332, 0.228, 0.234]
[0.582, 0.56, 0.546, 0.466, 0.508, 0.538, 0.658, 0.52, 0.53, 0.518, 0.508, 0.566, 0.432, 0.38, 0.332, 0.228, 0.234, 0.208]
[0.582, 0.56, 0.546, 0.466, 0.508, 0.538, 0.658, 0.52, 0.53, 0.518, 0.508, 0.566, 0.432, 0.38, 0.332, 0.228, 0.234, 0.208, 0.32]
[0.582, 0.56, 0.546, 0.466, 0.508, 0.538, 0.658, 0.52, 0.53, 0.518, 0.508, 0.566, 0.432, 0.38, 0.332, 0.228, 0.234, 0.208, 0.32, 0.262]
Total correct retain:  1571  Total retain:  2500
Total correct forget:  21252  Total forget:  47500
Total correct test:  301  Total test:  500
Total correct forget test:  4142  Total test forget:  9500
[0.602]
[0.602, 0.534]
[0.602, 0.534, 0.554]
[0.602, 0.534, 0.554, 0.468]
[0.602, 0.534, 0.554, 0.468, 0.518]
[0.602, 0.534, 0.554, 0.468, 0.518, 0.57]
[0.602, 0.534, 0.554, 0.468, 0.518, 0.57, 0.636]
[0.602, 0.534, 0.554, 0.468, 0.518, 0.57, 0.636, 0.534]
[0.602, 0.534, 0.554, 0.468, 0.518, 0.57, 0.636, 0.534, 0.532]
[0.602, 0.534, 0.554, 0.468, 0.518, 0.57, 0.636, 0.534, 0.532, 0.542]
[0.602, 0.534, 0.554, 0.468, 0.518, 0.57, 0.636, 0.534, 0.532, 0.542, 0.42]
[0.602, 0.534, 0.554, 0.468, 0.518, 0.57, 0.636, 0.534, 0.532, 0.542, 0.42, 0.488]
[0.602, 0.534, 0.554, 0.468, 0.518, 0.57, 0.636, 0.534, 0.532, 0.542, 0.42, 0.488, 0.388]
[0.602, 0.534, 0.554, 0.468, 0.518, 0.57, 0.636, 0.534, 0.532, 0.542, 0.42, 0.488, 0.388, 0.394]
[0.602, 0.534, 0.554, 0.468, 0.518, 0.57, 0.636, 0.534, 0.532, 0.542, 0.42, 0.488, 0.388, 0.394, 0.47]
[0.602, 0.534, 0.554, 0.468, 0.518, 0.57, 0.636, 0.534, 0.532, 0.542, 0.42, 0.488, 0.388, 0.394, 0.47, 0.246]
[0.602, 0.534, 0.554, 0.468, 0.518, 0.57, 0.636, 0.534, 0.532, 0.542, 0.42, 0.488, 0.388, 0.394, 0.47, 0.246, 0.232]
[0.602, 0.534, 0.554, 0.468, 0.518, 0.57, 0.636, 0.534, 0.532, 0.542, 0.42, 0.488, 0.388, 0.394, 0.47, 0.246, 0.232, 0.202]
[0.602, 0.534, 0.554, 0.468, 0.518, 0.57, 0.636, 0.534, 0.532, 0.542, 0.42, 0.488, 0.388, 0.394, 0.47, 0.246, 0.232, 0.202, 0.306]
[0.602, 0.534, 0.554, 0.468, 0.518, 0.57, 0.636, 0.534, 0.532, 0.542, 0.42, 0.488, 0.388, 0.394, 0.47, 0.246, 0.232, 0.202, 0.306, 0.25]
Total correct retain:  1547  Total retain:  2500
Total correct forget:  20360  Total forget:  47500
Total correct test:  293  Total test:  500
Total correct forget test:  3914  Total test forget:  9500
[0.586]
[0.586, 0.526]
[0.586, 0.526, 0.524]
[0.586, 0.526, 0.524, 0.452]
[0.586, 0.526, 0.524, 0.452, 0.504]
[0.586, 0.526, 0.524, 0.452, 0.504, 0.524]
[0.586, 0.526, 0.524, 0.452, 0.504, 0.524, 0.63]
[0.586, 0.526, 0.524, 0.452, 0.504, 0.524, 0.63, 0.558]
[0.586, 0.526, 0.524, 0.452, 0.504, 0.524, 0.63, 0.558, 0.492]
[0.586, 0.526, 0.524, 0.452, 0.504, 0.524, 0.63, 0.558, 0.492, 0.53]
[0.586, 0.526, 0.524, 0.452, 0.504, 0.524, 0.63, 0.558, 0.492, 0.53, 0.282]
[0.586, 0.526, 0.524, 0.452, 0.504, 0.524, 0.63, 0.558, 0.492, 0.53, 0.282, 0.36]
[0.586, 0.526, 0.524, 0.452, 0.504, 0.524, 0.63, 0.558, 0.492, 0.53, 0.282, 0.36, 0.36]
[0.586, 0.526, 0.524, 0.452, 0.504, 0.524, 0.63, 0.558, 0.492, 0.53, 0.282, 0.36, 0.36, 0.374]
[0.586, 0.526, 0.524, 0.452, 0.504, 0.524, 0.63, 0.558, 0.492, 0.53, 0.282, 0.36, 0.36, 0.374, 0.464]
[0.586, 0.526, 0.524, 0.452, 0.504, 0.524, 0.63, 0.558, 0.492, 0.53, 0.282, 0.36, 0.36, 0.374, 0.464, 0.23]
[0.586, 0.526, 0.524, 0.452, 0.504, 0.524, 0.63, 0.558, 0.492, 0.53, 0.282, 0.36, 0.36, 0.374, 0.464, 0.23, 0.266]
[0.586, 0.526, 0.524, 0.452, 0.504, 0.524, 0.63, 0.558, 0.492, 0.53, 0.282, 0.36, 0.36, 0.374, 0.464, 0.23, 0.266, 0.21]
[0.586, 0.526, 0.524, 0.452, 0.504, 0.524, 0.63, 0.558, 0.492, 0.53, 0.282, 0.36, 0.36, 0.374, 0.464, 0.23, 0.266, 0.21, 0.3]
[0.586, 0.526, 0.524, 0.452, 0.504, 0.524, 0.63, 0.558, 0.492, 0.53, 0.282, 0.36, 0.36, 0.374, 0.464, 0.23, 0.266, 0.21, 0.3, 0.242]
Total correct retain:  1535  Total retain:  2500
Total correct forget:  20419  Total forget:  47500
Total correct test:  286  Total test:  500
Total correct forget test:  3925  Total test forget:  9500
[0.572]
[0.572, 0.558]
[0.572, 0.558, 0.516]
[0.572, 0.558, 0.516, 0.474]
[0.572, 0.558, 0.516, 0.474, 0.52]
[0.572, 0.558, 0.516, 0.474, 0.52, 0.566]
[0.572, 0.558, 0.516, 0.474, 0.52, 0.566, 0.662]
[0.572, 0.558, 0.516, 0.474, 0.52, 0.566, 0.662, 0.552]
[0.572, 0.558, 0.516, 0.474, 0.52, 0.566, 0.662, 0.552, 0.486]
[0.572, 0.558, 0.516, 0.474, 0.52, 0.566, 0.662, 0.552, 0.486, 0.42]
[0.572, 0.558, 0.516, 0.474, 0.52, 0.566, 0.662, 0.552, 0.486, 0.42, 0.234]
[0.572, 0.558, 0.516, 0.474, 0.52, 0.566, 0.662, 0.552, 0.486, 0.42, 0.234, 0.382]
[0.572, 0.558, 0.516, 0.474, 0.52, 0.566, 0.662, 0.552, 0.486, 0.42, 0.234, 0.382, 0.388]
[0.572, 0.558, 0.516, 0.474, 0.52, 0.566, 0.662, 0.552, 0.486, 0.42, 0.234, 0.382, 0.388, 0.366]
[0.572, 0.558, 0.516, 0.474, 0.52, 0.566, 0.662, 0.552, 0.486, 0.42, 0.234, 0.382, 0.388, 0.366, 0.466]
[0.572, 0.558, 0.516, 0.474, 0.52, 0.566, 0.662, 0.552, 0.486, 0.42, 0.234, 0.382, 0.388, 0.366, 0.466, 0.244]
[0.572, 0.558, 0.516, 0.474, 0.52, 0.566, 0.662, 0.552, 0.486, 0.42, 0.234, 0.382, 0.388, 0.366, 0.466, 0.244, 0.268]
[0.572, 0.558, 0.516, 0.474, 0.52, 0.566, 0.662, 0.552, 0.486, 0.42, 0.234, 0.382, 0.388, 0.366, 0.466, 0.244, 0.268, 0.2]
[0.572, 0.558, 0.516, 0.474, 0.52, 0.566, 0.662, 0.552, 0.486, 0.42, 0.234, 0.382, 0.388, 0.366, 0.466, 0.244, 0.268, 0.2, 0.3]
[0.572, 0.558, 0.516, 0.474, 0.52, 0.566, 0.662, 0.552, 0.486, 0.42, 0.234, 0.382, 0.388, 0.366, 0.466, 0.244, 0.268, 0.2, 0.3, 0.248]
Total correct retain:  1548  Total retain:  2500
Total correct forget:  20378  Total forget:  47500
Total correct test:  287  Total test:  500
Total correct forget test:  3933  Total test forget:  9500
[0.574]
[0.574, 0.544]
[0.574, 0.544, 0.562]
[0.574, 0.544, 0.562, 0.462]
[0.574, 0.544, 0.562, 0.462, 0.53]
[0.574, 0.544, 0.562, 0.462, 0.53, 0.594]
[0.574, 0.544, 0.562, 0.462, 0.53, 0.594, 0.656]
[0.574, 0.544, 0.562, 0.462, 0.53, 0.594, 0.656, 0.578]
[0.574, 0.544, 0.562, 0.462, 0.53, 0.594, 0.656, 0.578, 0.474]
[0.574, 0.544, 0.562, 0.462, 0.53, 0.594, 0.656, 0.578, 0.474, 0.436]
[0.574, 0.544, 0.562, 0.462, 0.53, 0.594, 0.656, 0.578, 0.474, 0.436, 0.226]
[0.574, 0.544, 0.562, 0.462, 0.53, 0.594, 0.656, 0.578, 0.474, 0.436, 0.226, 0.376]
[0.574, 0.544, 0.562, 0.462, 0.53, 0.594, 0.656, 0.578, 0.474, 0.436, 0.226, 0.376, 0.392]
[0.574, 0.544, 0.562, 0.462, 0.53, 0.594, 0.656, 0.578, 0.474, 0.436, 0.226, 0.376, 0.392, 0.322]
[0.574, 0.544, 0.562, 0.462, 0.53, 0.594, 0.656, 0.578, 0.474, 0.436, 0.226, 0.376, 0.392, 0.322, 0.454]
[0.574, 0.544, 0.562, 0.462, 0.53, 0.594, 0.656, 0.578, 0.474, 0.436, 0.226, 0.376, 0.392, 0.322, 0.454, 0.244]
[0.574, 0.544, 0.562, 0.462, 0.53, 0.594, 0.656, 0.578, 0.474, 0.436, 0.226, 0.376, 0.392, 0.322, 0.454, 0.244, 0.28]
[0.574, 0.544, 0.562, 0.462, 0.53, 0.594, 0.656, 0.578, 0.474, 0.436, 0.226, 0.376, 0.392, 0.322, 0.454, 0.244, 0.28, 0.212]
[0.574, 0.544, 0.562, 0.462, 0.53, 0.594, 0.656, 0.578, 0.474, 0.436, 0.226, 0.376, 0.392, 0.322, 0.454, 0.244, 0.28, 0.212, 0.304]
[0.574, 0.544, 0.562, 0.462, 0.53, 0.594, 0.656, 0.578, 0.474, 0.436, 0.226, 0.376, 0.392, 0.322, 0.454, 0.244, 0.28, 0.212, 0.304, 0.22]
Total correct retain:  1568  Total retain:  2500
Total correct forget:  19996  Total forget:  47500
Total correct test:  302  Total test:  500
Total correct forget test:  3875  Total test forget:  9500
[0.604]
[0.604, 0.554]
[0.604, 0.554, 0.55]
[0.604, 0.554, 0.55, 0.486]
[0.604, 0.554, 0.55, 0.486, 0.504]
[0.604, 0.554, 0.55, 0.486, 0.504, 0.614]
[0.604, 0.554, 0.55, 0.486, 0.504, 0.614, 0.648]
[0.604, 0.554, 0.55, 0.486, 0.504, 0.614, 0.648, 0.512]
[0.604, 0.554, 0.55, 0.486, 0.504, 0.614, 0.648, 0.512, 0.484]
[0.604, 0.554, 0.55, 0.486, 0.504, 0.614, 0.648, 0.512, 0.484, 0.382]
[0.604, 0.554, 0.55, 0.486, 0.504, 0.614, 0.648, 0.512, 0.484, 0.382, 0.222]
[0.604, 0.554, 0.55, 0.486, 0.504, 0.614, 0.648, 0.512, 0.484, 0.382, 0.222, 0.354]
[0.604, 0.554, 0.55, 0.486, 0.504, 0.614, 0.648, 0.512, 0.484, 0.382, 0.222, 0.354, 0.37]
[0.604, 0.554, 0.55, 0.486, 0.504, 0.614, 0.648, 0.512, 0.484, 0.382, 0.222, 0.354, 0.37, 0.336]
[0.604, 0.554, 0.55, 0.486, 0.504, 0.614, 0.648, 0.512, 0.484, 0.382, 0.222, 0.354, 0.37, 0.336, 0.466]
[0.604, 0.554, 0.55, 0.486, 0.504, 0.614, 0.648, 0.512, 0.484, 0.382, 0.222, 0.354, 0.37, 0.336, 0.466, 0.252]
[0.604, 0.554, 0.55, 0.486, 0.504, 0.614, 0.648, 0.512, 0.484, 0.382, 0.222, 0.354, 0.37, 0.336, 0.466, 0.252, 0.27]
[0.604, 0.554, 0.55, 0.486, 0.504, 0.614, 0.648, 0.512, 0.484, 0.382, 0.222, 0.354, 0.37, 0.336, 0.466, 0.252, 0.27, 0.194]
[0.604, 0.554, 0.55, 0.486, 0.504, 0.614, 0.648, 0.512, 0.484, 0.382, 0.222, 0.354, 0.37, 0.336, 0.466, 0.252, 0.27, 0.194, 0.314]
[0.604, 0.554, 0.55, 0.486, 0.504, 0.614, 0.648, 0.512, 0.484, 0.382, 0.222, 0.354, 0.37, 0.336, 0.466, 0.252, 0.27, 0.194, 0.314, 0.238]
Total correct retain:  1544  Total retain:  2500
Total correct forget:  19266  Total forget:  47500
Total correct test:  297  Total test:  500
Total correct forget test:  3676  Total test forget:  9500
[0.594]
[0.594, 0.492]
[0.594, 0.492, 0.544]
[0.594, 0.492, 0.544, 0.502]
[0.594, 0.492, 0.544, 0.502, 0.514]
[0.594, 0.492, 0.544, 0.502, 0.514, 0.622]
[0.594, 0.492, 0.544, 0.502, 0.514, 0.622, 0.582]
[0.594, 0.492, 0.544, 0.502, 0.514, 0.622, 0.582, 0.45]
[0.594, 0.492, 0.544, 0.502, 0.514, 0.622, 0.582, 0.45, 0.432]
[0.594, 0.492, 0.544, 0.502, 0.514, 0.622, 0.582, 0.45, 0.432, 0.354]
[0.594, 0.492, 0.544, 0.502, 0.514, 0.622, 0.582, 0.45, 0.432, 0.354, 0.206]
[0.594, 0.492, 0.544, 0.502, 0.514, 0.622, 0.582, 0.45, 0.432, 0.354, 0.206, 0.334]
[0.594, 0.492, 0.544, 0.502, 0.514, 0.622, 0.582, 0.45, 0.432, 0.354, 0.206, 0.334, 0.346]
[0.594, 0.492, 0.544, 0.502, 0.514, 0.622, 0.582, 0.45, 0.432, 0.354, 0.206, 0.334, 0.346, 0.324]
[0.594, 0.492, 0.544, 0.502, 0.514, 0.622, 0.582, 0.45, 0.432, 0.354, 0.206, 0.334, 0.346, 0.324, 0.414]
[0.594, 0.492, 0.544, 0.502, 0.514, 0.622, 0.582, 0.45, 0.432, 0.354, 0.206, 0.334, 0.346, 0.324, 0.414, 0.272]
[0.594, 0.492, 0.544, 0.502, 0.514, 0.622, 0.582, 0.45, 0.432, 0.354, 0.206, 0.334, 0.346, 0.324, 0.414, 0.272, 0.264]
[0.594, 0.492, 0.544, 0.502, 0.514, 0.622, 0.582, 0.45, 0.432, 0.354, 0.206, 0.334, 0.346, 0.324, 0.414, 0.272, 0.264, 0.19]
[0.594, 0.492, 0.544, 0.502, 0.514, 0.622, 0.582, 0.45, 0.432, 0.354, 0.206, 0.334, 0.346, 0.324, 0.414, 0.272, 0.264, 0.19, 0.298]
[0.594, 0.492, 0.544, 0.502, 0.514, 0.622, 0.582, 0.45, 0.432, 0.354, 0.206, 0.334, 0.346, 0.324, 0.414, 0.272, 0.264, 0.19, 0.298, 0.212]
Total correct retain:  1400  Total retain:  2500
Total correct forget:  18685  Total forget:  47500
Total correct test:  259  Total test:  500
Total correct forget test:  3588  Total test forget:  9500
[0.518]
[0.518, 0.516]
[0.518, 0.516, 0.512]
[0.518, 0.516, 0.512, 0.48]
[0.518, 0.516, 0.512, 0.48, 0.48]
[0.518, 0.516, 0.512, 0.48, 0.48, 0.506]
[0.518, 0.516, 0.512, 0.48, 0.48, 0.506, 0.512]
[0.518, 0.516, 0.512, 0.48, 0.48, 0.506, 0.512, 0.466]
[0.518, 0.516, 0.512, 0.48, 0.48, 0.506, 0.512, 0.466, 0.388]
[0.518, 0.516, 0.512, 0.48, 0.48, 0.506, 0.512, 0.466, 0.388, 0.372]
[0.518, 0.516, 0.512, 0.48, 0.48, 0.506, 0.512, 0.466, 0.388, 0.372, 0.208]
[0.518, 0.516, 0.512, 0.48, 0.48, 0.506, 0.512, 0.466, 0.388, 0.372, 0.208, 0.318]
[0.518, 0.516, 0.512, 0.48, 0.48, 0.506, 0.512, 0.466, 0.388, 0.372, 0.208, 0.318, 0.382]
[0.518, 0.516, 0.512, 0.48, 0.48, 0.506, 0.512, 0.466, 0.388, 0.372, 0.208, 0.318, 0.382, 0.362]
[0.518, 0.516, 0.512, 0.48, 0.48, 0.506, 0.512, 0.466, 0.388, 0.372, 0.208, 0.318, 0.382, 0.362, 0.408]
[0.518, 0.516, 0.512, 0.48, 0.48, 0.506, 0.512, 0.466, 0.388, 0.372, 0.208, 0.318, 0.382, 0.362, 0.408, 0.26]
[0.518, 0.516, 0.512, 0.48, 0.48, 0.506, 0.512, 0.466, 0.388, 0.372, 0.208, 0.318, 0.382, 0.362, 0.408, 0.26, 0.27]
[0.518, 0.516, 0.512, 0.48, 0.48, 0.506, 0.512, 0.466, 0.388, 0.372, 0.208, 0.318, 0.382, 0.362, 0.408, 0.26, 0.27, 0.21]
[0.518, 0.516, 0.512, 0.48, 0.48, 0.506, 0.512, 0.466, 0.388, 0.372, 0.208, 0.318, 0.382, 0.362, 0.408, 0.26, 0.27, 0.21, 0.288]
[0.518, 0.516, 0.512, 0.48, 0.48, 0.506, 0.512, 0.466, 0.388, 0.372, 0.208, 0.318, 0.382, 0.362, 0.408, 0.26, 0.27, 0.21, 0.288, 0.238]
Total correct retain:  1490  Total retain:  2500
Total correct forget:  18574  Total forget:  47500
Total correct test:  284  Total test:  500
Total correct forget test:  3612  Total test forget:  9500
[0.568]
[0.568, 0.53]
[0.568, 0.53, 0.528]
[0.568, 0.53, 0.528, 0.498]
[0.568, 0.53, 0.528, 0.498, 0.484]
[0.568, 0.53, 0.528, 0.498, 0.484, 0.516]
[0.568, 0.53, 0.528, 0.498, 0.484, 0.516, 0.57]
[0.568, 0.53, 0.528, 0.498, 0.484, 0.516, 0.57, 0.412]
[0.568, 0.53, 0.528, 0.498, 0.484, 0.516, 0.57, 0.412, 0.388]
[0.568, 0.53, 0.528, 0.498, 0.484, 0.516, 0.57, 0.412, 0.388, 0.416]
[0.568, 0.53, 0.528, 0.498, 0.484, 0.516, 0.57, 0.412, 0.388, 0.416, 0.204]
[0.568, 0.53, 0.528, 0.498, 0.484, 0.516, 0.57, 0.412, 0.388, 0.416, 0.204, 0.298]
[0.568, 0.53, 0.528, 0.498, 0.484, 0.516, 0.57, 0.412, 0.388, 0.416, 0.204, 0.298, 0.328]
[0.568, 0.53, 0.528, 0.498, 0.484, 0.516, 0.57, 0.412, 0.388, 0.416, 0.204, 0.298, 0.328, 0.348]
[0.568, 0.53, 0.528, 0.498, 0.484, 0.516, 0.57, 0.412, 0.388, 0.416, 0.204, 0.298, 0.328, 0.348, 0.418]
[0.568, 0.53, 0.528, 0.498, 0.484, 0.516, 0.57, 0.412, 0.388, 0.416, 0.204, 0.298, 0.328, 0.348, 0.418, 0.244]
[0.568, 0.53, 0.528, 0.498, 0.484, 0.516, 0.57, 0.412, 0.388, 0.416, 0.204, 0.298, 0.328, 0.348, 0.418, 0.244, 0.256]
[0.568, 0.53, 0.528, 0.498, 0.484, 0.516, 0.57, 0.412, 0.388, 0.416, 0.204, 0.298, 0.328, 0.348, 0.418, 0.244, 0.256, 0.236]
[0.568, 0.53, 0.528, 0.498, 0.484, 0.516, 0.57, 0.412, 0.388, 0.416, 0.204, 0.298, 0.328, 0.348, 0.418, 0.244, 0.256, 0.236, 0.288]
[0.568, 0.53, 0.528, 0.498, 0.484, 0.516, 0.57, 0.412, 0.388, 0.416, 0.204, 0.298, 0.328, 0.348, 0.418, 0.244, 0.256, 0.236, 0.288, 0.262]
broken out of loop
Total correct retain:  500  Total retain:  2500
Total correct forget:  9697  Total forget:  47500
Total correct test:  100  Total test:  500
Total correct forget test:  1923  Total test forget:  9500
[0.2]
[0.2, 0.2]
[0.2, 0.2, 0.2]
[0.2, 0.2, 0.2, 0.202]
[0.2, 0.2, 0.2, 0.202, 0.236]
[0.2, 0.2, 0.2, 0.202, 0.236, 0.206]
[0.2, 0.2, 0.2, 0.202, 0.236, 0.206, 0.186]
[0.2, 0.2, 0.2, 0.202, 0.236, 0.206, 0.186, 0.2]
[0.2, 0.2, 0.2, 0.202, 0.236, 0.206, 0.186, 0.2, 0.2]
[0.2, 0.2, 0.2, 0.202, 0.236, 0.206, 0.186, 0.2, 0.2, 0.2]
[0.2, 0.2, 0.2, 0.202, 0.236, 0.206, 0.186, 0.2, 0.2, 0.2, 0.2]
[0.2, 0.2, 0.2, 0.202, 0.236, 0.206, 0.186, 0.2, 0.2, 0.2, 0.2, 0.198]
[0.2, 0.2, 0.2, 0.202, 0.236, 0.206, 0.186, 0.2, 0.2, 0.2, 0.2, 0.198, 0.2]
[0.2, 0.2, 0.2, 0.202, 0.236, 0.206, 0.186, 0.2, 0.2, 0.2, 0.2, 0.198, 0.2, 0.198]
[0.2, 0.2, 0.2, 0.202, 0.236, 0.206, 0.186, 0.2, 0.2, 0.2, 0.2, 0.198, 0.2, 0.198, 0.2]
[0.2, 0.2, 0.2, 0.202, 0.236, 0.206, 0.186, 0.2, 0.2, 0.2, 0.2, 0.198, 0.2, 0.198, 0.2, 0.206]
[0.2, 0.2, 0.2, 0.202, 0.236, 0.206, 0.186, 0.2, 0.2, 0.2, 0.2, 0.198, 0.2, 0.198, 0.2, 0.206, 0.2]
[0.2, 0.2, 0.2, 0.202, 0.236, 0.206, 0.186, 0.2, 0.2, 0.2, 0.2, 0.198, 0.2, 0.198, 0.2, 0.206, 0.2, 0.2]
[0.2, 0.2, 0.2, 0.202, 0.236, 0.206, 0.186, 0.2, 0.2, 0.2, 0.2, 0.198, 0.2, 0.198, 0.2, 0.206, 0.2, 0.2, 0.2]
[0.2, 0.2, 0.2, 0.202, 0.236, 0.206, 0.186, 0.2, 0.2, 0.2, 0.2, 0.198, 0.2, 0.198, 0.2, 0.206, 0.2, 0.2, 0.2, 0.214]
broken out of loop
Total correct retain:  475  Total retain:  2500
Total correct forget:  9729  Total forget:  47500
Total correct test:  89  Total test:  500
Total correct forget test:  1914  Total test forget:  9500
[0.178]
[0.178, 0.226]
[0.178, 0.226, 0.2]
[0.178, 0.226, 0.2, 0.186]
[0.178, 0.226, 0.2, 0.186, 0.298]
[0.178, 0.226, 0.2, 0.186, 0.298, 0.186]
[0.178, 0.226, 0.2, 0.186, 0.298, 0.186, 0.182]
[0.178, 0.226, 0.2, 0.186, 0.298, 0.186, 0.182, 0.232]
[0.178, 0.226, 0.2, 0.186, 0.298, 0.186, 0.182, 0.232, 0.202]
[0.178, 0.226, 0.2, 0.186, 0.298, 0.186, 0.182, 0.232, 0.202, 0.178]
[0.178, 0.226, 0.2, 0.186, 0.298, 0.186, 0.182, 0.232, 0.202, 0.178, 0.2]
[0.178, 0.226, 0.2, 0.186, 0.298, 0.186, 0.182, 0.232, 0.202, 0.178, 0.2, 0.15]
[0.178, 0.226, 0.2, 0.186, 0.298, 0.186, 0.182, 0.232, 0.202, 0.178, 0.2, 0.15, 0.204]
[0.178, 0.226, 0.2, 0.186, 0.298, 0.186, 0.182, 0.232, 0.202, 0.178, 0.2, 0.15, 0.204, 0.202]
[0.178, 0.226, 0.2, 0.186, 0.298, 0.186, 0.182, 0.232, 0.202, 0.178, 0.2, 0.15, 0.204, 0.202, 0.18]
[0.178, 0.226, 0.2, 0.186, 0.298, 0.186, 0.182, 0.232, 0.202, 0.178, 0.2, 0.15, 0.204, 0.202, 0.18, 0.19]
[0.178, 0.226, 0.2, 0.186, 0.298, 0.186, 0.182, 0.232, 0.202, 0.178, 0.2, 0.15, 0.204, 0.202, 0.18, 0.19, 0.2]
[0.178, 0.226, 0.2, 0.186, 0.298, 0.186, 0.182, 0.232, 0.202, 0.178, 0.2, 0.15, 0.204, 0.202, 0.18, 0.19, 0.2, 0.21]
[0.178, 0.226, 0.2, 0.186, 0.298, 0.186, 0.182, 0.232, 0.202, 0.178, 0.2, 0.15, 0.204, 0.202, 0.18, 0.19, 0.2, 0.21, 0.2]
[0.178, 0.226, 0.2, 0.186, 0.298, 0.186, 0.182, 0.232, 0.202, 0.178, 0.2, 0.15, 0.204, 0.202, 0.18, 0.19, 0.2, 0.21, 0.2, 0.202]
[[0.622, 0.51, 0.552, 0.466, 0.576, 0.64, 0.698, 0.576, 0.576, 0.602, 0.482, 0.568, 0.574, 0.668, 0.802, 0.546, 0.61, 0.53, 0.616, 0.614], [0.534, 0.474, 0.416, 0.384, 0.412, 0.56, 0.62, 0.492, 0.502, 0.48, 0.358, 0.428, 0.436, 0.53, 0.634, 0.382, 0.46, 0.412, 0.488, 0.286], [0.576, 0.532, 0.492, 0.398, 0.5, 0.564, 0.584, 0.46, 0.466, 0.498, 0.414, 0.536, 0.482, 0.496, 0.606, 0.438, 0.492, 0.432, 0.45, 0.29], [0.542, 0.552, 0.44, 0.42, 0.514, 0.556, 0.58, 0.5, 0.466, 0.53, 0.404, 0.518, 0.464, 0.502, 0.616, 0.42, 0.492, 0.42, 0.434, 0.268], [0.606, 0.508, 0.516, 0.446, 0.5, 0.52, 0.598, 0.528, 0.548, 0.572, 0.43, 0.512, 0.536, 0.538, 0.6, 0.428, 0.444, 0.406, 0.386, 0.332], [0.584, 0.482, 0.5, 0.46, 0.478, 0.506, 0.594, 0.522, 0.514, 0.576, 0.458, 0.506, 0.528, 0.544, 0.608, 0.402, 0.458, 0.406, 0.334, 0.316], [0.604, 0.466, 0.56, 0.468, 0.556, 0.566, 0.64, 0.538, 0.568, 0.54, 0.418, 0.536, 0.586, 0.574, 0.558, 0.322, 0.29, 0.252, 0.314, 0.304], [0.61, 0.496, 0.596, 0.51, 0.578, 0.576, 0.636, 0.544, 0.57, 0.542, 0.49, 0.584, 0.582, 0.548, 0.5, 0.252, 0.308, 0.232, 0.308, 0.296], [0.622, 0.514, 0.584, 0.512, 0.598, 0.592, 0.646, 0.568, 0.558, 0.546, 0.496, 0.606, 0.48, 0.494, 0.454, 0.232, 0.31, 0.236, 0.306, 0.264], [0.582, 0.56, 0.546, 0.466, 0.508, 0.538, 0.658, 0.52, 0.53, 0.518, 0.508, 0.566, 0.432, 0.38, 0.332, 0.228, 0.234, 0.208, 0.32, 0.262], [0.602, 0.534, 0.554, 0.468, 0.518, 0.57, 0.636, 0.534, 0.532, 0.542, 0.42, 0.488, 0.388, 0.394, 0.47, 0.246, 0.232, 0.202, 0.306, 0.25], [0.586, 0.526, 0.524, 0.452, 0.504, 0.524, 0.63, 0.558, 0.492, 0.53, 0.282, 0.36, 0.36, 0.374, 0.464, 0.23, 0.266, 0.21, 0.3, 0.242], [0.572, 0.558, 0.516, 0.474, 0.52, 0.566, 0.662, 0.552, 0.486, 0.42, 0.234, 0.382, 0.388, 0.366, 0.466, 0.244, 0.268, 0.2, 0.3, 0.248], [0.574, 0.544, 0.562, 0.462, 0.53, 0.594, 0.656, 0.578, 0.474, 0.436, 0.226, 0.376, 0.392, 0.322, 0.454, 0.244, 0.28, 0.212, 0.304, 0.22], [0.604, 0.554, 0.55, 0.486, 0.504, 0.614, 0.648, 0.512, 0.484, 0.382, 0.222, 0.354, 0.37, 0.336, 0.466, 0.252, 0.27, 0.194, 0.314, 0.238], [0.594, 0.492, 0.544, 0.502, 0.514, 0.622, 0.582, 0.45, 0.432, 0.354, 0.206, 0.334, 0.346, 0.324, 0.414, 0.272, 0.264, 0.19, 0.298, 0.212], [0.518, 0.516, 0.512, 0.48, 0.48, 0.506, 0.512, 0.466, 0.388, 0.372, 0.208, 0.318, 0.382, 0.362, 0.408, 0.26, 0.27, 0.21, 0.288, 0.238], [0.568, 0.53, 0.528, 0.498, 0.484, 0.516, 0.57, 0.412, 0.388, 0.416, 0.204, 0.298, 0.328, 0.348, 0.418, 0.244, 0.256, 0.236, 0.288, 0.262], [0.2, 0.2, 0.2, 0.202, 0.236, 0.206, 0.186, 0.2, 0.2, 0.2, 0.2, 0.198, 0.2, 0.198, 0.2, 0.206, 0.2, 0.2, 0.2, 0.214], [0.178, 0.226, 0.2, 0.186, 0.298, 0.186, 0.182, 0.232, 0.202, 0.178, 0.2, 0.15, 0.204, 0.202, 0.18, 0.19, 0.2, 0.21, 0.2, 0.202]]
20
20
Plot  0  Done
Average Retain Accuracies:  [0.664, 0.6148, 0.646, 0.5828, 0.63, 0.5936, 0.6232, 0.6188, 0.6264, 0.5972, 0.6284, 0.6188, 0.614, 0.6192, 0.6272, 0.6176, 0.56, 0.596, 0.2, 0.19]
Average Forget Accuracies:  [0.7085052631578947, 0.49709473684210526, 0.49694736842105264, 0.48332631578947366, 0.4965263157894737, 0.4876842105263158, 0.49132631578947367, 0.4936842105263158, 0.4922736842105263, 0.4530947368421053, 0.4474105263157895, 0.4286315789473684, 0.4298736842105263, 0.42901052631578945, 0.4209684210526316, 0.4056, 0.3933684210526316, 0.3910315789473684, 0.20414736842105263, 0.20482105263157896]
Average Retain Test Accuracies:  [0.622, 0.534, 0.576, 0.542, 0.606, 0.584, 0.604, 0.61, 0.622, 0.582, 0.602, 0.586, 0.572, 0.574, 0.604, 0.594, 0.518, 0.568, 0.2, 0.178]
Average Forget Test Accuracies:  [0.5897894736842105, 0.46073684210526317, 0.4805263157894737, 0.4787368421052632, 0.492, 0.48378947368421055, 0.4766315789473684, 0.48147368421052633, 0.4734736842105263, 0.43757894736842107, 0.436, 0.412, 0.4131578947368421, 0.414, 0.40789473684210525, 0.38694736842105265, 0.3776842105263158, 0.3802105263157895, 0.20242105263157895, 0.2014736842105263]
Done
