Requirement already satisfied: pyyaml in /usr/lib64/python3.12/site-packages (6.0.1)
Requirement already satisfied: setuptools in /usr/lib/python3.12/site-packages (68.2.2)
Requirement already satisfied: matplotlib in /dcs/21/u2145461/.local/lib/python3.12/site-packages (3.10.1)
Requirement already satisfied: contourpy>=1.0.1 in /dcs/21/u2145461/.local/lib/python3.12/site-packages (from matplotlib) (1.3.1)
Requirement already satisfied: cycler>=0.10 in /dcs/21/u2145461/.local/lib/python3.12/site-packages (from matplotlib) (0.12.1)
Requirement already satisfied: fonttools>=4.22.0 in /dcs/21/u2145461/.local/lib/python3.12/site-packages (from matplotlib) (4.56.0)
Requirement already satisfied: kiwisolver>=1.3.1 in /dcs/21/u2145461/.local/lib/python3.12/site-packages (from matplotlib) (1.4.8)
Requirement already satisfied: numpy>=1.23 in /dcs/21/u2145461/.local/lib/python3.12/site-packages (from matplotlib) (2.2.3)
Requirement already satisfied: packaging>=20.0 in /dcs/21/u2145461/.local/lib/python3.12/site-packages (from matplotlib) (24.2)
Requirement already satisfied: pillow>=8 in /dcs/21/u2145461/.local/lib/python3.12/site-packages (from matplotlib) (11.0.0)
Requirement already satisfied: pyparsing>=2.3.1 in /dcs/21/u2145461/.local/lib/python3.12/site-packages (from matplotlib) (3.2.1)
Requirement already satisfied: python-dateutil>=2.7 in /dcs/21/u2145461/.local/lib/python3.12/site-packages (from matplotlib) (2.9.0.post0)
Requirement already satisfied: six>=1.5 in /dcs/21/u2145461/.local/lib/python3.12/site-packages (from python-dateutil>=2.7->matplotlib) (1.17.0)
Requirement already satisfied: quadprog in /dcs/21/u2145461/.local/lib/python3.12/site-packages (0.1.13)
Requirement already satisfied: numpy in /dcs/21/u2145461/.local/lib/python3.12/site-packages (from quadprog) (2.2.3)
Requirement already satisfied: pyparsing in /dcs/21/u2145461/.local/lib/python3.12/site-packages (3.2.1)
Requirement already satisfied: pandas in /dcs/21/u2145461/.local/lib/python3.12/site-packages (2.2.3)
Requirement already satisfied: numpy>=1.26.0 in /dcs/21/u2145461/.local/lib/python3.12/site-packages (from pandas) (2.2.3)
Requirement already satisfied: python-dateutil>=2.8.2 in /dcs/21/u2145461/.local/lib/python3.12/site-packages (from pandas) (2.9.0.post0)
Requirement already satisfied: pytz>=2020.1 in /dcs/21/u2145461/.local/lib/python3.12/site-packages (from pandas) (2025.1)
Requirement already satisfied: tzdata>=2022.7 in /dcs/21/u2145461/.local/lib/python3.12/site-packages (from pandas) (2025.1)
Requirement already satisfied: six>=1.5 in /dcs/21/u2145461/.local/lib/python3.12/site-packages (from python-dateutil>=2.8.2->pandas) (1.17.0)
Requirement already satisfied: numpy in /dcs/21/u2145461/.local/lib/python3.12/site-packages (2.2.3)
Fri Apr  4 22:43:21 2025       
+-----------------------------------------------------------------------------------------+
| NVIDIA-SMI 550.144.03             Driver Version: 550.144.03     CUDA Version: 12.4     |
|-----------------------------------------+------------------------+----------------------+
| GPU  Name                 Persistence-M | Bus-Id          Disp.A | Volatile Uncorr. ECC |
| Fan  Temp   Perf          Pwr:Usage/Cap |           Memory-Usage | GPU-Util  Compute M. |
|                                         |                        |               MIG M. |
|=========================================+========================+======================|
|   0  NVIDIA A10                     On  |   00000000:81:00.0 Off |                    0 |
|  0%   24C    P8             15W /  150W |       1MiB /  23028MiB |      0%      Default |
|                                         |                        |                  N/A |
+-----------------------------------------+------------------------+----------------------+
                                                                                         
+-----------------------------------------------------------------------------------------+
| Processes:                                                                              |
|  GPU   GI   CI        PID   Type   Process name                              GPU Memory |
|        ID   ID                                                               Usage      |
|=========================================================================================|
|  No running processes found                                                             |
+-----------------------------------------------------------------------------------------+
Python 3.12.8
./cifar-100-python/train
./cifar-100-python/test
Unlearn Batch Size:  16
Unlearn MEM Strength:  0.6
cifar-100-python/train
cifar-100-python/test
new ordering of classes:  ['dinosaur', 'whale', 'sweet peppers', 'bed', 'bottles', 'castle', 'seal', 'beaver', 'bowls', 'cans', 'fox', 'bridge', 'ray', 'oranges', 'tulips', 'roses', 'leopard', 'man', 'chimpanzee', 'worm', 'cups', 'tiger', 'television', 'mouse', 'bear', 'lobster', 'caterpillar', 'raccoon', 'sunflowers', 'sea', 'road', 'table', 'bee', 'kangaroo', 'train', 'chair', 'wardrobe', 'plain', 'palm', 'rabbit', 'porcupine', 'lawn-mower', 'poppies', 'hamster', 'tank', 'willow', 'flatfish', 'tractor', 'bus', 'squirrel', 'orchids', 'crocodile', 'baby', 'shark', 'dolphin', 'maple', 'snail', 'trout', 'snake', 'elephant', 'lion', 'house', 'crab', 'telephone', 'boy', 'butterfly', 'lamp', 'woman', 'oak', 'forest', 'mountain', 'aquarium fish', 'pears', 'skunk', 'otter', 'possum', 'pine', 'bicycle', 'cattle', 'spider', 'camel', 'couch', 'cockroach', 'shrew', 'wolf', 'clock', 'turtle', 'mushrooms', 'cloud', 'beetle', 'plates', 'skyscraper', 'computer keyboard', 'motorcycle', 'rocket', 'apples', 'pickup truck', 'streetcar', 'lizard', 'girl']
Training task:  1
[0.608, 0.202, 0.272, 0.224, 0.21, 0.226, 0.158, 0.2, 0.2, 0.296, 0.216, 0.198, 0.174, 0.182, 0.202, 0.23, 0.218, 0.134, 0.216, 0.182]
Training task:  2
[0.638, 0.624, 0.264, 0.206, 0.22, 0.234, 0.084, 0.144, 0.202, 0.17, 0.19, 0.192, 0.17, 0.354, 0.152, 0.262, 0.196, 0.17, 0.152, 0.204]
Training task:  3
[0.654, 0.538, 0.838, 0.198, 0.234, 0.16, 0.136, 0.192, 0.194, 0.264, 0.208, 0.204, 0.138, 0.354, 0.142, 0.248, 0.166, 0.146, 0.176, 0.138]
Training task:  4
[0.61, 0.528, 0.76, 0.706, 0.156, 0.164, 0.164, 0.192, 0.226, 0.258, 0.208, 0.176, 0.158, 0.29, 0.24, 0.226, 0.146, 0.142, 0.168, 0.144]
Training task:  5
[0.562, 0.586, 0.722, 0.688, 0.556, 0.148, 0.192, 0.236, 0.244, 0.21, 0.218, 0.226, 0.156, 0.288, 0.238, 0.202, 0.176, 0.15, 0.15, 0.224]
Training task:  6
[0.57, 0.54, 0.764, 0.658, 0.556, 0.792, 0.202, 0.188, 0.206, 0.22, 0.14, 0.178, 0.178, 0.266, 0.254, 0.214, 0.176, 0.148, 0.21, 0.12]
Training task:  7
[0.618, 0.55, 0.732, 0.658, 0.516, 0.754, 0.722, 0.192, 0.21, 0.256, 0.16, 0.18, 0.16, 0.244, 0.234, 0.228, 0.174, 0.148, 0.224, 0.242]
Training task:  8
[0.598, 0.55, 0.758, 0.632, 0.51, 0.754, 0.718, 0.864, 0.206, 0.2, 0.154, 0.182, 0.202, 0.282, 0.192, 0.19, 0.134, 0.132, 0.172, 0.236]
Training task:  9
[0.618, 0.592, 0.748, 0.684, 0.484, 0.746, 0.654, 0.836, 0.842, 0.198, 0.156, 0.23, 0.172, 0.288, 0.224, 0.23, 0.172, 0.214, 0.14, 0.198]
Training task:  10
[0.6, 0.55, 0.726, 0.612, 0.472, 0.728, 0.678, 0.792, 0.784, 0.676, 0.158, 0.168, 0.204, 0.348, 0.182, 0.212, 0.168, 0.182, 0.194, 0.274]
Training task:  11
[0.638, 0.604, 0.684, 0.656, 0.46, 0.738, 0.684, 0.814, 0.79, 0.604, 0.756, 0.176, 0.188, 0.33, 0.194, 0.232, 0.172, 0.192, 0.152, 0.27]
Training task:  12
[0.574, 0.59, 0.732, 0.666, 0.518, 0.688, 0.626, 0.77, 0.75, 0.656, 0.7, 0.692, 0.186, 0.38, 0.232, 0.238, 0.204, 0.186, 0.216, 0.25]
Training task:  13
[0.592, 0.576, 0.72, 0.636, 0.47, 0.594, 0.656, 0.74, 0.666, 0.594, 0.7, 0.654, 0.668, 0.274, 0.266, 0.236, 0.2, 0.18, 0.178, 0.204]
Training task:  14
[0.58, 0.558, 0.7, 0.666, 0.476, 0.702, 0.644, 0.754, 0.738, 0.57, 0.72, 0.658, 0.658, 0.76, 0.234, 0.254, 0.224, 0.132, 0.182, 0.266]
Training task:  15
[0.578, 0.574, 0.746, 0.7, 0.474, 0.708, 0.632, 0.78, 0.706, 0.566, 0.69, 0.648, 0.648, 0.738, 0.832, 0.246, 0.212, 0.17, 0.16, 0.268]
Training task:  16
[0.564, 0.556, 0.742, 0.69, 0.484, 0.678, 0.626, 0.766, 0.704, 0.566, 0.668, 0.626, 0.636, 0.694, 0.772, 0.688, 0.212, 0.152, 0.21, 0.264]
Training task:  17
[0.568, 0.54, 0.692, 0.672, 0.472, 0.664, 0.624, 0.748, 0.726, 0.524, 0.66, 0.632, 0.63, 0.67, 0.746, 0.65, 0.688, 0.176, 0.204, 0.25]
Training task:  18
[0.552, 0.586, 0.73, 0.642, 0.5, 0.66, 0.602, 0.766, 0.684, 0.568, 0.69, 0.638, 0.61, 0.696, 0.758, 0.612, 0.66, 0.766, 0.166, 0.224]
Training task:  19
[0.572, 0.618, 0.716, 0.642, 0.44, 0.678, 0.622, 0.764, 0.712, 0.558, 0.692, 0.628, 0.612, 0.674, 0.726, 0.6, 0.66, 0.734, 0.846, 0.234]
Training task:  20
[0.57, 0.59, 0.722, 0.69, 0.492, 0.664, 0.62, 0.768, 0.734, 0.578, 0.726, 0.62, 0.626, 0.674, 0.742, 0.606, 0.636, 0.734, 0.804, 0.816]
Unlearning task:  20
Total correct retain:  1609  Total retain:  2500
Total correct forget:  36161  Total forget:  47500
Total correct test:  285  Total test:  500
Total correct forget test:  6421  Total test forget:  9500
[0.57]
[0.57, 0.59]
[0.57, 0.59, 0.722]
[0.57, 0.59, 0.722, 0.69]
[0.57, 0.59, 0.722, 0.69, 0.492]
[0.57, 0.59, 0.722, 0.69, 0.492, 0.664]
[0.57, 0.59, 0.722, 0.69, 0.492, 0.664, 0.62]
[0.57, 0.59, 0.722, 0.69, 0.492, 0.664, 0.62, 0.768]
[0.57, 0.59, 0.722, 0.69, 0.492, 0.664, 0.62, 0.768, 0.734]
[0.57, 0.59, 0.722, 0.69, 0.492, 0.664, 0.62, 0.768, 0.734, 0.578]
[0.57, 0.59, 0.722, 0.69, 0.492, 0.664, 0.62, 0.768, 0.734, 0.578, 0.726]
[0.57, 0.59, 0.722, 0.69, 0.492, 0.664, 0.62, 0.768, 0.734, 0.578, 0.726, 0.62]
[0.57, 0.59, 0.722, 0.69, 0.492, 0.664, 0.62, 0.768, 0.734, 0.578, 0.726, 0.62, 0.626]
[0.57, 0.59, 0.722, 0.69, 0.492, 0.664, 0.62, 0.768, 0.734, 0.578, 0.726, 0.62, 0.626, 0.674]
[0.57, 0.59, 0.722, 0.69, 0.492, 0.664, 0.62, 0.768, 0.734, 0.578, 0.726, 0.62, 0.626, 0.674, 0.742]
[0.57, 0.59, 0.722, 0.69, 0.492, 0.664, 0.62, 0.768, 0.734, 0.578, 0.726, 0.62, 0.626, 0.674, 0.742, 0.606]
[0.57, 0.59, 0.722, 0.69, 0.492, 0.664, 0.62, 0.768, 0.734, 0.578, 0.726, 0.62, 0.626, 0.674, 0.742, 0.606, 0.636]
[0.57, 0.59, 0.722, 0.69, 0.492, 0.664, 0.62, 0.768, 0.734, 0.578, 0.726, 0.62, 0.626, 0.674, 0.742, 0.606, 0.636, 0.734]
[0.57, 0.59, 0.722, 0.69, 0.492, 0.664, 0.62, 0.768, 0.734, 0.578, 0.726, 0.62, 0.626, 0.674, 0.742, 0.606, 0.636, 0.734, 0.804]
[0.57, 0.59, 0.722, 0.69, 0.492, 0.664, 0.62, 0.768, 0.734, 0.578, 0.726, 0.62, 0.626, 0.674, 0.742, 0.606, 0.636, 0.734, 0.804, 0.816]
Total correct retain:  1604  Total retain:  2500
Total correct forget:  36185  Total forget:  47500
Total correct test:  285  Total test:  500
Total correct forget test:  6427  Total test forget:  9500
[0.57]
[0.57, 0.586]
[0.57, 0.586, 0.72]
[0.57, 0.586, 0.72, 0.688]
[0.57, 0.586, 0.72, 0.688, 0.498]
[0.57, 0.586, 0.72, 0.688, 0.498, 0.656]
[0.57, 0.586, 0.72, 0.688, 0.498, 0.656, 0.62]
[0.57, 0.586, 0.72, 0.688, 0.498, 0.656, 0.62, 0.758]
[0.57, 0.586, 0.72, 0.688, 0.498, 0.656, 0.62, 0.758, 0.74]
[0.57, 0.586, 0.72, 0.688, 0.498, 0.656, 0.62, 0.758, 0.74, 0.582]
[0.57, 0.586, 0.72, 0.688, 0.498, 0.656, 0.62, 0.758, 0.74, 0.582, 0.726]
[0.57, 0.586, 0.72, 0.688, 0.498, 0.656, 0.62, 0.758, 0.74, 0.582, 0.726, 0.63]
[0.57, 0.586, 0.72, 0.688, 0.498, 0.656, 0.62, 0.758, 0.74, 0.582, 0.726, 0.63, 0.628]
[0.57, 0.586, 0.72, 0.688, 0.498, 0.656, 0.62, 0.758, 0.74, 0.582, 0.726, 0.63, 0.628, 0.678]
[0.57, 0.586, 0.72, 0.688, 0.498, 0.656, 0.62, 0.758, 0.74, 0.582, 0.726, 0.63, 0.628, 0.678, 0.74]
[0.57, 0.586, 0.72, 0.688, 0.498, 0.656, 0.62, 0.758, 0.74, 0.582, 0.726, 0.63, 0.628, 0.678, 0.74, 0.608]
[0.57, 0.586, 0.72, 0.688, 0.498, 0.656, 0.62, 0.758, 0.74, 0.582, 0.726, 0.63, 0.628, 0.678, 0.74, 0.608, 0.628]
[0.57, 0.586, 0.72, 0.688, 0.498, 0.656, 0.62, 0.758, 0.74, 0.582, 0.726, 0.63, 0.628, 0.678, 0.74, 0.608, 0.628, 0.744]
[0.57, 0.586, 0.72, 0.688, 0.498, 0.656, 0.62, 0.758, 0.74, 0.582, 0.726, 0.63, 0.628, 0.678, 0.74, 0.608, 0.628, 0.744, 0.81]
[0.57, 0.586, 0.72, 0.688, 0.498, 0.656, 0.62, 0.758, 0.74, 0.582, 0.726, 0.63, 0.628, 0.678, 0.74, 0.608, 0.628, 0.744, 0.81, 0.814]
Total correct retain:  1606  Total retain:  2500
Total correct forget:  36190  Total forget:  47500
Total correct test:  289  Total test:  500
Total correct forget test:  6392  Total test forget:  9500
[0.578]
[0.578, 0.584]
[0.578, 0.584, 0.712]
[0.578, 0.584, 0.712, 0.666]
[0.578, 0.584, 0.712, 0.666, 0.488]
[0.578, 0.584, 0.712, 0.666, 0.488, 0.662]
[0.578, 0.584, 0.712, 0.666, 0.488, 0.662, 0.632]
[0.578, 0.584, 0.712, 0.666, 0.488, 0.662, 0.632, 0.758]
[0.578, 0.584, 0.712, 0.666, 0.488, 0.662, 0.632, 0.758, 0.746]
[0.578, 0.584, 0.712, 0.666, 0.488, 0.662, 0.632, 0.758, 0.746, 0.578]
[0.578, 0.584, 0.712, 0.666, 0.488, 0.662, 0.632, 0.758, 0.746, 0.578, 0.726]
[0.578, 0.584, 0.712, 0.666, 0.488, 0.662, 0.632, 0.758, 0.746, 0.578, 0.726, 0.632]
[0.578, 0.584, 0.712, 0.666, 0.488, 0.662, 0.632, 0.758, 0.746, 0.578, 0.726, 0.632, 0.62]
[0.578, 0.584, 0.712, 0.666, 0.488, 0.662, 0.632, 0.758, 0.746, 0.578, 0.726, 0.632, 0.62, 0.676]
[0.578, 0.584, 0.712, 0.666, 0.488, 0.662, 0.632, 0.758, 0.746, 0.578, 0.726, 0.632, 0.62, 0.676, 0.724]
[0.578, 0.584, 0.712, 0.666, 0.488, 0.662, 0.632, 0.758, 0.746, 0.578, 0.726, 0.632, 0.62, 0.676, 0.724, 0.608]
[0.578, 0.584, 0.712, 0.666, 0.488, 0.662, 0.632, 0.758, 0.746, 0.578, 0.726, 0.632, 0.62, 0.676, 0.724, 0.608, 0.628]
[0.578, 0.584, 0.712, 0.666, 0.488, 0.662, 0.632, 0.758, 0.746, 0.578, 0.726, 0.632, 0.62, 0.676, 0.724, 0.608, 0.628, 0.742]
[0.578, 0.584, 0.712, 0.666, 0.488, 0.662, 0.632, 0.758, 0.746, 0.578, 0.726, 0.632, 0.62, 0.676, 0.724, 0.608, 0.628, 0.742, 0.808]
[0.578, 0.584, 0.712, 0.666, 0.488, 0.662, 0.632, 0.758, 0.746, 0.578, 0.726, 0.632, 0.62, 0.676, 0.724, 0.608, 0.628, 0.742, 0.808, 0.794]
Total correct retain:  1597  Total retain:  2500
Total correct forget:  36128  Total forget:  47500
Total correct test:  293  Total test:  500
Total correct forget test:  6406  Total test forget:  9500
[0.586]
[0.586, 0.576]
[0.586, 0.576, 0.696]
[0.586, 0.576, 0.696, 0.662]
[0.586, 0.576, 0.696, 0.662, 0.506]
[0.586, 0.576, 0.696, 0.662, 0.506, 0.664]
[0.586, 0.576, 0.696, 0.662, 0.506, 0.664, 0.624]
[0.586, 0.576, 0.696, 0.662, 0.506, 0.664, 0.624, 0.76]
[0.586, 0.576, 0.696, 0.662, 0.506, 0.664, 0.624, 0.76, 0.732]
[0.586, 0.576, 0.696, 0.662, 0.506, 0.664, 0.624, 0.76, 0.732, 0.592]
[0.586, 0.576, 0.696, 0.662, 0.506, 0.664, 0.624, 0.76, 0.732, 0.592, 0.722]
[0.586, 0.576, 0.696, 0.662, 0.506, 0.664, 0.624, 0.76, 0.732, 0.592, 0.722, 0.632]
[0.586, 0.576, 0.696, 0.662, 0.506, 0.664, 0.624, 0.76, 0.732, 0.592, 0.722, 0.632, 0.638]
[0.586, 0.576, 0.696, 0.662, 0.506, 0.664, 0.624, 0.76, 0.732, 0.592, 0.722, 0.632, 0.638, 0.678]
[0.586, 0.576, 0.696, 0.662, 0.506, 0.664, 0.624, 0.76, 0.732, 0.592, 0.722, 0.632, 0.638, 0.678, 0.736]
[0.586, 0.576, 0.696, 0.662, 0.506, 0.664, 0.624, 0.76, 0.732, 0.592, 0.722, 0.632, 0.638, 0.678, 0.736, 0.624]
[0.586, 0.576, 0.696, 0.662, 0.506, 0.664, 0.624, 0.76, 0.732, 0.592, 0.722, 0.632, 0.638, 0.678, 0.736, 0.624, 0.634]
[0.586, 0.576, 0.696, 0.662, 0.506, 0.664, 0.624, 0.76, 0.732, 0.592, 0.722, 0.632, 0.638, 0.678, 0.736, 0.624, 0.634, 0.736]
[0.586, 0.576, 0.696, 0.662, 0.506, 0.664, 0.624, 0.76, 0.732, 0.592, 0.722, 0.632, 0.638, 0.678, 0.736, 0.624, 0.634, 0.736, 0.812]
[0.586, 0.576, 0.696, 0.662, 0.506, 0.664, 0.624, 0.76, 0.732, 0.592, 0.722, 0.632, 0.638, 0.678, 0.736, 0.624, 0.634, 0.736, 0.812, 0.788]
Total correct retain:  1593  Total retain:  2500
Total correct forget:  36030  Total forget:  47500
Total correct test:  286  Total test:  500
Total correct forget test:  6369  Total test forget:  9500
[0.572]
[0.572, 0.57]
[0.572, 0.57, 0.702]
[0.572, 0.57, 0.702, 0.666]
[0.572, 0.57, 0.702, 0.666, 0.52]
[0.572, 0.57, 0.702, 0.666, 0.52, 0.644]
[0.572, 0.57, 0.702, 0.666, 0.52, 0.644, 0.62]
[0.572, 0.57, 0.702, 0.666, 0.52, 0.644, 0.62, 0.748]
[0.572, 0.57, 0.702, 0.666, 0.52, 0.644, 0.62, 0.748, 0.726]
[0.572, 0.57, 0.702, 0.666, 0.52, 0.644, 0.62, 0.748, 0.726, 0.588]
[0.572, 0.57, 0.702, 0.666, 0.52, 0.644, 0.62, 0.748, 0.726, 0.588, 0.7]
[0.572, 0.57, 0.702, 0.666, 0.52, 0.644, 0.62, 0.748, 0.726, 0.588, 0.7, 0.618]
[0.572, 0.57, 0.702, 0.666, 0.52, 0.644, 0.62, 0.748, 0.726, 0.588, 0.7, 0.618, 0.648]
[0.572, 0.57, 0.702, 0.666, 0.52, 0.644, 0.62, 0.748, 0.726, 0.588, 0.7, 0.618, 0.648, 0.692]
[0.572, 0.57, 0.702, 0.666, 0.52, 0.644, 0.62, 0.748, 0.726, 0.588, 0.7, 0.618, 0.648, 0.692, 0.722]
[0.572, 0.57, 0.702, 0.666, 0.52, 0.644, 0.62, 0.748, 0.726, 0.588, 0.7, 0.618, 0.648, 0.692, 0.722, 0.618]
[0.572, 0.57, 0.702, 0.666, 0.52, 0.644, 0.62, 0.748, 0.726, 0.588, 0.7, 0.618, 0.648, 0.692, 0.722, 0.618, 0.632]
[0.572, 0.57, 0.702, 0.666, 0.52, 0.644, 0.62, 0.748, 0.726, 0.588, 0.7, 0.618, 0.648, 0.692, 0.722, 0.618, 0.632, 0.73]
[0.572, 0.57, 0.702, 0.666, 0.52, 0.644, 0.62, 0.748, 0.726, 0.588, 0.7, 0.618, 0.648, 0.692, 0.722, 0.618, 0.632, 0.73, 0.804]
[0.572, 0.57, 0.702, 0.666, 0.52, 0.644, 0.62, 0.748, 0.726, 0.588, 0.7, 0.618, 0.648, 0.692, 0.722, 0.618, 0.632, 0.73, 0.804, 0.79]
Total correct retain:  1605  Total retain:  2500
Total correct forget:  36062  Total forget:  47500
Total correct test:  288  Total test:  500
Total correct forget test:  6382  Total test forget:  9500
[0.576]
[0.576, 0.564]
[0.576, 0.564, 0.694]
[0.576, 0.564, 0.694, 0.662]
[0.576, 0.564, 0.694, 0.662, 0.522]
[0.576, 0.564, 0.694, 0.662, 0.522, 0.642]
[0.576, 0.564, 0.694, 0.662, 0.522, 0.642, 0.624]
[0.576, 0.564, 0.694, 0.662, 0.522, 0.642, 0.624, 0.752]
[0.576, 0.564, 0.694, 0.662, 0.522, 0.642, 0.624, 0.752, 0.716]
[0.576, 0.564, 0.694, 0.662, 0.522, 0.642, 0.624, 0.752, 0.716, 0.614]
[0.576, 0.564, 0.694, 0.662, 0.522, 0.642, 0.624, 0.752, 0.716, 0.614, 0.706]
[0.576, 0.564, 0.694, 0.662, 0.522, 0.642, 0.624, 0.752, 0.716, 0.614, 0.706, 0.624]
[0.576, 0.564, 0.694, 0.662, 0.522, 0.642, 0.624, 0.752, 0.716, 0.614, 0.706, 0.624, 0.648]
[0.576, 0.564, 0.694, 0.662, 0.522, 0.642, 0.624, 0.752, 0.716, 0.614, 0.706, 0.624, 0.648, 0.686]
[0.576, 0.564, 0.694, 0.662, 0.522, 0.642, 0.624, 0.752, 0.716, 0.614, 0.706, 0.624, 0.648, 0.686, 0.73]
[0.576, 0.564, 0.694, 0.662, 0.522, 0.642, 0.624, 0.752, 0.716, 0.614, 0.706, 0.624, 0.648, 0.686, 0.73, 0.62]
[0.576, 0.564, 0.694, 0.662, 0.522, 0.642, 0.624, 0.752, 0.716, 0.614, 0.706, 0.624, 0.648, 0.686, 0.73, 0.62, 0.634]
[0.576, 0.564, 0.694, 0.662, 0.522, 0.642, 0.624, 0.752, 0.716, 0.614, 0.706, 0.624, 0.648, 0.686, 0.73, 0.62, 0.634, 0.734]
[0.576, 0.564, 0.694, 0.662, 0.522, 0.642, 0.624, 0.752, 0.716, 0.614, 0.706, 0.624, 0.648, 0.686, 0.73, 0.62, 0.634, 0.734, 0.806]
[0.576, 0.564, 0.694, 0.662, 0.522, 0.642, 0.624, 0.752, 0.716, 0.614, 0.706, 0.624, 0.648, 0.686, 0.73, 0.62, 0.634, 0.734, 0.806, 0.786]
Total correct retain:  1612  Total retain:  2500
Total correct forget:  36158  Total forget:  47500
Total correct test:  287  Total test:  500
Total correct forget test:  6397  Total test forget:  9500
[0.574]
[0.574, 0.568]
[0.574, 0.568, 0.722]
[0.574, 0.568, 0.722, 0.68]
[0.574, 0.568, 0.722, 0.68, 0.504]
[0.574, 0.568, 0.722, 0.68, 0.504, 0.666]
[0.574, 0.568, 0.722, 0.68, 0.504, 0.666, 0.614]
[0.574, 0.568, 0.722, 0.68, 0.504, 0.666, 0.614, 0.752]
[0.574, 0.568, 0.722, 0.68, 0.504, 0.666, 0.614, 0.752, 0.732]
[0.574, 0.568, 0.722, 0.68, 0.504, 0.666, 0.614, 0.752, 0.732, 0.602]
[0.574, 0.568, 0.722, 0.68, 0.504, 0.666, 0.614, 0.752, 0.732, 0.602, 0.71]
[0.574, 0.568, 0.722, 0.68, 0.504, 0.666, 0.614, 0.752, 0.732, 0.602, 0.71, 0.63]
[0.574, 0.568, 0.722, 0.68, 0.504, 0.666, 0.614, 0.752, 0.732, 0.602, 0.71, 0.63, 0.628]
[0.574, 0.568, 0.722, 0.68, 0.504, 0.666, 0.614, 0.752, 0.732, 0.602, 0.71, 0.63, 0.628, 0.676]
[0.574, 0.568, 0.722, 0.68, 0.504, 0.666, 0.614, 0.752, 0.732, 0.602, 0.71, 0.63, 0.628, 0.676, 0.724]
[0.574, 0.568, 0.722, 0.68, 0.504, 0.666, 0.614, 0.752, 0.732, 0.602, 0.71, 0.63, 0.628, 0.676, 0.724, 0.606]
[0.574, 0.568, 0.722, 0.68, 0.504, 0.666, 0.614, 0.752, 0.732, 0.602, 0.71, 0.63, 0.628, 0.676, 0.724, 0.606, 0.64]
[0.574, 0.568, 0.722, 0.68, 0.504, 0.666, 0.614, 0.752, 0.732, 0.602, 0.71, 0.63, 0.628, 0.676, 0.724, 0.606, 0.64, 0.736]
[0.574, 0.568, 0.722, 0.68, 0.504, 0.666, 0.614, 0.752, 0.732, 0.602, 0.71, 0.63, 0.628, 0.676, 0.724, 0.606, 0.64, 0.736, 0.804]
[0.574, 0.568, 0.722, 0.68, 0.504, 0.666, 0.614, 0.752, 0.732, 0.602, 0.71, 0.63, 0.628, 0.676, 0.724, 0.606, 0.64, 0.736, 0.804, 0.8]
Total correct retain:  1610  Total retain:  2500
Total correct forget:  35935  Total forget:  47500
Total correct test:  281  Total test:  500
Total correct forget test:  6362  Total test forget:  9500
[0.562]
[0.562, 0.566]
[0.562, 0.566, 0.706]
[0.562, 0.566, 0.706, 0.664]
[0.562, 0.566, 0.706, 0.664, 0.514]
[0.562, 0.566, 0.706, 0.664, 0.514, 0.644]
[0.562, 0.566, 0.706, 0.664, 0.514, 0.644, 0.604]
[0.562, 0.566, 0.706, 0.664, 0.514, 0.644, 0.604, 0.748]
[0.562, 0.566, 0.706, 0.664, 0.514, 0.644, 0.604, 0.748, 0.708]
[0.562, 0.566, 0.706, 0.664, 0.514, 0.644, 0.604, 0.748, 0.708, 0.622]
[0.562, 0.566, 0.706, 0.664, 0.514, 0.644, 0.604, 0.748, 0.708, 0.622, 0.7]
[0.562, 0.566, 0.706, 0.664, 0.514, 0.644, 0.604, 0.748, 0.708, 0.622, 0.7, 0.638]
[0.562, 0.566, 0.706, 0.664, 0.514, 0.644, 0.604, 0.748, 0.708, 0.622, 0.7, 0.638, 0.636]
[0.562, 0.566, 0.706, 0.664, 0.514, 0.644, 0.604, 0.748, 0.708, 0.622, 0.7, 0.638, 0.636, 0.672]
[0.562, 0.566, 0.706, 0.664, 0.514, 0.644, 0.604, 0.748, 0.708, 0.622, 0.7, 0.638, 0.636, 0.672, 0.726]
[0.562, 0.566, 0.706, 0.664, 0.514, 0.644, 0.604, 0.748, 0.708, 0.622, 0.7, 0.638, 0.636, 0.672, 0.726, 0.616]
[0.562, 0.566, 0.706, 0.664, 0.514, 0.644, 0.604, 0.748, 0.708, 0.622, 0.7, 0.638, 0.636, 0.672, 0.726, 0.616, 0.634]
[0.562, 0.566, 0.706, 0.664, 0.514, 0.644, 0.604, 0.748, 0.708, 0.622, 0.7, 0.638, 0.636, 0.672, 0.726, 0.616, 0.634, 0.72]
[0.562, 0.566, 0.706, 0.664, 0.514, 0.644, 0.604, 0.748, 0.708, 0.622, 0.7, 0.638, 0.636, 0.672, 0.726, 0.616, 0.634, 0.72, 0.806]
[0.562, 0.566, 0.706, 0.664, 0.514, 0.644, 0.604, 0.748, 0.708, 0.622, 0.7, 0.638, 0.636, 0.672, 0.726, 0.616, 0.634, 0.72, 0.806, 0.8]
Total correct retain:  1593  Total retain:  2500
Total correct forget:  36062  Total forget:  47500
Total correct test:  281  Total test:  500
Total correct forget test:  6391  Total test forget:  9500
[0.562]
[0.562, 0.578]
[0.562, 0.578, 0.706]
[0.562, 0.578, 0.706, 0.674]
[0.562, 0.578, 0.706, 0.674, 0.508]
[0.562, 0.578, 0.706, 0.674, 0.508, 0.65]
[0.562, 0.578, 0.706, 0.674, 0.508, 0.65, 0.626]
[0.562, 0.578, 0.706, 0.674, 0.508, 0.65, 0.626, 0.758]
[0.562, 0.578, 0.706, 0.674, 0.508, 0.65, 0.626, 0.758, 0.74]
[0.562, 0.578, 0.706, 0.674, 0.508, 0.65, 0.626, 0.758, 0.74, 0.58]
[0.562, 0.578, 0.706, 0.674, 0.508, 0.65, 0.626, 0.758, 0.74, 0.58, 0.72]
[0.562, 0.578, 0.706, 0.674, 0.508, 0.65, 0.626, 0.758, 0.74, 0.58, 0.72, 0.632]
[0.562, 0.578, 0.706, 0.674, 0.508, 0.65, 0.626, 0.758, 0.74, 0.58, 0.72, 0.632, 0.632]
[0.562, 0.578, 0.706, 0.674, 0.508, 0.65, 0.626, 0.758, 0.74, 0.58, 0.72, 0.632, 0.632, 0.676]
[0.562, 0.578, 0.706, 0.674, 0.508, 0.65, 0.626, 0.758, 0.74, 0.58, 0.72, 0.632, 0.632, 0.676, 0.726]
[0.562, 0.578, 0.706, 0.674, 0.508, 0.65, 0.626, 0.758, 0.74, 0.58, 0.72, 0.632, 0.632, 0.676, 0.726, 0.612]
[0.562, 0.578, 0.706, 0.674, 0.508, 0.65, 0.626, 0.758, 0.74, 0.58, 0.72, 0.632, 0.632, 0.676, 0.726, 0.612, 0.634]
[0.562, 0.578, 0.706, 0.674, 0.508, 0.65, 0.626, 0.758, 0.74, 0.58, 0.72, 0.632, 0.632, 0.676, 0.726, 0.612, 0.634, 0.728]
[0.562, 0.578, 0.706, 0.674, 0.508, 0.65, 0.626, 0.758, 0.74, 0.58, 0.72, 0.632, 0.632, 0.676, 0.726, 0.612, 0.634, 0.728, 0.808]
[0.562, 0.578, 0.706, 0.674, 0.508, 0.65, 0.626, 0.758, 0.74, 0.58, 0.72, 0.632, 0.632, 0.676, 0.726, 0.612, 0.634, 0.728, 0.808, 0.794]
Total correct retain:  1607  Total retain:  2500
Total correct forget:  36101  Total forget:  47500
Total correct test:  281  Total test:  500
Total correct forget test:  6392  Total test forget:  9500
[0.562]
[0.562, 0.576]
[0.562, 0.576, 0.718]
[0.562, 0.576, 0.718, 0.678]
[0.562, 0.576, 0.718, 0.678, 0.502]
[0.562, 0.576, 0.718, 0.678, 0.502, 0.656]
[0.562, 0.576, 0.718, 0.678, 0.502, 0.656, 0.61]
[0.562, 0.576, 0.718, 0.678, 0.502, 0.656, 0.61, 0.754]
[0.562, 0.576, 0.718, 0.678, 0.502, 0.656, 0.61, 0.754, 0.716]
[0.562, 0.576, 0.718, 0.678, 0.502, 0.656, 0.61, 0.754, 0.716, 0.622]
[0.562, 0.576, 0.718, 0.678, 0.502, 0.656, 0.61, 0.754, 0.716, 0.622, 0.712]
[0.562, 0.576, 0.718, 0.678, 0.502, 0.656, 0.61, 0.754, 0.716, 0.622, 0.712, 0.636]
[0.562, 0.576, 0.718, 0.678, 0.502, 0.656, 0.61, 0.754, 0.716, 0.622, 0.712, 0.636, 0.634]
[0.562, 0.576, 0.718, 0.678, 0.502, 0.656, 0.61, 0.754, 0.716, 0.622, 0.712, 0.636, 0.634, 0.678]
[0.562, 0.576, 0.718, 0.678, 0.502, 0.656, 0.61, 0.754, 0.716, 0.622, 0.712, 0.636, 0.634, 0.678, 0.71]
[0.562, 0.576, 0.718, 0.678, 0.502, 0.656, 0.61, 0.754, 0.716, 0.622, 0.712, 0.636, 0.634, 0.678, 0.71, 0.616]
[0.562, 0.576, 0.718, 0.678, 0.502, 0.656, 0.61, 0.754, 0.716, 0.622, 0.712, 0.636, 0.634, 0.678, 0.71, 0.616, 0.632]
[0.562, 0.576, 0.718, 0.678, 0.502, 0.656, 0.61, 0.754, 0.716, 0.622, 0.712, 0.636, 0.634, 0.678, 0.71, 0.616, 0.632, 0.734]
[0.562, 0.576, 0.718, 0.678, 0.502, 0.656, 0.61, 0.754, 0.716, 0.622, 0.712, 0.636, 0.634, 0.678, 0.71, 0.616, 0.632, 0.734, 0.796]
[0.562, 0.576, 0.718, 0.678, 0.502, 0.656, 0.61, 0.754, 0.716, 0.622, 0.712, 0.636, 0.634, 0.678, 0.71, 0.616, 0.632, 0.734, 0.796, 0.804]
Total correct retain:  1616  Total retain:  2500
Total correct forget:  36194  Total forget:  47500
Total correct test:  287  Total test:  500
Total correct forget test:  6399  Total test forget:  9500
[0.574]
[0.574, 0.584]
[0.574, 0.584, 0.718]
[0.574, 0.584, 0.718, 0.678]
[0.574, 0.584, 0.718, 0.678, 0.496]
[0.574, 0.584, 0.718, 0.678, 0.496, 0.666]
[0.574, 0.584, 0.718, 0.678, 0.496, 0.666, 0.614]
[0.574, 0.584, 0.718, 0.678, 0.496, 0.666, 0.614, 0.764]
[0.574, 0.584, 0.718, 0.678, 0.496, 0.666, 0.614, 0.764, 0.724]
[0.574, 0.584, 0.718, 0.678, 0.496, 0.666, 0.614, 0.764, 0.724, 0.604]
[0.574, 0.584, 0.718, 0.678, 0.496, 0.666, 0.614, 0.764, 0.724, 0.604, 0.728]
[0.574, 0.584, 0.718, 0.678, 0.496, 0.666, 0.614, 0.764, 0.724, 0.604, 0.728, 0.63]
[0.574, 0.584, 0.718, 0.678, 0.496, 0.666, 0.614, 0.764, 0.724, 0.604, 0.728, 0.63, 0.624]
[0.574, 0.584, 0.718, 0.678, 0.496, 0.666, 0.614, 0.764, 0.724, 0.604, 0.728, 0.63, 0.624, 0.668]
[0.574, 0.584, 0.718, 0.678, 0.496, 0.666, 0.614, 0.764, 0.724, 0.604, 0.728, 0.63, 0.624, 0.668, 0.726]
[0.574, 0.584, 0.718, 0.678, 0.496, 0.666, 0.614, 0.764, 0.724, 0.604, 0.728, 0.63, 0.624, 0.668, 0.726, 0.62]
[0.574, 0.584, 0.718, 0.678, 0.496, 0.666, 0.614, 0.764, 0.724, 0.604, 0.728, 0.63, 0.624, 0.668, 0.726, 0.62, 0.62]
[0.574, 0.584, 0.718, 0.678, 0.496, 0.666, 0.614, 0.764, 0.724, 0.604, 0.728, 0.63, 0.624, 0.668, 0.726, 0.62, 0.62, 0.736]
[0.574, 0.584, 0.718, 0.678, 0.496, 0.666, 0.614, 0.764, 0.724, 0.604, 0.728, 0.63, 0.624, 0.668, 0.726, 0.62, 0.62, 0.736, 0.804]
[0.574, 0.584, 0.718, 0.678, 0.496, 0.666, 0.614, 0.764, 0.724, 0.604, 0.728, 0.63, 0.624, 0.668, 0.726, 0.62, 0.62, 0.736, 0.804, 0.794]
Total correct retain:  1605  Total retain:  2500
Total correct forget:  35961  Total forget:  47500
Total correct test:  282  Total test:  500
Total correct forget test:  6369  Total test forget:  9500
[0.564]
[0.564, 0.57]
[0.564, 0.57, 0.722]
[0.564, 0.57, 0.722, 0.668]
[0.564, 0.57, 0.722, 0.668, 0.486]
[0.564, 0.57, 0.722, 0.668, 0.486, 0.66]
[0.564, 0.57, 0.722, 0.668, 0.486, 0.66, 0.618]
[0.564, 0.57, 0.722, 0.668, 0.486, 0.66, 0.618, 0.756]
[0.564, 0.57, 0.722, 0.668, 0.486, 0.66, 0.618, 0.756, 0.714]
[0.564, 0.57, 0.722, 0.668, 0.486, 0.66, 0.618, 0.756, 0.714, 0.644]
[0.564, 0.57, 0.722, 0.668, 0.486, 0.66, 0.618, 0.756, 0.714, 0.644, 0.696]
[0.564, 0.57, 0.722, 0.668, 0.486, 0.66, 0.618, 0.756, 0.714, 0.644, 0.696, 0.63]
[0.564, 0.57, 0.722, 0.668, 0.486, 0.66, 0.618, 0.756, 0.714, 0.644, 0.696, 0.63, 0.636]
[0.564, 0.57, 0.722, 0.668, 0.486, 0.66, 0.618, 0.756, 0.714, 0.644, 0.696, 0.63, 0.636, 0.676]
[0.564, 0.57, 0.722, 0.668, 0.486, 0.66, 0.618, 0.756, 0.714, 0.644, 0.696, 0.63, 0.636, 0.676, 0.72]
[0.564, 0.57, 0.722, 0.668, 0.486, 0.66, 0.618, 0.756, 0.714, 0.644, 0.696, 0.63, 0.636, 0.676, 0.72, 0.596]
[0.564, 0.57, 0.722, 0.668, 0.486, 0.66, 0.618, 0.756, 0.714, 0.644, 0.696, 0.63, 0.636, 0.676, 0.72, 0.596, 0.622]
[0.564, 0.57, 0.722, 0.668, 0.486, 0.66, 0.618, 0.756, 0.714, 0.644, 0.696, 0.63, 0.636, 0.676, 0.72, 0.596, 0.622, 0.73]
[0.564, 0.57, 0.722, 0.668, 0.486, 0.66, 0.618, 0.756, 0.714, 0.644, 0.696, 0.63, 0.636, 0.676, 0.72, 0.596, 0.622, 0.73, 0.796]
[0.564, 0.57, 0.722, 0.668, 0.486, 0.66, 0.618, 0.756, 0.714, 0.644, 0.696, 0.63, 0.636, 0.676, 0.72, 0.596, 0.622, 0.73, 0.796, 0.798]
Total correct retain:  1619  Total retain:  2500
Total correct forget:  35982  Total forget:  47500
Total correct test:  289  Total test:  500
Total correct forget test:  6381  Total test forget:  9500
[0.578]
[0.578, 0.584]
[0.578, 0.584, 0.724]
[0.578, 0.584, 0.724, 0.686]
[0.578, 0.584, 0.724, 0.686, 0.494]
[0.578, 0.584, 0.724, 0.686, 0.494, 0.66]
[0.578, 0.584, 0.724, 0.686, 0.494, 0.66, 0.61]
[0.578, 0.584, 0.724, 0.686, 0.494, 0.66, 0.61, 0.766]
[0.578, 0.584, 0.724, 0.686, 0.494, 0.66, 0.61, 0.766, 0.734]
[0.578, 0.584, 0.724, 0.686, 0.494, 0.66, 0.61, 0.766, 0.734, 0.6]
[0.578, 0.584, 0.724, 0.686, 0.494, 0.66, 0.61, 0.766, 0.734, 0.6, 0.704]
[0.578, 0.584, 0.724, 0.686, 0.494, 0.66, 0.61, 0.766, 0.734, 0.6, 0.704, 0.632]
[0.578, 0.584, 0.724, 0.686, 0.494, 0.66, 0.61, 0.766, 0.734, 0.6, 0.704, 0.632, 0.62]
[0.578, 0.584, 0.724, 0.686, 0.494, 0.66, 0.61, 0.766, 0.734, 0.6, 0.704, 0.632, 0.62, 0.672]
[0.578, 0.584, 0.724, 0.686, 0.494, 0.66, 0.61, 0.766, 0.734, 0.6, 0.704, 0.632, 0.62, 0.672, 0.724]
[0.578, 0.584, 0.724, 0.686, 0.494, 0.66, 0.61, 0.766, 0.734, 0.6, 0.704, 0.632, 0.62, 0.672, 0.724, 0.588]
[0.578, 0.584, 0.724, 0.686, 0.494, 0.66, 0.61, 0.766, 0.734, 0.6, 0.704, 0.632, 0.62, 0.672, 0.724, 0.588, 0.632]
[0.578, 0.584, 0.724, 0.686, 0.494, 0.66, 0.61, 0.766, 0.734, 0.6, 0.704, 0.632, 0.62, 0.672, 0.724, 0.588, 0.632, 0.732]
[0.578, 0.584, 0.724, 0.686, 0.494, 0.66, 0.61, 0.766, 0.734, 0.6, 0.704, 0.632, 0.62, 0.672, 0.724, 0.588, 0.632, 0.732, 0.786]
[0.578, 0.584, 0.724, 0.686, 0.494, 0.66, 0.61, 0.766, 0.734, 0.6, 0.704, 0.632, 0.62, 0.672, 0.724, 0.588, 0.632, 0.732, 0.786, 0.814]
Total correct retain:  1576  Total retain:  2500
Total correct forget:  35969  Total forget:  47500
Total correct test:  278  Total test:  500
Total correct forget test:  6365  Total test forget:  9500
[0.556]
[0.556, 0.586]
[0.556, 0.586, 0.72]
[0.556, 0.586, 0.72, 0.67]
[0.556, 0.586, 0.72, 0.67, 0.502]
[0.556, 0.586, 0.72, 0.67, 0.502, 0.66]
[0.556, 0.586, 0.72, 0.67, 0.502, 0.66, 0.624]
[0.556, 0.586, 0.72, 0.67, 0.502, 0.66, 0.624, 0.792]
[0.556, 0.586, 0.72, 0.67, 0.502, 0.66, 0.624, 0.792, 0.704]
[0.556, 0.586, 0.72, 0.67, 0.502, 0.66, 0.624, 0.792, 0.704, 0.602]
[0.556, 0.586, 0.72, 0.67, 0.502, 0.66, 0.624, 0.792, 0.704, 0.602, 0.71]
[0.556, 0.586, 0.72, 0.67, 0.502, 0.66, 0.624, 0.792, 0.704, 0.602, 0.71, 0.634]
[0.556, 0.586, 0.72, 0.67, 0.502, 0.66, 0.624, 0.792, 0.704, 0.602, 0.71, 0.634, 0.63]
[0.556, 0.586, 0.72, 0.67, 0.502, 0.66, 0.624, 0.792, 0.704, 0.602, 0.71, 0.634, 0.63, 0.674]
[0.556, 0.586, 0.72, 0.67, 0.502, 0.66, 0.624, 0.792, 0.704, 0.602, 0.71, 0.634, 0.63, 0.674, 0.708]
[0.556, 0.586, 0.72, 0.67, 0.502, 0.66, 0.624, 0.792, 0.704, 0.602, 0.71, 0.634, 0.63, 0.674, 0.708, 0.596]
[0.556, 0.586, 0.72, 0.67, 0.502, 0.66, 0.624, 0.792, 0.704, 0.602, 0.71, 0.634, 0.63, 0.674, 0.708, 0.596, 0.598]
[0.556, 0.586, 0.72, 0.67, 0.502, 0.66, 0.624, 0.792, 0.704, 0.602, 0.71, 0.634, 0.63, 0.674, 0.708, 0.596, 0.598, 0.73]
[0.556, 0.586, 0.72, 0.67, 0.502, 0.66, 0.624, 0.792, 0.704, 0.602, 0.71, 0.634, 0.63, 0.674, 0.708, 0.596, 0.598, 0.73, 0.802]
[0.556, 0.586, 0.72, 0.67, 0.502, 0.66, 0.624, 0.792, 0.704, 0.602, 0.71, 0.634, 0.63, 0.674, 0.708, 0.596, 0.598, 0.73, 0.802, 0.788]
Total correct retain:  1623  Total retain:  2500
Total correct forget:  36210  Total forget:  47500
Total correct test:  287  Total test:  500
Total correct forget test:  6406  Total test forget:  9500
[0.574]
[0.574, 0.592]
[0.574, 0.592, 0.726]
[0.574, 0.592, 0.726, 0.688]
[0.574, 0.592, 0.726, 0.688, 0.496]
[0.574, 0.592, 0.726, 0.688, 0.496, 0.666]
[0.574, 0.592, 0.726, 0.688, 0.496, 0.666, 0.63]
[0.574, 0.592, 0.726, 0.688, 0.496, 0.666, 0.63, 0.774]
[0.574, 0.592, 0.726, 0.688, 0.496, 0.666, 0.63, 0.774, 0.73]
[0.574, 0.592, 0.726, 0.688, 0.496, 0.666, 0.63, 0.774, 0.73, 0.584]
[0.574, 0.592, 0.726, 0.688, 0.496, 0.666, 0.63, 0.774, 0.73, 0.584, 0.722]
[0.574, 0.592, 0.726, 0.688, 0.496, 0.666, 0.63, 0.774, 0.73, 0.584, 0.722, 0.634]
[0.574, 0.592, 0.726, 0.688, 0.496, 0.666, 0.63, 0.774, 0.73, 0.584, 0.722, 0.634, 0.626]
[0.574, 0.592, 0.726, 0.688, 0.496, 0.666, 0.63, 0.774, 0.73, 0.584, 0.722, 0.634, 0.626, 0.668]
[0.574, 0.592, 0.726, 0.688, 0.496, 0.666, 0.63, 0.774, 0.73, 0.584, 0.722, 0.634, 0.626, 0.668, 0.724]
[0.574, 0.592, 0.726, 0.688, 0.496, 0.666, 0.63, 0.774, 0.73, 0.584, 0.722, 0.634, 0.626, 0.668, 0.724, 0.594]
[0.574, 0.592, 0.726, 0.688, 0.496, 0.666, 0.63, 0.774, 0.73, 0.584, 0.722, 0.634, 0.626, 0.668, 0.724, 0.594, 0.626]
[0.574, 0.592, 0.726, 0.688, 0.496, 0.666, 0.63, 0.774, 0.73, 0.584, 0.722, 0.634, 0.626, 0.668, 0.724, 0.594, 0.626, 0.732]
[0.574, 0.592, 0.726, 0.688, 0.496, 0.666, 0.63, 0.774, 0.73, 0.584, 0.722, 0.634, 0.626, 0.668, 0.724, 0.594, 0.626, 0.732, 0.796]
[0.574, 0.592, 0.726, 0.688, 0.496, 0.666, 0.63, 0.774, 0.73, 0.584, 0.722, 0.634, 0.626, 0.668, 0.724, 0.594, 0.626, 0.732, 0.796, 0.804]
Total correct retain:  1590  Total retain:  2500
Total correct forget:  36070  Total forget:  47500
Total correct test:  281  Total test:  500
Total correct forget test:  6389  Total test forget:  9500
[0.562]
[0.562, 0.582]
[0.562, 0.582, 0.724]
[0.562, 0.582, 0.724, 0.678]
[0.562, 0.582, 0.724, 0.678, 0.5]
[0.562, 0.582, 0.724, 0.678, 0.5, 0.662]
[0.562, 0.582, 0.724, 0.678, 0.5, 0.662, 0.602]
[0.562, 0.582, 0.724, 0.678, 0.5, 0.662, 0.602, 0.766]
[0.562, 0.582, 0.724, 0.678, 0.5, 0.662, 0.602, 0.766, 0.732]
[0.562, 0.582, 0.724, 0.678, 0.5, 0.662, 0.602, 0.766, 0.732, 0.588]
[0.562, 0.582, 0.724, 0.678, 0.5, 0.662, 0.602, 0.766, 0.732, 0.588, 0.722]
[0.562, 0.582, 0.724, 0.678, 0.5, 0.662, 0.602, 0.766, 0.732, 0.588, 0.722, 0.636]
[0.562, 0.582, 0.724, 0.678, 0.5, 0.662, 0.602, 0.766, 0.732, 0.588, 0.722, 0.636, 0.618]
[0.562, 0.582, 0.724, 0.678, 0.5, 0.662, 0.602, 0.766, 0.732, 0.588, 0.722, 0.636, 0.618, 0.668]
[0.562, 0.582, 0.724, 0.678, 0.5, 0.662, 0.602, 0.766, 0.732, 0.588, 0.722, 0.636, 0.618, 0.668, 0.722]
[0.562, 0.582, 0.724, 0.678, 0.5, 0.662, 0.602, 0.766, 0.732, 0.588, 0.722, 0.636, 0.618, 0.668, 0.722, 0.61]
[0.562, 0.582, 0.724, 0.678, 0.5, 0.662, 0.602, 0.766, 0.732, 0.588, 0.722, 0.636, 0.618, 0.668, 0.722, 0.61, 0.632]
[0.562, 0.582, 0.724, 0.678, 0.5, 0.662, 0.602, 0.766, 0.732, 0.588, 0.722, 0.636, 0.618, 0.668, 0.722, 0.61, 0.632, 0.736]
[0.562, 0.582, 0.724, 0.678, 0.5, 0.662, 0.602, 0.766, 0.732, 0.588, 0.722, 0.636, 0.618, 0.668, 0.722, 0.61, 0.632, 0.736, 0.806]
[0.562, 0.582, 0.724, 0.678, 0.5, 0.662, 0.602, 0.766, 0.732, 0.588, 0.722, 0.636, 0.618, 0.668, 0.722, 0.61, 0.632, 0.736, 0.806, 0.794]
Total correct retain:  1584  Total retain:  2500
Total correct forget:  35710  Total forget:  47500
Total correct test:  278  Total test:  500
Total correct forget test:  6323  Total test forget:  9500
[0.556]
[0.556, 0.574]
[0.556, 0.574, 0.692]
[0.556, 0.574, 0.692, 0.668]
[0.556, 0.574, 0.692, 0.668, 0.514]
[0.556, 0.574, 0.692, 0.668, 0.514, 0.644]
[0.556, 0.574, 0.692, 0.668, 0.514, 0.644, 0.588]
[0.556, 0.574, 0.692, 0.668, 0.514, 0.644, 0.588, 0.75]
[0.556, 0.574, 0.692, 0.668, 0.514, 0.644, 0.588, 0.75, 0.714]
[0.556, 0.574, 0.692, 0.668, 0.514, 0.644, 0.588, 0.75, 0.714, 0.57]
[0.556, 0.574, 0.692, 0.668, 0.514, 0.644, 0.588, 0.75, 0.714, 0.57, 0.716]
[0.556, 0.574, 0.692, 0.668, 0.514, 0.644, 0.588, 0.75, 0.714, 0.57, 0.716, 0.614]
[0.556, 0.574, 0.692, 0.668, 0.514, 0.644, 0.588, 0.75, 0.714, 0.57, 0.716, 0.614, 0.642]
[0.556, 0.574, 0.692, 0.668, 0.514, 0.644, 0.588, 0.75, 0.714, 0.57, 0.716, 0.614, 0.642, 0.674]
[0.556, 0.574, 0.692, 0.668, 0.514, 0.644, 0.588, 0.75, 0.714, 0.57, 0.716, 0.614, 0.642, 0.674, 0.718]
[0.556, 0.574, 0.692, 0.668, 0.514, 0.644, 0.588, 0.75, 0.714, 0.57, 0.716, 0.614, 0.642, 0.674, 0.718, 0.62]
[0.556, 0.574, 0.692, 0.668, 0.514, 0.644, 0.588, 0.75, 0.714, 0.57, 0.716, 0.614, 0.642, 0.674, 0.718, 0.62, 0.632]
[0.556, 0.574, 0.692, 0.668, 0.514, 0.644, 0.588, 0.75, 0.714, 0.57, 0.716, 0.614, 0.642, 0.674, 0.718, 0.62, 0.632, 0.724]
[0.556, 0.574, 0.692, 0.668, 0.514, 0.644, 0.588, 0.75, 0.714, 0.57, 0.716, 0.614, 0.642, 0.674, 0.718, 0.62, 0.632, 0.724, 0.798]
[0.556, 0.574, 0.692, 0.668, 0.514, 0.644, 0.588, 0.75, 0.714, 0.57, 0.716, 0.614, 0.642, 0.674, 0.718, 0.62, 0.632, 0.724, 0.798, 0.794]
Total correct retain:  1608  Total retain:  2500
Total correct forget:  35586  Total forget:  47500
Total correct test:  288  Total test:  500
Total correct forget test:  6318  Total test forget:  9500
[0.576]
[0.576, 0.572]
[0.576, 0.572, 0.712]
[0.576, 0.572, 0.712, 0.678]
[0.576, 0.572, 0.712, 0.678, 0.51]
[0.576, 0.572, 0.712, 0.678, 0.51, 0.64]
[0.576, 0.572, 0.712, 0.678, 0.51, 0.64, 0.6]
[0.576, 0.572, 0.712, 0.678, 0.51, 0.64, 0.6, 0.752]
[0.576, 0.572, 0.712, 0.678, 0.51, 0.64, 0.6, 0.752, 0.728]
[0.576, 0.572, 0.712, 0.678, 0.51, 0.64, 0.6, 0.752, 0.728, 0.56]
[0.576, 0.572, 0.712, 0.678, 0.51, 0.64, 0.6, 0.752, 0.728, 0.56, 0.726]
[0.576, 0.572, 0.712, 0.678, 0.51, 0.64, 0.6, 0.752, 0.728, 0.56, 0.726, 0.616]
[0.576, 0.572, 0.712, 0.678, 0.51, 0.64, 0.6, 0.752, 0.728, 0.56, 0.726, 0.616, 0.634]
[0.576, 0.572, 0.712, 0.678, 0.51, 0.64, 0.6, 0.752, 0.728, 0.56, 0.726, 0.616, 0.634, 0.652]
[0.576, 0.572, 0.712, 0.678, 0.51, 0.64, 0.6, 0.752, 0.728, 0.56, 0.726, 0.616, 0.634, 0.652, 0.72]
[0.576, 0.572, 0.712, 0.678, 0.51, 0.64, 0.6, 0.752, 0.728, 0.56, 0.726, 0.616, 0.634, 0.652, 0.72, 0.6]
[0.576, 0.572, 0.712, 0.678, 0.51, 0.64, 0.6, 0.752, 0.728, 0.56, 0.726, 0.616, 0.634, 0.652, 0.72, 0.6, 0.626]
[0.576, 0.572, 0.712, 0.678, 0.51, 0.64, 0.6, 0.752, 0.728, 0.56, 0.726, 0.616, 0.634, 0.652, 0.72, 0.6, 0.626, 0.718]
[0.576, 0.572, 0.712, 0.678, 0.51, 0.64, 0.6, 0.752, 0.728, 0.56, 0.726, 0.616, 0.634, 0.652, 0.72, 0.6, 0.626, 0.718, 0.8]
[0.576, 0.572, 0.712, 0.678, 0.51, 0.64, 0.6, 0.752, 0.728, 0.56, 0.726, 0.616, 0.634, 0.652, 0.72, 0.6, 0.626, 0.718, 0.8, 0.792]
Total correct retain:  1599  Total retain:  2500
Total correct forget:  35535  Total forget:  47500
Total correct test:  283  Total test:  500
Total correct forget test:  6296  Total test forget:  9500
[0.566]
[0.566, 0.598]
[0.566, 0.598, 0.754]
[0.566, 0.598, 0.754, 0.664]
[0.566, 0.598, 0.754, 0.664, 0.498]
[0.566, 0.598, 0.754, 0.664, 0.498, 0.656]
[0.566, 0.598, 0.754, 0.664, 0.498, 0.656, 0.598]
[0.566, 0.598, 0.754, 0.664, 0.498, 0.656, 0.598, 0.784]
[0.566, 0.598, 0.754, 0.664, 0.498, 0.656, 0.598, 0.784, 0.706]
[0.566, 0.598, 0.754, 0.664, 0.498, 0.656, 0.598, 0.784, 0.706, 0.564]
[0.566, 0.598, 0.754, 0.664, 0.498, 0.656, 0.598, 0.784, 0.706, 0.564, 0.72]
[0.566, 0.598, 0.754, 0.664, 0.498, 0.656, 0.598, 0.784, 0.706, 0.564, 0.72, 0.62]
[0.566, 0.598, 0.754, 0.664, 0.498, 0.656, 0.598, 0.784, 0.706, 0.564, 0.72, 0.62, 0.614]
[0.566, 0.598, 0.754, 0.664, 0.498, 0.656, 0.598, 0.784, 0.706, 0.564, 0.72, 0.62, 0.614, 0.652]
[0.566, 0.598, 0.754, 0.664, 0.498, 0.656, 0.598, 0.784, 0.706, 0.564, 0.72, 0.62, 0.614, 0.652, 0.678]
[0.566, 0.598, 0.754, 0.664, 0.498, 0.656, 0.598, 0.784, 0.706, 0.564, 0.72, 0.62, 0.614, 0.652, 0.678, 0.608]
[0.566, 0.598, 0.754, 0.664, 0.498, 0.656, 0.598, 0.784, 0.706, 0.564, 0.72, 0.62, 0.614, 0.652, 0.678, 0.608, 0.568]
[0.566, 0.598, 0.754, 0.664, 0.498, 0.656, 0.598, 0.784, 0.706, 0.564, 0.72, 0.62, 0.614, 0.652, 0.678, 0.608, 0.568, 0.72]
[0.566, 0.598, 0.754, 0.664, 0.498, 0.656, 0.598, 0.784, 0.706, 0.564, 0.72, 0.62, 0.614, 0.652, 0.678, 0.608, 0.568, 0.72, 0.8]
[0.566, 0.598, 0.754, 0.664, 0.498, 0.656, 0.598, 0.784, 0.706, 0.564, 0.72, 0.62, 0.614, 0.652, 0.678, 0.608, 0.568, 0.72, 0.8, 0.79]
Total correct retain:  1628  Total retain:  2500
Total correct forget:  35772  Total forget:  47500
Total correct test:  295  Total test:  500
Total correct forget test:  6351  Total test forget:  9500
[0.59]
[0.59, 0.594]
[0.59, 0.594, 0.718]
[0.59, 0.594, 0.718, 0.668]
[0.59, 0.594, 0.718, 0.668, 0.472]
[0.59, 0.594, 0.718, 0.668, 0.472, 0.658]
[0.59, 0.594, 0.718, 0.668, 0.472, 0.658, 0.62]
[0.59, 0.594, 0.718, 0.668, 0.472, 0.658, 0.62, 0.782]
[0.59, 0.594, 0.718, 0.668, 0.472, 0.658, 0.62, 0.782, 0.726]
[0.59, 0.594, 0.718, 0.668, 0.472, 0.658, 0.62, 0.782, 0.726, 0.57]
[0.59, 0.594, 0.718, 0.668, 0.472, 0.658, 0.62, 0.782, 0.726, 0.57, 0.74]
[0.59, 0.594, 0.718, 0.668, 0.472, 0.658, 0.62, 0.782, 0.726, 0.57, 0.74, 0.63]
[0.59, 0.594, 0.718, 0.668, 0.472, 0.658, 0.62, 0.782, 0.726, 0.57, 0.74, 0.63, 0.616]
[0.59, 0.594, 0.718, 0.668, 0.472, 0.658, 0.62, 0.782, 0.726, 0.57, 0.74, 0.63, 0.616, 0.662]
[0.59, 0.594, 0.718, 0.668, 0.472, 0.658, 0.62, 0.782, 0.726, 0.57, 0.74, 0.63, 0.616, 0.662, 0.728]
[0.59, 0.594, 0.718, 0.668, 0.472, 0.658, 0.62, 0.782, 0.726, 0.57, 0.74, 0.63, 0.616, 0.662, 0.728, 0.592]
[0.59, 0.594, 0.718, 0.668, 0.472, 0.658, 0.62, 0.782, 0.726, 0.57, 0.74, 0.63, 0.616, 0.662, 0.728, 0.592, 0.588]
[0.59, 0.594, 0.718, 0.668, 0.472, 0.658, 0.62, 0.782, 0.726, 0.57, 0.74, 0.63, 0.616, 0.662, 0.728, 0.592, 0.588, 0.738]
[0.59, 0.594, 0.718, 0.668, 0.472, 0.658, 0.62, 0.782, 0.726, 0.57, 0.74, 0.63, 0.616, 0.662, 0.728, 0.592, 0.588, 0.738, 0.81]
[0.59, 0.594, 0.718, 0.668, 0.472, 0.658, 0.62, 0.782, 0.726, 0.57, 0.74, 0.63, 0.616, 0.662, 0.728, 0.592, 0.588, 0.738, 0.81, 0.79]
[[0.57, 0.59, 0.722, 0.69, 0.492, 0.664, 0.62, 0.768, 0.734, 0.578, 0.726, 0.62, 0.626, 0.674, 0.742, 0.606, 0.636, 0.734, 0.804, 0.816], [0.57, 0.586, 0.72, 0.688, 0.498, 0.656, 0.62, 0.758, 0.74, 0.582, 0.726, 0.63, 0.628, 0.678, 0.74, 0.608, 0.628, 0.744, 0.81, 0.814], [0.578, 0.584, 0.712, 0.666, 0.488, 0.662, 0.632, 0.758, 0.746, 0.578, 0.726, 0.632, 0.62, 0.676, 0.724, 0.608, 0.628, 0.742, 0.808, 0.794], [0.586, 0.576, 0.696, 0.662, 0.506, 0.664, 0.624, 0.76, 0.732, 0.592, 0.722, 0.632, 0.638, 0.678, 0.736, 0.624, 0.634, 0.736, 0.812, 0.788], [0.572, 0.57, 0.702, 0.666, 0.52, 0.644, 0.62, 0.748, 0.726, 0.588, 0.7, 0.618, 0.648, 0.692, 0.722, 0.618, 0.632, 0.73, 0.804, 0.79], [0.576, 0.564, 0.694, 0.662, 0.522, 0.642, 0.624, 0.752, 0.716, 0.614, 0.706, 0.624, 0.648, 0.686, 0.73, 0.62, 0.634, 0.734, 0.806, 0.786], [0.574, 0.568, 0.722, 0.68, 0.504, 0.666, 0.614, 0.752, 0.732, 0.602, 0.71, 0.63, 0.628, 0.676, 0.724, 0.606, 0.64, 0.736, 0.804, 0.8], [0.562, 0.566, 0.706, 0.664, 0.514, 0.644, 0.604, 0.748, 0.708, 0.622, 0.7, 0.638, 0.636, 0.672, 0.726, 0.616, 0.634, 0.72, 0.806, 0.8], [0.562, 0.578, 0.706, 0.674, 0.508, 0.65, 0.626, 0.758, 0.74, 0.58, 0.72, 0.632, 0.632, 0.676, 0.726, 0.612, 0.634, 0.728, 0.808, 0.794], [0.562, 0.576, 0.718, 0.678, 0.502, 0.656, 0.61, 0.754, 0.716, 0.622, 0.712, 0.636, 0.634, 0.678, 0.71, 0.616, 0.632, 0.734, 0.796, 0.804], [0.574, 0.584, 0.718, 0.678, 0.496, 0.666, 0.614, 0.764, 0.724, 0.604, 0.728, 0.63, 0.624, 0.668, 0.726, 0.62, 0.62, 0.736, 0.804, 0.794], [0.564, 0.57, 0.722, 0.668, 0.486, 0.66, 0.618, 0.756, 0.714, 0.644, 0.696, 0.63, 0.636, 0.676, 0.72, 0.596, 0.622, 0.73, 0.796, 0.798], [0.578, 0.584, 0.724, 0.686, 0.494, 0.66, 0.61, 0.766, 0.734, 0.6, 0.704, 0.632, 0.62, 0.672, 0.724, 0.588, 0.632, 0.732, 0.786, 0.814], [0.556, 0.586, 0.72, 0.67, 0.502, 0.66, 0.624, 0.792, 0.704, 0.602, 0.71, 0.634, 0.63, 0.674, 0.708, 0.596, 0.598, 0.73, 0.802, 0.788], [0.574, 0.592, 0.726, 0.688, 0.496, 0.666, 0.63, 0.774, 0.73, 0.584, 0.722, 0.634, 0.626, 0.668, 0.724, 0.594, 0.626, 0.732, 0.796, 0.804], [0.562, 0.582, 0.724, 0.678, 0.5, 0.662, 0.602, 0.766, 0.732, 0.588, 0.722, 0.636, 0.618, 0.668, 0.722, 0.61, 0.632, 0.736, 0.806, 0.794], [0.556, 0.574, 0.692, 0.668, 0.514, 0.644, 0.588, 0.75, 0.714, 0.57, 0.716, 0.614, 0.642, 0.674, 0.718, 0.62, 0.632, 0.724, 0.798, 0.794], [0.576, 0.572, 0.712, 0.678, 0.51, 0.64, 0.6, 0.752, 0.728, 0.56, 0.726, 0.616, 0.634, 0.652, 0.72, 0.6, 0.626, 0.718, 0.8, 0.792], [0.566, 0.598, 0.754, 0.664, 0.498, 0.656, 0.598, 0.784, 0.706, 0.564, 0.72, 0.62, 0.614, 0.652, 0.678, 0.608, 0.568, 0.72, 0.8, 0.79], [0.59, 0.594, 0.718, 0.668, 0.472, 0.658, 0.62, 0.782, 0.726, 0.57, 0.74, 0.63, 0.616, 0.662, 0.728, 0.592, 0.588, 0.738, 0.81, 0.79]]
20
20
Plot  0  Done
Average Retain Accuracies:  [0.6436, 0.6416, 0.6424, 0.6388, 0.6372, 0.642, 0.6448, 0.644, 0.6372, 0.6428, 0.6464, 0.642, 0.6476, 0.6304, 0.6492, 0.636, 0.6336, 0.6432, 0.6396, 0.6512]
Average Forget Accuracies:  [0.7612842105263158, 0.7617894736842106, 0.7618947368421053, 0.7605894736842105, 0.7585263157894737, 0.7592, 0.7612210526315789, 0.7565263157894737, 0.7592, 0.7600210526315789, 0.7619789473684211, 0.7570736842105263, 0.7575157894736843, 0.7572421052631579, 0.7623157894736842, 0.7593684210526316, 0.7517894736842106, 0.749178947368421, 0.7481052631578947, 0.7530947368421053]
Average Retain Test Accuracies:  [0.57, 0.57, 0.578, 0.586, 0.572, 0.576, 0.574, 0.562, 0.562, 0.562, 0.574, 0.564, 0.578, 0.556, 0.574, 0.562, 0.556, 0.576, 0.566, 0.59]
Average Forget Test Accuracies:  [0.6758947368421052, 0.6765263157894736, 0.6728421052631579, 0.6743157894736842, 0.6704210526315789, 0.6717894736842105, 0.6733684210526316, 0.6696842105263158, 0.6727368421052632, 0.6728421052631579, 0.673578947368421, 0.6704210526315789, 0.6716842105263158, 0.67, 0.6743157894736842, 0.6725263157894736, 0.665578947368421, 0.6650526315789473, 0.6627368421052632, 0.6685263157894736]
Done
