Requirement already satisfied: pyyaml in /usr/lib64/python3.12/site-packages (6.0.1)
Requirement already satisfied: setuptools in /usr/lib/python3.12/site-packages (68.2.2)
Requirement already satisfied: matplotlib in /dcs/21/u2145461/.local/lib/python3.12/site-packages (3.10.1)
Requirement already satisfied: contourpy>=1.0.1 in /dcs/21/u2145461/.local/lib/python3.12/site-packages (from matplotlib) (1.3.1)
Requirement already satisfied: cycler>=0.10 in /dcs/21/u2145461/.local/lib/python3.12/site-packages (from matplotlib) (0.12.1)
Requirement already satisfied: fonttools>=4.22.0 in /dcs/21/u2145461/.local/lib/python3.12/site-packages (from matplotlib) (4.56.0)
Requirement already satisfied: kiwisolver>=1.3.1 in /dcs/21/u2145461/.local/lib/python3.12/site-packages (from matplotlib) (1.4.8)
Requirement already satisfied: numpy>=1.23 in /dcs/21/u2145461/.local/lib/python3.12/site-packages (from matplotlib) (2.2.3)
Requirement already satisfied: packaging>=20.0 in /dcs/21/u2145461/.local/lib/python3.12/site-packages (from matplotlib) (24.2)
Requirement already satisfied: pillow>=8 in /dcs/21/u2145461/.local/lib/python3.12/site-packages (from matplotlib) (11.0.0)
Requirement already satisfied: pyparsing>=2.3.1 in /dcs/21/u2145461/.local/lib/python3.12/site-packages (from matplotlib) (3.2.1)
Requirement already satisfied: python-dateutil>=2.7 in /dcs/21/u2145461/.local/lib/python3.12/site-packages (from matplotlib) (2.9.0.post0)
Requirement already satisfied: six>=1.5 in /dcs/21/u2145461/.local/lib/python3.12/site-packages (from python-dateutil>=2.7->matplotlib) (1.17.0)
Requirement already satisfied: quadprog in /dcs/21/u2145461/.local/lib/python3.12/site-packages (0.1.13)
Requirement already satisfied: numpy in /dcs/21/u2145461/.local/lib/python3.12/site-packages (from quadprog) (2.2.3)
Requirement already satisfied: pyparsing in /dcs/21/u2145461/.local/lib/python3.12/site-packages (3.2.1)
Requirement already satisfied: pandas in /dcs/21/u2145461/.local/lib/python3.12/site-packages (2.2.3)
Requirement already satisfied: numpy>=1.26.0 in /dcs/21/u2145461/.local/lib/python3.12/site-packages (from pandas) (2.2.3)
Requirement already satisfied: python-dateutil>=2.8.2 in /dcs/21/u2145461/.local/lib/python3.12/site-packages (from pandas) (2.9.0.post0)
Requirement already satisfied: pytz>=2020.1 in /dcs/21/u2145461/.local/lib/python3.12/site-packages (from pandas) (2025.1)
Requirement already satisfied: tzdata>=2022.7 in /dcs/21/u2145461/.local/lib/python3.12/site-packages (from pandas) (2025.1)
Requirement already satisfied: six>=1.5 in /dcs/21/u2145461/.local/lib/python3.12/site-packages (from python-dateutil>=2.8.2->pandas) (1.17.0)
Requirement already satisfied: numpy in /dcs/21/u2145461/.local/lib/python3.12/site-packages (2.2.3)
Sun Mar  9 06:09:31 2025       
+-----------------------------------------------------------------------------------------+
| NVIDIA-SMI 550.144.03             Driver Version: 550.144.03     CUDA Version: 12.4     |
|-----------------------------------------+------------------------+----------------------+
| GPU  Name                 Persistence-M | Bus-Id          Disp.A | Volatile Uncorr. ECC |
| Fan  Temp   Perf          Pwr:Usage/Cap |           Memory-Usage | GPU-Util  Compute M. |
|                                         |                        |               MIG M. |
|=========================================+========================+======================|
|   0  NVIDIA GeForce RTX 2080 Ti     Off |   00000000:01:00.0 Off |                  N/A |
| 15%   62C    P0             N/A /  250W |       1MiB /  11264MiB |      0%      Default |
|                                         |                        |                  N/A |
+-----------------------------------------+------------------------+----------------------+
                                                                                         
+-----------------------------------------------------------------------------------------+
| Processes:                                                                              |
|  GPU   GI   CI        PID   Type   Process name                              GPU Memory |
|        ID   ID                                                               Usage      |
|=========================================================================================|
|  No running processes found                                                             |
+-----------------------------------------------------------------------------------------+
Python 3.12.8
./cifar-100-python/train
./cifar-100-python/test
Unlearn Batch Size:  16
Unlearn MEM Strength:  0.6
cifar-100-python/train
cifar-100-python/test
new ordering of classes:  ['bowls', 'willow', 'rocket', 'shark', 'beaver', 'bottles', 'chimpanzee', 'tulips', 'train', 'raccoon', 'elephant', 'computer keyboard', 'aquarium fish', 'chair', 'bicycle', 'whale', 'kangaroo', 'sunflowers', 'crocodile', 'castle', 'roses', 'cattle', 'seal', 'sea', 'butterfly', 'rabbit', 'house', 'bee', 'bear', 'road', 'bed', 'plain', 'mushrooms', 'telephone', 'woman', 'fox', 'television', 'trout', 'tractor', 'camel', 'wolf', 'beetle', 'clock', 'hamster', 'snail', 'porcupine', 'ray', 'skunk', 'motorcycle', 'worm', 'plates', 'man', 'mountain', 'girl', 'lawn-mower', 'dinosaur', 'leopard', 'cans', 'bridge', 'oranges', 'pears', 'cloud', 'table', 'forest', 'crab', 'apples', 'flatfish', 'mouse', 'possum', 'lobster', 'snake', 'palm', 'boy', 'shrew', 'maple', 'cups', 'oak', 'tiger', 'skyscraper', 'caterpillar', 'orchids', 'pickup truck', 'pine', 'dolphin', 'lizard', 'cockroach', 'streetcar', 'lamp', 'lion', 'couch', 'poppies', 'tank', 'sweet peppers', 'baby', 'turtle', 'bus', 'spider', 'wardrobe', 'squirrel', 'otter']
Training task:  1
Training task:  2
Training task:  3
Training task:  4
Training task:  5
Training task:  6
Training task:  7
Training task:  8
Training task:  9
Training task:  10
Training task:  11
Training task:  12
Training task:  13
Training task:  14
Training task:  15
Training task:  16
Training task:  17
Training task:  18
Training task:  19
Training task:  20
Unlearning task:  20
Total correct retain:  1878  Total retain:  2500
Total correct forget:  37991  Total forget:  47500
Total correct test:  350  Total test:  500
Total correct forget test:  6671  Total test forget:  9500
Total correct retain:  1896  Total retain:  2500
Total correct forget:  37990  Total forget:  47500
Total correct test:  353  Total test:  500
Total correct forget test:  6666  Total test forget:  9500
[0.706]
[0.706, 0.704]
[0.706, 0.704, 0.624]
[0.706, 0.704, 0.624, 0.754]
[0.706, 0.704, 0.624, 0.754, 0.716]
[0.706, 0.704, 0.624, 0.754, 0.716, 0.594]
[0.706, 0.704, 0.624, 0.754, 0.716, 0.594, 0.674]
[0.706, 0.704, 0.624, 0.754, 0.716, 0.594, 0.674, 0.7]
[0.706, 0.704, 0.624, 0.754, 0.716, 0.594, 0.674, 0.7, 0.634]
[0.706, 0.704, 0.624, 0.754, 0.716, 0.594, 0.674, 0.7, 0.634, 0.692]
[0.706, 0.704, 0.624, 0.754, 0.716, 0.594, 0.674, 0.7, 0.634, 0.692, 0.73]
[0.706, 0.704, 0.624, 0.754, 0.716, 0.594, 0.674, 0.7, 0.634, 0.692, 0.73, 0.8]
[0.706, 0.704, 0.624, 0.754, 0.716, 0.594, 0.674, 0.7, 0.634, 0.692, 0.73, 0.8, 0.69]
[0.706, 0.704, 0.624, 0.754, 0.716, 0.594, 0.674, 0.7, 0.634, 0.692, 0.73, 0.8, 0.69, 0.666]
[0.706, 0.704, 0.624, 0.754, 0.716, 0.594, 0.674, 0.7, 0.634, 0.692, 0.73, 0.8, 0.69, 0.666, 0.674]
[0.706, 0.704, 0.624, 0.754, 0.716, 0.594, 0.674, 0.7, 0.634, 0.692, 0.73, 0.8, 0.69, 0.666, 0.674, 0.696]
[0.706, 0.704, 0.624, 0.754, 0.716, 0.594, 0.674, 0.7, 0.634, 0.692, 0.73, 0.8, 0.69, 0.666, 0.674, 0.696, 0.762]
[0.706, 0.704, 0.624, 0.754, 0.716, 0.594, 0.674, 0.7, 0.634, 0.692, 0.73, 0.8, 0.69, 0.666, 0.674, 0.696, 0.762, 0.74]
[0.706, 0.704, 0.624, 0.754, 0.716, 0.594, 0.674, 0.7, 0.634, 0.692, 0.73, 0.8, 0.69, 0.666, 0.674, 0.696, 0.762, 0.74, 0.708]
[0.706, 0.704, 0.624, 0.754, 0.716, 0.594, 0.674, 0.7, 0.634, 0.692, 0.73, 0.8, 0.69, 0.666, 0.674, 0.696, 0.762, 0.74, 0.708, 0.774]
Total correct retain:  1914  Total retain:  2500
Total correct forget:  37568  Total forget:  47500
Total correct test:  350  Total test:  500
Total correct forget test:  6556  Total test forget:  9500
[0.7]
[0.7, 0.682]
[0.7, 0.682, 0.592]
[0.7, 0.682, 0.592, 0.752]
[0.7, 0.682, 0.592, 0.752, 0.702]
[0.7, 0.682, 0.592, 0.752, 0.702, 0.55]
[0.7, 0.682, 0.592, 0.752, 0.702, 0.55, 0.662]
[0.7, 0.682, 0.592, 0.752, 0.702, 0.55, 0.662, 0.646]
[0.7, 0.682, 0.592, 0.752, 0.702, 0.55, 0.662, 0.646, 0.62]
[0.7, 0.682, 0.592, 0.752, 0.702, 0.55, 0.662, 0.646, 0.62, 0.714]
[0.7, 0.682, 0.592, 0.752, 0.702, 0.55, 0.662, 0.646, 0.62, 0.714, 0.72]
[0.7, 0.682, 0.592, 0.752, 0.702, 0.55, 0.662, 0.646, 0.62, 0.714, 0.72, 0.836]
[0.7, 0.682, 0.592, 0.752, 0.702, 0.55, 0.662, 0.646, 0.62, 0.714, 0.72, 0.836, 0.654]
[0.7, 0.682, 0.592, 0.752, 0.702, 0.55, 0.662, 0.646, 0.62, 0.714, 0.72, 0.836, 0.654, 0.668]
[0.7, 0.682, 0.592, 0.752, 0.702, 0.55, 0.662, 0.646, 0.62, 0.714, 0.72, 0.836, 0.654, 0.668, 0.676]
[0.7, 0.682, 0.592, 0.752, 0.702, 0.55, 0.662, 0.646, 0.62, 0.714, 0.72, 0.836, 0.654, 0.668, 0.676, 0.67]
[0.7, 0.682, 0.592, 0.752, 0.702, 0.55, 0.662, 0.646, 0.62, 0.714, 0.72, 0.836, 0.654, 0.668, 0.676, 0.67, 0.732]
[0.7, 0.682, 0.592, 0.752, 0.702, 0.55, 0.662, 0.646, 0.62, 0.714, 0.72, 0.836, 0.654, 0.668, 0.676, 0.67, 0.732, 0.748]
[0.7, 0.682, 0.592, 0.752, 0.702, 0.55, 0.662, 0.646, 0.62, 0.714, 0.72, 0.836, 0.654, 0.668, 0.676, 0.67, 0.732, 0.748, 0.712]
[0.7, 0.682, 0.592, 0.752, 0.702, 0.55, 0.662, 0.646, 0.62, 0.714, 0.72, 0.836, 0.654, 0.668, 0.676, 0.67, 0.732, 0.748, 0.712, 0.776]
Total correct retain:  1893  Total retain:  2500
Total correct forget:  37432  Total forget:  47500
Total correct test:  349  Total test:  500
Total correct forget test:  6578  Total test forget:  9500
[0.698]
[0.698, 0.686]
[0.698, 0.686, 0.604]
[0.698, 0.686, 0.604, 0.758]
[0.698, 0.686, 0.604, 0.758, 0.706]
[0.698, 0.686, 0.604, 0.758, 0.706, 0.592]
[0.698, 0.686, 0.604, 0.758, 0.706, 0.592, 0.668]
[0.698, 0.686, 0.604, 0.758, 0.706, 0.592, 0.668, 0.668]
[0.698, 0.686, 0.604, 0.758, 0.706, 0.592, 0.668, 0.668, 0.622]
[0.698, 0.686, 0.604, 0.758, 0.706, 0.592, 0.668, 0.668, 0.622, 0.71]
[0.698, 0.686, 0.604, 0.758, 0.706, 0.592, 0.668, 0.668, 0.622, 0.71, 0.724]
[0.698, 0.686, 0.604, 0.758, 0.706, 0.592, 0.668, 0.668, 0.622, 0.71, 0.724, 0.78]
[0.698, 0.686, 0.604, 0.758, 0.706, 0.592, 0.668, 0.668, 0.622, 0.71, 0.724, 0.78, 0.668]
[0.698, 0.686, 0.604, 0.758, 0.706, 0.592, 0.668, 0.668, 0.622, 0.71, 0.724, 0.78, 0.668, 0.66]
[0.698, 0.686, 0.604, 0.758, 0.706, 0.592, 0.668, 0.668, 0.622, 0.71, 0.724, 0.78, 0.668, 0.66, 0.678]
[0.698, 0.686, 0.604, 0.758, 0.706, 0.592, 0.668, 0.668, 0.622, 0.71, 0.724, 0.78, 0.668, 0.66, 0.678, 0.694]
[0.698, 0.686, 0.604, 0.758, 0.706, 0.592, 0.668, 0.668, 0.622, 0.71, 0.724, 0.78, 0.668, 0.66, 0.678, 0.694, 0.764]
[0.698, 0.686, 0.604, 0.758, 0.706, 0.592, 0.668, 0.668, 0.622, 0.71, 0.724, 0.78, 0.668, 0.66, 0.678, 0.694, 0.764, 0.736]
[0.698, 0.686, 0.604, 0.758, 0.706, 0.592, 0.668, 0.668, 0.622, 0.71, 0.724, 0.78, 0.668, 0.66, 0.678, 0.694, 0.764, 0.736, 0.65]
[0.698, 0.686, 0.604, 0.758, 0.706, 0.592, 0.668, 0.668, 0.622, 0.71, 0.724, 0.78, 0.668, 0.66, 0.678, 0.694, 0.764, 0.736, 0.65, 0.788]
Total correct retain:  1916  Total retain:  2500
Total correct forget:  37185  Total forget:  47500
Total correct test:  350  Total test:  500
Total correct forget test:  6533  Total test forget:  9500
[0.7]
[0.7, 0.704]
[0.7, 0.704, 0.592]
[0.7, 0.704, 0.592, 0.756]
[0.7, 0.704, 0.592, 0.756, 0.678]
[0.7, 0.704, 0.592, 0.756, 0.678, 0.59]
[0.7, 0.704, 0.592, 0.756, 0.678, 0.59, 0.668]
[0.7, 0.704, 0.592, 0.756, 0.678, 0.59, 0.668, 0.648]
[0.7, 0.704, 0.592, 0.756, 0.678, 0.59, 0.668, 0.648, 0.638]
[0.7, 0.704, 0.592, 0.756, 0.678, 0.59, 0.668, 0.648, 0.638, 0.716]
[0.7, 0.704, 0.592, 0.756, 0.678, 0.59, 0.668, 0.648, 0.638, 0.716, 0.704]
[0.7, 0.704, 0.592, 0.756, 0.678, 0.59, 0.668, 0.648, 0.638, 0.716, 0.704, 0.798]
[0.7, 0.704, 0.592, 0.756, 0.678, 0.59, 0.668, 0.648, 0.638, 0.716, 0.704, 0.798, 0.674]
[0.7, 0.704, 0.592, 0.756, 0.678, 0.59, 0.668, 0.648, 0.638, 0.716, 0.704, 0.798, 0.674, 0.654]
[0.7, 0.704, 0.592, 0.756, 0.678, 0.59, 0.668, 0.648, 0.638, 0.716, 0.704, 0.798, 0.674, 0.654, 0.706]
[0.7, 0.704, 0.592, 0.756, 0.678, 0.59, 0.668, 0.648, 0.638, 0.716, 0.704, 0.798, 0.674, 0.654, 0.706, 0.73]
[0.7, 0.704, 0.592, 0.756, 0.678, 0.59, 0.668, 0.648, 0.638, 0.716, 0.704, 0.798, 0.674, 0.654, 0.706, 0.73, 0.732]
[0.7, 0.704, 0.592, 0.756, 0.678, 0.59, 0.668, 0.648, 0.638, 0.716, 0.704, 0.798, 0.674, 0.654, 0.706, 0.73, 0.732, 0.68]
[0.7, 0.704, 0.592, 0.756, 0.678, 0.59, 0.668, 0.648, 0.638, 0.716, 0.704, 0.798, 0.674, 0.654, 0.706, 0.73, 0.732, 0.68, 0.642]
[0.7, 0.704, 0.592, 0.756, 0.678, 0.59, 0.668, 0.648, 0.638, 0.716, 0.704, 0.798, 0.674, 0.654, 0.706, 0.73, 0.732, 0.68, 0.642, 0.756]
Total correct retain:  1933  Total retain:  2500
Total correct forget:  36498  Total forget:  47500
Total correct test:  359  Total test:  500
Total correct forget test:  6433  Total test forget:  9500
[0.718]
[0.718, 0.712]
[0.718, 0.712, 0.602]
[0.718, 0.712, 0.602, 0.768]
[0.718, 0.712, 0.602, 0.768, 0.668]
[0.718, 0.712, 0.602, 0.768, 0.668, 0.59]
[0.718, 0.712, 0.602, 0.768, 0.668, 0.59, 0.678]
[0.718, 0.712, 0.602, 0.768, 0.668, 0.59, 0.678, 0.64]
[0.718, 0.712, 0.602, 0.768, 0.668, 0.59, 0.678, 0.64, 0.622]
[0.718, 0.712, 0.602, 0.768, 0.668, 0.59, 0.678, 0.64, 0.622, 0.72]
[0.718, 0.712, 0.602, 0.768, 0.668, 0.59, 0.678, 0.64, 0.622, 0.72, 0.7]
[0.718, 0.712, 0.602, 0.768, 0.668, 0.59, 0.678, 0.64, 0.622, 0.72, 0.7, 0.798]
[0.718, 0.712, 0.602, 0.768, 0.668, 0.59, 0.678, 0.64, 0.622, 0.72, 0.7, 0.798, 0.684]
[0.718, 0.712, 0.602, 0.768, 0.668, 0.59, 0.678, 0.64, 0.622, 0.72, 0.7, 0.798, 0.684, 0.6]
[0.718, 0.712, 0.602, 0.768, 0.668, 0.59, 0.678, 0.64, 0.622, 0.72, 0.7, 0.798, 0.684, 0.6, 0.698]
[0.718, 0.712, 0.602, 0.768, 0.668, 0.59, 0.678, 0.64, 0.622, 0.72, 0.7, 0.798, 0.684, 0.6, 0.698, 0.656]
[0.718, 0.712, 0.602, 0.768, 0.668, 0.59, 0.678, 0.64, 0.622, 0.72, 0.7, 0.798, 0.684, 0.6, 0.698, 0.656, 0.702]
[0.718, 0.712, 0.602, 0.768, 0.668, 0.59, 0.678, 0.64, 0.622, 0.72, 0.7, 0.798, 0.684, 0.6, 0.698, 0.656, 0.702, 0.68]
[0.718, 0.712, 0.602, 0.768, 0.668, 0.59, 0.678, 0.64, 0.622, 0.72, 0.7, 0.798, 0.684, 0.6, 0.698, 0.656, 0.702, 0.68, 0.612]
[0.718, 0.712, 0.602, 0.768, 0.668, 0.59, 0.678, 0.64, 0.622, 0.72, 0.7, 0.798, 0.684, 0.6, 0.698, 0.656, 0.702, 0.68, 0.612, 0.736]
Total correct retain:  1880  Total retain:  2500
Total correct forget:  36186  Total forget:  47500
Total correct test:  347  Total test:  500
Total correct forget test:  6383  Total test forget:  9500
[0.694]
[0.694, 0.732]
[0.694, 0.732, 0.596]
[0.694, 0.732, 0.596, 0.736]
[0.694, 0.732, 0.596, 0.736, 0.694]
[0.694, 0.732, 0.596, 0.736, 0.694, 0.58]
[0.694, 0.732, 0.596, 0.736, 0.694, 0.58, 0.67]
[0.694, 0.732, 0.596, 0.736, 0.694, 0.58, 0.67, 0.622]
[0.694, 0.732, 0.596, 0.736, 0.694, 0.58, 0.67, 0.622, 0.638]
[0.694, 0.732, 0.596, 0.736, 0.694, 0.58, 0.67, 0.622, 0.638, 0.696]
[0.694, 0.732, 0.596, 0.736, 0.694, 0.58, 0.67, 0.622, 0.638, 0.696, 0.708]
[0.694, 0.732, 0.596, 0.736, 0.694, 0.58, 0.67, 0.622, 0.638, 0.696, 0.708, 0.818]
[0.694, 0.732, 0.596, 0.736, 0.694, 0.58, 0.67, 0.622, 0.638, 0.696, 0.708, 0.818, 0.68]
[0.694, 0.732, 0.596, 0.736, 0.694, 0.58, 0.67, 0.622, 0.638, 0.696, 0.708, 0.818, 0.68, 0.622]
[0.694, 0.732, 0.596, 0.736, 0.694, 0.58, 0.67, 0.622, 0.638, 0.696, 0.708, 0.818, 0.68, 0.622, 0.644]
[0.694, 0.732, 0.596, 0.736, 0.694, 0.58, 0.67, 0.622, 0.638, 0.696, 0.708, 0.818, 0.68, 0.622, 0.644, 0.6]
[0.694, 0.732, 0.596, 0.736, 0.694, 0.58, 0.67, 0.622, 0.638, 0.696, 0.708, 0.818, 0.68, 0.622, 0.644, 0.6, 0.674]
[0.694, 0.732, 0.596, 0.736, 0.694, 0.58, 0.67, 0.622, 0.638, 0.696, 0.708, 0.818, 0.68, 0.622, 0.644, 0.6, 0.674, 0.658]
[0.694, 0.732, 0.596, 0.736, 0.694, 0.58, 0.67, 0.622, 0.638, 0.696, 0.708, 0.818, 0.68, 0.622, 0.644, 0.6, 0.674, 0.658, 0.654]
[0.694, 0.732, 0.596, 0.736, 0.694, 0.58, 0.67, 0.622, 0.638, 0.696, 0.708, 0.818, 0.68, 0.622, 0.644, 0.6, 0.674, 0.658, 0.654, 0.744]
Total correct retain:  1574  Total retain:  2500
Total correct forget:  31874  Total forget:  47500
Total correct test:  295  Total test:  500
Total correct forget test:  5708  Total test forget:  9500
[0.59]
[0.59, 0.598]
[0.59, 0.598, 0.49]
[0.59, 0.598, 0.49, 0.66]
[0.59, 0.598, 0.49, 0.66, 0.666]
[0.59, 0.598, 0.49, 0.66, 0.666, 0.516]
[0.59, 0.598, 0.49, 0.66, 0.666, 0.516, 0.68]
[0.59, 0.598, 0.49, 0.66, 0.666, 0.516, 0.68, 0.5]
[0.59, 0.598, 0.49, 0.66, 0.666, 0.516, 0.68, 0.5, 0.606]
[0.59, 0.598, 0.49, 0.66, 0.666, 0.516, 0.68, 0.5, 0.606, 0.65]
[0.59, 0.598, 0.49, 0.66, 0.666, 0.516, 0.68, 0.5, 0.606, 0.65, 0.596]
[0.59, 0.598, 0.49, 0.66, 0.666, 0.516, 0.68, 0.5, 0.606, 0.65, 0.596, 0.808]
[0.59, 0.598, 0.49, 0.66, 0.666, 0.516, 0.68, 0.5, 0.606, 0.65, 0.596, 0.808, 0.668]
[0.59, 0.598, 0.49, 0.66, 0.666, 0.516, 0.68, 0.5, 0.606, 0.65, 0.596, 0.808, 0.668, 0.436]
[0.59, 0.598, 0.49, 0.66, 0.666, 0.516, 0.68, 0.5, 0.606, 0.65, 0.596, 0.808, 0.668, 0.436, 0.57]
[0.59, 0.598, 0.49, 0.66, 0.666, 0.516, 0.68, 0.5, 0.606, 0.65, 0.596, 0.808, 0.668, 0.436, 0.57, 0.51]
[0.59, 0.598, 0.49, 0.66, 0.666, 0.516, 0.68, 0.5, 0.606, 0.65, 0.596, 0.808, 0.668, 0.436, 0.57, 0.51, 0.578]
[0.59, 0.598, 0.49, 0.66, 0.666, 0.516, 0.68, 0.5, 0.606, 0.65, 0.596, 0.808, 0.668, 0.436, 0.57, 0.51, 0.578, 0.502]
[0.59, 0.598, 0.49, 0.66, 0.666, 0.516, 0.68, 0.5, 0.606, 0.65, 0.596, 0.808, 0.668, 0.436, 0.57, 0.51, 0.578, 0.502, 0.676]
[0.59, 0.598, 0.49, 0.66, 0.666, 0.516, 0.68, 0.5, 0.606, 0.65, 0.596, 0.808, 0.668, 0.436, 0.57, 0.51, 0.578, 0.502, 0.676, 0.706]
Total correct retain:  1723  Total retain:  2500
Total correct forget:  29823  Total forget:  47500
Total correct test:  323  Total test:  500
Total correct forget test:  5280  Total test forget:  9500
[0.646]
[0.646, 0.628]
[0.646, 0.628, 0.514]
[0.646, 0.628, 0.514, 0.686]
[0.646, 0.628, 0.514, 0.686, 0.606]
[0.646, 0.628, 0.514, 0.686, 0.606, 0.498]
[0.646, 0.628, 0.514, 0.686, 0.606, 0.498, 0.62]
[0.646, 0.628, 0.514, 0.686, 0.606, 0.498, 0.62, 0.646]
[0.646, 0.628, 0.514, 0.686, 0.606, 0.498, 0.62, 0.646, 0.536]
[0.646, 0.628, 0.514, 0.686, 0.606, 0.498, 0.62, 0.646, 0.536, 0.598]
[0.646, 0.628, 0.514, 0.686, 0.606, 0.498, 0.62, 0.646, 0.536, 0.598, 0.576]
[0.646, 0.628, 0.514, 0.686, 0.606, 0.498, 0.62, 0.646, 0.536, 0.598, 0.576, 0.67]
[0.646, 0.628, 0.514, 0.686, 0.606, 0.498, 0.62, 0.646, 0.536, 0.598, 0.576, 0.67, 0.346]
[0.646, 0.628, 0.514, 0.686, 0.606, 0.498, 0.62, 0.646, 0.536, 0.598, 0.576, 0.67, 0.346, 0.472]
[0.646, 0.628, 0.514, 0.686, 0.606, 0.498, 0.62, 0.646, 0.536, 0.598, 0.576, 0.67, 0.346, 0.472, 0.512]
[0.646, 0.628, 0.514, 0.686, 0.606, 0.498, 0.62, 0.646, 0.536, 0.598, 0.576, 0.67, 0.346, 0.472, 0.512, 0.39]
[0.646, 0.628, 0.514, 0.686, 0.606, 0.498, 0.62, 0.646, 0.536, 0.598, 0.576, 0.67, 0.346, 0.472, 0.512, 0.39, 0.538]
[0.646, 0.628, 0.514, 0.686, 0.606, 0.498, 0.62, 0.646, 0.536, 0.598, 0.576, 0.67, 0.346, 0.472, 0.512, 0.39, 0.538, 0.532]
[0.646, 0.628, 0.514, 0.686, 0.606, 0.498, 0.62, 0.646, 0.536, 0.598, 0.576, 0.67, 0.346, 0.472, 0.512, 0.39, 0.538, 0.532, 0.54]
[0.646, 0.628, 0.514, 0.686, 0.606, 0.498, 0.62, 0.646, 0.536, 0.598, 0.576, 0.67, 0.346, 0.472, 0.512, 0.39, 0.538, 0.532, 0.54, 0.652]
Total correct retain:  1648  Total retain:  2500
Total correct forget:  28595  Total forget:  47500
Total correct test:  280  Total test:  500
Total correct forget test:  5246  Total test forget:  9500
[0.56]
[0.56, 0.64]
[0.56, 0.64, 0.528]
[0.56, 0.64, 0.528, 0.73]
[0.56, 0.64, 0.528, 0.73, 0.586]
[0.56, 0.64, 0.528, 0.73, 0.586, 0.508]
[0.56, 0.64, 0.528, 0.73, 0.586, 0.508, 0.61]
[0.56, 0.64, 0.528, 0.73, 0.586, 0.508, 0.61, 0.608]
[0.56, 0.64, 0.528, 0.73, 0.586, 0.508, 0.61, 0.608, 0.564]
[0.56, 0.64, 0.528, 0.73, 0.586, 0.508, 0.61, 0.608, 0.564, 0.624]
[0.56, 0.64, 0.528, 0.73, 0.586, 0.508, 0.61, 0.608, 0.564, 0.624, 0.66]
[0.56, 0.64, 0.528, 0.73, 0.586, 0.508, 0.61, 0.608, 0.564, 0.624, 0.66, 0.41]
[0.56, 0.64, 0.528, 0.73, 0.586, 0.508, 0.61, 0.608, 0.564, 0.624, 0.66, 0.41, 0.34]
[0.56, 0.64, 0.528, 0.73, 0.586, 0.508, 0.61, 0.608, 0.564, 0.624, 0.66, 0.41, 0.34, 0.502]
[0.56, 0.64, 0.528, 0.73, 0.586, 0.508, 0.61, 0.608, 0.564, 0.624, 0.66, 0.41, 0.34, 0.502, 0.566]
[0.56, 0.64, 0.528, 0.73, 0.586, 0.508, 0.61, 0.608, 0.564, 0.624, 0.66, 0.41, 0.34, 0.502, 0.566, 0.474]
[0.56, 0.64, 0.528, 0.73, 0.586, 0.508, 0.61, 0.608, 0.564, 0.624, 0.66, 0.41, 0.34, 0.502, 0.566, 0.474, 0.586]
[0.56, 0.64, 0.528, 0.73, 0.586, 0.508, 0.61, 0.608, 0.564, 0.624, 0.66, 0.41, 0.34, 0.502, 0.566, 0.474, 0.586, 0.492]
[0.56, 0.64, 0.528, 0.73, 0.586, 0.508, 0.61, 0.608, 0.564, 0.624, 0.66, 0.41, 0.34, 0.502, 0.566, 0.474, 0.586, 0.492, 0.536]
[0.56, 0.64, 0.528, 0.73, 0.586, 0.508, 0.61, 0.608, 0.564, 0.624, 0.66, 0.41, 0.34, 0.502, 0.566, 0.474, 0.586, 0.492, 0.536, 0.528]
Total correct retain:  1642  Total retain:  2500
Total correct forget:  26470  Total forget:  47500
Total correct test:  298  Total test:  500
Total correct forget test:  4824  Total test forget:  9500
[0.596]
[0.596, 0.6]
[0.596, 0.6, 0.536]
[0.596, 0.6, 0.536, 0.762]
[0.596, 0.6, 0.536, 0.762, 0.626]
[0.596, 0.6, 0.536, 0.762, 0.626, 0.524]
[0.596, 0.6, 0.536, 0.762, 0.626, 0.524, 0.654]
[0.596, 0.6, 0.536, 0.762, 0.626, 0.524, 0.654, 0.5]
[0.596, 0.6, 0.536, 0.762, 0.626, 0.524, 0.654, 0.5, 0.398]
[0.596, 0.6, 0.536, 0.762, 0.626, 0.524, 0.654, 0.5, 0.398, 0.572]
[0.596, 0.6, 0.536, 0.762, 0.626, 0.524, 0.654, 0.5, 0.398, 0.572, 0.328]
[0.596, 0.6, 0.536, 0.762, 0.626, 0.524, 0.654, 0.5, 0.398, 0.572, 0.328, 0.42]
[0.596, 0.6, 0.536, 0.762, 0.626, 0.524, 0.654, 0.5, 0.398, 0.572, 0.328, 0.42, 0.426]
[0.596, 0.6, 0.536, 0.762, 0.626, 0.524, 0.654, 0.5, 0.398, 0.572, 0.328, 0.42, 0.426, 0.416]
[0.596, 0.6, 0.536, 0.762, 0.626, 0.524, 0.654, 0.5, 0.398, 0.572, 0.328, 0.42, 0.426, 0.416, 0.51]
[0.596, 0.6, 0.536, 0.762, 0.626, 0.524, 0.654, 0.5, 0.398, 0.572, 0.328, 0.42, 0.426, 0.416, 0.51, 0.466]
[0.596, 0.6, 0.536, 0.762, 0.626, 0.524, 0.654, 0.5, 0.398, 0.572, 0.328, 0.42, 0.426, 0.416, 0.51, 0.466, 0.516]
[0.596, 0.6, 0.536, 0.762, 0.626, 0.524, 0.654, 0.5, 0.398, 0.572, 0.328, 0.42, 0.426, 0.416, 0.51, 0.466, 0.516, 0.394]
[0.596, 0.6, 0.536, 0.762, 0.626, 0.524, 0.654, 0.5, 0.398, 0.572, 0.328, 0.42, 0.426, 0.416, 0.51, 0.466, 0.516, 0.394, 0.476]
[0.596, 0.6, 0.536, 0.762, 0.626, 0.524, 0.654, 0.5, 0.398, 0.572, 0.328, 0.42, 0.426, 0.416, 0.51, 0.466, 0.516, 0.394, 0.476, 0.524]
Total correct retain:  1375  Total retain:  2500
Total correct forget:  22854  Total forget:  47500
Total correct test:  249  Total test:  500
Total correct forget test:  4171  Total test forget:  9500
[0.498]
[0.498, 0.562]
[0.498, 0.562, 0.482]
[0.498, 0.562, 0.482, 0.58]
[0.498, 0.562, 0.482, 0.58, 0.508]
[0.498, 0.562, 0.482, 0.58, 0.508, 0.46]
[0.498, 0.562, 0.482, 0.58, 0.508, 0.46, 0.552]
[0.498, 0.562, 0.482, 0.58, 0.508, 0.46, 0.552, 0.41]
[0.498, 0.562, 0.482, 0.58, 0.508, 0.46, 0.552, 0.41, 0.49]
[0.498, 0.562, 0.482, 0.58, 0.508, 0.46, 0.552, 0.41, 0.49, 0.246]
[0.498, 0.562, 0.482, 0.58, 0.508, 0.46, 0.552, 0.41, 0.49, 0.246, 0.336]
[0.498, 0.562, 0.482, 0.58, 0.508, 0.46, 0.552, 0.41, 0.49, 0.246, 0.336, 0.426]
[0.498, 0.562, 0.482, 0.58, 0.508, 0.46, 0.552, 0.41, 0.49, 0.246, 0.336, 0.426, 0.312]
[0.498, 0.562, 0.482, 0.58, 0.508, 0.46, 0.552, 0.41, 0.49, 0.246, 0.336, 0.426, 0.312, 0.474]
[0.498, 0.562, 0.482, 0.58, 0.508, 0.46, 0.552, 0.41, 0.49, 0.246, 0.336, 0.426, 0.312, 0.474, 0.522]
[0.498, 0.562, 0.482, 0.58, 0.508, 0.46, 0.552, 0.41, 0.49, 0.246, 0.336, 0.426, 0.312, 0.474, 0.522, 0.41]
[0.498, 0.562, 0.482, 0.58, 0.508, 0.46, 0.552, 0.41, 0.49, 0.246, 0.336, 0.426, 0.312, 0.474, 0.522, 0.41, 0.448]
[0.498, 0.562, 0.482, 0.58, 0.508, 0.46, 0.552, 0.41, 0.49, 0.246, 0.336, 0.426, 0.312, 0.474, 0.522, 0.41, 0.448, 0.29]
[0.498, 0.562, 0.482, 0.58, 0.508, 0.46, 0.552, 0.41, 0.49, 0.246, 0.336, 0.426, 0.312, 0.474, 0.522, 0.41, 0.448, 0.29, 0.424]
[0.498, 0.562, 0.482, 0.58, 0.508, 0.46, 0.552, 0.41, 0.49, 0.246, 0.336, 0.426, 0.312, 0.474, 0.522, 0.41, 0.448, 0.29, 0.424, 0.41]
Total correct retain:  1276  Total retain:  2500
Total correct forget:  20966  Total forget:  47500
Total correct test:  239  Total test:  500
Total correct forget test:  3933  Total test forget:  9500
[0.478]
[0.478, 0.548]
[0.478, 0.548, 0.478]
[0.478, 0.548, 0.478, 0.6]
[0.478, 0.548, 0.478, 0.6, 0.57]
[0.478, 0.548, 0.478, 0.6, 0.57, 0.508]
[0.478, 0.548, 0.478, 0.6, 0.57, 0.508, 0.65]
[0.478, 0.548, 0.478, 0.6, 0.57, 0.508, 0.65, 0.436]
[0.478, 0.548, 0.478, 0.6, 0.57, 0.508, 0.65, 0.436, 0.212]
[0.478, 0.548, 0.478, 0.6, 0.57, 0.508, 0.65, 0.436, 0.212, 0.3]
[0.478, 0.548, 0.478, 0.6, 0.57, 0.508, 0.65, 0.436, 0.212, 0.3, 0.268]
[0.478, 0.548, 0.478, 0.6, 0.57, 0.508, 0.65, 0.436, 0.212, 0.3, 0.268, 0.39]
[0.478, 0.548, 0.478, 0.6, 0.57, 0.508, 0.65, 0.436, 0.212, 0.3, 0.268, 0.39, 0.246]
[0.478, 0.548, 0.478, 0.6, 0.57, 0.508, 0.65, 0.436, 0.212, 0.3, 0.268, 0.39, 0.246, 0.36]
[0.478, 0.548, 0.478, 0.6, 0.57, 0.508, 0.65, 0.436, 0.212, 0.3, 0.268, 0.39, 0.246, 0.36, 0.478]
[0.478, 0.548, 0.478, 0.6, 0.57, 0.508, 0.65, 0.436, 0.212, 0.3, 0.268, 0.39, 0.246, 0.36, 0.478, 0.36]
[0.478, 0.548, 0.478, 0.6, 0.57, 0.508, 0.65, 0.436, 0.212, 0.3, 0.268, 0.39, 0.246, 0.36, 0.478, 0.36, 0.418]
[0.478, 0.548, 0.478, 0.6, 0.57, 0.508, 0.65, 0.436, 0.212, 0.3, 0.268, 0.39, 0.246, 0.36, 0.478, 0.36, 0.418, 0.29]
[0.478, 0.548, 0.478, 0.6, 0.57, 0.508, 0.65, 0.436, 0.212, 0.3, 0.268, 0.39, 0.246, 0.36, 0.478, 0.36, 0.418, 0.29, 0.356]
[0.478, 0.548, 0.478, 0.6, 0.57, 0.508, 0.65, 0.436, 0.212, 0.3, 0.268, 0.39, 0.246, 0.36, 0.478, 0.36, 0.418, 0.29, 0.356, 0.398]
Total correct retain:  1231  Total retain:  2500
Total correct forget:  18033  Total forget:  47500
Total correct test:  220  Total test:  500
Total correct forget test:  3418  Total test forget:  9500
[0.44]
[0.44, 0.494]
[0.44, 0.494, 0.374]
[0.44, 0.494, 0.374, 0.512]
[0.44, 0.494, 0.374, 0.512, 0.576]
[0.44, 0.494, 0.374, 0.512, 0.576, 0.466]
[0.44, 0.494, 0.374, 0.512, 0.576, 0.466, 0.578]
[0.44, 0.494, 0.374, 0.512, 0.576, 0.466, 0.578, 0.15]
[0.44, 0.494, 0.374, 0.512, 0.576, 0.466, 0.578, 0.15, 0.176]
[0.44, 0.494, 0.374, 0.512, 0.576, 0.466, 0.578, 0.15, 0.176, 0.302]
[0.44, 0.494, 0.374, 0.512, 0.576, 0.466, 0.578, 0.15, 0.176, 0.302, 0.266]
[0.44, 0.494, 0.374, 0.512, 0.576, 0.466, 0.578, 0.15, 0.176, 0.302, 0.266, 0.424]
[0.44, 0.494, 0.374, 0.512, 0.576, 0.466, 0.578, 0.15, 0.176, 0.302, 0.266, 0.424, 0.188]
[0.44, 0.494, 0.374, 0.512, 0.576, 0.466, 0.578, 0.15, 0.176, 0.302, 0.266, 0.424, 0.188, 0.366]
[0.44, 0.494, 0.374, 0.512, 0.576, 0.466, 0.578, 0.15, 0.176, 0.302, 0.266, 0.424, 0.188, 0.366, 0.406]
[0.44, 0.494, 0.374, 0.512, 0.576, 0.466, 0.578, 0.15, 0.176, 0.302, 0.266, 0.424, 0.188, 0.366, 0.406, 0.238]
[0.44, 0.494, 0.374, 0.512, 0.576, 0.466, 0.578, 0.15, 0.176, 0.302, 0.266, 0.424, 0.188, 0.366, 0.406, 0.238, 0.324]
[0.44, 0.494, 0.374, 0.512, 0.576, 0.466, 0.578, 0.15, 0.176, 0.302, 0.266, 0.424, 0.188, 0.366, 0.406, 0.238, 0.324, 0.314]
[0.44, 0.494, 0.374, 0.512, 0.576, 0.466, 0.578, 0.15, 0.176, 0.302, 0.266, 0.424, 0.188, 0.366, 0.406, 0.238, 0.324, 0.314, 0.396]
[0.44, 0.494, 0.374, 0.512, 0.576, 0.466, 0.578, 0.15, 0.176, 0.302, 0.266, 0.424, 0.188, 0.366, 0.406, 0.238, 0.324, 0.314, 0.396, 0.286]
Total correct retain:  1430  Total retain:  2500
Total correct forget:  18335  Total forget:  47500
Total correct test:  249  Total test:  500
Total correct forget test:  3381  Total test forget:  9500
[0.498]
[0.498, 0.536]
[0.498, 0.536, 0.378]
[0.498, 0.536, 0.378, 0.682]
[0.498, 0.536, 0.378, 0.682, 0.516]
[0.498, 0.536, 0.378, 0.682, 0.516, 0.41]
[0.498, 0.536, 0.378, 0.682, 0.516, 0.41, 0.206]
[0.498, 0.536, 0.378, 0.682, 0.516, 0.41, 0.206, 0.21]
[0.498, 0.536, 0.378, 0.682, 0.516, 0.41, 0.206, 0.21, 0.208]
[0.498, 0.536, 0.378, 0.682, 0.516, 0.41, 0.206, 0.21, 0.208, 0.262]
[0.498, 0.536, 0.378, 0.682, 0.516, 0.41, 0.206, 0.21, 0.208, 0.262, 0.21]
[0.498, 0.536, 0.378, 0.682, 0.516, 0.41, 0.206, 0.21, 0.208, 0.262, 0.21, 0.44]
[0.498, 0.536, 0.378, 0.682, 0.516, 0.41, 0.206, 0.21, 0.208, 0.262, 0.21, 0.44, 0.236]
[0.498, 0.536, 0.378, 0.682, 0.516, 0.41, 0.206, 0.21, 0.208, 0.262, 0.21, 0.44, 0.236, 0.354]
[0.498, 0.536, 0.378, 0.682, 0.516, 0.41, 0.206, 0.21, 0.208, 0.262, 0.21, 0.44, 0.236, 0.354, 0.33]
[0.498, 0.536, 0.378, 0.682, 0.516, 0.41, 0.206, 0.21, 0.208, 0.262, 0.21, 0.44, 0.236, 0.354, 0.33, 0.264]
[0.498, 0.536, 0.378, 0.682, 0.516, 0.41, 0.206, 0.21, 0.208, 0.262, 0.21, 0.44, 0.236, 0.354, 0.33, 0.264, 0.292]
[0.498, 0.536, 0.378, 0.682, 0.516, 0.41, 0.206, 0.21, 0.208, 0.262, 0.21, 0.44, 0.236, 0.354, 0.33, 0.264, 0.292, 0.42]
[0.498, 0.536, 0.378, 0.682, 0.516, 0.41, 0.206, 0.21, 0.208, 0.262, 0.21, 0.44, 0.236, 0.354, 0.33, 0.264, 0.292, 0.42, 0.384]
[0.498, 0.536, 0.378, 0.682, 0.516, 0.41, 0.206, 0.21, 0.208, 0.262, 0.21, 0.44, 0.236, 0.354, 0.33, 0.264, 0.292, 0.42, 0.384, 0.424]
Total correct retain:  1491  Total retain:  2500
Total correct forget:  17133  Total forget:  47500
Total correct test:  262  Total test:  500
Total correct forget test:  3202  Total test forget:  9500
[0.524]
[0.524, 0.494]
[0.524, 0.494, 0.448]
[0.524, 0.494, 0.448, 0.626]
[0.524, 0.494, 0.448, 0.626, 0.472]
[0.524, 0.494, 0.448, 0.626, 0.472, 0.174]
[0.524, 0.494, 0.448, 0.626, 0.472, 0.174, 0.206]
[0.524, 0.494, 0.448, 0.626, 0.472, 0.174, 0.206, 0.184]
[0.524, 0.494, 0.448, 0.626, 0.472, 0.174, 0.206, 0.184, 0.19]
[0.524, 0.494, 0.448, 0.626, 0.472, 0.174, 0.206, 0.184, 0.19, 0.24]
[0.524, 0.494, 0.448, 0.626, 0.472, 0.174, 0.206, 0.184, 0.19, 0.24, 0.18]
[0.524, 0.494, 0.448, 0.626, 0.472, 0.174, 0.206, 0.184, 0.19, 0.24, 0.18, 0.412]
[0.524, 0.494, 0.448, 0.626, 0.472, 0.174, 0.206, 0.184, 0.19, 0.24, 0.18, 0.412, 0.244]
[0.524, 0.494, 0.448, 0.626, 0.472, 0.174, 0.206, 0.184, 0.19, 0.24, 0.18, 0.412, 0.244, 0.4]
[0.524, 0.494, 0.448, 0.626, 0.472, 0.174, 0.206, 0.184, 0.19, 0.24, 0.18, 0.412, 0.244, 0.4, 0.418]
[0.524, 0.494, 0.448, 0.626, 0.472, 0.174, 0.206, 0.184, 0.19, 0.24, 0.18, 0.412, 0.244, 0.4, 0.418, 0.336]
[0.524, 0.494, 0.448, 0.626, 0.472, 0.174, 0.206, 0.184, 0.19, 0.24, 0.18, 0.412, 0.244, 0.4, 0.418, 0.336, 0.272]
[0.524, 0.494, 0.448, 0.626, 0.472, 0.174, 0.206, 0.184, 0.19, 0.24, 0.18, 0.412, 0.244, 0.4, 0.418, 0.336, 0.272, 0.324]
[0.524, 0.494, 0.448, 0.626, 0.472, 0.174, 0.206, 0.184, 0.19, 0.24, 0.18, 0.412, 0.244, 0.4, 0.418, 0.336, 0.272, 0.324, 0.394]
[0.524, 0.494, 0.448, 0.626, 0.472, 0.174, 0.206, 0.184, 0.19, 0.24, 0.18, 0.412, 0.244, 0.4, 0.418, 0.336, 0.272, 0.324, 0.394, 0.39]
Total correct retain:  1417  Total retain:  2500
Total correct forget:  17163  Total forget:  47500
Total correct test:  255  Total test:  500
Total correct forget test:  3254  Total test forget:  9500
[0.51]
[0.51, 0.52]
[0.51, 0.52, 0.442]
[0.51, 0.52, 0.442, 0.688]
[0.51, 0.52, 0.442, 0.688, 0.198]
[0.51, 0.52, 0.442, 0.688, 0.198, 0.24]
[0.51, 0.52, 0.442, 0.688, 0.198, 0.24, 0.196]
[0.51, 0.52, 0.442, 0.688, 0.198, 0.24, 0.196, 0.226]
[0.51, 0.52, 0.442, 0.688, 0.198, 0.24, 0.196, 0.226, 0.252]
[0.51, 0.52, 0.442, 0.688, 0.198, 0.24, 0.196, 0.226, 0.252, 0.154]
[0.51, 0.52, 0.442, 0.688, 0.198, 0.24, 0.196, 0.226, 0.252, 0.154, 0.166]
[0.51, 0.52, 0.442, 0.688, 0.198, 0.24, 0.196, 0.226, 0.252, 0.154, 0.166, 0.456]
[0.51, 0.52, 0.442, 0.688, 0.198, 0.24, 0.196, 0.226, 0.252, 0.154, 0.166, 0.456, 0.258]
[0.51, 0.52, 0.442, 0.688, 0.198, 0.24, 0.196, 0.226, 0.252, 0.154, 0.166, 0.456, 0.258, 0.41]
[0.51, 0.52, 0.442, 0.688, 0.198, 0.24, 0.196, 0.226, 0.252, 0.154, 0.166, 0.456, 0.258, 0.41, 0.402]
[0.51, 0.52, 0.442, 0.688, 0.198, 0.24, 0.196, 0.226, 0.252, 0.154, 0.166, 0.456, 0.258, 0.41, 0.402, 0.332]
[0.51, 0.52, 0.442, 0.688, 0.198, 0.24, 0.196, 0.226, 0.252, 0.154, 0.166, 0.456, 0.258, 0.41, 0.402, 0.332, 0.358]
[0.51, 0.52, 0.442, 0.688, 0.198, 0.24, 0.196, 0.226, 0.252, 0.154, 0.166, 0.456, 0.258, 0.41, 0.402, 0.332, 0.358, 0.33]
[0.51, 0.52, 0.442, 0.688, 0.198, 0.24, 0.196, 0.226, 0.252, 0.154, 0.166, 0.456, 0.258, 0.41, 0.402, 0.332, 0.358, 0.33, 0.442]
[0.51, 0.52, 0.442, 0.688, 0.198, 0.24, 0.196, 0.226, 0.252, 0.154, 0.166, 0.456, 0.258, 0.41, 0.402, 0.332, 0.358, 0.33, 0.442, 0.438]
Total correct retain:  1111  Total retain:  2500
Total correct forget:  13256  Total forget:  47500
Total correct test:  202  Total test:  500
Total correct forget test:  2553  Total test forget:  9500
[0.404]
[0.404, 0.43]
[0.404, 0.43, 0.46]
[0.404, 0.43, 0.46, 0.238]
[0.404, 0.43, 0.46, 0.238, 0.122]
[0.404, 0.43, 0.46, 0.238, 0.122, 0.2]
[0.404, 0.43, 0.46, 0.238, 0.122, 0.2, 0.228]
[0.404, 0.43, 0.46, 0.238, 0.122, 0.2, 0.228, 0.186]
[0.404, 0.43, 0.46, 0.238, 0.122, 0.2, 0.228, 0.186, 0.25]
[0.404, 0.43, 0.46, 0.238, 0.122, 0.2, 0.228, 0.186, 0.25, 0.172]
[0.404, 0.43, 0.46, 0.238, 0.122, 0.2, 0.228, 0.186, 0.25, 0.172, 0.176]
[0.404, 0.43, 0.46, 0.238, 0.122, 0.2, 0.228, 0.186, 0.25, 0.172, 0.176, 0.28]
[0.404, 0.43, 0.46, 0.238, 0.122, 0.2, 0.228, 0.186, 0.25, 0.172, 0.176, 0.28, 0.268]
[0.404, 0.43, 0.46, 0.238, 0.122, 0.2, 0.228, 0.186, 0.25, 0.172, 0.176, 0.28, 0.268, 0.366]
[0.404, 0.43, 0.46, 0.238, 0.122, 0.2, 0.228, 0.186, 0.25, 0.172, 0.176, 0.28, 0.268, 0.366, 0.394]
[0.404, 0.43, 0.46, 0.238, 0.122, 0.2, 0.228, 0.186, 0.25, 0.172, 0.176, 0.28, 0.268, 0.366, 0.394, 0.308]
[0.404, 0.43, 0.46, 0.238, 0.122, 0.2, 0.228, 0.186, 0.25, 0.172, 0.176, 0.28, 0.268, 0.366, 0.394, 0.308, 0.246]
[0.404, 0.43, 0.46, 0.238, 0.122, 0.2, 0.228, 0.186, 0.25, 0.172, 0.176, 0.28, 0.268, 0.366, 0.394, 0.308, 0.246, 0.21]
[0.404, 0.43, 0.46, 0.238, 0.122, 0.2, 0.228, 0.186, 0.25, 0.172, 0.176, 0.28, 0.268, 0.366, 0.394, 0.308, 0.246, 0.21, 0.226]
[0.404, 0.43, 0.46, 0.238, 0.122, 0.2, 0.228, 0.186, 0.25, 0.172, 0.176, 0.28, 0.268, 0.366, 0.394, 0.308, 0.246, 0.21, 0.226, 0.346]
Total correct retain:  1385  Total retain:  2500
Total correct forget:  12024  Total forget:  47500
Total correct test:  251  Total test:  500
Total correct forget test:  2287  Total test forget:  9500
[0.502]
[0.502, 0.492]
[0.502, 0.492, 0.268]
[0.502, 0.492, 0.268, 0.272]
[0.502, 0.492, 0.268, 0.272, 0.162]
[0.502, 0.492, 0.268, 0.272, 0.162, 0.246]
[0.502, 0.492, 0.268, 0.272, 0.162, 0.246, 0.208]
[0.502, 0.492, 0.268, 0.272, 0.162, 0.246, 0.208, 0.192]
[0.502, 0.492, 0.268, 0.272, 0.162, 0.246, 0.208, 0.192, 0.202]
[0.502, 0.492, 0.268, 0.272, 0.162, 0.246, 0.208, 0.192, 0.202, 0.096]
[0.502, 0.492, 0.268, 0.272, 0.162, 0.246, 0.208, 0.192, 0.202, 0.096, 0.224]
[0.502, 0.492, 0.268, 0.272, 0.162, 0.246, 0.208, 0.192, 0.202, 0.096, 0.224, 0.348]
[0.502, 0.492, 0.268, 0.272, 0.162, 0.246, 0.208, 0.192, 0.202, 0.096, 0.224, 0.348, 0.24]
[0.502, 0.492, 0.268, 0.272, 0.162, 0.246, 0.208, 0.192, 0.202, 0.096, 0.224, 0.348, 0.24, 0.302]
[0.502, 0.492, 0.268, 0.272, 0.162, 0.246, 0.208, 0.192, 0.202, 0.096, 0.224, 0.348, 0.24, 0.302, 0.254]
[0.502, 0.492, 0.268, 0.272, 0.162, 0.246, 0.208, 0.192, 0.202, 0.096, 0.224, 0.348, 0.24, 0.302, 0.254, 0.2]
[0.502, 0.492, 0.268, 0.272, 0.162, 0.246, 0.208, 0.192, 0.202, 0.096, 0.224, 0.348, 0.24, 0.302, 0.254, 0.2, 0.17]
[0.502, 0.492, 0.268, 0.272, 0.162, 0.246, 0.208, 0.192, 0.202, 0.096, 0.224, 0.348, 0.24, 0.302, 0.254, 0.2, 0.17, 0.202]
[0.502, 0.492, 0.268, 0.272, 0.162, 0.246, 0.208, 0.192, 0.202, 0.096, 0.224, 0.348, 0.24, 0.302, 0.254, 0.2, 0.17, 0.202, 0.258]
[0.502, 0.492, 0.268, 0.272, 0.162, 0.246, 0.208, 0.192, 0.202, 0.096, 0.224, 0.348, 0.24, 0.302, 0.254, 0.2, 0.17, 0.202, 0.258, 0.238]
Total correct retain:  1202  Total retain:  2500
Total correct forget:  9784  Total forget:  47500
Total correct test:  211  Total test:  500
Total correct forget test:  1953  Total test forget:  9500
[0.422]
[0.422, 0.22]
[0.422, 0.22, 0.204]
[0.422, 0.22, 0.204, 0.2]
[0.422, 0.22, 0.204, 0.2, 0.128]
[0.422, 0.22, 0.204, 0.2, 0.128, 0.192]
[0.422, 0.22, 0.204, 0.2, 0.128, 0.192, 0.202]
[0.422, 0.22, 0.204, 0.2, 0.128, 0.192, 0.202, 0.18]
[0.422, 0.22, 0.204, 0.2, 0.128, 0.192, 0.202, 0.18, 0.206]
[0.422, 0.22, 0.204, 0.2, 0.128, 0.192, 0.202, 0.18, 0.206, 0.1]
[0.422, 0.22, 0.204, 0.2, 0.128, 0.192, 0.202, 0.18, 0.206, 0.1, 0.212]
[0.422, 0.22, 0.204, 0.2, 0.128, 0.192, 0.202, 0.18, 0.206, 0.1, 0.212, 0.228]
[0.422, 0.22, 0.204, 0.2, 0.128, 0.192, 0.202, 0.18, 0.206, 0.1, 0.212, 0.228, 0.258]
[0.422, 0.22, 0.204, 0.2, 0.128, 0.192, 0.202, 0.18, 0.206, 0.1, 0.212, 0.228, 0.258, 0.284]
[0.422, 0.22, 0.204, 0.2, 0.128, 0.192, 0.202, 0.18, 0.206, 0.1, 0.212, 0.228, 0.258, 0.284, 0.224]
[0.422, 0.22, 0.204, 0.2, 0.128, 0.192, 0.202, 0.18, 0.206, 0.1, 0.212, 0.228, 0.258, 0.284, 0.224, 0.21]
[0.422, 0.22, 0.204, 0.2, 0.128, 0.192, 0.202, 0.18, 0.206, 0.1, 0.212, 0.228, 0.258, 0.284, 0.224, 0.21, 0.194]
[0.422, 0.22, 0.204, 0.2, 0.128, 0.192, 0.202, 0.18, 0.206, 0.1, 0.212, 0.228, 0.258, 0.284, 0.224, 0.21, 0.194, 0.138]
[0.422, 0.22, 0.204, 0.2, 0.128, 0.192, 0.202, 0.18, 0.206, 0.1, 0.212, 0.228, 0.258, 0.284, 0.224, 0.21, 0.194, 0.138, 0.268]
[0.422, 0.22, 0.204, 0.2, 0.128, 0.192, 0.202, 0.18, 0.206, 0.1, 0.212, 0.228, 0.258, 0.284, 0.224, 0.21, 0.194, 0.138, 0.268, 0.258]
[[0.706, 0.704, 0.624, 0.754, 0.716, 0.594, 0.674, 0.7, 0.634, 0.692, 0.73, 0.8, 0.69, 0.666, 0.674, 0.696, 0.762, 0.74, 0.708, 0.774], [0.7, 0.682, 0.592, 0.752, 0.702, 0.55, 0.662, 0.646, 0.62, 0.714, 0.72, 0.836, 0.654, 0.668, 0.676, 0.67, 0.732, 0.748, 0.712, 0.776], [0.698, 0.686, 0.604, 0.758, 0.706, 0.592, 0.668, 0.668, 0.622, 0.71, 0.724, 0.78, 0.668, 0.66, 0.678, 0.694, 0.764, 0.736, 0.65, 0.788], [0.7, 0.704, 0.592, 0.756, 0.678, 0.59, 0.668, 0.648, 0.638, 0.716, 0.704, 0.798, 0.674, 0.654, 0.706, 0.73, 0.732, 0.68, 0.642, 0.756], [0.718, 0.712, 0.602, 0.768, 0.668, 0.59, 0.678, 0.64, 0.622, 0.72, 0.7, 0.798, 0.684, 0.6, 0.698, 0.656, 0.702, 0.68, 0.612, 0.736], [0.694, 0.732, 0.596, 0.736, 0.694, 0.58, 0.67, 0.622, 0.638, 0.696, 0.708, 0.818, 0.68, 0.622, 0.644, 0.6, 0.674, 0.658, 0.654, 0.744], [0.59, 0.598, 0.49, 0.66, 0.666, 0.516, 0.68, 0.5, 0.606, 0.65, 0.596, 0.808, 0.668, 0.436, 0.57, 0.51, 0.578, 0.502, 0.676, 0.706], [0.646, 0.628, 0.514, 0.686, 0.606, 0.498, 0.62, 0.646, 0.536, 0.598, 0.576, 0.67, 0.346, 0.472, 0.512, 0.39, 0.538, 0.532, 0.54, 0.652], [0.56, 0.64, 0.528, 0.73, 0.586, 0.508, 0.61, 0.608, 0.564, 0.624, 0.66, 0.41, 0.34, 0.502, 0.566, 0.474, 0.586, 0.492, 0.536, 0.528], [0.596, 0.6, 0.536, 0.762, 0.626, 0.524, 0.654, 0.5, 0.398, 0.572, 0.328, 0.42, 0.426, 0.416, 0.51, 0.466, 0.516, 0.394, 0.476, 0.524], [0.498, 0.562, 0.482, 0.58, 0.508, 0.46, 0.552, 0.41, 0.49, 0.246, 0.336, 0.426, 0.312, 0.474, 0.522, 0.41, 0.448, 0.29, 0.424, 0.41], [0.478, 0.548, 0.478, 0.6, 0.57, 0.508, 0.65, 0.436, 0.212, 0.3, 0.268, 0.39, 0.246, 0.36, 0.478, 0.36, 0.418, 0.29, 0.356, 0.398], [0.44, 0.494, 0.374, 0.512, 0.576, 0.466, 0.578, 0.15, 0.176, 0.302, 0.266, 0.424, 0.188, 0.366, 0.406, 0.238, 0.324, 0.314, 0.396, 0.286], [0.498, 0.536, 0.378, 0.682, 0.516, 0.41, 0.206, 0.21, 0.208, 0.262, 0.21, 0.44, 0.236, 0.354, 0.33, 0.264, 0.292, 0.42, 0.384, 0.424], [0.524, 0.494, 0.448, 0.626, 0.472, 0.174, 0.206, 0.184, 0.19, 0.24, 0.18, 0.412, 0.244, 0.4, 0.418, 0.336, 0.272, 0.324, 0.394, 0.39], [0.51, 0.52, 0.442, 0.688, 0.198, 0.24, 0.196, 0.226, 0.252, 0.154, 0.166, 0.456, 0.258, 0.41, 0.402, 0.332, 0.358, 0.33, 0.442, 0.438], [0.404, 0.43, 0.46, 0.238, 0.122, 0.2, 0.228, 0.186, 0.25, 0.172, 0.176, 0.28, 0.268, 0.366, 0.394, 0.308, 0.246, 0.21, 0.226, 0.346], [0.502, 0.492, 0.268, 0.272, 0.162, 0.246, 0.208, 0.192, 0.202, 0.096, 0.224, 0.348, 0.24, 0.302, 0.254, 0.2, 0.17, 0.202, 0.258, 0.238], [0.422, 0.22, 0.204, 0.2, 0.128, 0.192, 0.202, 0.18, 0.206, 0.1, 0.212, 0.228, 0.258, 0.284, 0.224, 0.21, 0.194, 0.138, 0.268, 0.258]]
Plot  0  Done
Average Retain Accuracies:  [0.7512, 0.7584, 0.7656, 0.7572, 0.7664, 0.7732, 0.752, 0.6296, 0.6892, 0.6592, 0.6568, 0.55, 0.5104, 0.4924, 0.572, 0.5964, 0.5668, 0.4444, 0.554, 0.4808]
Average Forget Accuracies:  [0.7998105263157895, 0.7997894736842105, 0.7909052631578948, 0.7880421052631579, 0.7828421052631579, 0.768378947368421, 0.7618105263157895, 0.6710315789473684, 0.6278526315789473, 0.602, 0.5572631578947368, 0.48113684210526314, 0.44138947368421055, 0.3796421052631579, 0.386, 0.3606947368421053, 0.36132631578947366, 0.2790736842105263, 0.25313684210526316, 0.20597894736842104]
Average Retain Test Accuracies:  [0.7, 0.706, 0.7, 0.698, 0.7, 0.718, 0.694, 0.59, 0.646, 0.56, 0.596, 0.498, 0.478, 0.44, 0.498, 0.524, 0.51, 0.404, 0.502, 0.422]
Average Forget Test Accuracies:  [0.7022105263157895, 0.7016842105263158, 0.6901052631578948, 0.6924210526315789, 0.6876842105263158, 0.6771578947368421, 0.6718947368421052, 0.6008421052631578, 0.5557894736842105, 0.5522105263157895, 0.5077894736842106, 0.43905263157894736, 0.414, 0.35978947368421055, 0.35589473684210526, 0.3370526315789474, 0.3425263157894737, 0.26873684210526316, 0.24073684210526317, 0.20557894736842106]
Done
