Requirement already satisfied: pyyaml in /usr/lib64/python3.12/site-packages (6.0.1)
Requirement already satisfied: setuptools in /usr/lib/python3.12/site-packages (68.2.2)
Requirement already satisfied: matplotlib in /dcs/21/u2145461/.local/lib/python3.12/site-packages (3.10.1)
Requirement already satisfied: contourpy>=1.0.1 in /dcs/21/u2145461/.local/lib/python3.12/site-packages (from matplotlib) (1.3.1)
Requirement already satisfied: cycler>=0.10 in /dcs/21/u2145461/.local/lib/python3.12/site-packages (from matplotlib) (0.12.1)
Requirement already satisfied: fonttools>=4.22.0 in /dcs/21/u2145461/.local/lib/python3.12/site-packages (from matplotlib) (4.56.0)
Requirement already satisfied: kiwisolver>=1.3.1 in /dcs/21/u2145461/.local/lib/python3.12/site-packages (from matplotlib) (1.4.8)
Requirement already satisfied: numpy>=1.23 in /dcs/21/u2145461/.local/lib/python3.12/site-packages (from matplotlib) (2.2.3)
Requirement already satisfied: packaging>=20.0 in /dcs/21/u2145461/.local/lib/python3.12/site-packages (from matplotlib) (24.2)
Requirement already satisfied: pillow>=8 in /dcs/21/u2145461/.local/lib/python3.12/site-packages (from matplotlib) (11.0.0)
Requirement already satisfied: pyparsing>=2.3.1 in /dcs/21/u2145461/.local/lib/python3.12/site-packages (from matplotlib) (3.2.1)
Requirement already satisfied: python-dateutil>=2.7 in /dcs/21/u2145461/.local/lib/python3.12/site-packages (from matplotlib) (2.9.0.post0)
Requirement already satisfied: six>=1.5 in /dcs/21/u2145461/.local/lib/python3.12/site-packages (from python-dateutil>=2.7->matplotlib) (1.17.0)
Requirement already satisfied: quadprog in /dcs/21/u2145461/.local/lib/python3.12/site-packages (0.1.13)
Requirement already satisfied: numpy in /dcs/21/u2145461/.local/lib/python3.12/site-packages (from quadprog) (2.2.3)
Requirement already satisfied: pyparsing in /dcs/21/u2145461/.local/lib/python3.12/site-packages (3.2.1)
Requirement already satisfied: pandas in /dcs/21/u2145461/.local/lib/python3.12/site-packages (2.2.3)
Requirement already satisfied: numpy>=1.26.0 in /dcs/21/u2145461/.local/lib/python3.12/site-packages (from pandas) (2.2.3)
Requirement already satisfied: python-dateutil>=2.8.2 in /dcs/21/u2145461/.local/lib/python3.12/site-packages (from pandas) (2.9.0.post0)
Requirement already satisfied: pytz>=2020.1 in /dcs/21/u2145461/.local/lib/python3.12/site-packages (from pandas) (2025.1)
Requirement already satisfied: tzdata>=2022.7 in /dcs/21/u2145461/.local/lib/python3.12/site-packages (from pandas) (2025.1)
Requirement already satisfied: six>=1.5 in /dcs/21/u2145461/.local/lib/python3.12/site-packages (from python-dateutil>=2.8.2->pandas) (1.17.0)
Requirement already satisfied: numpy in /dcs/21/u2145461/.local/lib/python3.12/site-packages (2.2.3)
Sat Mar  8 05:32:01 2025       
+-----------------------------------------------------------------------------------------+
| NVIDIA-SMI 550.144.03             Driver Version: 550.144.03     CUDA Version: 12.4     |
|-----------------------------------------+------------------------+----------------------+
| GPU  Name                 Persistence-M | Bus-Id          Disp.A | Volatile Uncorr. ECC |
| Fan  Temp   Perf          Pwr:Usage/Cap |           Memory-Usage | GPU-Util  Compute M. |
|                                         |                        |               MIG M. |
|=========================================+========================+======================|
|   0  NVIDIA A10                     On  |   00000000:25:00.0 Off |                    0 |
|  0%   30C    P8             15W /  150W |       1MiB /  23028MiB |      0%      Default |
|                                         |                        |                  N/A |
+-----------------------------------------+------------------------+----------------------+
                                                                                         
+-----------------------------------------------------------------------------------------+
| Processes:                                                                              |
|  GPU   GI   CI        PID   Type   Process name                              GPU Memory |
|        ID   ID                                                               Usage      |
|=========================================================================================|
|  No running processes found                                                             |
+-----------------------------------------------------------------------------------------+
Python 3.12.8
./cifar-100-python/train
./cifar-100-python/test
Unlearn Batch Size:  256
Unlearn MEM Strength:  0.6
cifar-100-python/train
cifar-100-python/test
new ordering of classes:  ['snake', 'poppies', 'cattle', 'tiger', 'maple', 'skunk', 'shrew', 'wardrobe', 'lizard', 'cups', 'road', 'plain', 'willow', 'streetcar', 'cans', 'bowls', 'spider', 'beetle', 'aquarium fish', 'ray', 'lamp', 'sunflowers', 'bus', 'bicycle', 'snail', 'dinosaur', 'kangaroo', 'possum', 'hamster', 'computer keyboard', 'camel', 'chair', 'train', 'oranges', 'table', 'flatfish', 'boy', 'sea', 'skyscraper', 'crocodile', 'girl', 'lobster', 'squirrel', 'plates', 'baby', 'butterfly', 'elephant', 'tractor', 'whale', 'caterpillar', 'pine', 'dolphin', 'orchids', 'clock', 'worm', 'roses', 'bed', 'shark', 'trout', 'crab', 'lawn-mower', 'porcupine', 'leopard', 'rabbit', 'bottles', 'cloud', 'cockroach', 'house', 'mushrooms', 'pickup truck', 'lion', 'man', 'seal', 'motorcycle', 'beaver', 'fox', 'woman', 'mountain', 'raccoon', 'bridge', 'oak', 'pears', 'castle', 'turtle', 'palm', 'sweet peppers', 'otter', 'telephone', 'wolf', 'couch', 'forest', 'tulips', 'television', 'apples', 'rocket', 'mouse', 'tank', 'bee', 'chimpanzee', 'bear']
Training task:  1
Training task:  2
Training task:  3
Training task:  4
Training task:  5
Training task:  6
Training task:  7
Training task:  8
Training task:  9
Training task:  10
Training task:  11
Training task:  12
Training task:  13
Training task:  14
Training task:  15
Training task:  16
Training task:  17
Training task:  18
Training task:  19
Training task:  20
Unlearning task:  20
Total correct retain:  842  Total retain:  2500
Total correct forget:  17843  Total forget:  47500
Total correct test:  164  Total test:  500
Total correct forget test:  3602  Total test forget:  9500
Total correct retain:  910  Total retain:  2500
Total correct forget:  18999  Total forget:  47500
Total correct test:  180  Total test:  500
Total correct forget test:  3810  Total test forget:  9500
Total correct retain:  926  Total retain:  2500
Total correct forget:  18766  Total forget:  47500
Total correct test:  182  Total test:  500
Total correct forget test:  3746  Total test forget:  9500
Total correct retain:  922  Total retain:  2500
Total correct forget:  19074  Total forget:  47500
Total correct test:  176  Total test:  500
Total correct forget test:  3832  Total test forget:  9500
Total correct retain:  914  Total retain:  2500
Total correct forget:  19432  Total forget:  47500
Total correct test:  174  Total test:  500
Total correct forget test:  3880  Total test forget:  9500
Total correct retain:  911  Total retain:  2500
Total correct forget:  19548  Total forget:  47500
Total correct test:  172  Total test:  500
Total correct forget test:  3910  Total test forget:  9500
Total correct retain:  915  Total retain:  2500
Total correct forget:  19522  Total forget:  47500
Total correct test:  174  Total test:  500
Total correct forget test:  3912  Total test forget:  9500
Total correct retain:  919  Total retain:  2500
Total correct forget:  19562  Total forget:  47500
Total correct test:  173  Total test:  500
Total correct forget test:  3921  Total test forget:  9500
Total correct retain:  919  Total retain:  2500
Total correct forget:  19587  Total forget:  47500
Total correct test:  176  Total test:  500
Total correct forget test:  3927  Total test forget:  9500
Total correct retain:  925  Total retain:  2500
Total correct forget:  19819  Total forget:  47500
Total correct test:  176  Total test:  500
Total correct forget test:  3966  Total test forget:  9500
Total correct retain:  922  Total retain:  2500
Total correct forget:  19839  Total forget:  47500
Total correct test:  176  Total test:  500
Total correct forget test:  3970  Total test forget:  9500
Total correct retain:  918  Total retain:  2500
Total correct forget:  19961  Total forget:  47500
Total correct test:  178  Total test:  500
Total correct forget test:  3996  Total test forget:  9500
Total correct retain:  935  Total retain:  2500
Total correct forget:  19702  Total forget:  47500
Total correct test:  178  Total test:  500
Total correct forget test:  3969  Total test forget:  9500
Total correct retain:  935  Total retain:  2500
Total correct forget:  19962  Total forget:  47500
Total correct test:  177  Total test:  500
Total correct forget test:  3990  Total test forget:  9500
Total correct retain:  957  Total retain:  2500
Total correct forget:  19589  Total forget:  47500
Total correct test:  183  Total test:  500
Total correct forget test:  3922  Total test forget:  9500
Total correct retain:  939  Total retain:  2500
Total correct forget:  20074  Total forget:  47500
Total correct test:  177  Total test:  500
Total correct forget test:  4012  Total test forget:  9500
Total correct retain:  946  Total retain:  2500
Total correct forget:  19969  Total forget:  47500
Total correct test:  181  Total test:  500
Total correct forget test:  3990  Total test forget:  9500
Total correct retain:  960  Total retain:  2500
Total correct forget:  19997  Total forget:  47500
Total correct test:  180  Total test:  500
Total correct forget test:  3999  Total test forget:  9500
Total correct retain:  960  Total retain:  2500
Total correct forget:  19956  Total forget:  47500
Total correct test:  177  Total test:  500
Total correct forget test:  3976  Total test forget:  9500
Total correct retain:  980  Total retain:  2500
Total correct forget:  19597  Total forget:  47500
Total correct test:  183  Total test:  500
Total correct forget test:  3918  Total test forget:  9500
Plot  0  Done
Average Retain Accuracies:  [0.3368, 0.364, 0.3704, 0.3688, 0.3656, 0.3644, 0.366, 0.3676, 0.3676, 0.37, 0.3688, 0.3672, 0.374, 0.374, 0.3828, 0.3756, 0.3784, 0.384, 0.384, 0.392]
Average Forget Accuracies:  [0.3756421052631579, 0.39997894736842105, 0.3950736842105263, 0.4015578947368421, 0.4090947368421053, 0.41153684210526315, 0.4109894736842105, 0.41183157894736844, 0.4123578947368421, 0.4172421052631579, 0.41766315789473685, 0.4202315789473684, 0.4147789473684211, 0.4202526315789474, 0.4124, 0.4226105263157895, 0.4204, 0.4209894736842105, 0.4201263157894737, 0.4125684210526316]
Average Retain Test Accuracies:  [0.328, 0.36, 0.364, 0.352, 0.348, 0.344, 0.348, 0.346, 0.352, 0.352, 0.352, 0.356, 0.356, 0.354, 0.366, 0.354, 0.362, 0.36, 0.354, 0.366]
Average Forget Test Accuracies:  [0.3791578947368421, 0.4010526315789474, 0.39431578947368423, 0.4033684210526316, 0.40842105263157896, 0.41157894736842104, 0.41178947368421054, 0.4127368421052632, 0.41336842105263155, 0.41747368421052633, 0.41789473684210526, 0.4206315789473684, 0.41778947368421054, 0.42, 0.4128421052631579, 0.4223157894736842, 0.42, 0.4209473684210526, 0.4185263157894737, 0.41242105263157897]
Done
