Requirement already satisfied: pyyaml in /usr/lib64/python3.12/site-packages (6.0.1)
Requirement already satisfied: setuptools in /usr/lib/python3.12/site-packages (68.2.2)
Requirement already satisfied: matplotlib in /dcs/21/u2145461/.local/lib/python3.12/site-packages (3.10.1)
Requirement already satisfied: contourpy>=1.0.1 in /dcs/21/u2145461/.local/lib/python3.12/site-packages (from matplotlib) (1.3.1)
Requirement already satisfied: cycler>=0.10 in /dcs/21/u2145461/.local/lib/python3.12/site-packages (from matplotlib) (0.12.1)
Requirement already satisfied: fonttools>=4.22.0 in /dcs/21/u2145461/.local/lib/python3.12/site-packages (from matplotlib) (4.56.0)
Requirement already satisfied: kiwisolver>=1.3.1 in /dcs/21/u2145461/.local/lib/python3.12/site-packages (from matplotlib) (1.4.8)
Requirement already satisfied: numpy>=1.23 in /dcs/21/u2145461/.local/lib/python3.12/site-packages (from matplotlib) (2.2.3)
Requirement already satisfied: packaging>=20.0 in /dcs/21/u2145461/.local/lib/python3.12/site-packages (from matplotlib) (24.2)
Requirement already satisfied: pillow>=8 in /dcs/21/u2145461/.local/lib/python3.12/site-packages (from matplotlib) (11.0.0)
Requirement already satisfied: pyparsing>=2.3.1 in /dcs/21/u2145461/.local/lib/python3.12/site-packages (from matplotlib) (3.2.1)
Requirement already satisfied: python-dateutil>=2.7 in /dcs/21/u2145461/.local/lib/python3.12/site-packages (from matplotlib) (2.9.0.post0)
Requirement already satisfied: six>=1.5 in /dcs/21/u2145461/.local/lib/python3.12/site-packages (from python-dateutil>=2.7->matplotlib) (1.17.0)
Requirement already satisfied: quadprog in /dcs/21/u2145461/.local/lib/python3.12/site-packages (0.1.13)
Requirement already satisfied: numpy in /dcs/21/u2145461/.local/lib/python3.12/site-packages (from quadprog) (2.2.3)
Requirement already satisfied: pyparsing in /dcs/21/u2145461/.local/lib/python3.12/site-packages (3.2.1)
Requirement already satisfied: pandas in /dcs/21/u2145461/.local/lib/python3.12/site-packages (2.2.3)
Requirement already satisfied: numpy>=1.26.0 in /dcs/21/u2145461/.local/lib/python3.12/site-packages (from pandas) (2.2.3)
Requirement already satisfied: python-dateutil>=2.8.2 in /dcs/21/u2145461/.local/lib/python3.12/site-packages (from pandas) (2.9.0.post0)
Requirement already satisfied: pytz>=2020.1 in /dcs/21/u2145461/.local/lib/python3.12/site-packages (from pandas) (2025.1)
Requirement already satisfied: tzdata>=2022.7 in /dcs/21/u2145461/.local/lib/python3.12/site-packages (from pandas) (2025.1)
Requirement already satisfied: six>=1.5 in /dcs/21/u2145461/.local/lib/python3.12/site-packages (from python-dateutil>=2.8.2->pandas) (1.17.0)
Requirement already satisfied: numpy in /dcs/21/u2145461/.local/lib/python3.12/site-packages (2.2.3)
Mon Mar 10 22:26:21 2025       
+-----------------------------------------------------------------------------------------+
| NVIDIA-SMI 550.144.03             Driver Version: 550.144.03     CUDA Version: 12.4     |
|-----------------------------------------+------------------------+----------------------+
| GPU  Name                 Persistence-M | Bus-Id          Disp.A | Volatile Uncorr. ECC |
| Fan  Temp   Perf          Pwr:Usage/Cap |           Memory-Usage | GPU-Util  Compute M. |
|                                         |                        |               MIG M. |
|=========================================+========================+======================|
|   0  NVIDIA RTX A5000               Off |   00000000:01:00.0 Off |                  Off |
| 30%   57C    P0             N/A /  230W |       1MiB /  24564MiB |      0%      Default |
|                                         |                        |                  N/A |
+-----------------------------------------+------------------------+----------------------+
                                                                                         
+-----------------------------------------------------------------------------------------+
| Processes:                                                                              |
|  GPU   GI   CI        PID   Type   Process name                              GPU Memory |
|        ID   ID                                                               Usage      |
|=========================================================================================|
|  No running processes found                                                             |
+-----------------------------------------------------------------------------------------+
Python 3.12.8
./cifar-100-python/train
./cifar-100-python/test
Unlearn Batch Size:  10
Unlearn MEM Strength:  0.6
cifar-100-python/train
cifar-100-python/test
new ordering of classes:  ['streetcar', 'chimpanzee', 'bicycle', 'ray', 'crocodile', 'pears', 'computer keyboard', 'crab', 'girl', 'pine', 'bridge', 'flatfish', 'tractor', 'fox', 'snail', 'lobster', 'worm', 'cloud', 'skunk', 'cans', 'plain', 'table', 'couch', 'sea', 'beaver', 'dinosaur', 'oranges', 'raccoon', 'cups', 'palm', 'skyscraper', 'chair', 'lamp', 'shrew', 'woman', 'spider', 'plates', 'camel', 'squirrel', 'motorcycle', 'whale', 'bear', 'boy', 'caterpillar', 'bowls', 'pickup truck', 'tank', 'mushrooms', 'bus', 'orchids', 'road', 'lion', 'kangaroo', 'wardrobe', 'dolphin', 'turtle', 'cattle', 'hamster', 'mouse', 'train', 'wolf', 'castle', 'elephant', 'willow', 'bottles', 'clock', 'bed', 'sunflowers', 'telephone', 'rabbit', 'bee', 'tulips', 'apples', 'man', 'house', 'maple', 'shark', 'mountain', 'possum', 'baby', 'tiger', 'otter', 'trout', 'rocket', 'porcupine', 'lawn-mower', 'seal', 'butterfly', 'forest', 'oak', 'lizard', 'sweet peppers', 'snake', 'leopard', 'aquarium fish', 'poppies', 'beetle', 'roses', 'cockroach', 'television']
Training task:  1
[0.21, 0.224, 0.194, 0.204, 0.202, 0.076, 0.088, 0.196, 0.26, 0.214, 0.198, 0.192, 0.246, 0.198, 0.2, 0.202, 0.208, 0.206, 0.194, 0.22]
Training task:  2
[0.2, 0.206, 0.196, 0.2, 0.2, 0.196, 0.2, 0.206, 0.198, 0.208, 0.2, 0.2, 0.202, 0.206, 0.2, 0.2, 0.2, 0.212, 0.198, 0.264]
Training task:  3
[0.202, 0.202, 0.224, 0.2, 0.2, 0.128, 0.198, 0.224, 0.2, 0.204, 0.2, 0.186, 0.2, 0.234, 0.216, 0.216, 0.2, 0.206, 0.206, 0.28]
Training task:  4
[0.258, 0.292, 0.216, 0.194, 0.2, 0.112, 0.112, 0.2, 0.226, 0.214, 0.25, 0.182, 0.2, 0.188, 0.224, 0.218, 0.2, 0.18, 0.2, 0.202]
Training task:  5
[0.336, 0.27, 0.208, 0.288, 0.4, 0.124, 0.188, 0.198, 0.182, 0.2, 0.24, 0.2, 0.208, 0.2, 0.292, 0.206, 0.2, 0.18, 0.26, 0.264]
Training task:  6
[0.24, 0.264, 0.26, 0.224, 0.224, 0.22, 0.2, 0.212, 0.26, 0.202, 0.208, 0.208, 0.188, 0.214, 0.208, 0.196, 0.202, 0.24, 0.19, 0.07]
Training task:  7
[0.204, 0.248, 0.21, 0.294, 0.252, 0.296, 0.17, 0.228, 0.234, 0.21, 0.162, 0.184, 0.186, 0.174, 0.162, 0.196, 0.186, 0.194, 0.238, 0.12]
Training task:  8
[0.182, 0.37, 0.216, 0.288, 0.304, 0.42, 0.178, 0.306, 0.242, 0.204, 0.158, 0.188, 0.218, 0.15, 0.116, 0.178, 0.202, 0.316, 0.246, 0.134]
Training task:  9
[0.212, 0.274, 0.288, 0.186, 0.184, 0.252, 0.222, 0.192, 0.184, 0.198, 0.094, 0.228, 0.172, 0.23, 0.18, 0.198, 0.252, 0.216, 0.204, 0.21]
Training task:  10
[0.308, 0.376, 0.338, 0.218, 0.272, 0.282, 0.266, 0.238, 0.214, 0.34, 0.25, 0.198, 0.18, 0.18, 0.226, 0.19, 0.202, 0.174, 0.234, 0.202]
Training task:  11
[0.198, 0.27, 0.264, 0.194, 0.28, 0.402, 0.152, 0.234, 0.264, 0.242, 0.208, 0.21, 0.284, 0.15, 0.212, 0.192, 0.21, 0.27, 0.244, 0.154]
Training task:  12
[0.222, 0.212, 0.222, 0.198, 0.2, 0.216, 0.196, 0.202, 0.198, 0.198, 0.192, 0.194, 0.17, 0.166, 0.162, 0.202, 0.164, 0.218, 0.202, 0.12]
Training task:  13
[0.256, 0.242, 0.202, 0.276, 0.228, 0.442, 0.24, 0.21, 0.32, 0.286, 0.236, 0.218, 0.282, 0.182, 0.098, 0.152, 0.202, 0.184, 0.18, 0.1]
Training task:  14
[0.32, 0.312, 0.242, 0.2, 0.262, 0.32, 0.21, 0.224, 0.29, 0.206, 0.21, 0.198, 0.228, 0.214, 0.19, 0.2, 0.202, 0.224, 0.2, 0.242]
Training task:  15
[0.226, 0.224, 0.208, 0.254, 0.306, 0.412, 0.204, 0.24, 0.248, 0.246, 0.216, 0.212, 0.26, 0.28, 0.252, 0.184, 0.198, 0.208, 0.25, 0.226]
Training task:  16
[0.286, 0.234, 0.228, 0.27, 0.244, 0.302, 0.226, 0.212, 0.268, 0.236, 0.21, 0.224, 0.222, 0.174, 0.2, 0.212, 0.202, 0.246, 0.156, 0.198]
Training task:  17
[0.24, 0.312, 0.244, 0.272, 0.244, 0.41, 0.3, 0.238, 0.276, 0.282, 0.304, 0.216, 0.26, 0.378, 0.356, 0.278, 0.226, 0.236, 0.18, 0.268]
Training task:  18
[0.34, 0.238, 0.254, 0.258, 0.306, 0.338, 0.238, 0.204, 0.316, 0.212, 0.262, 0.244, 0.232, 0.226, 0.204, 0.384, 0.24, 0.246, 0.22, 0.106]
Training task:  19
[0.256, 0.24, 0.212, 0.294, 0.356, 0.526, 0.356, 0.214, 0.37, 0.322, 0.272, 0.28, 0.254, 0.35, 0.274, 0.234, 0.332, 0.204, 0.218, 0.176]
Training task:  20
[0.258, 0.324, 0.328, 0.238, 0.266, 0.45, 0.24, 0.234, 0.284, 0.288, 0.304, 0.216, 0.304, 0.324, 0.254, 0.372, 0.276, 0.23, 0.282, 0.264]
Unlearning task:  20
Total correct retain:  624  Total retain:  2500
Total correct forget:  14006  Total forget:  47500
Total correct test:  129  Total test:  500
Total correct forget test:  2739  Total test forget:  9500
broken out of loop
Total correct retain:  711  Total retain:  2500
Total correct forget:  15338  Total forget:  47500
Total correct test:  143  Total test:  500
Total correct forget test:  3020  Total test forget:  9500
[0.286]
[0.286, 0.352]
[0.286, 0.352, 0.362]
[0.286, 0.352, 0.362, 0.244]
[0.286, 0.352, 0.362, 0.244, 0.32]
[0.286, 0.352, 0.362, 0.244, 0.32, 0.526]
[0.286, 0.352, 0.362, 0.244, 0.32, 0.526, 0.284]
[0.286, 0.352, 0.362, 0.244, 0.32, 0.526, 0.284, 0.224]
[0.286, 0.352, 0.362, 0.244, 0.32, 0.526, 0.284, 0.224, 0.33]
[0.286, 0.352, 0.362, 0.244, 0.32, 0.526, 0.284, 0.224, 0.33, 0.316]
[0.286, 0.352, 0.362, 0.244, 0.32, 0.526, 0.284, 0.224, 0.33, 0.316, 0.33]
[0.286, 0.352, 0.362, 0.244, 0.32, 0.526, 0.284, 0.224, 0.33, 0.316, 0.33, 0.23]
[0.286, 0.352, 0.362, 0.244, 0.32, 0.526, 0.284, 0.224, 0.33, 0.316, 0.33, 0.23, 0.332]
[0.286, 0.352, 0.362, 0.244, 0.32, 0.526, 0.284, 0.224, 0.33, 0.316, 0.33, 0.23, 0.332, 0.376]
[0.286, 0.352, 0.362, 0.244, 0.32, 0.526, 0.284, 0.224, 0.33, 0.316, 0.33, 0.23, 0.332, 0.376, 0.302]
[0.286, 0.352, 0.362, 0.244, 0.32, 0.526, 0.284, 0.224, 0.33, 0.316, 0.33, 0.23, 0.332, 0.376, 0.302, 0.382]
[0.286, 0.352, 0.362, 0.244, 0.32, 0.526, 0.284, 0.224, 0.33, 0.316, 0.33, 0.23, 0.332, 0.376, 0.302, 0.382, 0.27]
[0.286, 0.352, 0.362, 0.244, 0.32, 0.526, 0.284, 0.224, 0.33, 0.316, 0.33, 0.23, 0.332, 0.376, 0.302, 0.382, 0.27, 0.25]
[0.286, 0.352, 0.362, 0.244, 0.32, 0.526, 0.284, 0.224, 0.33, 0.316, 0.33, 0.23, 0.332, 0.376, 0.302, 0.382, 0.27, 0.25, 0.33]
[0.286, 0.352, 0.362, 0.244, 0.32, 0.526, 0.284, 0.224, 0.33, 0.316, 0.33, 0.23, 0.332, 0.376, 0.302, 0.382, 0.27, 0.25, 0.33, 0.28]
broken out of loop
Total correct retain:  754  Total retain:  2500
Total correct forget:  15872  Total forget:  47500
Total correct test:  156  Total test:  500
Total correct forget test:  3182  Total test forget:  9500
[0.312]
[0.312, 0.368]
[0.312, 0.368, 0.38]
[0.312, 0.368, 0.38, 0.252]
[0.312, 0.368, 0.38, 0.252, 0.314]
[0.312, 0.368, 0.38, 0.252, 0.314, 0.562]
[0.312, 0.368, 0.38, 0.252, 0.314, 0.562, 0.33]
[0.312, 0.368, 0.38, 0.252, 0.314, 0.562, 0.33, 0.242]
[0.312, 0.368, 0.38, 0.252, 0.314, 0.562, 0.33, 0.242, 0.376]
[0.312, 0.368, 0.38, 0.252, 0.314, 0.562, 0.33, 0.242, 0.376, 0.326]
[0.312, 0.368, 0.38, 0.252, 0.314, 0.562, 0.33, 0.242, 0.376, 0.326, 0.316]
[0.312, 0.368, 0.38, 0.252, 0.314, 0.562, 0.33, 0.242, 0.376, 0.326, 0.316, 0.246]
[0.312, 0.368, 0.38, 0.252, 0.314, 0.562, 0.33, 0.242, 0.376, 0.326, 0.316, 0.246, 0.332]
[0.312, 0.368, 0.38, 0.252, 0.314, 0.562, 0.33, 0.242, 0.376, 0.326, 0.316, 0.246, 0.332, 0.41]
[0.312, 0.368, 0.38, 0.252, 0.314, 0.562, 0.33, 0.242, 0.376, 0.326, 0.316, 0.246, 0.332, 0.41, 0.35]
[0.312, 0.368, 0.38, 0.252, 0.314, 0.562, 0.33, 0.242, 0.376, 0.326, 0.316, 0.246, 0.332, 0.41, 0.35, 0.352]
[0.312, 0.368, 0.38, 0.252, 0.314, 0.562, 0.33, 0.242, 0.376, 0.326, 0.316, 0.246, 0.332, 0.41, 0.35, 0.352, 0.274]
[0.312, 0.368, 0.38, 0.252, 0.314, 0.562, 0.33, 0.242, 0.376, 0.326, 0.316, 0.246, 0.332, 0.41, 0.35, 0.352, 0.274, 0.254]
[0.312, 0.368, 0.38, 0.252, 0.314, 0.562, 0.33, 0.242, 0.376, 0.326, 0.316, 0.246, 0.332, 0.41, 0.35, 0.352, 0.274, 0.254, 0.36]
[0.312, 0.368, 0.38, 0.252, 0.314, 0.562, 0.33, 0.242, 0.376, 0.326, 0.316, 0.246, 0.332, 0.41, 0.35, 0.352, 0.274, 0.254, 0.36, 0.32]
broken out of loop
Total correct retain:  757  Total retain:  2500
Total correct forget:  16203  Total forget:  47500
Total correct test:  164  Total test:  500
Total correct forget test:  3327  Total test forget:  9500
[0.328]
[0.328, 0.388]
[0.328, 0.388, 0.374]
[0.328, 0.388, 0.374, 0.262]
[0.328, 0.388, 0.374, 0.262, 0.332]
[0.328, 0.388, 0.374, 0.262, 0.332, 0.586]
[0.328, 0.388, 0.374, 0.262, 0.332, 0.586, 0.36]
[0.328, 0.388, 0.374, 0.262, 0.332, 0.586, 0.36, 0.248]
[0.328, 0.388, 0.374, 0.262, 0.332, 0.586, 0.36, 0.248, 0.408]
[0.328, 0.388, 0.374, 0.262, 0.332, 0.586, 0.36, 0.248, 0.408, 0.32]
[0.328, 0.388, 0.374, 0.262, 0.332, 0.586, 0.36, 0.248, 0.408, 0.32, 0.312]
[0.328, 0.388, 0.374, 0.262, 0.332, 0.586, 0.36, 0.248, 0.408, 0.32, 0.312, 0.278]
[0.328, 0.388, 0.374, 0.262, 0.332, 0.586, 0.36, 0.248, 0.408, 0.32, 0.312, 0.278, 0.35]
[0.328, 0.388, 0.374, 0.262, 0.332, 0.586, 0.36, 0.248, 0.408, 0.32, 0.312, 0.278, 0.35, 0.414]
[0.328, 0.388, 0.374, 0.262, 0.332, 0.586, 0.36, 0.248, 0.408, 0.32, 0.312, 0.278, 0.35, 0.414, 0.38]
[0.328, 0.388, 0.374, 0.262, 0.332, 0.586, 0.36, 0.248, 0.408, 0.32, 0.312, 0.278, 0.35, 0.414, 0.38, 0.366]
[0.328, 0.388, 0.374, 0.262, 0.332, 0.586, 0.36, 0.248, 0.408, 0.32, 0.312, 0.278, 0.35, 0.414, 0.38, 0.366, 0.276]
[0.328, 0.388, 0.374, 0.262, 0.332, 0.586, 0.36, 0.248, 0.408, 0.32, 0.312, 0.278, 0.35, 0.414, 0.38, 0.366, 0.276, 0.28]
[0.328, 0.388, 0.374, 0.262, 0.332, 0.586, 0.36, 0.248, 0.408, 0.32, 0.312, 0.278, 0.35, 0.414, 0.38, 0.366, 0.276, 0.28, 0.39]
[0.328, 0.388, 0.374, 0.262, 0.332, 0.586, 0.36, 0.248, 0.408, 0.32, 0.312, 0.278, 0.35, 0.414, 0.38, 0.366, 0.276, 0.28, 0.39, 0.33]
broken out of loop
Total correct retain:  766  Total retain:  2500
Total correct forget:  16493  Total forget:  47500
Total correct test:  165  Total test:  500
Total correct forget test:  3377  Total test forget:  9500
[0.33]
[0.33, 0.388]
[0.33, 0.388, 0.396]
[0.33, 0.388, 0.396, 0.27]
[0.33, 0.388, 0.396, 0.27, 0.33]
[0.33, 0.388, 0.396, 0.27, 0.33, 0.582]
[0.33, 0.388, 0.396, 0.27, 0.33, 0.582, 0.372]
[0.33, 0.388, 0.396, 0.27, 0.33, 0.582, 0.372, 0.268]
[0.33, 0.388, 0.396, 0.27, 0.33, 0.582, 0.372, 0.268, 0.402]
[0.33, 0.388, 0.396, 0.27, 0.33, 0.582, 0.372, 0.268, 0.402, 0.318]
[0.33, 0.388, 0.396, 0.27, 0.33, 0.582, 0.372, 0.268, 0.402, 0.318, 0.314]
[0.33, 0.388, 0.396, 0.27, 0.33, 0.582, 0.372, 0.268, 0.402, 0.318, 0.314, 0.292]
[0.33, 0.388, 0.396, 0.27, 0.33, 0.582, 0.372, 0.268, 0.402, 0.318, 0.314, 0.292, 0.354]
[0.33, 0.388, 0.396, 0.27, 0.33, 0.582, 0.372, 0.268, 0.402, 0.318, 0.314, 0.292, 0.354, 0.414]
[0.33, 0.388, 0.396, 0.27, 0.33, 0.582, 0.372, 0.268, 0.402, 0.318, 0.314, 0.292, 0.354, 0.414, 0.382]
[0.33, 0.388, 0.396, 0.27, 0.33, 0.582, 0.372, 0.268, 0.402, 0.318, 0.314, 0.292, 0.354, 0.414, 0.382, 0.346]
[0.33, 0.388, 0.396, 0.27, 0.33, 0.582, 0.372, 0.268, 0.402, 0.318, 0.314, 0.292, 0.354, 0.414, 0.382, 0.346, 0.26]
[0.33, 0.388, 0.396, 0.27, 0.33, 0.582, 0.372, 0.268, 0.402, 0.318, 0.314, 0.292, 0.354, 0.414, 0.382, 0.346, 0.26, 0.324]
[0.33, 0.388, 0.396, 0.27, 0.33, 0.582, 0.372, 0.268, 0.402, 0.318, 0.314, 0.292, 0.354, 0.414, 0.382, 0.346, 0.26, 0.324, 0.408]
[0.33, 0.388, 0.396, 0.27, 0.33, 0.582, 0.372, 0.268, 0.402, 0.318, 0.314, 0.292, 0.354, 0.414, 0.382, 0.346, 0.26, 0.324, 0.408, 0.334]
broken out of loop
Total correct retain:  776  Total retain:  2500
Total correct forget:  16677  Total forget:  47500
Total correct test:  169  Total test:  500
Total correct forget test:  3405  Total test forget:  9500
[0.338]
[0.338, 0.4]
[0.338, 0.4, 0.402]
[0.338, 0.4, 0.402, 0.254]
[0.338, 0.4, 0.402, 0.254, 0.33]
[0.338, 0.4, 0.402, 0.254, 0.33, 0.574]
[0.338, 0.4, 0.402, 0.254, 0.33, 0.574, 0.37]
[0.338, 0.4, 0.402, 0.254, 0.33, 0.574, 0.37, 0.282]
[0.338, 0.4, 0.402, 0.254, 0.33, 0.574, 0.37, 0.282, 0.402]
[0.338, 0.4, 0.402, 0.254, 0.33, 0.574, 0.37, 0.282, 0.402, 0.322]
[0.338, 0.4, 0.402, 0.254, 0.33, 0.574, 0.37, 0.282, 0.402, 0.322, 0.316]
[0.338, 0.4, 0.402, 0.254, 0.33, 0.574, 0.37, 0.282, 0.402, 0.322, 0.316, 0.306]
[0.338, 0.4, 0.402, 0.254, 0.33, 0.574, 0.37, 0.282, 0.402, 0.322, 0.316, 0.306, 0.358]
[0.338, 0.4, 0.402, 0.254, 0.33, 0.574, 0.37, 0.282, 0.402, 0.322, 0.316, 0.306, 0.358, 0.422]
[0.338, 0.4, 0.402, 0.254, 0.33, 0.574, 0.37, 0.282, 0.402, 0.322, 0.316, 0.306, 0.358, 0.422, 0.386]
[0.338, 0.4, 0.402, 0.254, 0.33, 0.574, 0.37, 0.282, 0.402, 0.322, 0.316, 0.306, 0.358, 0.422, 0.386, 0.346]
[0.338, 0.4, 0.402, 0.254, 0.33, 0.574, 0.37, 0.282, 0.402, 0.322, 0.316, 0.306, 0.358, 0.422, 0.386, 0.346, 0.276]
[0.338, 0.4, 0.402, 0.254, 0.33, 0.574, 0.37, 0.282, 0.402, 0.322, 0.316, 0.306, 0.358, 0.422, 0.386, 0.346, 0.276, 0.33]
[0.338, 0.4, 0.402, 0.254, 0.33, 0.574, 0.37, 0.282, 0.402, 0.322, 0.316, 0.306, 0.358, 0.422, 0.386, 0.346, 0.276, 0.33, 0.396]
[0.338, 0.4, 0.402, 0.254, 0.33, 0.574, 0.37, 0.282, 0.402, 0.322, 0.316, 0.306, 0.358, 0.422, 0.386, 0.346, 0.276, 0.33, 0.396, 0.338]
broken out of loop
Total correct retain:  750  Total retain:  2500
Total correct forget:  16449  Total forget:  47500
Total correct test:  169  Total test:  500
Total correct forget test:  3340  Total test forget:  9500
[0.338]
[0.338, 0.402]
[0.338, 0.402, 0.368]
[0.338, 0.402, 0.368, 0.254]
[0.338, 0.402, 0.368, 0.254, 0.322]
[0.338, 0.402, 0.368, 0.254, 0.322, 0.578]
[0.338, 0.402, 0.368, 0.254, 0.322, 0.578, 0.372]
[0.338, 0.402, 0.368, 0.254, 0.322, 0.578, 0.372, 0.27]
[0.338, 0.402, 0.368, 0.254, 0.322, 0.578, 0.372, 0.27, 0.382]
[0.338, 0.402, 0.368, 0.254, 0.322, 0.578, 0.372, 0.27, 0.382, 0.312]
[0.338, 0.402, 0.368, 0.254, 0.322, 0.578, 0.372, 0.27, 0.382, 0.312, 0.302]
[0.338, 0.402, 0.368, 0.254, 0.322, 0.578, 0.372, 0.27, 0.382, 0.312, 0.302, 0.306]
[0.338, 0.402, 0.368, 0.254, 0.322, 0.578, 0.372, 0.27, 0.382, 0.312, 0.302, 0.306, 0.354]
[0.338, 0.402, 0.368, 0.254, 0.322, 0.578, 0.372, 0.27, 0.382, 0.312, 0.302, 0.306, 0.354, 0.418]
[0.338, 0.402, 0.368, 0.254, 0.322, 0.578, 0.372, 0.27, 0.382, 0.312, 0.302, 0.306, 0.354, 0.418, 0.398]
[0.338, 0.402, 0.368, 0.254, 0.322, 0.578, 0.372, 0.27, 0.382, 0.312, 0.302, 0.306, 0.354, 0.418, 0.398, 0.332]
[0.338, 0.402, 0.368, 0.254, 0.322, 0.578, 0.372, 0.27, 0.382, 0.312, 0.302, 0.306, 0.354, 0.418, 0.398, 0.332, 0.244]
[0.338, 0.402, 0.368, 0.254, 0.322, 0.578, 0.372, 0.27, 0.382, 0.312, 0.302, 0.306, 0.354, 0.418, 0.398, 0.332, 0.244, 0.348]
[0.338, 0.402, 0.368, 0.254, 0.322, 0.578, 0.372, 0.27, 0.382, 0.312, 0.302, 0.306, 0.354, 0.418, 0.398, 0.332, 0.244, 0.348, 0.382]
[0.338, 0.402, 0.368, 0.254, 0.322, 0.578, 0.372, 0.27, 0.382, 0.312, 0.302, 0.306, 0.354, 0.418, 0.398, 0.332, 0.244, 0.348, 0.382, 0.336]
broken out of loop
Total correct retain:  751  Total retain:  2500
Total correct forget:  16454  Total forget:  47500
Total correct test:  162  Total test:  500
Total correct forget test:  3316  Total test forget:  9500
[0.324]
[0.324, 0.4]
[0.324, 0.4, 0.344]
[0.324, 0.4, 0.344, 0.248]
[0.324, 0.4, 0.344, 0.248, 0.314]
[0.324, 0.4, 0.344, 0.248, 0.314, 0.57]
[0.324, 0.4, 0.344, 0.248, 0.314, 0.57, 0.382]
[0.324, 0.4, 0.344, 0.248, 0.314, 0.57, 0.382, 0.266]
[0.324, 0.4, 0.344, 0.248, 0.314, 0.57, 0.382, 0.266, 0.376]
[0.324, 0.4, 0.344, 0.248, 0.314, 0.57, 0.382, 0.266, 0.376, 0.322]
[0.324, 0.4, 0.344, 0.248, 0.314, 0.57, 0.382, 0.266, 0.376, 0.322, 0.306]
[0.324, 0.4, 0.344, 0.248, 0.314, 0.57, 0.382, 0.266, 0.376, 0.322, 0.306, 0.292]
[0.324, 0.4, 0.344, 0.248, 0.314, 0.57, 0.382, 0.266, 0.376, 0.322, 0.306, 0.292, 0.354]
[0.324, 0.4, 0.344, 0.248, 0.314, 0.57, 0.382, 0.266, 0.376, 0.322, 0.306, 0.292, 0.354, 0.424]
[0.324, 0.4, 0.344, 0.248, 0.314, 0.57, 0.382, 0.266, 0.376, 0.322, 0.306, 0.292, 0.354, 0.424, 0.4]
[0.324, 0.4, 0.344, 0.248, 0.314, 0.57, 0.382, 0.266, 0.376, 0.322, 0.306, 0.292, 0.354, 0.424, 0.4, 0.31]
[0.324, 0.4, 0.344, 0.248, 0.314, 0.57, 0.382, 0.266, 0.376, 0.322, 0.306, 0.292, 0.354, 0.424, 0.4, 0.31, 0.262]
[0.324, 0.4, 0.344, 0.248, 0.314, 0.57, 0.382, 0.266, 0.376, 0.322, 0.306, 0.292, 0.354, 0.424, 0.4, 0.31, 0.262, 0.352]
[0.324, 0.4, 0.344, 0.248, 0.314, 0.57, 0.382, 0.266, 0.376, 0.322, 0.306, 0.292, 0.354, 0.424, 0.4, 0.31, 0.262, 0.352, 0.374]
[0.324, 0.4, 0.344, 0.248, 0.314, 0.57, 0.382, 0.266, 0.376, 0.322, 0.306, 0.292, 0.354, 0.424, 0.4, 0.31, 0.262, 0.352, 0.374, 0.336]
broken out of loop
Total correct retain:  747  Total retain:  2500
Total correct forget:  16534  Total forget:  47500
Total correct test:  160  Total test:  500
Total correct forget test:  3353  Total test forget:  9500
[0.32]
[0.32, 0.404]
[0.32, 0.404, 0.352]
[0.32, 0.404, 0.352, 0.25]
[0.32, 0.404, 0.352, 0.25, 0.318]
[0.32, 0.404, 0.352, 0.25, 0.318, 0.566]
[0.32, 0.404, 0.352, 0.25, 0.318, 0.566, 0.384]
[0.32, 0.404, 0.352, 0.25, 0.318, 0.566, 0.384, 0.264]
[0.32, 0.404, 0.352, 0.25, 0.318, 0.566, 0.384, 0.264, 0.38]
[0.32, 0.404, 0.352, 0.25, 0.318, 0.566, 0.384, 0.264, 0.38, 0.324]
[0.32, 0.404, 0.352, 0.25, 0.318, 0.566, 0.384, 0.264, 0.38, 0.324, 0.314]
[0.32, 0.404, 0.352, 0.25, 0.318, 0.566, 0.384, 0.264, 0.38, 0.324, 0.314, 0.302]
[0.32, 0.404, 0.352, 0.25, 0.318, 0.566, 0.384, 0.264, 0.38, 0.324, 0.314, 0.302, 0.358]
[0.32, 0.404, 0.352, 0.25, 0.318, 0.566, 0.384, 0.264, 0.38, 0.324, 0.314, 0.302, 0.358, 0.438]
[0.32, 0.404, 0.352, 0.25, 0.318, 0.566, 0.384, 0.264, 0.38, 0.324, 0.314, 0.302, 0.358, 0.438, 0.394]
[0.32, 0.404, 0.352, 0.25, 0.318, 0.566, 0.384, 0.264, 0.38, 0.324, 0.314, 0.302, 0.358, 0.438, 0.394, 0.308]
[0.32, 0.404, 0.352, 0.25, 0.318, 0.566, 0.384, 0.264, 0.38, 0.324, 0.314, 0.302, 0.358, 0.438, 0.394, 0.308, 0.27]
[0.32, 0.404, 0.352, 0.25, 0.318, 0.566, 0.384, 0.264, 0.38, 0.324, 0.314, 0.302, 0.358, 0.438, 0.394, 0.308, 0.27, 0.362]
[0.32, 0.404, 0.352, 0.25, 0.318, 0.566, 0.384, 0.264, 0.38, 0.324, 0.314, 0.302, 0.358, 0.438, 0.394, 0.308, 0.27, 0.362, 0.38]
[0.32, 0.404, 0.352, 0.25, 0.318, 0.566, 0.384, 0.264, 0.38, 0.324, 0.314, 0.302, 0.358, 0.438, 0.394, 0.308, 0.27, 0.362, 0.38, 0.338]
broken out of loop
Total correct retain:  749  Total retain:  2500
Total correct forget:  16552  Total forget:  47500
Total correct test:  156  Total test:  500
Total correct forget test:  3382  Total test forget:  9500
[0.312]
[0.312, 0.408]
[0.312, 0.408, 0.344]
[0.312, 0.408, 0.344, 0.252]
[0.312, 0.408, 0.344, 0.252, 0.324]
[0.312, 0.408, 0.344, 0.252, 0.324, 0.564]
[0.312, 0.408, 0.344, 0.252, 0.324, 0.564, 0.386]
[0.312, 0.408, 0.344, 0.252, 0.324, 0.564, 0.386, 0.264]
[0.312, 0.408, 0.344, 0.252, 0.324, 0.564, 0.386, 0.264, 0.384]
[0.312, 0.408, 0.344, 0.252, 0.324, 0.564, 0.386, 0.264, 0.384, 0.33]
[0.312, 0.408, 0.344, 0.252, 0.324, 0.564, 0.386, 0.264, 0.384, 0.33, 0.334]
[0.312, 0.408, 0.344, 0.252, 0.324, 0.564, 0.386, 0.264, 0.384, 0.33, 0.334, 0.302]
[0.312, 0.408, 0.344, 0.252, 0.324, 0.564, 0.386, 0.264, 0.384, 0.33, 0.334, 0.302, 0.362]
[0.312, 0.408, 0.344, 0.252, 0.324, 0.564, 0.386, 0.264, 0.384, 0.33, 0.334, 0.302, 0.362, 0.438]
[0.312, 0.408, 0.344, 0.252, 0.324, 0.564, 0.386, 0.264, 0.384, 0.33, 0.334, 0.302, 0.362, 0.438, 0.396]
[0.312, 0.408, 0.344, 0.252, 0.324, 0.564, 0.386, 0.264, 0.384, 0.33, 0.334, 0.302, 0.362, 0.438, 0.396, 0.314]
[0.312, 0.408, 0.344, 0.252, 0.324, 0.564, 0.386, 0.264, 0.384, 0.33, 0.334, 0.302, 0.362, 0.438, 0.396, 0.314, 0.278]
[0.312, 0.408, 0.344, 0.252, 0.324, 0.564, 0.386, 0.264, 0.384, 0.33, 0.334, 0.302, 0.362, 0.438, 0.396, 0.314, 0.278, 0.364]
[0.312, 0.408, 0.344, 0.252, 0.324, 0.564, 0.386, 0.264, 0.384, 0.33, 0.334, 0.302, 0.362, 0.438, 0.396, 0.314, 0.278, 0.364, 0.38]
[0.312, 0.408, 0.344, 0.252, 0.324, 0.564, 0.386, 0.264, 0.384, 0.33, 0.334, 0.302, 0.362, 0.438, 0.396, 0.314, 0.278, 0.364, 0.38, 0.34]
broken out of loop
Total correct retain:  744  Total retain:  2500
Total correct forget:  16561  Total forget:  47500
Total correct test:  158  Total test:  500
Total correct forget test:  3394  Total test forget:  9500
[0.316]
[0.316, 0.41]
[0.316, 0.41, 0.344]
[0.316, 0.41, 0.344, 0.248]
[0.316, 0.41, 0.344, 0.248, 0.324]
[0.316, 0.41, 0.344, 0.248, 0.324, 0.56]
[0.316, 0.41, 0.344, 0.248, 0.324, 0.56, 0.398]
[0.316, 0.41, 0.344, 0.248, 0.324, 0.56, 0.398, 0.268]
[0.316, 0.41, 0.344, 0.248, 0.324, 0.56, 0.398, 0.268, 0.376]
[0.316, 0.41, 0.344, 0.248, 0.324, 0.56, 0.398, 0.268, 0.376, 0.33]
[0.316, 0.41, 0.344, 0.248, 0.324, 0.56, 0.398, 0.268, 0.376, 0.33, 0.334]
[0.316, 0.41, 0.344, 0.248, 0.324, 0.56, 0.398, 0.268, 0.376, 0.33, 0.334, 0.298]
[0.316, 0.41, 0.344, 0.248, 0.324, 0.56, 0.398, 0.268, 0.376, 0.33, 0.334, 0.298, 0.35]
[0.316, 0.41, 0.344, 0.248, 0.324, 0.56, 0.398, 0.268, 0.376, 0.33, 0.334, 0.298, 0.35, 0.45]
[0.316, 0.41, 0.344, 0.248, 0.324, 0.56, 0.398, 0.268, 0.376, 0.33, 0.334, 0.298, 0.35, 0.45, 0.4]
[0.316, 0.41, 0.344, 0.248, 0.324, 0.56, 0.398, 0.268, 0.376, 0.33, 0.334, 0.298, 0.35, 0.45, 0.4, 0.31]
[0.316, 0.41, 0.344, 0.248, 0.324, 0.56, 0.398, 0.268, 0.376, 0.33, 0.334, 0.298, 0.35, 0.45, 0.4, 0.31, 0.284]
[0.316, 0.41, 0.344, 0.248, 0.324, 0.56, 0.398, 0.268, 0.376, 0.33, 0.334, 0.298, 0.35, 0.45, 0.4, 0.31, 0.284, 0.37]
[0.316, 0.41, 0.344, 0.248, 0.324, 0.56, 0.398, 0.268, 0.376, 0.33, 0.334, 0.298, 0.35, 0.45, 0.4, 0.31, 0.284, 0.37, 0.396]
[0.316, 0.41, 0.344, 0.248, 0.324, 0.56, 0.398, 0.268, 0.376, 0.33, 0.334, 0.298, 0.35, 0.45, 0.4, 0.31, 0.284, 0.37, 0.396, 0.338]
broken out of loop
Total correct retain:  736  Total retain:  2500
Total correct forget:  16555  Total forget:  47500
Total correct test:  158  Total test:  500
Total correct forget test:  3376  Total test forget:  9500
[0.316]
[0.316, 0.406]
[0.316, 0.406, 0.344]
[0.316, 0.406, 0.344, 0.25]
[0.316, 0.406, 0.344, 0.25, 0.328]
[0.316, 0.406, 0.344, 0.25, 0.328, 0.554]
[0.316, 0.406, 0.344, 0.25, 0.328, 0.554, 0.398]
[0.316, 0.406, 0.344, 0.25, 0.328, 0.554, 0.398, 0.264]
[0.316, 0.406, 0.344, 0.25, 0.328, 0.554, 0.398, 0.264, 0.376]
[0.316, 0.406, 0.344, 0.25, 0.328, 0.554, 0.398, 0.264, 0.376, 0.328]
[0.316, 0.406, 0.344, 0.25, 0.328, 0.554, 0.398, 0.264, 0.376, 0.328, 0.34]
[0.316, 0.406, 0.344, 0.25, 0.328, 0.554, 0.398, 0.264, 0.376, 0.328, 0.34, 0.298]
[0.316, 0.406, 0.344, 0.25, 0.328, 0.554, 0.398, 0.264, 0.376, 0.328, 0.34, 0.298, 0.35]
[0.316, 0.406, 0.344, 0.25, 0.328, 0.554, 0.398, 0.264, 0.376, 0.328, 0.34, 0.298, 0.35, 0.454]
[0.316, 0.406, 0.344, 0.25, 0.328, 0.554, 0.398, 0.264, 0.376, 0.328, 0.34, 0.298, 0.35, 0.454, 0.394]
[0.316, 0.406, 0.344, 0.25, 0.328, 0.554, 0.398, 0.264, 0.376, 0.328, 0.34, 0.298, 0.35, 0.454, 0.394, 0.312]
[0.316, 0.406, 0.344, 0.25, 0.328, 0.554, 0.398, 0.264, 0.376, 0.328, 0.34, 0.298, 0.35, 0.454, 0.394, 0.312, 0.266]
[0.316, 0.406, 0.344, 0.25, 0.328, 0.554, 0.398, 0.264, 0.376, 0.328, 0.34, 0.298, 0.35, 0.454, 0.394, 0.312, 0.266, 0.368]
[0.316, 0.406, 0.344, 0.25, 0.328, 0.554, 0.398, 0.264, 0.376, 0.328, 0.34, 0.298, 0.35, 0.454, 0.394, 0.312, 0.266, 0.368, 0.39]
[0.316, 0.406, 0.344, 0.25, 0.328, 0.554, 0.398, 0.264, 0.376, 0.328, 0.34, 0.298, 0.35, 0.454, 0.394, 0.312, 0.266, 0.368, 0.39, 0.332]
broken out of loop
Total correct retain:  741  Total retain:  2500
Total correct forget:  16621  Total forget:  47500
Total correct test:  157  Total test:  500
Total correct forget test:  3406  Total test forget:  9500
[0.314]
[0.314, 0.408]
[0.314, 0.408, 0.342]
[0.314, 0.408, 0.342, 0.254]
[0.314, 0.408, 0.342, 0.254, 0.324]
[0.314, 0.408, 0.342, 0.254, 0.324, 0.564]
[0.314, 0.408, 0.342, 0.254, 0.324, 0.564, 0.404]
[0.314, 0.408, 0.342, 0.254, 0.324, 0.564, 0.404, 0.268]
[0.314, 0.408, 0.342, 0.254, 0.324, 0.564, 0.404, 0.268, 0.384]
[0.314, 0.408, 0.342, 0.254, 0.324, 0.564, 0.404, 0.268, 0.384, 0.336]
[0.314, 0.408, 0.342, 0.254, 0.324, 0.564, 0.404, 0.268, 0.384, 0.336, 0.35]
[0.314, 0.408, 0.342, 0.254, 0.324, 0.564, 0.404, 0.268, 0.384, 0.336, 0.35, 0.298]
[0.314, 0.408, 0.342, 0.254, 0.324, 0.564, 0.404, 0.268, 0.384, 0.336, 0.35, 0.298, 0.354]
[0.314, 0.408, 0.342, 0.254, 0.324, 0.564, 0.404, 0.268, 0.384, 0.336, 0.35, 0.298, 0.354, 0.46]
[0.314, 0.408, 0.342, 0.254, 0.324, 0.564, 0.404, 0.268, 0.384, 0.336, 0.35, 0.298, 0.354, 0.46, 0.39]
[0.314, 0.408, 0.342, 0.254, 0.324, 0.564, 0.404, 0.268, 0.384, 0.336, 0.35, 0.298, 0.354, 0.46, 0.39, 0.308]
[0.314, 0.408, 0.342, 0.254, 0.324, 0.564, 0.404, 0.268, 0.384, 0.336, 0.35, 0.298, 0.354, 0.46, 0.39, 0.308, 0.274]
[0.314, 0.408, 0.342, 0.254, 0.324, 0.564, 0.404, 0.268, 0.384, 0.336, 0.35, 0.298, 0.354, 0.46, 0.39, 0.308, 0.274, 0.368]
[0.314, 0.408, 0.342, 0.254, 0.324, 0.564, 0.404, 0.268, 0.384, 0.336, 0.35, 0.298, 0.354, 0.46, 0.39, 0.308, 0.274, 0.368, 0.392]
[0.314, 0.408, 0.342, 0.254, 0.324, 0.564, 0.404, 0.268, 0.384, 0.336, 0.35, 0.298, 0.354, 0.46, 0.39, 0.308, 0.274, 0.368, 0.392, 0.334]
broken out of loop
Total correct retain:  747  Total retain:  2500
Total correct forget:  16651  Total forget:  47500
Total correct test:  157  Total test:  500
Total correct forget test:  3404  Total test forget:  9500
[0.314]
[0.314, 0.412]
[0.314, 0.412, 0.348]
[0.314, 0.412, 0.348, 0.252]
[0.314, 0.412, 0.348, 0.252, 0.328]
[0.314, 0.412, 0.348, 0.252, 0.328, 0.564]
[0.314, 0.412, 0.348, 0.252, 0.328, 0.564, 0.404]
[0.314, 0.412, 0.348, 0.252, 0.328, 0.564, 0.404, 0.264]
[0.314, 0.412, 0.348, 0.252, 0.328, 0.564, 0.404, 0.264, 0.382]
[0.314, 0.412, 0.348, 0.252, 0.328, 0.564, 0.404, 0.264, 0.382, 0.34]
[0.314, 0.412, 0.348, 0.252, 0.328, 0.564, 0.404, 0.264, 0.382, 0.34, 0.346]
[0.314, 0.412, 0.348, 0.252, 0.328, 0.564, 0.404, 0.264, 0.382, 0.34, 0.346, 0.3]
[0.314, 0.412, 0.348, 0.252, 0.328, 0.564, 0.404, 0.264, 0.382, 0.34, 0.346, 0.3, 0.354]
[0.314, 0.412, 0.348, 0.252, 0.328, 0.564, 0.404, 0.264, 0.382, 0.34, 0.346, 0.3, 0.354, 0.46]
[0.314, 0.412, 0.348, 0.252, 0.328, 0.564, 0.404, 0.264, 0.382, 0.34, 0.346, 0.3, 0.354, 0.46, 0.392]
[0.314, 0.412, 0.348, 0.252, 0.328, 0.564, 0.404, 0.264, 0.382, 0.34, 0.346, 0.3, 0.354, 0.46, 0.392, 0.306]
[0.314, 0.412, 0.348, 0.252, 0.328, 0.564, 0.404, 0.264, 0.382, 0.34, 0.346, 0.3, 0.354, 0.46, 0.392, 0.306, 0.276]
[0.314, 0.412, 0.348, 0.252, 0.328, 0.564, 0.404, 0.264, 0.382, 0.34, 0.346, 0.3, 0.354, 0.46, 0.392, 0.306, 0.276, 0.366]
[0.314, 0.412, 0.348, 0.252, 0.328, 0.564, 0.404, 0.264, 0.382, 0.34, 0.346, 0.3, 0.354, 0.46, 0.392, 0.306, 0.276, 0.366, 0.382]
[0.314, 0.412, 0.348, 0.252, 0.328, 0.564, 0.404, 0.264, 0.382, 0.34, 0.346, 0.3, 0.354, 0.46, 0.392, 0.306, 0.276, 0.366, 0.382, 0.332]
broken out of loop
Total correct retain:  742  Total retain:  2500
Total correct forget:  16694  Total forget:  47500
Total correct test:  158  Total test:  500
Total correct forget test:  3399  Total test forget:  9500
[0.316]
[0.316, 0.412]
[0.316, 0.412, 0.348]
[0.316, 0.412, 0.348, 0.254]
[0.316, 0.412, 0.348, 0.254, 0.328]
[0.316, 0.412, 0.348, 0.254, 0.328, 0.558]
[0.316, 0.412, 0.348, 0.254, 0.328, 0.558, 0.404]
[0.316, 0.412, 0.348, 0.254, 0.328, 0.558, 0.404, 0.256]
[0.316, 0.412, 0.348, 0.254, 0.328, 0.558, 0.404, 0.256, 0.37]
[0.316, 0.412, 0.348, 0.254, 0.328, 0.558, 0.404, 0.256, 0.37, 0.346]
[0.316, 0.412, 0.348, 0.254, 0.328, 0.558, 0.404, 0.256, 0.37, 0.346, 0.356]
[0.316, 0.412, 0.348, 0.254, 0.328, 0.558, 0.404, 0.256, 0.37, 0.346, 0.356, 0.31]
[0.316, 0.412, 0.348, 0.254, 0.328, 0.558, 0.404, 0.256, 0.37, 0.346, 0.356, 0.31, 0.348]
[0.316, 0.412, 0.348, 0.254, 0.328, 0.558, 0.404, 0.256, 0.37, 0.346, 0.356, 0.31, 0.348, 0.46]
[0.316, 0.412, 0.348, 0.254, 0.328, 0.558, 0.404, 0.256, 0.37, 0.346, 0.356, 0.31, 0.348, 0.46, 0.39]
[0.316, 0.412, 0.348, 0.254, 0.328, 0.558, 0.404, 0.256, 0.37, 0.346, 0.356, 0.31, 0.348, 0.46, 0.39, 0.306]
[0.316, 0.412, 0.348, 0.254, 0.328, 0.558, 0.404, 0.256, 0.37, 0.346, 0.356, 0.31, 0.348, 0.46, 0.39, 0.306, 0.268]
[0.316, 0.412, 0.348, 0.254, 0.328, 0.558, 0.404, 0.256, 0.37, 0.346, 0.356, 0.31, 0.348, 0.46, 0.39, 0.306, 0.268, 0.38]
[0.316, 0.412, 0.348, 0.254, 0.328, 0.558, 0.404, 0.256, 0.37, 0.346, 0.356, 0.31, 0.348, 0.46, 0.39, 0.306, 0.268, 0.38, 0.368]
[0.316, 0.412, 0.348, 0.254, 0.328, 0.558, 0.404, 0.256, 0.37, 0.346, 0.356, 0.31, 0.348, 0.46, 0.39, 0.306, 0.268, 0.38, 0.368, 0.336]
broken out of loop
Total correct retain:  762  Total retain:  2500
Total correct forget:  16725  Total forget:  47500
Total correct test:  160  Total test:  500
Total correct forget test:  3368  Total test forget:  9500
[0.32]
[0.32, 0.44]
[0.32, 0.44, 0.348]
[0.32, 0.44, 0.348, 0.248]
[0.32, 0.44, 0.348, 0.248, 0.296]
[0.32, 0.44, 0.348, 0.248, 0.296, 0.538]
[0.32, 0.44, 0.348, 0.248, 0.296, 0.538, 0.374]
[0.32, 0.44, 0.348, 0.248, 0.296, 0.538, 0.374, 0.228]
[0.32, 0.44, 0.348, 0.248, 0.296, 0.538, 0.374, 0.228, 0.346]
[0.32, 0.44, 0.348, 0.248, 0.296, 0.538, 0.374, 0.228, 0.346, 0.338]
[0.32, 0.44, 0.348, 0.248, 0.296, 0.538, 0.374, 0.228, 0.346, 0.338, 0.344]
[0.32, 0.44, 0.348, 0.248, 0.296, 0.538, 0.374, 0.228, 0.346, 0.338, 0.344, 0.32]
[0.32, 0.44, 0.348, 0.248, 0.296, 0.538, 0.374, 0.228, 0.346, 0.338, 0.344, 0.32, 0.368]
[0.32, 0.44, 0.348, 0.248, 0.296, 0.538, 0.374, 0.228, 0.346, 0.338, 0.344, 0.32, 0.368, 0.47]
[0.32, 0.44, 0.348, 0.248, 0.296, 0.538, 0.374, 0.228, 0.346, 0.338, 0.344, 0.32, 0.368, 0.47, 0.412]
[0.32, 0.44, 0.348, 0.248, 0.296, 0.538, 0.374, 0.228, 0.346, 0.338, 0.344, 0.32, 0.368, 0.47, 0.412, 0.32]
[0.32, 0.44, 0.348, 0.248, 0.296, 0.538, 0.374, 0.228, 0.346, 0.338, 0.344, 0.32, 0.368, 0.47, 0.412, 0.32, 0.26]
[0.32, 0.44, 0.348, 0.248, 0.296, 0.538, 0.374, 0.228, 0.346, 0.338, 0.344, 0.32, 0.368, 0.47, 0.412, 0.32, 0.26, 0.394]
[0.32, 0.44, 0.348, 0.248, 0.296, 0.538, 0.374, 0.228, 0.346, 0.338, 0.344, 0.32, 0.368, 0.47, 0.412, 0.32, 0.26, 0.394, 0.364]
[0.32, 0.44, 0.348, 0.248, 0.296, 0.538, 0.374, 0.228, 0.346, 0.338, 0.344, 0.32, 0.368, 0.47, 0.412, 0.32, 0.26, 0.394, 0.364, 0.328]
broken out of loop
Total correct retain:  762  Total retain:  2500
Total correct forget:  16753  Total forget:  47500
Total correct test:  161  Total test:  500
Total correct forget test:  3382  Total test forget:  9500
[0.322]
[0.322, 0.44]
[0.322, 0.44, 0.358]
[0.322, 0.44, 0.358, 0.24]
[0.322, 0.44, 0.358, 0.24, 0.306]
[0.322, 0.44, 0.358, 0.24, 0.306, 0.538]
[0.322, 0.44, 0.358, 0.24, 0.306, 0.538, 0.376]
[0.322, 0.44, 0.358, 0.24, 0.306, 0.538, 0.376, 0.234]
[0.322, 0.44, 0.358, 0.24, 0.306, 0.538, 0.376, 0.234, 0.338]
[0.322, 0.44, 0.358, 0.24, 0.306, 0.538, 0.376, 0.234, 0.338, 0.338]
[0.322, 0.44, 0.358, 0.24, 0.306, 0.538, 0.376, 0.234, 0.338, 0.338, 0.348]
[0.322, 0.44, 0.358, 0.24, 0.306, 0.538, 0.376, 0.234, 0.338, 0.338, 0.348, 0.318]
[0.322, 0.44, 0.358, 0.24, 0.306, 0.538, 0.376, 0.234, 0.338, 0.338, 0.348, 0.318, 0.37]
[0.322, 0.44, 0.358, 0.24, 0.306, 0.538, 0.376, 0.234, 0.338, 0.338, 0.348, 0.318, 0.37, 0.474]
[0.322, 0.44, 0.358, 0.24, 0.306, 0.538, 0.376, 0.234, 0.338, 0.338, 0.348, 0.318, 0.37, 0.474, 0.412]
[0.322, 0.44, 0.358, 0.24, 0.306, 0.538, 0.376, 0.234, 0.338, 0.338, 0.348, 0.318, 0.37, 0.474, 0.412, 0.32]
[0.322, 0.44, 0.358, 0.24, 0.306, 0.538, 0.376, 0.234, 0.338, 0.338, 0.348, 0.318, 0.37, 0.474, 0.412, 0.32, 0.262]
[0.322, 0.44, 0.358, 0.24, 0.306, 0.538, 0.376, 0.234, 0.338, 0.338, 0.348, 0.318, 0.37, 0.474, 0.412, 0.32, 0.262, 0.398]
[0.322, 0.44, 0.358, 0.24, 0.306, 0.538, 0.376, 0.234, 0.338, 0.338, 0.348, 0.318, 0.37, 0.474, 0.412, 0.32, 0.262, 0.398, 0.368]
[0.322, 0.44, 0.358, 0.24, 0.306, 0.538, 0.376, 0.234, 0.338, 0.338, 0.348, 0.318, 0.37, 0.474, 0.412, 0.32, 0.262, 0.398, 0.368, 0.326]
broken out of loop
Total correct retain:  758  Total retain:  2500
Total correct forget:  16831  Total forget:  47500
Total correct test:  162  Total test:  500
Total correct forget test:  3390  Total test forget:  9500
[0.324]
[0.324, 0.436]
[0.324, 0.436, 0.348]
[0.324, 0.436, 0.348, 0.246]
[0.324, 0.436, 0.348, 0.246, 0.304]
[0.324, 0.436, 0.348, 0.246, 0.304, 0.536]
[0.324, 0.436, 0.348, 0.246, 0.304, 0.536, 0.382]
[0.324, 0.436, 0.348, 0.246, 0.304, 0.536, 0.382, 0.236]
[0.324, 0.436, 0.348, 0.246, 0.304, 0.536, 0.382, 0.236, 0.346]
[0.324, 0.436, 0.348, 0.246, 0.304, 0.536, 0.382, 0.236, 0.346, 0.338]
[0.324, 0.436, 0.348, 0.246, 0.304, 0.536, 0.382, 0.236, 0.346, 0.338, 0.35]
[0.324, 0.436, 0.348, 0.246, 0.304, 0.536, 0.382, 0.236, 0.346, 0.338, 0.35, 0.316]
[0.324, 0.436, 0.348, 0.246, 0.304, 0.536, 0.382, 0.236, 0.346, 0.338, 0.35, 0.316, 0.368]
[0.324, 0.436, 0.348, 0.246, 0.304, 0.536, 0.382, 0.236, 0.346, 0.338, 0.35, 0.316, 0.368, 0.478]
[0.324, 0.436, 0.348, 0.246, 0.304, 0.536, 0.382, 0.236, 0.346, 0.338, 0.35, 0.316, 0.368, 0.478, 0.418]
[0.324, 0.436, 0.348, 0.246, 0.304, 0.536, 0.382, 0.236, 0.346, 0.338, 0.35, 0.316, 0.368, 0.478, 0.418, 0.322]
[0.324, 0.436, 0.348, 0.246, 0.304, 0.536, 0.382, 0.236, 0.346, 0.338, 0.35, 0.316, 0.368, 0.478, 0.418, 0.322, 0.262]
[0.324, 0.436, 0.348, 0.246, 0.304, 0.536, 0.382, 0.236, 0.346, 0.338, 0.35, 0.316, 0.368, 0.478, 0.418, 0.322, 0.262, 0.4]
[0.324, 0.436, 0.348, 0.246, 0.304, 0.536, 0.382, 0.236, 0.346, 0.338, 0.35, 0.316, 0.368, 0.478, 0.418, 0.322, 0.262, 0.4, 0.368]
[0.324, 0.436, 0.348, 0.246, 0.304, 0.536, 0.382, 0.236, 0.346, 0.338, 0.35, 0.316, 0.368, 0.478, 0.418, 0.322, 0.262, 0.4, 0.368, 0.326]
broken out of loop
Total correct retain:  759  Total retain:  2500
Total correct forget:  16874  Total forget:  47500
Total correct test:  161  Total test:  500
Total correct forget test:  3405  Total test forget:  9500
[0.322]
[0.322, 0.44]
[0.322, 0.44, 0.352]
[0.322, 0.44, 0.352, 0.24]
[0.322, 0.44, 0.352, 0.24, 0.308]
[0.322, 0.44, 0.352, 0.24, 0.308, 0.536]
[0.322, 0.44, 0.352, 0.24, 0.308, 0.536, 0.384]
[0.322, 0.44, 0.352, 0.24, 0.308, 0.536, 0.384, 0.23]
[0.322, 0.44, 0.352, 0.24, 0.308, 0.536, 0.384, 0.23, 0.35]
[0.322, 0.44, 0.352, 0.24, 0.308, 0.536, 0.384, 0.23, 0.35, 0.336]
[0.322, 0.44, 0.352, 0.24, 0.308, 0.536, 0.384, 0.23, 0.35, 0.336, 0.364]
[0.322, 0.44, 0.352, 0.24, 0.308, 0.536, 0.384, 0.23, 0.35, 0.336, 0.364, 0.322]
[0.322, 0.44, 0.352, 0.24, 0.308, 0.536, 0.384, 0.23, 0.35, 0.336, 0.364, 0.322, 0.366]
[0.322, 0.44, 0.352, 0.24, 0.308, 0.536, 0.384, 0.23, 0.35, 0.336, 0.364, 0.322, 0.366, 0.474]
[0.322, 0.44, 0.352, 0.24, 0.308, 0.536, 0.384, 0.23, 0.35, 0.336, 0.364, 0.322, 0.366, 0.474, 0.418]
[0.322, 0.44, 0.352, 0.24, 0.308, 0.536, 0.384, 0.23, 0.35, 0.336, 0.364, 0.322, 0.366, 0.474, 0.418, 0.322]
[0.322, 0.44, 0.352, 0.24, 0.308, 0.536, 0.384, 0.23, 0.35, 0.336, 0.364, 0.322, 0.366, 0.474, 0.418, 0.322, 0.266]
[0.322, 0.44, 0.352, 0.24, 0.308, 0.536, 0.384, 0.23, 0.35, 0.336, 0.364, 0.322, 0.366, 0.474, 0.418, 0.322, 0.266, 0.4]
[0.322, 0.44, 0.352, 0.24, 0.308, 0.536, 0.384, 0.23, 0.35, 0.336, 0.364, 0.322, 0.366, 0.474, 0.418, 0.322, 0.266, 0.4, 0.376]
[0.322, 0.44, 0.352, 0.24, 0.308, 0.536, 0.384, 0.23, 0.35, 0.336, 0.364, 0.322, 0.366, 0.474, 0.418, 0.322, 0.266, 0.4, 0.376, 0.326]
broken out of loop
Total correct retain:  757  Total retain:  2500
Total correct forget:  16790  Total forget:  47500
Total correct test:  163  Total test:  500
Total correct forget test:  3401  Total test forget:  9500
[0.326]
[0.326, 0.434]
[0.326, 0.434, 0.352]
[0.326, 0.434, 0.352, 0.244]
[0.326, 0.434, 0.352, 0.244, 0.314]
[0.326, 0.434, 0.352, 0.244, 0.314, 0.536]
[0.326, 0.434, 0.352, 0.244, 0.314, 0.536, 0.39]
[0.326, 0.434, 0.352, 0.244, 0.314, 0.536, 0.39, 0.24]
[0.326, 0.434, 0.352, 0.244, 0.314, 0.536, 0.39, 0.24, 0.344]
[0.326, 0.434, 0.352, 0.244, 0.314, 0.536, 0.39, 0.24, 0.344, 0.336]
[0.326, 0.434, 0.352, 0.244, 0.314, 0.536, 0.39, 0.24, 0.344, 0.336, 0.35]
[0.326, 0.434, 0.352, 0.244, 0.314, 0.536, 0.39, 0.24, 0.344, 0.336, 0.35, 0.318]
[0.326, 0.434, 0.352, 0.244, 0.314, 0.536, 0.39, 0.24, 0.344, 0.336, 0.35, 0.318, 0.368]
[0.326, 0.434, 0.352, 0.244, 0.314, 0.536, 0.39, 0.24, 0.344, 0.336, 0.35, 0.318, 0.368, 0.472]
[0.326, 0.434, 0.352, 0.244, 0.314, 0.536, 0.39, 0.24, 0.344, 0.336, 0.35, 0.318, 0.368, 0.472, 0.42]
[0.326, 0.434, 0.352, 0.244, 0.314, 0.536, 0.39, 0.24, 0.344, 0.336, 0.35, 0.318, 0.368, 0.472, 0.42, 0.32]
[0.326, 0.434, 0.352, 0.244, 0.314, 0.536, 0.39, 0.24, 0.344, 0.336, 0.35, 0.318, 0.368, 0.472, 0.42, 0.32, 0.264]
[0.326, 0.434, 0.352, 0.244, 0.314, 0.536, 0.39, 0.24, 0.344, 0.336, 0.35, 0.318, 0.368, 0.472, 0.42, 0.32, 0.264, 0.398]
[0.326, 0.434, 0.352, 0.244, 0.314, 0.536, 0.39, 0.24, 0.344, 0.336, 0.35, 0.318, 0.368, 0.472, 0.42, 0.32, 0.264, 0.398, 0.374]
[0.326, 0.434, 0.352, 0.244, 0.314, 0.536, 0.39, 0.24, 0.344, 0.336, 0.35, 0.318, 0.368, 0.472, 0.42, 0.32, 0.264, 0.398, 0.374, 0.328]
[[0.286, 0.352, 0.362, 0.244, 0.32, 0.526, 0.284, 0.224, 0.33, 0.316, 0.33, 0.23, 0.332, 0.376, 0.302, 0.382, 0.27, 0.25, 0.33, 0.28], [0.312, 0.368, 0.38, 0.252, 0.314, 0.562, 0.33, 0.242, 0.376, 0.326, 0.316, 0.246, 0.332, 0.41, 0.35, 0.352, 0.274, 0.254, 0.36, 0.32], [0.328, 0.388, 0.374, 0.262, 0.332, 0.586, 0.36, 0.248, 0.408, 0.32, 0.312, 0.278, 0.35, 0.414, 0.38, 0.366, 0.276, 0.28, 0.39, 0.33], [0.33, 0.388, 0.396, 0.27, 0.33, 0.582, 0.372, 0.268, 0.402, 0.318, 0.314, 0.292, 0.354, 0.414, 0.382, 0.346, 0.26, 0.324, 0.408, 0.334], [0.338, 0.4, 0.402, 0.254, 0.33, 0.574, 0.37, 0.282, 0.402, 0.322, 0.316, 0.306, 0.358, 0.422, 0.386, 0.346, 0.276, 0.33, 0.396, 0.338], [0.338, 0.402, 0.368, 0.254, 0.322, 0.578, 0.372, 0.27, 0.382, 0.312, 0.302, 0.306, 0.354, 0.418, 0.398, 0.332, 0.244, 0.348, 0.382, 0.336], [0.324, 0.4, 0.344, 0.248, 0.314, 0.57, 0.382, 0.266, 0.376, 0.322, 0.306, 0.292, 0.354, 0.424, 0.4, 0.31, 0.262, 0.352, 0.374, 0.336], [0.32, 0.404, 0.352, 0.25, 0.318, 0.566, 0.384, 0.264, 0.38, 0.324, 0.314, 0.302, 0.358, 0.438, 0.394, 0.308, 0.27, 0.362, 0.38, 0.338], [0.312, 0.408, 0.344, 0.252, 0.324, 0.564, 0.386, 0.264, 0.384, 0.33, 0.334, 0.302, 0.362, 0.438, 0.396, 0.314, 0.278, 0.364, 0.38, 0.34], [0.316, 0.41, 0.344, 0.248, 0.324, 0.56, 0.398, 0.268, 0.376, 0.33, 0.334, 0.298, 0.35, 0.45, 0.4, 0.31, 0.284, 0.37, 0.396, 0.338], [0.316, 0.406, 0.344, 0.25, 0.328, 0.554, 0.398, 0.264, 0.376, 0.328, 0.34, 0.298, 0.35, 0.454, 0.394, 0.312, 0.266, 0.368, 0.39, 0.332], [0.314, 0.408, 0.342, 0.254, 0.324, 0.564, 0.404, 0.268, 0.384, 0.336, 0.35, 0.298, 0.354, 0.46, 0.39, 0.308, 0.274, 0.368, 0.392, 0.334], [0.314, 0.412, 0.348, 0.252, 0.328, 0.564, 0.404, 0.264, 0.382, 0.34, 0.346, 0.3, 0.354, 0.46, 0.392, 0.306, 0.276, 0.366, 0.382, 0.332], [0.316, 0.412, 0.348, 0.254, 0.328, 0.558, 0.404, 0.256, 0.37, 0.346, 0.356, 0.31, 0.348, 0.46, 0.39, 0.306, 0.268, 0.38, 0.368, 0.336], [0.32, 0.44, 0.348, 0.248, 0.296, 0.538, 0.374, 0.228, 0.346, 0.338, 0.344, 0.32, 0.368, 0.47, 0.412, 0.32, 0.26, 0.394, 0.364, 0.328], [0.322, 0.44, 0.358, 0.24, 0.306, 0.538, 0.376, 0.234, 0.338, 0.338, 0.348, 0.318, 0.37, 0.474, 0.412, 0.32, 0.262, 0.398, 0.368, 0.326], [0.324, 0.436, 0.348, 0.246, 0.304, 0.536, 0.382, 0.236, 0.346, 0.338, 0.35, 0.316, 0.368, 0.478, 0.418, 0.322, 0.262, 0.4, 0.368, 0.326], [0.322, 0.44, 0.352, 0.24, 0.308, 0.536, 0.384, 0.23, 0.35, 0.336, 0.364, 0.322, 0.366, 0.474, 0.418, 0.322, 0.266, 0.4, 0.376, 0.326], [0.326, 0.434, 0.352, 0.244, 0.314, 0.536, 0.39, 0.24, 0.344, 0.336, 0.35, 0.318, 0.368, 0.472, 0.42, 0.32, 0.264, 0.398, 0.374, 0.328]]
Plot  0  Done
Average Retain Accuracies:  [0.2496, 0.2844, 0.3016, 0.3028, 0.3064, 0.3104, 0.3, 0.3004, 0.2988, 0.2996, 0.2976, 0.2944, 0.2964, 0.2988, 0.2968, 0.3048, 0.3048, 0.3032, 0.3036, 0.3028]
Average Forget Accuracies:  [0.2948631578947368, 0.32290526315789475, 0.33414736842105264, 0.3411157894736842, 0.34722105263157893, 0.35109473684210524, 0.34629473684210527, 0.3464, 0.3480842105263158, 0.34846315789473686, 0.3486526315789474, 0.3485263157894737, 0.34991578947368424, 0.3505473684210526, 0.35145263157894735, 0.35210526315789475, 0.3526947368421053, 0.3543368421052632, 0.3552421052631579, 0.35347368421052633]
Average Retain Test Accuracies:  [0.258, 0.286, 0.312, 0.328, 0.33, 0.338, 0.338, 0.324, 0.32, 0.312, 0.316, 0.316, 0.314, 0.314, 0.316, 0.32, 0.322, 0.324, 0.322, 0.326]
Average Forget Test Accuracies:  [0.2883157894736842, 0.3178947368421053, 0.3349473684210526, 0.35021052631578947, 0.35547368421052633, 0.358421052631579, 0.35157894736842105, 0.3490526315789474, 0.3529473684210526, 0.356, 0.35726315789473684, 0.35536842105263156, 0.3585263157894737, 0.3583157894736842, 0.35778947368421055, 0.3545263157894737, 0.356, 0.3568421052631579, 0.358421052631579, 0.358]
Done
