Requirement already satisfied: pyyaml in /usr/lib64/python3.12/site-packages (6.0.1)
Requirement already satisfied: setuptools in /usr/lib/python3.12/site-packages (68.2.2)
Requirement already satisfied: matplotlib in /dcs/21/u2145461/.local/lib/python3.12/site-packages (3.10.1)
Requirement already satisfied: contourpy>=1.0.1 in /dcs/21/u2145461/.local/lib/python3.12/site-packages (from matplotlib) (1.3.1)
Requirement already satisfied: cycler>=0.10 in /dcs/21/u2145461/.local/lib/python3.12/site-packages (from matplotlib) (0.12.1)
Requirement already satisfied: fonttools>=4.22.0 in /dcs/21/u2145461/.local/lib/python3.12/site-packages (from matplotlib) (4.56.0)
Requirement already satisfied: kiwisolver>=1.3.1 in /dcs/21/u2145461/.local/lib/python3.12/site-packages (from matplotlib) (1.4.8)
Requirement already satisfied: numpy>=1.23 in /dcs/21/u2145461/.local/lib/python3.12/site-packages (from matplotlib) (2.2.3)
Requirement already satisfied: packaging>=20.0 in /dcs/21/u2145461/.local/lib/python3.12/site-packages (from matplotlib) (24.2)
Requirement already satisfied: pillow>=8 in /dcs/21/u2145461/.local/lib/python3.12/site-packages (from matplotlib) (11.0.0)
Requirement already satisfied: pyparsing>=2.3.1 in /dcs/21/u2145461/.local/lib/python3.12/site-packages (from matplotlib) (3.2.1)
Requirement already satisfied: python-dateutil>=2.7 in /dcs/21/u2145461/.local/lib/python3.12/site-packages (from matplotlib) (2.9.0.post0)
Requirement already satisfied: six>=1.5 in /dcs/21/u2145461/.local/lib/python3.12/site-packages (from python-dateutil>=2.7->matplotlib) (1.17.0)
Requirement already satisfied: quadprog in /dcs/21/u2145461/.local/lib/python3.12/site-packages (0.1.13)
Requirement already satisfied: numpy in /dcs/21/u2145461/.local/lib/python3.12/site-packages (from quadprog) (2.2.3)
Requirement already satisfied: pyparsing in /dcs/21/u2145461/.local/lib/python3.12/site-packages (3.2.1)
Requirement already satisfied: pandas in /dcs/21/u2145461/.local/lib/python3.12/site-packages (2.2.3)
Requirement already satisfied: numpy>=1.26.0 in /dcs/21/u2145461/.local/lib/python3.12/site-packages (from pandas) (2.2.3)
Requirement already satisfied: python-dateutil>=2.8.2 in /dcs/21/u2145461/.local/lib/python3.12/site-packages (from pandas) (2.9.0.post0)
Requirement already satisfied: pytz>=2020.1 in /dcs/21/u2145461/.local/lib/python3.12/site-packages (from pandas) (2025.1)
Requirement already satisfied: tzdata>=2022.7 in /dcs/21/u2145461/.local/lib/python3.12/site-packages (from pandas) (2025.1)
Requirement already satisfied: six>=1.5 in /dcs/21/u2145461/.local/lib/python3.12/site-packages (from python-dateutil>=2.8.2->pandas) (1.17.0)
Requirement already satisfied: numpy in /dcs/21/u2145461/.local/lib/python3.12/site-packages (2.2.3)
Fri Apr  4 20:37:35 2025       
+-----------------------------------------------------------------------------------------+
| NVIDIA-SMI 550.144.03             Driver Version: 550.144.03     CUDA Version: 12.4     |
|-----------------------------------------+------------------------+----------------------+
| GPU  Name                 Persistence-M | Bus-Id          Disp.A | Volatile Uncorr. ECC |
| Fan  Temp   Perf          Pwr:Usage/Cap |           Memory-Usage | GPU-Util  Compute M. |
|                                         |                        |               MIG M. |
|=========================================+========================+======================|
|   0  NVIDIA A10                     On  |   00000000:E1:00.0 Off |                    0 |
|  0%   25C    P8             15W /  150W |       1MiB /  23028MiB |      0%      Default |
|                                         |                        |                  N/A |
+-----------------------------------------+------------------------+----------------------+
                                                                                         
+-----------------------------------------------------------------------------------------+
| Processes:                                                                              |
|  GPU   GI   CI        PID   Type   Process name                              GPU Memory |
|        ID   ID                                                               Usage      |
|=========================================================================================|
|  No running processes found                                                             |
+-----------------------------------------------------------------------------------------+
Python 3.12.8
./cifar-100-python/train
./cifar-100-python/test
Unlearn Batch Size:  16
Unlearn MEM Strength:  0.6
cifar-100-python/train
cifar-100-python/test
new ordering of classes:  ['pine', 'couch', 'castle', 'lizard', 'crocodile', 'skyscraper', 'road', 'otter', 'maple', 'cups', 'camel', 'lobster', 'lion', 'bus', 'shrew', 'cloud', 'skunk', 'elephant', 'chimpanzee', 'cockroach', 'oranges', 'shark', 'clock', 'television', 'squirrel', 'cattle', 'caterpillar', 'bridge', 'orchids', 'ray', 'train', 'butterfly', 'aquarium fish', 'turtle', 'tank', 'pears', 'chair', 'motorcycle', 'girl', 'bed', 'roses', 'forest', 'mouse', 'porcupine', 'bowls', 'sea', 'boy', 'apples', 'snail', 'poppies', 'tractor', 'willow', 'computer keyboard', 'telephone', 'sunflowers', 'plates', 'bee', 'tulips', 'crab', 'table', 'baby', 'bottles', 'hamster', 'worm', 'flatfish', 'seal', 'rabbit', 'plain', 'trout', 'wardrobe', 'tiger', 'beaver', 'snake', 'leopard', 'sweet peppers', 'spider', 'wolf', 'lawn-mower', 'cans', 'woman', 'streetcar', 'dolphin', 'fox', 'whale', 'palm', 'lamp', 'kangaroo', 'mushrooms', 'pickup truck', 'mountain', 'man', 'rocket', 'house', 'bear', 'beetle', 'bicycle', 'raccoon', 'oak', 'possum', 'dinosaur']
Training task:  1
[0.404, 0.112, 0.2, 0.184, 0.2, 0.2, 0.182, 0.202, 0.202, 0.096, 0.192, 0.214, 0.19, 0.204, 0.172, 0.148, 0.204, 0.142, 0.186, 0.242]
Training task:  2
[0.51, 0.482, 0.242, 0.158, 0.378, 0.2, 0.242, 0.2, 0.198, 0.23, 0.138, 0.206, 0.12, 0.124, 0.182, 0.174, 0.23, 0.164, 0.18, 0.164]
Training task:  3
[0.482, 0.63, 0.44, 0.198, 0.2, 0.202, 0.22, 0.176, 0.194, 0.212, 0.184, 0.214, 0.088, 0.202, 0.26, 0.156, 0.308, 0.166, 0.166, 0.264]
Training task:  4
[0.398, 0.352, 0.376, 0.496, 0.206, 0.196, 0.244, 0.192, 0.202, 0.164, 0.21, 0.162, 0.134, 0.242, 0.242, 0.194, 0.292, 0.142, 0.216, 0.304]
Training task:  5
[0.518, 0.664, 0.502, 0.582, 0.616, 0.198, 0.206, 0.118, 0.2, 0.214, 0.312, 0.2, 0.09, 0.182, 0.28, 0.15, 0.3, 0.134, 0.236, 0.22]
Training task:  6
[0.59, 0.616, 0.526, 0.678, 0.688, 0.716, 0.17, 0.154, 0.314, 0.2, 0.214, 0.198, 0.136, 0.206, 0.332, 0.214, 0.376, 0.104, 0.218, 0.196]
Training task:  7
[0.558, 0.676, 0.564, 0.692, 0.714, 0.704, 0.604, 0.148, 0.29, 0.114, 0.266, 0.228, 0.212, 0.23, 0.318, 0.19, 0.326, 0.116, 0.196, 0.196]
Training task:  8
[0.472, 0.514, 0.408, 0.592, 0.53, 0.5, 0.472, 0.5, 0.27, 0.224, 0.242, 0.15, 0.186, 0.104, 0.252, 0.204, 0.316, 0.116, 0.196, 0.244]
Training task:  9
[0.52, 0.532, 0.47, 0.636, 0.558, 0.484, 0.462, 0.48, 0.478, 0.142, 0.244, 0.218, 0.084, 0.186, 0.316, 0.228, 0.298, 0.168, 0.148, 0.228]
Training task:  10
[0.634, 0.64, 0.54, 0.72, 0.678, 0.674, 0.58, 0.642, 0.536, 0.642, 0.252, 0.188, 0.098, 0.218, 0.222, 0.246, 0.36, 0.13, 0.232, 0.278]
Training task:  11
[0.58, 0.668, 0.506, 0.664, 0.68, 0.63, 0.582, 0.546, 0.452, 0.666, 0.644, 0.17, 0.164, 0.192, 0.15, 0.212, 0.344, 0.132, 0.19, 0.278]
Training task:  12
[0.608, 0.638, 0.554, 0.68, 0.686, 0.686, 0.638, 0.624, 0.538, 0.612, 0.65, 0.648, 0.156, 0.21, 0.236, 0.186, 0.288, 0.092, 0.208, 0.19]
Training task:  13
[0.576, 0.636, 0.444, 0.658, 0.634, 0.638, 0.582, 0.542, 0.436, 0.606, 0.62, 0.524, 0.558, 0.224, 0.246, 0.244, 0.376, 0.148, 0.182, 0.196]
Training task:  14
[0.524, 0.648, 0.45, 0.612, 0.67, 0.622, 0.558, 0.56, 0.426, 0.568, 0.572, 0.422, 0.538, 0.606, 0.324, 0.17, 0.298, 0.18, 0.212, 0.22]
Training task:  15
[0.544, 0.638, 0.544, 0.648, 0.666, 0.638, 0.622, 0.578, 0.526, 0.646, 0.678, 0.612, 0.654, 0.646, 0.472, 0.198, 0.304, 0.114, 0.272, 0.21]
Training task:  16
[0.624, 0.634, 0.558, 0.722, 0.69, 0.668, 0.616, 0.672, 0.56, 0.618, 0.686, 0.63, 0.686, 0.654, 0.534, 0.56, 0.354, 0.12, 0.174, 0.182]
Training task:  17
[0.604, 0.658, 0.568, 0.712, 0.706, 0.698, 0.634, 0.644, 0.508, 0.626, 0.698, 0.62, 0.664, 0.68, 0.534, 0.628, 0.722, 0.14, 0.182, 0.31]
Training task:  18
[0.648, 0.682, 0.524, 0.69, 0.67, 0.686, 0.652, 0.602, 0.49, 0.532, 0.644, 0.53, 0.668, 0.7, 0.48, 0.596, 0.678, 0.742, 0.178, 0.236]
Training task:  19
[0.686, 0.678, 0.526, 0.738, 0.674, 0.722, 0.59, 0.606, 0.524, 0.558, 0.7, 0.592, 0.672, 0.654, 0.53, 0.606, 0.732, 0.646, 0.674, 0.216]
Training task:  20
[0.646, 0.694, 0.538, 0.694, 0.626, 0.698, 0.604, 0.58, 0.514, 0.522, 0.628, 0.57, 0.57, 0.68, 0.47, 0.588, 0.708, 0.682, 0.612, 0.636]
Unlearning task:  20
Total correct retain:  1694  Total retain:  2500
Total correct forget:  30245  Total forget:  47500
Total correct test:  323  Total test:  500
Total correct forget test:  5807  Total test forget:  9500
[0.646]
[0.646, 0.694]
[0.646, 0.694, 0.538]
[0.646, 0.694, 0.538, 0.694]
[0.646, 0.694, 0.538, 0.694, 0.626]
[0.646, 0.694, 0.538, 0.694, 0.626, 0.698]
[0.646, 0.694, 0.538, 0.694, 0.626, 0.698, 0.604]
[0.646, 0.694, 0.538, 0.694, 0.626, 0.698, 0.604, 0.58]
[0.646, 0.694, 0.538, 0.694, 0.626, 0.698, 0.604, 0.58, 0.514]
[0.646, 0.694, 0.538, 0.694, 0.626, 0.698, 0.604, 0.58, 0.514, 0.522]
[0.646, 0.694, 0.538, 0.694, 0.626, 0.698, 0.604, 0.58, 0.514, 0.522, 0.628]
[0.646, 0.694, 0.538, 0.694, 0.626, 0.698, 0.604, 0.58, 0.514, 0.522, 0.628, 0.57]
[0.646, 0.694, 0.538, 0.694, 0.626, 0.698, 0.604, 0.58, 0.514, 0.522, 0.628, 0.57, 0.57]
[0.646, 0.694, 0.538, 0.694, 0.626, 0.698, 0.604, 0.58, 0.514, 0.522, 0.628, 0.57, 0.57, 0.68]
[0.646, 0.694, 0.538, 0.694, 0.626, 0.698, 0.604, 0.58, 0.514, 0.522, 0.628, 0.57, 0.57, 0.68, 0.47]
[0.646, 0.694, 0.538, 0.694, 0.626, 0.698, 0.604, 0.58, 0.514, 0.522, 0.628, 0.57, 0.57, 0.68, 0.47, 0.588]
[0.646, 0.694, 0.538, 0.694, 0.626, 0.698, 0.604, 0.58, 0.514, 0.522, 0.628, 0.57, 0.57, 0.68, 0.47, 0.588, 0.708]
[0.646, 0.694, 0.538, 0.694, 0.626, 0.698, 0.604, 0.58, 0.514, 0.522, 0.628, 0.57, 0.57, 0.68, 0.47, 0.588, 0.708, 0.682]
[0.646, 0.694, 0.538, 0.694, 0.626, 0.698, 0.604, 0.58, 0.514, 0.522, 0.628, 0.57, 0.57, 0.68, 0.47, 0.588, 0.708, 0.682, 0.612]
[0.646, 0.694, 0.538, 0.694, 0.626, 0.698, 0.604, 0.58, 0.514, 0.522, 0.628, 0.57, 0.57, 0.68, 0.47, 0.588, 0.708, 0.682, 0.612, 0.636]
Total correct retain:  1705  Total retain:  2500
Total correct forget:  30801  Total forget:  47500
Total correct test:  327  Total test:  500
Total correct forget test:  5904  Total test forget:  9500
[0.654]
[0.654, 0.69]
[0.654, 0.69, 0.55]
[0.654, 0.69, 0.55, 0.708]
[0.654, 0.69, 0.55, 0.708, 0.654]
[0.654, 0.69, 0.55, 0.708, 0.654, 0.688]
[0.654, 0.69, 0.55, 0.708, 0.654, 0.688, 0.63]
[0.654, 0.69, 0.55, 0.708, 0.654, 0.688, 0.63, 0.614]
[0.654, 0.69, 0.55, 0.708, 0.654, 0.688, 0.63, 0.614, 0.52]
[0.654, 0.69, 0.55, 0.708, 0.654, 0.688, 0.63, 0.614, 0.52, 0.554]
[0.654, 0.69, 0.55, 0.708, 0.654, 0.688, 0.63, 0.614, 0.52, 0.554, 0.654]
[0.654, 0.69, 0.55, 0.708, 0.654, 0.688, 0.63, 0.614, 0.52, 0.554, 0.654, 0.596]
[0.654, 0.69, 0.55, 0.708, 0.654, 0.688, 0.63, 0.614, 0.52, 0.554, 0.654, 0.596, 0.594]
[0.654, 0.69, 0.55, 0.708, 0.654, 0.688, 0.63, 0.614, 0.52, 0.554, 0.654, 0.596, 0.594, 0.69]
[0.654, 0.69, 0.55, 0.708, 0.654, 0.688, 0.63, 0.614, 0.52, 0.554, 0.654, 0.596, 0.594, 0.69, 0.474]
[0.654, 0.69, 0.55, 0.708, 0.654, 0.688, 0.63, 0.614, 0.52, 0.554, 0.654, 0.596, 0.594, 0.69, 0.474, 0.616]
[0.654, 0.69, 0.55, 0.708, 0.654, 0.688, 0.63, 0.614, 0.52, 0.554, 0.654, 0.596, 0.594, 0.69, 0.474, 0.616, 0.69]
[0.654, 0.69, 0.55, 0.708, 0.654, 0.688, 0.63, 0.614, 0.52, 0.554, 0.654, 0.596, 0.594, 0.69, 0.474, 0.616, 0.69, 0.67]
[0.654, 0.69, 0.55, 0.708, 0.654, 0.688, 0.63, 0.614, 0.52, 0.554, 0.654, 0.596, 0.594, 0.69, 0.474, 0.616, 0.69, 0.67, 0.608]
[0.654, 0.69, 0.55, 0.708, 0.654, 0.688, 0.63, 0.614, 0.52, 0.554, 0.654, 0.596, 0.594, 0.69, 0.474, 0.616, 0.69, 0.67, 0.608, 0.608]
Total correct retain:  1683  Total retain:  2500
Total correct forget:  30905  Total forget:  47500
Total correct test:  329  Total test:  500
Total correct forget test:  5910  Total test forget:  9500
[0.658]
[0.658, 0.676]
[0.658, 0.676, 0.542]
[0.658, 0.676, 0.542, 0.716]
[0.658, 0.676, 0.542, 0.716, 0.682]
[0.658, 0.676, 0.542, 0.716, 0.682, 0.704]
[0.658, 0.676, 0.542, 0.716, 0.682, 0.704, 0.628]
[0.658, 0.676, 0.542, 0.716, 0.682, 0.704, 0.628, 0.626]
[0.658, 0.676, 0.542, 0.716, 0.682, 0.704, 0.628, 0.626, 0.512]
[0.658, 0.676, 0.542, 0.716, 0.682, 0.704, 0.628, 0.626, 0.512, 0.56]
[0.658, 0.676, 0.542, 0.716, 0.682, 0.704, 0.628, 0.626, 0.512, 0.56, 0.66]
[0.658, 0.676, 0.542, 0.716, 0.682, 0.704, 0.628, 0.626, 0.512, 0.56, 0.66, 0.614]
[0.658, 0.676, 0.542, 0.716, 0.682, 0.704, 0.628, 0.626, 0.512, 0.56, 0.66, 0.614, 0.588]
[0.658, 0.676, 0.542, 0.716, 0.682, 0.704, 0.628, 0.626, 0.512, 0.56, 0.66, 0.614, 0.588, 0.688]
[0.658, 0.676, 0.542, 0.716, 0.682, 0.704, 0.628, 0.626, 0.512, 0.56, 0.66, 0.614, 0.588, 0.688, 0.502]
[0.658, 0.676, 0.542, 0.716, 0.682, 0.704, 0.628, 0.626, 0.512, 0.56, 0.66, 0.614, 0.588, 0.688, 0.502, 0.618]
[0.658, 0.676, 0.542, 0.716, 0.682, 0.704, 0.628, 0.626, 0.512, 0.56, 0.66, 0.614, 0.588, 0.688, 0.502, 0.618, 0.668]
[0.658, 0.676, 0.542, 0.716, 0.682, 0.704, 0.628, 0.626, 0.512, 0.56, 0.66, 0.614, 0.588, 0.688, 0.502, 0.618, 0.668, 0.63]
[0.658, 0.676, 0.542, 0.716, 0.682, 0.704, 0.628, 0.626, 0.512, 0.56, 0.66, 0.614, 0.588, 0.688, 0.502, 0.618, 0.668, 0.63, 0.606]
[0.658, 0.676, 0.542, 0.716, 0.682, 0.704, 0.628, 0.626, 0.512, 0.56, 0.66, 0.614, 0.588, 0.688, 0.502, 0.618, 0.668, 0.63, 0.606, 0.6]
Total correct retain:  1690  Total retain:  2500
Total correct forget:  31084  Total forget:  47500
Total correct test:  328  Total test:  500
Total correct forget test:  5957  Total test forget:  9500
[0.656]
[0.656, 0.684]
[0.656, 0.684, 0.55]
[0.656, 0.684, 0.55, 0.724]
[0.656, 0.684, 0.55, 0.724, 0.692]
[0.656, 0.684, 0.55, 0.724, 0.692, 0.702]
[0.656, 0.684, 0.55, 0.724, 0.692, 0.702, 0.642]
[0.656, 0.684, 0.55, 0.724, 0.692, 0.702, 0.642, 0.63]
[0.656, 0.684, 0.55, 0.724, 0.692, 0.702, 0.642, 0.63, 0.52]
[0.656, 0.684, 0.55, 0.724, 0.692, 0.702, 0.642, 0.63, 0.52, 0.566]
[0.656, 0.684, 0.55, 0.724, 0.692, 0.702, 0.642, 0.63, 0.52, 0.566, 0.658]
[0.656, 0.684, 0.55, 0.724, 0.692, 0.702, 0.642, 0.63, 0.52, 0.566, 0.658, 0.604]
[0.656, 0.684, 0.55, 0.724, 0.692, 0.702, 0.642, 0.63, 0.52, 0.566, 0.658, 0.604, 0.598]
[0.656, 0.684, 0.55, 0.724, 0.692, 0.702, 0.642, 0.63, 0.52, 0.566, 0.658, 0.604, 0.598, 0.69]
[0.656, 0.684, 0.55, 0.724, 0.692, 0.702, 0.642, 0.63, 0.52, 0.566, 0.658, 0.604, 0.598, 0.69, 0.502]
[0.656, 0.684, 0.55, 0.724, 0.692, 0.702, 0.642, 0.63, 0.52, 0.566, 0.658, 0.604, 0.598, 0.69, 0.502, 0.62]
[0.656, 0.684, 0.55, 0.724, 0.692, 0.702, 0.642, 0.63, 0.52, 0.566, 0.658, 0.604, 0.598, 0.69, 0.502, 0.62, 0.67]
[0.656, 0.684, 0.55, 0.724, 0.692, 0.702, 0.642, 0.63, 0.52, 0.566, 0.658, 0.604, 0.598, 0.69, 0.502, 0.62, 0.67, 0.654]
[0.656, 0.684, 0.55, 0.724, 0.692, 0.702, 0.642, 0.63, 0.52, 0.566, 0.658, 0.604, 0.598, 0.69, 0.502, 0.62, 0.67, 0.654, 0.608]
[0.656, 0.684, 0.55, 0.724, 0.692, 0.702, 0.642, 0.63, 0.52, 0.566, 0.658, 0.604, 0.598, 0.69, 0.502, 0.62, 0.67, 0.654, 0.608, 0.6]
Total correct retain:  1686  Total retain:  2500
Total correct forget:  30986  Total forget:  47500
Total correct test:  327  Total test:  500
Total correct forget test:  5917  Total test forget:  9500
[0.654]
[0.654, 0.682]
[0.654, 0.682, 0.544]
[0.654, 0.682, 0.544, 0.71]
[0.654, 0.682, 0.544, 0.71, 0.69]
[0.654, 0.682, 0.544, 0.71, 0.69, 0.694]
[0.654, 0.682, 0.544, 0.71, 0.69, 0.694, 0.628]
[0.654, 0.682, 0.544, 0.71, 0.69, 0.694, 0.628, 0.63]
[0.654, 0.682, 0.544, 0.71, 0.69, 0.694, 0.628, 0.63, 0.514]
[0.654, 0.682, 0.544, 0.71, 0.69, 0.694, 0.628, 0.63, 0.514, 0.568]
[0.654, 0.682, 0.544, 0.71, 0.69, 0.694, 0.628, 0.63, 0.514, 0.568, 0.656]
[0.654, 0.682, 0.544, 0.71, 0.69, 0.694, 0.628, 0.63, 0.514, 0.568, 0.656, 0.602]
[0.654, 0.682, 0.544, 0.71, 0.69, 0.694, 0.628, 0.63, 0.514, 0.568, 0.656, 0.602, 0.59]
[0.654, 0.682, 0.544, 0.71, 0.69, 0.694, 0.628, 0.63, 0.514, 0.568, 0.656, 0.602, 0.59, 0.688]
[0.654, 0.682, 0.544, 0.71, 0.69, 0.694, 0.628, 0.63, 0.514, 0.568, 0.656, 0.602, 0.59, 0.688, 0.504]
[0.654, 0.682, 0.544, 0.71, 0.69, 0.694, 0.628, 0.63, 0.514, 0.568, 0.656, 0.602, 0.59, 0.688, 0.504, 0.632]
[0.654, 0.682, 0.544, 0.71, 0.69, 0.694, 0.628, 0.63, 0.514, 0.568, 0.656, 0.602, 0.59, 0.688, 0.504, 0.632, 0.668]
[0.654, 0.682, 0.544, 0.71, 0.69, 0.694, 0.628, 0.63, 0.514, 0.568, 0.656, 0.602, 0.59, 0.688, 0.504, 0.632, 0.668, 0.628]
[0.654, 0.682, 0.544, 0.71, 0.69, 0.694, 0.628, 0.63, 0.514, 0.568, 0.656, 0.602, 0.59, 0.688, 0.504, 0.632, 0.668, 0.628, 0.606]
[0.654, 0.682, 0.544, 0.71, 0.69, 0.694, 0.628, 0.63, 0.514, 0.568, 0.656, 0.602, 0.59, 0.688, 0.504, 0.632, 0.668, 0.628, 0.606, 0.6]
Total correct retain:  1670  Total retain:  2500
Total correct forget:  30837  Total forget:  47500
Total correct test:  328  Total test:  500
Total correct forget test:  5892  Total test forget:  9500
[0.656]
[0.656, 0.666]
[0.656, 0.666, 0.558]
[0.656, 0.666, 0.558, 0.688]
[0.656, 0.666, 0.558, 0.688, 0.682]
[0.656, 0.666, 0.558, 0.688, 0.682, 0.686]
[0.656, 0.666, 0.558, 0.688, 0.682, 0.686, 0.626]
[0.656, 0.666, 0.558, 0.688, 0.682, 0.686, 0.626, 0.64]
[0.656, 0.666, 0.558, 0.688, 0.682, 0.686, 0.626, 0.64, 0.522]
[0.656, 0.666, 0.558, 0.688, 0.682, 0.686, 0.626, 0.64, 0.522, 0.594]
[0.656, 0.666, 0.558, 0.688, 0.682, 0.686, 0.626, 0.64, 0.522, 0.594, 0.648]
[0.656, 0.666, 0.558, 0.688, 0.682, 0.686, 0.626, 0.64, 0.522, 0.594, 0.648, 0.618]
[0.656, 0.666, 0.558, 0.688, 0.682, 0.686, 0.626, 0.64, 0.522, 0.594, 0.648, 0.618, 0.602]
[0.656, 0.666, 0.558, 0.688, 0.682, 0.686, 0.626, 0.64, 0.522, 0.594, 0.648, 0.618, 0.602, 0.684]
[0.656, 0.666, 0.558, 0.688, 0.682, 0.686, 0.626, 0.64, 0.522, 0.594, 0.648, 0.618, 0.602, 0.684, 0.498]
[0.656, 0.666, 0.558, 0.688, 0.682, 0.686, 0.626, 0.64, 0.522, 0.594, 0.648, 0.618, 0.602, 0.684, 0.498, 0.636]
[0.656, 0.666, 0.558, 0.688, 0.682, 0.686, 0.626, 0.64, 0.522, 0.594, 0.648, 0.618, 0.602, 0.684, 0.498, 0.636, 0.64]
[0.656, 0.666, 0.558, 0.688, 0.682, 0.686, 0.626, 0.64, 0.522, 0.594, 0.648, 0.618, 0.602, 0.684, 0.498, 0.636, 0.64, 0.62]
[0.656, 0.666, 0.558, 0.688, 0.682, 0.686, 0.626, 0.64, 0.522, 0.594, 0.648, 0.618, 0.602, 0.684, 0.498, 0.636, 0.64, 0.62, 0.596]
[0.656, 0.666, 0.558, 0.688, 0.682, 0.686, 0.626, 0.64, 0.522, 0.594, 0.648, 0.618, 0.602, 0.684, 0.498, 0.636, 0.64, 0.62, 0.596, 0.58]
Total correct retain:  1669  Total retain:  2500
Total correct forget:  30864  Total forget:  47500
Total correct test:  327  Total test:  500
Total correct forget test:  5893  Total test forget:  9500
[0.654]
[0.654, 0.674]
[0.654, 0.674, 0.554]
[0.654, 0.674, 0.554, 0.704]
[0.654, 0.674, 0.554, 0.704, 0.674]
[0.654, 0.674, 0.554, 0.704, 0.674, 0.678]
[0.654, 0.674, 0.554, 0.704, 0.674, 0.678, 0.62]
[0.654, 0.674, 0.554, 0.704, 0.674, 0.678, 0.62, 0.64]
[0.654, 0.674, 0.554, 0.704, 0.674, 0.678, 0.62, 0.64, 0.51]
[0.654, 0.674, 0.554, 0.704, 0.674, 0.678, 0.62, 0.64, 0.51, 0.598]
[0.654, 0.674, 0.554, 0.704, 0.674, 0.678, 0.62, 0.64, 0.51, 0.598, 0.654]
[0.654, 0.674, 0.554, 0.704, 0.674, 0.678, 0.62, 0.64, 0.51, 0.598, 0.654, 0.614]
[0.654, 0.674, 0.554, 0.704, 0.674, 0.678, 0.62, 0.64, 0.51, 0.598, 0.654, 0.614, 0.602]
[0.654, 0.674, 0.554, 0.704, 0.674, 0.678, 0.62, 0.64, 0.51, 0.598, 0.654, 0.614, 0.602, 0.688]
[0.654, 0.674, 0.554, 0.704, 0.674, 0.678, 0.62, 0.64, 0.51, 0.598, 0.654, 0.614, 0.602, 0.688, 0.502]
[0.654, 0.674, 0.554, 0.704, 0.674, 0.678, 0.62, 0.64, 0.51, 0.598, 0.654, 0.614, 0.602, 0.688, 0.502, 0.64]
[0.654, 0.674, 0.554, 0.704, 0.674, 0.678, 0.62, 0.64, 0.51, 0.598, 0.654, 0.614, 0.602, 0.688, 0.502, 0.64, 0.628]
[0.654, 0.674, 0.554, 0.704, 0.674, 0.678, 0.62, 0.64, 0.51, 0.598, 0.654, 0.614, 0.602, 0.688, 0.502, 0.64, 0.628, 0.618]
[0.654, 0.674, 0.554, 0.704, 0.674, 0.678, 0.62, 0.64, 0.51, 0.598, 0.654, 0.614, 0.602, 0.688, 0.502, 0.64, 0.628, 0.618, 0.606]
[0.654, 0.674, 0.554, 0.704, 0.674, 0.678, 0.62, 0.64, 0.51, 0.598, 0.654, 0.614, 0.602, 0.688, 0.502, 0.64, 0.628, 0.618, 0.606, 0.582]
Total correct retain:  1688  Total retain:  2500
Total correct forget:  31102  Total forget:  47500
Total correct test:  332  Total test:  500
Total correct forget test:  5937  Total test forget:  9500
[0.664]
[0.664, 0.694]
[0.664, 0.694, 0.548]
[0.664, 0.694, 0.548, 0.708]
[0.664, 0.694, 0.548, 0.708, 0.694]
[0.664, 0.694, 0.548, 0.708, 0.694, 0.694]
[0.664, 0.694, 0.548, 0.708, 0.694, 0.694, 0.626]
[0.664, 0.694, 0.548, 0.708, 0.694, 0.694, 0.626, 0.634]
[0.664, 0.694, 0.548, 0.708, 0.694, 0.694, 0.626, 0.634, 0.518]
[0.664, 0.694, 0.548, 0.708, 0.694, 0.694, 0.626, 0.634, 0.518, 0.592]
[0.664, 0.694, 0.548, 0.708, 0.694, 0.694, 0.626, 0.634, 0.518, 0.592, 0.66]
[0.664, 0.694, 0.548, 0.708, 0.694, 0.694, 0.626, 0.634, 0.518, 0.592, 0.66, 0.61]
[0.664, 0.694, 0.548, 0.708, 0.694, 0.694, 0.626, 0.634, 0.518, 0.592, 0.66, 0.61, 0.594]
[0.664, 0.694, 0.548, 0.708, 0.694, 0.694, 0.626, 0.634, 0.518, 0.592, 0.66, 0.61, 0.594, 0.706]
[0.664, 0.694, 0.548, 0.708, 0.694, 0.694, 0.626, 0.634, 0.518, 0.592, 0.66, 0.61, 0.594, 0.706, 0.494]
[0.664, 0.694, 0.548, 0.708, 0.694, 0.694, 0.626, 0.634, 0.518, 0.592, 0.66, 0.61, 0.594, 0.706, 0.494, 0.634]
[0.664, 0.694, 0.548, 0.708, 0.694, 0.694, 0.626, 0.634, 0.518, 0.592, 0.66, 0.61, 0.594, 0.706, 0.494, 0.634, 0.638]
[0.664, 0.694, 0.548, 0.708, 0.694, 0.694, 0.626, 0.634, 0.518, 0.592, 0.66, 0.61, 0.594, 0.706, 0.494, 0.634, 0.638, 0.628]
[0.664, 0.694, 0.548, 0.708, 0.694, 0.694, 0.626, 0.634, 0.518, 0.592, 0.66, 0.61, 0.594, 0.706, 0.494, 0.634, 0.638, 0.628, 0.61]
[0.664, 0.694, 0.548, 0.708, 0.694, 0.694, 0.626, 0.634, 0.518, 0.592, 0.66, 0.61, 0.594, 0.706, 0.494, 0.634, 0.638, 0.628, 0.61, 0.592]
Total correct retain:  1693  Total retain:  2500
Total correct forget:  31047  Total forget:  47500
Total correct test:  329  Total test:  500
Total correct forget test:  5926  Total test forget:  9500
[0.658]
[0.658, 0.676]
[0.658, 0.676, 0.554]
[0.658, 0.676, 0.554, 0.704]
[0.658, 0.676, 0.554, 0.704, 0.69]
[0.658, 0.676, 0.554, 0.704, 0.69, 0.678]
[0.658, 0.676, 0.554, 0.704, 0.69, 0.678, 0.624]
[0.658, 0.676, 0.554, 0.704, 0.69, 0.678, 0.624, 0.644]
[0.658, 0.676, 0.554, 0.704, 0.69, 0.678, 0.624, 0.644, 0.516]
[0.658, 0.676, 0.554, 0.704, 0.69, 0.678, 0.624, 0.644, 0.516, 0.604]
[0.658, 0.676, 0.554, 0.704, 0.69, 0.678, 0.624, 0.644, 0.516, 0.604, 0.664]
[0.658, 0.676, 0.554, 0.704, 0.69, 0.678, 0.624, 0.644, 0.516, 0.604, 0.664, 0.618]
[0.658, 0.676, 0.554, 0.704, 0.69, 0.678, 0.624, 0.644, 0.516, 0.604, 0.664, 0.618, 0.61]
[0.658, 0.676, 0.554, 0.704, 0.69, 0.678, 0.624, 0.644, 0.516, 0.604, 0.664, 0.618, 0.61, 0.688]
[0.658, 0.676, 0.554, 0.704, 0.69, 0.678, 0.624, 0.644, 0.516, 0.604, 0.664, 0.618, 0.61, 0.688, 0.504]
[0.658, 0.676, 0.554, 0.704, 0.69, 0.678, 0.624, 0.644, 0.516, 0.604, 0.664, 0.618, 0.61, 0.688, 0.504, 0.626]
[0.658, 0.676, 0.554, 0.704, 0.69, 0.678, 0.624, 0.644, 0.516, 0.604, 0.664, 0.618, 0.61, 0.688, 0.504, 0.626, 0.638]
[0.658, 0.676, 0.554, 0.704, 0.69, 0.678, 0.624, 0.644, 0.516, 0.604, 0.664, 0.618, 0.61, 0.688, 0.504, 0.626, 0.638, 0.624]
[0.658, 0.676, 0.554, 0.704, 0.69, 0.678, 0.624, 0.644, 0.516, 0.604, 0.664, 0.618, 0.61, 0.688, 0.504, 0.626, 0.638, 0.624, 0.602]
[0.658, 0.676, 0.554, 0.704, 0.69, 0.678, 0.624, 0.644, 0.516, 0.604, 0.664, 0.618, 0.61, 0.688, 0.504, 0.626, 0.638, 0.624, 0.602, 0.588]
Total correct retain:  1665  Total retain:  2500
Total correct forget:  30838  Total forget:  47500
Total correct test:  332  Total test:  500
Total correct forget test:  5867  Total test forget:  9500
[0.664]
[0.664, 0.666]
[0.664, 0.666, 0.554]
[0.664, 0.666, 0.554, 0.7]
[0.664, 0.666, 0.554, 0.7, 0.682]
[0.664, 0.666, 0.554, 0.7, 0.682, 0.656]
[0.664, 0.666, 0.554, 0.7, 0.682, 0.656, 0.622]
[0.664, 0.666, 0.554, 0.7, 0.682, 0.656, 0.622, 0.638]
[0.664, 0.666, 0.554, 0.7, 0.682, 0.656, 0.622, 0.638, 0.504]
[0.664, 0.666, 0.554, 0.7, 0.682, 0.656, 0.622, 0.638, 0.504, 0.612]
[0.664, 0.666, 0.554, 0.7, 0.682, 0.656, 0.622, 0.638, 0.504, 0.612, 0.656]
[0.664, 0.666, 0.554, 0.7, 0.682, 0.656, 0.622, 0.638, 0.504, 0.612, 0.656, 0.626]
[0.664, 0.666, 0.554, 0.7, 0.682, 0.656, 0.622, 0.638, 0.504, 0.612, 0.656, 0.626, 0.604]
[0.664, 0.666, 0.554, 0.7, 0.682, 0.656, 0.622, 0.638, 0.504, 0.612, 0.656, 0.626, 0.604, 0.69]
[0.664, 0.666, 0.554, 0.7, 0.682, 0.656, 0.622, 0.638, 0.504, 0.612, 0.656, 0.626, 0.604, 0.69, 0.508]
[0.664, 0.666, 0.554, 0.7, 0.682, 0.656, 0.622, 0.638, 0.504, 0.612, 0.656, 0.626, 0.604, 0.69, 0.508, 0.616]
[0.664, 0.666, 0.554, 0.7, 0.682, 0.656, 0.622, 0.638, 0.504, 0.612, 0.656, 0.626, 0.604, 0.69, 0.508, 0.616, 0.622]
[0.664, 0.666, 0.554, 0.7, 0.682, 0.656, 0.622, 0.638, 0.504, 0.612, 0.656, 0.626, 0.604, 0.69, 0.508, 0.616, 0.622, 0.612]
[0.664, 0.666, 0.554, 0.7, 0.682, 0.656, 0.622, 0.638, 0.504, 0.612, 0.656, 0.626, 0.604, 0.69, 0.508, 0.616, 0.622, 0.612, 0.588]
[0.664, 0.666, 0.554, 0.7, 0.682, 0.656, 0.622, 0.638, 0.504, 0.612, 0.656, 0.626, 0.604, 0.69, 0.508, 0.616, 0.622, 0.612, 0.588, 0.578]
Total correct retain:  1691  Total retain:  2500
Total correct forget:  30945  Total forget:  47500
Total correct test:  326  Total test:  500
Total correct forget test:  5900  Total test forget:  9500
[0.652]
[0.652, 0.682]
[0.652, 0.682, 0.538]
[0.652, 0.682, 0.538, 0.7]
[0.652, 0.682, 0.538, 0.7, 0.688]
[0.652, 0.682, 0.538, 0.7, 0.688, 0.676]
[0.652, 0.682, 0.538, 0.7, 0.688, 0.676, 0.632]
[0.652, 0.682, 0.538, 0.7, 0.688, 0.676, 0.632, 0.634]
[0.652, 0.682, 0.538, 0.7, 0.688, 0.676, 0.632, 0.634, 0.506]
[0.652, 0.682, 0.538, 0.7, 0.688, 0.676, 0.632, 0.634, 0.506, 0.598]
[0.652, 0.682, 0.538, 0.7, 0.688, 0.676, 0.632, 0.634, 0.506, 0.598, 0.652]
[0.652, 0.682, 0.538, 0.7, 0.688, 0.676, 0.632, 0.634, 0.506, 0.598, 0.652, 0.62]
[0.652, 0.682, 0.538, 0.7, 0.688, 0.676, 0.632, 0.634, 0.506, 0.598, 0.652, 0.62, 0.602]
[0.652, 0.682, 0.538, 0.7, 0.688, 0.676, 0.632, 0.634, 0.506, 0.598, 0.652, 0.62, 0.602, 0.692]
[0.652, 0.682, 0.538, 0.7, 0.688, 0.676, 0.632, 0.634, 0.506, 0.598, 0.652, 0.62, 0.602, 0.692, 0.49]
[0.652, 0.682, 0.538, 0.7, 0.688, 0.676, 0.632, 0.634, 0.506, 0.598, 0.652, 0.62, 0.602, 0.692, 0.49, 0.624]
[0.652, 0.682, 0.538, 0.7, 0.688, 0.676, 0.632, 0.634, 0.506, 0.598, 0.652, 0.62, 0.602, 0.692, 0.49, 0.624, 0.636]
[0.652, 0.682, 0.538, 0.7, 0.688, 0.676, 0.632, 0.634, 0.506, 0.598, 0.652, 0.62, 0.602, 0.692, 0.49, 0.624, 0.636, 0.62]
[0.652, 0.682, 0.538, 0.7, 0.688, 0.676, 0.632, 0.634, 0.506, 0.598, 0.652, 0.62, 0.602, 0.692, 0.49, 0.624, 0.636, 0.62, 0.61]
[0.652, 0.682, 0.538, 0.7, 0.688, 0.676, 0.632, 0.634, 0.506, 0.598, 0.652, 0.62, 0.602, 0.692, 0.49, 0.624, 0.636, 0.62, 0.61, 0.6]
Total correct retain:  1656  Total retain:  2500
Total correct forget:  30940  Total forget:  47500
Total correct test:  331  Total test:  500
Total correct forget test:  5915  Total test forget:  9500
[0.662]
[0.662, 0.664]
[0.662, 0.664, 0.554]
[0.662, 0.664, 0.554, 0.708]
[0.662, 0.664, 0.554, 0.708, 0.688]
[0.662, 0.664, 0.554, 0.708, 0.688, 0.668]
[0.662, 0.664, 0.554, 0.708, 0.688, 0.668, 0.61]
[0.662, 0.664, 0.554, 0.708, 0.688, 0.668, 0.61, 0.642]
[0.662, 0.664, 0.554, 0.708, 0.688, 0.668, 0.61, 0.642, 0.502]
[0.662, 0.664, 0.554, 0.708, 0.688, 0.668, 0.61, 0.642, 0.502, 0.638]
[0.662, 0.664, 0.554, 0.708, 0.688, 0.668, 0.61, 0.642, 0.502, 0.638, 0.658]
[0.662, 0.664, 0.554, 0.708, 0.688, 0.668, 0.61, 0.642, 0.502, 0.638, 0.658, 0.632]
[0.662, 0.664, 0.554, 0.708, 0.688, 0.668, 0.61, 0.642, 0.502, 0.638, 0.658, 0.632, 0.616]
[0.662, 0.664, 0.554, 0.708, 0.688, 0.668, 0.61, 0.642, 0.502, 0.638, 0.658, 0.632, 0.616, 0.686]
[0.662, 0.664, 0.554, 0.708, 0.688, 0.668, 0.61, 0.642, 0.502, 0.638, 0.658, 0.632, 0.616, 0.686, 0.514]
[0.662, 0.664, 0.554, 0.708, 0.688, 0.668, 0.61, 0.642, 0.502, 0.638, 0.658, 0.632, 0.616, 0.686, 0.514, 0.606]
[0.662, 0.664, 0.554, 0.708, 0.688, 0.668, 0.61, 0.642, 0.502, 0.638, 0.658, 0.632, 0.616, 0.686, 0.514, 0.606, 0.642]
[0.662, 0.664, 0.554, 0.708, 0.688, 0.668, 0.61, 0.642, 0.502, 0.638, 0.658, 0.632, 0.616, 0.686, 0.514, 0.606, 0.642, 0.628]
[0.662, 0.664, 0.554, 0.708, 0.688, 0.668, 0.61, 0.642, 0.502, 0.638, 0.658, 0.632, 0.616, 0.686, 0.514, 0.606, 0.642, 0.628, 0.59]
[0.662, 0.664, 0.554, 0.708, 0.688, 0.668, 0.61, 0.642, 0.502, 0.638, 0.658, 0.632, 0.616, 0.686, 0.514, 0.606, 0.642, 0.628, 0.59, 0.584]
Total correct retain:  1675  Total retain:  2500
Total correct forget:  30954  Total forget:  47500
Total correct test:  329  Total test:  500
Total correct forget test:  5916  Total test forget:  9500
[0.658]
[0.658, 0.67]
[0.658, 0.67, 0.552]
[0.658, 0.67, 0.552, 0.71]
[0.658, 0.67, 0.552, 0.71, 0.69]
[0.658, 0.67, 0.552, 0.71, 0.69, 0.694]
[0.658, 0.67, 0.552, 0.71, 0.69, 0.694, 0.626]
[0.658, 0.67, 0.552, 0.71, 0.69, 0.694, 0.626, 0.642]
[0.658, 0.67, 0.552, 0.71, 0.69, 0.694, 0.626, 0.642, 0.51]
[0.658, 0.67, 0.552, 0.71, 0.69, 0.694, 0.626, 0.642, 0.51, 0.584]
[0.658, 0.67, 0.552, 0.71, 0.69, 0.694, 0.626, 0.642, 0.51, 0.584, 0.658]
[0.658, 0.67, 0.552, 0.71, 0.69, 0.694, 0.626, 0.642, 0.51, 0.584, 0.658, 0.608]
[0.658, 0.67, 0.552, 0.71, 0.69, 0.694, 0.626, 0.642, 0.51, 0.584, 0.658, 0.608, 0.594]
[0.658, 0.67, 0.552, 0.71, 0.69, 0.694, 0.626, 0.642, 0.51, 0.584, 0.658, 0.608, 0.594, 0.688]
[0.658, 0.67, 0.552, 0.71, 0.69, 0.694, 0.626, 0.642, 0.51, 0.584, 0.658, 0.608, 0.594, 0.688, 0.502]
[0.658, 0.67, 0.552, 0.71, 0.69, 0.694, 0.626, 0.642, 0.51, 0.584, 0.658, 0.608, 0.594, 0.688, 0.502, 0.632]
[0.658, 0.67, 0.552, 0.71, 0.69, 0.694, 0.626, 0.642, 0.51, 0.584, 0.658, 0.608, 0.594, 0.688, 0.502, 0.632, 0.652]
[0.658, 0.67, 0.552, 0.71, 0.69, 0.694, 0.626, 0.642, 0.51, 0.584, 0.658, 0.608, 0.594, 0.688, 0.502, 0.632, 0.652, 0.622]
[0.658, 0.67, 0.552, 0.71, 0.69, 0.694, 0.626, 0.642, 0.51, 0.584, 0.658, 0.608, 0.594, 0.688, 0.502, 0.632, 0.652, 0.622, 0.61]
[0.658, 0.67, 0.552, 0.71, 0.69, 0.694, 0.626, 0.642, 0.51, 0.584, 0.658, 0.608, 0.594, 0.688, 0.502, 0.632, 0.652, 0.622, 0.61, 0.588]
Total correct retain:  1691  Total retain:  2500
Total correct forget:  30954  Total forget:  47500
Total correct test:  327  Total test:  500
Total correct forget test:  5945  Total test forget:  9500
[0.654]
[0.654, 0.68]
[0.654, 0.68, 0.54]
[0.654, 0.68, 0.54, 0.702]
[0.654, 0.68, 0.54, 0.702, 0.694]
[0.654, 0.68, 0.54, 0.702, 0.694, 0.694]
[0.654, 0.68, 0.54, 0.702, 0.694, 0.694, 0.63]
[0.654, 0.68, 0.54, 0.702, 0.694, 0.694, 0.63, 0.642]
[0.654, 0.68, 0.54, 0.702, 0.694, 0.694, 0.63, 0.642, 0.522]
[0.654, 0.68, 0.54, 0.702, 0.694, 0.694, 0.63, 0.642, 0.522, 0.57]
[0.654, 0.68, 0.54, 0.702, 0.694, 0.694, 0.63, 0.642, 0.522, 0.57, 0.654]
[0.654, 0.68, 0.54, 0.702, 0.694, 0.694, 0.63, 0.642, 0.522, 0.57, 0.654, 0.612]
[0.654, 0.68, 0.54, 0.702, 0.694, 0.694, 0.63, 0.642, 0.522, 0.57, 0.654, 0.612, 0.608]
[0.654, 0.68, 0.54, 0.702, 0.694, 0.694, 0.63, 0.642, 0.522, 0.57, 0.654, 0.612, 0.608, 0.692]
[0.654, 0.68, 0.54, 0.702, 0.694, 0.694, 0.63, 0.642, 0.522, 0.57, 0.654, 0.612, 0.608, 0.692, 0.498]
[0.654, 0.68, 0.54, 0.702, 0.694, 0.694, 0.63, 0.642, 0.522, 0.57, 0.654, 0.612, 0.608, 0.692, 0.498, 0.618]
[0.654, 0.68, 0.54, 0.702, 0.694, 0.694, 0.63, 0.642, 0.522, 0.57, 0.654, 0.612, 0.608, 0.692, 0.498, 0.618, 0.672]
[0.654, 0.68, 0.54, 0.702, 0.694, 0.694, 0.63, 0.642, 0.522, 0.57, 0.654, 0.612, 0.608, 0.692, 0.498, 0.618, 0.672, 0.644]
[0.654, 0.68, 0.54, 0.702, 0.694, 0.694, 0.63, 0.642, 0.522, 0.57, 0.654, 0.612, 0.608, 0.692, 0.498, 0.618, 0.672, 0.644, 0.616]
[0.654, 0.68, 0.54, 0.702, 0.694, 0.694, 0.63, 0.642, 0.522, 0.57, 0.654, 0.612, 0.608, 0.692, 0.498, 0.618, 0.672, 0.644, 0.616, 0.602]
Total correct retain:  1705  Total retain:  2500
Total correct forget:  30815  Total forget:  47500
Total correct test:  320  Total test:  500
Total correct forget test:  5905  Total test forget:  9500
[0.64]
[0.64, 0.712]
[0.64, 0.712, 0.55]
[0.64, 0.712, 0.55, 0.712]
[0.64, 0.712, 0.55, 0.712, 0.644]
[0.64, 0.712, 0.55, 0.712, 0.644, 0.708]
[0.64, 0.712, 0.55, 0.712, 0.644, 0.708, 0.62]
[0.64, 0.712, 0.55, 0.712, 0.644, 0.708, 0.62, 0.61]
[0.64, 0.712, 0.55, 0.712, 0.644, 0.708, 0.62, 0.61, 0.518]
[0.64, 0.712, 0.55, 0.712, 0.644, 0.708, 0.62, 0.61, 0.518, 0.542]
[0.64, 0.712, 0.55, 0.712, 0.644, 0.708, 0.62, 0.61, 0.518, 0.542, 0.662]
[0.64, 0.712, 0.55, 0.712, 0.644, 0.708, 0.62, 0.61, 0.518, 0.542, 0.662, 0.584]
[0.64, 0.712, 0.55, 0.712, 0.644, 0.708, 0.62, 0.61, 0.518, 0.542, 0.662, 0.584, 0.578]
[0.64, 0.712, 0.55, 0.712, 0.644, 0.708, 0.62, 0.61, 0.518, 0.542, 0.662, 0.584, 0.578, 0.692]
[0.64, 0.712, 0.55, 0.712, 0.644, 0.708, 0.62, 0.61, 0.518, 0.542, 0.662, 0.584, 0.578, 0.692, 0.464]
[0.64, 0.712, 0.55, 0.712, 0.644, 0.708, 0.62, 0.61, 0.518, 0.542, 0.662, 0.584, 0.578, 0.692, 0.464, 0.61]
[0.64, 0.712, 0.55, 0.712, 0.644, 0.708, 0.62, 0.61, 0.518, 0.542, 0.662, 0.584, 0.578, 0.692, 0.464, 0.61, 0.694]
[0.64, 0.712, 0.55, 0.712, 0.644, 0.708, 0.62, 0.61, 0.518, 0.542, 0.662, 0.584, 0.578, 0.692, 0.464, 0.61, 0.694, 0.674]
[0.64, 0.712, 0.55, 0.712, 0.644, 0.708, 0.62, 0.61, 0.518, 0.542, 0.662, 0.584, 0.578, 0.692, 0.464, 0.61, 0.694, 0.674, 0.618]
[0.64, 0.712, 0.55, 0.712, 0.644, 0.708, 0.62, 0.61, 0.518, 0.542, 0.662, 0.584, 0.578, 0.692, 0.464, 0.61, 0.694, 0.674, 0.618, 0.618]
Total correct retain:  1707  Total retain:  2500
Total correct forget:  30937  Total forget:  47500
Total correct test:  329  Total test:  500
Total correct forget test:  5909  Total test forget:  9500
[0.658]
[0.658, 0.708]
[0.658, 0.708, 0.546]
[0.658, 0.708, 0.546, 0.718]
[0.658, 0.708, 0.546, 0.718, 0.658]
[0.658, 0.708, 0.546, 0.718, 0.658, 0.708]
[0.658, 0.708, 0.546, 0.718, 0.658, 0.708, 0.624]
[0.658, 0.708, 0.546, 0.718, 0.658, 0.708, 0.624, 0.618]
[0.658, 0.708, 0.546, 0.718, 0.658, 0.708, 0.624, 0.618, 0.518]
[0.658, 0.708, 0.546, 0.718, 0.658, 0.708, 0.624, 0.618, 0.518, 0.548]
[0.658, 0.708, 0.546, 0.718, 0.658, 0.708, 0.624, 0.618, 0.518, 0.548, 0.65]
[0.658, 0.708, 0.546, 0.718, 0.658, 0.708, 0.624, 0.618, 0.518, 0.548, 0.65, 0.58]
[0.658, 0.708, 0.546, 0.718, 0.658, 0.708, 0.624, 0.618, 0.518, 0.548, 0.65, 0.58, 0.576]
[0.658, 0.708, 0.546, 0.718, 0.658, 0.708, 0.624, 0.618, 0.518, 0.548, 0.65, 0.58, 0.576, 0.694]
[0.658, 0.708, 0.546, 0.718, 0.658, 0.708, 0.624, 0.618, 0.518, 0.548, 0.65, 0.58, 0.576, 0.694, 0.468]
[0.658, 0.708, 0.546, 0.718, 0.658, 0.708, 0.624, 0.618, 0.518, 0.548, 0.65, 0.58, 0.576, 0.694, 0.468, 0.602]
[0.658, 0.708, 0.546, 0.718, 0.658, 0.708, 0.624, 0.618, 0.518, 0.548, 0.65, 0.58, 0.576, 0.694, 0.468, 0.602, 0.696]
[0.658, 0.708, 0.546, 0.718, 0.658, 0.708, 0.624, 0.618, 0.518, 0.548, 0.65, 0.58, 0.576, 0.694, 0.468, 0.602, 0.696, 0.676]
[0.658, 0.708, 0.546, 0.718, 0.658, 0.708, 0.624, 0.618, 0.518, 0.548, 0.65, 0.58, 0.576, 0.694, 0.468, 0.602, 0.696, 0.676, 0.616]
[0.658, 0.708, 0.546, 0.718, 0.658, 0.708, 0.624, 0.618, 0.518, 0.548, 0.65, 0.58, 0.576, 0.694, 0.468, 0.602, 0.696, 0.676, 0.616, 0.614]
Total correct retain:  1702  Total retain:  2500
Total correct forget:  30967  Total forget:  47500
Total correct test:  333  Total test:  500
Total correct forget test:  5939  Total test forget:  9500
[0.666]
[0.666, 0.692]
[0.666, 0.692, 0.542]
[0.666, 0.692, 0.542, 0.732]
[0.666, 0.692, 0.542, 0.732, 0.686]
[0.666, 0.692, 0.542, 0.732, 0.686, 0.708]
[0.666, 0.692, 0.542, 0.732, 0.686, 0.708, 0.618]
[0.666, 0.692, 0.542, 0.732, 0.686, 0.708, 0.618, 0.634]
[0.666, 0.692, 0.542, 0.732, 0.686, 0.708, 0.618, 0.634, 0.518]
[0.666, 0.692, 0.542, 0.732, 0.686, 0.708, 0.618, 0.634, 0.518, 0.564]
[0.666, 0.692, 0.542, 0.732, 0.686, 0.708, 0.618, 0.634, 0.518, 0.564, 0.646]
[0.666, 0.692, 0.542, 0.732, 0.686, 0.708, 0.618, 0.634, 0.518, 0.564, 0.646, 0.586]
[0.666, 0.692, 0.542, 0.732, 0.686, 0.708, 0.618, 0.634, 0.518, 0.564, 0.646, 0.586, 0.596]
[0.666, 0.692, 0.542, 0.732, 0.686, 0.708, 0.618, 0.634, 0.518, 0.564, 0.646, 0.586, 0.596, 0.69]
[0.666, 0.692, 0.542, 0.732, 0.686, 0.708, 0.618, 0.634, 0.518, 0.564, 0.646, 0.586, 0.596, 0.69, 0.472]
[0.666, 0.692, 0.542, 0.732, 0.686, 0.708, 0.618, 0.634, 0.518, 0.564, 0.646, 0.586, 0.596, 0.69, 0.472, 0.606]
[0.666, 0.692, 0.542, 0.732, 0.686, 0.708, 0.618, 0.634, 0.518, 0.564, 0.646, 0.586, 0.596, 0.69, 0.472, 0.606, 0.694]
[0.666, 0.692, 0.542, 0.732, 0.686, 0.708, 0.618, 0.634, 0.518, 0.564, 0.646, 0.586, 0.596, 0.69, 0.472, 0.606, 0.694, 0.67]
[0.666, 0.692, 0.542, 0.732, 0.686, 0.708, 0.618, 0.634, 0.518, 0.564, 0.646, 0.586, 0.596, 0.69, 0.472, 0.606, 0.694, 0.67, 0.61]
[0.666, 0.692, 0.542, 0.732, 0.686, 0.708, 0.618, 0.634, 0.518, 0.564, 0.646, 0.586, 0.596, 0.69, 0.472, 0.606, 0.694, 0.67, 0.61, 0.614]
Total correct retain:  1684  Total retain:  2500
Total correct forget:  30431  Total forget:  47500
Total correct test:  328  Total test:  500
Total correct forget test:  5840  Total test forget:  9500
[0.656]
[0.656, 0.684]
[0.656, 0.684, 0.546]
[0.656, 0.684, 0.546, 0.724]
[0.656, 0.684, 0.546, 0.724, 0.644]
[0.656, 0.684, 0.546, 0.724, 0.644, 0.706]
[0.656, 0.684, 0.546, 0.724, 0.644, 0.706, 0.596]
[0.656, 0.684, 0.546, 0.724, 0.644, 0.706, 0.596, 0.602]
[0.656, 0.684, 0.546, 0.724, 0.644, 0.706, 0.596, 0.602, 0.504]
[0.656, 0.684, 0.546, 0.724, 0.644, 0.706, 0.596, 0.602, 0.504, 0.502]
[0.656, 0.684, 0.546, 0.724, 0.644, 0.706, 0.596, 0.602, 0.504, 0.502, 0.658]
[0.656, 0.684, 0.546, 0.724, 0.644, 0.706, 0.596, 0.602, 0.504, 0.502, 0.658, 0.566]
[0.656, 0.684, 0.546, 0.724, 0.644, 0.706, 0.596, 0.602, 0.504, 0.502, 0.658, 0.566, 0.594]
[0.656, 0.684, 0.546, 0.724, 0.644, 0.706, 0.596, 0.602, 0.504, 0.502, 0.658, 0.566, 0.594, 0.688]
[0.656, 0.684, 0.546, 0.724, 0.644, 0.706, 0.596, 0.602, 0.504, 0.502, 0.658, 0.566, 0.594, 0.688, 0.47]
[0.656, 0.684, 0.546, 0.724, 0.644, 0.706, 0.596, 0.602, 0.504, 0.502, 0.658, 0.566, 0.594, 0.688, 0.47, 0.586]
[0.656, 0.684, 0.546, 0.724, 0.644, 0.706, 0.596, 0.602, 0.504, 0.502, 0.658, 0.566, 0.594, 0.688, 0.47, 0.586, 0.69]
[0.656, 0.684, 0.546, 0.724, 0.644, 0.706, 0.596, 0.602, 0.504, 0.502, 0.658, 0.566, 0.594, 0.688, 0.47, 0.586, 0.69, 0.688]
[0.656, 0.684, 0.546, 0.724, 0.644, 0.706, 0.596, 0.602, 0.504, 0.502, 0.658, 0.566, 0.594, 0.688, 0.47, 0.586, 0.69, 0.688, 0.62]
[0.656, 0.684, 0.546, 0.724, 0.644, 0.706, 0.596, 0.602, 0.504, 0.502, 0.658, 0.566, 0.594, 0.688, 0.47, 0.586, 0.69, 0.688, 0.62, 0.612]
Total correct retain:  1694  Total retain:  2500
Total correct forget:  30911  Total forget:  47500
Total correct test:  330  Total test:  500
Total correct forget test:  5923  Total test forget:  9500
[0.66]
[0.66, 0.69]
[0.66, 0.69, 0.55]
[0.66, 0.69, 0.55, 0.712]
[0.66, 0.69, 0.55, 0.712, 0.662]
[0.66, 0.69, 0.55, 0.712, 0.662, 0.696]
[0.66, 0.69, 0.55, 0.712, 0.662, 0.696, 0.636]
[0.66, 0.69, 0.55, 0.712, 0.662, 0.696, 0.636, 0.632]
[0.66, 0.69, 0.55, 0.712, 0.662, 0.696, 0.636, 0.632, 0.514]
[0.66, 0.69, 0.55, 0.712, 0.662, 0.696, 0.636, 0.632, 0.514, 0.554]
[0.66, 0.69, 0.55, 0.712, 0.662, 0.696, 0.636, 0.632, 0.514, 0.554, 0.656]
[0.66, 0.69, 0.55, 0.712, 0.662, 0.696, 0.636, 0.632, 0.514, 0.554, 0.656, 0.61]
[0.66, 0.69, 0.55, 0.712, 0.662, 0.696, 0.636, 0.632, 0.514, 0.554, 0.656, 0.61, 0.6]
[0.66, 0.69, 0.55, 0.712, 0.662, 0.696, 0.636, 0.632, 0.514, 0.554, 0.656, 0.61, 0.6, 0.684]
[0.66, 0.69, 0.55, 0.712, 0.662, 0.696, 0.636, 0.632, 0.514, 0.554, 0.656, 0.61, 0.6, 0.684, 0.486]
[0.66, 0.69, 0.55, 0.712, 0.662, 0.696, 0.636, 0.632, 0.514, 0.554, 0.656, 0.61, 0.6, 0.684, 0.486, 0.628]
[0.66, 0.69, 0.55, 0.712, 0.662, 0.696, 0.636, 0.632, 0.514, 0.554, 0.656, 0.61, 0.6, 0.684, 0.486, 0.628, 0.664]
[0.66, 0.69, 0.55, 0.712, 0.662, 0.696, 0.636, 0.632, 0.514, 0.554, 0.656, 0.61, 0.6, 0.684, 0.486, 0.628, 0.664, 0.646]
[0.66, 0.69, 0.55, 0.712, 0.662, 0.696, 0.636, 0.632, 0.514, 0.554, 0.656, 0.61, 0.6, 0.684, 0.486, 0.628, 0.664, 0.646, 0.622]
[0.66, 0.69, 0.55, 0.712, 0.662, 0.696, 0.636, 0.632, 0.514, 0.554, 0.656, 0.61, 0.6, 0.684, 0.486, 0.628, 0.664, 0.646, 0.622, 0.604]
Total correct retain:  1648  Total retain:  2500
Total correct forget:  29798  Total forget:  47500
Total correct test:  331  Total test:  500
Total correct forget test:  5689  Total test forget:  9500
[0.662]
[0.662, 0.724]
[0.662, 0.724, 0.528]
[0.662, 0.724, 0.528, 0.692]
[0.662, 0.724, 0.528, 0.692, 0.628]
[0.662, 0.724, 0.528, 0.692, 0.628, 0.71]
[0.662, 0.724, 0.528, 0.692, 0.628, 0.71, 0.592]
[0.662, 0.724, 0.528, 0.692, 0.628, 0.71, 0.592, 0.576]
[0.662, 0.724, 0.528, 0.692, 0.628, 0.71, 0.592, 0.576, 0.476]
[0.662, 0.724, 0.528, 0.692, 0.628, 0.71, 0.592, 0.576, 0.476, 0.466]
[0.662, 0.724, 0.528, 0.692, 0.628, 0.71, 0.592, 0.576, 0.476, 0.466, 0.626]
[0.662, 0.724, 0.528, 0.692, 0.628, 0.71, 0.592, 0.576, 0.476, 0.466, 0.626, 0.536]
[0.662, 0.724, 0.528, 0.692, 0.628, 0.71, 0.592, 0.576, 0.476, 0.466, 0.626, 0.536, 0.554]
[0.662, 0.724, 0.528, 0.692, 0.628, 0.71, 0.592, 0.576, 0.476, 0.466, 0.626, 0.536, 0.554, 0.67]
[0.662, 0.724, 0.528, 0.692, 0.628, 0.71, 0.592, 0.576, 0.476, 0.466, 0.626, 0.536, 0.554, 0.67, 0.454]
[0.662, 0.724, 0.528, 0.692, 0.628, 0.71, 0.592, 0.576, 0.476, 0.466, 0.626, 0.536, 0.554, 0.67, 0.454, 0.558]
[0.662, 0.724, 0.528, 0.692, 0.628, 0.71, 0.592, 0.576, 0.476, 0.466, 0.626, 0.536, 0.554, 0.67, 0.454, 0.558, 0.672]
[0.662, 0.724, 0.528, 0.692, 0.628, 0.71, 0.592, 0.576, 0.476, 0.466, 0.626, 0.536, 0.554, 0.67, 0.454, 0.558, 0.672, 0.69]
[0.662, 0.724, 0.528, 0.692, 0.628, 0.71, 0.592, 0.576, 0.476, 0.466, 0.626, 0.536, 0.554, 0.67, 0.454, 0.558, 0.672, 0.69, 0.616]
[0.662, 0.724, 0.528, 0.692, 0.628, 0.71, 0.592, 0.576, 0.476, 0.466, 0.626, 0.536, 0.554, 0.67, 0.454, 0.558, 0.672, 0.69, 0.616, 0.61]
[[0.646, 0.694, 0.538, 0.694, 0.626, 0.698, 0.604, 0.58, 0.514, 0.522, 0.628, 0.57, 0.57, 0.68, 0.47, 0.588, 0.708, 0.682, 0.612, 0.636], [0.654, 0.69, 0.55, 0.708, 0.654, 0.688, 0.63, 0.614, 0.52, 0.554, 0.654, 0.596, 0.594, 0.69, 0.474, 0.616, 0.69, 0.67, 0.608, 0.608], [0.658, 0.676, 0.542, 0.716, 0.682, 0.704, 0.628, 0.626, 0.512, 0.56, 0.66, 0.614, 0.588, 0.688, 0.502, 0.618, 0.668, 0.63, 0.606, 0.6], [0.656, 0.684, 0.55, 0.724, 0.692, 0.702, 0.642, 0.63, 0.52, 0.566, 0.658, 0.604, 0.598, 0.69, 0.502, 0.62, 0.67, 0.654, 0.608, 0.6], [0.654, 0.682, 0.544, 0.71, 0.69, 0.694, 0.628, 0.63, 0.514, 0.568, 0.656, 0.602, 0.59, 0.688, 0.504, 0.632, 0.668, 0.628, 0.606, 0.6], [0.656, 0.666, 0.558, 0.688, 0.682, 0.686, 0.626, 0.64, 0.522, 0.594, 0.648, 0.618, 0.602, 0.684, 0.498, 0.636, 0.64, 0.62, 0.596, 0.58], [0.654, 0.674, 0.554, 0.704, 0.674, 0.678, 0.62, 0.64, 0.51, 0.598, 0.654, 0.614, 0.602, 0.688, 0.502, 0.64, 0.628, 0.618, 0.606, 0.582], [0.664, 0.694, 0.548, 0.708, 0.694, 0.694, 0.626, 0.634, 0.518, 0.592, 0.66, 0.61, 0.594, 0.706, 0.494, 0.634, 0.638, 0.628, 0.61, 0.592], [0.658, 0.676, 0.554, 0.704, 0.69, 0.678, 0.624, 0.644, 0.516, 0.604, 0.664, 0.618, 0.61, 0.688, 0.504, 0.626, 0.638, 0.624, 0.602, 0.588], [0.664, 0.666, 0.554, 0.7, 0.682, 0.656, 0.622, 0.638, 0.504, 0.612, 0.656, 0.626, 0.604, 0.69, 0.508, 0.616, 0.622, 0.612, 0.588, 0.578], [0.652, 0.682, 0.538, 0.7, 0.688, 0.676, 0.632, 0.634, 0.506, 0.598, 0.652, 0.62, 0.602, 0.692, 0.49, 0.624, 0.636, 0.62, 0.61, 0.6], [0.662, 0.664, 0.554, 0.708, 0.688, 0.668, 0.61, 0.642, 0.502, 0.638, 0.658, 0.632, 0.616, 0.686, 0.514, 0.606, 0.642, 0.628, 0.59, 0.584], [0.658, 0.67, 0.552, 0.71, 0.69, 0.694, 0.626, 0.642, 0.51, 0.584, 0.658, 0.608, 0.594, 0.688, 0.502, 0.632, 0.652, 0.622, 0.61, 0.588], [0.654, 0.68, 0.54, 0.702, 0.694, 0.694, 0.63, 0.642, 0.522, 0.57, 0.654, 0.612, 0.608, 0.692, 0.498, 0.618, 0.672, 0.644, 0.616, 0.602], [0.64, 0.712, 0.55, 0.712, 0.644, 0.708, 0.62, 0.61, 0.518, 0.542, 0.662, 0.584, 0.578, 0.692, 0.464, 0.61, 0.694, 0.674, 0.618, 0.618], [0.658, 0.708, 0.546, 0.718, 0.658, 0.708, 0.624, 0.618, 0.518, 0.548, 0.65, 0.58, 0.576, 0.694, 0.468, 0.602, 0.696, 0.676, 0.616, 0.614], [0.666, 0.692, 0.542, 0.732, 0.686, 0.708, 0.618, 0.634, 0.518, 0.564, 0.646, 0.586, 0.596, 0.69, 0.472, 0.606, 0.694, 0.67, 0.61, 0.614], [0.656, 0.684, 0.546, 0.724, 0.644, 0.706, 0.596, 0.602, 0.504, 0.502, 0.658, 0.566, 0.594, 0.688, 0.47, 0.586, 0.69, 0.688, 0.62, 0.612], [0.66, 0.69, 0.55, 0.712, 0.662, 0.696, 0.636, 0.632, 0.514, 0.554, 0.656, 0.61, 0.6, 0.684, 0.486, 0.628, 0.664, 0.646, 0.622, 0.604], [0.662, 0.724, 0.528, 0.692, 0.628, 0.71, 0.592, 0.576, 0.476, 0.466, 0.626, 0.536, 0.554, 0.67, 0.454, 0.558, 0.672, 0.69, 0.616, 0.61]]
20
20
Plot  0  Done
Average Retain Accuracies:  [0.6776, 0.682, 0.6732, 0.676, 0.6744, 0.668, 0.6676, 0.6752, 0.6772, 0.666, 0.6764, 0.6624, 0.67, 0.6764, 0.682, 0.6828, 0.6808, 0.6736, 0.6776, 0.6592]
Average Forget Accuracies:  [0.6367368421052632, 0.6484421052631579, 0.6506315789473684, 0.6544, 0.6523368421052631, 0.6492, 0.6497684210526316, 0.654778947368421, 0.653621052631579, 0.6492210526315789, 0.6514736842105263, 0.6513684210526316, 0.6516631578947368, 0.6516631578947368, 0.6487368421052632, 0.6513052631578947, 0.6519368421052631, 0.6406526315789474, 0.6507578947368421, 0.6273263157894737]
Average Retain Test Accuracies:  [0.646, 0.654, 0.658, 0.656, 0.654, 0.656, 0.654, 0.664, 0.658, 0.664, 0.652, 0.662, 0.658, 0.654, 0.64, 0.658, 0.666, 0.656, 0.66, 0.662]
Average Forget Test Accuracies:  [0.6112631578947368, 0.6214736842105263, 0.6221052631578947, 0.6270526315789474, 0.6228421052631579, 0.6202105263157894, 0.6203157894736843, 0.6249473684210526, 0.6237894736842106, 0.617578947368421, 0.6210526315789474, 0.6226315789473684, 0.6227368421052631, 0.6257894736842106, 0.621578947368421, 0.622, 0.6251578947368421, 0.6147368421052631, 0.6234736842105263, 0.5988421052631578]
Done
