/dcs/large/u2145461/cs407/Machine-Unlearning-x-Continual-Learning-neggem/negGemGradSalun.py:474: UserWarning: The torch.cuda.*DtypeTensor constructors are no longer recommended. It's best to use methods such as torch.tensor(data, dtype=*, device='cuda') to create tensors. (Triggered internally at /pytorch/torch/csrc/tensor/python_tensor.cpp:78.)
  indx = torch.cuda.LongTensor(self.observed_tasks[:-1]) if self.gpu \
Traceback (most recent call last):
  File "/dcs/large/u2145461/cs407/Machine-Unlearning-x-Continual-Learning-neggem/negGemGradSalun.py", line 1101, in <module>
    model, test_accuracies_GEM, confidence , after_unlearn_acc, after_unlearn_conf, retain_accuracies, forget_accuracies, testing_accuracies, testing_accuracies_forget = run_cifar('GEM', args)
                                                                                                                                                                          ^^^^^^^^^^^^^^^^^^^^^^
  File "/dcs/large/u2145461/cs407/Machine-Unlearning-x-Continual-Learning-neggem/negGemGradSalun.py", line 1042, in run_cifar
    model.unlearn(unlearning_algo, n_tasks - i, x1 = j, x2 = j + args.unlearn_batch_size)
  File "/dcs/large/u2145461/cs407/Machine-Unlearning-x-Continual-Learning-neggem/negGemGradSalun.py", line 555, in unlearn
    dotp = torch.mm(self.grads[:, t].unsqueeze(0) * -1, retain_grads)
           ^^^^^^^^^^^^^^^^^^^^^^^^^^^^^^^^^^^^^^^^^^^^^^^^^^^^^^^^^^
RuntimeError: mat1 and mat2 shapes cannot be multiplied (1x1109240 and 19x1109240)

real	10m38.210s
user	134m19.720s
sys	4m59.916s
/dcs/large/u2145461/cs407/Machine-Unlearning-x-Continual-Learning-neggem/negGemGradSalun.py:474: UserWarning: The torch.cuda.*DtypeTensor constructors are no longer recommended. It's best to use methods such as torch.tensor(data, dtype=*, device='cuda') to create tensors. (Triggered internally at /pytorch/torch/csrc/tensor/python_tensor.cpp:78.)
  indx = torch.cuda.LongTensor(self.observed_tasks[:-1]) if self.gpu \
Traceback (most recent call last):
  File "/dcs/large/u2145461/cs407/Machine-Unlearning-x-Continual-Learning-neggem/negGemGradSalun.py", line 1101, in <module>
    model, test_accuracies_GEM, confidence , after_unlearn_acc, after_unlearn_conf, retain_accuracies, forget_accuracies, testing_accuracies, testing_accuracies_forget = run_cifar('GEM', args)
                                                                                                                                                                          ^^^^^^^^^^^^^^^^^^^^^^
  File "/dcs/large/u2145461/cs407/Machine-Unlearning-x-Continual-Learning-neggem/negGemGradSalun.py", line 1042, in run_cifar
    model.unlearn(unlearning_algo, n_tasks - i, x1 = j, x2 = j + args.unlearn_batch_size)
  File "/dcs/large/u2145461/cs407/Machine-Unlearning-x-Continual-Learning-neggem/negGemGradSalun.py", line 555, in unlearn
    dotp = torch.mm(self.grads[:, t].unsqueeze(0) * -1, retain_grads)
           ^^^^^^^^^^^^^^^^^^^^^^^^^^^^^^^^^^^^^^^^^^^^^^^^^^^^^^^^^^
RuntimeError: mat1 and mat2 shapes cannot be multiplied (1x1109240 and 19x1109240)

real	10m33.347s
user	128m17.208s
sys	4m53.673s
