/dcs/large/u2145461/cs407/Machine-Unlearning-x-Continual-Learning-neggem/negGemGrad.py:453: UserWarning: The torch.cuda.*DtypeTensor constructors are no longer recommended. It's best to use methods such as torch.tensor(data, dtype=*, device='cuda') to create tensors. (Triggered internally at /pytorch/torch/csrc/tensor/python_tensor.cpp:78.)
  indx = torch.cuda.LongTensor(self.observed_tasks[:-1]) if self.gpu \

real	118m35.489s
user	177m1.811s
sys	35m7.694s
/dcs/large/u2145461/cs407/Machine-Unlearning-x-Continual-Learning-neggem/negGemGrad.py:453: UserWarning: The torch.cuda.*DtypeTensor constructors are no longer recommended. It's best to use methods such as torch.tensor(data, dtype=*, device='cuda') to create tensors. (Triggered internally at /pytorch/torch/csrc/tensor/python_tensor.cpp:78.)
  indx = torch.cuda.LongTensor(self.observed_tasks[:-1]) if self.gpu \

real	109m12.173s
user	157m53.096s
sys	32m0.046s
/dcs/large/u2145461/cs407/Machine-Unlearning-x-Continual-Learning-neggem/negGemGrad.py:453: UserWarning: The torch.cuda.*DtypeTensor constructors are no longer recommended. It's best to use methods such as torch.tensor(data, dtype=*, device='cuda') to create tensors. (Triggered internally at /pytorch/torch/csrc/tensor/python_tensor.cpp:78.)
  indx = torch.cuda.LongTensor(self.observed_tasks[:-1]) if self.gpu \

real	118m32.477s
user	176m27.263s
sys	35m9.007s
/dcs/large/u2145461/cs407/Machine-Unlearning-x-Continual-Learning-neggem/negGemGrad.py:453: UserWarning: The torch.cuda.*DtypeTensor constructors are no longer recommended. It's best to use methods such as torch.tensor(data, dtype=*, device='cuda') to create tensors. (Triggered internally at /pytorch/torch/csrc/tensor/python_tensor.cpp:78.)
  indx = torch.cuda.LongTensor(self.observed_tasks[:-1]) if self.gpu \

real	108m55.069s
user	157m25.599s
sys	31m41.052s
