Requirement already satisfied: pyyaml in /usr/lib64/python3.12/site-packages (6.0.1)
Requirement already satisfied: setuptools in /usr/lib/python3.12/site-packages (68.2.2)
Requirement already satisfied: matplotlib in /dcs/21/u2145461/.local/lib/python3.12/site-packages (3.10.1)
Requirement already satisfied: contourpy>=1.0.1 in /dcs/21/u2145461/.local/lib/python3.12/site-packages (from matplotlib) (1.3.1)
Requirement already satisfied: cycler>=0.10 in /dcs/21/u2145461/.local/lib/python3.12/site-packages (from matplotlib) (0.12.1)
Requirement already satisfied: fonttools>=4.22.0 in /dcs/21/u2145461/.local/lib/python3.12/site-packages (from matplotlib) (4.56.0)
Requirement already satisfied: kiwisolver>=1.3.1 in /dcs/21/u2145461/.local/lib/python3.12/site-packages (from matplotlib) (1.4.8)
Requirement already satisfied: numpy>=1.23 in /dcs/21/u2145461/.local/lib/python3.12/site-packages (from matplotlib) (2.2.3)
Requirement already satisfied: packaging>=20.0 in /dcs/21/u2145461/.local/lib/python3.12/site-packages (from matplotlib) (24.2)
Requirement already satisfied: pillow>=8 in /dcs/21/u2145461/.local/lib/python3.12/site-packages (from matplotlib) (11.0.0)
Requirement already satisfied: pyparsing>=2.3.1 in /dcs/21/u2145461/.local/lib/python3.12/site-packages (from matplotlib) (3.2.1)
Requirement already satisfied: python-dateutil>=2.7 in /dcs/21/u2145461/.local/lib/python3.12/site-packages (from matplotlib) (2.9.0.post0)
Requirement already satisfied: six>=1.5 in /dcs/21/u2145461/.local/lib/python3.12/site-packages (from python-dateutil>=2.7->matplotlib) (1.17.0)
Requirement already satisfied: quadprog in /dcs/21/u2145461/.local/lib/python3.12/site-packages (0.1.13)
Requirement already satisfied: numpy in /dcs/21/u2145461/.local/lib/python3.12/site-packages (from quadprog) (2.2.3)
Requirement already satisfied: pyparsing in /dcs/21/u2145461/.local/lib/python3.12/site-packages (3.2.1)
Requirement already satisfied: pandas in /dcs/21/u2145461/.local/lib/python3.12/site-packages (2.2.3)
Requirement already satisfied: numpy>=1.26.0 in /dcs/21/u2145461/.local/lib/python3.12/site-packages (from pandas) (2.2.3)
Requirement already satisfied: python-dateutil>=2.8.2 in /dcs/21/u2145461/.local/lib/python3.12/site-packages (from pandas) (2.9.0.post0)
Requirement already satisfied: pytz>=2020.1 in /dcs/21/u2145461/.local/lib/python3.12/site-packages (from pandas) (2025.1)
Requirement already satisfied: tzdata>=2022.7 in /dcs/21/u2145461/.local/lib/python3.12/site-packages (from pandas) (2025.1)
Requirement already satisfied: six>=1.5 in /dcs/21/u2145461/.local/lib/python3.12/site-packages (from python-dateutil>=2.8.2->pandas) (1.17.0)
Requirement already satisfied: numpy in /dcs/21/u2145461/.local/lib/python3.12/site-packages (2.2.3)
Sat Apr  5 21:14:27 2025       
+-----------------------------------------------------------------------------------------+
| NVIDIA-SMI 550.144.03             Driver Version: 550.144.03     CUDA Version: 12.4     |
|-----------------------------------------+------------------------+----------------------+
| GPU  Name                 Persistence-M | Bus-Id          Disp.A | Volatile Uncorr. ECC |
| Fan  Temp   Perf          Pwr:Usage/Cap |           Memory-Usage | GPU-Util  Compute M. |
|                                         |                        |               MIG M. |
|=========================================+========================+======================|
|   0  NVIDIA A10                     On  |   00000000:25:00.0 Off |                    0 |
|  0%   31C    P8             15W /  150W |       1MiB /  23028MiB |      0%      Default |
|                                         |                        |                  N/A |
+-----------------------------------------+------------------------+----------------------+
                                                                                         
+-----------------------------------------------------------------------------------------+
| Processes:                                                                              |
|  GPU   GI   CI        PID   Type   Process name                              GPU Memory |
|        ID   ID                                                               Usage      |
|=========================================================================================|
|  No running processes found                                                             |
+-----------------------------------------------------------------------------------------+
Python 3.12.8
./cifar-100-python/train
./cifar-100-python/test
Unlearn Batch Size:  16
Unlearn MEM Strength:  0.6
cifar-100-python/train
cifar-100-python/test
new ordering of classes:  ['oranges', 'motorcycle', 'skyscraper', 'bed', 'apples', 'mouse', 'cockroach', 'man', 'tulips', 'aquarium fish', 'bridge', 'tractor', 'kangaroo', 'pine', 'crab', 'house', 'table', 'cloud', 'rocket', 'pickup truck', 'whale', 'castle', 'butterfly', 'spider', 'turtle', 'pears', 'girl', 'chimpanzee', 'plates', 'wolf', 'hamster', 'lizard', 'raccoon', 'willow', 'forest', 'beaver', 'sea', 'lawn-mower', 'cattle', 'tank', 'sunflowers', 'snake', 'trout', 'beetle', 'lobster', 'bowls', 'shark', 'train', 'tiger', 'dolphin', 'maple', 'mushrooms', 'squirrel', 'flatfish', 'palm', 'baby', 'plain', 'crocodile', 'sweet peppers', 'snail', 'skunk', 'woman', 'clock', 'worm', 'leopard', 'bear', 'poppies', 'fox', 'bee', 'shrew', 'caterpillar', 'rabbit', 'road', 'chair', 'bottles', 'orchids', 'cans', 'mountain', 'television', 'couch', 'dinosaur', 'telephone', 'ray', 'boy', 'computer keyboard', 'streetcar', 'lamp', 'lion', 'elephant', 'bus', 'possum', 'oak', 'seal', 'camel', 'bicycle', 'porcupine', 'roses', 'wardrobe', 'otter', 'cups']
Training task:  1
[0.742, 0.176, 0.262, 0.172, 0.292, 0.286, 0.148, 0.202, 0.132, 0.148, 0.19, 0.202, 0.172, 0.212, 0.202, 0.172, 0.172, 0.09, 0.266, 0.222]
Training task:  2
[0.718, 0.54, 0.206, 0.23, 0.272, 0.182, 0.234, 0.23, 0.178, 0.104, 0.24, 0.208, 0.166, 0.244, 0.21, 0.208, 0.186, 0.108, 0.22, 0.312]
Training task:  3
[0.674, 0.522, 0.734, 0.348, 0.228, 0.194, 0.208, 0.272, 0.182, 0.178, 0.246, 0.212, 0.142, 0.284, 0.202, 0.198, 0.174, 0.18, 0.34, 0.196]
Training task:  4
[0.644, 0.584, 0.562, 0.694, 0.206, 0.218, 0.224, 0.192, 0.22, 0.162, 0.234, 0.204, 0.106, 0.212, 0.206, 0.204, 0.234, 0.094, 0.252, 0.228]
Training task:  5
[0.654, 0.624, 0.604, 0.698, 0.7, 0.208, 0.248, 0.22, 0.216, 0.242, 0.214, 0.204, 0.18, 0.296, 0.21, 0.204, 0.226, 0.174, 0.298, 0.266]
Training task:  6
[0.666, 0.602, 0.664, 0.6, 0.664, 0.636, 0.226, 0.194, 0.216, 0.202, 0.186, 0.188, 0.112, 0.22, 0.21, 0.204, 0.212, 0.156, 0.24, 0.178]
Training task:  7
[0.702, 0.606, 0.66, 0.602, 0.564, 0.632, 0.634, 0.212, 0.146, 0.234, 0.216, 0.194, 0.15, 0.25, 0.258, 0.202, 0.206, 0.084, 0.332, 0.202]
Training task:  8
[0.696, 0.642, 0.61, 0.72, 0.618, 0.64, 0.658, 0.786, 0.202, 0.268, 0.226, 0.18, 0.124, 0.25, 0.244, 0.246, 0.124, 0.108, 0.314, 0.186]
Training task:  9
[0.702, 0.602, 0.634, 0.536, 0.58, 0.608, 0.656, 0.632, 0.63, 0.234, 0.226, 0.19, 0.122, 0.322, 0.27, 0.212, 0.122, 0.124, 0.356, 0.2]
Training task:  10
[0.736, 0.594, 0.624, 0.708, 0.646, 0.672, 0.616, 0.704, 0.664, 0.766, 0.232, 0.208, 0.144, 0.248, 0.238, 0.252, 0.106, 0.134, 0.368, 0.172]
Training task:  11
[0.716, 0.556, 0.61, 0.62, 0.618, 0.614, 0.618, 0.73, 0.656, 0.648, 0.712, 0.154, 0.126, 0.23, 0.232, 0.262, 0.13, 0.128, 0.378, 0.196]
Training task:  12
[0.748, 0.624, 0.6, 0.664, 0.634, 0.648, 0.622, 0.706, 0.644, 0.652, 0.624, 0.74, 0.128, 0.21, 0.228, 0.262, 0.176, 0.142, 0.372, 0.194]
Training task:  13
[0.706, 0.58, 0.56, 0.632, 0.604, 0.648, 0.588, 0.668, 0.616, 0.628, 0.536, 0.742, 0.698, 0.198, 0.216, 0.26, 0.148, 0.172, 0.336, 0.172]
Training task:  14
[0.732, 0.616, 0.558, 0.64, 0.598, 0.622, 0.594, 0.668, 0.572, 0.568, 0.58, 0.752, 0.622, 0.692, 0.24, 0.256, 0.114, 0.164, 0.366, 0.158]
Training task:  15
[0.714, 0.598, 0.56, 0.68, 0.644, 0.674, 0.616, 0.676, 0.582, 0.622, 0.582, 0.682, 0.608, 0.578, 0.772, 0.272, 0.122, 0.166, 0.356, 0.118]
Training task:  16
[0.732, 0.592, 0.504, 0.644, 0.618, 0.64, 0.586, 0.668, 0.566, 0.61, 0.578, 0.72, 0.584, 0.604, 0.724, 0.722, 0.114, 0.21, 0.37, 0.124]
Training task:  17
[0.718, 0.572, 0.538, 0.64, 0.6, 0.632, 0.59, 0.646, 0.538, 0.62, 0.554, 0.692, 0.564, 0.512, 0.72, 0.684, 0.668, 0.186, 0.378, 0.114]
Training task:  18
[0.716, 0.566, 0.55, 0.658, 0.598, 0.576, 0.604, 0.654, 0.544, 0.64, 0.548, 0.692, 0.584, 0.54, 0.69, 0.67, 0.594, 0.65, 0.366, 0.146]
Training task:  19
[0.698, 0.532, 0.536, 0.626, 0.578, 0.586, 0.582, 0.664, 0.534, 0.608, 0.546, 0.68, 0.538, 0.52, 0.69, 0.642, 0.58, 0.56, 0.652, 0.158]
Training task:  20
[0.49, 0.46, 0.426, 0.404, 0.4, 0.39, 0.464, 0.396, 0.344, 0.418, 0.402, 0.504, 0.318, 0.408, 0.508, 0.424, 0.354, 0.37, 0.412, 0.41]
Unlearning task:  20
Total correct retain:  1173  Total retain:  2500
Total correct forget:  19724  Total forget:  47500
Total correct test:  245  Total test:  500
Total correct forget test:  3906  Total test forget:  9500
[0.49]
[0.49, 0.46]
[0.49, 0.46, 0.426]
[0.49, 0.46, 0.426, 0.404]
[0.49, 0.46, 0.426, 0.404, 0.4]
[0.49, 0.46, 0.426, 0.404, 0.4, 0.39]
[0.49, 0.46, 0.426, 0.404, 0.4, 0.39, 0.464]
[0.49, 0.46, 0.426, 0.404, 0.4, 0.39, 0.464, 0.396]
[0.49, 0.46, 0.426, 0.404, 0.4, 0.39, 0.464, 0.396, 0.344]
[0.49, 0.46, 0.426, 0.404, 0.4, 0.39, 0.464, 0.396, 0.344, 0.418]
[0.49, 0.46, 0.426, 0.404, 0.4, 0.39, 0.464, 0.396, 0.344, 0.418, 0.402]
[0.49, 0.46, 0.426, 0.404, 0.4, 0.39, 0.464, 0.396, 0.344, 0.418, 0.402, 0.504]
[0.49, 0.46, 0.426, 0.404, 0.4, 0.39, 0.464, 0.396, 0.344, 0.418, 0.402, 0.504, 0.318]
[0.49, 0.46, 0.426, 0.404, 0.4, 0.39, 0.464, 0.396, 0.344, 0.418, 0.402, 0.504, 0.318, 0.408]
[0.49, 0.46, 0.426, 0.404, 0.4, 0.39, 0.464, 0.396, 0.344, 0.418, 0.402, 0.504, 0.318, 0.408, 0.508]
[0.49, 0.46, 0.426, 0.404, 0.4, 0.39, 0.464, 0.396, 0.344, 0.418, 0.402, 0.504, 0.318, 0.408, 0.508, 0.424]
[0.49, 0.46, 0.426, 0.404, 0.4, 0.39, 0.464, 0.396, 0.344, 0.418, 0.402, 0.504, 0.318, 0.408, 0.508, 0.424, 0.354]
[0.49, 0.46, 0.426, 0.404, 0.4, 0.39, 0.464, 0.396, 0.344, 0.418, 0.402, 0.504, 0.318, 0.408, 0.508, 0.424, 0.354, 0.37]
[0.49, 0.46, 0.426, 0.404, 0.4, 0.39, 0.464, 0.396, 0.344, 0.418, 0.402, 0.504, 0.318, 0.408, 0.508, 0.424, 0.354, 0.37, 0.412]
[0.49, 0.46, 0.426, 0.404, 0.4, 0.39, 0.464, 0.396, 0.344, 0.418, 0.402, 0.504, 0.318, 0.408, 0.508, 0.424, 0.354, 0.37, 0.412, 0.41]
broken out of loop
Total correct retain:  1191  Total retain:  2500
Total correct forget:  19636  Total forget:  47500
Total correct test:  251  Total test:  500
Total correct forget test:  3877  Total test forget:  9500
[0.502]
[0.502, 0.47]
[0.502, 0.47, 0.428]
[0.502, 0.47, 0.428, 0.4]
[0.502, 0.47, 0.428, 0.4, 0.392]
[0.502, 0.47, 0.428, 0.4, 0.392, 0.378]
[0.502, 0.47, 0.428, 0.4, 0.392, 0.378, 0.46]
[0.502, 0.47, 0.428, 0.4, 0.392, 0.378, 0.46, 0.386]
[0.502, 0.47, 0.428, 0.4, 0.392, 0.378, 0.46, 0.386, 0.34]
[0.502, 0.47, 0.428, 0.4, 0.392, 0.378, 0.46, 0.386, 0.34, 0.41]
[0.502, 0.47, 0.428, 0.4, 0.392, 0.378, 0.46, 0.386, 0.34, 0.41, 0.402]
[0.502, 0.47, 0.428, 0.4, 0.392, 0.378, 0.46, 0.386, 0.34, 0.41, 0.402, 0.498]
[0.502, 0.47, 0.428, 0.4, 0.392, 0.378, 0.46, 0.386, 0.34, 0.41, 0.402, 0.498, 0.322]
[0.502, 0.47, 0.428, 0.4, 0.392, 0.378, 0.46, 0.386, 0.34, 0.41, 0.402, 0.498, 0.322, 0.41]
[0.502, 0.47, 0.428, 0.4, 0.392, 0.378, 0.46, 0.386, 0.34, 0.41, 0.402, 0.498, 0.322, 0.41, 0.506]
[0.502, 0.47, 0.428, 0.4, 0.392, 0.378, 0.46, 0.386, 0.34, 0.41, 0.402, 0.498, 0.322, 0.41, 0.506, 0.414]
[0.502, 0.47, 0.428, 0.4, 0.392, 0.378, 0.46, 0.386, 0.34, 0.41, 0.402, 0.498, 0.322, 0.41, 0.506, 0.414, 0.35]
[0.502, 0.47, 0.428, 0.4, 0.392, 0.378, 0.46, 0.386, 0.34, 0.41, 0.402, 0.498, 0.322, 0.41, 0.506, 0.414, 0.35, 0.37]
[0.502, 0.47, 0.428, 0.4, 0.392, 0.378, 0.46, 0.386, 0.34, 0.41, 0.402, 0.498, 0.322, 0.41, 0.506, 0.414, 0.35, 0.37, 0.408]
[0.502, 0.47, 0.428, 0.4, 0.392, 0.378, 0.46, 0.386, 0.34, 0.41, 0.402, 0.498, 0.322, 0.41, 0.506, 0.414, 0.35, 0.37, 0.408, 0.41]
broken out of loop
Total correct retain:  1180  Total retain:  2500
Total correct forget:  19913  Total forget:  47500
Total correct test:  246  Total test:  500
Total correct forget test:  3935  Total test forget:  9500
[0.492]
[0.492, 0.46]
[0.492, 0.46, 0.444]
[0.492, 0.46, 0.444, 0.41]
[0.492, 0.46, 0.444, 0.41, 0.398]
[0.492, 0.46, 0.444, 0.41, 0.398, 0.39]
[0.492, 0.46, 0.444, 0.41, 0.398, 0.39, 0.472]
[0.492, 0.46, 0.444, 0.41, 0.398, 0.39, 0.472, 0.406]
[0.492, 0.46, 0.444, 0.41, 0.398, 0.39, 0.472, 0.406, 0.344]
[0.492, 0.46, 0.444, 0.41, 0.398, 0.39, 0.472, 0.406, 0.344, 0.422]
[0.492, 0.46, 0.444, 0.41, 0.398, 0.39, 0.472, 0.406, 0.344, 0.422, 0.398]
[0.492, 0.46, 0.444, 0.41, 0.398, 0.39, 0.472, 0.406, 0.344, 0.422, 0.398, 0.506]
[0.492, 0.46, 0.444, 0.41, 0.398, 0.39, 0.472, 0.406, 0.344, 0.422, 0.398, 0.506, 0.32]
[0.492, 0.46, 0.444, 0.41, 0.398, 0.39, 0.472, 0.406, 0.344, 0.422, 0.398, 0.506, 0.32, 0.404]
[0.492, 0.46, 0.444, 0.41, 0.398, 0.39, 0.472, 0.406, 0.344, 0.422, 0.398, 0.506, 0.32, 0.404, 0.512]
[0.492, 0.46, 0.444, 0.41, 0.398, 0.39, 0.472, 0.406, 0.344, 0.422, 0.398, 0.506, 0.32, 0.404, 0.512, 0.422]
[0.492, 0.46, 0.444, 0.41, 0.398, 0.39, 0.472, 0.406, 0.344, 0.422, 0.398, 0.506, 0.32, 0.404, 0.512, 0.422, 0.358]
[0.492, 0.46, 0.444, 0.41, 0.398, 0.39, 0.472, 0.406, 0.344, 0.422, 0.398, 0.506, 0.32, 0.404, 0.512, 0.422, 0.358, 0.376]
[0.492, 0.46, 0.444, 0.41, 0.398, 0.39, 0.472, 0.406, 0.344, 0.422, 0.398, 0.506, 0.32, 0.404, 0.512, 0.422, 0.358, 0.376, 0.41]
[0.492, 0.46, 0.444, 0.41, 0.398, 0.39, 0.472, 0.406, 0.344, 0.422, 0.398, 0.506, 0.32, 0.404, 0.512, 0.422, 0.358, 0.376, 0.41, 0.418]
broken out of loop
Total correct retain:  1175  Total retain:  2500
Total correct forget:  20056  Total forget:  47500
Total correct test:  244  Total test:  500
Total correct forget test:  3968  Total test forget:  9500
[0.488]
[0.488, 0.46]
[0.488, 0.46, 0.45]
[0.488, 0.46, 0.45, 0.414]
[0.488, 0.46, 0.45, 0.414, 0.404]
[0.488, 0.46, 0.45, 0.414, 0.404, 0.398]
[0.488, 0.46, 0.45, 0.414, 0.404, 0.398, 0.478]
[0.488, 0.46, 0.45, 0.414, 0.404, 0.398, 0.478, 0.41]
[0.488, 0.46, 0.45, 0.414, 0.404, 0.398, 0.478, 0.41, 0.35]
[0.488, 0.46, 0.45, 0.414, 0.404, 0.398, 0.478, 0.41, 0.35, 0.428]
[0.488, 0.46, 0.45, 0.414, 0.404, 0.398, 0.478, 0.41, 0.35, 0.428, 0.396]
[0.488, 0.46, 0.45, 0.414, 0.404, 0.398, 0.478, 0.41, 0.35, 0.428, 0.396, 0.51]
[0.488, 0.46, 0.45, 0.414, 0.404, 0.398, 0.478, 0.41, 0.35, 0.428, 0.396, 0.51, 0.322]
[0.488, 0.46, 0.45, 0.414, 0.404, 0.398, 0.478, 0.41, 0.35, 0.428, 0.396, 0.51, 0.322, 0.416]
[0.488, 0.46, 0.45, 0.414, 0.404, 0.398, 0.478, 0.41, 0.35, 0.428, 0.396, 0.51, 0.322, 0.416, 0.51]
[0.488, 0.46, 0.45, 0.414, 0.404, 0.398, 0.478, 0.41, 0.35, 0.428, 0.396, 0.51, 0.322, 0.416, 0.51, 0.418]
[0.488, 0.46, 0.45, 0.414, 0.404, 0.398, 0.478, 0.41, 0.35, 0.428, 0.396, 0.51, 0.322, 0.416, 0.51, 0.418, 0.364]
[0.488, 0.46, 0.45, 0.414, 0.404, 0.398, 0.478, 0.41, 0.35, 0.428, 0.396, 0.51, 0.322, 0.416, 0.51, 0.418, 0.364, 0.376]
[0.488, 0.46, 0.45, 0.414, 0.404, 0.398, 0.478, 0.41, 0.35, 0.428, 0.396, 0.51, 0.322, 0.416, 0.51, 0.418, 0.364, 0.376, 0.418]
[0.488, 0.46, 0.45, 0.414, 0.404, 0.398, 0.478, 0.41, 0.35, 0.428, 0.396, 0.51, 0.322, 0.416, 0.51, 0.418, 0.364, 0.376, 0.418, 0.414]
broken out of loop
Total correct retain:  1168  Total retain:  2500
Total correct forget:  20274  Total forget:  47500
Total correct test:  239  Total test:  500
Total correct forget test:  4010  Total test forget:  9500
[0.478]
[0.478, 0.452]
[0.478, 0.452, 0.454]
[0.478, 0.452, 0.454, 0.424]
[0.478, 0.452, 0.454, 0.424, 0.42]
[0.478, 0.452, 0.454, 0.424, 0.42, 0.41]
[0.478, 0.452, 0.454, 0.424, 0.42, 0.41, 0.48]
[0.478, 0.452, 0.454, 0.424, 0.42, 0.41, 0.48, 0.406]
[0.478, 0.452, 0.454, 0.424, 0.42, 0.41, 0.48, 0.406, 0.336]
[0.478, 0.452, 0.454, 0.424, 0.42, 0.41, 0.48, 0.406, 0.336, 0.452]
[0.478, 0.452, 0.454, 0.424, 0.42, 0.41, 0.48, 0.406, 0.336, 0.452, 0.402]
[0.478, 0.452, 0.454, 0.424, 0.42, 0.41, 0.48, 0.406, 0.336, 0.452, 0.402, 0.504]
[0.478, 0.452, 0.454, 0.424, 0.42, 0.41, 0.48, 0.406, 0.336, 0.452, 0.402, 0.504, 0.332]
[0.478, 0.452, 0.454, 0.424, 0.42, 0.41, 0.48, 0.406, 0.336, 0.452, 0.402, 0.504, 0.332, 0.418]
[0.478, 0.452, 0.454, 0.424, 0.42, 0.41, 0.48, 0.406, 0.336, 0.452, 0.402, 0.504, 0.332, 0.418, 0.522]
[0.478, 0.452, 0.454, 0.424, 0.42, 0.41, 0.48, 0.406, 0.336, 0.452, 0.402, 0.504, 0.332, 0.418, 0.522, 0.422]
[0.478, 0.452, 0.454, 0.424, 0.42, 0.41, 0.48, 0.406, 0.336, 0.452, 0.402, 0.504, 0.332, 0.418, 0.522, 0.422, 0.374]
[0.478, 0.452, 0.454, 0.424, 0.42, 0.41, 0.48, 0.406, 0.336, 0.452, 0.402, 0.504, 0.332, 0.418, 0.522, 0.422, 0.374, 0.372]
[0.478, 0.452, 0.454, 0.424, 0.42, 0.41, 0.48, 0.406, 0.336, 0.452, 0.402, 0.504, 0.332, 0.418, 0.522, 0.422, 0.374, 0.372, 0.42]
[0.478, 0.452, 0.454, 0.424, 0.42, 0.41, 0.48, 0.406, 0.336, 0.452, 0.402, 0.504, 0.332, 0.418, 0.522, 0.422, 0.374, 0.372, 0.42, 0.42]
broken out of loop
Total correct retain:  1159  Total retain:  2500
Total correct forget:  20388  Total forget:  47500
Total correct test:  236  Total test:  500
Total correct forget test:  4045  Total test forget:  9500
[0.472]
[0.472, 0.45]
[0.472, 0.45, 0.466]
[0.472, 0.45, 0.466, 0.43]
[0.472, 0.45, 0.466, 0.43, 0.428]
[0.472, 0.45, 0.466, 0.43, 0.428, 0.41]
[0.472, 0.45, 0.466, 0.43, 0.428, 0.41, 0.488]
[0.472, 0.45, 0.466, 0.43, 0.428, 0.41, 0.488, 0.416]
[0.472, 0.45, 0.466, 0.43, 0.428, 0.41, 0.488, 0.416, 0.336]
[0.472, 0.45, 0.466, 0.43, 0.428, 0.41, 0.488, 0.416, 0.336, 0.46]
[0.472, 0.45, 0.466, 0.43, 0.428, 0.41, 0.488, 0.416, 0.336, 0.46, 0.404]
[0.472, 0.45, 0.466, 0.43, 0.428, 0.41, 0.488, 0.416, 0.336, 0.46, 0.404, 0.498]
[0.472, 0.45, 0.466, 0.43, 0.428, 0.41, 0.488, 0.416, 0.336, 0.46, 0.404, 0.498, 0.336]
[0.472, 0.45, 0.466, 0.43, 0.428, 0.41, 0.488, 0.416, 0.336, 0.46, 0.404, 0.498, 0.336, 0.42]
[0.472, 0.45, 0.466, 0.43, 0.428, 0.41, 0.488, 0.416, 0.336, 0.46, 0.404, 0.498, 0.336, 0.42, 0.516]
[0.472, 0.45, 0.466, 0.43, 0.428, 0.41, 0.488, 0.416, 0.336, 0.46, 0.404, 0.498, 0.336, 0.42, 0.516, 0.432]
[0.472, 0.45, 0.466, 0.43, 0.428, 0.41, 0.488, 0.416, 0.336, 0.46, 0.404, 0.498, 0.336, 0.42, 0.516, 0.432, 0.378]
[0.472, 0.45, 0.466, 0.43, 0.428, 0.41, 0.488, 0.416, 0.336, 0.46, 0.404, 0.498, 0.336, 0.42, 0.516, 0.432, 0.378, 0.38]
[0.472, 0.45, 0.466, 0.43, 0.428, 0.41, 0.488, 0.416, 0.336, 0.46, 0.404, 0.498, 0.336, 0.42, 0.516, 0.432, 0.378, 0.38, 0.422]
[0.472, 0.45, 0.466, 0.43, 0.428, 0.41, 0.488, 0.416, 0.336, 0.46, 0.404, 0.498, 0.336, 0.42, 0.516, 0.432, 0.378, 0.38, 0.422, 0.42]
broken out of loop
Total correct retain:  1366  Total retain:  2500
Total correct forget:  22514  Total forget:  47500
Total correct test:  285  Total test:  500
Total correct forget test:  4410  Total test forget:  9500
[0.57]
[0.57, 0.498]
[0.57, 0.498, 0.528]
[0.57, 0.498, 0.528, 0.51]
[0.57, 0.498, 0.528, 0.51, 0.542]
[0.57, 0.498, 0.528, 0.51, 0.542, 0.498]
[0.57, 0.498, 0.528, 0.51, 0.542, 0.498, 0.514]
[0.57, 0.498, 0.528, 0.51, 0.542, 0.498, 0.514, 0.52]
[0.57, 0.498, 0.528, 0.51, 0.542, 0.498, 0.514, 0.52, 0.39]
[0.57, 0.498, 0.528, 0.51, 0.542, 0.498, 0.514, 0.52, 0.39, 0.456]
[0.57, 0.498, 0.528, 0.51, 0.542, 0.498, 0.514, 0.52, 0.39, 0.456, 0.42]
[0.57, 0.498, 0.528, 0.51, 0.542, 0.498, 0.514, 0.52, 0.39, 0.456, 0.42, 0.586]
[0.57, 0.498, 0.528, 0.51, 0.542, 0.498, 0.514, 0.52, 0.39, 0.456, 0.42, 0.586, 0.43]
[0.57, 0.498, 0.528, 0.51, 0.542, 0.498, 0.514, 0.52, 0.39, 0.456, 0.42, 0.586, 0.43, 0.486]
[0.57, 0.498, 0.528, 0.51, 0.542, 0.498, 0.514, 0.52, 0.39, 0.456, 0.42, 0.586, 0.43, 0.486, 0.474]
[0.57, 0.498, 0.528, 0.51, 0.542, 0.498, 0.514, 0.52, 0.39, 0.456, 0.42, 0.586, 0.43, 0.486, 0.474, 0.44]
[0.57, 0.498, 0.528, 0.51, 0.542, 0.498, 0.514, 0.52, 0.39, 0.456, 0.42, 0.586, 0.43, 0.486, 0.474, 0.44, 0.456]
[0.57, 0.498, 0.528, 0.51, 0.542, 0.498, 0.514, 0.52, 0.39, 0.456, 0.42, 0.586, 0.43, 0.486, 0.474, 0.44, 0.456, 0.416]
[0.57, 0.498, 0.528, 0.51, 0.542, 0.498, 0.514, 0.52, 0.39, 0.456, 0.42, 0.586, 0.43, 0.486, 0.474, 0.44, 0.456, 0.416, 0.452]
[0.57, 0.498, 0.528, 0.51, 0.542, 0.498, 0.514, 0.52, 0.39, 0.456, 0.42, 0.586, 0.43, 0.486, 0.474, 0.44, 0.456, 0.416, 0.452, 0.204]
broken out of loop
Total correct retain:  1465  Total retain:  2500
Total correct forget:  22609  Total forget:  47500
Total correct test:  289  Total test:  500
Total correct forget test:  4445  Total test forget:  9500
[0.578]
[0.578, 0.518]
[0.578, 0.518, 0.552]
[0.578, 0.518, 0.552, 0.484]
[0.578, 0.518, 0.552, 0.484, 0.482]
[0.578, 0.518, 0.552, 0.484, 0.482, 0.542]
[0.578, 0.518, 0.552, 0.484, 0.482, 0.542, 0.524]
[0.578, 0.518, 0.552, 0.484, 0.482, 0.542, 0.524, 0.514]
[0.578, 0.518, 0.552, 0.484, 0.482, 0.542, 0.524, 0.514, 0.45]
[0.578, 0.518, 0.552, 0.484, 0.482, 0.542, 0.524, 0.514, 0.45, 0.424]
[0.578, 0.518, 0.552, 0.484, 0.482, 0.542, 0.524, 0.514, 0.45, 0.424, 0.47]
[0.578, 0.518, 0.552, 0.484, 0.482, 0.542, 0.524, 0.514, 0.45, 0.424, 0.47, 0.644]
[0.578, 0.518, 0.552, 0.484, 0.482, 0.542, 0.524, 0.514, 0.45, 0.424, 0.47, 0.644, 0.428]
[0.578, 0.518, 0.552, 0.484, 0.482, 0.542, 0.524, 0.514, 0.45, 0.424, 0.47, 0.644, 0.428, 0.478]
[0.578, 0.518, 0.552, 0.484, 0.482, 0.542, 0.524, 0.514, 0.45, 0.424, 0.47, 0.644, 0.428, 0.478, 0.44]
[0.578, 0.518, 0.552, 0.484, 0.482, 0.542, 0.524, 0.514, 0.45, 0.424, 0.47, 0.644, 0.428, 0.478, 0.44, 0.412]
[0.578, 0.518, 0.552, 0.484, 0.482, 0.542, 0.524, 0.514, 0.45, 0.424, 0.47, 0.644, 0.428, 0.478, 0.44, 0.412, 0.438]
[0.578, 0.518, 0.552, 0.484, 0.482, 0.542, 0.524, 0.514, 0.45, 0.424, 0.47, 0.644, 0.428, 0.478, 0.44, 0.412, 0.438, 0.428]
[0.578, 0.518, 0.552, 0.484, 0.482, 0.542, 0.524, 0.514, 0.45, 0.424, 0.47, 0.644, 0.428, 0.478, 0.44, 0.412, 0.438, 0.428, 0.462]
[0.578, 0.518, 0.552, 0.484, 0.482, 0.542, 0.524, 0.514, 0.45, 0.424, 0.47, 0.644, 0.428, 0.478, 0.44, 0.412, 0.438, 0.428, 0.462, 0.2]
broken out of loop
Total correct retain:  1454  Total retain:  2500
Total correct forget:  22828  Total forget:  47500
Total correct test:  301  Total test:  500
Total correct forget test:  4509  Total test forget:  9500
[0.602]
[0.602, 0.536]
[0.602, 0.536, 0.572]
[0.602, 0.536, 0.572, 0.53]
[0.602, 0.536, 0.572, 0.53, 0.528]
[0.602, 0.536, 0.572, 0.53, 0.528, 0.56]
[0.602, 0.536, 0.572, 0.53, 0.528, 0.56, 0.55]
[0.602, 0.536, 0.572, 0.53, 0.528, 0.56, 0.55, 0.558]
[0.602, 0.536, 0.572, 0.53, 0.528, 0.56, 0.55, 0.558, 0.458]
[0.602, 0.536, 0.572, 0.53, 0.528, 0.56, 0.55, 0.558, 0.458, 0.472]
[0.602, 0.536, 0.572, 0.53, 0.528, 0.56, 0.55, 0.558, 0.458, 0.472, 0.482]
[0.602, 0.536, 0.572, 0.53, 0.528, 0.56, 0.55, 0.558, 0.458, 0.472, 0.482, 0.634]
[0.602, 0.536, 0.572, 0.53, 0.528, 0.56, 0.55, 0.558, 0.458, 0.472, 0.482, 0.634, 0.45]
[0.602, 0.536, 0.572, 0.53, 0.528, 0.56, 0.55, 0.558, 0.458, 0.472, 0.482, 0.634, 0.45, 0.364]
[0.602, 0.536, 0.572, 0.53, 0.528, 0.56, 0.55, 0.558, 0.458, 0.472, 0.482, 0.634, 0.45, 0.364, 0.428]
[0.602, 0.536, 0.572, 0.53, 0.528, 0.56, 0.55, 0.558, 0.458, 0.472, 0.482, 0.634, 0.45, 0.364, 0.428, 0.384]
[0.602, 0.536, 0.572, 0.53, 0.528, 0.56, 0.55, 0.558, 0.458, 0.472, 0.482, 0.634, 0.45, 0.364, 0.428, 0.384, 0.404]
[0.602, 0.536, 0.572, 0.53, 0.528, 0.56, 0.55, 0.558, 0.458, 0.472, 0.482, 0.634, 0.45, 0.364, 0.428, 0.384, 0.404, 0.42]
[0.602, 0.536, 0.572, 0.53, 0.528, 0.56, 0.55, 0.558, 0.458, 0.472, 0.482, 0.634, 0.45, 0.364, 0.428, 0.384, 0.404, 0.42, 0.488]
[0.602, 0.536, 0.572, 0.53, 0.528, 0.56, 0.55, 0.558, 0.458, 0.472, 0.482, 0.634, 0.45, 0.364, 0.428, 0.384, 0.404, 0.42, 0.488, 0.2]
Total correct retain:  1670  Total retain:  2500
Total correct forget:  22832  Total forget:  47500
Total correct test:  327  Total test:  500
Total correct forget test:  4482  Total test forget:  9500
[0.654]
[0.654, 0.552]
[0.654, 0.552, 0.576]
[0.654, 0.552, 0.576, 0.57]
[0.654, 0.552, 0.576, 0.57, 0.546]
[0.654, 0.552, 0.576, 0.57, 0.546, 0.584]
[0.654, 0.552, 0.576, 0.57, 0.546, 0.584, 0.604]
[0.654, 0.552, 0.576, 0.57, 0.546, 0.584, 0.604, 0.552]
[0.654, 0.552, 0.576, 0.57, 0.546, 0.584, 0.604, 0.552, 0.544]
[0.654, 0.552, 0.576, 0.57, 0.546, 0.584, 0.604, 0.552, 0.544, 0.556]
[0.654, 0.552, 0.576, 0.57, 0.546, 0.584, 0.604, 0.552, 0.544, 0.556, 0.528]
[0.654, 0.552, 0.576, 0.57, 0.546, 0.584, 0.604, 0.552, 0.544, 0.556, 0.528, 0.62]
[0.654, 0.552, 0.576, 0.57, 0.546, 0.584, 0.604, 0.552, 0.544, 0.556, 0.528, 0.62, 0.438]
[0.654, 0.552, 0.576, 0.57, 0.546, 0.584, 0.604, 0.552, 0.544, 0.556, 0.528, 0.62, 0.438, 0.296]
[0.654, 0.552, 0.576, 0.57, 0.546, 0.584, 0.604, 0.552, 0.544, 0.556, 0.528, 0.62, 0.438, 0.296, 0.264]
[0.654, 0.552, 0.576, 0.57, 0.546, 0.584, 0.604, 0.552, 0.544, 0.556, 0.528, 0.62, 0.438, 0.296, 0.264, 0.262]
[0.654, 0.552, 0.576, 0.57, 0.546, 0.584, 0.604, 0.552, 0.544, 0.556, 0.528, 0.62, 0.438, 0.296, 0.264, 0.262, 0.432]
[0.654, 0.552, 0.576, 0.57, 0.546, 0.584, 0.604, 0.552, 0.544, 0.556, 0.528, 0.62, 0.438, 0.296, 0.264, 0.262, 0.432, 0.386]
[0.654, 0.552, 0.576, 0.57, 0.546, 0.584, 0.604, 0.552, 0.544, 0.556, 0.528, 0.62, 0.438, 0.296, 0.264, 0.262, 0.432, 0.386, 0.454]
[0.654, 0.552, 0.576, 0.57, 0.546, 0.584, 0.604, 0.552, 0.544, 0.556, 0.528, 0.62, 0.438, 0.296, 0.264, 0.262, 0.432, 0.386, 0.454, 0.2]
Total correct retain:  1793  Total retain:  2500
Total correct forget:  22366  Total forget:  47500
Total correct test:  360  Total test:  500
Total correct forget test:  4392  Total test forget:  9500
[0.72]
[0.72, 0.592]
[0.72, 0.592, 0.65]
[0.72, 0.592, 0.65, 0.54]
[0.72, 0.592, 0.65, 0.54, 0.568]
[0.72, 0.592, 0.65, 0.54, 0.568, 0.57]
[0.72, 0.592, 0.65, 0.54, 0.568, 0.57, 0.606]
[0.72, 0.592, 0.65, 0.54, 0.568, 0.57, 0.606, 0.636]
[0.72, 0.592, 0.65, 0.54, 0.568, 0.57, 0.606, 0.636, 0.54]
[0.72, 0.592, 0.65, 0.54, 0.568, 0.57, 0.606, 0.636, 0.54, 0.576]
[0.72, 0.592, 0.65, 0.54, 0.568, 0.57, 0.606, 0.636, 0.54, 0.576, 0.444]
[0.72, 0.592, 0.65, 0.54, 0.568, 0.57, 0.606, 0.636, 0.54, 0.576, 0.444, 0.622]
[0.72, 0.592, 0.65, 0.54, 0.568, 0.57, 0.606, 0.636, 0.54, 0.576, 0.444, 0.622, 0.374]
[0.72, 0.592, 0.65, 0.54, 0.568, 0.57, 0.606, 0.636, 0.54, 0.576, 0.444, 0.622, 0.374, 0.292]
[0.72, 0.592, 0.65, 0.54, 0.568, 0.57, 0.606, 0.636, 0.54, 0.576, 0.444, 0.622, 0.374, 0.292, 0.206]
[0.72, 0.592, 0.65, 0.54, 0.568, 0.57, 0.606, 0.636, 0.54, 0.576, 0.444, 0.622, 0.374, 0.292, 0.206, 0.2]
[0.72, 0.592, 0.65, 0.54, 0.568, 0.57, 0.606, 0.636, 0.54, 0.576, 0.444, 0.622, 0.374, 0.292, 0.206, 0.2, 0.32]
[0.72, 0.592, 0.65, 0.54, 0.568, 0.57, 0.606, 0.636, 0.54, 0.576, 0.444, 0.622, 0.374, 0.292, 0.206, 0.2, 0.32, 0.356]
[0.72, 0.592, 0.65, 0.54, 0.568, 0.57, 0.606, 0.636, 0.54, 0.576, 0.444, 0.622, 0.374, 0.292, 0.206, 0.2, 0.32, 0.356, 0.492]
[0.72, 0.592, 0.65, 0.54, 0.568, 0.57, 0.606, 0.636, 0.54, 0.576, 0.444, 0.622, 0.374, 0.292, 0.206, 0.2, 0.32, 0.356, 0.492, 0.2]
Total correct retain:  1877  Total retain:  2500
Total correct forget:  21751  Total forget:  47500
Total correct test:  375  Total test:  500
Total correct forget test:  4268  Total test forget:  9500
[0.75]
[0.75, 0.55]
[0.75, 0.55, 0.644]
[0.75, 0.55, 0.644, 0.596]
[0.75, 0.55, 0.644, 0.596, 0.612]
[0.75, 0.55, 0.644, 0.596, 0.612, 0.612]
[0.75, 0.55, 0.644, 0.596, 0.612, 0.612, 0.61]
[0.75, 0.55, 0.644, 0.596, 0.612, 0.612, 0.61, 0.672]
[0.75, 0.55, 0.644, 0.596, 0.612, 0.612, 0.61, 0.672, 0.584]
[0.75, 0.55, 0.644, 0.596, 0.612, 0.612, 0.61, 0.672, 0.584, 0.582]
[0.75, 0.55, 0.644, 0.596, 0.612, 0.612, 0.61, 0.672, 0.584, 0.582, 0.35]
[0.75, 0.55, 0.644, 0.596, 0.612, 0.612, 0.61, 0.672, 0.584, 0.582, 0.35, 0.558]
[0.75, 0.55, 0.644, 0.596, 0.612, 0.612, 0.61, 0.672, 0.584, 0.582, 0.35, 0.558, 0.28]
[0.75, 0.55, 0.644, 0.596, 0.612, 0.612, 0.61, 0.672, 0.584, 0.582, 0.35, 0.558, 0.28, 0.226]
[0.75, 0.55, 0.644, 0.596, 0.612, 0.612, 0.61, 0.672, 0.584, 0.582, 0.35, 0.558, 0.28, 0.226, 0.208]
[0.75, 0.55, 0.644, 0.596, 0.612, 0.612, 0.61, 0.672, 0.584, 0.582, 0.35, 0.558, 0.28, 0.226, 0.208, 0.2]
[0.75, 0.55, 0.644, 0.596, 0.612, 0.612, 0.61, 0.672, 0.584, 0.582, 0.35, 0.558, 0.28, 0.226, 0.208, 0.2, 0.242]
[0.75, 0.55, 0.644, 0.596, 0.612, 0.612, 0.61, 0.672, 0.584, 0.582, 0.35, 0.558, 0.28, 0.226, 0.208, 0.2, 0.242, 0.322]
[0.75, 0.55, 0.644, 0.596, 0.612, 0.612, 0.61, 0.672, 0.584, 0.582, 0.35, 0.558, 0.28, 0.226, 0.208, 0.2, 0.242, 0.322, 0.488]
[0.75, 0.55, 0.644, 0.596, 0.612, 0.612, 0.61, 0.672, 0.584, 0.582, 0.35, 0.558, 0.28, 0.226, 0.208, 0.2, 0.242, 0.322, 0.488, 0.2]
Total correct retain:  1755  Total retain:  2500
Total correct forget:  18818  Total forget:  47500
Total correct test:  347  Total test:  500
Total correct forget test:  3707  Total test forget:  9500
[0.694]
[0.694, 0.56]
[0.694, 0.56, 0.524]
[0.694, 0.56, 0.524, 0.494]
[0.694, 0.56, 0.524, 0.494, 0.466]
[0.694, 0.56, 0.524, 0.494, 0.466, 0.57]
[0.694, 0.56, 0.524, 0.494, 0.466, 0.57, 0.53]
[0.694, 0.56, 0.524, 0.494, 0.466, 0.57, 0.53, 0.566]
[0.694, 0.56, 0.524, 0.494, 0.466, 0.57, 0.53, 0.566, 0.422]
[0.694, 0.56, 0.524, 0.494, 0.466, 0.57, 0.53, 0.566, 0.422, 0.436]
[0.694, 0.56, 0.524, 0.494, 0.466, 0.57, 0.53, 0.566, 0.422, 0.436, 0.286]
[0.694, 0.56, 0.524, 0.494, 0.466, 0.57, 0.53, 0.566, 0.422, 0.436, 0.286, 0.448]
[0.694, 0.56, 0.524, 0.494, 0.466, 0.57, 0.53, 0.566, 0.422, 0.436, 0.286, 0.448, 0.238]
[0.694, 0.56, 0.524, 0.494, 0.466, 0.57, 0.53, 0.566, 0.422, 0.436, 0.286, 0.448, 0.238, 0.228]
[0.694, 0.56, 0.524, 0.494, 0.466, 0.57, 0.53, 0.566, 0.422, 0.436, 0.286, 0.448, 0.238, 0.228, 0.2]
[0.694, 0.56, 0.524, 0.494, 0.466, 0.57, 0.53, 0.566, 0.422, 0.436, 0.286, 0.448, 0.238, 0.228, 0.2, 0.2]
[0.694, 0.56, 0.524, 0.494, 0.466, 0.57, 0.53, 0.566, 0.422, 0.436, 0.286, 0.448, 0.238, 0.228, 0.2, 0.2, 0.282]
[0.694, 0.56, 0.524, 0.494, 0.466, 0.57, 0.53, 0.566, 0.422, 0.436, 0.286, 0.448, 0.238, 0.228, 0.2, 0.2, 0.282, 0.328]
[0.694, 0.56, 0.524, 0.494, 0.466, 0.57, 0.53, 0.566, 0.422, 0.436, 0.286, 0.448, 0.238, 0.228, 0.2, 0.2, 0.282, 0.328, 0.436]
[0.694, 0.56, 0.524, 0.494, 0.466, 0.57, 0.53, 0.566, 0.422, 0.436, 0.286, 0.448, 0.238, 0.228, 0.2, 0.2, 0.282, 0.328, 0.436, 0.2]
Total correct retain:  1542  Total retain:  2500
Total correct forget:  18424  Total forget:  47500
Total correct test:  308  Total test:  500
Total correct forget test:  3638  Total test forget:  9500
[0.616]
[0.616, 0.548]
[0.616, 0.548, 0.54]
[0.616, 0.548, 0.54, 0.542]
[0.616, 0.548, 0.54, 0.542, 0.61]
[0.616, 0.548, 0.54, 0.542, 0.61, 0.564]
[0.616, 0.548, 0.54, 0.542, 0.61, 0.564, 0.548]
[0.616, 0.548, 0.54, 0.542, 0.61, 0.564, 0.548, 0.516]
[0.616, 0.548, 0.54, 0.542, 0.61, 0.564, 0.548, 0.516, 0.34]
[0.616, 0.548, 0.54, 0.542, 0.61, 0.564, 0.548, 0.516, 0.34, 0.454]
[0.616, 0.548, 0.54, 0.542, 0.61, 0.564, 0.548, 0.516, 0.34, 0.454, 0.23]
[0.616, 0.548, 0.54, 0.542, 0.61, 0.564, 0.548, 0.516, 0.34, 0.454, 0.23, 0.388]
[0.616, 0.548, 0.54, 0.542, 0.61, 0.564, 0.548, 0.516, 0.34, 0.454, 0.23, 0.388, 0.2]
[0.616, 0.548, 0.54, 0.542, 0.61, 0.564, 0.548, 0.516, 0.34, 0.454, 0.23, 0.388, 0.2, 0.244]
[0.616, 0.548, 0.54, 0.542, 0.61, 0.564, 0.548, 0.516, 0.34, 0.454, 0.23, 0.388, 0.2, 0.244, 0.2]
[0.616, 0.548, 0.54, 0.542, 0.61, 0.564, 0.548, 0.516, 0.34, 0.454, 0.23, 0.388, 0.2, 0.244, 0.2, 0.2]
[0.616, 0.548, 0.54, 0.542, 0.61, 0.564, 0.548, 0.516, 0.34, 0.454, 0.23, 0.388, 0.2, 0.244, 0.2, 0.2, 0.242]
[0.616, 0.548, 0.54, 0.542, 0.61, 0.564, 0.548, 0.516, 0.34, 0.454, 0.23, 0.388, 0.2, 0.244, 0.2, 0.2, 0.242, 0.254]
[0.616, 0.548, 0.54, 0.542, 0.61, 0.564, 0.548, 0.516, 0.34, 0.454, 0.23, 0.388, 0.2, 0.244, 0.2, 0.2, 0.242, 0.254, 0.456]
[0.616, 0.548, 0.54, 0.542, 0.61, 0.564, 0.548, 0.516, 0.34, 0.454, 0.23, 0.388, 0.2, 0.244, 0.2, 0.2, 0.242, 0.254, 0.456, 0.2]
Total correct retain:  1545  Total retain:  2500
Total correct forget:  17639  Total forget:  47500
Total correct test:  302  Total test:  500
Total correct forget test:  3431  Total test forget:  9500
[0.604]
[0.604, 0.51]
[0.604, 0.51, 0.566]
[0.604, 0.51, 0.566, 0.57]
[0.604, 0.51, 0.566, 0.57, 0.574]
[0.604, 0.51, 0.566, 0.57, 0.574, 0.612]
[0.604, 0.51, 0.566, 0.57, 0.574, 0.612, 0.458]
[0.604, 0.51, 0.566, 0.57, 0.574, 0.612, 0.458, 0.442]
[0.604, 0.51, 0.566, 0.57, 0.574, 0.612, 0.458, 0.442, 0.33]
[0.604, 0.51, 0.566, 0.57, 0.574, 0.612, 0.458, 0.442, 0.33, 0.416]
[0.604, 0.51, 0.566, 0.57, 0.574, 0.612, 0.458, 0.442, 0.33, 0.416, 0.216]
[0.604, 0.51, 0.566, 0.57, 0.574, 0.612, 0.458, 0.442, 0.33, 0.416, 0.216, 0.358]
[0.604, 0.51, 0.566, 0.57, 0.574, 0.612, 0.458, 0.442, 0.33, 0.416, 0.216, 0.358, 0.2]
[0.604, 0.51, 0.566, 0.57, 0.574, 0.612, 0.458, 0.442, 0.33, 0.416, 0.216, 0.358, 0.2, 0.238]
[0.604, 0.51, 0.566, 0.57, 0.574, 0.612, 0.458, 0.442, 0.33, 0.416, 0.216, 0.358, 0.2, 0.238, 0.2]
[0.604, 0.51, 0.566, 0.57, 0.574, 0.612, 0.458, 0.442, 0.33, 0.416, 0.216, 0.358, 0.2, 0.238, 0.2, 0.2]
[0.604, 0.51, 0.566, 0.57, 0.574, 0.612, 0.458, 0.442, 0.33, 0.416, 0.216, 0.358, 0.2, 0.238, 0.2, 0.2, 0.2]
[0.604, 0.51, 0.566, 0.57, 0.574, 0.612, 0.458, 0.442, 0.33, 0.416, 0.216, 0.358, 0.2, 0.238, 0.2, 0.2, 0.2, 0.23]
[0.604, 0.51, 0.566, 0.57, 0.574, 0.612, 0.458, 0.442, 0.33, 0.416, 0.216, 0.358, 0.2, 0.238, 0.2, 0.2, 0.2, 0.23, 0.342]
[0.604, 0.51, 0.566, 0.57, 0.574, 0.612, 0.458, 0.442, 0.33, 0.416, 0.216, 0.358, 0.2, 0.238, 0.2, 0.2, 0.2, 0.23, 0.342, 0.2]
Total correct retain:  1612  Total retain:  2500
Total correct forget:  16944  Total forget:  47500
Total correct test:  303  Total test:  500
Total correct forget test:  3301  Total test forget:  9500
[0.606]
[0.606, 0.564]
[0.606, 0.564, 0.584]
[0.606, 0.564, 0.584, 0.614]
[0.606, 0.564, 0.584, 0.614, 0.568]
[0.606, 0.564, 0.584, 0.614, 0.568, 0.498]
[0.606, 0.564, 0.584, 0.614, 0.568, 0.498, 0.396]
[0.606, 0.564, 0.584, 0.614, 0.568, 0.498, 0.396, 0.376]
[0.606, 0.564, 0.584, 0.614, 0.568, 0.498, 0.396, 0.376, 0.302]
[0.606, 0.564, 0.584, 0.614, 0.568, 0.498, 0.396, 0.376, 0.302, 0.398]
[0.606, 0.564, 0.584, 0.614, 0.568, 0.498, 0.396, 0.376, 0.302, 0.398, 0.202]
[0.606, 0.564, 0.584, 0.614, 0.568, 0.498, 0.396, 0.376, 0.302, 0.398, 0.202, 0.318]
[0.606, 0.564, 0.584, 0.614, 0.568, 0.498, 0.396, 0.376, 0.302, 0.398, 0.202, 0.318, 0.2]
[0.606, 0.564, 0.584, 0.614, 0.568, 0.498, 0.396, 0.376, 0.302, 0.398, 0.202, 0.318, 0.2, 0.224]
[0.606, 0.564, 0.584, 0.614, 0.568, 0.498, 0.396, 0.376, 0.302, 0.398, 0.202, 0.318, 0.2, 0.224, 0.2]
[0.606, 0.564, 0.584, 0.614, 0.568, 0.498, 0.396, 0.376, 0.302, 0.398, 0.202, 0.318, 0.2, 0.224, 0.2, 0.2]
[0.606, 0.564, 0.584, 0.614, 0.568, 0.498, 0.396, 0.376, 0.302, 0.398, 0.202, 0.318, 0.2, 0.224, 0.2, 0.2, 0.2]
[0.606, 0.564, 0.584, 0.614, 0.568, 0.498, 0.396, 0.376, 0.302, 0.398, 0.202, 0.318, 0.2, 0.224, 0.2, 0.2, 0.2, 0.218]
[0.606, 0.564, 0.584, 0.614, 0.568, 0.498, 0.396, 0.376, 0.302, 0.398, 0.202, 0.318, 0.2, 0.224, 0.2, 0.2, 0.2, 0.218, 0.34]
[0.606, 0.564, 0.584, 0.614, 0.568, 0.498, 0.396, 0.376, 0.302, 0.398, 0.202, 0.318, 0.2, 0.224, 0.2, 0.2, 0.2, 0.218, 0.34, 0.2]
Total correct retain:  1548  Total retain:  2500
Total correct forget:  15935  Total forget:  47500
Total correct test:  305  Total test:  500
Total correct forget test:  3124  Total test forget:  9500
[0.61]
[0.61, 0.544]
[0.61, 0.544, 0.602]
[0.61, 0.544, 0.602, 0.6]
[0.61, 0.544, 0.602, 0.6, 0.508]
[0.61, 0.544, 0.602, 0.6, 0.508, 0.408]
[0.61, 0.544, 0.602, 0.6, 0.508, 0.408, 0.334]
[0.61, 0.544, 0.602, 0.6, 0.508, 0.408, 0.334, 0.386]
[0.61, 0.544, 0.602, 0.6, 0.508, 0.408, 0.334, 0.386, 0.29]
[0.61, 0.544, 0.602, 0.6, 0.508, 0.408, 0.334, 0.386, 0.29, 0.37]
[0.61, 0.544, 0.602, 0.6, 0.508, 0.408, 0.334, 0.386, 0.29, 0.37, 0.206]
[0.61, 0.544, 0.602, 0.6, 0.508, 0.408, 0.334, 0.386, 0.29, 0.37, 0.206, 0.266]
[0.61, 0.544, 0.602, 0.6, 0.508, 0.408, 0.334, 0.386, 0.29, 0.37, 0.206, 0.266, 0.2]
[0.61, 0.544, 0.602, 0.6, 0.508, 0.408, 0.334, 0.386, 0.29, 0.37, 0.206, 0.266, 0.2, 0.206]
[0.61, 0.544, 0.602, 0.6, 0.508, 0.408, 0.334, 0.386, 0.29, 0.37, 0.206, 0.266, 0.2, 0.206, 0.2]
[0.61, 0.544, 0.602, 0.6, 0.508, 0.408, 0.334, 0.386, 0.29, 0.37, 0.206, 0.266, 0.2, 0.206, 0.2, 0.2]
[0.61, 0.544, 0.602, 0.6, 0.508, 0.408, 0.334, 0.386, 0.29, 0.37, 0.206, 0.266, 0.2, 0.206, 0.2, 0.2, 0.2]
[0.61, 0.544, 0.602, 0.6, 0.508, 0.408, 0.334, 0.386, 0.29, 0.37, 0.206, 0.266, 0.2, 0.206, 0.2, 0.2, 0.2, 0.206]
[0.61, 0.544, 0.602, 0.6, 0.508, 0.408, 0.334, 0.386, 0.29, 0.37, 0.206, 0.266, 0.2, 0.206, 0.2, 0.2, 0.2, 0.206, 0.322]
[0.61, 0.544, 0.602, 0.6, 0.508, 0.408, 0.334, 0.386, 0.29, 0.37, 0.206, 0.266, 0.2, 0.206, 0.2, 0.2, 0.2, 0.206, 0.322, 0.2]
Total correct retain:  1590  Total retain:  2500
Total correct forget:  14894  Total forget:  47500
Total correct test:  311  Total test:  500
Total correct forget test:  2872  Total test forget:  9500
[0.622]
[0.622, 0.558]
[0.622, 0.558, 0.56]
[0.622, 0.558, 0.56, 0.524]
[0.622, 0.558, 0.56, 0.524, 0.242]
[0.622, 0.558, 0.56, 0.524, 0.242, 0.386]
[0.622, 0.558, 0.56, 0.524, 0.242, 0.386, 0.302]
[0.622, 0.558, 0.56, 0.524, 0.242, 0.386, 0.302, 0.376]
[0.622, 0.558, 0.56, 0.524, 0.242, 0.386, 0.302, 0.376, 0.22]
[0.622, 0.558, 0.56, 0.524, 0.242, 0.386, 0.302, 0.376, 0.22, 0.354]
[0.622, 0.558, 0.56, 0.524, 0.242, 0.386, 0.302, 0.376, 0.22, 0.354, 0.208]
[0.622, 0.558, 0.56, 0.524, 0.242, 0.386, 0.302, 0.376, 0.22, 0.354, 0.208, 0.3]
[0.622, 0.558, 0.56, 0.524, 0.242, 0.386, 0.302, 0.376, 0.22, 0.354, 0.208, 0.3, 0.2]
[0.622, 0.558, 0.56, 0.524, 0.242, 0.386, 0.302, 0.376, 0.22, 0.354, 0.208, 0.3, 0.2, 0.214]
[0.622, 0.558, 0.56, 0.524, 0.242, 0.386, 0.302, 0.376, 0.22, 0.354, 0.208, 0.3, 0.2, 0.214, 0.2]
[0.622, 0.558, 0.56, 0.524, 0.242, 0.386, 0.302, 0.376, 0.22, 0.354, 0.208, 0.3, 0.2, 0.214, 0.2, 0.2]
[0.622, 0.558, 0.56, 0.524, 0.242, 0.386, 0.302, 0.376, 0.22, 0.354, 0.208, 0.3, 0.2, 0.214, 0.2, 0.2, 0.2]
[0.622, 0.558, 0.56, 0.524, 0.242, 0.386, 0.302, 0.376, 0.22, 0.354, 0.208, 0.3, 0.2, 0.214, 0.2, 0.2, 0.2, 0.202]
[0.622, 0.558, 0.56, 0.524, 0.242, 0.386, 0.302, 0.376, 0.22, 0.354, 0.208, 0.3, 0.2, 0.214, 0.2, 0.2, 0.2, 0.202, 0.298]
[0.622, 0.558, 0.56, 0.524, 0.242, 0.386, 0.302, 0.376, 0.22, 0.354, 0.208, 0.3, 0.2, 0.214, 0.2, 0.2, 0.2, 0.202, 0.298, 0.2]
Total correct retain:  1390  Total retain:  2500
Total correct forget:  13443  Total forget:  47500
Total correct test:  273  Total test:  500
Total correct forget test:  2629  Total test forget:  9500
[0.546]
[0.546, 0.534]
[0.546, 0.534, 0.382]
[0.546, 0.534, 0.382, 0.422]
[0.546, 0.534, 0.382, 0.422, 0.21]
[0.546, 0.534, 0.382, 0.422, 0.21, 0.326]
[0.546, 0.534, 0.382, 0.422, 0.21, 0.326, 0.282]
[0.546, 0.534, 0.382, 0.422, 0.21, 0.326, 0.282, 0.386]
[0.546, 0.534, 0.382, 0.422, 0.21, 0.326, 0.282, 0.386, 0.204]
[0.546, 0.534, 0.382, 0.422, 0.21, 0.326, 0.282, 0.386, 0.204, 0.332]
[0.546, 0.534, 0.382, 0.422, 0.21, 0.326, 0.282, 0.386, 0.204, 0.332, 0.206]
[0.546, 0.534, 0.382, 0.422, 0.21, 0.326, 0.282, 0.386, 0.204, 0.332, 0.206, 0.264]
[0.546, 0.534, 0.382, 0.422, 0.21, 0.326, 0.282, 0.386, 0.204, 0.332, 0.206, 0.264, 0.2]
[0.546, 0.534, 0.382, 0.422, 0.21, 0.326, 0.282, 0.386, 0.204, 0.332, 0.206, 0.264, 0.2, 0.224]
[0.546, 0.534, 0.382, 0.422, 0.21, 0.326, 0.282, 0.386, 0.204, 0.332, 0.206, 0.264, 0.2, 0.224, 0.2]
[0.546, 0.534, 0.382, 0.422, 0.21, 0.326, 0.282, 0.386, 0.204, 0.332, 0.206, 0.264, 0.2, 0.224, 0.2, 0.2]
[0.546, 0.534, 0.382, 0.422, 0.21, 0.326, 0.282, 0.386, 0.204, 0.332, 0.206, 0.264, 0.2, 0.224, 0.2, 0.2, 0.2]
[0.546, 0.534, 0.382, 0.422, 0.21, 0.326, 0.282, 0.386, 0.204, 0.332, 0.206, 0.264, 0.2, 0.224, 0.2, 0.2, 0.2, 0.2]
[0.546, 0.534, 0.382, 0.422, 0.21, 0.326, 0.282, 0.386, 0.204, 0.332, 0.206, 0.264, 0.2, 0.224, 0.2, 0.2, 0.2, 0.2, 0.286]
[0.546, 0.534, 0.382, 0.422, 0.21, 0.326, 0.282, 0.386, 0.204, 0.332, 0.206, 0.264, 0.2, 0.224, 0.2, 0.2, 0.2, 0.2, 0.286, 0.2]
Total correct retain:  1491  Total retain:  2500
Total correct forget:  11914  Total forget:  47500
Total correct test:  284  Total test:  500
Total correct forget test:  2365  Total test forget:  9500
[0.568]
[0.568, 0.462]
[0.568, 0.462, 0.28]
[0.568, 0.462, 0.28, 0.326]
[0.568, 0.462, 0.28, 0.326, 0.198]
[0.568, 0.462, 0.28, 0.326, 0.198, 0.292]
[0.568, 0.462, 0.28, 0.326, 0.198, 0.292, 0.236]
[0.568, 0.462, 0.28, 0.326, 0.198, 0.292, 0.236, 0.258]
[0.568, 0.462, 0.28, 0.326, 0.198, 0.292, 0.236, 0.258, 0.2]
[0.568, 0.462, 0.28, 0.326, 0.198, 0.292, 0.236, 0.258, 0.2, 0.242]
[0.568, 0.462, 0.28, 0.326, 0.198, 0.292, 0.236, 0.258, 0.2, 0.242, 0.2]
[0.568, 0.462, 0.28, 0.326, 0.198, 0.292, 0.236, 0.258, 0.2, 0.242, 0.2, 0.316]
[0.568, 0.462, 0.28, 0.326, 0.198, 0.292, 0.236, 0.258, 0.2, 0.242, 0.2, 0.316, 0.2]
[0.568, 0.462, 0.28, 0.326, 0.198, 0.292, 0.236, 0.258, 0.2, 0.242, 0.2, 0.316, 0.2, 0.248]
[0.568, 0.462, 0.28, 0.326, 0.198, 0.292, 0.236, 0.258, 0.2, 0.242, 0.2, 0.316, 0.2, 0.248, 0.2]
[0.568, 0.462, 0.28, 0.326, 0.198, 0.292, 0.236, 0.258, 0.2, 0.242, 0.2, 0.316, 0.2, 0.248, 0.2, 0.2]
[0.568, 0.462, 0.28, 0.326, 0.198, 0.292, 0.236, 0.258, 0.2, 0.242, 0.2, 0.316, 0.2, 0.248, 0.2, 0.2, 0.2]
[0.568, 0.462, 0.28, 0.326, 0.198, 0.292, 0.236, 0.258, 0.2, 0.242, 0.2, 0.316, 0.2, 0.248, 0.2, 0.2, 0.2, 0.2]
[0.568, 0.462, 0.28, 0.326, 0.198, 0.292, 0.236, 0.258, 0.2, 0.242, 0.2, 0.316, 0.2, 0.248, 0.2, 0.2, 0.2, 0.2, 0.272]
[0.568, 0.462, 0.28, 0.326, 0.198, 0.292, 0.236, 0.258, 0.2, 0.242, 0.2, 0.316, 0.2, 0.248, 0.2, 0.2, 0.2, 0.2, 0.272, 0.2]
[[0.49, 0.46, 0.426, 0.404, 0.4, 0.39, 0.464, 0.396, 0.344, 0.418, 0.402, 0.504, 0.318, 0.408, 0.508, 0.424, 0.354, 0.37, 0.412, 0.41], [0.502, 0.47, 0.428, 0.4, 0.392, 0.378, 0.46, 0.386, 0.34, 0.41, 0.402, 0.498, 0.322, 0.41, 0.506, 0.414, 0.35, 0.37, 0.408, 0.41], [0.492, 0.46, 0.444, 0.41, 0.398, 0.39, 0.472, 0.406, 0.344, 0.422, 0.398, 0.506, 0.32, 0.404, 0.512, 0.422, 0.358, 0.376, 0.41, 0.418], [0.488, 0.46, 0.45, 0.414, 0.404, 0.398, 0.478, 0.41, 0.35, 0.428, 0.396, 0.51, 0.322, 0.416, 0.51, 0.418, 0.364, 0.376, 0.418, 0.414], [0.478, 0.452, 0.454, 0.424, 0.42, 0.41, 0.48, 0.406, 0.336, 0.452, 0.402, 0.504, 0.332, 0.418, 0.522, 0.422, 0.374, 0.372, 0.42, 0.42], [0.472, 0.45, 0.466, 0.43, 0.428, 0.41, 0.488, 0.416, 0.336, 0.46, 0.404, 0.498, 0.336, 0.42, 0.516, 0.432, 0.378, 0.38, 0.422, 0.42], [0.57, 0.498, 0.528, 0.51, 0.542, 0.498, 0.514, 0.52, 0.39, 0.456, 0.42, 0.586, 0.43, 0.486, 0.474, 0.44, 0.456, 0.416, 0.452, 0.204], [0.578, 0.518, 0.552, 0.484, 0.482, 0.542, 0.524, 0.514, 0.45, 0.424, 0.47, 0.644, 0.428, 0.478, 0.44, 0.412, 0.438, 0.428, 0.462, 0.2], [0.602, 0.536, 0.572, 0.53, 0.528, 0.56, 0.55, 0.558, 0.458, 0.472, 0.482, 0.634, 0.45, 0.364, 0.428, 0.384, 0.404, 0.42, 0.488, 0.2], [0.654, 0.552, 0.576, 0.57, 0.546, 0.584, 0.604, 0.552, 0.544, 0.556, 0.528, 0.62, 0.438, 0.296, 0.264, 0.262, 0.432, 0.386, 0.454, 0.2], [0.72, 0.592, 0.65, 0.54, 0.568, 0.57, 0.606, 0.636, 0.54, 0.576, 0.444, 0.622, 0.374, 0.292, 0.206, 0.2, 0.32, 0.356, 0.492, 0.2], [0.75, 0.55, 0.644, 0.596, 0.612, 0.612, 0.61, 0.672, 0.584, 0.582, 0.35, 0.558, 0.28, 0.226, 0.208, 0.2, 0.242, 0.322, 0.488, 0.2], [0.694, 0.56, 0.524, 0.494, 0.466, 0.57, 0.53, 0.566, 0.422, 0.436, 0.286, 0.448, 0.238, 0.228, 0.2, 0.2, 0.282, 0.328, 0.436, 0.2], [0.616, 0.548, 0.54, 0.542, 0.61, 0.564, 0.548, 0.516, 0.34, 0.454, 0.23, 0.388, 0.2, 0.244, 0.2, 0.2, 0.242, 0.254, 0.456, 0.2], [0.604, 0.51, 0.566, 0.57, 0.574, 0.612, 0.458, 0.442, 0.33, 0.416, 0.216, 0.358, 0.2, 0.238, 0.2, 0.2, 0.2, 0.23, 0.342, 0.2], [0.606, 0.564, 0.584, 0.614, 0.568, 0.498, 0.396, 0.376, 0.302, 0.398, 0.202, 0.318, 0.2, 0.224, 0.2, 0.2, 0.2, 0.218, 0.34, 0.2], [0.61, 0.544, 0.602, 0.6, 0.508, 0.408, 0.334, 0.386, 0.29, 0.37, 0.206, 0.266, 0.2, 0.206, 0.2, 0.2, 0.2, 0.206, 0.322, 0.2], [0.622, 0.558, 0.56, 0.524, 0.242, 0.386, 0.302, 0.376, 0.22, 0.354, 0.208, 0.3, 0.2, 0.214, 0.2, 0.2, 0.2, 0.202, 0.298, 0.2], [0.546, 0.534, 0.382, 0.422, 0.21, 0.326, 0.282, 0.386, 0.204, 0.332, 0.206, 0.264, 0.2, 0.224, 0.2, 0.2, 0.2, 0.2, 0.286, 0.2], [0.568, 0.462, 0.28, 0.326, 0.198, 0.292, 0.236, 0.258, 0.2, 0.242, 0.2, 0.316, 0.2, 0.248, 0.2, 0.2, 0.2, 0.2, 0.272, 0.2]]
20
20
Plot  0  Done
Average Retain Accuracies:  [0.4692, 0.4764, 0.472, 0.47, 0.4672, 0.4636, 0.5464, 0.586, 0.5816, 0.668, 0.7172, 0.7508, 0.702, 0.6168, 0.618, 0.6448, 0.6192, 0.636, 0.556, 0.5964]
Average Forget Accuracies:  [0.4152421052631579, 0.41338947368421053, 0.41922105263157894, 0.4222315789473684, 0.42682105263157893, 0.42922105263157895, 0.47397894736842106, 0.47597894736842106, 0.4805894736842105, 0.4806736842105263, 0.4708631578947368, 0.4579157894736842, 0.39616842105263156, 0.3878736842105263, 0.37134736842105265, 0.3567157894736842, 0.3354736842105263, 0.3135578947368421, 0.2830105263157895, 0.25082105263157894]
Average Retain Test Accuracies:  [0.49, 0.502, 0.492, 0.488, 0.478, 0.472, 0.57, 0.578, 0.602, 0.654, 0.72, 0.75, 0.694, 0.616, 0.604, 0.606, 0.61, 0.622, 0.546, 0.568]
Average Forget Test Accuracies:  [0.4111578947368421, 0.40810526315789475, 0.4142105263157895, 0.41768421052631577, 0.42210526315789476, 0.42578947368421055, 0.46421052631578946, 0.46789473684210525, 0.4746315789473684, 0.47178947368421054, 0.46231578947368424, 0.44926315789473686, 0.39021052631578945, 0.38294736842105265, 0.3611578947368421, 0.3474736842105263, 0.3288421052631579, 0.3023157894736842, 0.27673684210526317, 0.24894736842105264]
Done
