Requirement already satisfied: pyyaml in /usr/lib64/python3.12/site-packages (6.0.1)
Requirement already satisfied: setuptools in /usr/lib/python3.12/site-packages (68.2.2)
Requirement already satisfied: matplotlib in /dcs/21/u2145461/.local/lib/python3.12/site-packages (3.10.1)
Requirement already satisfied: contourpy>=1.0.1 in /dcs/21/u2145461/.local/lib/python3.12/site-packages (from matplotlib) (1.3.1)
Requirement already satisfied: cycler>=0.10 in /dcs/21/u2145461/.local/lib/python3.12/site-packages (from matplotlib) (0.12.1)
Requirement already satisfied: fonttools>=4.22.0 in /dcs/21/u2145461/.local/lib/python3.12/site-packages (from matplotlib) (4.56.0)
Requirement already satisfied: kiwisolver>=1.3.1 in /dcs/21/u2145461/.local/lib/python3.12/site-packages (from matplotlib) (1.4.8)
Requirement already satisfied: numpy>=1.23 in /dcs/21/u2145461/.local/lib/python3.12/site-packages (from matplotlib) (2.2.3)
Requirement already satisfied: packaging>=20.0 in /dcs/21/u2145461/.local/lib/python3.12/site-packages (from matplotlib) (24.2)
Requirement already satisfied: pillow>=8 in /dcs/21/u2145461/.local/lib/python3.12/site-packages (from matplotlib) (11.0.0)
Requirement already satisfied: pyparsing>=2.3.1 in /dcs/21/u2145461/.local/lib/python3.12/site-packages (from matplotlib) (3.2.1)
Requirement already satisfied: python-dateutil>=2.7 in /dcs/21/u2145461/.local/lib/python3.12/site-packages (from matplotlib) (2.9.0.post0)
Requirement already satisfied: six>=1.5 in /dcs/21/u2145461/.local/lib/python3.12/site-packages (from python-dateutil>=2.7->matplotlib) (1.17.0)
Requirement already satisfied: quadprog in /dcs/21/u2145461/.local/lib/python3.12/site-packages (0.1.13)
Requirement already satisfied: numpy in /dcs/21/u2145461/.local/lib/python3.12/site-packages (from quadprog) (2.2.3)
Requirement already satisfied: pyparsing in /dcs/21/u2145461/.local/lib/python3.12/site-packages (3.2.1)
Wed Mar  5 20:59:34 2025       
+-----------------------------------------------------------------------------------------+
| NVIDIA-SMI 550.144.03             Driver Version: 550.144.03     CUDA Version: 12.4     |
|-----------------------------------------+------------------------+----------------------+
| GPU  Name                 Persistence-M | Bus-Id          Disp.A | Volatile Uncorr. ECC |
| Fan  Temp   Perf          Pwr:Usage/Cap |           Memory-Usage | GPU-Util  Compute M. |
|                                         |                        |               MIG M. |
|=========================================+========================+======================|
|   0  NVIDIA A10                     On  |   00000000:25:00.0 Off |                    0 |
|  0%   25C    P8             15W /  150W |       1MiB /  23028MiB |      0%      Default |
|                                         |                        |                  N/A |
+-----------------------------------------+------------------------+----------------------+
|   1  NVIDIA A10                     On  |   00000000:81:00.0 Off |                    0 |
|  0%   25C    P8             15W /  150W |       1MiB /  23028MiB |      0%      Default |
|                                         |                        |                  N/A |
+-----------------------------------------+------------------------+----------------------+
|   2  NVIDIA A10                     On  |   00000000:E1:00.0 Off |                    0 |
|  0%   23C    P8              9W /  150W |       1MiB /  23028MiB |      0%      Default |
|                                         |                        |                  N/A |
+-----------------------------------------+------------------------+----------------------+
                                                                                         
+-----------------------------------------------------------------------------------------+
| Processes:                                                                              |
|  GPU   GI   CI        PID   Type   Process name                              GPU Memory |
|        ID   ID                                                               Usage      |
|=========================================================================================|
|  No running processes found                                                             |
+-----------------------------------------------------------------------------------------+
Python 3.12.8
./cifar-100-python/train
./cifar-100-python/test
300
cifar-100-python/train
cifar-100-python/test
new ordering of classes:  ['camel', 'porcupine', 'palm', 'shark', 'pine', 'snake', 'castle', 'man', 'snail', 'bed', 'seal', 'couch', 'motorcycle', 'bridge', 'plates', 'cups', 'butterfly', 'bicycle', 'caterpillar', 'lizard', 'bee', 'roses', 'lion', 'shrew', 'kangaroo', 'train', 'house', 'elephant', 'chimpanzee', 'dinosaur', 'crab', 'spider', 'computer keyboard', 'cloud', 'streetcar', 'whale', 'trout', 'telephone', 'fox', 'dolphin', 'oranges', 'mushrooms', 'lamp', 'clock', 'willow', 'poppies', 'bowls', 'leopard', 'skunk', 'cans', 'apples', 'raccoon', 'bear', 'pickup truck', 'wolf', 'crocodile', 'wardrobe', 'worm', 'bus', 'cockroach', 'plain', 'road', 'cattle', 'lobster', 'tank', 'mouse', 'pears', 'beetle', 'forest', 'flatfish', 'tractor', 'chair', 'orchids', 'beaver', 'possum', 'girl', 'skyscraper', 'turtle', 'sweet peppers', 'aquarium fish', 'maple', 'mountain', 'boy', 'oak', 'hamster', 'baby', 'sea', 'woman', 'table', 'lawn-mower', 'ray', 'tulips', 'bottles', 'sunflowers', 'tiger', 'television', 'rabbit', 'rocket', 'otter', 'squirrel']
Training task:  1
Training task:  2
Training task:  3
Training task:  4
Training task:  5
Training task:  6
Training task:  7
Training task:  8
Training task:  9
Training task:  10
Training task:  11
Training task:  12
Training task:  13
Training task:  14
Training task:  15
Training task:  16
Training task:  17
Training task:  18
Training task:  19
Training task:  20
Unlearning task:  20
Total correct retain:  1506  Total retain:  2500
Total correct forget:  33245  Total forget:  47500
Total correct test:  270  Total test:  500
Total correct forget test:  5872  Total test forget:  9500
Total correct retain:  500  Total retain:  2500
Total correct forget:  12897  Total forget:  47500
Total correct test:  100  Total test:  500
Total correct forget test:  2568  Total test forget:  9500
Total correct retain:  617  Total retain:  2500
Total correct forget:  10292  Total forget:  47500
Total correct test:  115  Total test:  500
Total correct forget test:  2034  Total test forget:  9500
Total correct retain:  828  Total retain:  2500
Total correct forget:  11843  Total forget:  47500
Total correct test:  179  Total test:  500
Total correct forget test:  2384  Total test forget:  9500
Total correct retain:  533  Total retain:  2500
Total correct forget:  10743  Total forget:  47500
Total correct test:  107  Total test:  500
Total correct forget test:  2151  Total test forget:  9500
Total correct retain:  500  Total retain:  2500
Total correct forget:  9751  Total forget:  47500
Total correct test:  100  Total test:  500
Total correct forget test:  1984  Total test forget:  9500
Total correct retain:  653  Total retain:  2500
Total correct forget:  10214  Total forget:  47500
Total correct test:  131  Total test:  500
Total correct forget test:  2064  Total test forget:  9500
Total correct retain:  500  Total retain:  2500
Total correct forget:  9317  Total forget:  47500
Total correct test:  100  Total test:  500
Total correct forget test:  1862  Total test forget:  9500
Total correct retain:  500  Total retain:  2500
Total correct forget:  9232  Total forget:  47500
Total correct test:  100  Total test:  500
Total correct forget test:  1837  Total test forget:  9500
Total correct retain:  511  Total retain:  2500
Total correct forget:  9758  Total forget:  47500
Total correct test:  106  Total test:  500
Total correct forget test:  1964  Total test forget:  9500
Total correct retain:  429  Total retain:  2500
Total correct forget:  9540  Total forget:  47500
Total correct test:  92  Total test:  500
Total correct forget test:  1912  Total test forget:  9500
Total correct retain:  524  Total retain:  2500
Total correct forget:  9700  Total forget:  47500
Total correct test:  110  Total test:  500
Total correct forget test:  1940  Total test forget:  9500
Total correct retain:  500  Total retain:  2500
Total correct forget:  9504  Total forget:  47500
Total correct test:  100  Total test:  500
Total correct forget test:  1908  Total test forget:  9500
Total correct retain:  887  Total retain:  2500
Total correct forget:  10226  Total forget:  47500
Total correct test:  169  Total test:  500
Total correct forget test:  2006  Total test forget:  9500
Total correct retain:  500  Total retain:  2500
Total correct forget:  9500  Total forget:  47500
Total correct test:  100  Total test:  500
Total correct forget test:  1900  Total test forget:  9500
Total correct retain:  500  Total retain:  2500
Total correct forget:  9500  Total forget:  47500
Total correct test:  100  Total test:  500
Total correct forget test:  1900  Total test forget:  9500
Total correct retain:  465  Total retain:  2500
Total correct forget:  9500  Total forget:  47500
Total correct test:  97  Total test:  500
Total correct forget test:  1901  Total test forget:  9500
Total correct retain:  392  Total retain:  2500
Total correct forget:  9421  Total forget:  47500
Total correct test:  85  Total test:  500
Total correct forget test:  1877  Total test forget:  9500
Total correct retain:  500  Total retain:  2500
Total correct forget:  9460  Total forget:  47500
Total correct test:  100  Total test:  500
Total correct forget test:  1890  Total test forget:  9500
Total correct retain:  500  Total retain:  2500
Total correct forget:  9500  Total forget:  47500
Total correct test:  100  Total test:  500
Total correct forget test:  1900  Total test forget:  9500
Plot  0  Done
Average Retain Accuracies:  [0.6024, 0.2, 0.2468, 0.3312, 0.2132, 0.2, 0.2612, 0.2, 0.2, 0.2044, 0.1716, 0.2096, 0.2, 0.3548, 0.2, 0.2, 0.186, 0.1568, 0.2, 0.2]
Average Forget Accuracies:  [0.6998947368421052, 0.2715157894736842, 0.21667368421052632, 0.24932631578947367, 0.22616842105263157, 0.2052842105263158, 0.21503157894736843, 0.19614736842105263, 0.19435789473684212, 0.2054315789473684, 0.2008421052631579, 0.20421052631578948, 0.20008421052631578, 0.2152842105263158, 0.2, 0.2, 0.2, 0.19833684210526314, 0.19915789473684212, 0.2]
Average Retain Test Accuracies:  [0.54, 0.2, 0.23, 0.358, 0.214, 0.2, 0.262, 0.2, 0.2, 0.212, 0.184, 0.22, 0.2, 0.338, 0.2, 0.2, 0.194, 0.17, 0.2, 0.2]
Average Forget Test Accuracies:  [0.6181052631578947, 0.27031578947368423, 0.21410526315789474, 0.25094736842105264, 0.22642105263157894, 0.20884210526315788, 0.21726315789473685, 0.196, 0.19336842105263158, 0.20673684210526316, 0.20126315789473684, 0.20421052631578948, 0.2008421052631579, 0.2111578947368421, 0.2, 0.2, 0.20010526315789473, 0.19757894736842105, 0.19894736842105262, 0.2]
Done
