Requirement already satisfied: pyyaml in /usr/lib64/python3.12/site-packages (6.0.1)
Requirement already satisfied: setuptools in /usr/lib/python3.12/site-packages (68.2.2)
Requirement already satisfied: matplotlib in /dcs/21/u2145461/.local/lib/python3.12/site-packages (3.10.1)
Requirement already satisfied: contourpy>=1.0.1 in /dcs/21/u2145461/.local/lib/python3.12/site-packages (from matplotlib) (1.3.1)
Requirement already satisfied: cycler>=0.10 in /dcs/21/u2145461/.local/lib/python3.12/site-packages (from matplotlib) (0.12.1)
Requirement already satisfied: fonttools>=4.22.0 in /dcs/21/u2145461/.local/lib/python3.12/site-packages (from matplotlib) (4.56.0)
Requirement already satisfied: kiwisolver>=1.3.1 in /dcs/21/u2145461/.local/lib/python3.12/site-packages (from matplotlib) (1.4.8)
Requirement already satisfied: numpy>=1.23 in /dcs/21/u2145461/.local/lib/python3.12/site-packages (from matplotlib) (2.2.3)
Requirement already satisfied: packaging>=20.0 in /dcs/21/u2145461/.local/lib/python3.12/site-packages (from matplotlib) (24.2)
Requirement already satisfied: pillow>=8 in /dcs/21/u2145461/.local/lib/python3.12/site-packages (from matplotlib) (11.0.0)
Requirement already satisfied: pyparsing>=2.3.1 in /dcs/21/u2145461/.local/lib/python3.12/site-packages (from matplotlib) (3.2.1)
Requirement already satisfied: python-dateutil>=2.7 in /dcs/21/u2145461/.local/lib/python3.12/site-packages (from matplotlib) (2.9.0.post0)
Requirement already satisfied: six>=1.5 in /dcs/21/u2145461/.local/lib/python3.12/site-packages (from python-dateutil>=2.7->matplotlib) (1.17.0)
Requirement already satisfied: quadprog in /dcs/21/u2145461/.local/lib/python3.12/site-packages (0.1.13)
Requirement already satisfied: numpy in /dcs/21/u2145461/.local/lib/python3.12/site-packages (from quadprog) (2.2.3)
Requirement already satisfied: pyparsing in /dcs/21/u2145461/.local/lib/python3.12/site-packages (3.2.1)
Requirement already satisfied: pandas in /dcs/21/u2145461/.local/lib/python3.12/site-packages (2.2.3)
Requirement already satisfied: numpy>=1.26.0 in /dcs/21/u2145461/.local/lib/python3.12/site-packages (from pandas) (2.2.3)
Requirement already satisfied: python-dateutil>=2.8.2 in /dcs/21/u2145461/.local/lib/python3.12/site-packages (from pandas) (2.9.0.post0)
Requirement already satisfied: pytz>=2020.1 in /dcs/21/u2145461/.local/lib/python3.12/site-packages (from pandas) (2025.1)
Requirement already satisfied: tzdata>=2022.7 in /dcs/21/u2145461/.local/lib/python3.12/site-packages (from pandas) (2025.1)
Requirement already satisfied: six>=1.5 in /dcs/21/u2145461/.local/lib/python3.12/site-packages (from python-dateutil>=2.8.2->pandas) (1.17.0)
Requirement already satisfied: numpy in /dcs/21/u2145461/.local/lib/python3.12/site-packages (2.2.3)
Mon Mar 10 22:33:12 2025       
+-----------------------------------------------------------------------------------------+
| NVIDIA-SMI 550.144.03             Driver Version: 550.144.03     CUDA Version: 12.4     |
|-----------------------------------------+------------------------+----------------------+
| GPU  Name                 Persistence-M | Bus-Id          Disp.A | Volatile Uncorr. ECC |
| Fan  Temp   Perf          Pwr:Usage/Cap |           Memory-Usage | GPU-Util  Compute M. |
|                                         |                        |               MIG M. |
|=========================================+========================+======================|
|   0  NVIDIA RTX A5000               Off |   00000000:01:00.0 Off |                  Off |
| 30%   53C    P0             N/A /  230W |       1MiB /  24564MiB |      0%      Default |
|                                         |                        |                  N/A |
+-----------------------------------------+------------------------+----------------------+
                                                                                         
+-----------------------------------------------------------------------------------------+
| Processes:                                                                              |
|  GPU   GI   CI        PID   Type   Process name                              GPU Memory |
|        ID   ID                                                               Usage      |
|=========================================================================================|
|  No running processes found                                                             |
+-----------------------------------------------------------------------------------------+
Python 3.12.8
./cifar-100-python/train
./cifar-100-python/test
Unlearn Batch Size:  10
Unlearn MEM Strength:  0.6
cifar-100-python/train
cifar-100-python/test
new ordering of classes:  ['mushrooms', 'wolf', 'otter', 'worm', 'willow', 'bicycle', 'cans', 'chimpanzee', 'shrew', 'bus', 'palm', 'bridge', 'beetle', 'lobster', 'cloud', 'trout', 'bottles', 'lizard', 'cattle', 'mouse', 'crocodile', 'shark', 'possum', 'seal', 'oak', 'bowls', 'snake', 'castle', 'lion', 'plain', 'porcupine', 'bear', 'turtle', 'man', 'motorcycle', 'dolphin', 'lamp', 'skyscraper', 'crab', 'table', 'pine', 'rabbit', 'sunflowers', 'dinosaur', 'fox', 'camel', 'ray', 'road', 'chair', 'spider', 'kangaroo', 'telephone', 'mountain', 'orchids', 'boy', 'clock', 'leopard', 'flatfish', 'whale', 'bee', 'bed', 'roses', 'tulips', 'pears', 'beaver', 'baby', 'woman', 'apples', 'squirrel', 'couch', 'raccoon', 'poppies', 'train', 'streetcar', 'forest', 'snail', 'tank', 'caterpillar', 'plates', 'house', 'elephant', 'hamster', 'oranges', 'cups', 'pickup truck', 'butterfly', 'maple', 'girl', 'rocket', 'lawn-mower', 'skunk', 'sweet peppers', 'tractor', 'sea', 'computer keyboard', 'wardrobe', 'tiger', 'cockroach', 'television', 'aquarium fish']
Training task:  1
[0.238, 0.2, 0.222, 0.2, 0.2, 0.202, 0.2, 0.194, 0.22, 0.206, 0.2, 0.252, 0.184, 0.196, 0.2, 0.2, 0.174, 0.2, 0.192, 0.252]
Training task:  2
[0.198, 0.192, 0.2, 0.2, 0.252, 0.2, 0.2, 0.184, 0.18, 0.2, 0.2, 0.2, 0.166, 0.198, 0.192, 0.2, 0.2, 0.2, 0.2, 0.206]
Training task:  3
[0.202, 0.2, 0.2, 0.17, 0.178, 0.184, 0.2, 0.2, 0.168, 0.2, 0.2, 0.2, 0.232, 0.2, 0.16, 0.18, 0.2, 0.2, 0.2, 0.2]
Training task:  4
[0.204, 0.288, 0.204, 0.212, 0.22, 0.198, 0.2, 0.218, 0.15, 0.116, 0.204, 0.2, 0.194, 0.204, 0.202, 0.19, 0.2, 0.2, 0.2, 0.2]
Training task:  5
[0.212, 0.354, 0.248, 0.278, 0.31, 0.198, 0.16, 0.236, 0.212, 0.096, 0.188, 0.208, 0.158, 0.266, 0.202, 0.236, 0.198, 0.202, 0.178, 0.242]
Training task:  6
[0.47, 0.396, 0.228, 0.302, 0.502, 0.248, 0.194, 0.21, 0.206, 0.2, 0.206, 0.182, 0.202, 0.25, 0.272, 0.178, 0.168, 0.204, 0.258, 0.254]
Training task:  7
[0.402, 0.342, 0.322, 0.256, 0.544, 0.26, 0.288, 0.266, 0.222, 0.132, 0.206, 0.214, 0.194, 0.206, 0.244, 0.266, 0.182, 0.198, 0.126, 0.21]
Training task:  8
[0.332, 0.266, 0.402, 0.256, 0.394, 0.33, 0.246, 0.302, 0.16, 0.21, 0.186, 0.186, 0.198, 0.228, 0.26, 0.2, 0.19, 0.242, 0.202, 0.306]
Training task:  9
[0.314, 0.33, 0.214, 0.282, 0.406, 0.334, 0.304, 0.308, 0.306, 0.21, 0.204, 0.118, 0.288, 0.198, 0.194, 0.192, 0.2, 0.204, 0.234, 0.236]
Training task:  10
[0.182, 0.252, 0.204, 0.266, 0.2, 0.222, 0.286, 0.308, 0.334, 0.316, 0.256, 0.074, 0.2, 0.234, 0.274, 0.212, 0.232, 0.2, 0.218, 0.178]
Training task:  11
[0.276, 0.206, 0.34, 0.208, 0.492, 0.316, 0.284, 0.292, 0.388, 0.304, 0.168, 0.152, 0.144, 0.18, 0.22, 0.282, 0.214, 0.134, 0.206, 0.254]
Training task:  12
[0.282, 0.342, 0.294, 0.208, 0.222, 0.278, 0.264, 0.32, 0.302, 0.226, 0.266, 0.318, 0.17, 0.186, 0.352, 0.222, 0.222, 0.194, 0.272, 0.146]
Training task:  13
[0.24, 0.292, 0.2, 0.246, 0.234, 0.192, 0.192, 0.218, 0.298, 0.334, 0.228, 0.25, 0.27, 0.218, 0.238, 0.202, 0.166, 0.22, 0.148, 0.216]
Training task:  14
[0.206, 0.214, 0.25, 0.214, 0.206, 0.218, 0.198, 0.218, 0.216, 0.2, 0.2, 0.204, 0.204, 0.186, 0.27, 0.262, 0.178, 0.198, 0.252, 0.172]
Training task:  15
[0.352, 0.346, 0.288, 0.226, 0.452, 0.264, 0.328, 0.318, 0.398, 0.396, 0.414, 0.386, 0.286, 0.268, 0.276, 0.292, 0.206, 0.234, 0.232, 0.196]
Training task:  16
[0.424, 0.386, 0.31, 0.29, 0.356, 0.296, 0.332, 0.354, 0.364, 0.298, 0.366, 0.422, 0.278, 0.282, 0.318, 0.298, 0.228, 0.2, 0.198, 0.28]
Training task:  17
[0.344, 0.368, 0.332, 0.262, 0.444, 0.366, 0.282, 0.352, 0.406, 0.45, 0.434, 0.458, 0.29, 0.296, 0.308, 0.344, 0.224, 0.232, 0.192, 0.236]
Training task:  18
[0.408, 0.436, 0.432, 0.288, 0.434, 0.336, 0.38, 0.4, 0.454, 0.38, 0.382, 0.424, 0.348, 0.302, 0.404, 0.414, 0.332, 0.362, 0.156, 0.292]
Training task:  19
[0.344, 0.378, 0.382, 0.29, 0.478, 0.344, 0.28, 0.376, 0.442, 0.462, 0.454, 0.478, 0.324, 0.288, 0.372, 0.328, 0.318, 0.478, 0.358, 0.234]
Training task:  20
[0.288, 0.282, 0.238, 0.222, 0.268, 0.348, 0.288, 0.302, 0.278, 0.248, 0.3, 0.328, 0.364, 0.288, 0.296, 0.272, 0.252, 0.316, 0.31, 0.248]
Unlearning task:  20
Total correct retain:  724  Total retain:  2500
Total correct forget:  13981  Total forget:  47500
Total correct test:  144  Total test:  500
Total correct forget test:  2724  Total test forget:  9500
[0.288]
[0.288, 0.282]
[0.288, 0.282, 0.238]
[0.288, 0.282, 0.238, 0.222]
[0.288, 0.282, 0.238, 0.222, 0.268]
[0.288, 0.282, 0.238, 0.222, 0.268, 0.348]
[0.288, 0.282, 0.238, 0.222, 0.268, 0.348, 0.288]
[0.288, 0.282, 0.238, 0.222, 0.268, 0.348, 0.288, 0.302]
[0.288, 0.282, 0.238, 0.222, 0.268, 0.348, 0.288, 0.302, 0.278]
[0.288, 0.282, 0.238, 0.222, 0.268, 0.348, 0.288, 0.302, 0.278, 0.248]
[0.288, 0.282, 0.238, 0.222, 0.268, 0.348, 0.288, 0.302, 0.278, 0.248, 0.3]
[0.288, 0.282, 0.238, 0.222, 0.268, 0.348, 0.288, 0.302, 0.278, 0.248, 0.3, 0.328]
[0.288, 0.282, 0.238, 0.222, 0.268, 0.348, 0.288, 0.302, 0.278, 0.248, 0.3, 0.328, 0.364]
[0.288, 0.282, 0.238, 0.222, 0.268, 0.348, 0.288, 0.302, 0.278, 0.248, 0.3, 0.328, 0.364, 0.288]
[0.288, 0.282, 0.238, 0.222, 0.268, 0.348, 0.288, 0.302, 0.278, 0.248, 0.3, 0.328, 0.364, 0.288, 0.296]
[0.288, 0.282, 0.238, 0.222, 0.268, 0.348, 0.288, 0.302, 0.278, 0.248, 0.3, 0.328, 0.364, 0.288, 0.296, 0.272]
[0.288, 0.282, 0.238, 0.222, 0.268, 0.348, 0.288, 0.302, 0.278, 0.248, 0.3, 0.328, 0.364, 0.288, 0.296, 0.272, 0.252]
[0.288, 0.282, 0.238, 0.222, 0.268, 0.348, 0.288, 0.302, 0.278, 0.248, 0.3, 0.328, 0.364, 0.288, 0.296, 0.272, 0.252, 0.316]
[0.288, 0.282, 0.238, 0.222, 0.268, 0.348, 0.288, 0.302, 0.278, 0.248, 0.3, 0.328, 0.364, 0.288, 0.296, 0.272, 0.252, 0.316, 0.31]
[0.288, 0.282, 0.238, 0.222, 0.268, 0.348, 0.288, 0.302, 0.278, 0.248, 0.3, 0.328, 0.364, 0.288, 0.296, 0.272, 0.252, 0.316, 0.31, 0.248]
broken out of loop
Total correct retain:  779  Total retain:  2500
Total correct forget:  14448  Total forget:  47500
Total correct test:  156  Total test:  500
Total correct forget test:  2839  Total test forget:  9500
[0.312]
[0.312, 0.294]
[0.312, 0.294, 0.248]
[0.312, 0.294, 0.248, 0.228]
[0.312, 0.294, 0.248, 0.228, 0.284]
[0.312, 0.294, 0.248, 0.228, 0.284, 0.372]
[0.312, 0.294, 0.248, 0.228, 0.284, 0.372, 0.294]
[0.312, 0.294, 0.248, 0.228, 0.284, 0.372, 0.294, 0.318]
[0.312, 0.294, 0.248, 0.228, 0.284, 0.372, 0.294, 0.318, 0.31]
[0.312, 0.294, 0.248, 0.228, 0.284, 0.372, 0.294, 0.318, 0.31, 0.254]
[0.312, 0.294, 0.248, 0.228, 0.284, 0.372, 0.294, 0.318, 0.31, 0.254, 0.306]
[0.312, 0.294, 0.248, 0.228, 0.284, 0.372, 0.294, 0.318, 0.31, 0.254, 0.306, 0.342]
[0.312, 0.294, 0.248, 0.228, 0.284, 0.372, 0.294, 0.318, 0.31, 0.254, 0.306, 0.342, 0.376]
[0.312, 0.294, 0.248, 0.228, 0.284, 0.372, 0.294, 0.318, 0.31, 0.254, 0.306, 0.342, 0.376, 0.298]
[0.312, 0.294, 0.248, 0.228, 0.284, 0.372, 0.294, 0.318, 0.31, 0.254, 0.306, 0.342, 0.376, 0.298, 0.316]
[0.312, 0.294, 0.248, 0.228, 0.284, 0.372, 0.294, 0.318, 0.31, 0.254, 0.306, 0.342, 0.376, 0.298, 0.316, 0.282]
[0.312, 0.294, 0.248, 0.228, 0.284, 0.372, 0.294, 0.318, 0.31, 0.254, 0.306, 0.342, 0.376, 0.298, 0.316, 0.282, 0.26]
[0.312, 0.294, 0.248, 0.228, 0.284, 0.372, 0.294, 0.318, 0.31, 0.254, 0.306, 0.342, 0.376, 0.298, 0.316, 0.282, 0.26, 0.32]
[0.312, 0.294, 0.248, 0.228, 0.284, 0.372, 0.294, 0.318, 0.31, 0.254, 0.306, 0.342, 0.376, 0.298, 0.316, 0.282, 0.26, 0.32, 0.32]
[0.312, 0.294, 0.248, 0.228, 0.284, 0.372, 0.294, 0.318, 0.31, 0.254, 0.306, 0.342, 0.376, 0.298, 0.316, 0.282, 0.26, 0.32, 0.32, 0.256]
broken out of loop
Total correct retain:  812  Total retain:  2500
Total correct forget:  14983  Total forget:  47500
Total correct test:  170  Total test:  500
Total correct forget test:  2950  Total test forget:  9500
[0.34]
[0.34, 0.308]
[0.34, 0.308, 0.266]
[0.34, 0.308, 0.266, 0.246]
[0.34, 0.308, 0.266, 0.246, 0.296]
[0.34, 0.308, 0.266, 0.246, 0.296, 0.378]
[0.34, 0.308, 0.266, 0.246, 0.296, 0.378, 0.314]
[0.34, 0.308, 0.266, 0.246, 0.296, 0.378, 0.314, 0.324]
[0.34, 0.308, 0.266, 0.246, 0.296, 0.378, 0.314, 0.324, 0.318]
[0.34, 0.308, 0.266, 0.246, 0.296, 0.378, 0.314, 0.324, 0.318, 0.266]
[0.34, 0.308, 0.266, 0.246, 0.296, 0.378, 0.314, 0.324, 0.318, 0.266, 0.322]
[0.34, 0.308, 0.266, 0.246, 0.296, 0.378, 0.314, 0.324, 0.318, 0.266, 0.322, 0.354]
[0.34, 0.308, 0.266, 0.246, 0.296, 0.378, 0.314, 0.324, 0.318, 0.266, 0.322, 0.354, 0.374]
[0.34, 0.308, 0.266, 0.246, 0.296, 0.378, 0.314, 0.324, 0.318, 0.266, 0.322, 0.354, 0.374, 0.296]
[0.34, 0.308, 0.266, 0.246, 0.296, 0.378, 0.314, 0.324, 0.318, 0.266, 0.322, 0.354, 0.374, 0.296, 0.344]
[0.34, 0.308, 0.266, 0.246, 0.296, 0.378, 0.314, 0.324, 0.318, 0.266, 0.322, 0.354, 0.374, 0.296, 0.344, 0.288]
[0.34, 0.308, 0.266, 0.246, 0.296, 0.378, 0.314, 0.324, 0.318, 0.266, 0.322, 0.354, 0.374, 0.296, 0.344, 0.288, 0.28]
[0.34, 0.308, 0.266, 0.246, 0.296, 0.378, 0.314, 0.324, 0.318, 0.266, 0.322, 0.354, 0.374, 0.296, 0.344, 0.288, 0.28, 0.338]
[0.34, 0.308, 0.266, 0.246, 0.296, 0.378, 0.314, 0.324, 0.318, 0.266, 0.322, 0.354, 0.374, 0.296, 0.344, 0.288, 0.28, 0.338, 0.32]
[0.34, 0.308, 0.266, 0.246, 0.296, 0.378, 0.314, 0.324, 0.318, 0.266, 0.322, 0.354, 0.374, 0.296, 0.344, 0.288, 0.28, 0.338, 0.32, 0.268]
broken out of loop
Total correct retain:  835  Total retain:  2500
Total correct forget:  15511  Total forget:  47500
Total correct test:  183  Total test:  500
Total correct forget test:  3061  Total test forget:  9500
[0.366]
[0.366, 0.336]
[0.366, 0.336, 0.282]
[0.366, 0.336, 0.282, 0.244]
[0.366, 0.336, 0.282, 0.244, 0.316]
[0.366, 0.336, 0.282, 0.244, 0.316, 0.38]
[0.366, 0.336, 0.282, 0.244, 0.316, 0.38, 0.336]
[0.366, 0.336, 0.282, 0.244, 0.316, 0.38, 0.336, 0.34]
[0.366, 0.336, 0.282, 0.244, 0.316, 0.38, 0.336, 0.34, 0.332]
[0.366, 0.336, 0.282, 0.244, 0.316, 0.38, 0.336, 0.34, 0.332, 0.278]
[0.366, 0.336, 0.282, 0.244, 0.316, 0.38, 0.336, 0.34, 0.332, 0.278, 0.334]
[0.366, 0.336, 0.282, 0.244, 0.316, 0.38, 0.336, 0.34, 0.332, 0.278, 0.334, 0.372]
[0.366, 0.336, 0.282, 0.244, 0.316, 0.38, 0.336, 0.34, 0.332, 0.278, 0.334, 0.372, 0.38]
[0.366, 0.336, 0.282, 0.244, 0.316, 0.38, 0.336, 0.34, 0.332, 0.278, 0.334, 0.372, 0.38, 0.306]
[0.366, 0.336, 0.282, 0.244, 0.316, 0.38, 0.336, 0.34, 0.332, 0.278, 0.334, 0.372, 0.38, 0.306, 0.356]
[0.366, 0.336, 0.282, 0.244, 0.316, 0.38, 0.336, 0.34, 0.332, 0.278, 0.334, 0.372, 0.38, 0.306, 0.356, 0.296]
[0.366, 0.336, 0.282, 0.244, 0.316, 0.38, 0.336, 0.34, 0.332, 0.278, 0.334, 0.372, 0.38, 0.306, 0.356, 0.296, 0.276]
[0.366, 0.336, 0.282, 0.244, 0.316, 0.38, 0.336, 0.34, 0.332, 0.278, 0.334, 0.372, 0.38, 0.306, 0.356, 0.296, 0.276, 0.348]
[0.366, 0.336, 0.282, 0.244, 0.316, 0.38, 0.336, 0.34, 0.332, 0.278, 0.334, 0.372, 0.38, 0.306, 0.356, 0.296, 0.276, 0.348, 0.33]
[0.366, 0.336, 0.282, 0.244, 0.316, 0.38, 0.336, 0.34, 0.332, 0.278, 0.334, 0.372, 0.38, 0.306, 0.356, 0.296, 0.276, 0.348, 0.33, 0.28]
broken out of loop
Total correct retain:  875  Total retain:  2500
Total correct forget:  15978  Total forget:  47500
Total correct test:  188  Total test:  500
Total correct forget test:  3159  Total test forget:  9500
[0.376]
[0.376, 0.338]
[0.376, 0.338, 0.292]
[0.376, 0.338, 0.292, 0.254]
[0.376, 0.338, 0.292, 0.254, 0.336]
[0.376, 0.338, 0.292, 0.254, 0.336, 0.402]
[0.376, 0.338, 0.292, 0.254, 0.336, 0.402, 0.346]
[0.376, 0.338, 0.292, 0.254, 0.336, 0.402, 0.346, 0.348]
[0.376, 0.338, 0.292, 0.254, 0.336, 0.402, 0.346, 0.348, 0.342]
[0.376, 0.338, 0.292, 0.254, 0.336, 0.402, 0.346, 0.348, 0.342, 0.284]
[0.376, 0.338, 0.292, 0.254, 0.336, 0.402, 0.346, 0.348, 0.342, 0.284, 0.346]
[0.376, 0.338, 0.292, 0.254, 0.336, 0.402, 0.346, 0.348, 0.342, 0.284, 0.346, 0.38]
[0.376, 0.338, 0.292, 0.254, 0.336, 0.402, 0.346, 0.348, 0.342, 0.284, 0.346, 0.38, 0.382]
[0.376, 0.338, 0.292, 0.254, 0.336, 0.402, 0.346, 0.348, 0.342, 0.284, 0.346, 0.38, 0.382, 0.328]
[0.376, 0.338, 0.292, 0.254, 0.336, 0.402, 0.346, 0.348, 0.342, 0.284, 0.346, 0.38, 0.382, 0.328, 0.362]
[0.376, 0.338, 0.292, 0.254, 0.336, 0.402, 0.346, 0.348, 0.342, 0.284, 0.346, 0.38, 0.382, 0.328, 0.362, 0.31]
[0.376, 0.338, 0.292, 0.254, 0.336, 0.402, 0.346, 0.348, 0.342, 0.284, 0.346, 0.38, 0.382, 0.328, 0.362, 0.31, 0.288]
[0.376, 0.338, 0.292, 0.254, 0.336, 0.402, 0.346, 0.348, 0.342, 0.284, 0.346, 0.38, 0.382, 0.328, 0.362, 0.31, 0.288, 0.348]
[0.376, 0.338, 0.292, 0.254, 0.336, 0.402, 0.346, 0.348, 0.342, 0.284, 0.346, 0.38, 0.382, 0.328, 0.362, 0.31, 0.288, 0.348, 0.336]
[0.376, 0.338, 0.292, 0.254, 0.336, 0.402, 0.346, 0.348, 0.342, 0.284, 0.346, 0.38, 0.382, 0.328, 0.362, 0.31, 0.288, 0.348, 0.336, 0.296]
broken out of loop
Total correct retain:  911  Total retain:  2500
Total correct forget:  16319  Total forget:  47500
Total correct test:  192  Total test:  500
Total correct forget test:  3230  Total test forget:  9500
[0.384]
[0.384, 0.362]
[0.384, 0.362, 0.304]
[0.384, 0.362, 0.304, 0.258]
[0.384, 0.362, 0.304, 0.258, 0.352]
[0.384, 0.362, 0.304, 0.258, 0.352, 0.398]
[0.384, 0.362, 0.304, 0.258, 0.352, 0.398, 0.352]
[0.384, 0.362, 0.304, 0.258, 0.352, 0.398, 0.352, 0.35]
[0.384, 0.362, 0.304, 0.258, 0.352, 0.398, 0.352, 0.35, 0.348]
[0.384, 0.362, 0.304, 0.258, 0.352, 0.398, 0.352, 0.35, 0.348, 0.288]
[0.384, 0.362, 0.304, 0.258, 0.352, 0.398, 0.352, 0.35, 0.348, 0.288, 0.358]
[0.384, 0.362, 0.304, 0.258, 0.352, 0.398, 0.352, 0.35, 0.348, 0.288, 0.358, 0.388]
[0.384, 0.362, 0.304, 0.258, 0.352, 0.398, 0.352, 0.35, 0.348, 0.288, 0.358, 0.388, 0.388]
[0.384, 0.362, 0.304, 0.258, 0.352, 0.398, 0.352, 0.35, 0.348, 0.288, 0.358, 0.388, 0.388, 0.338]
[0.384, 0.362, 0.304, 0.258, 0.352, 0.398, 0.352, 0.35, 0.348, 0.288, 0.358, 0.388, 0.388, 0.338, 0.37]
[0.384, 0.362, 0.304, 0.258, 0.352, 0.398, 0.352, 0.35, 0.348, 0.288, 0.358, 0.388, 0.388, 0.338, 0.37, 0.326]
[0.384, 0.362, 0.304, 0.258, 0.352, 0.398, 0.352, 0.35, 0.348, 0.288, 0.358, 0.388, 0.388, 0.338, 0.37, 0.326, 0.3]
[0.384, 0.362, 0.304, 0.258, 0.352, 0.398, 0.352, 0.35, 0.348, 0.288, 0.358, 0.388, 0.388, 0.338, 0.37, 0.326, 0.3, 0.35]
[0.384, 0.362, 0.304, 0.258, 0.352, 0.398, 0.352, 0.35, 0.348, 0.288, 0.358, 0.388, 0.388, 0.338, 0.37, 0.326, 0.3, 0.35, 0.34]
[0.384, 0.362, 0.304, 0.258, 0.352, 0.398, 0.352, 0.35, 0.348, 0.288, 0.358, 0.388, 0.388, 0.338, 0.37, 0.326, 0.3, 0.35, 0.34, 0.29]
broken out of loop
Total correct retain:  930  Total retain:  2500
Total correct forget:  16507  Total forget:  47500
Total correct test:  195  Total test:  500
Total correct forget test:  3272  Total test forget:  9500
[0.39]
[0.39, 0.364]
[0.39, 0.364, 0.314]
[0.39, 0.364, 0.314, 0.258]
[0.39, 0.364, 0.314, 0.258, 0.362]
[0.39, 0.364, 0.314, 0.258, 0.362, 0.404]
[0.39, 0.364, 0.314, 0.258, 0.362, 0.404, 0.358]
[0.39, 0.364, 0.314, 0.258, 0.362, 0.404, 0.358, 0.348]
[0.39, 0.364, 0.314, 0.258, 0.362, 0.404, 0.358, 0.348, 0.356]
[0.39, 0.364, 0.314, 0.258, 0.362, 0.404, 0.358, 0.348, 0.356, 0.288]
[0.39, 0.364, 0.314, 0.258, 0.362, 0.404, 0.358, 0.348, 0.356, 0.288, 0.362]
[0.39, 0.364, 0.314, 0.258, 0.362, 0.404, 0.358, 0.348, 0.356, 0.288, 0.362, 0.388]
[0.39, 0.364, 0.314, 0.258, 0.362, 0.404, 0.358, 0.348, 0.356, 0.288, 0.362, 0.388, 0.394]
[0.39, 0.364, 0.314, 0.258, 0.362, 0.404, 0.358, 0.348, 0.356, 0.288, 0.362, 0.388, 0.394, 0.338]
[0.39, 0.364, 0.314, 0.258, 0.362, 0.404, 0.358, 0.348, 0.356, 0.288, 0.362, 0.388, 0.394, 0.338, 0.368]
[0.39, 0.364, 0.314, 0.258, 0.362, 0.404, 0.358, 0.348, 0.356, 0.288, 0.362, 0.388, 0.394, 0.338, 0.368, 0.34]
[0.39, 0.364, 0.314, 0.258, 0.362, 0.404, 0.358, 0.348, 0.356, 0.288, 0.362, 0.388, 0.394, 0.338, 0.368, 0.34, 0.31]
[0.39, 0.364, 0.314, 0.258, 0.362, 0.404, 0.358, 0.348, 0.356, 0.288, 0.362, 0.388, 0.394, 0.338, 0.368, 0.34, 0.31, 0.352]
[0.39, 0.364, 0.314, 0.258, 0.362, 0.404, 0.358, 0.348, 0.356, 0.288, 0.362, 0.388, 0.394, 0.338, 0.368, 0.34, 0.31, 0.352, 0.346]
[0.39, 0.364, 0.314, 0.258, 0.362, 0.404, 0.358, 0.348, 0.356, 0.288, 0.362, 0.388, 0.394, 0.338, 0.368, 0.34, 0.31, 0.352, 0.346, 0.294]
broken out of loop
Total correct retain:  950  Total retain:  2500
Total correct forget:  16640  Total forget:  47500
Total correct test:  197  Total test:  500
Total correct forget test:  3301  Total test forget:  9500
[0.394]
[0.394, 0.368]
[0.394, 0.368, 0.314]
[0.394, 0.368, 0.314, 0.264]
[0.394, 0.368, 0.314, 0.264, 0.364]
[0.394, 0.368, 0.314, 0.264, 0.364, 0.418]
[0.394, 0.368, 0.314, 0.264, 0.364, 0.418, 0.362]
[0.394, 0.368, 0.314, 0.264, 0.364, 0.418, 0.362, 0.356]
[0.394, 0.368, 0.314, 0.264, 0.364, 0.418, 0.362, 0.356, 0.354]
[0.394, 0.368, 0.314, 0.264, 0.364, 0.418, 0.362, 0.356, 0.354, 0.294]
[0.394, 0.368, 0.314, 0.264, 0.364, 0.418, 0.362, 0.356, 0.354, 0.294, 0.366]
[0.394, 0.368, 0.314, 0.264, 0.364, 0.418, 0.362, 0.356, 0.354, 0.294, 0.366, 0.386]
[0.394, 0.368, 0.314, 0.264, 0.364, 0.418, 0.362, 0.356, 0.354, 0.294, 0.366, 0.386, 0.386]
[0.394, 0.368, 0.314, 0.264, 0.364, 0.418, 0.362, 0.356, 0.354, 0.294, 0.366, 0.386, 0.386, 0.342]
[0.394, 0.368, 0.314, 0.264, 0.364, 0.418, 0.362, 0.356, 0.354, 0.294, 0.366, 0.386, 0.386, 0.342, 0.378]
[0.394, 0.368, 0.314, 0.264, 0.364, 0.418, 0.362, 0.356, 0.354, 0.294, 0.366, 0.386, 0.386, 0.342, 0.378, 0.338]
[0.394, 0.368, 0.314, 0.264, 0.364, 0.418, 0.362, 0.356, 0.354, 0.294, 0.366, 0.386, 0.386, 0.342, 0.378, 0.338, 0.318]
[0.394, 0.368, 0.314, 0.264, 0.364, 0.418, 0.362, 0.356, 0.354, 0.294, 0.366, 0.386, 0.386, 0.342, 0.378, 0.338, 0.318, 0.358]
[0.394, 0.368, 0.314, 0.264, 0.364, 0.418, 0.362, 0.356, 0.354, 0.294, 0.366, 0.386, 0.386, 0.342, 0.378, 0.338, 0.318, 0.358, 0.348]
[0.394, 0.368, 0.314, 0.264, 0.364, 0.418, 0.362, 0.356, 0.354, 0.294, 0.366, 0.386, 0.386, 0.342, 0.378, 0.338, 0.318, 0.358, 0.348, 0.288]
broken out of loop
Total correct retain:  963  Total retain:  2500
Total correct forget:  16711  Total forget:  47500
Total correct test:  198  Total test:  500
Total correct forget test:  3305  Total test forget:  9500
[0.396]
[0.396, 0.372]
[0.396, 0.372, 0.322]
[0.396, 0.372, 0.322, 0.268]
[0.396, 0.372, 0.322, 0.268, 0.364]
[0.396, 0.372, 0.322, 0.268, 0.364, 0.42]
[0.396, 0.372, 0.322, 0.268, 0.364, 0.42, 0.354]
[0.396, 0.372, 0.322, 0.268, 0.364, 0.42, 0.354, 0.358]
[0.396, 0.372, 0.322, 0.268, 0.364, 0.42, 0.354, 0.358, 0.356]
[0.396, 0.372, 0.322, 0.268, 0.364, 0.42, 0.354, 0.358, 0.356, 0.3]
[0.396, 0.372, 0.322, 0.268, 0.364, 0.42, 0.354, 0.358, 0.356, 0.3, 0.364]
[0.396, 0.372, 0.322, 0.268, 0.364, 0.42, 0.354, 0.358, 0.356, 0.3, 0.364, 0.384]
[0.396, 0.372, 0.322, 0.268, 0.364, 0.42, 0.354, 0.358, 0.356, 0.3, 0.364, 0.384, 0.37]
[0.396, 0.372, 0.322, 0.268, 0.364, 0.42, 0.354, 0.358, 0.356, 0.3, 0.364, 0.384, 0.37, 0.338]
[0.396, 0.372, 0.322, 0.268, 0.364, 0.42, 0.354, 0.358, 0.356, 0.3, 0.364, 0.384, 0.37, 0.338, 0.378]
[0.396, 0.372, 0.322, 0.268, 0.364, 0.42, 0.354, 0.358, 0.356, 0.3, 0.364, 0.384, 0.37, 0.338, 0.378, 0.348]
[0.396, 0.372, 0.322, 0.268, 0.364, 0.42, 0.354, 0.358, 0.356, 0.3, 0.364, 0.384, 0.37, 0.338, 0.378, 0.348, 0.32]
[0.396, 0.372, 0.322, 0.268, 0.364, 0.42, 0.354, 0.358, 0.356, 0.3, 0.364, 0.384, 0.37, 0.338, 0.378, 0.348, 0.32, 0.354]
[0.396, 0.372, 0.322, 0.268, 0.364, 0.42, 0.354, 0.358, 0.356, 0.3, 0.364, 0.384, 0.37, 0.338, 0.378, 0.348, 0.32, 0.354, 0.344]
[0.396, 0.372, 0.322, 0.268, 0.364, 0.42, 0.354, 0.358, 0.356, 0.3, 0.364, 0.384, 0.37, 0.338, 0.378, 0.348, 0.32, 0.354, 0.344, 0.296]
broken out of loop
Total correct retain:  987  Total retain:  2500
Total correct forget:  17176  Total forget:  47500
Total correct test:  200  Total test:  500
Total correct forget test:  3375  Total test forget:  9500
[0.4]
[0.4, 0.376]
[0.4, 0.376, 0.338]
[0.4, 0.376, 0.338, 0.266]
[0.4, 0.376, 0.338, 0.266, 0.368]
[0.4, 0.376, 0.338, 0.266, 0.368, 0.43]
[0.4, 0.376, 0.338, 0.266, 0.368, 0.43, 0.356]
[0.4, 0.376, 0.338, 0.266, 0.368, 0.43, 0.356, 0.372]
[0.4, 0.376, 0.338, 0.266, 0.368, 0.43, 0.356, 0.372, 0.368]
[0.4, 0.376, 0.338, 0.266, 0.368, 0.43, 0.356, 0.372, 0.368, 0.314]
[0.4, 0.376, 0.338, 0.266, 0.368, 0.43, 0.356, 0.372, 0.368, 0.314, 0.372]
[0.4, 0.376, 0.338, 0.266, 0.368, 0.43, 0.356, 0.372, 0.368, 0.314, 0.372, 0.392]
[0.4, 0.376, 0.338, 0.266, 0.368, 0.43, 0.356, 0.372, 0.368, 0.314, 0.372, 0.392, 0.386]
[0.4, 0.376, 0.338, 0.266, 0.368, 0.43, 0.356, 0.372, 0.368, 0.314, 0.372, 0.392, 0.386, 0.338]
[0.4, 0.376, 0.338, 0.266, 0.368, 0.43, 0.356, 0.372, 0.368, 0.314, 0.372, 0.392, 0.386, 0.338, 0.382]
[0.4, 0.376, 0.338, 0.266, 0.368, 0.43, 0.356, 0.372, 0.368, 0.314, 0.372, 0.392, 0.386, 0.338, 0.382, 0.356]
[0.4, 0.376, 0.338, 0.266, 0.368, 0.43, 0.356, 0.372, 0.368, 0.314, 0.372, 0.392, 0.386, 0.338, 0.382, 0.356, 0.324]
[0.4, 0.376, 0.338, 0.266, 0.368, 0.43, 0.356, 0.372, 0.368, 0.314, 0.372, 0.392, 0.386, 0.338, 0.382, 0.356, 0.324, 0.372]
[0.4, 0.376, 0.338, 0.266, 0.368, 0.43, 0.356, 0.372, 0.368, 0.314, 0.372, 0.392, 0.386, 0.338, 0.382, 0.356, 0.324, 0.372, 0.34]
[0.4, 0.376, 0.338, 0.266, 0.368, 0.43, 0.356, 0.372, 0.368, 0.314, 0.372, 0.392, 0.386, 0.338, 0.382, 0.356, 0.324, 0.372, 0.34, 0.3]
broken out of loop
Total correct retain:  995  Total retain:  2500
Total correct forget:  17675  Total forget:  47500
Total correct test:  200  Total test:  500
Total correct forget test:  3489  Total test forget:  9500
[0.4]
[0.4, 0.384]
[0.4, 0.384, 0.342]
[0.4, 0.384, 0.342, 0.282]
[0.4, 0.384, 0.342, 0.282, 0.374]
[0.4, 0.384, 0.342, 0.282, 0.374, 0.43]
[0.4, 0.384, 0.342, 0.282, 0.374, 0.43, 0.352]
[0.4, 0.384, 0.342, 0.282, 0.374, 0.43, 0.352, 0.384]
[0.4, 0.384, 0.342, 0.282, 0.374, 0.43, 0.352, 0.384, 0.38]
[0.4, 0.384, 0.342, 0.282, 0.374, 0.43, 0.352, 0.384, 0.38, 0.358]
[0.4, 0.384, 0.342, 0.282, 0.374, 0.43, 0.352, 0.384, 0.38, 0.358, 0.392]
[0.4, 0.384, 0.342, 0.282, 0.374, 0.43, 0.352, 0.384, 0.38, 0.358, 0.392, 0.408]
[0.4, 0.384, 0.342, 0.282, 0.374, 0.43, 0.352, 0.384, 0.38, 0.358, 0.392, 0.408, 0.394]
[0.4, 0.384, 0.342, 0.282, 0.374, 0.43, 0.352, 0.384, 0.38, 0.358, 0.392, 0.408, 0.394, 0.352]
[0.4, 0.384, 0.342, 0.282, 0.374, 0.43, 0.352, 0.384, 0.38, 0.358, 0.392, 0.408, 0.394, 0.352, 0.392]
[0.4, 0.384, 0.342, 0.282, 0.374, 0.43, 0.352, 0.384, 0.38, 0.358, 0.392, 0.408, 0.394, 0.352, 0.392, 0.382]
[0.4, 0.384, 0.342, 0.282, 0.374, 0.43, 0.352, 0.384, 0.38, 0.358, 0.392, 0.408, 0.394, 0.352, 0.392, 0.382, 0.332]
[0.4, 0.384, 0.342, 0.282, 0.374, 0.43, 0.352, 0.384, 0.38, 0.358, 0.392, 0.408, 0.394, 0.352, 0.392, 0.382, 0.332, 0.372]
[0.4, 0.384, 0.342, 0.282, 0.374, 0.43, 0.352, 0.384, 0.38, 0.358, 0.392, 0.408, 0.394, 0.352, 0.392, 0.382, 0.332, 0.372, 0.366]
[0.4, 0.384, 0.342, 0.282, 0.374, 0.43, 0.352, 0.384, 0.38, 0.358, 0.392, 0.408, 0.394, 0.352, 0.392, 0.382, 0.332, 0.372, 0.366, 0.302]
broken out of loop
Total correct retain:  1052  Total retain:  2500
Total correct forget:  20756  Total forget:  47500
Total correct test:  194  Total test:  500
Total correct forget test:  4113  Total test forget:  9500
[0.388]
[0.388, 0.45]
[0.388, 0.45, 0.488]
[0.388, 0.45, 0.488, 0.34]
[0.388, 0.45, 0.488, 0.34, 0.516]
[0.388, 0.45, 0.488, 0.34, 0.516, 0.446]
[0.388, 0.45, 0.488, 0.34, 0.516, 0.446, 0.41]
[0.388, 0.45, 0.488, 0.34, 0.516, 0.446, 0.41, 0.428]
[0.388, 0.45, 0.488, 0.34, 0.516, 0.446, 0.41, 0.428, 0.572]
[0.388, 0.45, 0.488, 0.34, 0.516, 0.446, 0.41, 0.428, 0.572, 0.402]
[0.388, 0.45, 0.488, 0.34, 0.516, 0.446, 0.41, 0.428, 0.572, 0.402, 0.524]
[0.388, 0.45, 0.488, 0.34, 0.516, 0.446, 0.41, 0.428, 0.572, 0.402, 0.524, 0.51]
[0.388, 0.45, 0.488, 0.34, 0.516, 0.446, 0.41, 0.428, 0.572, 0.402, 0.524, 0.51, 0.312]
[0.388, 0.45, 0.488, 0.34, 0.516, 0.446, 0.41, 0.428, 0.572, 0.402, 0.524, 0.51, 0.312, 0.314]
[0.388, 0.45, 0.488, 0.34, 0.516, 0.446, 0.41, 0.428, 0.572, 0.402, 0.524, 0.51, 0.312, 0.314, 0.362]
[0.388, 0.45, 0.488, 0.34, 0.516, 0.446, 0.41, 0.428, 0.572, 0.402, 0.524, 0.51, 0.312, 0.314, 0.362, 0.44]
[0.388, 0.45, 0.488, 0.34, 0.516, 0.446, 0.41, 0.428, 0.572, 0.402, 0.524, 0.51, 0.312, 0.314, 0.362, 0.44, 0.42]
[0.388, 0.45, 0.488, 0.34, 0.516, 0.446, 0.41, 0.428, 0.572, 0.402, 0.524, 0.51, 0.312, 0.314, 0.362, 0.44, 0.42, 0.474]
[0.388, 0.45, 0.488, 0.34, 0.516, 0.446, 0.41, 0.428, 0.572, 0.402, 0.524, 0.51, 0.312, 0.314, 0.362, 0.44, 0.42, 0.474, 0.43]
[0.388, 0.45, 0.488, 0.34, 0.516, 0.446, 0.41, 0.428, 0.572, 0.402, 0.524, 0.51, 0.312, 0.314, 0.362, 0.44, 0.42, 0.474, 0.43, 0.388]
broken out of loop
Total correct retain:  1115  Total retain:  2500
Total correct forget:  21338  Total forget:  47500
Total correct test:  201  Total test:  500
Total correct forget test:  4251  Total test forget:  9500
[0.402]
[0.402, 0.494]
[0.402, 0.494, 0.532]
[0.402, 0.494, 0.532, 0.342]
[0.402, 0.494, 0.532, 0.342, 0.542]
[0.402, 0.494, 0.532, 0.342, 0.542, 0.46]
[0.402, 0.494, 0.532, 0.342, 0.542, 0.46, 0.408]
[0.402, 0.494, 0.532, 0.342, 0.542, 0.46, 0.408, 0.474]
[0.402, 0.494, 0.532, 0.342, 0.542, 0.46, 0.408, 0.474, 0.434]
[0.402, 0.494, 0.532, 0.342, 0.542, 0.46, 0.408, 0.474, 0.434, 0.442]
[0.402, 0.494, 0.532, 0.342, 0.542, 0.46, 0.408, 0.474, 0.434, 0.442, 0.536]
[0.402, 0.494, 0.532, 0.342, 0.542, 0.46, 0.408, 0.474, 0.434, 0.442, 0.536, 0.496]
[0.402, 0.494, 0.532, 0.342, 0.542, 0.46, 0.408, 0.474, 0.434, 0.442, 0.536, 0.496, 0.394]
[0.402, 0.494, 0.532, 0.342, 0.542, 0.46, 0.408, 0.474, 0.434, 0.442, 0.536, 0.496, 0.394, 0.334]
[0.402, 0.494, 0.532, 0.342, 0.542, 0.46, 0.408, 0.474, 0.434, 0.442, 0.536, 0.496, 0.394, 0.334, 0.398]
[0.402, 0.494, 0.532, 0.342, 0.542, 0.46, 0.408, 0.474, 0.434, 0.442, 0.536, 0.496, 0.394, 0.334, 0.398, 0.428]
[0.402, 0.494, 0.532, 0.342, 0.542, 0.46, 0.408, 0.474, 0.434, 0.442, 0.536, 0.496, 0.394, 0.334, 0.398, 0.428, 0.436]
[0.402, 0.494, 0.532, 0.342, 0.542, 0.46, 0.408, 0.474, 0.434, 0.442, 0.536, 0.496, 0.394, 0.334, 0.398, 0.428, 0.436, 0.488]
[0.402, 0.494, 0.532, 0.342, 0.542, 0.46, 0.408, 0.474, 0.434, 0.442, 0.536, 0.496, 0.394, 0.334, 0.398, 0.428, 0.436, 0.488, 0.448]
[0.402, 0.494, 0.532, 0.342, 0.542, 0.46, 0.408, 0.474, 0.434, 0.442, 0.536, 0.496, 0.394, 0.334, 0.398, 0.428, 0.436, 0.488, 0.448, 0.416]
broken out of loop
Total correct retain:  1139  Total retain:  2500
Total correct forget:  21001  Total forget:  47500
Total correct test:  219  Total test:  500
Total correct forget test:  4154  Total test forget:  9500
[0.438]
[0.438, 0.48]
[0.438, 0.48, 0.536]
[0.438, 0.48, 0.536, 0.348]
[0.438, 0.48, 0.536, 0.348, 0.542]
[0.438, 0.48, 0.536, 0.348, 0.542, 0.452]
[0.438, 0.48, 0.536, 0.348, 0.542, 0.452, 0.422]
[0.438, 0.48, 0.536, 0.348, 0.542, 0.452, 0.422, 0.44]
[0.438, 0.48, 0.536, 0.348, 0.542, 0.452, 0.422, 0.44, 0.398]
[0.438, 0.48, 0.536, 0.348, 0.542, 0.452, 0.422, 0.44, 0.398, 0.42]
[0.438, 0.48, 0.536, 0.348, 0.542, 0.452, 0.422, 0.44, 0.398, 0.42, 0.516]
[0.438, 0.48, 0.536, 0.348, 0.542, 0.452, 0.422, 0.44, 0.398, 0.42, 0.516, 0.504]
[0.438, 0.48, 0.536, 0.348, 0.542, 0.452, 0.422, 0.44, 0.398, 0.42, 0.516, 0.504, 0.384]
[0.438, 0.48, 0.536, 0.348, 0.542, 0.452, 0.422, 0.44, 0.398, 0.42, 0.516, 0.504, 0.384, 0.308]
[0.438, 0.48, 0.536, 0.348, 0.542, 0.452, 0.422, 0.44, 0.398, 0.42, 0.516, 0.504, 0.384, 0.308, 0.404]
[0.438, 0.48, 0.536, 0.348, 0.542, 0.452, 0.422, 0.44, 0.398, 0.42, 0.516, 0.504, 0.384, 0.308, 0.404, 0.426]
[0.438, 0.48, 0.536, 0.348, 0.542, 0.452, 0.422, 0.44, 0.398, 0.42, 0.516, 0.504, 0.384, 0.308, 0.404, 0.426, 0.408]
[0.438, 0.48, 0.536, 0.348, 0.542, 0.452, 0.422, 0.44, 0.398, 0.42, 0.516, 0.504, 0.384, 0.308, 0.404, 0.426, 0.408, 0.502]
[0.438, 0.48, 0.536, 0.348, 0.542, 0.452, 0.422, 0.44, 0.398, 0.42, 0.516, 0.504, 0.384, 0.308, 0.404, 0.426, 0.408, 0.502, 0.418]
[0.438, 0.48, 0.536, 0.348, 0.542, 0.452, 0.422, 0.44, 0.398, 0.42, 0.516, 0.504, 0.384, 0.308, 0.404, 0.426, 0.408, 0.502, 0.418, 0.4]
broken out of loop
Total correct retain:  1138  Total retain:  2500
Total correct forget:  20972  Total forget:  47500
Total correct test:  220  Total test:  500
Total correct forget test:  4152  Total test forget:  9500
[0.44]
[0.44, 0.478]
[0.44, 0.478, 0.536]
[0.44, 0.478, 0.536, 0.35]
[0.44, 0.478, 0.536, 0.35, 0.544]
[0.44, 0.478, 0.536, 0.35, 0.544, 0.448]
[0.44, 0.478, 0.536, 0.35, 0.544, 0.448, 0.422]
[0.44, 0.478, 0.536, 0.35, 0.544, 0.448, 0.422, 0.436]
[0.44, 0.478, 0.536, 0.35, 0.544, 0.448, 0.422, 0.436, 0.398]
[0.44, 0.478, 0.536, 0.35, 0.544, 0.448, 0.422, 0.436, 0.398, 0.418]
[0.44, 0.478, 0.536, 0.35, 0.544, 0.448, 0.422, 0.436, 0.398, 0.418, 0.516]
[0.44, 0.478, 0.536, 0.35, 0.544, 0.448, 0.422, 0.436, 0.398, 0.418, 0.516, 0.504]
[0.44, 0.478, 0.536, 0.35, 0.544, 0.448, 0.422, 0.436, 0.398, 0.418, 0.516, 0.504, 0.384]
[0.44, 0.478, 0.536, 0.35, 0.544, 0.448, 0.422, 0.436, 0.398, 0.418, 0.516, 0.504, 0.384, 0.31]
[0.44, 0.478, 0.536, 0.35, 0.544, 0.448, 0.422, 0.436, 0.398, 0.418, 0.516, 0.504, 0.384, 0.31, 0.408]
[0.44, 0.478, 0.536, 0.35, 0.544, 0.448, 0.422, 0.436, 0.398, 0.418, 0.516, 0.504, 0.384, 0.31, 0.408, 0.428]
[0.44, 0.478, 0.536, 0.35, 0.544, 0.448, 0.422, 0.436, 0.398, 0.418, 0.516, 0.504, 0.384, 0.31, 0.408, 0.428, 0.404]
[0.44, 0.478, 0.536, 0.35, 0.544, 0.448, 0.422, 0.436, 0.398, 0.418, 0.516, 0.504, 0.384, 0.31, 0.408, 0.428, 0.404, 0.498]
[0.44, 0.478, 0.536, 0.35, 0.544, 0.448, 0.422, 0.436, 0.398, 0.418, 0.516, 0.504, 0.384, 0.31, 0.408, 0.428, 0.404, 0.498, 0.416]
[0.44, 0.478, 0.536, 0.35, 0.544, 0.448, 0.422, 0.436, 0.398, 0.418, 0.516, 0.504, 0.384, 0.31, 0.408, 0.428, 0.404, 0.498, 0.416, 0.406]
broken out of loop
Total correct retain:  1175  Total retain:  2500
Total correct forget:  21172  Total forget:  47500
Total correct test:  233  Total test:  500
Total correct forget test:  4197  Total test forget:  9500
[0.466]
[0.466, 0.48]
[0.466, 0.48, 0.524]
[0.466, 0.48, 0.524, 0.332]
[0.466, 0.48, 0.524, 0.332, 0.562]
[0.466, 0.48, 0.524, 0.332, 0.562, 0.384]
[0.466, 0.48, 0.524, 0.332, 0.562, 0.384, 0.42]
[0.466, 0.48, 0.524, 0.332, 0.562, 0.384, 0.42, 0.432]
[0.466, 0.48, 0.524, 0.332, 0.562, 0.384, 0.42, 0.432, 0.42]
[0.466, 0.48, 0.524, 0.332, 0.562, 0.384, 0.42, 0.432, 0.42, 0.41]
[0.466, 0.48, 0.524, 0.332, 0.562, 0.384, 0.42, 0.432, 0.42, 0.41, 0.558]
[0.466, 0.48, 0.524, 0.332, 0.562, 0.384, 0.42, 0.432, 0.42, 0.41, 0.558, 0.494]
[0.466, 0.48, 0.524, 0.332, 0.562, 0.384, 0.42, 0.432, 0.42, 0.41, 0.558, 0.494, 0.4]
[0.466, 0.48, 0.524, 0.332, 0.562, 0.384, 0.42, 0.432, 0.42, 0.41, 0.558, 0.494, 0.4, 0.336]
[0.466, 0.48, 0.524, 0.332, 0.562, 0.384, 0.42, 0.432, 0.42, 0.41, 0.558, 0.494, 0.4, 0.336, 0.398]
[0.466, 0.48, 0.524, 0.332, 0.562, 0.384, 0.42, 0.432, 0.42, 0.41, 0.558, 0.494, 0.4, 0.336, 0.398, 0.438]
[0.466, 0.48, 0.524, 0.332, 0.562, 0.384, 0.42, 0.432, 0.42, 0.41, 0.558, 0.494, 0.4, 0.336, 0.398, 0.438, 0.422]
[0.466, 0.48, 0.524, 0.332, 0.562, 0.384, 0.42, 0.432, 0.42, 0.41, 0.558, 0.494, 0.4, 0.336, 0.398, 0.438, 0.422, 0.532]
[0.466, 0.48, 0.524, 0.332, 0.562, 0.384, 0.42, 0.432, 0.42, 0.41, 0.558, 0.494, 0.4, 0.336, 0.398, 0.438, 0.422, 0.532, 0.436]
[0.466, 0.48, 0.524, 0.332, 0.562, 0.384, 0.42, 0.432, 0.42, 0.41, 0.558, 0.494, 0.4, 0.336, 0.398, 0.438, 0.422, 0.532, 0.436, 0.416]
broken out of loop
Total correct retain:  1156  Total retain:  2500
Total correct forget:  19974  Total forget:  47500
Total correct test:  233  Total test:  500
Total correct forget test:  3959  Total test forget:  9500
[0.466]
[0.466, 0.476]
[0.466, 0.476, 0.564]
[0.466, 0.476, 0.564, 0.346]
[0.466, 0.476, 0.564, 0.346, 0.414]
[0.466, 0.476, 0.564, 0.346, 0.414, 0.42]
[0.466, 0.476, 0.564, 0.346, 0.414, 0.42, 0.412]
[0.466, 0.476, 0.564, 0.346, 0.414, 0.42, 0.412, 0.41]
[0.466, 0.476, 0.564, 0.346, 0.414, 0.42, 0.412, 0.41, 0.422]
[0.466, 0.476, 0.564, 0.346, 0.414, 0.42, 0.412, 0.41, 0.422, 0.394]
[0.466, 0.476, 0.564, 0.346, 0.414, 0.42, 0.412, 0.41, 0.422, 0.394, 0.496]
[0.466, 0.476, 0.564, 0.346, 0.414, 0.42, 0.412, 0.41, 0.422, 0.394, 0.496, 0.456]
[0.466, 0.476, 0.564, 0.346, 0.414, 0.42, 0.412, 0.41, 0.422, 0.394, 0.496, 0.456, 0.34]
[0.466, 0.476, 0.564, 0.346, 0.414, 0.42, 0.412, 0.41, 0.422, 0.394, 0.496, 0.456, 0.34, 0.288]
[0.466, 0.476, 0.564, 0.346, 0.414, 0.42, 0.412, 0.41, 0.422, 0.394, 0.496, 0.456, 0.34, 0.288, 0.384]
[0.466, 0.476, 0.564, 0.346, 0.414, 0.42, 0.412, 0.41, 0.422, 0.394, 0.496, 0.456, 0.34, 0.288, 0.384, 0.436]
[0.466, 0.476, 0.564, 0.346, 0.414, 0.42, 0.412, 0.41, 0.422, 0.394, 0.496, 0.456, 0.34, 0.288, 0.384, 0.436, 0.402]
[0.466, 0.476, 0.564, 0.346, 0.414, 0.42, 0.412, 0.41, 0.422, 0.394, 0.496, 0.456, 0.34, 0.288, 0.384, 0.436, 0.402, 0.448]
[0.466, 0.476, 0.564, 0.346, 0.414, 0.42, 0.412, 0.41, 0.422, 0.394, 0.496, 0.456, 0.34, 0.288, 0.384, 0.436, 0.402, 0.448, 0.446]
[0.466, 0.476, 0.564, 0.346, 0.414, 0.42, 0.412, 0.41, 0.422, 0.394, 0.496, 0.456, 0.34, 0.288, 0.384, 0.436, 0.402, 0.448, 0.446, 0.364]
broken out of loop
Total correct retain:  1171  Total retain:  2500
Total correct forget:  19977  Total forget:  47500
Total correct test:  233  Total test:  500
Total correct forget test:  3962  Total test forget:  9500
[0.466]
[0.466, 0.484]
[0.466, 0.484, 0.572]
[0.466, 0.484, 0.572, 0.338]
[0.466, 0.484, 0.572, 0.338, 0.412]
[0.466, 0.484, 0.572, 0.338, 0.412, 0.41]
[0.466, 0.484, 0.572, 0.338, 0.412, 0.41, 0.41]
[0.466, 0.484, 0.572, 0.338, 0.412, 0.41, 0.41, 0.412]
[0.466, 0.484, 0.572, 0.338, 0.412, 0.41, 0.41, 0.412, 0.42]
[0.466, 0.484, 0.572, 0.338, 0.412, 0.41, 0.41, 0.412, 0.42, 0.392]
[0.466, 0.484, 0.572, 0.338, 0.412, 0.41, 0.41, 0.412, 0.42, 0.392, 0.492]
[0.466, 0.484, 0.572, 0.338, 0.412, 0.41, 0.41, 0.412, 0.42, 0.392, 0.492, 0.462]
[0.466, 0.484, 0.572, 0.338, 0.412, 0.41, 0.41, 0.412, 0.42, 0.392, 0.492, 0.462, 0.35]
[0.466, 0.484, 0.572, 0.338, 0.412, 0.41, 0.41, 0.412, 0.42, 0.392, 0.492, 0.462, 0.35, 0.292]
[0.466, 0.484, 0.572, 0.338, 0.412, 0.41, 0.41, 0.412, 0.42, 0.392, 0.492, 0.462, 0.35, 0.292, 0.39]
[0.466, 0.484, 0.572, 0.338, 0.412, 0.41, 0.41, 0.412, 0.42, 0.392, 0.492, 0.462, 0.35, 0.292, 0.39, 0.44]
[0.466, 0.484, 0.572, 0.338, 0.412, 0.41, 0.41, 0.412, 0.42, 0.392, 0.492, 0.462, 0.35, 0.292, 0.39, 0.44, 0.394]
[0.466, 0.484, 0.572, 0.338, 0.412, 0.41, 0.41, 0.412, 0.42, 0.392, 0.492, 0.462, 0.35, 0.292, 0.39, 0.44, 0.394, 0.46]
[0.466, 0.484, 0.572, 0.338, 0.412, 0.41, 0.41, 0.412, 0.42, 0.392, 0.492, 0.462, 0.35, 0.292, 0.39, 0.44, 0.394, 0.46, 0.44]
[0.466, 0.484, 0.572, 0.338, 0.412, 0.41, 0.41, 0.412, 0.42, 0.392, 0.492, 0.462, 0.35, 0.292, 0.39, 0.44, 0.394, 0.46, 0.44, 0.354]
broken out of loop
Total correct retain:  1146  Total retain:  2500
Total correct forget:  19163  Total forget:  47500
Total correct test:  227  Total test:  500
Total correct forget test:  3773  Total test forget:  9500
[0.454]
[0.454, 0.474]
[0.454, 0.474, 0.41]
[0.454, 0.474, 0.41, 0.35]
[0.454, 0.474, 0.41, 0.35, 0.422]
[0.454, 0.474, 0.41, 0.35, 0.422, 0.4]
[0.454, 0.474, 0.41, 0.35, 0.422, 0.4, 0.4]
[0.454, 0.474, 0.41, 0.35, 0.422, 0.4, 0.4, 0.404]
[0.454, 0.474, 0.41, 0.35, 0.422, 0.4, 0.4, 0.404, 0.418]
[0.454, 0.474, 0.41, 0.35, 0.422, 0.4, 0.4, 0.404, 0.418, 0.368]
[0.454, 0.474, 0.41, 0.35, 0.422, 0.4, 0.4, 0.404, 0.418, 0.368, 0.494]
[0.454, 0.474, 0.41, 0.35, 0.422, 0.4, 0.4, 0.404, 0.418, 0.368, 0.494, 0.418]
[0.454, 0.474, 0.41, 0.35, 0.422, 0.4, 0.4, 0.404, 0.418, 0.368, 0.494, 0.418, 0.31]
[0.454, 0.474, 0.41, 0.35, 0.422, 0.4, 0.4, 0.404, 0.418, 0.368, 0.494, 0.418, 0.31, 0.276]
[0.454, 0.474, 0.41, 0.35, 0.422, 0.4, 0.4, 0.404, 0.418, 0.368, 0.494, 0.418, 0.31, 0.276, 0.37]
[0.454, 0.474, 0.41, 0.35, 0.422, 0.4, 0.4, 0.404, 0.418, 0.368, 0.494, 0.418, 0.31, 0.276, 0.37, 0.444]
[0.454, 0.474, 0.41, 0.35, 0.422, 0.4, 0.4, 0.404, 0.418, 0.368, 0.494, 0.418, 0.31, 0.276, 0.37, 0.444, 0.384]
[0.454, 0.474, 0.41, 0.35, 0.422, 0.4, 0.4, 0.404, 0.418, 0.368, 0.494, 0.418, 0.31, 0.276, 0.37, 0.444, 0.384, 0.456]
[0.454, 0.474, 0.41, 0.35, 0.422, 0.4, 0.4, 0.404, 0.418, 0.368, 0.494, 0.418, 0.31, 0.276, 0.37, 0.444, 0.384, 0.456, 0.432]
[0.454, 0.474, 0.41, 0.35, 0.422, 0.4, 0.4, 0.404, 0.418, 0.368, 0.494, 0.418, 0.31, 0.276, 0.37, 0.444, 0.384, 0.456, 0.432, 0.316]
broken out of loop
Total correct retain:  1195  Total retain:  2500
Total correct forget:  19331  Total forget:  47500
Total correct test:  241  Total test:  500
Total correct forget test:  3801  Total test forget:  9500
[0.482]
[0.482, 0.41]
[0.482, 0.41, 0.456]
[0.482, 0.41, 0.456, 0.334]
[0.482, 0.41, 0.456, 0.334, 0.432]
[0.482, 0.41, 0.456, 0.334, 0.432, 0.404]
[0.482, 0.41, 0.456, 0.334, 0.432, 0.404, 0.414]
[0.482, 0.41, 0.456, 0.334, 0.432, 0.404, 0.414, 0.406]
[0.482, 0.41, 0.456, 0.334, 0.432, 0.404, 0.414, 0.406, 0.402]
[0.482, 0.41, 0.456, 0.334, 0.432, 0.404, 0.414, 0.406, 0.402, 0.362]
[0.482, 0.41, 0.456, 0.334, 0.432, 0.404, 0.414, 0.406, 0.402, 0.362, 0.48]
[0.482, 0.41, 0.456, 0.334, 0.432, 0.404, 0.414, 0.406, 0.402, 0.362, 0.48, 0.448]
[0.482, 0.41, 0.456, 0.334, 0.432, 0.404, 0.414, 0.406, 0.402, 0.362, 0.48, 0.448, 0.344]
[0.482, 0.41, 0.456, 0.334, 0.432, 0.404, 0.414, 0.406, 0.402, 0.362, 0.48, 0.448, 0.344, 0.306]
[0.482, 0.41, 0.456, 0.334, 0.432, 0.404, 0.414, 0.406, 0.402, 0.362, 0.48, 0.448, 0.344, 0.306, 0.4]
[0.482, 0.41, 0.456, 0.334, 0.432, 0.404, 0.414, 0.406, 0.402, 0.362, 0.48, 0.448, 0.344, 0.306, 0.4, 0.456]
[0.482, 0.41, 0.456, 0.334, 0.432, 0.404, 0.414, 0.406, 0.402, 0.362, 0.48, 0.448, 0.344, 0.306, 0.4, 0.456, 0.374]
[0.482, 0.41, 0.456, 0.334, 0.432, 0.404, 0.414, 0.406, 0.402, 0.362, 0.48, 0.448, 0.344, 0.306, 0.4, 0.456, 0.374, 0.45]
[0.482, 0.41, 0.456, 0.334, 0.432, 0.404, 0.414, 0.406, 0.402, 0.362, 0.48, 0.448, 0.344, 0.306, 0.4, 0.456, 0.374, 0.45, 0.418]
[0.482, 0.41, 0.456, 0.334, 0.432, 0.404, 0.414, 0.406, 0.402, 0.362, 0.48, 0.448, 0.344, 0.306, 0.4, 0.456, 0.374, 0.45, 0.418, 0.306]
[[0.288, 0.282, 0.238, 0.222, 0.268, 0.348, 0.288, 0.302, 0.278, 0.248, 0.3, 0.328, 0.364, 0.288, 0.296, 0.272, 0.252, 0.316, 0.31, 0.248], [0.312, 0.294, 0.248, 0.228, 0.284, 0.372, 0.294, 0.318, 0.31, 0.254, 0.306, 0.342, 0.376, 0.298, 0.316, 0.282, 0.26, 0.32, 0.32, 0.256], [0.34, 0.308, 0.266, 0.246, 0.296, 0.378, 0.314, 0.324, 0.318, 0.266, 0.322, 0.354, 0.374, 0.296, 0.344, 0.288, 0.28, 0.338, 0.32, 0.268], [0.366, 0.336, 0.282, 0.244, 0.316, 0.38, 0.336, 0.34, 0.332, 0.278, 0.334, 0.372, 0.38, 0.306, 0.356, 0.296, 0.276, 0.348, 0.33, 0.28], [0.376, 0.338, 0.292, 0.254, 0.336, 0.402, 0.346, 0.348, 0.342, 0.284, 0.346, 0.38, 0.382, 0.328, 0.362, 0.31, 0.288, 0.348, 0.336, 0.296], [0.384, 0.362, 0.304, 0.258, 0.352, 0.398, 0.352, 0.35, 0.348, 0.288, 0.358, 0.388, 0.388, 0.338, 0.37, 0.326, 0.3, 0.35, 0.34, 0.29], [0.39, 0.364, 0.314, 0.258, 0.362, 0.404, 0.358, 0.348, 0.356, 0.288, 0.362, 0.388, 0.394, 0.338, 0.368, 0.34, 0.31, 0.352, 0.346, 0.294], [0.394, 0.368, 0.314, 0.264, 0.364, 0.418, 0.362, 0.356, 0.354, 0.294, 0.366, 0.386, 0.386, 0.342, 0.378, 0.338, 0.318, 0.358, 0.348, 0.288], [0.396, 0.372, 0.322, 0.268, 0.364, 0.42, 0.354, 0.358, 0.356, 0.3, 0.364, 0.384, 0.37, 0.338, 0.378, 0.348, 0.32, 0.354, 0.344, 0.296], [0.4, 0.376, 0.338, 0.266, 0.368, 0.43, 0.356, 0.372, 0.368, 0.314, 0.372, 0.392, 0.386, 0.338, 0.382, 0.356, 0.324, 0.372, 0.34, 0.3], [0.4, 0.384, 0.342, 0.282, 0.374, 0.43, 0.352, 0.384, 0.38, 0.358, 0.392, 0.408, 0.394, 0.352, 0.392, 0.382, 0.332, 0.372, 0.366, 0.302], [0.388, 0.45, 0.488, 0.34, 0.516, 0.446, 0.41, 0.428, 0.572, 0.402, 0.524, 0.51, 0.312, 0.314, 0.362, 0.44, 0.42, 0.474, 0.43, 0.388], [0.402, 0.494, 0.532, 0.342, 0.542, 0.46, 0.408, 0.474, 0.434, 0.442, 0.536, 0.496, 0.394, 0.334, 0.398, 0.428, 0.436, 0.488, 0.448, 0.416], [0.438, 0.48, 0.536, 0.348, 0.542, 0.452, 0.422, 0.44, 0.398, 0.42, 0.516, 0.504, 0.384, 0.308, 0.404, 0.426, 0.408, 0.502, 0.418, 0.4], [0.44, 0.478, 0.536, 0.35, 0.544, 0.448, 0.422, 0.436, 0.398, 0.418, 0.516, 0.504, 0.384, 0.31, 0.408, 0.428, 0.404, 0.498, 0.416, 0.406], [0.466, 0.48, 0.524, 0.332, 0.562, 0.384, 0.42, 0.432, 0.42, 0.41, 0.558, 0.494, 0.4, 0.336, 0.398, 0.438, 0.422, 0.532, 0.436, 0.416], [0.466, 0.476, 0.564, 0.346, 0.414, 0.42, 0.412, 0.41, 0.422, 0.394, 0.496, 0.456, 0.34, 0.288, 0.384, 0.436, 0.402, 0.448, 0.446, 0.364], [0.466, 0.484, 0.572, 0.338, 0.412, 0.41, 0.41, 0.412, 0.42, 0.392, 0.492, 0.462, 0.35, 0.292, 0.39, 0.44, 0.394, 0.46, 0.44, 0.354], [0.454, 0.474, 0.41, 0.35, 0.422, 0.4, 0.4, 0.404, 0.418, 0.368, 0.494, 0.418, 0.31, 0.276, 0.37, 0.444, 0.384, 0.456, 0.432, 0.316], [0.482, 0.41, 0.456, 0.334, 0.432, 0.404, 0.414, 0.406, 0.402, 0.362, 0.48, 0.448, 0.344, 0.306, 0.4, 0.456, 0.374, 0.45, 0.418, 0.306]]
20
20
Plot  0  Done
Average Retain Accuracies:  [0.2896, 0.3116, 0.3248, 0.334, 0.35, 0.3644, 0.372, 0.38, 0.3852, 0.3948, 0.398, 0.4208, 0.446, 0.4556, 0.4552, 0.47, 0.4624, 0.4684, 0.4584, 0.478]
Average Forget Accuracies:  [0.2943368421052632, 0.3041684210526316, 0.3154315789473684, 0.32654736842105264, 0.33637894736842106, 0.3435578947368421, 0.3475157894736842, 0.3503157894736842, 0.35181052631578946, 0.3616, 0.3721052631578947, 0.43696842105263156, 0.44922105263157897, 0.4421263157894737, 0.4415157894736842, 0.4457263157894737, 0.4205052631578947, 0.4205684210526316, 0.4034315789473684, 0.4069684210526316]
Average Retain Test Accuracies:  [0.288, 0.312, 0.34, 0.366, 0.376, 0.384, 0.39, 0.394, 0.396, 0.4, 0.4, 0.388, 0.402, 0.438, 0.44, 0.466, 0.466, 0.466, 0.454, 0.482]
Average Forget Test Accuracies:  [0.2867368421052632, 0.2988421052631579, 0.3105263157894737, 0.32221052631578945, 0.33252631578947367, 0.34, 0.34442105263157896, 0.3474736842105263, 0.34789473684210526, 0.35526315789473684, 0.36726315789473685, 0.43294736842105264, 0.4474736842105263, 0.43726315789473685, 0.43705263157894736, 0.4417894736842105, 0.4167368421052632, 0.41705263157894734, 0.3971578947368421, 0.40010526315789474]
Done
