Requirement already satisfied: pyyaml in /usr/lib64/python3.12/site-packages (6.0.1)
Requirement already satisfied: setuptools in /usr/lib/python3.12/site-packages (68.2.2)
Requirement already satisfied: matplotlib in /dcs/21/u2145461/.local/lib/python3.12/site-packages (3.10.1)
Requirement already satisfied: contourpy>=1.0.1 in /dcs/21/u2145461/.local/lib/python3.12/site-packages (from matplotlib) (1.3.1)
Requirement already satisfied: cycler>=0.10 in /dcs/21/u2145461/.local/lib/python3.12/site-packages (from matplotlib) (0.12.1)
Requirement already satisfied: fonttools>=4.22.0 in /dcs/21/u2145461/.local/lib/python3.12/site-packages (from matplotlib) (4.56.0)
Requirement already satisfied: kiwisolver>=1.3.1 in /dcs/21/u2145461/.local/lib/python3.12/site-packages (from matplotlib) (1.4.8)
Requirement already satisfied: numpy>=1.23 in /dcs/21/u2145461/.local/lib/python3.12/site-packages (from matplotlib) (2.2.3)
Requirement already satisfied: packaging>=20.0 in /dcs/21/u2145461/.local/lib/python3.12/site-packages (from matplotlib) (24.2)
Requirement already satisfied: pillow>=8 in /dcs/21/u2145461/.local/lib/python3.12/site-packages (from matplotlib) (11.0.0)
Requirement already satisfied: pyparsing>=2.3.1 in /dcs/21/u2145461/.local/lib/python3.12/site-packages (from matplotlib) (3.2.1)
Requirement already satisfied: python-dateutil>=2.7 in /dcs/21/u2145461/.local/lib/python3.12/site-packages (from matplotlib) (2.9.0.post0)
Requirement already satisfied: six>=1.5 in /dcs/21/u2145461/.local/lib/python3.12/site-packages (from python-dateutil>=2.7->matplotlib) (1.17.0)
Requirement already satisfied: quadprog in /dcs/21/u2145461/.local/lib/python3.12/site-packages (0.1.13)
Requirement already satisfied: numpy in /dcs/21/u2145461/.local/lib/python3.12/site-packages (from quadprog) (2.2.3)
Requirement already satisfied: pyparsing in /dcs/21/u2145461/.local/lib/python3.12/site-packages (3.2.1)
Requirement already satisfied: pandas in /dcs/21/u2145461/.local/lib/python3.12/site-packages (2.2.3)
Requirement already satisfied: numpy>=1.26.0 in /dcs/21/u2145461/.local/lib/python3.12/site-packages (from pandas) (2.2.3)
Requirement already satisfied: python-dateutil>=2.8.2 in /dcs/21/u2145461/.local/lib/python3.12/site-packages (from pandas) (2.9.0.post0)
Requirement already satisfied: pytz>=2020.1 in /dcs/21/u2145461/.local/lib/python3.12/site-packages (from pandas) (2025.1)
Requirement already satisfied: tzdata>=2022.7 in /dcs/21/u2145461/.local/lib/python3.12/site-packages (from pandas) (2025.1)
Requirement already satisfied: six>=1.5 in /dcs/21/u2145461/.local/lib/python3.12/site-packages (from python-dateutil>=2.8.2->pandas) (1.17.0)
Requirement already satisfied: numpy in /dcs/21/u2145461/.local/lib/python3.12/site-packages (2.2.3)
Sat Mar  8 05:51:54 2025       
+-----------------------------------------------------------------------------------------+
| NVIDIA-SMI 550.144.03             Driver Version: 550.144.03     CUDA Version: 12.4     |
|-----------------------------------------+------------------------+----------------------+
| GPU  Name                 Persistence-M | Bus-Id          Disp.A | Volatile Uncorr. ECC |
| Fan  Temp   Perf          Pwr:Usage/Cap |           Memory-Usage | GPU-Util  Compute M. |
|                                         |                        |               MIG M. |
|=========================================+========================+======================|
|   0  NVIDIA A10                     On  |   00000000:25:00.0 Off |                    0 |
|  0%   30C    P8             15W /  150W |       1MiB /  23028MiB |      0%      Default |
|                                         |                        |                  N/A |
+-----------------------------------------+------------------------+----------------------+
                                                                                         
+-----------------------------------------------------------------------------------------+
| Processes:                                                                              |
|  GPU   GI   CI        PID   Type   Process name                              GPU Memory |
|        ID   ID                                                               Usage      |
|=========================================================================================|
|  No running processes found                                                             |
+-----------------------------------------------------------------------------------------+
Python 3.12.8
./cifar-100-python/train
./cifar-100-python/test
Unlearn Batch Size:  256
Unlearn MEM Strength:  0.6
cifar-100-python/train
cifar-100-python/test
new ordering of classes:  ['man', 'bridge', 'house', 'hamster', 'table', 'elephant', 'caterpillar', 'cloud', 'oranges', 'leopard', 'porcupine', 'road', 'pine', 'beaver', 'bowls', 'seal', 'boy', 'chair', 'fox', 'lobster', 'apples', 'train', 'mountain', 'camel', 'crocodile', 'palm', 'shark', 'orchids', 'bottles', 'possum', 'sea', 'beetle', 'motorcycle', 'poppies', 'chimpanzee', 'cups', 'skyscraper', 'whale', 'willow', 'shrew', 'cattle', 'aquarium fish', 'clock', 'flatfish', 'baby', 'snake', 'snail', 'telephone', 'mouse', 'ray', 'skunk', 'pears', 'girl', 'dolphin', 'bus', 'lion', 'maple', 'rabbit', 'crab', 'lawn-mower', 'squirrel', 'otter', 'rocket', 'spider', 'dinosaur', 'tulips', 'butterfly', 'roses', 'couch', 'bear', 'bicycle', 'lizard', 'bed', 'oak', 'cockroach', 'cans', 'television', 'kangaroo', 'wardrobe', 'trout', 'bee', 'lamp', 'computer keyboard', 'forest', 'wolf', 'sunflowers', 'woman', 'mushrooms', 'raccoon', 'turtle', 'tiger', 'streetcar', 'plain', 'tank', 'castle', 'plates', 'worm', 'pickup truck', 'sweet peppers', 'tractor']
Training task:  1
Training task:  2
Training task:  3
Training task:  4
Training task:  5
Training task:  6
Training task:  7
Training task:  8
Training task:  9
Training task:  10
Training task:  11
Training task:  12
Training task:  13
Training task:  14
Training task:  15
Training task:  16
Training task:  17
Training task:  18
Training task:  19
Training task:  20
Unlearning task:  20
Total correct retain:  720  Total retain:  2500
Total correct forget:  14303  Total forget:  47500
Total correct test:  145  Total test:  500
Total correct forget test:  2840  Total test forget:  9500
Total correct retain:  844  Total retain:  2500
Total correct forget:  17692  Total forget:  47500
Total correct test:  148  Total test:  500
Total correct forget test:  3582  Total test forget:  9500
[0.296]
[0.296, 0.528]
[0.296, 0.528, 0.33]
[0.296, 0.528, 0.33, 0.388]
[0.296, 0.528, 0.33, 0.388, 0.464]
[0.296, 0.528, 0.33, 0.388, 0.464, 0.378]
[0.296, 0.528, 0.33, 0.388, 0.464, 0.378, 0.518]
[0.296, 0.528, 0.33, 0.388, 0.464, 0.378, 0.518, 0.392]
[0.296, 0.528, 0.33, 0.388, 0.464, 0.378, 0.518, 0.392, 0.336]
[0.296, 0.528, 0.33, 0.388, 0.464, 0.378, 0.518, 0.392, 0.336, 0.37]
[0.296, 0.528, 0.33, 0.388, 0.464, 0.378, 0.518, 0.392, 0.336, 0.37, 0.36]
[0.296, 0.528, 0.33, 0.388, 0.464, 0.378, 0.518, 0.392, 0.336, 0.37, 0.36, 0.392]
[0.296, 0.528, 0.33, 0.388, 0.464, 0.378, 0.518, 0.392, 0.336, 0.37, 0.36, 0.392, 0.3]
[0.296, 0.528, 0.33, 0.388, 0.464, 0.378, 0.518, 0.392, 0.336, 0.37, 0.36, 0.392, 0.3, 0.308]
[0.296, 0.528, 0.33, 0.388, 0.464, 0.378, 0.518, 0.392, 0.336, 0.37, 0.36, 0.392, 0.3, 0.308, 0.364]
[0.296, 0.528, 0.33, 0.388, 0.464, 0.378, 0.518, 0.392, 0.336, 0.37, 0.36, 0.392, 0.3, 0.308, 0.364, 0.322]
[0.296, 0.528, 0.33, 0.388, 0.464, 0.378, 0.518, 0.392, 0.336, 0.37, 0.36, 0.392, 0.3, 0.308, 0.364, 0.322, 0.344]
[0.296, 0.528, 0.33, 0.388, 0.464, 0.378, 0.518, 0.392, 0.336, 0.37, 0.36, 0.392, 0.3, 0.308, 0.364, 0.322, 0.344, 0.422]
[0.296, 0.528, 0.33, 0.388, 0.464, 0.378, 0.518, 0.392, 0.336, 0.37, 0.36, 0.392, 0.3, 0.308, 0.364, 0.322, 0.344, 0.422, 0.3]
[0.296, 0.528, 0.33, 0.388, 0.464, 0.378, 0.518, 0.392, 0.336, 0.37, 0.36, 0.392, 0.3, 0.308, 0.364, 0.322, 0.344, 0.422, 0.3, 0.348]
Total correct retain:  892  Total retain:  2500
Total correct forget:  17979  Total forget:  47500
Total correct test:  153  Total test:  500
Total correct forget test:  3589  Total test forget:  9500
[0.306]
[0.306, 0.512]
[0.306, 0.512, 0.358]
[0.306, 0.512, 0.358, 0.382]
[0.306, 0.512, 0.358, 0.382, 0.474]
[0.306, 0.512, 0.358, 0.382, 0.474, 0.396]
[0.306, 0.512, 0.358, 0.382, 0.474, 0.396, 0.51]
[0.306, 0.512, 0.358, 0.382, 0.474, 0.396, 0.51, 0.408]
[0.306, 0.512, 0.358, 0.382, 0.474, 0.396, 0.51, 0.408, 0.332]
[0.306, 0.512, 0.358, 0.382, 0.474, 0.396, 0.51, 0.408, 0.332, 0.382]
[0.306, 0.512, 0.358, 0.382, 0.474, 0.396, 0.51, 0.408, 0.332, 0.382, 0.358]
[0.306, 0.512, 0.358, 0.382, 0.474, 0.396, 0.51, 0.408, 0.332, 0.382, 0.358, 0.378]
[0.306, 0.512, 0.358, 0.382, 0.474, 0.396, 0.51, 0.408, 0.332, 0.382, 0.358, 0.378, 0.294]
[0.306, 0.512, 0.358, 0.382, 0.474, 0.396, 0.51, 0.408, 0.332, 0.382, 0.358, 0.378, 0.294, 0.304]
[0.306, 0.512, 0.358, 0.382, 0.474, 0.396, 0.51, 0.408, 0.332, 0.382, 0.358, 0.378, 0.294, 0.304, 0.35]
[0.306, 0.512, 0.358, 0.382, 0.474, 0.396, 0.51, 0.408, 0.332, 0.382, 0.358, 0.378, 0.294, 0.304, 0.35, 0.326]
[0.306, 0.512, 0.358, 0.382, 0.474, 0.396, 0.51, 0.408, 0.332, 0.382, 0.358, 0.378, 0.294, 0.304, 0.35, 0.326, 0.32]
[0.306, 0.512, 0.358, 0.382, 0.474, 0.396, 0.51, 0.408, 0.332, 0.382, 0.358, 0.378, 0.294, 0.304, 0.35, 0.326, 0.32, 0.412]
[0.306, 0.512, 0.358, 0.382, 0.474, 0.396, 0.51, 0.408, 0.332, 0.382, 0.358, 0.378, 0.294, 0.304, 0.35, 0.326, 0.32, 0.412, 0.332]
[0.306, 0.512, 0.358, 0.382, 0.474, 0.396, 0.51, 0.408, 0.332, 0.382, 0.358, 0.378, 0.294, 0.304, 0.35, 0.326, 0.32, 0.412, 0.332, 0.35]
Total correct retain:  902  Total retain:  2500
Total correct forget:  18105  Total forget:  47500
Total correct test:  158  Total test:  500
Total correct forget test:  3641  Total test forget:  9500
[0.316]
[0.316, 0.518]
[0.316, 0.518, 0.358]
[0.316, 0.518, 0.358, 0.396]
[0.316, 0.518, 0.358, 0.396, 0.47]
[0.316, 0.518, 0.358, 0.396, 0.47, 0.398]
[0.316, 0.518, 0.358, 0.396, 0.47, 0.398, 0.518]
[0.316, 0.518, 0.358, 0.396, 0.47, 0.398, 0.518, 0.4]
[0.316, 0.518, 0.358, 0.396, 0.47, 0.398, 0.518, 0.4, 0.342]
[0.316, 0.518, 0.358, 0.396, 0.47, 0.398, 0.518, 0.4, 0.342, 0.384]
[0.316, 0.518, 0.358, 0.396, 0.47, 0.398, 0.518, 0.4, 0.342, 0.384, 0.352]
[0.316, 0.518, 0.358, 0.396, 0.47, 0.398, 0.518, 0.4, 0.342, 0.384, 0.352, 0.382]
[0.316, 0.518, 0.358, 0.396, 0.47, 0.398, 0.518, 0.4, 0.342, 0.384, 0.352, 0.382, 0.306]
[0.316, 0.518, 0.358, 0.396, 0.47, 0.398, 0.518, 0.4, 0.342, 0.384, 0.352, 0.382, 0.306, 0.306]
[0.316, 0.518, 0.358, 0.396, 0.47, 0.398, 0.518, 0.4, 0.342, 0.384, 0.352, 0.382, 0.306, 0.306, 0.37]
[0.316, 0.518, 0.358, 0.396, 0.47, 0.398, 0.518, 0.4, 0.342, 0.384, 0.352, 0.382, 0.306, 0.306, 0.37, 0.334]
[0.316, 0.518, 0.358, 0.396, 0.47, 0.398, 0.518, 0.4, 0.342, 0.384, 0.352, 0.382, 0.306, 0.306, 0.37, 0.334, 0.324]
[0.316, 0.518, 0.358, 0.396, 0.47, 0.398, 0.518, 0.4, 0.342, 0.384, 0.352, 0.382, 0.306, 0.306, 0.37, 0.334, 0.324, 0.438]
[0.316, 0.518, 0.358, 0.396, 0.47, 0.398, 0.518, 0.4, 0.342, 0.384, 0.352, 0.382, 0.306, 0.306, 0.37, 0.334, 0.324, 0.438, 0.332]
[0.316, 0.518, 0.358, 0.396, 0.47, 0.398, 0.518, 0.4, 0.342, 0.384, 0.352, 0.382, 0.306, 0.306, 0.37, 0.334, 0.324, 0.438, 0.332, 0.354]
Total correct retain:  912  Total retain:  2500
Total correct forget:  18218  Total forget:  47500
Total correct test:  154  Total test:  500
Total correct forget test:  3640  Total test forget:  9500
[0.308]
[0.308, 0.516]
[0.308, 0.516, 0.362]
[0.308, 0.516, 0.362, 0.386]
[0.308, 0.516, 0.362, 0.386, 0.476]
[0.308, 0.516, 0.362, 0.386, 0.476, 0.4]
[0.308, 0.516, 0.362, 0.386, 0.476, 0.4, 0.514]
[0.308, 0.516, 0.362, 0.386, 0.476, 0.4, 0.514, 0.408]
[0.308, 0.516, 0.362, 0.386, 0.476, 0.4, 0.514, 0.408, 0.336]
[0.308, 0.516, 0.362, 0.386, 0.476, 0.4, 0.514, 0.408, 0.336, 0.388]
[0.308, 0.516, 0.362, 0.386, 0.476, 0.4, 0.514, 0.408, 0.336, 0.388, 0.358]
[0.308, 0.516, 0.362, 0.386, 0.476, 0.4, 0.514, 0.408, 0.336, 0.388, 0.358, 0.386]
[0.308, 0.516, 0.362, 0.386, 0.476, 0.4, 0.514, 0.408, 0.336, 0.388, 0.358, 0.386, 0.304]
[0.308, 0.516, 0.362, 0.386, 0.476, 0.4, 0.514, 0.408, 0.336, 0.388, 0.358, 0.386, 0.304, 0.306]
[0.308, 0.516, 0.362, 0.386, 0.476, 0.4, 0.514, 0.408, 0.336, 0.388, 0.358, 0.386, 0.304, 0.306, 0.366]
[0.308, 0.516, 0.362, 0.386, 0.476, 0.4, 0.514, 0.408, 0.336, 0.388, 0.358, 0.386, 0.304, 0.306, 0.366, 0.34]
[0.308, 0.516, 0.362, 0.386, 0.476, 0.4, 0.514, 0.408, 0.336, 0.388, 0.358, 0.386, 0.304, 0.306, 0.366, 0.34, 0.326]
[0.308, 0.516, 0.362, 0.386, 0.476, 0.4, 0.514, 0.408, 0.336, 0.388, 0.358, 0.386, 0.304, 0.306, 0.366, 0.34, 0.326, 0.42]
[0.308, 0.516, 0.362, 0.386, 0.476, 0.4, 0.514, 0.408, 0.336, 0.388, 0.358, 0.386, 0.304, 0.306, 0.366, 0.34, 0.326, 0.42, 0.33]
[0.308, 0.516, 0.362, 0.386, 0.476, 0.4, 0.514, 0.408, 0.336, 0.388, 0.358, 0.386, 0.304, 0.306, 0.366, 0.34, 0.326, 0.42, 0.33, 0.358]
Total correct retain:  917  Total retain:  2500
Total correct forget:  18265  Total forget:  47500
Total correct test:  154  Total test:  500
Total correct forget test:  3651  Total test forget:  9500
[0.308]
[0.308, 0.512]
[0.308, 0.512, 0.364]
[0.308, 0.512, 0.364, 0.386]
[0.308, 0.512, 0.364, 0.386, 0.49]
[0.308, 0.512, 0.364, 0.386, 0.49, 0.396]
[0.308, 0.512, 0.364, 0.386, 0.49, 0.396, 0.514]
[0.308, 0.512, 0.364, 0.386, 0.49, 0.396, 0.514, 0.412]
[0.308, 0.512, 0.364, 0.386, 0.49, 0.396, 0.514, 0.412, 0.338]
[0.308, 0.512, 0.364, 0.386, 0.49, 0.396, 0.514, 0.412, 0.338, 0.386]
[0.308, 0.512, 0.364, 0.386, 0.49, 0.396, 0.514, 0.412, 0.338, 0.386, 0.36]
[0.308, 0.512, 0.364, 0.386, 0.49, 0.396, 0.514, 0.412, 0.338, 0.386, 0.36, 0.388]
[0.308, 0.512, 0.364, 0.386, 0.49, 0.396, 0.514, 0.412, 0.338, 0.386, 0.36, 0.388, 0.302]
[0.308, 0.512, 0.364, 0.386, 0.49, 0.396, 0.514, 0.412, 0.338, 0.386, 0.36, 0.388, 0.302, 0.308]
[0.308, 0.512, 0.364, 0.386, 0.49, 0.396, 0.514, 0.412, 0.338, 0.386, 0.36, 0.388, 0.302, 0.308, 0.37]
[0.308, 0.512, 0.364, 0.386, 0.49, 0.396, 0.514, 0.412, 0.338, 0.386, 0.36, 0.388, 0.302, 0.308, 0.37, 0.35]
[0.308, 0.512, 0.364, 0.386, 0.49, 0.396, 0.514, 0.412, 0.338, 0.386, 0.36, 0.388, 0.302, 0.308, 0.37, 0.35, 0.314]
[0.308, 0.512, 0.364, 0.386, 0.49, 0.396, 0.514, 0.412, 0.338, 0.386, 0.36, 0.388, 0.302, 0.308, 0.37, 0.35, 0.314, 0.424]
[0.308, 0.512, 0.364, 0.386, 0.49, 0.396, 0.514, 0.412, 0.338, 0.386, 0.36, 0.388, 0.302, 0.308, 0.37, 0.35, 0.314, 0.424, 0.332]
[0.308, 0.512, 0.364, 0.386, 0.49, 0.396, 0.514, 0.412, 0.338, 0.386, 0.36, 0.388, 0.302, 0.308, 0.37, 0.35, 0.314, 0.424, 0.332, 0.356]
Total correct retain:  920  Total retain:  2500
Total correct forget:  18339  Total forget:  47500
Total correct test:  152  Total test:  500
Total correct forget test:  3664  Total test forget:  9500
[0.304]
[0.304, 0.512]
[0.304, 0.512, 0.37]
[0.304, 0.512, 0.37, 0.388]
[0.304, 0.512, 0.37, 0.388, 0.498]
[0.304, 0.512, 0.37, 0.388, 0.498, 0.406]
[0.304, 0.512, 0.37, 0.388, 0.498, 0.406, 0.514]
[0.304, 0.512, 0.37, 0.388, 0.498, 0.406, 0.514, 0.412]
[0.304, 0.512, 0.37, 0.388, 0.498, 0.406, 0.514, 0.412, 0.35]
[0.304, 0.512, 0.37, 0.388, 0.498, 0.406, 0.514, 0.412, 0.35, 0.392]
[0.304, 0.512, 0.37, 0.388, 0.498, 0.406, 0.514, 0.412, 0.35, 0.392, 0.354]
[0.304, 0.512, 0.37, 0.388, 0.498, 0.406, 0.514, 0.412, 0.35, 0.392, 0.354, 0.378]
[0.304, 0.512, 0.37, 0.388, 0.498, 0.406, 0.514, 0.412, 0.35, 0.392, 0.354, 0.378, 0.304]
[0.304, 0.512, 0.37, 0.388, 0.498, 0.406, 0.514, 0.412, 0.35, 0.392, 0.354, 0.378, 0.304, 0.312]
[0.304, 0.512, 0.37, 0.388, 0.498, 0.406, 0.514, 0.412, 0.35, 0.392, 0.354, 0.378, 0.304, 0.312, 0.36]
[0.304, 0.512, 0.37, 0.388, 0.498, 0.406, 0.514, 0.412, 0.35, 0.392, 0.354, 0.378, 0.304, 0.312, 0.36, 0.346]
[0.304, 0.512, 0.37, 0.388, 0.498, 0.406, 0.514, 0.412, 0.35, 0.392, 0.354, 0.378, 0.304, 0.312, 0.36, 0.346, 0.32]
[0.304, 0.512, 0.37, 0.388, 0.498, 0.406, 0.514, 0.412, 0.35, 0.392, 0.354, 0.378, 0.304, 0.312, 0.36, 0.346, 0.32, 0.42]
[0.304, 0.512, 0.37, 0.388, 0.498, 0.406, 0.514, 0.412, 0.35, 0.392, 0.354, 0.378, 0.304, 0.312, 0.36, 0.346, 0.32, 0.42, 0.342]
[0.304, 0.512, 0.37, 0.388, 0.498, 0.406, 0.514, 0.412, 0.35, 0.392, 0.354, 0.378, 0.304, 0.312, 0.36, 0.346, 0.32, 0.42, 0.342, 0.35]
Total correct retain:  943  Total retain:  2500
Total correct forget:  18425  Total forget:  47500
Total correct test:  165  Total test:  500
Total correct forget test:  3693  Total test forget:  9500
[0.33]
[0.33, 0.514]
[0.33, 0.514, 0.37]
[0.33, 0.514, 0.37, 0.404]
[0.33, 0.514, 0.37, 0.404, 0.486]
[0.33, 0.514, 0.37, 0.404, 0.486, 0.4]
[0.33, 0.514, 0.37, 0.404, 0.486, 0.4, 0.52]
[0.33, 0.514, 0.37, 0.404, 0.486, 0.4, 0.52, 0.402]
[0.33, 0.514, 0.37, 0.404, 0.486, 0.4, 0.52, 0.402, 0.356]
[0.33, 0.514, 0.37, 0.404, 0.486, 0.4, 0.52, 0.402, 0.356, 0.388]
[0.33, 0.514, 0.37, 0.404, 0.486, 0.4, 0.52, 0.402, 0.356, 0.388, 0.36]
[0.33, 0.514, 0.37, 0.404, 0.486, 0.4, 0.52, 0.402, 0.356, 0.388, 0.36, 0.382]
[0.33, 0.514, 0.37, 0.404, 0.486, 0.4, 0.52, 0.402, 0.356, 0.388, 0.36, 0.382, 0.31]
[0.33, 0.514, 0.37, 0.404, 0.486, 0.4, 0.52, 0.402, 0.356, 0.388, 0.36, 0.382, 0.31, 0.31]
[0.33, 0.514, 0.37, 0.404, 0.486, 0.4, 0.52, 0.402, 0.356, 0.388, 0.36, 0.382, 0.31, 0.31, 0.372]
[0.33, 0.514, 0.37, 0.404, 0.486, 0.4, 0.52, 0.402, 0.356, 0.388, 0.36, 0.382, 0.31, 0.31, 0.372, 0.332]
[0.33, 0.514, 0.37, 0.404, 0.486, 0.4, 0.52, 0.402, 0.356, 0.388, 0.36, 0.382, 0.31, 0.31, 0.372, 0.332, 0.328]
[0.33, 0.514, 0.37, 0.404, 0.486, 0.4, 0.52, 0.402, 0.356, 0.388, 0.36, 0.382, 0.31, 0.31, 0.372, 0.332, 0.328, 0.448]
[0.33, 0.514, 0.37, 0.404, 0.486, 0.4, 0.52, 0.402, 0.356, 0.388, 0.36, 0.382, 0.31, 0.31, 0.372, 0.332, 0.328, 0.448, 0.336]
[0.33, 0.514, 0.37, 0.404, 0.486, 0.4, 0.52, 0.402, 0.356, 0.388, 0.36, 0.382, 0.31, 0.31, 0.372, 0.332, 0.328, 0.448, 0.336, 0.368]
Total correct retain:  951  Total retain:  2500
Total correct forget:  18340  Total forget:  47500
Total correct test:  162  Total test:  500
Total correct forget test:  3652  Total test forget:  9500
[0.324]
[0.324, 0.484]
[0.324, 0.484, 0.384]
[0.324, 0.484, 0.384, 0.38]
[0.324, 0.484, 0.384, 0.38, 0.488]
[0.324, 0.484, 0.384, 0.38, 0.488, 0.418]
[0.324, 0.484, 0.384, 0.38, 0.488, 0.418, 0.52]
[0.324, 0.484, 0.384, 0.38, 0.488, 0.418, 0.52, 0.41]
[0.324, 0.484, 0.384, 0.38, 0.488, 0.418, 0.52, 0.41, 0.342]
[0.324, 0.484, 0.384, 0.38, 0.488, 0.418, 0.52, 0.41, 0.342, 0.404]
[0.324, 0.484, 0.384, 0.38, 0.488, 0.418, 0.52, 0.41, 0.342, 0.404, 0.362]
[0.324, 0.484, 0.384, 0.38, 0.488, 0.418, 0.52, 0.41, 0.342, 0.404, 0.362, 0.372]
[0.324, 0.484, 0.384, 0.38, 0.488, 0.418, 0.52, 0.41, 0.342, 0.404, 0.362, 0.372, 0.328]
[0.324, 0.484, 0.384, 0.38, 0.488, 0.418, 0.52, 0.41, 0.342, 0.404, 0.362, 0.372, 0.328, 0.304]
[0.324, 0.484, 0.384, 0.38, 0.488, 0.418, 0.52, 0.41, 0.342, 0.404, 0.362, 0.372, 0.328, 0.304, 0.354]
[0.324, 0.484, 0.384, 0.38, 0.488, 0.418, 0.52, 0.41, 0.342, 0.404, 0.362, 0.372, 0.328, 0.304, 0.354, 0.336]
[0.324, 0.484, 0.384, 0.38, 0.488, 0.418, 0.52, 0.41, 0.342, 0.404, 0.362, 0.372, 0.328, 0.304, 0.354, 0.336, 0.316]
[0.324, 0.484, 0.384, 0.38, 0.488, 0.418, 0.52, 0.41, 0.342, 0.404, 0.362, 0.372, 0.328, 0.304, 0.354, 0.336, 0.316, 0.412]
[0.324, 0.484, 0.384, 0.38, 0.488, 0.418, 0.52, 0.41, 0.342, 0.404, 0.362, 0.372, 0.328, 0.304, 0.354, 0.336, 0.316, 0.412, 0.344]
[0.324, 0.484, 0.384, 0.38, 0.488, 0.418, 0.52, 0.41, 0.342, 0.404, 0.362, 0.372, 0.328, 0.304, 0.354, 0.336, 0.316, 0.412, 0.344, 0.346]
Total correct retain:  965  Total retain:  2500
Total correct forget:  18595  Total forget:  47500
Total correct test:  166  Total test:  500
Total correct forget test:  3713  Total test forget:  9500
[0.332]
[0.332, 0.51]
[0.332, 0.51, 0.39]
[0.332, 0.51, 0.39, 0.404]
[0.332, 0.51, 0.39, 0.404, 0.51]
[0.332, 0.51, 0.39, 0.404, 0.51, 0.402]
[0.332, 0.51, 0.39, 0.404, 0.51, 0.402, 0.524]
[0.332, 0.51, 0.39, 0.404, 0.51, 0.402, 0.524, 0.412]
[0.332, 0.51, 0.39, 0.404, 0.51, 0.402, 0.524, 0.412, 0.352]
[0.332, 0.51, 0.39, 0.404, 0.51, 0.402, 0.524, 0.412, 0.352, 0.392]
[0.332, 0.51, 0.39, 0.404, 0.51, 0.402, 0.524, 0.412, 0.352, 0.392, 0.36]
[0.332, 0.51, 0.39, 0.404, 0.51, 0.402, 0.524, 0.412, 0.352, 0.392, 0.36, 0.376]
[0.332, 0.51, 0.39, 0.404, 0.51, 0.402, 0.524, 0.412, 0.352, 0.392, 0.36, 0.376, 0.308]
[0.332, 0.51, 0.39, 0.404, 0.51, 0.402, 0.524, 0.412, 0.352, 0.392, 0.36, 0.376, 0.308, 0.312]
[0.332, 0.51, 0.39, 0.404, 0.51, 0.402, 0.524, 0.412, 0.352, 0.392, 0.36, 0.376, 0.308, 0.312, 0.37]
[0.332, 0.51, 0.39, 0.404, 0.51, 0.402, 0.524, 0.412, 0.352, 0.392, 0.36, 0.376, 0.308, 0.312, 0.37, 0.344]
[0.332, 0.51, 0.39, 0.404, 0.51, 0.402, 0.524, 0.412, 0.352, 0.392, 0.36, 0.376, 0.308, 0.312, 0.37, 0.344, 0.322]
[0.332, 0.51, 0.39, 0.404, 0.51, 0.402, 0.524, 0.412, 0.352, 0.392, 0.36, 0.376, 0.308, 0.312, 0.37, 0.344, 0.322, 0.434]
[0.332, 0.51, 0.39, 0.404, 0.51, 0.402, 0.524, 0.412, 0.352, 0.392, 0.36, 0.376, 0.308, 0.312, 0.37, 0.344, 0.322, 0.434, 0.348]
[0.332, 0.51, 0.39, 0.404, 0.51, 0.402, 0.524, 0.412, 0.352, 0.392, 0.36, 0.376, 0.308, 0.312, 0.37, 0.344, 0.322, 0.434, 0.348, 0.356]
Total correct retain:  973  Total retain:  2500
Total correct forget:  18616  Total forget:  47500
Total correct test:  166  Total test:  500
Total correct forget test:  3722  Total test forget:  9500
[0.332]
[0.332, 0.52]
[0.332, 0.52, 0.384]
[0.332, 0.52, 0.384, 0.408]
[0.332, 0.52, 0.384, 0.408, 0.506]
[0.332, 0.52, 0.384, 0.408, 0.506, 0.4]
[0.332, 0.52, 0.384, 0.408, 0.506, 0.4, 0.532]
[0.332, 0.52, 0.384, 0.408, 0.506, 0.4, 0.532, 0.41]
[0.332, 0.52, 0.384, 0.408, 0.506, 0.4, 0.532, 0.41, 0.342]
[0.332, 0.52, 0.384, 0.408, 0.506, 0.4, 0.532, 0.41, 0.342, 0.386]
[0.332, 0.52, 0.384, 0.408, 0.506, 0.4, 0.532, 0.41, 0.342, 0.386, 0.362]
[0.332, 0.52, 0.384, 0.408, 0.506, 0.4, 0.532, 0.41, 0.342, 0.386, 0.362, 0.38]
[0.332, 0.52, 0.384, 0.408, 0.506, 0.4, 0.532, 0.41, 0.342, 0.386, 0.362, 0.38, 0.31]
[0.332, 0.52, 0.384, 0.408, 0.506, 0.4, 0.532, 0.41, 0.342, 0.386, 0.362, 0.38, 0.31, 0.312]
[0.332, 0.52, 0.384, 0.408, 0.506, 0.4, 0.532, 0.41, 0.342, 0.386, 0.362, 0.38, 0.31, 0.312, 0.378]
[0.332, 0.52, 0.384, 0.408, 0.506, 0.4, 0.532, 0.41, 0.342, 0.386, 0.362, 0.38, 0.31, 0.312, 0.378, 0.34]
[0.332, 0.52, 0.384, 0.408, 0.506, 0.4, 0.532, 0.41, 0.342, 0.386, 0.362, 0.38, 0.31, 0.312, 0.378, 0.34, 0.328]
[0.332, 0.52, 0.384, 0.408, 0.506, 0.4, 0.532, 0.41, 0.342, 0.386, 0.362, 0.38, 0.31, 0.312, 0.378, 0.34, 0.328, 0.442]
[0.332, 0.52, 0.384, 0.408, 0.506, 0.4, 0.532, 0.41, 0.342, 0.386, 0.362, 0.38, 0.31, 0.312, 0.378, 0.34, 0.328, 0.442, 0.346]
[0.332, 0.52, 0.384, 0.408, 0.506, 0.4, 0.532, 0.41, 0.342, 0.386, 0.362, 0.38, 0.31, 0.312, 0.378, 0.34, 0.328, 0.442, 0.346, 0.358]
Total correct retain:  980  Total retain:  2500
Total correct forget:  18628  Total forget:  47500
Total correct test:  171  Total test:  500
Total correct forget test:  3725  Total test forget:  9500
[0.342]
[0.342, 0.504]
[0.342, 0.504, 0.4]
[0.342, 0.504, 0.4, 0.408]
[0.342, 0.504, 0.4, 0.408, 0.51]
[0.342, 0.504, 0.4, 0.408, 0.51, 0.406]
[0.342, 0.504, 0.4, 0.408, 0.51, 0.406, 0.528]
[0.342, 0.504, 0.4, 0.408, 0.51, 0.406, 0.528, 0.42]
[0.342, 0.504, 0.4, 0.408, 0.51, 0.406, 0.528, 0.42, 0.352]
[0.342, 0.504, 0.4, 0.408, 0.51, 0.406, 0.528, 0.42, 0.352, 0.396]
[0.342, 0.504, 0.4, 0.408, 0.51, 0.406, 0.528, 0.42, 0.352, 0.396, 0.354]
[0.342, 0.504, 0.4, 0.408, 0.51, 0.406, 0.528, 0.42, 0.352, 0.396, 0.354, 0.378]
[0.342, 0.504, 0.4, 0.408, 0.51, 0.406, 0.528, 0.42, 0.352, 0.396, 0.354, 0.378, 0.324]
[0.342, 0.504, 0.4, 0.408, 0.51, 0.406, 0.528, 0.42, 0.352, 0.396, 0.354, 0.378, 0.324, 0.308]
[0.342, 0.504, 0.4, 0.408, 0.51, 0.406, 0.528, 0.42, 0.352, 0.396, 0.354, 0.378, 0.324, 0.308, 0.37]
[0.342, 0.504, 0.4, 0.408, 0.51, 0.406, 0.528, 0.42, 0.352, 0.396, 0.354, 0.378, 0.324, 0.308, 0.37, 0.34]
[0.342, 0.504, 0.4, 0.408, 0.51, 0.406, 0.528, 0.42, 0.352, 0.396, 0.354, 0.378, 0.324, 0.308, 0.37, 0.34, 0.322]
[0.342, 0.504, 0.4, 0.408, 0.51, 0.406, 0.528, 0.42, 0.352, 0.396, 0.354, 0.378, 0.324, 0.308, 0.37, 0.34, 0.322, 0.43]
[0.342, 0.504, 0.4, 0.408, 0.51, 0.406, 0.528, 0.42, 0.352, 0.396, 0.354, 0.378, 0.324, 0.308, 0.37, 0.34, 0.322, 0.43, 0.346]
[0.342, 0.504, 0.4, 0.408, 0.51, 0.406, 0.528, 0.42, 0.352, 0.396, 0.354, 0.378, 0.324, 0.308, 0.37, 0.34, 0.322, 0.43, 0.346, 0.354]
Total correct retain:  995  Total retain:  2500
Total correct forget:  18706  Total forget:  47500
Total correct test:  175  Total test:  500
Total correct forget test:  3743  Total test forget:  9500
[0.35]
[0.35, 0.502]
[0.35, 0.502, 0.398]
[0.35, 0.502, 0.398, 0.408]
[0.35, 0.502, 0.398, 0.408, 0.514]
[0.35, 0.502, 0.398, 0.408, 0.514, 0.408]
[0.35, 0.502, 0.398, 0.408, 0.514, 0.408, 0.536]
[0.35, 0.502, 0.398, 0.408, 0.514, 0.408, 0.536, 0.424]
[0.35, 0.502, 0.398, 0.408, 0.514, 0.408, 0.536, 0.424, 0.358]
[0.35, 0.502, 0.398, 0.408, 0.514, 0.408, 0.536, 0.424, 0.358, 0.394]
[0.35, 0.502, 0.398, 0.408, 0.514, 0.408, 0.536, 0.424, 0.358, 0.394, 0.354]
[0.35, 0.502, 0.398, 0.408, 0.514, 0.408, 0.536, 0.424, 0.358, 0.394, 0.354, 0.38]
[0.35, 0.502, 0.398, 0.408, 0.514, 0.408, 0.536, 0.424, 0.358, 0.394, 0.354, 0.38, 0.324]
[0.35, 0.502, 0.398, 0.408, 0.514, 0.408, 0.536, 0.424, 0.358, 0.394, 0.354, 0.38, 0.324, 0.306]
[0.35, 0.502, 0.398, 0.408, 0.514, 0.408, 0.536, 0.424, 0.358, 0.394, 0.354, 0.38, 0.324, 0.306, 0.374]
[0.35, 0.502, 0.398, 0.408, 0.514, 0.408, 0.536, 0.424, 0.358, 0.394, 0.354, 0.38, 0.324, 0.306, 0.374, 0.348]
[0.35, 0.502, 0.398, 0.408, 0.514, 0.408, 0.536, 0.424, 0.358, 0.394, 0.354, 0.38, 0.324, 0.306, 0.374, 0.348, 0.324]
[0.35, 0.502, 0.398, 0.408, 0.514, 0.408, 0.536, 0.424, 0.358, 0.394, 0.354, 0.38, 0.324, 0.306, 0.374, 0.348, 0.324, 0.43]
[0.35, 0.502, 0.398, 0.408, 0.514, 0.408, 0.536, 0.424, 0.358, 0.394, 0.354, 0.38, 0.324, 0.306, 0.374, 0.348, 0.324, 0.43, 0.346]
[0.35, 0.502, 0.398, 0.408, 0.514, 0.408, 0.536, 0.424, 0.358, 0.394, 0.354, 0.38, 0.324, 0.306, 0.374, 0.348, 0.324, 0.43, 0.346, 0.358]
Total correct retain:  979  Total retain:  2500
Total correct forget:  18572  Total forget:  47500
Total correct test:  169  Total test:  500
Total correct forget test:  3701  Total test forget:  9500
[0.338]
[0.338, 0.492]
[0.338, 0.492, 0.386]
[0.338, 0.492, 0.386, 0.388]
[0.338, 0.492, 0.386, 0.388, 0.516]
[0.338, 0.492, 0.386, 0.388, 0.516, 0.412]
[0.338, 0.492, 0.386, 0.388, 0.516, 0.412, 0.546]
[0.338, 0.492, 0.386, 0.388, 0.516, 0.412, 0.546, 0.418]
[0.338, 0.492, 0.386, 0.388, 0.516, 0.412, 0.546, 0.418, 0.356]
[0.338, 0.492, 0.386, 0.388, 0.516, 0.412, 0.546, 0.418, 0.356, 0.408]
[0.338, 0.492, 0.386, 0.388, 0.516, 0.412, 0.546, 0.418, 0.356, 0.408, 0.35]
[0.338, 0.492, 0.386, 0.388, 0.516, 0.412, 0.546, 0.418, 0.356, 0.408, 0.35, 0.378]
[0.338, 0.492, 0.386, 0.388, 0.516, 0.412, 0.546, 0.418, 0.356, 0.408, 0.35, 0.378, 0.326]
[0.338, 0.492, 0.386, 0.388, 0.516, 0.412, 0.546, 0.418, 0.356, 0.408, 0.35, 0.378, 0.326, 0.308]
[0.338, 0.492, 0.386, 0.388, 0.516, 0.412, 0.546, 0.418, 0.356, 0.408, 0.35, 0.378, 0.326, 0.308, 0.356]
[0.338, 0.492, 0.386, 0.388, 0.516, 0.412, 0.546, 0.418, 0.356, 0.408, 0.35, 0.378, 0.326, 0.308, 0.356, 0.338]
[0.338, 0.492, 0.386, 0.388, 0.516, 0.412, 0.546, 0.418, 0.356, 0.408, 0.35, 0.378, 0.326, 0.308, 0.356, 0.338, 0.324]
[0.338, 0.492, 0.386, 0.388, 0.516, 0.412, 0.546, 0.418, 0.356, 0.408, 0.35, 0.378, 0.326, 0.308, 0.356, 0.338, 0.324, 0.41]
[0.338, 0.492, 0.386, 0.388, 0.516, 0.412, 0.546, 0.418, 0.356, 0.408, 0.35, 0.378, 0.326, 0.308, 0.356, 0.338, 0.324, 0.41, 0.346]
[0.338, 0.492, 0.386, 0.388, 0.516, 0.412, 0.546, 0.418, 0.356, 0.408, 0.35, 0.378, 0.326, 0.308, 0.356, 0.338, 0.324, 0.41, 0.346, 0.344]
Total correct retain:  970  Total retain:  2500
Total correct forget:  18605  Total forget:  47500
Total correct test:  168  Total test:  500
Total correct forget test:  3730  Total test forget:  9500
[0.336]
[0.336, 0.5]
[0.336, 0.5, 0.38]
[0.336, 0.5, 0.38, 0.386]
[0.336, 0.5, 0.38, 0.386, 0.512]
[0.336, 0.5, 0.38, 0.386, 0.512, 0.414]
[0.336, 0.5, 0.38, 0.386, 0.512, 0.414, 0.546]
[0.336, 0.5, 0.38, 0.386, 0.512, 0.414, 0.546, 0.424]
[0.336, 0.5, 0.38, 0.386, 0.512, 0.414, 0.546, 0.424, 0.354]
[0.336, 0.5, 0.38, 0.386, 0.512, 0.414, 0.546, 0.424, 0.354, 0.406]
[0.336, 0.5, 0.38, 0.386, 0.512, 0.414, 0.546, 0.424, 0.354, 0.406, 0.354]
[0.336, 0.5, 0.38, 0.386, 0.512, 0.414, 0.546, 0.424, 0.354, 0.406, 0.354, 0.402]
[0.336, 0.5, 0.38, 0.386, 0.512, 0.414, 0.546, 0.424, 0.354, 0.406, 0.354, 0.402, 0.324]
[0.336, 0.5, 0.38, 0.386, 0.512, 0.414, 0.546, 0.424, 0.354, 0.406, 0.354, 0.402, 0.324, 0.31]
[0.336, 0.5, 0.38, 0.386, 0.512, 0.414, 0.546, 0.424, 0.354, 0.406, 0.354, 0.402, 0.324, 0.31, 0.386]
[0.336, 0.5, 0.38, 0.386, 0.512, 0.414, 0.546, 0.424, 0.354, 0.406, 0.354, 0.402, 0.324, 0.31, 0.386, 0.328]
[0.336, 0.5, 0.38, 0.386, 0.512, 0.414, 0.546, 0.424, 0.354, 0.406, 0.354, 0.402, 0.324, 0.31, 0.386, 0.328, 0.336]
[0.336, 0.5, 0.38, 0.386, 0.512, 0.414, 0.546, 0.424, 0.354, 0.406, 0.354, 0.402, 0.324, 0.31, 0.386, 0.328, 0.336, 0.42]
[0.336, 0.5, 0.38, 0.386, 0.512, 0.414, 0.546, 0.424, 0.354, 0.406, 0.354, 0.402, 0.324, 0.31, 0.386, 0.328, 0.336, 0.42, 0.324]
[0.336, 0.5, 0.38, 0.386, 0.512, 0.414, 0.546, 0.424, 0.354, 0.406, 0.354, 0.402, 0.324, 0.31, 0.386, 0.328, 0.336, 0.42, 0.324, 0.354]
Total correct retain:  1002  Total retain:  2500
Total correct forget:  18714  Total forget:  47500
Total correct test:  173  Total test:  500
Total correct forget test:  3732  Total test forget:  9500
[0.346]
[0.346, 0.492]
[0.346, 0.492, 0.388]
[0.346, 0.492, 0.388, 0.39]
[0.346, 0.492, 0.388, 0.39, 0.516]
[0.346, 0.492, 0.388, 0.39, 0.516, 0.412]
[0.346, 0.492, 0.388, 0.39, 0.516, 0.412, 0.54]
[0.346, 0.492, 0.388, 0.39, 0.516, 0.412, 0.54, 0.422]
[0.346, 0.492, 0.388, 0.39, 0.516, 0.412, 0.54, 0.422, 0.356]
[0.346, 0.492, 0.388, 0.39, 0.516, 0.412, 0.54, 0.422, 0.356, 0.402]
[0.346, 0.492, 0.388, 0.39, 0.516, 0.412, 0.54, 0.422, 0.356, 0.402, 0.356]
[0.346, 0.492, 0.388, 0.39, 0.516, 0.412, 0.54, 0.422, 0.356, 0.402, 0.356, 0.384]
[0.346, 0.492, 0.388, 0.39, 0.516, 0.412, 0.54, 0.422, 0.356, 0.402, 0.356, 0.384, 0.336]
[0.346, 0.492, 0.388, 0.39, 0.516, 0.412, 0.54, 0.422, 0.356, 0.402, 0.356, 0.384, 0.336, 0.31]
[0.346, 0.492, 0.388, 0.39, 0.516, 0.412, 0.54, 0.422, 0.356, 0.402, 0.356, 0.384, 0.336, 0.31, 0.382]
[0.346, 0.492, 0.388, 0.39, 0.516, 0.412, 0.54, 0.422, 0.356, 0.402, 0.356, 0.384, 0.336, 0.31, 0.382, 0.336]
[0.346, 0.492, 0.388, 0.39, 0.516, 0.412, 0.54, 0.422, 0.356, 0.402, 0.356, 0.384, 0.336, 0.31, 0.382, 0.336, 0.338]
[0.346, 0.492, 0.388, 0.39, 0.516, 0.412, 0.54, 0.422, 0.356, 0.402, 0.356, 0.384, 0.336, 0.31, 0.382, 0.336, 0.338, 0.426]
[0.346, 0.492, 0.388, 0.39, 0.516, 0.412, 0.54, 0.422, 0.356, 0.402, 0.356, 0.384, 0.336, 0.31, 0.382, 0.336, 0.338, 0.426, 0.33]
[0.346, 0.492, 0.388, 0.39, 0.516, 0.412, 0.54, 0.422, 0.356, 0.402, 0.356, 0.384, 0.336, 0.31, 0.382, 0.336, 0.338, 0.426, 0.33, 0.348]
Total correct retain:  1012  Total retain:  2500
Total correct forget:  18742  Total forget:  47500
Total correct test:  175  Total test:  500
Total correct forget test:  3750  Total test forget:  9500
[0.35]
[0.35, 0.504]
[0.35, 0.504, 0.39]
[0.35, 0.504, 0.39, 0.392]
[0.35, 0.504, 0.39, 0.392, 0.518]
[0.35, 0.504, 0.39, 0.392, 0.518, 0.41]
[0.35, 0.504, 0.39, 0.392, 0.518, 0.41, 0.532]
[0.35, 0.504, 0.39, 0.392, 0.518, 0.41, 0.532, 0.422]
[0.35, 0.504, 0.39, 0.392, 0.518, 0.41, 0.532, 0.422, 0.356]
[0.35, 0.504, 0.39, 0.392, 0.518, 0.41, 0.532, 0.422, 0.356, 0.398]
[0.35, 0.504, 0.39, 0.392, 0.518, 0.41, 0.532, 0.422, 0.356, 0.398, 0.356]
[0.35, 0.504, 0.39, 0.392, 0.518, 0.41, 0.532, 0.422, 0.356, 0.398, 0.356, 0.386]
[0.35, 0.504, 0.39, 0.392, 0.518, 0.41, 0.532, 0.422, 0.356, 0.398, 0.356, 0.386, 0.332]
[0.35, 0.504, 0.39, 0.392, 0.518, 0.41, 0.532, 0.422, 0.356, 0.398, 0.356, 0.386, 0.332, 0.33]
[0.35, 0.504, 0.39, 0.392, 0.518, 0.41, 0.532, 0.422, 0.356, 0.398, 0.356, 0.386, 0.332, 0.33, 0.386]
[0.35, 0.504, 0.39, 0.392, 0.518, 0.41, 0.532, 0.422, 0.356, 0.398, 0.356, 0.386, 0.332, 0.33, 0.386, 0.338]
[0.35, 0.504, 0.39, 0.392, 0.518, 0.41, 0.532, 0.422, 0.356, 0.398, 0.356, 0.386, 0.332, 0.33, 0.386, 0.338, 0.332]
[0.35, 0.504, 0.39, 0.392, 0.518, 0.41, 0.532, 0.422, 0.356, 0.398, 0.356, 0.386, 0.332, 0.33, 0.386, 0.338, 0.332, 0.432]
[0.35, 0.504, 0.39, 0.392, 0.518, 0.41, 0.532, 0.422, 0.356, 0.398, 0.356, 0.386, 0.332, 0.33, 0.386, 0.338, 0.332, 0.432, 0.33]
[0.35, 0.504, 0.39, 0.392, 0.518, 0.41, 0.532, 0.422, 0.356, 0.398, 0.356, 0.386, 0.332, 0.33, 0.386, 0.338, 0.332, 0.432, 0.33, 0.356]
Total correct retain:  1033  Total retain:  2500
Total correct forget:  18743  Total forget:  47500
Total correct test:  180  Total test:  500
Total correct forget test:  3766  Total test forget:  9500
[0.36]
[0.36, 0.514]
[0.36, 0.514, 0.386]
[0.36, 0.514, 0.386, 0.396]
[0.36, 0.514, 0.386, 0.396, 0.514]
[0.36, 0.514, 0.386, 0.396, 0.514, 0.404]
[0.36, 0.514, 0.386, 0.396, 0.514, 0.404, 0.536]
[0.36, 0.514, 0.386, 0.396, 0.514, 0.404, 0.536, 0.422]
[0.36, 0.514, 0.386, 0.396, 0.514, 0.404, 0.536, 0.422, 0.36]
[0.36, 0.514, 0.386, 0.396, 0.514, 0.404, 0.536, 0.422, 0.36, 0.394]
[0.36, 0.514, 0.386, 0.396, 0.514, 0.404, 0.536, 0.422, 0.36, 0.394, 0.354]
[0.36, 0.514, 0.386, 0.396, 0.514, 0.404, 0.536, 0.422, 0.36, 0.394, 0.354, 0.394]
[0.36, 0.514, 0.386, 0.396, 0.514, 0.404, 0.536, 0.422, 0.36, 0.394, 0.354, 0.394, 0.324]
[0.36, 0.514, 0.386, 0.396, 0.514, 0.404, 0.536, 0.422, 0.36, 0.394, 0.354, 0.394, 0.324, 0.328]
[0.36, 0.514, 0.386, 0.396, 0.514, 0.404, 0.536, 0.422, 0.36, 0.394, 0.354, 0.394, 0.324, 0.328, 0.394]
[0.36, 0.514, 0.386, 0.396, 0.514, 0.404, 0.536, 0.422, 0.36, 0.394, 0.354, 0.394, 0.324, 0.328, 0.394, 0.35]
[0.36, 0.514, 0.386, 0.396, 0.514, 0.404, 0.536, 0.422, 0.36, 0.394, 0.354, 0.394, 0.324, 0.328, 0.394, 0.35, 0.332]
[0.36, 0.514, 0.386, 0.396, 0.514, 0.404, 0.536, 0.422, 0.36, 0.394, 0.354, 0.394, 0.324, 0.328, 0.394, 0.35, 0.332, 0.444]
[0.36, 0.514, 0.386, 0.396, 0.514, 0.404, 0.536, 0.422, 0.36, 0.394, 0.354, 0.394, 0.324, 0.328, 0.394, 0.35, 0.332, 0.444, 0.334]
[0.36, 0.514, 0.386, 0.396, 0.514, 0.404, 0.536, 0.422, 0.36, 0.394, 0.354, 0.394, 0.324, 0.328, 0.394, 0.35, 0.332, 0.444, 0.334, 0.352]
Total correct retain:  1068  Total retain:  2500
Total correct forget:  18807  Total forget:  47500
Total correct test:  185  Total test:  500
Total correct forget test:  3761  Total test forget:  9500
[0.37]
[0.37, 0.52]
[0.37, 0.52, 0.388]
[0.37, 0.52, 0.388, 0.408]
[0.37, 0.52, 0.388, 0.408, 0.504]
[0.37, 0.52, 0.388, 0.408, 0.504, 0.402]
[0.37, 0.52, 0.388, 0.408, 0.504, 0.402, 0.54]
[0.37, 0.52, 0.388, 0.408, 0.504, 0.402, 0.54, 0.41]
[0.37, 0.52, 0.388, 0.408, 0.504, 0.402, 0.54, 0.41, 0.356]
[0.37, 0.52, 0.388, 0.408, 0.504, 0.402, 0.54, 0.41, 0.356, 0.388]
[0.37, 0.52, 0.388, 0.408, 0.504, 0.402, 0.54, 0.41, 0.356, 0.388, 0.358]
[0.37, 0.52, 0.388, 0.408, 0.504, 0.402, 0.54, 0.41, 0.356, 0.388, 0.358, 0.388]
[0.37, 0.52, 0.388, 0.408, 0.504, 0.402, 0.54, 0.41, 0.356, 0.388, 0.358, 0.388, 0.318]
[0.37, 0.52, 0.388, 0.408, 0.504, 0.402, 0.54, 0.41, 0.356, 0.388, 0.358, 0.388, 0.318, 0.334]
[0.37, 0.52, 0.388, 0.408, 0.504, 0.402, 0.54, 0.41, 0.356, 0.388, 0.358, 0.388, 0.318, 0.334, 0.392]
[0.37, 0.52, 0.388, 0.408, 0.504, 0.402, 0.54, 0.41, 0.356, 0.388, 0.358, 0.388, 0.318, 0.334, 0.392, 0.346]
[0.37, 0.52, 0.388, 0.408, 0.504, 0.402, 0.54, 0.41, 0.356, 0.388, 0.358, 0.388, 0.318, 0.334, 0.392, 0.346, 0.336]
[0.37, 0.52, 0.388, 0.408, 0.504, 0.402, 0.54, 0.41, 0.356, 0.388, 0.358, 0.388, 0.318, 0.334, 0.392, 0.346, 0.336, 0.442]
[0.37, 0.52, 0.388, 0.408, 0.504, 0.402, 0.54, 0.41, 0.356, 0.388, 0.358, 0.388, 0.318, 0.334, 0.392, 0.346, 0.336, 0.442, 0.342]
[0.37, 0.52, 0.388, 0.408, 0.504, 0.402, 0.54, 0.41, 0.356, 0.388, 0.358, 0.388, 0.318, 0.334, 0.392, 0.346, 0.336, 0.442, 0.342, 0.35]
Total correct retain:  1053  Total retain:  2500
Total correct forget:  18733  Total forget:  47500
Total correct test:  185  Total test:  500
Total correct forget test:  3771  Total test forget:  9500
[0.37]
[0.37, 0.532]
[0.37, 0.532, 0.378]
[0.37, 0.532, 0.378, 0.406]
[0.37, 0.532, 0.378, 0.406, 0.498]
[0.37, 0.532, 0.378, 0.406, 0.498, 0.402]
[0.37, 0.532, 0.378, 0.406, 0.498, 0.402, 0.546]
[0.37, 0.532, 0.378, 0.406, 0.498, 0.402, 0.546, 0.406]
[0.37, 0.532, 0.378, 0.406, 0.498, 0.402, 0.546, 0.406, 0.362]
[0.37, 0.532, 0.378, 0.406, 0.498, 0.402, 0.546, 0.406, 0.362, 0.394]
[0.37, 0.532, 0.378, 0.406, 0.498, 0.402, 0.546, 0.406, 0.362, 0.394, 0.35]
[0.37, 0.532, 0.378, 0.406, 0.498, 0.402, 0.546, 0.406, 0.362, 0.394, 0.35, 0.402]
[0.37, 0.532, 0.378, 0.406, 0.498, 0.402, 0.546, 0.406, 0.362, 0.394, 0.35, 0.402, 0.318]
[0.37, 0.532, 0.378, 0.406, 0.498, 0.402, 0.546, 0.406, 0.362, 0.394, 0.35, 0.402, 0.318, 0.336]
[0.37, 0.532, 0.378, 0.406, 0.498, 0.402, 0.546, 0.406, 0.362, 0.394, 0.35, 0.402, 0.318, 0.336, 0.382]
[0.37, 0.532, 0.378, 0.406, 0.498, 0.402, 0.546, 0.406, 0.362, 0.394, 0.35, 0.402, 0.318, 0.336, 0.382, 0.344]
[0.37, 0.532, 0.378, 0.406, 0.498, 0.402, 0.546, 0.406, 0.362, 0.394, 0.35, 0.402, 0.318, 0.336, 0.382, 0.344, 0.344]
[0.37, 0.532, 0.378, 0.406, 0.498, 0.402, 0.546, 0.406, 0.362, 0.394, 0.35, 0.402, 0.318, 0.336, 0.382, 0.344, 0.344, 0.448]
[0.37, 0.532, 0.378, 0.406, 0.498, 0.402, 0.546, 0.406, 0.362, 0.394, 0.35, 0.402, 0.318, 0.336, 0.382, 0.344, 0.344, 0.448, 0.334]
[0.37, 0.532, 0.378, 0.406, 0.498, 0.402, 0.546, 0.406, 0.362, 0.394, 0.35, 0.402, 0.318, 0.336, 0.382, 0.344, 0.344, 0.448, 0.334, 0.36]
[[0.296, 0.528, 0.33, 0.388, 0.464, 0.378, 0.518, 0.392, 0.336, 0.37, 0.36, 0.392, 0.3, 0.308, 0.364, 0.322, 0.344, 0.422, 0.3, 0.348], [0.306, 0.512, 0.358, 0.382, 0.474, 0.396, 0.51, 0.408, 0.332, 0.382, 0.358, 0.378, 0.294, 0.304, 0.35, 0.326, 0.32, 0.412, 0.332, 0.35], [0.316, 0.518, 0.358, 0.396, 0.47, 0.398, 0.518, 0.4, 0.342, 0.384, 0.352, 0.382, 0.306, 0.306, 0.37, 0.334, 0.324, 0.438, 0.332, 0.354], [0.308, 0.516, 0.362, 0.386, 0.476, 0.4, 0.514, 0.408, 0.336, 0.388, 0.358, 0.386, 0.304, 0.306, 0.366, 0.34, 0.326, 0.42, 0.33, 0.358], [0.308, 0.512, 0.364, 0.386, 0.49, 0.396, 0.514, 0.412, 0.338, 0.386, 0.36, 0.388, 0.302, 0.308, 0.37, 0.35, 0.314, 0.424, 0.332, 0.356], [0.304, 0.512, 0.37, 0.388, 0.498, 0.406, 0.514, 0.412, 0.35, 0.392, 0.354, 0.378, 0.304, 0.312, 0.36, 0.346, 0.32, 0.42, 0.342, 0.35], [0.33, 0.514, 0.37, 0.404, 0.486, 0.4, 0.52, 0.402, 0.356, 0.388, 0.36, 0.382, 0.31, 0.31, 0.372, 0.332, 0.328, 0.448, 0.336, 0.368], [0.324, 0.484, 0.384, 0.38, 0.488, 0.418, 0.52, 0.41, 0.342, 0.404, 0.362, 0.372, 0.328, 0.304, 0.354, 0.336, 0.316, 0.412, 0.344, 0.346], [0.332, 0.51, 0.39, 0.404, 0.51, 0.402, 0.524, 0.412, 0.352, 0.392, 0.36, 0.376, 0.308, 0.312, 0.37, 0.344, 0.322, 0.434, 0.348, 0.356], [0.332, 0.52, 0.384, 0.408, 0.506, 0.4, 0.532, 0.41, 0.342, 0.386, 0.362, 0.38, 0.31, 0.312, 0.378, 0.34, 0.328, 0.442, 0.346, 0.358], [0.342, 0.504, 0.4, 0.408, 0.51, 0.406, 0.528, 0.42, 0.352, 0.396, 0.354, 0.378, 0.324, 0.308, 0.37, 0.34, 0.322, 0.43, 0.346, 0.354], [0.35, 0.502, 0.398, 0.408, 0.514, 0.408, 0.536, 0.424, 0.358, 0.394, 0.354, 0.38, 0.324, 0.306, 0.374, 0.348, 0.324, 0.43, 0.346, 0.358], [0.338, 0.492, 0.386, 0.388, 0.516, 0.412, 0.546, 0.418, 0.356, 0.408, 0.35, 0.378, 0.326, 0.308, 0.356, 0.338, 0.324, 0.41, 0.346, 0.344], [0.336, 0.5, 0.38, 0.386, 0.512, 0.414, 0.546, 0.424, 0.354, 0.406, 0.354, 0.402, 0.324, 0.31, 0.386, 0.328, 0.336, 0.42, 0.324, 0.354], [0.346, 0.492, 0.388, 0.39, 0.516, 0.412, 0.54, 0.422, 0.356, 0.402, 0.356, 0.384, 0.336, 0.31, 0.382, 0.336, 0.338, 0.426, 0.33, 0.348], [0.35, 0.504, 0.39, 0.392, 0.518, 0.41, 0.532, 0.422, 0.356, 0.398, 0.356, 0.386, 0.332, 0.33, 0.386, 0.338, 0.332, 0.432, 0.33, 0.356], [0.36, 0.514, 0.386, 0.396, 0.514, 0.404, 0.536, 0.422, 0.36, 0.394, 0.354, 0.394, 0.324, 0.328, 0.394, 0.35, 0.332, 0.444, 0.334, 0.352], [0.37, 0.52, 0.388, 0.408, 0.504, 0.402, 0.54, 0.41, 0.356, 0.388, 0.358, 0.388, 0.318, 0.334, 0.392, 0.346, 0.336, 0.442, 0.342, 0.35], [0.37, 0.532, 0.378, 0.406, 0.498, 0.402, 0.546, 0.406, 0.362, 0.394, 0.35, 0.402, 0.318, 0.336, 0.382, 0.344, 0.344, 0.448, 0.334, 0.36]]
Plot  0  Done
Average Retain Accuracies:  [0.288, 0.3376, 0.3568, 0.3608, 0.3648, 0.3668, 0.368, 0.3772, 0.3804, 0.386, 0.3892, 0.392, 0.398, 0.3916, 0.388, 0.4008, 0.4048, 0.4132, 0.4272, 0.4212]
Average Forget Accuracies:  [0.3011157894736842, 0.37246315789473683, 0.37850526315789473, 0.3811578947368421, 0.3835368421052632, 0.38452631578947366, 0.3860842105263158, 0.38789473684210524, 0.38610526315789473, 0.3914736842105263, 0.3919157894736842, 0.39216842105263156, 0.3938105263157895, 0.39098947368421055, 0.3916842105263158, 0.39397894736842104, 0.39456842105263157, 0.39458947368421055, 0.39593684210526314, 0.39437894736842105]
Average Retain Test Accuracies:  [0.29, 0.296, 0.306, 0.316, 0.308, 0.308, 0.304, 0.33, 0.324, 0.332, 0.332, 0.342, 0.35, 0.338, 0.336, 0.346, 0.35, 0.36, 0.37, 0.37]
Average Forget Test Accuracies:  [0.29894736842105263, 0.37705263157894736, 0.3777894736842105, 0.38326315789473686, 0.3831578947368421, 0.3843157894736842, 0.3856842105263158, 0.38873684210526316, 0.38442105263157894, 0.3908421052631579, 0.3917894736842105, 0.39210526315789473, 0.394, 0.3895789473684211, 0.39263157894736844, 0.3928421052631579, 0.39473684210526316, 0.39642105263157895, 0.39589473684210524, 0.3969473684210526]
Done
