Requirement already satisfied: pyyaml in /usr/lib64/python3.12/site-packages (6.0.1)
Requirement already satisfied: setuptools in /usr/lib/python3.12/site-packages (68.2.2)
Requirement already satisfied: matplotlib in /dcs/21/u2145461/.local/lib/python3.12/site-packages (3.10.1)
Requirement already satisfied: contourpy>=1.0.1 in /dcs/21/u2145461/.local/lib/python3.12/site-packages (from matplotlib) (1.3.1)
Requirement already satisfied: cycler>=0.10 in /dcs/21/u2145461/.local/lib/python3.12/site-packages (from matplotlib) (0.12.1)
Requirement already satisfied: fonttools>=4.22.0 in /dcs/21/u2145461/.local/lib/python3.12/site-packages (from matplotlib) (4.56.0)
Requirement already satisfied: kiwisolver>=1.3.1 in /dcs/21/u2145461/.local/lib/python3.12/site-packages (from matplotlib) (1.4.8)
Requirement already satisfied: numpy>=1.23 in /dcs/21/u2145461/.local/lib/python3.12/site-packages (from matplotlib) (2.2.3)
Requirement already satisfied: packaging>=20.0 in /dcs/21/u2145461/.local/lib/python3.12/site-packages (from matplotlib) (24.2)
Requirement already satisfied: pillow>=8 in /dcs/21/u2145461/.local/lib/python3.12/site-packages (from matplotlib) (11.0.0)
Requirement already satisfied: pyparsing>=2.3.1 in /dcs/21/u2145461/.local/lib/python3.12/site-packages (from matplotlib) (3.2.1)
Requirement already satisfied: python-dateutil>=2.7 in /dcs/21/u2145461/.local/lib/python3.12/site-packages (from matplotlib) (2.9.0.post0)
Requirement already satisfied: six>=1.5 in /dcs/21/u2145461/.local/lib/python3.12/site-packages (from python-dateutil>=2.7->matplotlib) (1.17.0)
Requirement already satisfied: quadprog in /dcs/21/u2145461/.local/lib/python3.12/site-packages (0.1.13)
Requirement already satisfied: numpy in /dcs/21/u2145461/.local/lib/python3.12/site-packages (from quadprog) (2.2.3)
Requirement already satisfied: pyparsing in /dcs/21/u2145461/.local/lib/python3.12/site-packages (3.2.1)
Requirement already satisfied: pandas in /dcs/21/u2145461/.local/lib/python3.12/site-packages (2.2.3)
Requirement already satisfied: numpy>=1.26.0 in /dcs/21/u2145461/.local/lib/python3.12/site-packages (from pandas) (2.2.3)
Requirement already satisfied: python-dateutil>=2.8.2 in /dcs/21/u2145461/.local/lib/python3.12/site-packages (from pandas) (2.9.0.post0)
Requirement already satisfied: pytz>=2020.1 in /dcs/21/u2145461/.local/lib/python3.12/site-packages (from pandas) (2025.1)
Requirement already satisfied: tzdata>=2022.7 in /dcs/21/u2145461/.local/lib/python3.12/site-packages (from pandas) (2025.1)
Requirement already satisfied: six>=1.5 in /dcs/21/u2145461/.local/lib/python3.12/site-packages (from python-dateutil>=2.8.2->pandas) (1.17.0)
Requirement already satisfied: numpy in /dcs/21/u2145461/.local/lib/python3.12/site-packages (2.2.3)
Sat Mar  8 04:44:14 2025       
+-----------------------------------------------------------------------------------------+
| NVIDIA-SMI 550.144.03             Driver Version: 550.144.03     CUDA Version: 12.4     |
|-----------------------------------------+------------------------+----------------------+
| GPU  Name                 Persistence-M | Bus-Id          Disp.A | Volatile Uncorr. ECC |
| Fan  Temp   Perf          Pwr:Usage/Cap |           Memory-Usage | GPU-Util  Compute M. |
|                                         |                        |               MIG M. |
|=========================================+========================+======================|
|   0  NVIDIA A10                     On  |   00000000:25:00.0 Off |                    0 |
|  0%   27C    P8             15W /  150W |       1MiB /  23028MiB |      0%      Default |
|                                         |                        |                  N/A |
+-----------------------------------------+------------------------+----------------------+
                                                                                         
+-----------------------------------------------------------------------------------------+
| Processes:                                                                              |
|  GPU   GI   CI        PID   Type   Process name                              GPU Memory |
|        ID   ID                                                               Usage      |
|=========================================================================================|
|  No running processes found                                                             |
+-----------------------------------------------------------------------------------------+
Python 3.12.8
./cifar-100-python/train
./cifar-100-python/test
Unlearn Batch Size:  32
Unlearn MEM Strength:  0.6
cifar-100-python/train
cifar-100-python/test
new ordering of classes:  ['otter', 'seal', 'bear', 'castle', 'kangaroo', 'rocket', 'spider', 'oranges', 'wardrobe', 'lamp', 'ray', 'turtle', 'man', 'baby', 'lobster', 'shark', 'palm', 'rabbit', 'roses', 'dolphin', 'crab', 'beetle', 'lion', 'snake', 'wolf', 'chimpanzee', 'television', 'sweet peppers', 'aquarium fish', 'pine', 'forest', 'bowls', 'woman', 'oak', 'sea', 'bridge', 'train', 'tiger', 'cattle', 'caterpillar', 'couch', 'whale', 'boy', 'porcupine', 'cups', 'skyscraper', 'squirrel', 'road', 'girl', 'streetcar', 'mouse', 'trout', 'leopard', 'apples', 'worm', 'crocodile', 'clock', 'willow', 'elephant', 'dinosaur', 'sunflowers', 'cans', 'plates', 'beaver', 'poppies', 'computer keyboard', 'skunk', 'lizard', 'pickup truck', 'lawn-mower', 'fox', 'bicycle', 'pears', 'tulips', 'tractor', 'hamster', 'plain', 'snail', 'mushrooms', 'shrew', 'bus', 'mountain', 'flatfish', 'cloud', 'bee', 'possum', 'maple', 'butterfly', 'camel', 'table', 'bottles', 'chair', 'bed', 'orchids', 'cockroach', 'motorcycle', 'tank', 'raccoon', 'house', 'telephone']
Training task:  1
Training task:  2
Training task:  3
Training task:  4
Training task:  5
Training task:  6
Training task:  7
Training task:  8
Training task:  9
Training task:  10
Training task:  11
Training task:  12
Training task:  13
Training task:  14
Training task:  15
Training task:  16
Training task:  17
Training task:  18
Training task:  19
Training task:  20
Unlearning task:  20
Total correct retain:  1397  Total retain:  2500
Total correct forget:  36701  Total forget:  47500
Total correct test:  252  Total test:  500
Total correct forget test:  6408  Total test forget:  9500
Total correct retain:  1152  Total retain:  2500
Total correct forget:  31623  Total forget:  47500
Total correct test:  192  Total test:  500
Total correct forget test:  5603  Total test forget:  9500
Total correct retain:  1145  Total retain:  2500
Total correct forget:  31981  Total forget:  47500
Total correct test:  192  Total test:  500
Total correct forget test:  5673  Total test forget:  9500
Total correct retain:  1184  Total retain:  2500
Total correct forget:  32878  Total forget:  47500
Total correct test:  207  Total test:  500
Total correct forget test:  5803  Total test forget:  9500
Total correct retain:  674  Total retain:  2500
Total correct forget:  13328  Total forget:  47500
Total correct test:  134  Total test:  500
Total correct forget test:  2573  Total test forget:  9500
Total correct retain:  692  Total retain:  2500
Total correct forget:  13503  Total forget:  47500
Total correct test:  135  Total test:  500
Total correct forget test:  2609  Total test forget:  9500
Total correct retain:  683  Total retain:  2500
Total correct forget:  13483  Total forget:  47500
Total correct test:  132  Total test:  500
Total correct forget test:  2648  Total test forget:  9500
Total correct retain:  685  Total retain:  2500
Total correct forget:  13528  Total forget:  47500
Total correct test:  137  Total test:  500
Total correct forget test:  2613  Total test forget:  9500
Total correct retain:  696  Total retain:  2500
Total correct forget:  13685  Total forget:  47500
Total correct test:  141  Total test:  500
Total correct forget test:  2617  Total test forget:  9500
Total correct retain:  687  Total retain:  2500
Total correct forget:  13712  Total forget:  47500
Total correct test:  139  Total test:  500
Total correct forget test:  2635  Total test forget:  9500
Total correct retain:  697  Total retain:  2500
Total correct forget:  13942  Total forget:  47500
Total correct test:  136  Total test:  500
Total correct forget test:  2690  Total test forget:  9500
Total correct retain:  684  Total retain:  2500
Total correct forget:  13850  Total forget:  47500
Total correct test:  136  Total test:  500
Total correct forget test:  2661  Total test forget:  9500
Total correct retain:  686  Total retain:  2500
Total correct forget:  13942  Total forget:  47500
Total correct test:  133  Total test:  500
Total correct forget test:  2730  Total test forget:  9500
Total correct retain:  728  Total retain:  2500
Total correct forget:  14478  Total forget:  47500
Total correct test:  133  Total test:  500
Total correct forget test:  2810  Total test forget:  9500
Total correct retain:  710  Total retain:  2500
Total correct forget:  14201  Total forget:  47500
Total correct test:  137  Total test:  500
Total correct forget test:  2754  Total test forget:  9500
Total correct retain:  723  Total retain:  2500
Total correct forget:  14476  Total forget:  47500
Total correct test:  134  Total test:  500
Total correct forget test:  2838  Total test forget:  9500
Total correct retain:  715  Total retain:  2500
Total correct forget:  14538  Total forget:  47500
Total correct test:  135  Total test:  500
Total correct forget test:  2842  Total test forget:  9500
Total correct retain:  712  Total retain:  2500
Total correct forget:  14307  Total forget:  47500
Total correct test:  141  Total test:  500
Total correct forget test:  2779  Total test forget:  9500
Total correct retain:  677  Total retain:  2500
Total correct forget:  13951  Total forget:  47500
Total correct test:  133  Total test:  500
Total correct forget test:  2704  Total test forget:  9500
Total correct retain:  715  Total retain:  2500
Total correct forget:  14191  Total forget:  47500
Total correct test:  137  Total test:  500
Total correct forget test:  2730  Total test forget:  9500
Plot  0  Done
Average Retain Accuracies:  [0.5588, 0.4608, 0.458, 0.4736, 0.2696, 0.2768, 0.2732, 0.274, 0.2784, 0.2748, 0.2788, 0.2736, 0.2744, 0.2912, 0.284, 0.2892, 0.286, 0.2848, 0.2708, 0.286]
Average Forget Accuracies:  [0.7726526315789474, 0.6657473684210526, 0.6732842105263158, 0.6921684210526315, 0.2805894736842105, 0.2842736842105263, 0.28385263157894736, 0.2848, 0.28810526315789475, 0.2886736842105263, 0.29351578947368423, 0.29157894736842105, 0.29351578947368423, 0.3048, 0.2989684210526316, 0.3047578947368421, 0.3060631578947368, 0.3012, 0.29370526315789475, 0.2987578947368421]
Average Retain Test Accuracies:  [0.504, 0.384, 0.384, 0.414, 0.268, 0.27, 0.264, 0.274, 0.282, 0.278, 0.272, 0.272, 0.266, 0.266, 0.274, 0.268, 0.27, 0.282, 0.266, 0.274]
Average Forget Test Accuracies:  [0.6745263157894736, 0.5897894736842105, 0.5971578947368421, 0.6108421052631579, 0.2708421052631579, 0.27463157894736845, 0.27873684210526317, 0.2750526315789474, 0.2754736842105263, 0.2773684210526316, 0.2831578947368421, 0.28010526315789475, 0.2873684210526316, 0.29578947368421055, 0.28989473684210526, 0.29873684210526313, 0.2991578947368421, 0.2925263157894737, 0.2846315789473684, 0.2873684210526316]
Done
