Requirement already satisfied: pyyaml in /usr/lib64/python3.12/site-packages (6.0.1)
Requirement already satisfied: setuptools in /usr/lib/python3.12/site-packages (68.2.2)
Requirement already satisfied: matplotlib in /dcs/21/u2145461/.local/lib/python3.12/site-packages (3.10.1)
Requirement already satisfied: contourpy>=1.0.1 in /dcs/21/u2145461/.local/lib/python3.12/site-packages (from matplotlib) (1.3.1)
Requirement already satisfied: cycler>=0.10 in /dcs/21/u2145461/.local/lib/python3.12/site-packages (from matplotlib) (0.12.1)
Requirement already satisfied: fonttools>=4.22.0 in /dcs/21/u2145461/.local/lib/python3.12/site-packages (from matplotlib) (4.56.0)
Requirement already satisfied: kiwisolver>=1.3.1 in /dcs/21/u2145461/.local/lib/python3.12/site-packages (from matplotlib) (1.4.8)
Requirement already satisfied: numpy>=1.23 in /dcs/21/u2145461/.local/lib/python3.12/site-packages (from matplotlib) (2.2.3)
Requirement already satisfied: packaging>=20.0 in /dcs/21/u2145461/.local/lib/python3.12/site-packages (from matplotlib) (24.2)
Requirement already satisfied: pillow>=8 in /dcs/21/u2145461/.local/lib/python3.12/site-packages (from matplotlib) (11.0.0)
Requirement already satisfied: pyparsing>=2.3.1 in /dcs/21/u2145461/.local/lib/python3.12/site-packages (from matplotlib) (3.2.1)
Requirement already satisfied: python-dateutil>=2.7 in /dcs/21/u2145461/.local/lib/python3.12/site-packages (from matplotlib) (2.9.0.post0)
Requirement already satisfied: six>=1.5 in /dcs/21/u2145461/.local/lib/python3.12/site-packages (from python-dateutil>=2.7->matplotlib) (1.17.0)
Requirement already satisfied: quadprog in /dcs/21/u2145461/.local/lib/python3.12/site-packages (0.1.13)
Requirement already satisfied: numpy in /dcs/21/u2145461/.local/lib/python3.12/site-packages (from quadprog) (2.2.3)
Requirement already satisfied: pyparsing in /dcs/21/u2145461/.local/lib/python3.12/site-packages (3.2.1)
Fri Mar  7 05:16:37 2025       
+-----------------------------------------------------------------------------------------+
| NVIDIA-SMI 550.144.03             Driver Version: 550.144.03     CUDA Version: 12.4     |
|-----------------------------------------+------------------------+----------------------+
| GPU  Name                 Persistence-M | Bus-Id          Disp.A | Volatile Uncorr. ECC |
| Fan  Temp   Perf          Pwr:Usage/Cap |           Memory-Usage | GPU-Util  Compute M. |
|                                         |                        |               MIG M. |
|=========================================+========================+======================|
|   0  NVIDIA RTX A5000               Off |   00000000:01:00.0 Off |                  Off |
| 30%   56C    P0             N/A /  230W |       1MiB /  24564MiB |      0%      Default |
|                                         |                        |                  N/A |
+-----------------------------------------+------------------------+----------------------+
                                                                                         
+-----------------------------------------------------------------------------------------+
| Processes:                                                                              |
|  GPU   GI   CI        PID   Type   Process name                              GPU Memory |
|        ID   ID                                                               Usage      |
|=========================================================================================|
|  No running processes found                                                             |
+-----------------------------------------------------------------------------------------+
Python 3.12.8
./cifar-100-python/train
./cifar-100-python/test
Unlearn Batch Size:  16
Unlearn MEM Strength:  0.4
cifar-100-python/train
cifar-100-python/test
new ordering of classes:  ['whale', 'table', 'streetcar', 'forest', 'shrew', 'shark', 'clock', 'crab', 'aquarium fish', 'cattle', 'dinosaur', 'butterfly', 'oak', 'skunk', 'computer keyboard', 'willow', 'seal', 'possum', 'oranges', 'lion', 'girl', 'pine', 'motorcycle', 'mountain', 'tank', 'pickup truck', 'wardrobe', 'telephone', 'dolphin', 'hamster', 'otter', 'orchids', 'leopard', 'bridge', 'plain', 'turtle', 'man', 'apples', 'bowls', 'worm', 'train', 'kangaroo', 'maple', 'rocket', 'sea', 'house', 'chimpanzee', 'bee', 'cups', 'woman', 'lamp', 'elephant', 'television', 'poppies', 'bus', 'bear', 'camel', 'bicycle', 'sweet peppers', 'porcupine', 'tulips', 'tiger', 'road', 'spider', 'plates', 'chair', 'wolf', 'beaver', 'cans', 'lobster', 'skyscraper', 'snail', 'cloud', 'caterpillar', 'boy', 'trout', 'raccoon', 'crocodile', 'rabbit', 'lizard', 'flatfish', 'couch', 'beetle', 'pears', 'fox', 'mouse', 'snake', 'sunflowers', 'tractor', 'squirrel', 'baby', 'palm', 'mushrooms', 'bed', 'cockroach', 'lawn-mower', 'bottles', 'castle', 'ray', 'roses']
Training task:  1
Training task:  2
Training task:  3
Training task:  4
Training task:  5
Training task:  6
Training task:  7
Training task:  8
Training task:  9
Training task:  10
Training task:  11
Training task:  12
Training task:  13
Training task:  14
Training task:  15
Training task:  16
Training task:  17
Training task:  18
Training task:  19
Training task:  20
Unlearning task:  20
Total correct retain:  790  Total retain:  2500
Total correct forget:  10362  Total forget:  47500
Total correct test:  171  Total test:  500
Total correct forget test:  2052  Total test forget:  9500
Total correct retain:  1001  Total retain:  2500
Total correct forget:  16845  Total forget:  47500
Total correct test:  199  Total test:  500
Total correct forget test:  3398  Total test forget:  9500
Total correct retain:  1144  Total retain:  2500
Total correct forget:  18210  Total forget:  47500
Total correct test:  235  Total test:  500
Total correct forget test:  3667  Total test forget:  9500
Total correct retain:  1144  Total retain:  2500
Total correct forget:  19042  Total forget:  47500
Total correct test:  236  Total test:  500
Total correct forget test:  3853  Total test forget:  9500
Total correct retain:  1223  Total retain:  2500
Total correct forget:  20118  Total forget:  47500
Total correct test:  249  Total test:  500
Total correct forget test:  4114  Total test forget:  9500
Total correct retain:  1293  Total retain:  2500
Total correct forget:  20698  Total forget:  47500
Total correct test:  270  Total test:  500
Total correct forget test:  4123  Total test forget:  9500
Total correct retain:  1344  Total retain:  2500
Total correct forget:  21262  Total forget:  47500
Total correct test:  275  Total test:  500
Total correct forget test:  4200  Total test forget:  9500
Total correct retain:  1382  Total retain:  2500
Total correct forget:  21411  Total forget:  47500
Total correct test:  278  Total test:  500
Total correct forget test:  4214  Total test forget:  9500
Total correct retain:  1345  Total retain:  2500
Total correct forget:  21914  Total forget:  47500
Total correct test:  271  Total test:  500
Total correct forget test:  4289  Total test forget:  9500
Total correct retain:  1355  Total retain:  2500
Total correct forget:  21972  Total forget:  47500
Total correct test:  281  Total test:  500
Total correct forget test:  4231  Total test forget:  9500
Total correct retain:  1451  Total retain:  2500
Total correct forget:  22179  Total forget:  47500
Total correct test:  280  Total test:  500
Total correct forget test:  4319  Total test forget:  9500
Total correct retain:  1482  Total retain:  2500
Total correct forget:  22018  Total forget:  47500
Total correct test:  286  Total test:  500
Total correct forget test:  4294  Total test forget:  9500
Total correct retain:  1445  Total retain:  2500
Total correct forget:  21918  Total forget:  47500
Total correct test:  282  Total test:  500
Total correct forget test:  4282  Total test forget:  9500
Total correct retain:  1506  Total retain:  2500
Total correct forget:  21702  Total forget:  47500
Total correct test:  288  Total test:  500
Total correct forget test:  4255  Total test forget:  9500
Total correct retain:  1514  Total retain:  2500
Total correct forget:  21442  Total forget:  47500
Total correct test:  278  Total test:  500
Total correct forget test:  4195  Total test forget:  9500
Total correct retain:  1514  Total retain:  2500
Total correct forget:  20992  Total forget:  47500
Total correct test:  291  Total test:  500
Total correct forget test:  4134  Total test forget:  9500
Total correct retain:  1427  Total retain:  2500
Total correct forget:  19495  Total forget:  47500
Total correct test:  262  Total test:  500
Total correct forget test:  3845  Total test forget:  9500
Total correct retain:  1338  Total retain:  2500
Total correct forget:  18958  Total forget:  47500
Total correct test:  254  Total test:  500
Total correct forget test:  3687  Total test forget:  9500
Total correct retain:  1384  Total retain:  2500
Total correct forget:  17994  Total forget:  47500
Total correct test:  255  Total test:  500
Total correct forget test:  3495  Total test forget:  9500
Total correct retain:  1437  Total retain:  2500
Total correct forget:  18028  Total forget:  47500
Total correct test:  264  Total test:  500
Total correct forget test:  3531  Total test forget:  9500
Plot  0  Done
Average Retain Accuracies:  [0.316, 0.4004, 0.4576, 0.4576, 0.4892, 0.5172, 0.5376, 0.5528, 0.538, 0.542, 0.5804, 0.5928, 0.578, 0.6024, 0.6056, 0.6056, 0.5708, 0.5352, 0.5536, 0.5748]
Average Forget Accuracies:  [0.21814736842105265, 0.3546315789473684, 0.3833684210526316, 0.4008842105263158, 0.42353684210526316, 0.4357473684210526, 0.447621052631579, 0.4507578947368421, 0.4613473684210526, 0.4625684210526316, 0.4669263157894737, 0.46353684210526314, 0.4614315789473684, 0.4568842105263158, 0.4514105263157895, 0.4419368421052632, 0.41042105263157896, 0.3991157894736842, 0.37882105263157895, 0.3795368421052632]
Average Retain Test Accuracies:  [0.342, 0.398, 0.47, 0.472, 0.498, 0.54, 0.55, 0.556, 0.542, 0.562, 0.56, 0.572, 0.564, 0.576, 0.556, 0.582, 0.524, 0.508, 0.51, 0.528]
Average Forget Test Accuracies:  [0.216, 0.35768421052631577, 0.386, 0.40557894736842104, 0.43305263157894736, 0.434, 0.4421052631578947, 0.4435789473684211, 0.4514736842105263, 0.4453684210526316, 0.45463157894736844, 0.452, 0.45073684210526316, 0.4478947368421053, 0.44157894736842107, 0.43515789473684213, 0.4047368421052632, 0.38810526315789473, 0.3678947368421053, 0.3716842105263158]
Done
Python 3.12.8
./cifar-100-python/train
./cifar-100-python/test
Unlearn Batch Size:  16
Unlearn MEM Strength:  0.5
cifar-100-python/train
cifar-100-python/test
new ordering of classes:  ['castle', 'poppies', 'lobster', 'spider', 'rocket', 'woman', 'lamp', 'lawn-mower', 'otter', 'sunflowers', 'crab', 'chimpanzee', 'ray', 'clock', 'raccoon', 'computer keyboard', 'television', 'lion', 'bridge', 'girl', 'mountain', 'squirrel', 'porcupine', 'telephone', 'mushrooms', 'crocodile', 'aquarium fish', 'lizard', 'cans', 'apples', 'bowls', 'streetcar', 'wardrobe', 'maple', 'wolf', 'flatfish', 'shrew', 'bicycle', 'beaver', 'caterpillar', 'table', 'trout', 'hamster', 'beetle', 'mouse', 'motorcycle', 'seal', 'tank', 'willow', 'palm', 'plain', 'pickup truck', 'oranges', 'plates', 'bear', 'couch', 'train', 'dinosaur', 'baby', 'forest', 'shark', 'snail', 'leopard', 'road', 'skunk', 'cloud', 'elephant', 'kangaroo', 'orchids', 'roses', 'dolphin', 'pears', 'tiger', 'tractor', 'worm', 'pine', 'bee', 'chair', 'tulips', 'bed', 'man', 'camel', 'oak', 'boy', 'skyscraper', 'house', 'turtle', 'cups', 'cockroach', 'possum', 'whale', 'sweet peppers', 'butterfly', 'cattle', 'snake', 'rabbit', 'bus', 'bottles', 'sea', 'fox']
Training task:  1
Training task:  2
Training task:  3
Training task:  4
Training task:  5
Training task:  6
Training task:  7
Training task:  8
Training task:  9
Training task:  10
Training task:  11
Training task:  12
Training task:  13
Training task:  14
Training task:  15
Training task:  16
Training task:  17
Training task:  18
Training task:  19
Training task:  20
Unlearning task:  20
Total correct retain:  994  Total retain:  2500
Total correct forget:  10862  Total forget:  47500
Total correct test:  198  Total test:  500
Total correct forget test:  2174  Total test forget:  9500
Total correct retain:  1316  Total retain:  2500
Total correct forget:  17148  Total forget:  47500
Total correct test:  245  Total test:  500
Total correct forget test:  3424  Total test forget:  9500
Total correct retain:  1344  Total retain:  2500
Total correct forget:  18629  Total forget:  47500
Total correct test:  251  Total test:  500
Total correct forget test:  3776  Total test forget:  9500
Total correct retain:  1327  Total retain:  2500
Total correct forget:  19949  Total forget:  47500
Total correct test:  255  Total test:  500
Total correct forget test:  3973  Total test forget:  9500
Total correct retain:  1455  Total retain:  2500
Total correct forget:  20260  Total forget:  47500
Total correct test:  282  Total test:  500
Total correct forget test:  4033  Total test forget:  9500
Total correct retain:  1580  Total retain:  2500
Total correct forget:  20630  Total forget:  47500
Total correct test:  297  Total test:  500
Total correct forget test:  4099  Total test forget:  9500
Total correct retain:  1665  Total retain:  2500
Total correct forget:  20932  Total forget:  47500
Total correct test:  307  Total test:  500
Total correct forget test:  4136  Total test forget:  9500
Total correct retain:  1672  Total retain:  2500
Total correct forget:  21150  Total forget:  47500
Total correct test:  310  Total test:  500
Total correct forget test:  4123  Total test forget:  9500
Total correct retain:  1655  Total retain:  2500
Total correct forget:  21140  Total forget:  47500
Total correct test:  313  Total test:  500
Total correct forget test:  4110  Total test forget:  9500
Total correct retain:  1689  Total retain:  2500
Total correct forget:  21097  Total forget:  47500
Total correct test:  325  Total test:  500
Total correct forget test:  4103  Total test forget:  9500
Total correct retain:  1725  Total retain:  2500
Total correct forget:  20943  Total forget:  47500
Total correct test:  331  Total test:  500
Total correct forget test:  4060  Total test forget:  9500
Total correct retain:  1656  Total retain:  2500
Total correct forget:  20580  Total forget:  47500
Total correct test:  321  Total test:  500
Total correct forget test:  3999  Total test forget:  9500
Total correct retain:  1632  Total retain:  2500
Total correct forget:  20352  Total forget:  47500
Total correct test:  308  Total test:  500
Total correct forget test:  3923  Total test forget:  9500
Total correct retain:  1643  Total retain:  2500
Total correct forget:  20152  Total forget:  47500
Total correct test:  316  Total test:  500
Total correct forget test:  3860  Total test forget:  9500
Total correct retain:  1662  Total retain:  2500
Total correct forget:  20139  Total forget:  47500
Total correct test:  309  Total test:  500
Total correct forget test:  3882  Total test forget:  9500
Total correct retain:  1694  Total retain:  2500
Total correct forget:  19858  Total forget:  47500
Total correct test:  313  Total test:  500
Total correct forget test:  3831  Total test forget:  9500
Total correct retain:  1663  Total retain:  2500
Total correct forget:  19256  Total forget:  47500
Total correct test:  317  Total test:  500
Total correct forget test:  3699  Total test forget:  9500
Total correct retain:  1698  Total retain:  2500
Total correct forget:  18736  Total forget:  47500
Total correct test:  325  Total test:  500
Total correct forget test:  3639  Total test forget:  9500
Total correct retain:  1604  Total retain:  2500
Total correct forget:  17487  Total forget:  47500
Total correct test:  305  Total test:  500
Total correct forget test:  3406  Total test forget:  9500
Total correct retain:  1614  Total retain:  2500
Total correct forget:  16622  Total forget:  47500
Total correct test:  316  Total test:  500
Total correct forget test:  3280  Total test forget:  9500
Plot  0  Done
Average Retain Accuracies:  [0.3976, 0.5264, 0.5376, 0.5308, 0.582, 0.632, 0.666, 0.6688, 0.662, 0.6756, 0.69, 0.6624, 0.6528, 0.6572, 0.6648, 0.6776, 0.6652, 0.6792, 0.6416, 0.6456]
Average Forget Accuracies:  [0.2286736842105263, 0.36101052631578945, 0.39218947368421053, 0.41997894736842106, 0.4265263157894737, 0.4343157894736842, 0.44067368421052633, 0.44526315789473686, 0.44505263157894737, 0.4441473684210526, 0.44090526315789474, 0.43326315789473685, 0.4284631578947368, 0.4242526315789474, 0.42397894736842107, 0.41806315789473686, 0.4053894736842105, 0.39444210526315787, 0.3681473684210526, 0.34993684210526316]
Average Retain Test Accuracies:  [0.396, 0.49, 0.502, 0.51, 0.564, 0.594, 0.614, 0.62, 0.626, 0.65, 0.662, 0.642, 0.616, 0.632, 0.618, 0.626, 0.634, 0.65, 0.61, 0.632]
Average Forget Test Accuracies:  [0.2288421052631579, 0.3604210526315789, 0.3974736842105263, 0.4182105263157895, 0.4245263157894737, 0.43147368421052634, 0.43536842105263157, 0.434, 0.4326315789473684, 0.4318947368421053, 0.42736842105263156, 0.4209473684210526, 0.4129473684210526, 0.4063157894736842, 0.4086315789473684, 0.4032631578947368, 0.3893684210526316, 0.38305263157894737, 0.3585263157894737, 0.3452631578947368]
Done
Python 3.12.8
./cifar-100-python/train
./cifar-100-python/test
Unlearn Batch Size:  16
Unlearn MEM Strength:  0.6
cifar-100-python/train
cifar-100-python/test
new ordering of classes:  ['otter', 'oak', 'sunflowers', 'flatfish', 'man', 'bridge', 'elephant', 'sweet peppers', 'porcupine', 'computer keyboard', 'butterfly', 'cattle', 'girl', 'crab', 'bicycle', 'cups', 'fox', 'plates', 'wolf', 'dolphin', 'aquarium fish', 'tiger', 'maple', 'spider', 'turtle', 'mountain', 'trout', 'mushrooms', 'pickup truck', 'palm', 'snake', 'tractor', 'skunk', 'beaver', 'kangaroo', 'wardrobe', 'rocket', 'television', 'telephone', 'orchids', 'bear', 'bottles', 'crocodile', 'streetcar', 'chimpanzee', 'table', 'tulips', 'tank', 'couch', 'forest', 'woman', 'rabbit', 'sea', 'beetle', 'bed', 'raccoon', 'bus', 'lion', 'boy', 'possum', 'clock', 'snail', 'leopard', 'lawn-mower', 'house', 'castle', 'whale', 'baby', 'camel', 'lamp', 'shark', 'dinosaur', 'poppies', 'worm', 'bee', 'road', 'oranges', 'bowls', 'lizard', 'pine', 'willow', 'shrew', 'apples', 'cloud', 'squirrel', 'chair', 'hamster', 'mouse', 'cockroach', 'train', 'ray', 'seal', 'skyscraper', 'roses', 'pears', 'caterpillar', 'plain', 'motorcycle', 'cans', 'lobster']
Training task:  1
Training task:  2
Training task:  3
Training task:  4
Training task:  5
Training task:  6
Training task:  7
Training task:  8
Training task:  9
Training task:  10
Training task:  11
Training task:  12
Training task:  13
Training task:  14
Training task:  15
Training task:  16
Training task:  17
Training task:  18
Training task:  19
Training task:  20
Unlearning task:  20
Total correct retain:  1047  Total retain:  2500
Total correct forget:  15864  Total forget:  47500
Total correct test:  213  Total test:  500
Total correct forget test:  3129  Total test forget:  9500
Total correct retain:  1384  Total retain:  2500
Total correct forget:  20238  Total forget:  47500
Total correct test:  289  Total test:  500
Total correct forget test:  3993  Total test forget:  9500
Total correct retain:  1462  Total retain:  2500
Total correct forget:  21453  Total forget:  47500
Total correct test:  308  Total test:  500
Total correct forget test:  4266  Total test forget:  9500
Total correct retain:  1514  Total retain:  2500
Total correct forget:  22286  Total forget:  47500
Total correct test:  324  Total test:  500
Total correct forget test:  4464  Total test forget:  9500
Total correct retain:  1580  Total retain:  2500
Total correct forget:  23146  Total forget:  47500
Total correct test:  343  Total test:  500
Total correct forget test:  4617  Total test forget:  9500
Total correct retain:  1583  Total retain:  2500
Total correct forget:  23162  Total forget:  47500
Total correct test:  331  Total test:  500
Total correct forget test:  4636  Total test forget:  9500
Total correct retain:  1548  Total retain:  2500
Total correct forget:  23403  Total forget:  47500
Total correct test:  309  Total test:  500
Total correct forget test:  4653  Total test forget:  9500
Total correct retain:  1569  Total retain:  2500
Total correct forget:  23598  Total forget:  47500
Total correct test:  316  Total test:  500
Total correct forget test:  4644  Total test forget:  9500
Total correct retain:  1586  Total retain:  2500
Total correct forget:  23326  Total forget:  47500
Total correct test:  318  Total test:  500
Total correct forget test:  4605  Total test forget:  9500
Total correct retain:  1586  Total retain:  2500
Total correct forget:  23164  Total forget:  47500
Total correct test:  326  Total test:  500
Total correct forget test:  4551  Total test forget:  9500
Total correct retain:  1603  Total retain:  2500
Total correct forget:  22940  Total forget:  47500
Total correct test:  330  Total test:  500
Total correct forget test:  4542  Total test forget:  9500
Total correct retain:  1639  Total retain:  2500
Total correct forget:  22757  Total forget:  47500
Total correct test:  328  Total test:  500
Total correct forget test:  4477  Total test forget:  9500
Total correct retain:  1648  Total retain:  2500
Total correct forget:  22755  Total forget:  47500
Total correct test:  331  Total test:  500
Total correct forget test:  4463  Total test forget:  9500
Total correct retain:  1676  Total retain:  2500
Total correct forget:  22659  Total forget:  47500
Total correct test:  341  Total test:  500
Total correct forget test:  4395  Total test forget:  9500
Total correct retain:  1730  Total retain:  2500
Total correct forget:  21983  Total forget:  47500
Total correct test:  333  Total test:  500
Total correct forget test:  4305  Total test forget:  9500
Total correct retain:  1792  Total retain:  2500
Total correct forget:  20922  Total forget:  47500
Total correct test:  347  Total test:  500
Total correct forget test:  4121  Total test forget:  9500
Total correct retain:  1596  Total retain:  2500
Total correct forget:  20443  Total forget:  47500
Total correct test:  327  Total test:  500
Total correct forget test:  4045  Total test forget:  9500
Total correct retain:  1576  Total retain:  2500
Total correct forget:  20456  Total forget:  47500
Total correct test:  321  Total test:  500
Total correct forget test:  4074  Total test forget:  9500
Total correct retain:  1691  Total retain:  2500
Total correct forget:  19926  Total forget:  47500
Total correct test:  336  Total test:  500
Total correct forget test:  3947  Total test forget:  9500
Total correct retain:  1683  Total retain:  2500
Total correct forget:  18892  Total forget:  47500
Total correct test:  323  Total test:  500
Total correct forget test:  3765  Total test forget:  9500
Plot  0  Done
Average Retain Accuracies:  [0.4188, 0.5536, 0.5848, 0.6056, 0.632, 0.6332, 0.6192, 0.6276, 0.6344, 0.6344, 0.6412, 0.6556, 0.6592, 0.6704, 0.692, 0.7168, 0.6384, 0.6304, 0.6764, 0.6732]
Average Forget Accuracies:  [0.33397894736842104, 0.42606315789473687, 0.4516421052631579, 0.46917894736842103, 0.48728421052631576, 0.48762105263157896, 0.49269473684210524, 0.4968, 0.49107368421052633, 0.48766315789473685, 0.4829473684210526, 0.47909473684210524, 0.47905263157894734, 0.4770315789473684, 0.4628, 0.44046315789473683, 0.430378947368421, 0.43065263157894734, 0.41949473684210525, 0.3977263157894737]
Average Retain Test Accuracies:  [0.426, 0.578, 0.616, 0.648, 0.686, 0.662, 0.618, 0.632, 0.636, 0.652, 0.66, 0.656, 0.662, 0.682, 0.666, 0.694, 0.654, 0.642, 0.672, 0.646]
Average Forget Test Accuracies:  [0.3293684210526316, 0.4203157894736842, 0.44905263157894737, 0.46989473684210525, 0.486, 0.488, 0.48978947368421055, 0.4888421052631579, 0.48473684210526313, 0.47905263157894734, 0.47810526315789476, 0.47126315789473683, 0.46978947368421053, 0.4626315789473684, 0.4531578947368421, 0.4337894736842105, 0.42578947368421055, 0.4288421052631579, 0.41547368421052633, 0.39631578947368423]
Done
