Requirement already satisfied: pyyaml in /usr/lib64/python3.12/site-packages (6.0.1)
Requirement already satisfied: setuptools in /usr/lib/python3.12/site-packages (68.2.2)
Requirement already satisfied: matplotlib in /dcs/21/u2145461/.local/lib/python3.12/site-packages (3.10.1)
Requirement already satisfied: contourpy>=1.0.1 in /dcs/21/u2145461/.local/lib/python3.12/site-packages (from matplotlib) (1.3.1)
Requirement already satisfied: cycler>=0.10 in /dcs/21/u2145461/.local/lib/python3.12/site-packages (from matplotlib) (0.12.1)
Requirement already satisfied: fonttools>=4.22.0 in /dcs/21/u2145461/.local/lib/python3.12/site-packages (from matplotlib) (4.56.0)
Requirement already satisfied: kiwisolver>=1.3.1 in /dcs/21/u2145461/.local/lib/python3.12/site-packages (from matplotlib) (1.4.8)
Requirement already satisfied: numpy>=1.23 in /dcs/21/u2145461/.local/lib/python3.12/site-packages (from matplotlib) (2.2.3)
Requirement already satisfied: packaging>=20.0 in /dcs/21/u2145461/.local/lib/python3.12/site-packages (from matplotlib) (24.2)
Requirement already satisfied: pillow>=8 in /dcs/21/u2145461/.local/lib/python3.12/site-packages (from matplotlib) (11.0.0)
Requirement already satisfied: pyparsing>=2.3.1 in /dcs/21/u2145461/.local/lib/python3.12/site-packages (from matplotlib) (3.2.1)
Requirement already satisfied: python-dateutil>=2.7 in /dcs/21/u2145461/.local/lib/python3.12/site-packages (from matplotlib) (2.9.0.post0)
Requirement already satisfied: six>=1.5 in /dcs/21/u2145461/.local/lib/python3.12/site-packages (from python-dateutil>=2.7->matplotlib) (1.17.0)
Requirement already satisfied: quadprog in /dcs/21/u2145461/.local/lib/python3.12/site-packages (0.1.13)
Requirement already satisfied: numpy in /dcs/21/u2145461/.local/lib/python3.12/site-packages (from quadprog) (2.2.3)
Requirement already satisfied: pyparsing in /dcs/21/u2145461/.local/lib/python3.12/site-packages (3.2.1)
Requirement already satisfied: pandas in /dcs/21/u2145461/.local/lib/python3.12/site-packages (2.2.3)
Requirement already satisfied: numpy>=1.26.0 in /dcs/21/u2145461/.local/lib/python3.12/site-packages (from pandas) (2.2.3)
Requirement already satisfied: python-dateutil>=2.8.2 in /dcs/21/u2145461/.local/lib/python3.12/site-packages (from pandas) (2.9.0.post0)
Requirement already satisfied: pytz>=2020.1 in /dcs/21/u2145461/.local/lib/python3.12/site-packages (from pandas) (2025.1)
Requirement already satisfied: tzdata>=2022.7 in /dcs/21/u2145461/.local/lib/python3.12/site-packages (from pandas) (2025.1)
Requirement already satisfied: six>=1.5 in /dcs/21/u2145461/.local/lib/python3.12/site-packages (from python-dateutil>=2.8.2->pandas) (1.17.0)
Requirement already satisfied: numpy in /dcs/21/u2145461/.local/lib/python3.12/site-packages (2.2.3)
Sun Mar  9 01:57:24 2025       
+-----------------------------------------------------------------------------------------+
| NVIDIA-SMI 550.144.03             Driver Version: 550.144.03     CUDA Version: 12.4     |
|-----------------------------------------+------------------------+----------------------+
| GPU  Name                 Persistence-M | Bus-Id          Disp.A | Volatile Uncorr. ECC |
| Fan  Temp   Perf          Pwr:Usage/Cap |           Memory-Usage | GPU-Util  Compute M. |
|                                         |                        |               MIG M. |
|=========================================+========================+======================|
|   0  NVIDIA A10                     On  |   00000000:25:00.0 Off |                    0 |
|  0%   26C    P8             15W /  150W |       1MiB /  23028MiB |      0%      Default |
|                                         |                        |                  N/A |
+-----------------------------------------+------------------------+----------------------+
                                                                                         
+-----------------------------------------------------------------------------------------+
| Processes:                                                                              |
|  GPU   GI   CI        PID   Type   Process name                              GPU Memory |
|        ID   ID                                                               Usage      |
|=========================================================================================|
|  No running processes found                                                             |
+-----------------------------------------------------------------------------------------+
Python 3.12.8
./cifar-100-python/train
./cifar-100-python/test
Unlearn Batch Size:  32
Unlearn MEM Strength:  0.6
cifar-100-python/train
cifar-100-python/test
new ordering of classes:  ['baby', 'sweet peppers', 'shark', 'bed', 'trout', 'cattle', 'train', 'apples', 'boy', 'tank', 'cups', 'pickup truck', 'turtle', 'crocodile', 'cockroach', 'bottles', 'whale', 'motorcycle', 'wolf', 'cans', 'lobster', 'tulips', 'girl', 'chimpanzee', 'bridge', 'couch', 'shrew', 'television', 'chair', 'fox', 'oranges', 'leopard', 'telephone', 'snail', 'otter', 'clock', 'hamster', 'streetcar', 'squirrel', 'rocket', 'pine', 'plates', 'bowls', 'seal', 'rabbit', 'roses', 'woman', 'sea', 'porcupine', 'dinosaur', 'lamp', 'tiger', 'ray', 'butterfly', 'man', 'elephant', 'pears', 'possum', 'mushrooms', 'castle', 'kangaroo', 'snake', 'spider', 'plain', 'lizard', 'aquarium fish', 'road', 'mountain', 'forest', 'oak', 'dolphin', 'worm', 'house', 'sunflowers', 'bicycle', 'wardrobe', 'lawn-mower', 'palm', 'computer keyboard', 'beetle', 'beaver', 'flatfish', 'bear', 'willow', 'skyscraper', 'camel', 'bee', 'skunk', 'tractor', 'crab', 'cloud', 'caterpillar', 'raccoon', 'mouse', 'lion', 'orchids', 'table', 'bus', 'poppies', 'maple']
Training task:  1
Training task:  2
Training task:  3
Training task:  4
Training task:  5
Training task:  6
Training task:  7
Training task:  8
Training task:  9
Training task:  10
Training task:  11
Training task:  12
Training task:  13
Training task:  14
Training task:  15
Training task:  16
Training task:  17
Training task:  18
Training task:  19
Training task:  20
Unlearning task:  20
Total correct retain:  1795  Total retain:  2500
Total correct forget:  35252  Total forget:  47500
Total correct test:  339  Total test:  500
Total correct forget test:  6355  Total test forget:  9500
Total correct retain:  846  Total retain:  2500
Total correct forget:  11095  Total forget:  47500
Total correct test:  169  Total test:  500
Total correct forget test:  2202  Total test forget:  9500
[0.338]
[0.338, 0.216]
[0.338, 0.216, 0.174]
[0.338, 0.216, 0.174, 0.258]
[0.338, 0.216, 0.174, 0.258, 0.168]
[0.338, 0.216, 0.174, 0.258, 0.168, 0.24]
[0.338, 0.216, 0.174, 0.258, 0.168, 0.24, 0.258]
[0.338, 0.216, 0.174, 0.258, 0.168, 0.24, 0.258, 0.272]
[0.338, 0.216, 0.174, 0.258, 0.168, 0.24, 0.258, 0.272, 0.268]
[0.338, 0.216, 0.174, 0.258, 0.168, 0.24, 0.258, 0.272, 0.268, 0.278]
[0.338, 0.216, 0.174, 0.258, 0.168, 0.24, 0.258, 0.272, 0.268, 0.278, 0.308]
[0.338, 0.216, 0.174, 0.258, 0.168, 0.24, 0.258, 0.272, 0.268, 0.278, 0.308, 0.146]
[0.338, 0.216, 0.174, 0.258, 0.168, 0.24, 0.258, 0.272, 0.268, 0.278, 0.308, 0.146, 0.306]
[0.338, 0.216, 0.174, 0.258, 0.168, 0.24, 0.258, 0.272, 0.268, 0.278, 0.308, 0.146, 0.306, 0.228]
[0.338, 0.216, 0.174, 0.258, 0.168, 0.24, 0.258, 0.272, 0.268, 0.278, 0.308, 0.146, 0.306, 0.228, 0.19]
[0.338, 0.216, 0.174, 0.258, 0.168, 0.24, 0.258, 0.272, 0.268, 0.278, 0.308, 0.146, 0.306, 0.228, 0.19, 0.25]
[0.338, 0.216, 0.174, 0.258, 0.168, 0.24, 0.258, 0.272, 0.268, 0.278, 0.308, 0.146, 0.306, 0.228, 0.19, 0.25, 0.212]
[0.338, 0.216, 0.174, 0.258, 0.168, 0.24, 0.258, 0.272, 0.268, 0.278, 0.308, 0.146, 0.306, 0.228, 0.19, 0.25, 0.212, 0.202]
[0.338, 0.216, 0.174, 0.258, 0.168, 0.24, 0.258, 0.272, 0.268, 0.278, 0.308, 0.146, 0.306, 0.228, 0.19, 0.25, 0.212, 0.202, 0.21]
[0.338, 0.216, 0.174, 0.258, 0.168, 0.24, 0.258, 0.272, 0.268, 0.278, 0.308, 0.146, 0.306, 0.228, 0.19, 0.25, 0.212, 0.202, 0.21, 0.22]
Total correct retain:  479  Total retain:  2500
Total correct forget:  11192  Total forget:  47500
Total correct test:  109  Total test:  500
Total correct forget test:  2264  Total test forget:  9500
[0.218]
[0.218, 0.252]
[0.218, 0.252, 0.238]
[0.218, 0.252, 0.238, 0.234]
[0.218, 0.252, 0.238, 0.234, 0.258]
[0.218, 0.252, 0.238, 0.234, 0.258, 0.208]
[0.218, 0.252, 0.238, 0.234, 0.258, 0.208, 0.09]
[0.218, 0.252, 0.238, 0.234, 0.258, 0.208, 0.09, 0.222]
[0.218, 0.252, 0.238, 0.234, 0.258, 0.208, 0.09, 0.222, 0.258]
[0.218, 0.252, 0.238, 0.234, 0.258, 0.208, 0.09, 0.222, 0.258, 0.31]
[0.218, 0.252, 0.238, 0.234, 0.258, 0.208, 0.09, 0.222, 0.258, 0.31, 0.186]
[0.218, 0.252, 0.238, 0.234, 0.258, 0.208, 0.09, 0.222, 0.258, 0.31, 0.186, 0.204]
[0.218, 0.252, 0.238, 0.234, 0.258, 0.208, 0.09, 0.222, 0.258, 0.31, 0.186, 0.204, 0.364]
[0.218, 0.252, 0.238, 0.234, 0.258, 0.208, 0.09, 0.222, 0.258, 0.31, 0.186, 0.204, 0.364, 0.296]
[0.218, 0.252, 0.238, 0.234, 0.258, 0.208, 0.09, 0.222, 0.258, 0.31, 0.186, 0.204, 0.364, 0.296, 0.154]
[0.218, 0.252, 0.238, 0.234, 0.258, 0.208, 0.09, 0.222, 0.258, 0.31, 0.186, 0.204, 0.364, 0.296, 0.154, 0.264]
[0.218, 0.252, 0.238, 0.234, 0.258, 0.208, 0.09, 0.222, 0.258, 0.31, 0.186, 0.204, 0.364, 0.296, 0.154, 0.264, 0.288]
[0.218, 0.252, 0.238, 0.234, 0.258, 0.208, 0.09, 0.222, 0.258, 0.31, 0.186, 0.204, 0.364, 0.296, 0.154, 0.264, 0.288, 0.214]
[0.218, 0.252, 0.238, 0.234, 0.258, 0.208, 0.09, 0.222, 0.258, 0.31, 0.186, 0.204, 0.364, 0.296, 0.154, 0.264, 0.288, 0.214, 0.2]
[0.218, 0.252, 0.238, 0.234, 0.258, 0.208, 0.09, 0.222, 0.258, 0.31, 0.186, 0.204, 0.364, 0.296, 0.154, 0.264, 0.288, 0.214, 0.2, 0.288]
Total correct retain:  615  Total retain:  2500
Total correct forget:  12165  Total forget:  47500
Total correct test:  115  Total test:  500
Total correct forget test:  2392  Total test forget:  9500
[0.23]
[0.23, 0.238]
[0.23, 0.238, 0.25]
[0.23, 0.238, 0.25, 0.274]
[0.23, 0.238, 0.25, 0.274, 0.226]
[0.23, 0.238, 0.25, 0.274, 0.226, 0.192]
[0.23, 0.238, 0.25, 0.274, 0.226, 0.192, 0.312]
[0.23, 0.238, 0.25, 0.274, 0.226, 0.192, 0.312, 0.274]
[0.23, 0.238, 0.25, 0.274, 0.226, 0.192, 0.312, 0.274, 0.194]
[0.23, 0.238, 0.25, 0.274, 0.226, 0.192, 0.312, 0.274, 0.194, 0.266]
[0.23, 0.238, 0.25, 0.274, 0.226, 0.192, 0.312, 0.274, 0.194, 0.266, 0.312]
[0.23, 0.238, 0.25, 0.274, 0.226, 0.192, 0.312, 0.274, 0.194, 0.266, 0.312, 0.196]
[0.23, 0.238, 0.25, 0.274, 0.226, 0.192, 0.312, 0.274, 0.194, 0.266, 0.312, 0.196, 0.368]
[0.23, 0.238, 0.25, 0.274, 0.226, 0.192, 0.312, 0.274, 0.194, 0.266, 0.312, 0.196, 0.368, 0.334]
[0.23, 0.238, 0.25, 0.274, 0.226, 0.192, 0.312, 0.274, 0.194, 0.266, 0.312, 0.196, 0.368, 0.334, 0.192]
[0.23, 0.238, 0.25, 0.274, 0.226, 0.192, 0.312, 0.274, 0.194, 0.266, 0.312, 0.196, 0.368, 0.334, 0.192, 0.25]
[0.23, 0.238, 0.25, 0.274, 0.226, 0.192, 0.312, 0.274, 0.194, 0.266, 0.312, 0.196, 0.368, 0.334, 0.192, 0.25, 0.24]
[0.23, 0.238, 0.25, 0.274, 0.226, 0.192, 0.312, 0.274, 0.194, 0.266, 0.312, 0.196, 0.368, 0.334, 0.192, 0.25, 0.24, 0.2]
[0.23, 0.238, 0.25, 0.274, 0.226, 0.192, 0.312, 0.274, 0.194, 0.266, 0.312, 0.196, 0.368, 0.334, 0.192, 0.25, 0.24, 0.2, 0.2]
[0.23, 0.238, 0.25, 0.274, 0.226, 0.192, 0.312, 0.274, 0.194, 0.266, 0.312, 0.196, 0.368, 0.334, 0.192, 0.25, 0.24, 0.2, 0.2, 0.266]
Total correct retain:  500  Total retain:  2500
Total correct forget:  9579  Total forget:  47500
Total correct test:  100  Total test:  500
Total correct forget test:  1899  Total test forget:  9500
[0.2]
[0.2, 0.2]
[0.2, 0.2, 0.2]
[0.2, 0.2, 0.2, 0.2]
[0.2, 0.2, 0.2, 0.2, 0.2]
[0.2, 0.2, 0.2, 0.2, 0.2, 0.2]
[0.2, 0.2, 0.2, 0.2, 0.2, 0.2, 0.2]
[0.2, 0.2, 0.2, 0.2, 0.2, 0.2, 0.2, 0.2]
[0.2, 0.2, 0.2, 0.2, 0.2, 0.2, 0.2, 0.2, 0.2]
[0.2, 0.2, 0.2, 0.2, 0.2, 0.2, 0.2, 0.2, 0.2, 0.2]
[0.2, 0.2, 0.2, 0.2, 0.2, 0.2, 0.2, 0.2, 0.2, 0.2, 0.2]
[0.2, 0.2, 0.2, 0.2, 0.2, 0.2, 0.2, 0.2, 0.2, 0.2, 0.2, 0.2]
[0.2, 0.2, 0.2, 0.2, 0.2, 0.2, 0.2, 0.2, 0.2, 0.2, 0.2, 0.2, 0.2]
[0.2, 0.2, 0.2, 0.2, 0.2, 0.2, 0.2, 0.2, 0.2, 0.2, 0.2, 0.2, 0.2, 0.2]
[0.2, 0.2, 0.2, 0.2, 0.2, 0.2, 0.2, 0.2, 0.2, 0.2, 0.2, 0.2, 0.2, 0.2, 0.2]
[0.2, 0.2, 0.2, 0.2, 0.2, 0.2, 0.2, 0.2, 0.2, 0.2, 0.2, 0.2, 0.2, 0.2, 0.2, 0.2]
[0.2, 0.2, 0.2, 0.2, 0.2, 0.2, 0.2, 0.2, 0.2, 0.2, 0.2, 0.2, 0.2, 0.2, 0.2, 0.2, 0.2]
[0.2, 0.2, 0.2, 0.2, 0.2, 0.2, 0.2, 0.2, 0.2, 0.2, 0.2, 0.2, 0.2, 0.2, 0.2, 0.2, 0.2, 0.2]
[0.2, 0.2, 0.2, 0.2, 0.2, 0.2, 0.2, 0.2, 0.2, 0.2, 0.2, 0.2, 0.2, 0.2, 0.2, 0.2, 0.2, 0.2, 0.2]
[0.2, 0.2, 0.2, 0.2, 0.2, 0.2, 0.2, 0.2, 0.2, 0.2, 0.2, 0.2, 0.2, 0.2, 0.2, 0.2, 0.2, 0.2, 0.2, 0.198]
Total correct retain:  660  Total retain:  2500
Total correct forget:  9917  Total forget:  47500
Total correct test:  127  Total test:  500
Total correct forget test:  2000  Total test forget:  9500
[0.254]
[0.254, 0.208]
[0.254, 0.208, 0.2]
[0.254, 0.208, 0.2, 0.2]
[0.254, 0.208, 0.2, 0.2, 0.234]
[0.254, 0.208, 0.2, 0.2, 0.234, 0.2]
[0.254, 0.208, 0.2, 0.2, 0.234, 0.2, 0.2]
[0.254, 0.208, 0.2, 0.2, 0.234, 0.2, 0.2, 0.2]
[0.254, 0.208, 0.2, 0.2, 0.234, 0.2, 0.2, 0.2, 0.264]
[0.254, 0.208, 0.2, 0.2, 0.234, 0.2, 0.2, 0.2, 0.264, 0.2]
[0.254, 0.208, 0.2, 0.2, 0.234, 0.2, 0.2, 0.2, 0.264, 0.2, 0.272]
[0.254, 0.208, 0.2, 0.2, 0.234, 0.2, 0.2, 0.2, 0.264, 0.2, 0.272, 0.202]
[0.254, 0.208, 0.2, 0.2, 0.234, 0.2, 0.2, 0.2, 0.264, 0.2, 0.272, 0.202, 0.2]
[0.254, 0.208, 0.2, 0.2, 0.234, 0.2, 0.2, 0.2, 0.264, 0.2, 0.272, 0.202, 0.2, 0.2]
[0.254, 0.208, 0.2, 0.2, 0.234, 0.2, 0.2, 0.2, 0.264, 0.2, 0.272, 0.202, 0.2, 0.2, 0.2]
[0.254, 0.208, 0.2, 0.2, 0.234, 0.2, 0.2, 0.2, 0.264, 0.2, 0.272, 0.202, 0.2, 0.2, 0.2, 0.2]
[0.254, 0.208, 0.2, 0.2, 0.234, 0.2, 0.2, 0.2, 0.264, 0.2, 0.272, 0.202, 0.2, 0.2, 0.2, 0.2, 0.2]
[0.254, 0.208, 0.2, 0.2, 0.234, 0.2, 0.2, 0.2, 0.264, 0.2, 0.272, 0.202, 0.2, 0.2, 0.2, 0.2, 0.2, 0.2]
[0.254, 0.208, 0.2, 0.2, 0.234, 0.2, 0.2, 0.2, 0.264, 0.2, 0.272, 0.202, 0.2, 0.2, 0.2, 0.2, 0.2, 0.2, 0.2]
[0.254, 0.208, 0.2, 0.2, 0.234, 0.2, 0.2, 0.2, 0.264, 0.2, 0.272, 0.202, 0.2, 0.2, 0.2, 0.2, 0.2, 0.2, 0.2, 0.22]
Total correct retain:  443  Total retain:  2500
Total correct forget:  9474  Total forget:  47500
Total correct test:  88  Total test:  500
Total correct forget test:  1905  Total test forget:  9500
[0.176]
[0.176, 0.2]
[0.176, 0.2, 0.2]
[0.176, 0.2, 0.2, 0.2]
[0.176, 0.2, 0.2, 0.2, 0.2]
[0.176, 0.2, 0.2, 0.2, 0.2, 0.2]
[0.176, 0.2, 0.2, 0.2, 0.2, 0.2, 0.2]
[0.176, 0.2, 0.2, 0.2, 0.2, 0.2, 0.2, 0.2]
[0.176, 0.2, 0.2, 0.2, 0.2, 0.2, 0.2, 0.2, 0.2]
[0.176, 0.2, 0.2, 0.2, 0.2, 0.2, 0.2, 0.2, 0.2, 0.2]
[0.176, 0.2, 0.2, 0.2, 0.2, 0.2, 0.2, 0.2, 0.2, 0.2, 0.2]
[0.176, 0.2, 0.2, 0.2, 0.2, 0.2, 0.2, 0.2, 0.2, 0.2, 0.2, 0.2]
[0.176, 0.2, 0.2, 0.2, 0.2, 0.2, 0.2, 0.2, 0.2, 0.2, 0.2, 0.2, 0.2]
[0.176, 0.2, 0.2, 0.2, 0.2, 0.2, 0.2, 0.2, 0.2, 0.2, 0.2, 0.2, 0.2, 0.2]
[0.176, 0.2, 0.2, 0.2, 0.2, 0.2, 0.2, 0.2, 0.2, 0.2, 0.2, 0.2, 0.2, 0.2, 0.2]
[0.176, 0.2, 0.2, 0.2, 0.2, 0.2, 0.2, 0.2, 0.2, 0.2, 0.2, 0.2, 0.2, 0.2, 0.2, 0.2]
[0.176, 0.2, 0.2, 0.2, 0.2, 0.2, 0.2, 0.2, 0.2, 0.2, 0.2, 0.2, 0.2, 0.2, 0.2, 0.2, 0.2]
[0.176, 0.2, 0.2, 0.2, 0.2, 0.2, 0.2, 0.2, 0.2, 0.2, 0.2, 0.2, 0.2, 0.2, 0.2, 0.2, 0.2, 0.2]
[0.176, 0.2, 0.2, 0.2, 0.2, 0.2, 0.2, 0.2, 0.2, 0.2, 0.2, 0.2, 0.2, 0.2, 0.2, 0.2, 0.2, 0.2, 0.2]
[0.176, 0.2, 0.2, 0.2, 0.2, 0.2, 0.2, 0.2, 0.2, 0.2, 0.2, 0.2, 0.2, 0.2, 0.2, 0.2, 0.2, 0.2, 0.2, 0.21]
Total correct retain:  511  Total retain:  2500
Total correct forget:  10097  Total forget:  47500
Total correct test:  106  Total test:  500
Total correct forget test:  1987  Total test forget:  9500
[0.212]
[0.212, 0.2]
[0.212, 0.2, 0.212]
[0.212, 0.2, 0.212, 0.224]
[0.212, 0.2, 0.212, 0.224, 0.254]
[0.212, 0.2, 0.212, 0.224, 0.254, 0.178]
[0.212, 0.2, 0.212, 0.224, 0.254, 0.178, 0.202]
[0.212, 0.2, 0.212, 0.224, 0.254, 0.178, 0.202, 0.2]
[0.212, 0.2, 0.212, 0.224, 0.254, 0.178, 0.202, 0.2, 0.194]
[0.212, 0.2, 0.212, 0.224, 0.254, 0.178, 0.202, 0.2, 0.194, 0.24]
[0.212, 0.2, 0.212, 0.224, 0.254, 0.178, 0.202, 0.2, 0.194, 0.24, 0.236]
[0.212, 0.2, 0.212, 0.224, 0.254, 0.178, 0.202, 0.2, 0.194, 0.24, 0.236, 0.214]
[0.212, 0.2, 0.212, 0.224, 0.254, 0.178, 0.202, 0.2, 0.194, 0.24, 0.236, 0.214, 0.22]
[0.212, 0.2, 0.212, 0.224, 0.254, 0.178, 0.202, 0.2, 0.194, 0.24, 0.236, 0.214, 0.22, 0.2]
[0.212, 0.2, 0.212, 0.224, 0.254, 0.178, 0.202, 0.2, 0.194, 0.24, 0.236, 0.214, 0.22, 0.2, 0.2]
[0.212, 0.2, 0.212, 0.224, 0.254, 0.178, 0.202, 0.2, 0.194, 0.24, 0.236, 0.214, 0.22, 0.2, 0.2, 0.2]
[0.212, 0.2, 0.212, 0.224, 0.254, 0.178, 0.202, 0.2, 0.194, 0.24, 0.236, 0.214, 0.22, 0.2, 0.2, 0.2, 0.2]
[0.212, 0.2, 0.212, 0.224, 0.254, 0.178, 0.202, 0.2, 0.194, 0.24, 0.236, 0.214, 0.22, 0.2, 0.2, 0.2, 0.2, 0.2]
[0.212, 0.2, 0.212, 0.224, 0.254, 0.178, 0.202, 0.2, 0.194, 0.24, 0.236, 0.214, 0.22, 0.2, 0.2, 0.2, 0.2, 0.2, 0.2]
[0.212, 0.2, 0.212, 0.224, 0.254, 0.178, 0.202, 0.2, 0.194, 0.24, 0.236, 0.214, 0.22, 0.2, 0.2, 0.2, 0.2, 0.2, 0.2, 0.2]
Total correct retain:  723  Total retain:  2500
Total correct forget:  9546  Total forget:  47500
Total correct test:  152  Total test:  500
Total correct forget test:  1916  Total test forget:  9500
[0.304]
[0.304, 0.202]
[0.304, 0.202, 0.2]
[0.304, 0.202, 0.2, 0.21]
[0.304, 0.202, 0.2, 0.21, 0.2]
[0.304, 0.202, 0.2, 0.21, 0.2, 0.2]
[0.304, 0.202, 0.2, 0.21, 0.2, 0.2, 0.2]
[0.304, 0.202, 0.2, 0.21, 0.2, 0.2, 0.2, 0.2]
[0.304, 0.202, 0.2, 0.21, 0.2, 0.2, 0.2, 0.2, 0.2]
[0.304, 0.202, 0.2, 0.21, 0.2, 0.2, 0.2, 0.2, 0.2, 0.206]
[0.304, 0.202, 0.2, 0.21, 0.2, 0.2, 0.2, 0.2, 0.2, 0.206, 0.214]
[0.304, 0.202, 0.2, 0.21, 0.2, 0.2, 0.2, 0.2, 0.2, 0.206, 0.214, 0.2]
[0.304, 0.202, 0.2, 0.21, 0.2, 0.2, 0.2, 0.2, 0.2, 0.206, 0.214, 0.2, 0.2]
[0.304, 0.202, 0.2, 0.21, 0.2, 0.2, 0.2, 0.2, 0.2, 0.206, 0.214, 0.2, 0.2, 0.2]
[0.304, 0.202, 0.2, 0.21, 0.2, 0.2, 0.2, 0.2, 0.2, 0.206, 0.214, 0.2, 0.2, 0.2, 0.2]
[0.304, 0.202, 0.2, 0.21, 0.2, 0.2, 0.2, 0.2, 0.2, 0.206, 0.214, 0.2, 0.2, 0.2, 0.2, 0.2]
[0.304, 0.202, 0.2, 0.21, 0.2, 0.2, 0.2, 0.2, 0.2, 0.206, 0.214, 0.2, 0.2, 0.2, 0.2, 0.2, 0.2]
[0.304, 0.202, 0.2, 0.21, 0.2, 0.2, 0.2, 0.2, 0.2, 0.206, 0.214, 0.2, 0.2, 0.2, 0.2, 0.2, 0.2, 0.2]
[0.304, 0.202, 0.2, 0.21, 0.2, 0.2, 0.2, 0.2, 0.2, 0.206, 0.214, 0.2, 0.2, 0.2, 0.2, 0.2, 0.2, 0.2, 0.2]
[0.304, 0.202, 0.2, 0.21, 0.2, 0.2, 0.2, 0.2, 0.2, 0.206, 0.214, 0.2, 0.2, 0.2, 0.2, 0.2, 0.2, 0.2, 0.2, 0.2]
Total correct retain:  523  Total retain:  2500
Total correct forget:  9736  Total forget:  47500
Total correct test:  102  Total test:  500
Total correct forget test:  1942  Total test forget:  9500
[0.204]
[0.204, 0.208]
[0.204, 0.208, 0.188]
[0.204, 0.208, 0.188, 0.216]
[0.204, 0.208, 0.188, 0.216, 0.208]
[0.204, 0.208, 0.188, 0.216, 0.208, 0.196]
[0.204, 0.208, 0.188, 0.216, 0.208, 0.196, 0.198]
[0.204, 0.208, 0.188, 0.216, 0.208, 0.196, 0.198, 0.2]
[0.204, 0.208, 0.188, 0.216, 0.208, 0.196, 0.198, 0.2, 0.208]
[0.204, 0.208, 0.188, 0.216, 0.208, 0.196, 0.198, 0.2, 0.208, 0.204]
[0.204, 0.208, 0.188, 0.216, 0.208, 0.196, 0.198, 0.2, 0.208, 0.204, 0.258]
[0.204, 0.208, 0.188, 0.216, 0.208, 0.196, 0.198, 0.2, 0.208, 0.204, 0.258, 0.2]
[0.204, 0.208, 0.188, 0.216, 0.208, 0.196, 0.198, 0.2, 0.208, 0.204, 0.258, 0.2, 0.2]
[0.204, 0.208, 0.188, 0.216, 0.208, 0.196, 0.198, 0.2, 0.208, 0.204, 0.258, 0.2, 0.2, 0.2]
[0.204, 0.208, 0.188, 0.216, 0.208, 0.196, 0.198, 0.2, 0.208, 0.204, 0.258, 0.2, 0.2, 0.2, 0.2]
[0.204, 0.208, 0.188, 0.216, 0.208, 0.196, 0.198, 0.2, 0.208, 0.204, 0.258, 0.2, 0.2, 0.2, 0.2, 0.2]
[0.204, 0.208, 0.188, 0.216, 0.208, 0.196, 0.198, 0.2, 0.208, 0.204, 0.258, 0.2, 0.2, 0.2, 0.2, 0.2, 0.2]
[0.204, 0.208, 0.188, 0.216, 0.208, 0.196, 0.198, 0.2, 0.208, 0.204, 0.258, 0.2, 0.2, 0.2, 0.2, 0.2, 0.2, 0.2]
[0.204, 0.208, 0.188, 0.216, 0.208, 0.196, 0.198, 0.2, 0.208, 0.204, 0.258, 0.2, 0.2, 0.2, 0.2, 0.2, 0.2, 0.2, 0.2]
[0.204, 0.208, 0.188, 0.216, 0.208, 0.196, 0.198, 0.2, 0.208, 0.204, 0.258, 0.2, 0.2, 0.2, 0.2, 0.2, 0.2, 0.2, 0.2, 0.2]
Total correct retain:  520  Total retain:  2500
Total correct forget:  9617  Total forget:  47500
Total correct test:  100  Total test:  500
Total correct forget test:  1903  Total test forget:  9500
[0.2]
[0.2, 0.224]
[0.2, 0.224, 0.2]
[0.2, 0.224, 0.2, 0.2]
[0.2, 0.224, 0.2, 0.2, 0.252]
[0.2, 0.224, 0.2, 0.2, 0.252, 0.2]
[0.2, 0.224, 0.2, 0.2, 0.252, 0.2, 0.142]
[0.2, 0.224, 0.2, 0.2, 0.252, 0.2, 0.142, 0.198]
[0.2, 0.224, 0.2, 0.2, 0.252, 0.2, 0.142, 0.198, 0.19]
[0.2, 0.224, 0.2, 0.2, 0.252, 0.2, 0.142, 0.198, 0.19, 0.2]
[0.2, 0.224, 0.2, 0.2, 0.252, 0.2, 0.142, 0.198, 0.19, 0.2, 0.2]
[0.2, 0.224, 0.2, 0.2, 0.252, 0.2, 0.142, 0.198, 0.19, 0.2, 0.2, 0.2]
[0.2, 0.224, 0.2, 0.2, 0.252, 0.2, 0.142, 0.198, 0.19, 0.2, 0.2, 0.2, 0.2]
[0.2, 0.224, 0.2, 0.2, 0.252, 0.2, 0.142, 0.198, 0.19, 0.2, 0.2, 0.2, 0.2, 0.2]
[0.2, 0.224, 0.2, 0.2, 0.252, 0.2, 0.142, 0.198, 0.19, 0.2, 0.2, 0.2, 0.2, 0.2, 0.2]
[0.2, 0.224, 0.2, 0.2, 0.252, 0.2, 0.142, 0.198, 0.19, 0.2, 0.2, 0.2, 0.2, 0.2, 0.2, 0.2]
[0.2, 0.224, 0.2, 0.2, 0.252, 0.2, 0.142, 0.198, 0.19, 0.2, 0.2, 0.2, 0.2, 0.2, 0.2, 0.2, 0.2]
[0.2, 0.224, 0.2, 0.2, 0.252, 0.2, 0.142, 0.198, 0.19, 0.2, 0.2, 0.2, 0.2, 0.2, 0.2, 0.2, 0.2, 0.2]
[0.2, 0.224, 0.2, 0.2, 0.252, 0.2, 0.142, 0.198, 0.19, 0.2, 0.2, 0.2, 0.2, 0.2, 0.2, 0.2, 0.2, 0.2, 0.2]
[0.2, 0.224, 0.2, 0.2, 0.252, 0.2, 0.142, 0.198, 0.19, 0.2, 0.2, 0.2, 0.2, 0.2, 0.2, 0.2, 0.2, 0.2, 0.2, 0.2]
Total correct retain:  500  Total retain:  2500
Total correct forget:  9500  Total forget:  47500
Total correct test:  100  Total test:  500
Total correct forget test:  1900  Total test forget:  9500
[0.2]
[0.2, 0.2]
[0.2, 0.2, 0.2]
[0.2, 0.2, 0.2, 0.2]
[0.2, 0.2, 0.2, 0.2, 0.2]
[0.2, 0.2, 0.2, 0.2, 0.2, 0.2]
[0.2, 0.2, 0.2, 0.2, 0.2, 0.2, 0.2]
[0.2, 0.2, 0.2, 0.2, 0.2, 0.2, 0.2, 0.2]
[0.2, 0.2, 0.2, 0.2, 0.2, 0.2, 0.2, 0.2, 0.2]
[0.2, 0.2, 0.2, 0.2, 0.2, 0.2, 0.2, 0.2, 0.2, 0.2]
[0.2, 0.2, 0.2, 0.2, 0.2, 0.2, 0.2, 0.2, 0.2, 0.2, 0.2]
[0.2, 0.2, 0.2, 0.2, 0.2, 0.2, 0.2, 0.2, 0.2, 0.2, 0.2, 0.2]
[0.2, 0.2, 0.2, 0.2, 0.2, 0.2, 0.2, 0.2, 0.2, 0.2, 0.2, 0.2, 0.2]
[0.2, 0.2, 0.2, 0.2, 0.2, 0.2, 0.2, 0.2, 0.2, 0.2, 0.2, 0.2, 0.2, 0.2]
[0.2, 0.2, 0.2, 0.2, 0.2, 0.2, 0.2, 0.2, 0.2, 0.2, 0.2, 0.2, 0.2, 0.2, 0.2]
[0.2, 0.2, 0.2, 0.2, 0.2, 0.2, 0.2, 0.2, 0.2, 0.2, 0.2, 0.2, 0.2, 0.2, 0.2, 0.2]
[0.2, 0.2, 0.2, 0.2, 0.2, 0.2, 0.2, 0.2, 0.2, 0.2, 0.2, 0.2, 0.2, 0.2, 0.2, 0.2, 0.2]
[0.2, 0.2, 0.2, 0.2, 0.2, 0.2, 0.2, 0.2, 0.2, 0.2, 0.2, 0.2, 0.2, 0.2, 0.2, 0.2, 0.2, 0.2]
[0.2, 0.2, 0.2, 0.2, 0.2, 0.2, 0.2, 0.2, 0.2, 0.2, 0.2, 0.2, 0.2, 0.2, 0.2, 0.2, 0.2, 0.2, 0.2]
[0.2, 0.2, 0.2, 0.2, 0.2, 0.2, 0.2, 0.2, 0.2, 0.2, 0.2, 0.2, 0.2, 0.2, 0.2, 0.2, 0.2, 0.2, 0.2, 0.2]
Total correct retain:  500  Total retain:  2500
Total correct forget:  9662  Total forget:  47500
Total correct test:  100  Total test:  500
Total correct forget test:  1929  Total test forget:  9500
[0.2]
[0.2, 0.2]
[0.2, 0.2, 0.2]
[0.2, 0.2, 0.2, 0.2]
[0.2, 0.2, 0.2, 0.2, 0.2]
[0.2, 0.2, 0.2, 0.2, 0.2, 0.2]
[0.2, 0.2, 0.2, 0.2, 0.2, 0.2, 0.258]
[0.2, 0.2, 0.2, 0.2, 0.2, 0.2, 0.258, 0.2]
[0.2, 0.2, 0.2, 0.2, 0.2, 0.2, 0.258, 0.2, 0.2]
[0.2, 0.2, 0.2, 0.2, 0.2, 0.2, 0.258, 0.2, 0.2, 0.2]
[0.2, 0.2, 0.2, 0.2, 0.2, 0.2, 0.258, 0.2, 0.2, 0.2, 0.2]
[0.2, 0.2, 0.2, 0.2, 0.2, 0.2, 0.258, 0.2, 0.2, 0.2, 0.2, 0.2]
[0.2, 0.2, 0.2, 0.2, 0.2, 0.2, 0.258, 0.2, 0.2, 0.2, 0.2, 0.2, 0.2]
[0.2, 0.2, 0.2, 0.2, 0.2, 0.2, 0.258, 0.2, 0.2, 0.2, 0.2, 0.2, 0.2, 0.2]
[0.2, 0.2, 0.2, 0.2, 0.2, 0.2, 0.258, 0.2, 0.2, 0.2, 0.2, 0.2, 0.2, 0.2, 0.2]
[0.2, 0.2, 0.2, 0.2, 0.2, 0.2, 0.258, 0.2, 0.2, 0.2, 0.2, 0.2, 0.2, 0.2, 0.2, 0.2]
[0.2, 0.2, 0.2, 0.2, 0.2, 0.2, 0.258, 0.2, 0.2, 0.2, 0.2, 0.2, 0.2, 0.2, 0.2, 0.2, 0.2]
[0.2, 0.2, 0.2, 0.2, 0.2, 0.2, 0.258, 0.2, 0.2, 0.2, 0.2, 0.2, 0.2, 0.2, 0.2, 0.2, 0.2, 0.2]
[0.2, 0.2, 0.2, 0.2, 0.2, 0.2, 0.258, 0.2, 0.2, 0.2, 0.2, 0.2, 0.2, 0.2, 0.2, 0.2, 0.2, 0.2, 0.2]
[0.2, 0.2, 0.2, 0.2, 0.2, 0.2, 0.258, 0.2, 0.2, 0.2, 0.2, 0.2, 0.2, 0.2, 0.2, 0.2, 0.2, 0.2, 0.2, 0.2]
Total correct retain:  500  Total retain:  2500
Total correct forget:  9576  Total forget:  47500
Total correct test:  100  Total test:  500
Total correct forget test:  1921  Total test forget:  9500
[0.2]
[0.2, 0.2]
[0.2, 0.2, 0.2]
[0.2, 0.2, 0.2, 0.218]
[0.2, 0.2, 0.2, 0.218, 0.202]
[0.2, 0.2, 0.2, 0.218, 0.202, 0.222]
[0.2, 0.2, 0.2, 0.218, 0.202, 0.222, 0.2]
[0.2, 0.2, 0.2, 0.218, 0.202, 0.222, 0.2, 0.2]
[0.2, 0.2, 0.2, 0.218, 0.202, 0.222, 0.2, 0.2, 0.2]
[0.2, 0.2, 0.2, 0.218, 0.202, 0.222, 0.2, 0.2, 0.2, 0.2]
[0.2, 0.2, 0.2, 0.218, 0.202, 0.222, 0.2, 0.2, 0.2, 0.2, 0.2]
[0.2, 0.2, 0.2, 0.218, 0.202, 0.222, 0.2, 0.2, 0.2, 0.2, 0.2, 0.2]
[0.2, 0.2, 0.2, 0.218, 0.202, 0.222, 0.2, 0.2, 0.2, 0.2, 0.2, 0.2, 0.2]
[0.2, 0.2, 0.2, 0.218, 0.202, 0.222, 0.2, 0.2, 0.2, 0.2, 0.2, 0.2, 0.2, 0.2]
[0.2, 0.2, 0.2, 0.218, 0.202, 0.222, 0.2, 0.2, 0.2, 0.2, 0.2, 0.2, 0.2, 0.2, 0.2]
[0.2, 0.2, 0.2, 0.218, 0.202, 0.222, 0.2, 0.2, 0.2, 0.2, 0.2, 0.2, 0.2, 0.2, 0.2, 0.2]
[0.2, 0.2, 0.2, 0.218, 0.202, 0.222, 0.2, 0.2, 0.2, 0.2, 0.2, 0.2, 0.2, 0.2, 0.2, 0.2, 0.2]
[0.2, 0.2, 0.2, 0.218, 0.202, 0.222, 0.2, 0.2, 0.2, 0.2, 0.2, 0.2, 0.2, 0.2, 0.2, 0.2, 0.2, 0.2]
[0.2, 0.2, 0.2, 0.218, 0.202, 0.222, 0.2, 0.2, 0.2, 0.2, 0.2, 0.2, 0.2, 0.2, 0.2, 0.2, 0.2, 0.2, 0.2]
[0.2, 0.2, 0.2, 0.218, 0.202, 0.222, 0.2, 0.2, 0.2, 0.2, 0.2, 0.2, 0.2, 0.2, 0.2, 0.2, 0.2, 0.2, 0.2, 0.2]
Total correct retain:  500  Total retain:  2500
Total correct forget:  9561  Total forget:  47500
Total correct test:  100  Total test:  500
Total correct forget test:  1902  Total test forget:  9500
[0.2]
[0.2, 0.2]
[0.2, 0.2, 0.2]
[0.2, 0.2, 0.2, 0.2]
[0.2, 0.2, 0.2, 0.2, 0.2]
[0.2, 0.2, 0.2, 0.2, 0.2, 0.2]
[0.2, 0.2, 0.2, 0.2, 0.2, 0.2, 0.2]
[0.2, 0.2, 0.2, 0.2, 0.2, 0.2, 0.2, 0.2]
[0.2, 0.2, 0.2, 0.2, 0.2, 0.2, 0.2, 0.2, 0.2]
[0.2, 0.2, 0.2, 0.2, 0.2, 0.2, 0.2, 0.2, 0.2, 0.2]
[0.2, 0.2, 0.2, 0.2, 0.2, 0.2, 0.2, 0.2, 0.2, 0.2, 0.2]
[0.2, 0.2, 0.2, 0.2, 0.2, 0.2, 0.2, 0.2, 0.2, 0.2, 0.2, 0.2]
[0.2, 0.2, 0.2, 0.2, 0.2, 0.2, 0.2, 0.2, 0.2, 0.2, 0.2, 0.2, 0.2]
[0.2, 0.2, 0.2, 0.2, 0.2, 0.2, 0.2, 0.2, 0.2, 0.2, 0.2, 0.2, 0.2, 0.2]
[0.2, 0.2, 0.2, 0.2, 0.2, 0.2, 0.2, 0.2, 0.2, 0.2, 0.2, 0.2, 0.2, 0.2, 0.2]
[0.2, 0.2, 0.2, 0.2, 0.2, 0.2, 0.2, 0.2, 0.2, 0.2, 0.2, 0.2, 0.2, 0.2, 0.2, 0.2]
[0.2, 0.2, 0.2, 0.2, 0.2, 0.2, 0.2, 0.2, 0.2, 0.2, 0.2, 0.2, 0.2, 0.2, 0.2, 0.2, 0.2]
[0.2, 0.2, 0.2, 0.2, 0.2, 0.2, 0.2, 0.2, 0.2, 0.2, 0.2, 0.2, 0.2, 0.2, 0.2, 0.2, 0.2, 0.2]
[0.2, 0.2, 0.2, 0.2, 0.2, 0.2, 0.2, 0.2, 0.2, 0.2, 0.2, 0.2, 0.2, 0.2, 0.2, 0.2, 0.2, 0.2, 0.2]
[0.2, 0.2, 0.2, 0.2, 0.2, 0.2, 0.2, 0.2, 0.2, 0.2, 0.2, 0.2, 0.2, 0.2, 0.2, 0.2, 0.2, 0.2, 0.2, 0.204]
Total correct retain:  500  Total retain:  2500
Total correct forget:  9759  Total forget:  47500
Total correct test:  100  Total test:  500
Total correct forget test:  1955  Total test forget:  9500
[0.2]
[0.2, 0.256]
[0.2, 0.256, 0.226]
[0.2, 0.256, 0.226, 0.2]
[0.2, 0.256, 0.226, 0.2, 0.2]
[0.2, 0.256, 0.226, 0.2, 0.2, 0.2]
[0.2, 0.256, 0.226, 0.2, 0.2, 0.2, 0.2]
[0.2, 0.256, 0.226, 0.2, 0.2, 0.2, 0.2, 0.2]
[0.2, 0.256, 0.226, 0.2, 0.2, 0.2, 0.2, 0.2, 0.2]
[0.2, 0.256, 0.226, 0.2, 0.2, 0.2, 0.2, 0.2, 0.2, 0.2]
[0.2, 0.256, 0.226, 0.2, 0.2, 0.2, 0.2, 0.2, 0.2, 0.2, 0.2]
[0.2, 0.256, 0.226, 0.2, 0.2, 0.2, 0.2, 0.2, 0.2, 0.2, 0.2, 0.2]
[0.2, 0.256, 0.226, 0.2, 0.2, 0.2, 0.2, 0.2, 0.2, 0.2, 0.2, 0.2, 0.2]
[0.2, 0.256, 0.226, 0.2, 0.2, 0.2, 0.2, 0.2, 0.2, 0.2, 0.2, 0.2, 0.2, 0.2]
[0.2, 0.256, 0.226, 0.2, 0.2, 0.2, 0.2, 0.2, 0.2, 0.2, 0.2, 0.2, 0.2, 0.2, 0.2]
[0.2, 0.256, 0.226, 0.2, 0.2, 0.2, 0.2, 0.2, 0.2, 0.2, 0.2, 0.2, 0.2, 0.2, 0.2, 0.2]
[0.2, 0.256, 0.226, 0.2, 0.2, 0.2, 0.2, 0.2, 0.2, 0.2, 0.2, 0.2, 0.2, 0.2, 0.2, 0.2, 0.2]
[0.2, 0.256, 0.226, 0.2, 0.2, 0.2, 0.2, 0.2, 0.2, 0.2, 0.2, 0.2, 0.2, 0.2, 0.2, 0.2, 0.2, 0.2]
[0.2, 0.256, 0.226, 0.2, 0.2, 0.2, 0.2, 0.2, 0.2, 0.2, 0.2, 0.2, 0.2, 0.2, 0.2, 0.2, 0.2, 0.2, 0.2]
[0.2, 0.256, 0.226, 0.2, 0.2, 0.2, 0.2, 0.2, 0.2, 0.2, 0.2, 0.2, 0.2, 0.2, 0.2, 0.2, 0.2, 0.2, 0.2, 0.228]
Total correct retain:  500  Total retain:  2500
Total correct forget:  9471  Total forget:  47500
Total correct test:  100  Total test:  500
Total correct forget test:  1893  Total test forget:  9500
[0.2]
[0.2, 0.2]
[0.2, 0.2, 0.2]
[0.2, 0.2, 0.2, 0.2]
[0.2, 0.2, 0.2, 0.2, 0.2]
[0.2, 0.2, 0.2, 0.2, 0.2, 0.2]
[0.2, 0.2, 0.2, 0.2, 0.2, 0.2, 0.2]
[0.2, 0.2, 0.2, 0.2, 0.2, 0.2, 0.2, 0.2]
[0.2, 0.2, 0.2, 0.2, 0.2, 0.2, 0.2, 0.2, 0.2]
[0.2, 0.2, 0.2, 0.2, 0.2, 0.2, 0.2, 0.2, 0.2, 0.2]
[0.2, 0.2, 0.2, 0.2, 0.2, 0.2, 0.2, 0.2, 0.2, 0.2, 0.2]
[0.2, 0.2, 0.2, 0.2, 0.2, 0.2, 0.2, 0.2, 0.2, 0.2, 0.2, 0.2]
[0.2, 0.2, 0.2, 0.2, 0.2, 0.2, 0.2, 0.2, 0.2, 0.2, 0.2, 0.2, 0.2]
[0.2, 0.2, 0.2, 0.2, 0.2, 0.2, 0.2, 0.2, 0.2, 0.2, 0.2, 0.2, 0.2, 0.2]
[0.2, 0.2, 0.2, 0.2, 0.2, 0.2, 0.2, 0.2, 0.2, 0.2, 0.2, 0.2, 0.2, 0.2, 0.2]
[0.2, 0.2, 0.2, 0.2, 0.2, 0.2, 0.2, 0.2, 0.2, 0.2, 0.2, 0.2, 0.2, 0.2, 0.2, 0.2]
[0.2, 0.2, 0.2, 0.2, 0.2, 0.2, 0.2, 0.2, 0.2, 0.2, 0.2, 0.2, 0.2, 0.2, 0.2, 0.2, 0.2]
[0.2, 0.2, 0.2, 0.2, 0.2, 0.2, 0.2, 0.2, 0.2, 0.2, 0.2, 0.2, 0.2, 0.2, 0.2, 0.2, 0.2, 0.2]
[0.2, 0.2, 0.2, 0.2, 0.2, 0.2, 0.2, 0.2, 0.2, 0.2, 0.2, 0.2, 0.2, 0.2, 0.2, 0.2, 0.2, 0.2, 0.2]
[0.2, 0.2, 0.2, 0.2, 0.2, 0.2, 0.2, 0.2, 0.2, 0.2, 0.2, 0.2, 0.2, 0.2, 0.2, 0.2, 0.2, 0.2, 0.2, 0.186]
Total correct retain:  500  Total retain:  2500
Total correct forget:  9500  Total forget:  47500
Total correct test:  100  Total test:  500
Total correct forget test:  1900  Total test forget:  9500
[0.2]
[0.2, 0.2]
[0.2, 0.2, 0.2]
[0.2, 0.2, 0.2, 0.2]
[0.2, 0.2, 0.2, 0.2, 0.2]
[0.2, 0.2, 0.2, 0.2, 0.2, 0.2]
[0.2, 0.2, 0.2, 0.2, 0.2, 0.2, 0.2]
[0.2, 0.2, 0.2, 0.2, 0.2, 0.2, 0.2, 0.2]
[0.2, 0.2, 0.2, 0.2, 0.2, 0.2, 0.2, 0.2, 0.2]
[0.2, 0.2, 0.2, 0.2, 0.2, 0.2, 0.2, 0.2, 0.2, 0.2]
[0.2, 0.2, 0.2, 0.2, 0.2, 0.2, 0.2, 0.2, 0.2, 0.2, 0.2]
[0.2, 0.2, 0.2, 0.2, 0.2, 0.2, 0.2, 0.2, 0.2, 0.2, 0.2, 0.2]
[0.2, 0.2, 0.2, 0.2, 0.2, 0.2, 0.2, 0.2, 0.2, 0.2, 0.2, 0.2, 0.2]
[0.2, 0.2, 0.2, 0.2, 0.2, 0.2, 0.2, 0.2, 0.2, 0.2, 0.2, 0.2, 0.2, 0.2]
[0.2, 0.2, 0.2, 0.2, 0.2, 0.2, 0.2, 0.2, 0.2, 0.2, 0.2, 0.2, 0.2, 0.2, 0.2]
[0.2, 0.2, 0.2, 0.2, 0.2, 0.2, 0.2, 0.2, 0.2, 0.2, 0.2, 0.2, 0.2, 0.2, 0.2, 0.2]
[0.2, 0.2, 0.2, 0.2, 0.2, 0.2, 0.2, 0.2, 0.2, 0.2, 0.2, 0.2, 0.2, 0.2, 0.2, 0.2, 0.2]
[0.2, 0.2, 0.2, 0.2, 0.2, 0.2, 0.2, 0.2, 0.2, 0.2, 0.2, 0.2, 0.2, 0.2, 0.2, 0.2, 0.2, 0.2]
[0.2, 0.2, 0.2, 0.2, 0.2, 0.2, 0.2, 0.2, 0.2, 0.2, 0.2, 0.2, 0.2, 0.2, 0.2, 0.2, 0.2, 0.2, 0.2]
[0.2, 0.2, 0.2, 0.2, 0.2, 0.2, 0.2, 0.2, 0.2, 0.2, 0.2, 0.2, 0.2, 0.2, 0.2, 0.2, 0.2, 0.2, 0.2, 0.2]
Total correct retain:  500  Total retain:  2500
Total correct forget:  9500  Total forget:  47500
Total correct test:  100  Total test:  500
Total correct forget test:  1900  Total test forget:  9500
[0.2]
[0.2, 0.2]
[0.2, 0.2, 0.2]
[0.2, 0.2, 0.2, 0.2]
[0.2, 0.2, 0.2, 0.2, 0.2]
[0.2, 0.2, 0.2, 0.2, 0.2, 0.2]
[0.2, 0.2, 0.2, 0.2, 0.2, 0.2, 0.2]
[0.2, 0.2, 0.2, 0.2, 0.2, 0.2, 0.2, 0.2]
[0.2, 0.2, 0.2, 0.2, 0.2, 0.2, 0.2, 0.2, 0.2]
[0.2, 0.2, 0.2, 0.2, 0.2, 0.2, 0.2, 0.2, 0.2, 0.2]
[0.2, 0.2, 0.2, 0.2, 0.2, 0.2, 0.2, 0.2, 0.2, 0.2, 0.2]
[0.2, 0.2, 0.2, 0.2, 0.2, 0.2, 0.2, 0.2, 0.2, 0.2, 0.2, 0.2]
[0.2, 0.2, 0.2, 0.2, 0.2, 0.2, 0.2, 0.2, 0.2, 0.2, 0.2, 0.2, 0.2]
[0.2, 0.2, 0.2, 0.2, 0.2, 0.2, 0.2, 0.2, 0.2, 0.2, 0.2, 0.2, 0.2, 0.2]
[0.2, 0.2, 0.2, 0.2, 0.2, 0.2, 0.2, 0.2, 0.2, 0.2, 0.2, 0.2, 0.2, 0.2, 0.2]
[0.2, 0.2, 0.2, 0.2, 0.2, 0.2, 0.2, 0.2, 0.2, 0.2, 0.2, 0.2, 0.2, 0.2, 0.2, 0.2]
[0.2, 0.2, 0.2, 0.2, 0.2, 0.2, 0.2, 0.2, 0.2, 0.2, 0.2, 0.2, 0.2, 0.2, 0.2, 0.2, 0.2]
[0.2, 0.2, 0.2, 0.2, 0.2, 0.2, 0.2, 0.2, 0.2, 0.2, 0.2, 0.2, 0.2, 0.2, 0.2, 0.2, 0.2, 0.2]
[0.2, 0.2, 0.2, 0.2, 0.2, 0.2, 0.2, 0.2, 0.2, 0.2, 0.2, 0.2, 0.2, 0.2, 0.2, 0.2, 0.2, 0.2, 0.2]
[0.2, 0.2, 0.2, 0.2, 0.2, 0.2, 0.2, 0.2, 0.2, 0.2, 0.2, 0.2, 0.2, 0.2, 0.2, 0.2, 0.2, 0.2, 0.2, 0.2]
Total correct retain:  502  Total retain:  2500
Total correct forget:  9462  Total forget:  47500
Total correct test:  99  Total test:  500
Total correct forget test:  1893  Total test forget:  9500
[0.198]
[0.198, 0.2]
[0.198, 0.2, 0.2]
[0.198, 0.2, 0.2, 0.2]
[0.198, 0.2, 0.2, 0.2, 0.2]
[0.198, 0.2, 0.2, 0.2, 0.2, 0.2]
[0.198, 0.2, 0.2, 0.2, 0.2, 0.2, 0.2]
[0.198, 0.2, 0.2, 0.2, 0.2, 0.2, 0.2, 0.2]
[0.198, 0.2, 0.2, 0.2, 0.2, 0.2, 0.2, 0.2, 0.2]
[0.198, 0.2, 0.2, 0.2, 0.2, 0.2, 0.2, 0.2, 0.2, 0.2]
[0.198, 0.2, 0.2, 0.2, 0.2, 0.2, 0.2, 0.2, 0.2, 0.2, 0.2]
[0.198, 0.2, 0.2, 0.2, 0.2, 0.2, 0.2, 0.2, 0.2, 0.2, 0.2, 0.2]
[0.198, 0.2, 0.2, 0.2, 0.2, 0.2, 0.2, 0.2, 0.2, 0.2, 0.2, 0.2, 0.2]
[0.198, 0.2, 0.2, 0.2, 0.2, 0.2, 0.2, 0.2, 0.2, 0.2, 0.2, 0.2, 0.2, 0.2]
[0.198, 0.2, 0.2, 0.2, 0.2, 0.2, 0.2, 0.2, 0.2, 0.2, 0.2, 0.2, 0.2, 0.2, 0.2]
[0.198, 0.2, 0.2, 0.2, 0.2, 0.2, 0.2, 0.2, 0.2, 0.2, 0.2, 0.2, 0.2, 0.2, 0.2, 0.2]
[0.198, 0.2, 0.2, 0.2, 0.2, 0.2, 0.2, 0.2, 0.2, 0.2, 0.2, 0.2, 0.2, 0.2, 0.2, 0.2, 0.2]
[0.198, 0.2, 0.2, 0.2, 0.2, 0.2, 0.2, 0.2, 0.2, 0.2, 0.2, 0.2, 0.2, 0.2, 0.2, 0.2, 0.2, 0.2]
[0.198, 0.2, 0.2, 0.2, 0.2, 0.2, 0.2, 0.2, 0.2, 0.2, 0.2, 0.2, 0.2, 0.2, 0.2, 0.2, 0.2, 0.2, 0.2]
[0.198, 0.2, 0.2, 0.2, 0.2, 0.2, 0.2, 0.2, 0.2, 0.2, 0.2, 0.2, 0.2, 0.2, 0.2, 0.2, 0.2, 0.2, 0.2, 0.186]
[[0.338, 0.216, 0.174, 0.258, 0.168, 0.24, 0.258, 0.272, 0.268, 0.278, 0.308, 0.146, 0.306, 0.228, 0.19, 0.25, 0.212, 0.202, 0.21, 0.22], [0.218, 0.252, 0.238, 0.234, 0.258, 0.208, 0.09, 0.222, 0.258, 0.31, 0.186, 0.204, 0.364, 0.296, 0.154, 0.264, 0.288, 0.214, 0.2, 0.288], [0.23, 0.238, 0.25, 0.274, 0.226, 0.192, 0.312, 0.274, 0.194, 0.266, 0.312, 0.196, 0.368, 0.334, 0.192, 0.25, 0.24, 0.2, 0.2, 0.266], [0.2, 0.2, 0.2, 0.2, 0.2, 0.2, 0.2, 0.2, 0.2, 0.2, 0.2, 0.2, 0.2, 0.2, 0.2, 0.2, 0.2, 0.2, 0.2, 0.198], [0.254, 0.208, 0.2, 0.2, 0.234, 0.2, 0.2, 0.2, 0.264, 0.2, 0.272, 0.202, 0.2, 0.2, 0.2, 0.2, 0.2, 0.2, 0.2, 0.22], [0.176, 0.2, 0.2, 0.2, 0.2, 0.2, 0.2, 0.2, 0.2, 0.2, 0.2, 0.2, 0.2, 0.2, 0.2, 0.2, 0.2, 0.2, 0.2, 0.21], [0.212, 0.2, 0.212, 0.224, 0.254, 0.178, 0.202, 0.2, 0.194, 0.24, 0.236, 0.214, 0.22, 0.2, 0.2, 0.2, 0.2, 0.2, 0.2, 0.2], [0.304, 0.202, 0.2, 0.21, 0.2, 0.2, 0.2, 0.2, 0.2, 0.206, 0.214, 0.2, 0.2, 0.2, 0.2, 0.2, 0.2, 0.2, 0.2, 0.2], [0.204, 0.208, 0.188, 0.216, 0.208, 0.196, 0.198, 0.2, 0.208, 0.204, 0.258, 0.2, 0.2, 0.2, 0.2, 0.2, 0.2, 0.2, 0.2, 0.2], [0.2, 0.224, 0.2, 0.2, 0.252, 0.2, 0.142, 0.198, 0.19, 0.2, 0.2, 0.2, 0.2, 0.2, 0.2, 0.2, 0.2, 0.2, 0.2, 0.2], [0.2, 0.2, 0.2, 0.2, 0.2, 0.2, 0.2, 0.2, 0.2, 0.2, 0.2, 0.2, 0.2, 0.2, 0.2, 0.2, 0.2, 0.2, 0.2, 0.2], [0.2, 0.2, 0.2, 0.2, 0.2, 0.2, 0.258, 0.2, 0.2, 0.2, 0.2, 0.2, 0.2, 0.2, 0.2, 0.2, 0.2, 0.2, 0.2, 0.2], [0.2, 0.2, 0.2, 0.218, 0.202, 0.222, 0.2, 0.2, 0.2, 0.2, 0.2, 0.2, 0.2, 0.2, 0.2, 0.2, 0.2, 0.2, 0.2, 0.2], [0.2, 0.2, 0.2, 0.2, 0.2, 0.2, 0.2, 0.2, 0.2, 0.2, 0.2, 0.2, 0.2, 0.2, 0.2, 0.2, 0.2, 0.2, 0.2, 0.204], [0.2, 0.256, 0.226, 0.2, 0.2, 0.2, 0.2, 0.2, 0.2, 0.2, 0.2, 0.2, 0.2, 0.2, 0.2, 0.2, 0.2, 0.2, 0.2, 0.228], [0.2, 0.2, 0.2, 0.2, 0.2, 0.2, 0.2, 0.2, 0.2, 0.2, 0.2, 0.2, 0.2, 0.2, 0.2, 0.2, 0.2, 0.2, 0.2, 0.186], [0.2, 0.2, 0.2, 0.2, 0.2, 0.2, 0.2, 0.2, 0.2, 0.2, 0.2, 0.2, 0.2, 0.2, 0.2, 0.2, 0.2, 0.2, 0.2, 0.2], [0.2, 0.2, 0.2, 0.2, 0.2, 0.2, 0.2, 0.2, 0.2, 0.2, 0.2, 0.2, 0.2, 0.2, 0.2, 0.2, 0.2, 0.2, 0.2, 0.2], [0.198, 0.2, 0.2, 0.2, 0.2, 0.2, 0.2, 0.2, 0.2, 0.2, 0.2, 0.2, 0.2, 0.2, 0.2, 0.2, 0.2, 0.2, 0.2, 0.186]]
Unlearn Batch Size:  32
Unlearn MEM Strength:  0.6
cifar-100-python/train
cifar-100-python/test
new ordering of classes:  ['roses', 'squirrel', 'bottles', 'lion', 'bus', 'beaver', 'couch', 'leopard', 'otter', 'bear', 'apples', 'orchids', 'cups', 'turtle', 'clock', 'chimpanzee', 'butterfly', 'porcupine', 'sea', 'elephant', 'dinosaur', 'ray', 'willow', 'man', 'caterpillar', 'mountain', 'boy', 'wardrobe', 'skyscraper', 'oak', 'kangaroo', 'tiger', 'crab', 'cloud', 'cans', 'motorcycle', 'pickup truck', 'plain', 'snail', 'poppies', 'shark', 'computer keyboard', 'table', 'lizard', 'mushrooms', 'hamster', 'cattle', 'television', 'aquarium fish', 'lobster', 'streetcar', 'raccoon', 'girl', 'castle', 'cockroach', 'pears', 'chair', 'woman', 'house', 'mouse', 'lawn-mower', 'sweet peppers', 'beetle', 'whale', 'fox', 'palm', 'bee', 'oranges', 'skunk', 'bed', 'trout', 'pine', 'dolphin', 'tractor', 'tank', 'flatfish', 'rabbit', 'crocodile', 'baby', 'lamp', 'possum', 'snake', 'train', 'rocket', 'tulips', 'shrew', 'bowls', 'worm', 'maple', 'road', 'camel', 'sunflowers', 'bicycle', 'forest', 'telephone', 'plates', 'spider', 'seal', 'bridge', 'wolf']
Training task:  1
Training task:  2
Training task:  3
Training task:  4
Training task:  5
Training task:  6
Training task:  7
Training task:  8
Training task:  9
Training task:  10
Training task:  11
Training task:  12
Training task:  13
Training task:  14
Training task:  15
Training task:  16
Training task:  17
Training task:  18
Training task:  19
Training task:  20
Unlearning task:  20
Total correct retain:  1695  Total retain:  2500
Total correct forget:  33230  Total forget:  47500
Total correct test:  338  Total test:  500
Total correct forget test:  6180  Total test forget:  9500
Total correct retain:  510  Total retain:  2500
Total correct forget:  10285  Total forget:  47500
Total correct test:  93  Total test:  500
Total correct forget test:  2101  Total test forget:  9500
[0.186]
[0.186, 0.208]
[0.186, 0.208, 0.218]
[0.186, 0.208, 0.218, 0.278]
[0.186, 0.208, 0.218, 0.278, 0.216]
[0.186, 0.208, 0.218, 0.278, 0.216, 0.22]
[0.186, 0.208, 0.218, 0.278, 0.216, 0.22, 0.21]
[0.186, 0.208, 0.218, 0.278, 0.216, 0.22, 0.21, 0.22]
[0.186, 0.208, 0.218, 0.278, 0.216, 0.22, 0.21, 0.22, 0.238]
[0.186, 0.208, 0.218, 0.278, 0.216, 0.22, 0.21, 0.22, 0.238, 0.26]
[0.186, 0.208, 0.218, 0.278, 0.216, 0.22, 0.21, 0.22, 0.238, 0.26, 0.19]
[0.186, 0.208, 0.218, 0.278, 0.216, 0.22, 0.21, 0.22, 0.238, 0.26, 0.19, 0.21]
[0.186, 0.208, 0.218, 0.278, 0.216, 0.22, 0.21, 0.22, 0.238, 0.26, 0.19, 0.21, 0.198]
[0.186, 0.208, 0.218, 0.278, 0.216, 0.22, 0.21, 0.22, 0.238, 0.26, 0.19, 0.21, 0.198, 0.214]
[0.186, 0.208, 0.218, 0.278, 0.216, 0.22, 0.21, 0.22, 0.238, 0.26, 0.19, 0.21, 0.198, 0.214, 0.192]
[0.186, 0.208, 0.218, 0.278, 0.216, 0.22, 0.21, 0.22, 0.238, 0.26, 0.19, 0.21, 0.198, 0.214, 0.192, 0.23]
[0.186, 0.208, 0.218, 0.278, 0.216, 0.22, 0.21, 0.22, 0.238, 0.26, 0.19, 0.21, 0.198, 0.214, 0.192, 0.23, 0.328]
[0.186, 0.208, 0.218, 0.278, 0.216, 0.22, 0.21, 0.22, 0.238, 0.26, 0.19, 0.21, 0.198, 0.214, 0.192, 0.23, 0.328, 0.188]
[0.186, 0.208, 0.218, 0.278, 0.216, 0.22, 0.21, 0.22, 0.238, 0.26, 0.19, 0.21, 0.198, 0.214, 0.192, 0.23, 0.328, 0.188, 0.184]
[0.186, 0.208, 0.218, 0.278, 0.216, 0.22, 0.21, 0.22, 0.238, 0.26, 0.19, 0.21, 0.198, 0.214, 0.192, 0.23, 0.328, 0.188, 0.184, 0.2]
Total correct retain:  652  Total retain:  2500
Total correct forget:  10226  Total forget:  47500
Total correct test:  131  Total test:  500
Total correct forget test:  2064  Total test forget:  9500
[0.262]
[0.262, 0.19]
[0.262, 0.19, 0.188]
[0.262, 0.19, 0.188, 0.184]
[0.262, 0.19, 0.188, 0.184, 0.25]
[0.262, 0.19, 0.188, 0.184, 0.25, 0.234]
[0.262, 0.19, 0.188, 0.184, 0.25, 0.234, 0.212]
[0.262, 0.19, 0.188, 0.184, 0.25, 0.234, 0.212, 0.198]
[0.262, 0.19, 0.188, 0.184, 0.25, 0.234, 0.212, 0.198, 0.228]
[0.262, 0.19, 0.188, 0.184, 0.25, 0.234, 0.212, 0.198, 0.228, 0.214]
[0.262, 0.19, 0.188, 0.184, 0.25, 0.234, 0.212, 0.198, 0.228, 0.214, 0.218]
[0.262, 0.19, 0.188, 0.184, 0.25, 0.234, 0.212, 0.198, 0.228, 0.214, 0.218, 0.316]
[0.262, 0.19, 0.188, 0.184, 0.25, 0.234, 0.212, 0.198, 0.228, 0.214, 0.218, 0.316, 0.172]
[0.262, 0.19, 0.188, 0.184, 0.25, 0.234, 0.212, 0.198, 0.228, 0.214, 0.218, 0.316, 0.172, 0.292]
[0.262, 0.19, 0.188, 0.184, 0.25, 0.234, 0.212, 0.198, 0.228, 0.214, 0.218, 0.316, 0.172, 0.292, 0.192]
[0.262, 0.19, 0.188, 0.184, 0.25, 0.234, 0.212, 0.198, 0.228, 0.214, 0.218, 0.316, 0.172, 0.292, 0.192, 0.16]
[0.262, 0.19, 0.188, 0.184, 0.25, 0.234, 0.212, 0.198, 0.228, 0.214, 0.218, 0.316, 0.172, 0.292, 0.192, 0.16, 0.2]
[0.262, 0.19, 0.188, 0.184, 0.25, 0.234, 0.212, 0.198, 0.228, 0.214, 0.218, 0.316, 0.172, 0.292, 0.192, 0.16, 0.2, 0.28]
[0.262, 0.19, 0.188, 0.184, 0.25, 0.234, 0.212, 0.198, 0.228, 0.214, 0.218, 0.316, 0.172, 0.292, 0.192, 0.16, 0.2, 0.28, 0.2]
[0.262, 0.19, 0.188, 0.184, 0.25, 0.234, 0.212, 0.198, 0.228, 0.214, 0.218, 0.316, 0.172, 0.292, 0.192, 0.16, 0.2, 0.28, 0.2, 0.2]
Total correct retain:  728  Total retain:  2500
Total correct forget:  10622  Total forget:  47500
Total correct test:  162  Total test:  500
Total correct forget test:  2141  Total test forget:  9500
[0.324]
[0.324, 0.216]
[0.324, 0.216, 0.346]
[0.324, 0.216, 0.346, 0.17]
[0.324, 0.216, 0.346, 0.17, 0.252]
[0.324, 0.216, 0.346, 0.17, 0.252, 0.18]
[0.324, 0.216, 0.346, 0.17, 0.252, 0.18, 0.202]
[0.324, 0.216, 0.346, 0.17, 0.252, 0.18, 0.202, 0.2]
[0.324, 0.216, 0.346, 0.17, 0.252, 0.18, 0.202, 0.2, 0.2]
[0.324, 0.216, 0.346, 0.17, 0.252, 0.18, 0.202, 0.2, 0.2, 0.234]
[0.324, 0.216, 0.346, 0.17, 0.252, 0.18, 0.202, 0.2, 0.2, 0.234, 0.226]
[0.324, 0.216, 0.346, 0.17, 0.252, 0.18, 0.202, 0.2, 0.2, 0.234, 0.226, 0.194]
[0.324, 0.216, 0.346, 0.17, 0.252, 0.18, 0.202, 0.2, 0.2, 0.234, 0.226, 0.194, 0.306]
[0.324, 0.216, 0.346, 0.17, 0.252, 0.18, 0.202, 0.2, 0.2, 0.234, 0.226, 0.194, 0.306, 0.278]
[0.324, 0.216, 0.346, 0.17, 0.252, 0.18, 0.202, 0.2, 0.2, 0.234, 0.226, 0.194, 0.306, 0.278, 0.2]
[0.324, 0.216, 0.346, 0.17, 0.252, 0.18, 0.202, 0.2, 0.2, 0.234, 0.226, 0.194, 0.306, 0.278, 0.2, 0.258]
[0.324, 0.216, 0.346, 0.17, 0.252, 0.18, 0.202, 0.2, 0.2, 0.234, 0.226, 0.194, 0.306, 0.278, 0.2, 0.258, 0.22]
[0.324, 0.216, 0.346, 0.17, 0.252, 0.18, 0.202, 0.2, 0.2, 0.234, 0.226, 0.194, 0.306, 0.278, 0.2, 0.258, 0.22, 0.2]
[0.324, 0.216, 0.346, 0.17, 0.252, 0.18, 0.202, 0.2, 0.2, 0.234, 0.226, 0.194, 0.306, 0.278, 0.2, 0.258, 0.22, 0.2, 0.2]
[0.324, 0.216, 0.346, 0.17, 0.252, 0.18, 0.202, 0.2, 0.2, 0.234, 0.226, 0.194, 0.306, 0.278, 0.2, 0.258, 0.22, 0.2, 0.2, 0.2]
Total correct retain:  500  Total retain:  2500
Total correct forget:  10687  Total forget:  47500
Total correct test:  100  Total test:  500
Total correct forget test:  2144  Total test forget:  9500
[0.2]
[0.2, 0.202]
[0.2, 0.202, 0.216]
[0.2, 0.202, 0.216, 0.292]
[0.2, 0.202, 0.216, 0.292, 0.2]
[0.2, 0.202, 0.216, 0.292, 0.2, 0.342]
[0.2, 0.202, 0.216, 0.292, 0.2, 0.342, 0.2]
[0.2, 0.202, 0.216, 0.292, 0.2, 0.342, 0.2, 0.212]
[0.2, 0.202, 0.216, 0.292, 0.2, 0.342, 0.2, 0.212, 0.242]
[0.2, 0.202, 0.216, 0.292, 0.2, 0.342, 0.2, 0.212, 0.242, 0.204]
[0.2, 0.202, 0.216, 0.292, 0.2, 0.342, 0.2, 0.212, 0.242, 0.204, 0.266]
[0.2, 0.202, 0.216, 0.292, 0.2, 0.342, 0.2, 0.212, 0.242, 0.204, 0.266, 0.218]
[0.2, 0.202, 0.216, 0.292, 0.2, 0.342, 0.2, 0.212, 0.242, 0.204, 0.266, 0.218, 0.24]
[0.2, 0.202, 0.216, 0.292, 0.2, 0.342, 0.2, 0.212, 0.242, 0.204, 0.266, 0.218, 0.24, 0.2]
[0.2, 0.202, 0.216, 0.292, 0.2, 0.342, 0.2, 0.212, 0.242, 0.204, 0.266, 0.218, 0.24, 0.2, 0.2]
[0.2, 0.202, 0.216, 0.292, 0.2, 0.342, 0.2, 0.212, 0.242, 0.204, 0.266, 0.218, 0.24, 0.2, 0.2, 0.254]
[0.2, 0.202, 0.216, 0.292, 0.2, 0.342, 0.2, 0.212, 0.242, 0.204, 0.266, 0.218, 0.24, 0.2, 0.2, 0.254, 0.2]
[0.2, 0.202, 0.216, 0.292, 0.2, 0.342, 0.2, 0.212, 0.242, 0.204, 0.266, 0.218, 0.24, 0.2, 0.2, 0.254, 0.2, 0.2]
[0.2, 0.202, 0.216, 0.292, 0.2, 0.342, 0.2, 0.212, 0.242, 0.204, 0.266, 0.218, 0.24, 0.2, 0.2, 0.254, 0.2, 0.2, 0.2]
[0.2, 0.202, 0.216, 0.292, 0.2, 0.342, 0.2, 0.212, 0.242, 0.204, 0.266, 0.218, 0.24, 0.2, 0.2, 0.254, 0.2, 0.2, 0.2, 0.2]
Total correct retain:  539  Total retain:  2500
Total correct forget:  11905  Total forget:  47500
Total correct test:  117  Total test:  500
Total correct forget test:  2383  Total test forget:  9500
[0.234]
[0.234, 0.2]
[0.234, 0.2, 0.224]
[0.234, 0.2, 0.224, 0.2]
[0.234, 0.2, 0.224, 0.2, 0.296]
[0.234, 0.2, 0.224, 0.2, 0.296, 0.364]
[0.234, 0.2, 0.224, 0.2, 0.296, 0.364, 0.244]
[0.234, 0.2, 0.224, 0.2, 0.296, 0.364, 0.244, 0.464]
[0.234, 0.2, 0.224, 0.2, 0.296, 0.364, 0.244, 0.464, 0.206]
[0.234, 0.2, 0.224, 0.2, 0.296, 0.364, 0.244, 0.464, 0.206, 0.254]
[0.234, 0.2, 0.224, 0.2, 0.296, 0.364, 0.244, 0.464, 0.206, 0.254, 0.2]
[0.234, 0.2, 0.224, 0.2, 0.296, 0.364, 0.244, 0.464, 0.206, 0.254, 0.2, 0.2]
[0.234, 0.2, 0.224, 0.2, 0.296, 0.364, 0.244, 0.464, 0.206, 0.254, 0.2, 0.2, 0.31]
[0.234, 0.2, 0.224, 0.2, 0.296, 0.364, 0.244, 0.464, 0.206, 0.254, 0.2, 0.2, 0.31, 0.404]
[0.234, 0.2, 0.224, 0.2, 0.296, 0.364, 0.244, 0.464, 0.206, 0.254, 0.2, 0.2, 0.31, 0.404, 0.2]
[0.234, 0.2, 0.224, 0.2, 0.296, 0.364, 0.244, 0.464, 0.206, 0.254, 0.2, 0.2, 0.31, 0.404, 0.2, 0.2]
[0.234, 0.2, 0.224, 0.2, 0.296, 0.364, 0.244, 0.464, 0.206, 0.254, 0.2, 0.2, 0.31, 0.404, 0.2, 0.2, 0.2]
[0.234, 0.2, 0.224, 0.2, 0.296, 0.364, 0.244, 0.464, 0.206, 0.254, 0.2, 0.2, 0.31, 0.404, 0.2, 0.2, 0.2, 0.2]
[0.234, 0.2, 0.224, 0.2, 0.296, 0.364, 0.244, 0.464, 0.206, 0.254, 0.2, 0.2, 0.31, 0.404, 0.2, 0.2, 0.2, 0.2, 0.2]
[0.234, 0.2, 0.224, 0.2, 0.296, 0.364, 0.244, 0.464, 0.206, 0.254, 0.2, 0.2, 0.31, 0.404, 0.2, 0.2, 0.2, 0.2, 0.2, 0.2]
Total correct retain:  500  Total retain:  2500
Total correct forget:  9476  Total forget:  47500
Total correct test:  100  Total test:  500
Total correct forget test:  1893  Total test forget:  9500
[0.2]
[0.2, 0.2]
[0.2, 0.2, 0.232]
[0.2, 0.2, 0.232, 0.188]
[0.2, 0.2, 0.232, 0.188, 0.194]
[0.2, 0.2, 0.232, 0.188, 0.194, 0.2]
[0.2, 0.2, 0.232, 0.188, 0.194, 0.2, 0.2]
[0.2, 0.2, 0.232, 0.188, 0.194, 0.2, 0.2, 0.186]
[0.2, 0.2, 0.232, 0.188, 0.194, 0.2, 0.2, 0.186, 0.208]
[0.2, 0.2, 0.232, 0.188, 0.194, 0.2, 0.2, 0.186, 0.208, 0.2]
[0.2, 0.2, 0.232, 0.188, 0.194, 0.2, 0.2, 0.186, 0.208, 0.2, 0.2]
[0.2, 0.2, 0.232, 0.188, 0.194, 0.2, 0.2, 0.186, 0.208, 0.2, 0.2, 0.2]
[0.2, 0.2, 0.232, 0.188, 0.194, 0.2, 0.2, 0.186, 0.208, 0.2, 0.2, 0.2, 0.178]
[0.2, 0.2, 0.232, 0.188, 0.194, 0.2, 0.2, 0.186, 0.208, 0.2, 0.2, 0.2, 0.178, 0.2]
[0.2, 0.2, 0.232, 0.188, 0.194, 0.2, 0.2, 0.186, 0.208, 0.2, 0.2, 0.2, 0.178, 0.2, 0.2]
[0.2, 0.2, 0.232, 0.188, 0.194, 0.2, 0.2, 0.186, 0.208, 0.2, 0.2, 0.2, 0.178, 0.2, 0.2, 0.2]
[0.2, 0.2, 0.232, 0.188, 0.194, 0.2, 0.2, 0.186, 0.208, 0.2, 0.2, 0.2, 0.178, 0.2, 0.2, 0.2, 0.2]
[0.2, 0.2, 0.232, 0.188, 0.194, 0.2, 0.2, 0.186, 0.208, 0.2, 0.2, 0.2, 0.178, 0.2, 0.2, 0.2, 0.2, 0.2]
[0.2, 0.2, 0.232, 0.188, 0.194, 0.2, 0.2, 0.186, 0.208, 0.2, 0.2, 0.2, 0.178, 0.2, 0.2, 0.2, 0.2, 0.2, 0.2]
[0.2, 0.2, 0.232, 0.188, 0.194, 0.2, 0.2, 0.186, 0.208, 0.2, 0.2, 0.2, 0.178, 0.2, 0.2, 0.2, 0.2, 0.2, 0.2, 0.2]
Total correct retain:  500  Total retain:  2500
Total correct forget:  9500  Total forget:  47500
Total correct test:  100  Total test:  500
Total correct forget test:  1900  Total test forget:  9500
[0.2]
[0.2, 0.2]
[0.2, 0.2, 0.2]
[0.2, 0.2, 0.2, 0.2]
[0.2, 0.2, 0.2, 0.2, 0.2]
[0.2, 0.2, 0.2, 0.2, 0.2, 0.2]
[0.2, 0.2, 0.2, 0.2, 0.2, 0.2, 0.2]
[0.2, 0.2, 0.2, 0.2, 0.2, 0.2, 0.2, 0.2]
[0.2, 0.2, 0.2, 0.2, 0.2, 0.2, 0.2, 0.2, 0.2]
[0.2, 0.2, 0.2, 0.2, 0.2, 0.2, 0.2, 0.2, 0.2, 0.2]
[0.2, 0.2, 0.2, 0.2, 0.2, 0.2, 0.2, 0.2, 0.2, 0.2, 0.2]
[0.2, 0.2, 0.2, 0.2, 0.2, 0.2, 0.2, 0.2, 0.2, 0.2, 0.2, 0.2]
[0.2, 0.2, 0.2, 0.2, 0.2, 0.2, 0.2, 0.2, 0.2, 0.2, 0.2, 0.2, 0.2]
[0.2, 0.2, 0.2, 0.2, 0.2, 0.2, 0.2, 0.2, 0.2, 0.2, 0.2, 0.2, 0.2, 0.2]
[0.2, 0.2, 0.2, 0.2, 0.2, 0.2, 0.2, 0.2, 0.2, 0.2, 0.2, 0.2, 0.2, 0.2, 0.2]
[0.2, 0.2, 0.2, 0.2, 0.2, 0.2, 0.2, 0.2, 0.2, 0.2, 0.2, 0.2, 0.2, 0.2, 0.2, 0.2]
[0.2, 0.2, 0.2, 0.2, 0.2, 0.2, 0.2, 0.2, 0.2, 0.2, 0.2, 0.2, 0.2, 0.2, 0.2, 0.2, 0.2]
[0.2, 0.2, 0.2, 0.2, 0.2, 0.2, 0.2, 0.2, 0.2, 0.2, 0.2, 0.2, 0.2, 0.2, 0.2, 0.2, 0.2, 0.2]
[0.2, 0.2, 0.2, 0.2, 0.2, 0.2, 0.2, 0.2, 0.2, 0.2, 0.2, 0.2, 0.2, 0.2, 0.2, 0.2, 0.2, 0.2, 0.2]
[0.2, 0.2, 0.2, 0.2, 0.2, 0.2, 0.2, 0.2, 0.2, 0.2, 0.2, 0.2, 0.2, 0.2, 0.2, 0.2, 0.2, 0.2, 0.2, 0.2]
Total correct retain:  568  Total retain:  2500
Total correct forget:  9248  Total forget:  47500
Total correct test:  120  Total test:  500
Total correct forget test:  1834  Total test forget:  9500
[0.24]
[0.24, 0.2]
[0.24, 0.2, 0.21]
[0.24, 0.2, 0.21, 0.128]
[0.24, 0.2, 0.21, 0.128, 0.2]
[0.24, 0.2, 0.21, 0.128, 0.2, 0.25]
[0.24, 0.2, 0.21, 0.128, 0.2, 0.25, 0.184]
[0.24, 0.2, 0.21, 0.128, 0.2, 0.25, 0.184, 0.2]
[0.24, 0.2, 0.21, 0.128, 0.2, 0.25, 0.184, 0.2, 0.16]
[0.24, 0.2, 0.21, 0.128, 0.2, 0.25, 0.184, 0.2, 0.16, 0.146]
[0.24, 0.2, 0.21, 0.128, 0.2, 0.25, 0.184, 0.2, 0.16, 0.146, 0.19]
[0.24, 0.2, 0.21, 0.128, 0.2, 0.25, 0.184, 0.2, 0.16, 0.146, 0.19, 0.2]
[0.24, 0.2, 0.21, 0.128, 0.2, 0.25, 0.184, 0.2, 0.16, 0.146, 0.19, 0.2, 0.2]
[0.24, 0.2, 0.21, 0.128, 0.2, 0.25, 0.184, 0.2, 0.16, 0.146, 0.19, 0.2, 0.2, 0.2]
[0.24, 0.2, 0.21, 0.128, 0.2, 0.25, 0.184, 0.2, 0.16, 0.146, 0.19, 0.2, 0.2, 0.2, 0.2]
[0.24, 0.2, 0.21, 0.128, 0.2, 0.25, 0.184, 0.2, 0.16, 0.146, 0.19, 0.2, 0.2, 0.2, 0.2, 0.2]
[0.24, 0.2, 0.21, 0.128, 0.2, 0.25, 0.184, 0.2, 0.16, 0.146, 0.19, 0.2, 0.2, 0.2, 0.2, 0.2, 0.2]
[0.24, 0.2, 0.21, 0.128, 0.2, 0.25, 0.184, 0.2, 0.16, 0.146, 0.19, 0.2, 0.2, 0.2, 0.2, 0.2, 0.2, 0.2]
[0.24, 0.2, 0.21, 0.128, 0.2, 0.25, 0.184, 0.2, 0.16, 0.146, 0.19, 0.2, 0.2, 0.2, 0.2, 0.2, 0.2, 0.2, 0.2]
[0.24, 0.2, 0.21, 0.128, 0.2, 0.25, 0.184, 0.2, 0.16, 0.146, 0.19, 0.2, 0.2, 0.2, 0.2, 0.2, 0.2, 0.2, 0.2, 0.2]
Total correct retain:  475  Total retain:  2500
Total correct forget:  9543  Total forget:  47500
Total correct test:  95  Total test:  500
Total correct forget test:  1911  Total test forget:  9500
[0.19]
[0.19, 0.218]
[0.19, 0.218, 0.192]
[0.19, 0.218, 0.192, 0.2]
[0.19, 0.218, 0.192, 0.2, 0.196]
[0.19, 0.218, 0.192, 0.2, 0.196, 0.202]
[0.19, 0.218, 0.192, 0.2, 0.196, 0.202, 0.2]
[0.19, 0.218, 0.192, 0.2, 0.196, 0.202, 0.2, 0.198]
[0.19, 0.218, 0.192, 0.2, 0.196, 0.202, 0.2, 0.198, 0.216]
[0.19, 0.218, 0.192, 0.2, 0.196, 0.202, 0.2, 0.198, 0.216, 0.2]
[0.19, 0.218, 0.192, 0.2, 0.196, 0.202, 0.2, 0.198, 0.216, 0.2, 0.2]
[0.19, 0.218, 0.192, 0.2, 0.196, 0.202, 0.2, 0.198, 0.216, 0.2, 0.2, 0.2]
[0.19, 0.218, 0.192, 0.2, 0.196, 0.202, 0.2, 0.198, 0.216, 0.2, 0.2, 0.2, 0.2]
[0.19, 0.218, 0.192, 0.2, 0.196, 0.202, 0.2, 0.198, 0.216, 0.2, 0.2, 0.2, 0.2, 0.2]
[0.19, 0.218, 0.192, 0.2, 0.196, 0.202, 0.2, 0.198, 0.216, 0.2, 0.2, 0.2, 0.2, 0.2, 0.2]
[0.19, 0.218, 0.192, 0.2, 0.196, 0.202, 0.2, 0.198, 0.216, 0.2, 0.2, 0.2, 0.2, 0.2, 0.2, 0.2]
[0.19, 0.218, 0.192, 0.2, 0.196, 0.202, 0.2, 0.198, 0.216, 0.2, 0.2, 0.2, 0.2, 0.2, 0.2, 0.2, 0.2]
[0.19, 0.218, 0.192, 0.2, 0.196, 0.202, 0.2, 0.198, 0.216, 0.2, 0.2, 0.2, 0.2, 0.2, 0.2, 0.2, 0.2, 0.2]
[0.19, 0.218, 0.192, 0.2, 0.196, 0.202, 0.2, 0.198, 0.216, 0.2, 0.2, 0.2, 0.2, 0.2, 0.2, 0.2, 0.2, 0.2, 0.2]
[0.19, 0.218, 0.192, 0.2, 0.196, 0.202, 0.2, 0.198, 0.216, 0.2, 0.2, 0.2, 0.2, 0.2, 0.2, 0.2, 0.2, 0.2, 0.2, 0.2]
Total correct retain:  500  Total retain:  2500
Total correct forget:  9812  Total forget:  47500
Total correct test:  100  Total test:  500
Total correct forget test:  1967  Total test forget:  9500
[0.2]
[0.2, 0.2]
[0.2, 0.2, 0.23]
[0.2, 0.2, 0.23, 0.2]
[0.2, 0.2, 0.23, 0.2, 0.2]
[0.2, 0.2, 0.23, 0.2, 0.2, 0.2]
[0.2, 0.2, 0.23, 0.2, 0.2, 0.2, 0.192]
[0.2, 0.2, 0.23, 0.2, 0.2, 0.2, 0.192, 0.278]
[0.2, 0.2, 0.23, 0.2, 0.2, 0.2, 0.192, 0.278, 0.2]
[0.2, 0.2, 0.23, 0.2, 0.2, 0.2, 0.192, 0.278, 0.2, 0.234]
[0.2, 0.2, 0.23, 0.2, 0.2, 0.2, 0.192, 0.278, 0.2, 0.234, 0.2]
[0.2, 0.2, 0.23, 0.2, 0.2, 0.2, 0.192, 0.278, 0.2, 0.234, 0.2, 0.2]
[0.2, 0.2, 0.23, 0.2, 0.2, 0.2, 0.192, 0.278, 0.2, 0.234, 0.2, 0.2, 0.2]
[0.2, 0.2, 0.23, 0.2, 0.2, 0.2, 0.192, 0.278, 0.2, 0.234, 0.2, 0.2, 0.2, 0.2]
[0.2, 0.2, 0.23, 0.2, 0.2, 0.2, 0.192, 0.278, 0.2, 0.234, 0.2, 0.2, 0.2, 0.2, 0.2]
[0.2, 0.2, 0.23, 0.2, 0.2, 0.2, 0.192, 0.278, 0.2, 0.234, 0.2, 0.2, 0.2, 0.2, 0.2, 0.2]
[0.2, 0.2, 0.23, 0.2, 0.2, 0.2, 0.192, 0.278, 0.2, 0.234, 0.2, 0.2, 0.2, 0.2, 0.2, 0.2, 0.2]
[0.2, 0.2, 0.23, 0.2, 0.2, 0.2, 0.192, 0.278, 0.2, 0.234, 0.2, 0.2, 0.2, 0.2, 0.2, 0.2, 0.2, 0.2]
[0.2, 0.2, 0.23, 0.2, 0.2, 0.2, 0.192, 0.278, 0.2, 0.234, 0.2, 0.2, 0.2, 0.2, 0.2, 0.2, 0.2, 0.2, 0.2]
[0.2, 0.2, 0.23, 0.2, 0.2, 0.2, 0.192, 0.278, 0.2, 0.234, 0.2, 0.2, 0.2, 0.2, 0.2, 0.2, 0.2, 0.2, 0.2, 0.2]
Total correct retain:  500  Total retain:  2500
Total correct forget:  9500  Total forget:  47500
Total correct test:  100  Total test:  500
Total correct forget test:  1900  Total test forget:  9500
[0.2]
[0.2, 0.2]
[0.2, 0.2, 0.2]
[0.2, 0.2, 0.2, 0.2]
[0.2, 0.2, 0.2, 0.2, 0.2]
[0.2, 0.2, 0.2, 0.2, 0.2, 0.2]
[0.2, 0.2, 0.2, 0.2, 0.2, 0.2, 0.2]
[0.2, 0.2, 0.2, 0.2, 0.2, 0.2, 0.2, 0.2]
[0.2, 0.2, 0.2, 0.2, 0.2, 0.2, 0.2, 0.2, 0.2]
[0.2, 0.2, 0.2, 0.2, 0.2, 0.2, 0.2, 0.2, 0.2, 0.2]
[0.2, 0.2, 0.2, 0.2, 0.2, 0.2, 0.2, 0.2, 0.2, 0.2, 0.2]
[0.2, 0.2, 0.2, 0.2, 0.2, 0.2, 0.2, 0.2, 0.2, 0.2, 0.2, 0.2]
[0.2, 0.2, 0.2, 0.2, 0.2, 0.2, 0.2, 0.2, 0.2, 0.2, 0.2, 0.2, 0.2]
[0.2, 0.2, 0.2, 0.2, 0.2, 0.2, 0.2, 0.2, 0.2, 0.2, 0.2, 0.2, 0.2, 0.2]
[0.2, 0.2, 0.2, 0.2, 0.2, 0.2, 0.2, 0.2, 0.2, 0.2, 0.2, 0.2, 0.2, 0.2, 0.2]
[0.2, 0.2, 0.2, 0.2, 0.2, 0.2, 0.2, 0.2, 0.2, 0.2, 0.2, 0.2, 0.2, 0.2, 0.2, 0.2]
[0.2, 0.2, 0.2, 0.2, 0.2, 0.2, 0.2, 0.2, 0.2, 0.2, 0.2, 0.2, 0.2, 0.2, 0.2, 0.2, 0.2]
[0.2, 0.2, 0.2, 0.2, 0.2, 0.2, 0.2, 0.2, 0.2, 0.2, 0.2, 0.2, 0.2, 0.2, 0.2, 0.2, 0.2, 0.2]
[0.2, 0.2, 0.2, 0.2, 0.2, 0.2, 0.2, 0.2, 0.2, 0.2, 0.2, 0.2, 0.2, 0.2, 0.2, 0.2, 0.2, 0.2, 0.2]
[0.2, 0.2, 0.2, 0.2, 0.2, 0.2, 0.2, 0.2, 0.2, 0.2, 0.2, 0.2, 0.2, 0.2, 0.2, 0.2, 0.2, 0.2, 0.2, 0.2]
Total correct retain:  500  Total retain:  2500
Total correct forget:  9500  Total forget:  47500
Total correct test:  100  Total test:  500
Total correct forget test:  1900  Total test forget:  9500
[0.2]
[0.2, 0.2]
[0.2, 0.2, 0.2]
[0.2, 0.2, 0.2, 0.2]
[0.2, 0.2, 0.2, 0.2, 0.2]
[0.2, 0.2, 0.2, 0.2, 0.2, 0.2]
[0.2, 0.2, 0.2, 0.2, 0.2, 0.2, 0.2]
[0.2, 0.2, 0.2, 0.2, 0.2, 0.2, 0.2, 0.2]
[0.2, 0.2, 0.2, 0.2, 0.2, 0.2, 0.2, 0.2, 0.2]
[0.2, 0.2, 0.2, 0.2, 0.2, 0.2, 0.2, 0.2, 0.2, 0.2]
[0.2, 0.2, 0.2, 0.2, 0.2, 0.2, 0.2, 0.2, 0.2, 0.2, 0.2]
[0.2, 0.2, 0.2, 0.2, 0.2, 0.2, 0.2, 0.2, 0.2, 0.2, 0.2, 0.2]
[0.2, 0.2, 0.2, 0.2, 0.2, 0.2, 0.2, 0.2, 0.2, 0.2, 0.2, 0.2, 0.2]
[0.2, 0.2, 0.2, 0.2, 0.2, 0.2, 0.2, 0.2, 0.2, 0.2, 0.2, 0.2, 0.2, 0.2]
[0.2, 0.2, 0.2, 0.2, 0.2, 0.2, 0.2, 0.2, 0.2, 0.2, 0.2, 0.2, 0.2, 0.2, 0.2]
[0.2, 0.2, 0.2, 0.2, 0.2, 0.2, 0.2, 0.2, 0.2, 0.2, 0.2, 0.2, 0.2, 0.2, 0.2, 0.2]
[0.2, 0.2, 0.2, 0.2, 0.2, 0.2, 0.2, 0.2, 0.2, 0.2, 0.2, 0.2, 0.2, 0.2, 0.2, 0.2, 0.2]
[0.2, 0.2, 0.2, 0.2, 0.2, 0.2, 0.2, 0.2, 0.2, 0.2, 0.2, 0.2, 0.2, 0.2, 0.2, 0.2, 0.2, 0.2]
[0.2, 0.2, 0.2, 0.2, 0.2, 0.2, 0.2, 0.2, 0.2, 0.2, 0.2, 0.2, 0.2, 0.2, 0.2, 0.2, 0.2, 0.2, 0.2]
[0.2, 0.2, 0.2, 0.2, 0.2, 0.2, 0.2, 0.2, 0.2, 0.2, 0.2, 0.2, 0.2, 0.2, 0.2, 0.2, 0.2, 0.2, 0.2, 0.2]
Total correct retain:  500  Total retain:  2500
Total correct forget:  9500  Total forget:  47500
Total correct test:  100  Total test:  500
Total correct forget test:  1900  Total test forget:  9500
[0.2]
[0.2, 0.2]
[0.2, 0.2, 0.2]
[0.2, 0.2, 0.2, 0.2]
[0.2, 0.2, 0.2, 0.2, 0.2]
[0.2, 0.2, 0.2, 0.2, 0.2, 0.2]
[0.2, 0.2, 0.2, 0.2, 0.2, 0.2, 0.2]
[0.2, 0.2, 0.2, 0.2, 0.2, 0.2, 0.2, 0.2]
[0.2, 0.2, 0.2, 0.2, 0.2, 0.2, 0.2, 0.2, 0.2]
[0.2, 0.2, 0.2, 0.2, 0.2, 0.2, 0.2, 0.2, 0.2, 0.2]
[0.2, 0.2, 0.2, 0.2, 0.2, 0.2, 0.2, 0.2, 0.2, 0.2, 0.2]
[0.2, 0.2, 0.2, 0.2, 0.2, 0.2, 0.2, 0.2, 0.2, 0.2, 0.2, 0.2]
[0.2, 0.2, 0.2, 0.2, 0.2, 0.2, 0.2, 0.2, 0.2, 0.2, 0.2, 0.2, 0.2]
[0.2, 0.2, 0.2, 0.2, 0.2, 0.2, 0.2, 0.2, 0.2, 0.2, 0.2, 0.2, 0.2, 0.2]
[0.2, 0.2, 0.2, 0.2, 0.2, 0.2, 0.2, 0.2, 0.2, 0.2, 0.2, 0.2, 0.2, 0.2, 0.2]
[0.2, 0.2, 0.2, 0.2, 0.2, 0.2, 0.2, 0.2, 0.2, 0.2, 0.2, 0.2, 0.2, 0.2, 0.2, 0.2]
[0.2, 0.2, 0.2, 0.2, 0.2, 0.2, 0.2, 0.2, 0.2, 0.2, 0.2, 0.2, 0.2, 0.2, 0.2, 0.2, 0.2]
[0.2, 0.2, 0.2, 0.2, 0.2, 0.2, 0.2, 0.2, 0.2, 0.2, 0.2, 0.2, 0.2, 0.2, 0.2, 0.2, 0.2, 0.2]
[0.2, 0.2, 0.2, 0.2, 0.2, 0.2, 0.2, 0.2, 0.2, 0.2, 0.2, 0.2, 0.2, 0.2, 0.2, 0.2, 0.2, 0.2, 0.2]
[0.2, 0.2, 0.2, 0.2, 0.2, 0.2, 0.2, 0.2, 0.2, 0.2, 0.2, 0.2, 0.2, 0.2, 0.2, 0.2, 0.2, 0.2, 0.2, 0.2]
Total correct retain:  500  Total retain:  2500
Total correct forget:  9500  Total forget:  47500
Total correct test:  100  Total test:  500
Total correct forget test:  1900  Total test forget:  9500
[0.2]
[0.2, 0.2]
[0.2, 0.2, 0.2]
[0.2, 0.2, 0.2, 0.2]
[0.2, 0.2, 0.2, 0.2, 0.2]
[0.2, 0.2, 0.2, 0.2, 0.2, 0.2]
[0.2, 0.2, 0.2, 0.2, 0.2, 0.2, 0.2]
[0.2, 0.2, 0.2, 0.2, 0.2, 0.2, 0.2, 0.2]
[0.2, 0.2, 0.2, 0.2, 0.2, 0.2, 0.2, 0.2, 0.2]
[0.2, 0.2, 0.2, 0.2, 0.2, 0.2, 0.2, 0.2, 0.2, 0.2]
[0.2, 0.2, 0.2, 0.2, 0.2, 0.2, 0.2, 0.2, 0.2, 0.2, 0.2]
[0.2, 0.2, 0.2, 0.2, 0.2, 0.2, 0.2, 0.2, 0.2, 0.2, 0.2, 0.2]
[0.2, 0.2, 0.2, 0.2, 0.2, 0.2, 0.2, 0.2, 0.2, 0.2, 0.2, 0.2, 0.2]
[0.2, 0.2, 0.2, 0.2, 0.2, 0.2, 0.2, 0.2, 0.2, 0.2, 0.2, 0.2, 0.2, 0.2]
[0.2, 0.2, 0.2, 0.2, 0.2, 0.2, 0.2, 0.2, 0.2, 0.2, 0.2, 0.2, 0.2, 0.2, 0.2]
[0.2, 0.2, 0.2, 0.2, 0.2, 0.2, 0.2, 0.2, 0.2, 0.2, 0.2, 0.2, 0.2, 0.2, 0.2, 0.2]
[0.2, 0.2, 0.2, 0.2, 0.2, 0.2, 0.2, 0.2, 0.2, 0.2, 0.2, 0.2, 0.2, 0.2, 0.2, 0.2, 0.2]
[0.2, 0.2, 0.2, 0.2, 0.2, 0.2, 0.2, 0.2, 0.2, 0.2, 0.2, 0.2, 0.2, 0.2, 0.2, 0.2, 0.2, 0.2]
[0.2, 0.2, 0.2, 0.2, 0.2, 0.2, 0.2, 0.2, 0.2, 0.2, 0.2, 0.2, 0.2, 0.2, 0.2, 0.2, 0.2, 0.2, 0.2]
[0.2, 0.2, 0.2, 0.2, 0.2, 0.2, 0.2, 0.2, 0.2, 0.2, 0.2, 0.2, 0.2, 0.2, 0.2, 0.2, 0.2, 0.2, 0.2, 0.2]
Total correct retain:  500  Total retain:  2500
Total correct forget:  9500  Total forget:  47500
Total correct test:  100  Total test:  500
Total correct forget test:  1900  Total test forget:  9500
[0.2]
[0.2, 0.2]
[0.2, 0.2, 0.2]
[0.2, 0.2, 0.2, 0.2]
[0.2, 0.2, 0.2, 0.2, 0.2]
[0.2, 0.2, 0.2, 0.2, 0.2, 0.2]
[0.2, 0.2, 0.2, 0.2, 0.2, 0.2, 0.2]
[0.2, 0.2, 0.2, 0.2, 0.2, 0.2, 0.2, 0.2]
[0.2, 0.2, 0.2, 0.2, 0.2, 0.2, 0.2, 0.2, 0.2]
[0.2, 0.2, 0.2, 0.2, 0.2, 0.2, 0.2, 0.2, 0.2, 0.2]
[0.2, 0.2, 0.2, 0.2, 0.2, 0.2, 0.2, 0.2, 0.2, 0.2, 0.2]
[0.2, 0.2, 0.2, 0.2, 0.2, 0.2, 0.2, 0.2, 0.2, 0.2, 0.2, 0.2]
[0.2, 0.2, 0.2, 0.2, 0.2, 0.2, 0.2, 0.2, 0.2, 0.2, 0.2, 0.2, 0.2]
[0.2, 0.2, 0.2, 0.2, 0.2, 0.2, 0.2, 0.2, 0.2, 0.2, 0.2, 0.2, 0.2, 0.2]
[0.2, 0.2, 0.2, 0.2, 0.2, 0.2, 0.2, 0.2, 0.2, 0.2, 0.2, 0.2, 0.2, 0.2, 0.2]
[0.2, 0.2, 0.2, 0.2, 0.2, 0.2, 0.2, 0.2, 0.2, 0.2, 0.2, 0.2, 0.2, 0.2, 0.2, 0.2]
[0.2, 0.2, 0.2, 0.2, 0.2, 0.2, 0.2, 0.2, 0.2, 0.2, 0.2, 0.2, 0.2, 0.2, 0.2, 0.2, 0.2]
[0.2, 0.2, 0.2, 0.2, 0.2, 0.2, 0.2, 0.2, 0.2, 0.2, 0.2, 0.2, 0.2, 0.2, 0.2, 0.2, 0.2, 0.2]
[0.2, 0.2, 0.2, 0.2, 0.2, 0.2, 0.2, 0.2, 0.2, 0.2, 0.2, 0.2, 0.2, 0.2, 0.2, 0.2, 0.2, 0.2, 0.2]
[0.2, 0.2, 0.2, 0.2, 0.2, 0.2, 0.2, 0.2, 0.2, 0.2, 0.2, 0.2, 0.2, 0.2, 0.2, 0.2, 0.2, 0.2, 0.2, 0.2]
Total correct retain:  500  Total retain:  2500
Total correct forget:  9500  Total forget:  47500
Total correct test:  100  Total test:  500
Total correct forget test:  1900  Total test forget:  9500
[0.2]
[0.2, 0.2]
[0.2, 0.2, 0.2]
[0.2, 0.2, 0.2, 0.2]
[0.2, 0.2, 0.2, 0.2, 0.2]
[0.2, 0.2, 0.2, 0.2, 0.2, 0.2]
[0.2, 0.2, 0.2, 0.2, 0.2, 0.2, 0.2]
[0.2, 0.2, 0.2, 0.2, 0.2, 0.2, 0.2, 0.2]
[0.2, 0.2, 0.2, 0.2, 0.2, 0.2, 0.2, 0.2, 0.2]
[0.2, 0.2, 0.2, 0.2, 0.2, 0.2, 0.2, 0.2, 0.2, 0.2]
[0.2, 0.2, 0.2, 0.2, 0.2, 0.2, 0.2, 0.2, 0.2, 0.2, 0.2]
[0.2, 0.2, 0.2, 0.2, 0.2, 0.2, 0.2, 0.2, 0.2, 0.2, 0.2, 0.2]
[0.2, 0.2, 0.2, 0.2, 0.2, 0.2, 0.2, 0.2, 0.2, 0.2, 0.2, 0.2, 0.2]
[0.2, 0.2, 0.2, 0.2, 0.2, 0.2, 0.2, 0.2, 0.2, 0.2, 0.2, 0.2, 0.2, 0.2]
[0.2, 0.2, 0.2, 0.2, 0.2, 0.2, 0.2, 0.2, 0.2, 0.2, 0.2, 0.2, 0.2, 0.2, 0.2]
[0.2, 0.2, 0.2, 0.2, 0.2, 0.2, 0.2, 0.2, 0.2, 0.2, 0.2, 0.2, 0.2, 0.2, 0.2, 0.2]
[0.2, 0.2, 0.2, 0.2, 0.2, 0.2, 0.2, 0.2, 0.2, 0.2, 0.2, 0.2, 0.2, 0.2, 0.2, 0.2, 0.2]
[0.2, 0.2, 0.2, 0.2, 0.2, 0.2, 0.2, 0.2, 0.2, 0.2, 0.2, 0.2, 0.2, 0.2, 0.2, 0.2, 0.2, 0.2]
[0.2, 0.2, 0.2, 0.2, 0.2, 0.2, 0.2, 0.2, 0.2, 0.2, 0.2, 0.2, 0.2, 0.2, 0.2, 0.2, 0.2, 0.2, 0.2]
[0.2, 0.2, 0.2, 0.2, 0.2, 0.2, 0.2, 0.2, 0.2, 0.2, 0.2, 0.2, 0.2, 0.2, 0.2, 0.2, 0.2, 0.2, 0.2, 0.2]
Total correct retain:  500  Total retain:  2500
Total correct forget:  9500  Total forget:  47500
Total correct test:  100  Total test:  500
Total correct forget test:  1900  Total test forget:  9500
[0.2]
[0.2, 0.2]
[0.2, 0.2, 0.2]
[0.2, 0.2, 0.2, 0.2]
[0.2, 0.2, 0.2, 0.2, 0.2]
[0.2, 0.2, 0.2, 0.2, 0.2, 0.2]
[0.2, 0.2, 0.2, 0.2, 0.2, 0.2, 0.2]
[0.2, 0.2, 0.2, 0.2, 0.2, 0.2, 0.2, 0.2]
[0.2, 0.2, 0.2, 0.2, 0.2, 0.2, 0.2, 0.2, 0.2]
[0.2, 0.2, 0.2, 0.2, 0.2, 0.2, 0.2, 0.2, 0.2, 0.2]
[0.2, 0.2, 0.2, 0.2, 0.2, 0.2, 0.2, 0.2, 0.2, 0.2, 0.2]
[0.2, 0.2, 0.2, 0.2, 0.2, 0.2, 0.2, 0.2, 0.2, 0.2, 0.2, 0.2]
[0.2, 0.2, 0.2, 0.2, 0.2, 0.2, 0.2, 0.2, 0.2, 0.2, 0.2, 0.2, 0.2]
[0.2, 0.2, 0.2, 0.2, 0.2, 0.2, 0.2, 0.2, 0.2, 0.2, 0.2, 0.2, 0.2, 0.2]
[0.2, 0.2, 0.2, 0.2, 0.2, 0.2, 0.2, 0.2, 0.2, 0.2, 0.2, 0.2, 0.2, 0.2, 0.2]
[0.2, 0.2, 0.2, 0.2, 0.2, 0.2, 0.2, 0.2, 0.2, 0.2, 0.2, 0.2, 0.2, 0.2, 0.2, 0.2]
[0.2, 0.2, 0.2, 0.2, 0.2, 0.2, 0.2, 0.2, 0.2, 0.2, 0.2, 0.2, 0.2, 0.2, 0.2, 0.2, 0.2]
[0.2, 0.2, 0.2, 0.2, 0.2, 0.2, 0.2, 0.2, 0.2, 0.2, 0.2, 0.2, 0.2, 0.2, 0.2, 0.2, 0.2, 0.2]
[0.2, 0.2, 0.2, 0.2, 0.2, 0.2, 0.2, 0.2, 0.2, 0.2, 0.2, 0.2, 0.2, 0.2, 0.2, 0.2, 0.2, 0.2, 0.2]
[0.2, 0.2, 0.2, 0.2, 0.2, 0.2, 0.2, 0.2, 0.2, 0.2, 0.2, 0.2, 0.2, 0.2, 0.2, 0.2, 0.2, 0.2, 0.2, 0.2]
