Requirement already satisfied: pyyaml in /usr/lib64/python3.12/site-packages (6.0.1)
Requirement already satisfied: setuptools in /usr/lib/python3.12/site-packages (68.2.2)
Requirement already satisfied: matplotlib in /dcs/21/u2145461/.local/lib/python3.12/site-packages (3.10.1)
Requirement already satisfied: contourpy>=1.0.1 in /dcs/21/u2145461/.local/lib/python3.12/site-packages (from matplotlib) (1.3.1)
Requirement already satisfied: cycler>=0.10 in /dcs/21/u2145461/.local/lib/python3.12/site-packages (from matplotlib) (0.12.1)
Requirement already satisfied: fonttools>=4.22.0 in /dcs/21/u2145461/.local/lib/python3.12/site-packages (from matplotlib) (4.56.0)
Requirement already satisfied: kiwisolver>=1.3.1 in /dcs/21/u2145461/.local/lib/python3.12/site-packages (from matplotlib) (1.4.8)
Requirement already satisfied: numpy>=1.23 in /dcs/21/u2145461/.local/lib/python3.12/site-packages (from matplotlib) (2.2.3)
Requirement already satisfied: packaging>=20.0 in /dcs/21/u2145461/.local/lib/python3.12/site-packages (from matplotlib) (24.2)
Requirement already satisfied: pillow>=8 in /dcs/21/u2145461/.local/lib/python3.12/site-packages (from matplotlib) (11.0.0)
Requirement already satisfied: pyparsing>=2.3.1 in /dcs/21/u2145461/.local/lib/python3.12/site-packages (from matplotlib) (3.2.1)
Requirement already satisfied: python-dateutil>=2.7 in /dcs/21/u2145461/.local/lib/python3.12/site-packages (from matplotlib) (2.9.0.post0)
Requirement already satisfied: six>=1.5 in /dcs/21/u2145461/.local/lib/python3.12/site-packages (from python-dateutil>=2.7->matplotlib) (1.17.0)
Requirement already satisfied: quadprog in /dcs/21/u2145461/.local/lib/python3.12/site-packages (0.1.13)
Requirement already satisfied: numpy in /dcs/21/u2145461/.local/lib/python3.12/site-packages (from quadprog) (2.2.3)
Requirement already satisfied: pyparsing in /dcs/21/u2145461/.local/lib/python3.12/site-packages (3.2.1)
Requirement already satisfied: pandas in /dcs/21/u2145461/.local/lib/python3.12/site-packages (2.2.3)
Requirement already satisfied: numpy>=1.26.0 in /dcs/21/u2145461/.local/lib/python3.12/site-packages (from pandas) (2.2.3)
Requirement already satisfied: python-dateutil>=2.8.2 in /dcs/21/u2145461/.local/lib/python3.12/site-packages (from pandas) (2.9.0.post0)
Requirement already satisfied: pytz>=2020.1 in /dcs/21/u2145461/.local/lib/python3.12/site-packages (from pandas) (2025.1)
Requirement already satisfied: tzdata>=2022.7 in /dcs/21/u2145461/.local/lib/python3.12/site-packages (from pandas) (2025.1)
Requirement already satisfied: six>=1.5 in /dcs/21/u2145461/.local/lib/python3.12/site-packages (from python-dateutil>=2.8.2->pandas) (1.17.0)
Requirement already satisfied: numpy in /dcs/21/u2145461/.local/lib/python3.12/site-packages (2.2.3)
Fri Apr  4 21:02:40 2025       
+-----------------------------------------------------------------------------------------+
| NVIDIA-SMI 550.144.03             Driver Version: 550.144.03     CUDA Version: 12.4     |
|-----------------------------------------+------------------------+----------------------+
| GPU  Name                 Persistence-M | Bus-Id          Disp.A | Volatile Uncorr. ECC |
| Fan  Temp   Perf          Pwr:Usage/Cap |           Memory-Usage | GPU-Util  Compute M. |
|                                         |                        |               MIG M. |
|=========================================+========================+======================|
|   0  NVIDIA A10                     On  |   00000000:E1:00.0 Off |                    0 |
|  0%   26C    P8             15W /  150W |       1MiB /  23028MiB |      0%      Default |
|                                         |                        |                  N/A |
+-----------------------------------------+------------------------+----------------------+
                                                                                         
+-----------------------------------------------------------------------------------------+
| Processes:                                                                              |
|  GPU   GI   CI        PID   Type   Process name                              GPU Memory |
|        ID   ID                                                               Usage      |
|=========================================================================================|
|  No running processes found                                                             |
+-----------------------------------------------------------------------------------------+
Python 3.12.8
./cifar-100-python/train
./cifar-100-python/test
Unlearn Batch Size:  16
Unlearn MEM Strength:  0.6
cifar-100-python/train
cifar-100-python/test
new ordering of classes:  ['rabbit', 'raccoon', 'train', 'pine', 'aquarium fish', 'beaver', 'bear', 'bed', 'oak', 'cups', 'streetcar', 'flatfish', 'forest', 'porcupine', 'crab', 'willow', 'camel', 'ray', 'tulips', 'seal', 'roses', 'computer keyboard', 'woman', 'plain', 'mountain', 'lawn-mower', 'dinosaur', 'cockroach', 'sea', 'snail', 'sweet peppers', 'apples', 'chimpanzee', 'clock', 'butterfly', 'bus', 'man', 'skyscraper', 'caterpillar', 'wardrobe', 'beetle', 'mushrooms', 'whale', 'pears', 'orchids', 'hamster', 'crocodile', 'otter', 'elephant', 'worm', 'baby', 'snake', 'lizard', 'boy', 'kangaroo', 'turtle', 'cattle', 'bowls', 'lamp', 'pickup truck', 'trout', 'tractor', 'plates', 'skunk', 'couch', 'girl', 'house', 'motorcycle', 'spider', 'rocket', 'mouse', 'castle', 'tiger', 'bottles', 'cans', 'leopard', 'possum', 'sunflowers', 'palm', 'bee', 'cloud', 'chair', 'squirrel', 'television', 'lobster', 'bridge', 'tank', 'lion', 'telephone', 'fox', 'dolphin', 'wolf', 'poppies', 'shrew', 'table', 'road', 'bicycle', 'maple', 'oranges', 'shark']
Training task:  1
[0.596, 0.234, 0.208, 0.23, 0.108, 0.204, 0.254, 0.256, 0.198, 0.212, 0.2, 0.128, 0.204, 0.1, 0.166, 0.22, 0.212, 0.208, 0.166, 0.25]
Training task:  2
[0.626, 0.62, 0.196, 0.2, 0.358, 0.172, 0.188, 0.312, 0.216, 0.216, 0.194, 0.198, 0.18, 0.122, 0.18, 0.152, 0.16, 0.214, 0.228, 0.234]
Training task:  3
[0.594, 0.494, 0.664, 0.282, 0.226, 0.136, 0.202, 0.242, 0.192, 0.258, 0.184, 0.178, 0.202, 0.126, 0.19, 0.162, 0.192, 0.142, 0.204, 0.28]
Training task:  4
[0.638, 0.604, 0.654, 0.686, 0.24, 0.212, 0.204, 0.17, 0.262, 0.208, 0.146, 0.164, 0.24, 0.126, 0.198, 0.144, 0.21, 0.158, 0.162, 0.374]
Training task:  5
[0.594, 0.572, 0.616, 0.7, 0.732, 0.172, 0.228, 0.204, 0.216, 0.236, 0.17, 0.154, 0.216, 0.116, 0.208, 0.196, 0.212, 0.18, 0.15, 0.312]
Training task:  6
[0.586, 0.57, 0.612, 0.662, 0.72, 0.822, 0.246, 0.18, 0.214, 0.212, 0.166, 0.152, 0.194, 0.132, 0.166, 0.196, 0.244, 0.19, 0.186, 0.326]
Training task:  7
[0.608, 0.526, 0.56, 0.666, 0.748, 0.762, 0.72, 0.182, 0.188, 0.22, 0.146, 0.19, 0.176, 0.118, 0.186, 0.182, 0.186, 0.164, 0.186, 0.334]
Training task:  8
[0.612, 0.594, 0.576, 0.712, 0.788, 0.772, 0.654, 0.846, 0.192, 0.196, 0.154, 0.156, 0.188, 0.154, 0.164, 0.192, 0.184, 0.148, 0.18, 0.318]
Training task:  9
[0.56, 0.566, 0.524, 0.7, 0.722, 0.76, 0.658, 0.794, 0.778, 0.232, 0.15, 0.162, 0.2, 0.146, 0.184, 0.202, 0.158, 0.148, 0.2, 0.282]
Training task:  10
[0.582, 0.544, 0.528, 0.684, 0.764, 0.716, 0.59, 0.782, 0.736, 0.684, 0.15, 0.14, 0.158, 0.138, 0.192, 0.188, 0.14, 0.146, 0.202, 0.28]
Training task:  11
[0.514, 0.544, 0.53, 0.676, 0.774, 0.71, 0.538, 0.752, 0.656, 0.598, 0.536, 0.174, 0.194, 0.152, 0.168, 0.192, 0.152, 0.154, 0.164, 0.246]
Training task:  12
[0.576, 0.51, 0.59, 0.686, 0.752, 0.718, 0.54, 0.772, 0.65, 0.63, 0.61, 0.724, 0.156, 0.124, 0.198, 0.198, 0.16, 0.102, 0.196, 0.316]
Training task:  13
[0.592, 0.56, 0.556, 0.674, 0.676, 0.744, 0.576, 0.738, 0.672, 0.642, 0.548, 0.716, 0.82, 0.146, 0.224, 0.19, 0.144, 0.136, 0.2, 0.336]
Training task:  14
[0.614, 0.532, 0.58, 0.664, 0.72, 0.776, 0.578, 0.768, 0.686, 0.626, 0.542, 0.672, 0.748, 0.792, 0.188, 0.19, 0.18, 0.13, 0.266, 0.268]
Training task:  15
[0.604, 0.568, 0.582, 0.69, 0.72, 0.79, 0.586, 0.754, 0.68, 0.618, 0.516, 0.676, 0.754, 0.688, 0.782, 0.186, 0.168, 0.122, 0.192, 0.312]
Training task:  16
[0.618, 0.592, 0.59, 0.68, 0.732, 0.742, 0.602, 0.714, 0.668, 0.604, 0.54, 0.66, 0.734, 0.704, 0.74, 0.746, 0.156, 0.134, 0.206, 0.334]
Training task:  17
[0.574, 0.564, 0.594, 0.676, 0.75, 0.768, 0.568, 0.762, 0.684, 0.626, 0.514, 0.684, 0.744, 0.728, 0.708, 0.722, 0.81, 0.148, 0.202, 0.312]
Training task:  18
[0.628, 0.596, 0.638, 0.684, 0.74, 0.782, 0.566, 0.788, 0.694, 0.63, 0.512, 0.652, 0.732, 0.712, 0.716, 0.714, 0.732, 0.826, 0.196, 0.25]
Training task:  19
[0.626, 0.608, 0.608, 0.672, 0.756, 0.756, 0.586, 0.776, 0.702, 0.652, 0.57, 0.682, 0.708, 0.682, 0.72, 0.72, 0.712, 0.77, 0.736, 0.288]
Training task:  20
[0.644, 0.62, 0.59, 0.708, 0.772, 0.756, 0.568, 0.776, 0.714, 0.64, 0.586, 0.682, 0.712, 0.706, 0.668, 0.72, 0.712, 0.762, 0.73, 0.898]
Unlearning task:  20
Total correct retain:  1702  Total retain:  2500
Total correct forget:  37250  Total forget:  47500
Total correct test:  322  Total test:  500
Total correct forget test:  6660  Total test forget:  9500
[0.644]
[0.644, 0.62]
[0.644, 0.62, 0.59]
[0.644, 0.62, 0.59, 0.708]
[0.644, 0.62, 0.59, 0.708, 0.772]
[0.644, 0.62, 0.59, 0.708, 0.772, 0.756]
[0.644, 0.62, 0.59, 0.708, 0.772, 0.756, 0.568]
[0.644, 0.62, 0.59, 0.708, 0.772, 0.756, 0.568, 0.776]
[0.644, 0.62, 0.59, 0.708, 0.772, 0.756, 0.568, 0.776, 0.714]
[0.644, 0.62, 0.59, 0.708, 0.772, 0.756, 0.568, 0.776, 0.714, 0.64]
[0.644, 0.62, 0.59, 0.708, 0.772, 0.756, 0.568, 0.776, 0.714, 0.64, 0.586]
[0.644, 0.62, 0.59, 0.708, 0.772, 0.756, 0.568, 0.776, 0.714, 0.64, 0.586, 0.682]
[0.644, 0.62, 0.59, 0.708, 0.772, 0.756, 0.568, 0.776, 0.714, 0.64, 0.586, 0.682, 0.712]
[0.644, 0.62, 0.59, 0.708, 0.772, 0.756, 0.568, 0.776, 0.714, 0.64, 0.586, 0.682, 0.712, 0.706]
[0.644, 0.62, 0.59, 0.708, 0.772, 0.756, 0.568, 0.776, 0.714, 0.64, 0.586, 0.682, 0.712, 0.706, 0.668]
[0.644, 0.62, 0.59, 0.708, 0.772, 0.756, 0.568, 0.776, 0.714, 0.64, 0.586, 0.682, 0.712, 0.706, 0.668, 0.72]
[0.644, 0.62, 0.59, 0.708, 0.772, 0.756, 0.568, 0.776, 0.714, 0.64, 0.586, 0.682, 0.712, 0.706, 0.668, 0.72, 0.712]
[0.644, 0.62, 0.59, 0.708, 0.772, 0.756, 0.568, 0.776, 0.714, 0.64, 0.586, 0.682, 0.712, 0.706, 0.668, 0.72, 0.712, 0.762]
[0.644, 0.62, 0.59, 0.708, 0.772, 0.756, 0.568, 0.776, 0.714, 0.64, 0.586, 0.682, 0.712, 0.706, 0.668, 0.72, 0.712, 0.762, 0.73]
[0.644, 0.62, 0.59, 0.708, 0.772, 0.756, 0.568, 0.776, 0.714, 0.64, 0.586, 0.682, 0.712, 0.706, 0.668, 0.72, 0.712, 0.762, 0.73, 0.898]
Total correct retain:  1701  Total retain:  2500
Total correct forget:  37253  Total forget:  47500
Total correct test:  322  Total test:  500
Total correct forget test:  6652  Total test forget:  9500
[0.644]
[0.644, 0.622]
[0.644, 0.622, 0.598]
[0.644, 0.622, 0.598, 0.71]
[0.644, 0.622, 0.598, 0.71, 0.768]
[0.644, 0.622, 0.598, 0.71, 0.768, 0.742]
[0.644, 0.622, 0.598, 0.71, 0.768, 0.742, 0.57]
[0.644, 0.622, 0.598, 0.71, 0.768, 0.742, 0.57, 0.77]
[0.644, 0.622, 0.598, 0.71, 0.768, 0.742, 0.57, 0.77, 0.706]
[0.644, 0.622, 0.598, 0.71, 0.768, 0.742, 0.57, 0.77, 0.706, 0.634]
[0.644, 0.622, 0.598, 0.71, 0.768, 0.742, 0.57, 0.77, 0.706, 0.634, 0.582]
[0.644, 0.622, 0.598, 0.71, 0.768, 0.742, 0.57, 0.77, 0.706, 0.634, 0.582, 0.672]
[0.644, 0.622, 0.598, 0.71, 0.768, 0.742, 0.57, 0.77, 0.706, 0.634, 0.582, 0.672, 0.714]
[0.644, 0.622, 0.598, 0.71, 0.768, 0.742, 0.57, 0.77, 0.706, 0.634, 0.582, 0.672, 0.714, 0.712]
[0.644, 0.622, 0.598, 0.71, 0.768, 0.742, 0.57, 0.77, 0.706, 0.634, 0.582, 0.672, 0.714, 0.712, 0.672]
[0.644, 0.622, 0.598, 0.71, 0.768, 0.742, 0.57, 0.77, 0.706, 0.634, 0.582, 0.672, 0.714, 0.712, 0.672, 0.73]
[0.644, 0.622, 0.598, 0.71, 0.768, 0.742, 0.57, 0.77, 0.706, 0.634, 0.582, 0.672, 0.714, 0.712, 0.672, 0.73, 0.712]
[0.644, 0.622, 0.598, 0.71, 0.768, 0.742, 0.57, 0.77, 0.706, 0.634, 0.582, 0.672, 0.714, 0.712, 0.672, 0.73, 0.712, 0.768]
[0.644, 0.622, 0.598, 0.71, 0.768, 0.742, 0.57, 0.77, 0.706, 0.634, 0.582, 0.672, 0.714, 0.712, 0.672, 0.73, 0.712, 0.768, 0.724]
[0.644, 0.622, 0.598, 0.71, 0.768, 0.742, 0.57, 0.77, 0.706, 0.634, 0.582, 0.672, 0.714, 0.712, 0.672, 0.73, 0.712, 0.768, 0.724, 0.898]
Total correct retain:  1682  Total retain:  2500
Total correct forget:  37064  Total forget:  47500
Total correct test:  319  Total test:  500
Total correct forget test:  6622  Total test forget:  9500
[0.638]
[0.638, 0.592]
[0.638, 0.592, 0.602]
[0.638, 0.592, 0.602, 0.678]
[0.638, 0.592, 0.602, 0.678, 0.736]
[0.638, 0.592, 0.602, 0.678, 0.736, 0.748]
[0.638, 0.592, 0.602, 0.678, 0.736, 0.748, 0.558]
[0.638, 0.592, 0.602, 0.678, 0.736, 0.748, 0.558, 0.752]
[0.638, 0.592, 0.602, 0.678, 0.736, 0.748, 0.558, 0.752, 0.712]
[0.638, 0.592, 0.602, 0.678, 0.736, 0.748, 0.558, 0.752, 0.712, 0.662]
[0.638, 0.592, 0.602, 0.678, 0.736, 0.748, 0.558, 0.752, 0.712, 0.662, 0.594]
[0.638, 0.592, 0.602, 0.678, 0.736, 0.748, 0.558, 0.752, 0.712, 0.662, 0.594, 0.656]
[0.638, 0.592, 0.602, 0.678, 0.736, 0.748, 0.558, 0.752, 0.712, 0.662, 0.594, 0.656, 0.73]
[0.638, 0.592, 0.602, 0.678, 0.736, 0.748, 0.558, 0.752, 0.712, 0.662, 0.594, 0.656, 0.73, 0.72]
[0.638, 0.592, 0.602, 0.678, 0.736, 0.748, 0.558, 0.752, 0.712, 0.662, 0.594, 0.656, 0.73, 0.72, 0.686]
[0.638, 0.592, 0.602, 0.678, 0.736, 0.748, 0.558, 0.752, 0.712, 0.662, 0.594, 0.656, 0.73, 0.72, 0.686, 0.72]
[0.638, 0.592, 0.602, 0.678, 0.736, 0.748, 0.558, 0.752, 0.712, 0.662, 0.594, 0.656, 0.73, 0.72, 0.686, 0.72, 0.706]
[0.638, 0.592, 0.602, 0.678, 0.736, 0.748, 0.558, 0.752, 0.712, 0.662, 0.594, 0.656, 0.73, 0.72, 0.686, 0.72, 0.706, 0.774]
[0.638, 0.592, 0.602, 0.678, 0.736, 0.748, 0.558, 0.752, 0.712, 0.662, 0.594, 0.656, 0.73, 0.72, 0.686, 0.72, 0.706, 0.774, 0.752]
[0.638, 0.592, 0.602, 0.678, 0.736, 0.748, 0.558, 0.752, 0.712, 0.662, 0.594, 0.656, 0.73, 0.72, 0.686, 0.72, 0.706, 0.774, 0.752, 0.866]
Total correct retain:  1672  Total retain:  2500
Total correct forget:  37188  Total forget:  47500
Total correct test:  318  Total test:  500
Total correct forget test:  6654  Total test forget:  9500
[0.636]
[0.636, 0.606]
[0.636, 0.606, 0.608]
[0.636, 0.606, 0.608, 0.682]
[0.636, 0.606, 0.608, 0.682, 0.738]
[0.636, 0.606, 0.608, 0.682, 0.738, 0.758]
[0.636, 0.606, 0.608, 0.682, 0.738, 0.758, 0.548]
[0.636, 0.606, 0.608, 0.682, 0.738, 0.758, 0.548, 0.754]
[0.636, 0.606, 0.608, 0.682, 0.738, 0.758, 0.548, 0.754, 0.718]
[0.636, 0.606, 0.608, 0.682, 0.738, 0.758, 0.548, 0.754, 0.718, 0.662]
[0.636, 0.606, 0.608, 0.682, 0.738, 0.758, 0.548, 0.754, 0.718, 0.662, 0.592]
[0.636, 0.606, 0.608, 0.682, 0.738, 0.758, 0.548, 0.754, 0.718, 0.662, 0.592, 0.68]
[0.636, 0.606, 0.608, 0.682, 0.738, 0.758, 0.548, 0.754, 0.718, 0.662, 0.592, 0.68, 0.72]
[0.636, 0.606, 0.608, 0.682, 0.738, 0.758, 0.548, 0.754, 0.718, 0.662, 0.592, 0.68, 0.72, 0.722]
[0.636, 0.606, 0.608, 0.682, 0.738, 0.758, 0.548, 0.754, 0.718, 0.662, 0.592, 0.68, 0.72, 0.722, 0.694]
[0.636, 0.606, 0.608, 0.682, 0.738, 0.758, 0.548, 0.754, 0.718, 0.662, 0.592, 0.68, 0.72, 0.722, 0.694, 0.706]
[0.636, 0.606, 0.608, 0.682, 0.738, 0.758, 0.548, 0.754, 0.718, 0.662, 0.592, 0.68, 0.72, 0.722, 0.694, 0.706, 0.72]
[0.636, 0.606, 0.608, 0.682, 0.738, 0.758, 0.548, 0.754, 0.718, 0.662, 0.592, 0.68, 0.72, 0.722, 0.694, 0.706, 0.72, 0.776]
[0.636, 0.606, 0.608, 0.682, 0.738, 0.758, 0.548, 0.754, 0.718, 0.662, 0.592, 0.68, 0.72, 0.722, 0.694, 0.706, 0.72, 0.776, 0.746]
[0.636, 0.606, 0.608, 0.682, 0.738, 0.758, 0.548, 0.754, 0.718, 0.662, 0.592, 0.68, 0.72, 0.722, 0.694, 0.706, 0.72, 0.776, 0.746, 0.878]
Total correct retain:  1666  Total retain:  2500
Total correct forget:  37209  Total forget:  47500
Total correct test:  315  Total test:  500
Total correct forget test:  6667  Total test forget:  9500
[0.63]
[0.63, 0.602]
[0.63, 0.602, 0.61]
[0.63, 0.602, 0.61, 0.664]
[0.63, 0.602, 0.61, 0.664, 0.756]
[0.63, 0.602, 0.61, 0.664, 0.756, 0.768]
[0.63, 0.602, 0.61, 0.664, 0.756, 0.768, 0.556]
[0.63, 0.602, 0.61, 0.664, 0.756, 0.768, 0.556, 0.772]
[0.63, 0.602, 0.61, 0.664, 0.756, 0.768, 0.556, 0.772, 0.71]
[0.63, 0.602, 0.61, 0.664, 0.756, 0.768, 0.556, 0.772, 0.71, 0.654]
[0.63, 0.602, 0.61, 0.664, 0.756, 0.768, 0.556, 0.772, 0.71, 0.654, 0.602]
[0.63, 0.602, 0.61, 0.664, 0.756, 0.768, 0.556, 0.772, 0.71, 0.654, 0.602, 0.68]
[0.63, 0.602, 0.61, 0.664, 0.756, 0.768, 0.556, 0.772, 0.71, 0.654, 0.602, 0.68, 0.716]
[0.63, 0.602, 0.61, 0.664, 0.756, 0.768, 0.556, 0.772, 0.71, 0.654, 0.602, 0.68, 0.716, 0.718]
[0.63, 0.602, 0.61, 0.664, 0.756, 0.768, 0.556, 0.772, 0.71, 0.654, 0.602, 0.68, 0.716, 0.718, 0.69]
[0.63, 0.602, 0.61, 0.664, 0.756, 0.768, 0.556, 0.772, 0.71, 0.654, 0.602, 0.68, 0.716, 0.718, 0.69, 0.712]
[0.63, 0.602, 0.61, 0.664, 0.756, 0.768, 0.556, 0.772, 0.71, 0.654, 0.602, 0.68, 0.716, 0.718, 0.69, 0.712, 0.726]
[0.63, 0.602, 0.61, 0.664, 0.756, 0.768, 0.556, 0.772, 0.71, 0.654, 0.602, 0.68, 0.716, 0.718, 0.69, 0.712, 0.726, 0.772]
[0.63, 0.602, 0.61, 0.664, 0.756, 0.768, 0.556, 0.772, 0.71, 0.654, 0.602, 0.68, 0.716, 0.718, 0.69, 0.712, 0.726, 0.772, 0.748]
[0.63, 0.602, 0.61, 0.664, 0.756, 0.768, 0.556, 0.772, 0.71, 0.654, 0.602, 0.68, 0.716, 0.718, 0.69, 0.712, 0.726, 0.772, 0.748, 0.878]
Total correct retain:  1684  Total retain:  2500
Total correct forget:  36998  Total forget:  47500
Total correct test:  319  Total test:  500
Total correct forget test:  6621  Total test forget:  9500
[0.638]
[0.638, 0.604]
[0.638, 0.604, 0.604]
[0.638, 0.604, 0.604, 0.694]
[0.638, 0.604, 0.604, 0.694, 0.75]
[0.638, 0.604, 0.604, 0.694, 0.75, 0.748]
[0.638, 0.604, 0.604, 0.694, 0.75, 0.748, 0.56]
[0.638, 0.604, 0.604, 0.694, 0.75, 0.748, 0.56, 0.74]
[0.638, 0.604, 0.604, 0.694, 0.75, 0.748, 0.56, 0.74, 0.716]
[0.638, 0.604, 0.604, 0.694, 0.75, 0.748, 0.56, 0.74, 0.716, 0.648]
[0.638, 0.604, 0.604, 0.694, 0.75, 0.748, 0.56, 0.74, 0.716, 0.648, 0.594]
[0.638, 0.604, 0.604, 0.694, 0.75, 0.748, 0.56, 0.74, 0.716, 0.648, 0.594, 0.654]
[0.638, 0.604, 0.604, 0.694, 0.75, 0.748, 0.56, 0.74, 0.716, 0.648, 0.594, 0.654, 0.724]
[0.638, 0.604, 0.604, 0.694, 0.75, 0.748, 0.56, 0.74, 0.716, 0.648, 0.594, 0.654, 0.724, 0.716]
[0.638, 0.604, 0.604, 0.694, 0.75, 0.748, 0.56, 0.74, 0.716, 0.648, 0.594, 0.654, 0.724, 0.716, 0.678]
[0.638, 0.604, 0.604, 0.694, 0.75, 0.748, 0.56, 0.74, 0.716, 0.648, 0.594, 0.654, 0.724, 0.716, 0.678, 0.724]
[0.638, 0.604, 0.604, 0.694, 0.75, 0.748, 0.56, 0.74, 0.716, 0.648, 0.594, 0.654, 0.724, 0.716, 0.678, 0.724, 0.702]
[0.638, 0.604, 0.604, 0.694, 0.75, 0.748, 0.56, 0.74, 0.716, 0.648, 0.594, 0.654, 0.724, 0.716, 0.678, 0.724, 0.702, 0.768]
[0.638, 0.604, 0.604, 0.694, 0.75, 0.748, 0.56, 0.74, 0.716, 0.648, 0.594, 0.654, 0.724, 0.716, 0.678, 0.724, 0.702, 0.768, 0.742]
[0.638, 0.604, 0.604, 0.694, 0.75, 0.748, 0.56, 0.74, 0.716, 0.648, 0.594, 0.654, 0.724, 0.716, 0.678, 0.724, 0.702, 0.768, 0.742, 0.876]
Total correct retain:  1673  Total retain:  2500
Total correct forget:  37135  Total forget:  47500
Total correct test:  316  Total test:  500
Total correct forget test:  6652  Total test forget:  9500
[0.632]
[0.632, 0.61]
[0.632, 0.61, 0.6]
[0.632, 0.61, 0.6, 0.682]
[0.632, 0.61, 0.6, 0.682, 0.738]
[0.632, 0.61, 0.6, 0.682, 0.738, 0.748]
[0.632, 0.61, 0.6, 0.682, 0.738, 0.748, 0.554]
[0.632, 0.61, 0.6, 0.682, 0.738, 0.748, 0.554, 0.76]
[0.632, 0.61, 0.6, 0.682, 0.738, 0.748, 0.554, 0.76, 0.718]
[0.632, 0.61, 0.6, 0.682, 0.738, 0.748, 0.554, 0.76, 0.718, 0.666]
[0.632, 0.61, 0.6, 0.682, 0.738, 0.748, 0.554, 0.76, 0.718, 0.666, 0.59]
[0.632, 0.61, 0.6, 0.682, 0.738, 0.748, 0.554, 0.76, 0.718, 0.666, 0.59, 0.674]
[0.632, 0.61, 0.6, 0.682, 0.738, 0.748, 0.554, 0.76, 0.718, 0.666, 0.59, 0.674, 0.724]
[0.632, 0.61, 0.6, 0.682, 0.738, 0.748, 0.554, 0.76, 0.718, 0.666, 0.59, 0.674, 0.724, 0.722]
[0.632, 0.61, 0.6, 0.682, 0.738, 0.748, 0.554, 0.76, 0.718, 0.666, 0.59, 0.674, 0.724, 0.722, 0.694]
[0.632, 0.61, 0.6, 0.682, 0.738, 0.748, 0.554, 0.76, 0.718, 0.666, 0.59, 0.674, 0.724, 0.722, 0.694, 0.71]
[0.632, 0.61, 0.6, 0.682, 0.738, 0.748, 0.554, 0.76, 0.718, 0.666, 0.59, 0.674, 0.724, 0.722, 0.694, 0.71, 0.718]
[0.632, 0.61, 0.6, 0.682, 0.738, 0.748, 0.554, 0.76, 0.718, 0.666, 0.59, 0.674, 0.724, 0.722, 0.694, 0.71, 0.718, 0.778]
[0.632, 0.61, 0.6, 0.682, 0.738, 0.748, 0.554, 0.76, 0.718, 0.666, 0.59, 0.674, 0.724, 0.722, 0.694, 0.71, 0.718, 0.778, 0.742]
[0.632, 0.61, 0.6, 0.682, 0.738, 0.748, 0.554, 0.76, 0.718, 0.666, 0.59, 0.674, 0.724, 0.722, 0.694, 0.71, 0.718, 0.778, 0.742, 0.876]
Total correct retain:  1668  Total retain:  2500
Total correct forget:  37092  Total forget:  47500
Total correct test:  316  Total test:  500
Total correct forget test:  6632  Total test forget:  9500
[0.632]
[0.632, 0.612]
[0.632, 0.612, 0.6]
[0.632, 0.612, 0.6, 0.656]
[0.632, 0.612, 0.6, 0.656, 0.752]
[0.632, 0.612, 0.6, 0.656, 0.752, 0.764]
[0.632, 0.612, 0.6, 0.656, 0.752, 0.764, 0.538]
[0.632, 0.612, 0.6, 0.656, 0.752, 0.764, 0.538, 0.742]
[0.632, 0.612, 0.6, 0.656, 0.752, 0.764, 0.538, 0.742, 0.72]
[0.632, 0.612, 0.6, 0.656, 0.752, 0.764, 0.538, 0.742, 0.72, 0.648]
[0.632, 0.612, 0.6, 0.656, 0.752, 0.764, 0.538, 0.742, 0.72, 0.648, 0.602]
[0.632, 0.612, 0.6, 0.656, 0.752, 0.764, 0.538, 0.742, 0.72, 0.648, 0.602, 0.68]
[0.632, 0.612, 0.6, 0.656, 0.752, 0.764, 0.538, 0.742, 0.72, 0.648, 0.602, 0.68, 0.718]
[0.632, 0.612, 0.6, 0.656, 0.752, 0.764, 0.538, 0.742, 0.72, 0.648, 0.602, 0.68, 0.718, 0.722]
[0.632, 0.612, 0.6, 0.656, 0.752, 0.764, 0.538, 0.742, 0.72, 0.648, 0.602, 0.68, 0.718, 0.722, 0.684]
[0.632, 0.612, 0.6, 0.656, 0.752, 0.764, 0.538, 0.742, 0.72, 0.648, 0.602, 0.68, 0.718, 0.722, 0.684, 0.716]
[0.632, 0.612, 0.6, 0.656, 0.752, 0.764, 0.538, 0.742, 0.72, 0.648, 0.602, 0.68, 0.718, 0.722, 0.684, 0.716, 0.718]
[0.632, 0.612, 0.6, 0.656, 0.752, 0.764, 0.538, 0.742, 0.72, 0.648, 0.602, 0.68, 0.718, 0.722, 0.684, 0.716, 0.718, 0.778]
[0.632, 0.612, 0.6, 0.656, 0.752, 0.764, 0.538, 0.742, 0.72, 0.648, 0.602, 0.68, 0.718, 0.722, 0.684, 0.716, 0.718, 0.778, 0.74]
[0.632, 0.612, 0.6, 0.656, 0.752, 0.764, 0.538, 0.742, 0.72, 0.648, 0.602, 0.68, 0.718, 0.722, 0.684, 0.716, 0.718, 0.778, 0.74, 0.874]
Total correct retain:  1660  Total retain:  2500
Total correct forget:  37045  Total forget:  47500
Total correct test:  315  Total test:  500
Total correct forget test:  6622  Total test forget:  9500
[0.63]
[0.63, 0.586]
[0.63, 0.586, 0.602]
[0.63, 0.586, 0.602, 0.658]
[0.63, 0.586, 0.602, 0.658, 0.742]
[0.63, 0.586, 0.602, 0.658, 0.742, 0.762]
[0.63, 0.586, 0.602, 0.658, 0.742, 0.762, 0.548]
[0.63, 0.586, 0.602, 0.658, 0.742, 0.762, 0.548, 0.748]
[0.63, 0.586, 0.602, 0.658, 0.742, 0.762, 0.548, 0.748, 0.724]
[0.63, 0.586, 0.602, 0.658, 0.742, 0.762, 0.548, 0.748, 0.724, 0.658]
[0.63, 0.586, 0.602, 0.658, 0.742, 0.762, 0.548, 0.748, 0.724, 0.658, 0.596]
[0.63, 0.586, 0.602, 0.658, 0.742, 0.762, 0.548, 0.748, 0.724, 0.658, 0.596, 0.686]
[0.63, 0.586, 0.602, 0.658, 0.742, 0.762, 0.548, 0.748, 0.724, 0.658, 0.596, 0.686, 0.726]
[0.63, 0.586, 0.602, 0.658, 0.742, 0.762, 0.548, 0.748, 0.724, 0.658, 0.596, 0.686, 0.726, 0.724]
[0.63, 0.586, 0.602, 0.658, 0.742, 0.762, 0.548, 0.748, 0.724, 0.658, 0.596, 0.686, 0.726, 0.724, 0.68]
[0.63, 0.586, 0.602, 0.658, 0.742, 0.762, 0.548, 0.748, 0.724, 0.658, 0.596, 0.686, 0.726, 0.724, 0.68, 0.706]
[0.63, 0.586, 0.602, 0.658, 0.742, 0.762, 0.548, 0.748, 0.724, 0.658, 0.596, 0.686, 0.726, 0.724, 0.68, 0.706, 0.714]
[0.63, 0.586, 0.602, 0.658, 0.742, 0.762, 0.548, 0.748, 0.724, 0.658, 0.596, 0.686, 0.726, 0.724, 0.68, 0.706, 0.714, 0.774]
[0.63, 0.586, 0.602, 0.658, 0.742, 0.762, 0.548, 0.748, 0.724, 0.658, 0.596, 0.686, 0.726, 0.724, 0.68, 0.706, 0.714, 0.774, 0.738]
[0.63, 0.586, 0.602, 0.658, 0.742, 0.762, 0.548, 0.748, 0.724, 0.658, 0.596, 0.686, 0.726, 0.724, 0.68, 0.706, 0.714, 0.774, 0.738, 0.872]
Total correct retain:  1674  Total retain:  2500
Total correct forget:  37101  Total forget:  47500
Total correct test:  320  Total test:  500
Total correct forget test:  6613  Total test forget:  9500
[0.64]
[0.64, 0.594]
[0.64, 0.594, 0.602]
[0.64, 0.594, 0.602, 0.674]
[0.64, 0.594, 0.602, 0.674, 0.746]
[0.64, 0.594, 0.602, 0.674, 0.746, 0.766]
[0.64, 0.594, 0.602, 0.674, 0.746, 0.766, 0.532]
[0.64, 0.594, 0.602, 0.674, 0.746, 0.766, 0.532, 0.756]
[0.64, 0.594, 0.602, 0.674, 0.746, 0.766, 0.532, 0.756, 0.718]
[0.64, 0.594, 0.602, 0.674, 0.746, 0.766, 0.532, 0.756, 0.718, 0.66]
[0.64, 0.594, 0.602, 0.674, 0.746, 0.766, 0.532, 0.756, 0.718, 0.66, 0.59]
[0.64, 0.594, 0.602, 0.674, 0.746, 0.766, 0.532, 0.756, 0.718, 0.66, 0.59, 0.678]
[0.64, 0.594, 0.602, 0.674, 0.746, 0.766, 0.532, 0.756, 0.718, 0.66, 0.59, 0.678, 0.718]
[0.64, 0.594, 0.602, 0.674, 0.746, 0.766, 0.532, 0.756, 0.718, 0.66, 0.59, 0.678, 0.718, 0.718]
[0.64, 0.594, 0.602, 0.674, 0.746, 0.766, 0.532, 0.756, 0.718, 0.66, 0.59, 0.678, 0.718, 0.718, 0.668]
[0.64, 0.594, 0.602, 0.674, 0.746, 0.766, 0.532, 0.756, 0.718, 0.66, 0.59, 0.678, 0.718, 0.718, 0.668, 0.694]
[0.64, 0.594, 0.602, 0.674, 0.746, 0.766, 0.532, 0.756, 0.718, 0.66, 0.59, 0.678, 0.718, 0.718, 0.668, 0.694, 0.712]
[0.64, 0.594, 0.602, 0.674, 0.746, 0.766, 0.532, 0.756, 0.718, 0.66, 0.59, 0.678, 0.718, 0.718, 0.668, 0.694, 0.712, 0.764]
[0.64, 0.594, 0.602, 0.674, 0.746, 0.766, 0.532, 0.756, 0.718, 0.66, 0.59, 0.678, 0.718, 0.718, 0.668, 0.694, 0.712, 0.764, 0.748]
[0.64, 0.594, 0.602, 0.674, 0.746, 0.766, 0.532, 0.756, 0.718, 0.66, 0.59, 0.678, 0.718, 0.718, 0.668, 0.694, 0.712, 0.764, 0.748, 0.888]
Total correct retain:  1675  Total retain:  2500
Total correct forget:  37087  Total forget:  47500
Total correct test:  318  Total test:  500
Total correct forget test:  6619  Total test forget:  9500
[0.636]
[0.636, 0.598]
[0.636, 0.598, 0.604]
[0.636, 0.598, 0.604, 0.658]
[0.636, 0.598, 0.604, 0.658, 0.752]
[0.636, 0.598, 0.604, 0.658, 0.752, 0.76]
[0.636, 0.598, 0.604, 0.658, 0.752, 0.76, 0.55]
[0.636, 0.598, 0.604, 0.658, 0.752, 0.76, 0.55, 0.744]
[0.636, 0.598, 0.604, 0.658, 0.752, 0.76, 0.55, 0.744, 0.72]
[0.636, 0.598, 0.604, 0.658, 0.752, 0.76, 0.55, 0.744, 0.72, 0.65]
[0.636, 0.598, 0.604, 0.658, 0.752, 0.76, 0.55, 0.744, 0.72, 0.65, 0.594]
[0.636, 0.598, 0.604, 0.658, 0.752, 0.76, 0.55, 0.744, 0.72, 0.65, 0.594, 0.676]
[0.636, 0.598, 0.604, 0.658, 0.752, 0.76, 0.55, 0.744, 0.72, 0.65, 0.594, 0.676, 0.714]
[0.636, 0.598, 0.604, 0.658, 0.752, 0.76, 0.55, 0.744, 0.72, 0.65, 0.594, 0.676, 0.714, 0.73]
[0.636, 0.598, 0.604, 0.658, 0.752, 0.76, 0.55, 0.744, 0.72, 0.65, 0.594, 0.676, 0.714, 0.73, 0.684]
[0.636, 0.598, 0.604, 0.658, 0.752, 0.76, 0.55, 0.744, 0.72, 0.65, 0.594, 0.676, 0.714, 0.73, 0.684, 0.712]
[0.636, 0.598, 0.604, 0.658, 0.752, 0.76, 0.55, 0.744, 0.72, 0.65, 0.594, 0.676, 0.714, 0.73, 0.684, 0.712, 0.718]
[0.636, 0.598, 0.604, 0.658, 0.752, 0.76, 0.55, 0.744, 0.72, 0.65, 0.594, 0.676, 0.714, 0.73, 0.684, 0.712, 0.718, 0.76]
[0.636, 0.598, 0.604, 0.658, 0.752, 0.76, 0.55, 0.744, 0.72, 0.65, 0.594, 0.676, 0.714, 0.73, 0.684, 0.712, 0.718, 0.76, 0.742]
[0.636, 0.598, 0.604, 0.658, 0.752, 0.76, 0.55, 0.744, 0.72, 0.65, 0.594, 0.676, 0.714, 0.73, 0.684, 0.712, 0.718, 0.76, 0.742, 0.872]
Total correct retain:  1673  Total retain:  2500
Total correct forget:  37206  Total forget:  47500
Total correct test:  325  Total test:  500
Total correct forget test:  6672  Total test forget:  9500
[0.65]
[0.65, 0.616]
[0.65, 0.616, 0.616]
[0.65, 0.616, 0.616, 0.692]
[0.65, 0.616, 0.616, 0.692, 0.766]
[0.65, 0.616, 0.616, 0.692, 0.766, 0.768]
[0.65, 0.616, 0.616, 0.692, 0.766, 0.768, 0.548]
[0.65, 0.616, 0.616, 0.692, 0.766, 0.768, 0.548, 0.768]
[0.65, 0.616, 0.616, 0.692, 0.766, 0.768, 0.548, 0.768, 0.72]
[0.65, 0.616, 0.616, 0.692, 0.766, 0.768, 0.548, 0.768, 0.72, 0.65]
[0.65, 0.616, 0.616, 0.692, 0.766, 0.768, 0.548, 0.768, 0.72, 0.65, 0.6]
[0.65, 0.616, 0.616, 0.692, 0.766, 0.768, 0.548, 0.768, 0.72, 0.65, 0.6, 0.674]
[0.65, 0.616, 0.616, 0.692, 0.766, 0.768, 0.548, 0.768, 0.72, 0.65, 0.6, 0.674, 0.718]
[0.65, 0.616, 0.616, 0.692, 0.766, 0.768, 0.548, 0.768, 0.72, 0.65, 0.6, 0.674, 0.718, 0.722]
[0.65, 0.616, 0.616, 0.692, 0.766, 0.768, 0.548, 0.768, 0.72, 0.65, 0.6, 0.674, 0.718, 0.722, 0.672]
[0.65, 0.616, 0.616, 0.692, 0.766, 0.768, 0.548, 0.768, 0.72, 0.65, 0.6, 0.674, 0.718, 0.722, 0.672, 0.696]
[0.65, 0.616, 0.616, 0.692, 0.766, 0.768, 0.548, 0.768, 0.72, 0.65, 0.6, 0.674, 0.718, 0.722, 0.672, 0.696, 0.716]
[0.65, 0.616, 0.616, 0.692, 0.766, 0.768, 0.548, 0.768, 0.72, 0.65, 0.6, 0.674, 0.718, 0.722, 0.672, 0.696, 0.716, 0.77]
[0.65, 0.616, 0.616, 0.692, 0.766, 0.768, 0.548, 0.768, 0.72, 0.65, 0.6, 0.674, 0.718, 0.722, 0.672, 0.696, 0.716, 0.77, 0.742]
[0.65, 0.616, 0.616, 0.692, 0.766, 0.768, 0.548, 0.768, 0.72, 0.65, 0.6, 0.674, 0.718, 0.722, 0.672, 0.696, 0.716, 0.77, 0.742, 0.89]
Total correct retain:  1667  Total retain:  2500
Total correct forget:  37105  Total forget:  47500
Total correct test:  316  Total test:  500
Total correct forget test:  6614  Total test forget:  9500
[0.632]
[0.632, 0.61]
[0.632, 0.61, 0.602]
[0.632, 0.61, 0.602, 0.684]
[0.632, 0.61, 0.602, 0.684, 0.762]
[0.632, 0.61, 0.602, 0.684, 0.762, 0.754]
[0.632, 0.61, 0.602, 0.684, 0.762, 0.754, 0.556]
[0.632, 0.61, 0.602, 0.684, 0.762, 0.754, 0.556, 0.742]
[0.632, 0.61, 0.602, 0.684, 0.762, 0.754, 0.556, 0.742, 0.72]
[0.632, 0.61, 0.602, 0.684, 0.762, 0.754, 0.556, 0.742, 0.72, 0.64]
[0.632, 0.61, 0.602, 0.684, 0.762, 0.754, 0.556, 0.742, 0.72, 0.64, 0.584]
[0.632, 0.61, 0.602, 0.684, 0.762, 0.754, 0.556, 0.742, 0.72, 0.64, 0.584, 0.668]
[0.632, 0.61, 0.602, 0.684, 0.762, 0.754, 0.556, 0.742, 0.72, 0.64, 0.584, 0.668, 0.722]
[0.632, 0.61, 0.602, 0.684, 0.762, 0.754, 0.556, 0.742, 0.72, 0.64, 0.584, 0.668, 0.722, 0.712]
[0.632, 0.61, 0.602, 0.684, 0.762, 0.754, 0.556, 0.742, 0.72, 0.64, 0.584, 0.668, 0.722, 0.712, 0.67]
[0.632, 0.61, 0.602, 0.684, 0.762, 0.754, 0.556, 0.742, 0.72, 0.64, 0.584, 0.668, 0.722, 0.712, 0.67, 0.716]
[0.632, 0.61, 0.602, 0.684, 0.762, 0.754, 0.556, 0.742, 0.72, 0.64, 0.584, 0.668, 0.722, 0.712, 0.67, 0.716, 0.706]
[0.632, 0.61, 0.602, 0.684, 0.762, 0.754, 0.556, 0.742, 0.72, 0.64, 0.584, 0.668, 0.722, 0.712, 0.67, 0.716, 0.706, 0.754]
[0.632, 0.61, 0.602, 0.684, 0.762, 0.754, 0.556, 0.742, 0.72, 0.64, 0.584, 0.668, 0.722, 0.712, 0.67, 0.716, 0.706, 0.754, 0.74]
[0.632, 0.61, 0.602, 0.684, 0.762, 0.754, 0.556, 0.742, 0.72, 0.64, 0.584, 0.668, 0.722, 0.712, 0.67, 0.716, 0.706, 0.754, 0.74, 0.886]
Total correct retain:  1694  Total retain:  2500
Total correct forget:  37185  Total forget:  47500
Total correct test:  321  Total test:  500
Total correct forget test:  6631  Total test forget:  9500
[0.642]
[0.642, 0.61]
[0.642, 0.61, 0.576]
[0.642, 0.61, 0.576, 0.7]
[0.642, 0.61, 0.576, 0.7, 0.756]
[0.642, 0.61, 0.576, 0.7, 0.756, 0.754]
[0.642, 0.61, 0.576, 0.7, 0.756, 0.754, 0.556]
[0.642, 0.61, 0.576, 0.7, 0.756, 0.754, 0.556, 0.782]
[0.642, 0.61, 0.576, 0.7, 0.756, 0.754, 0.556, 0.782, 0.7]
[0.642, 0.61, 0.576, 0.7, 0.756, 0.754, 0.556, 0.782, 0.7, 0.65]
[0.642, 0.61, 0.576, 0.7, 0.756, 0.754, 0.556, 0.782, 0.7, 0.65, 0.59]
[0.642, 0.61, 0.576, 0.7, 0.756, 0.754, 0.556, 0.782, 0.7, 0.65, 0.59, 0.664]
[0.642, 0.61, 0.576, 0.7, 0.756, 0.754, 0.556, 0.782, 0.7, 0.65, 0.59, 0.664, 0.722]
[0.642, 0.61, 0.576, 0.7, 0.756, 0.754, 0.556, 0.782, 0.7, 0.65, 0.59, 0.664, 0.722, 0.72]
[0.642, 0.61, 0.576, 0.7, 0.756, 0.754, 0.556, 0.782, 0.7, 0.65, 0.59, 0.664, 0.722, 0.72, 0.682]
[0.642, 0.61, 0.576, 0.7, 0.756, 0.754, 0.556, 0.782, 0.7, 0.65, 0.59, 0.664, 0.722, 0.72, 0.682, 0.706]
[0.642, 0.61, 0.576, 0.7, 0.756, 0.754, 0.556, 0.782, 0.7, 0.65, 0.59, 0.664, 0.722, 0.72, 0.682, 0.706, 0.722]
[0.642, 0.61, 0.576, 0.7, 0.756, 0.754, 0.556, 0.782, 0.7, 0.65, 0.59, 0.664, 0.722, 0.72, 0.682, 0.706, 0.722, 0.77]
[0.642, 0.61, 0.576, 0.7, 0.756, 0.754, 0.556, 0.782, 0.7, 0.65, 0.59, 0.664, 0.722, 0.72, 0.682, 0.706, 0.722, 0.77, 0.71]
[0.642, 0.61, 0.576, 0.7, 0.756, 0.754, 0.556, 0.782, 0.7, 0.65, 0.59, 0.664, 0.722, 0.72, 0.682, 0.706, 0.722, 0.77, 0.71, 0.892]
Total correct retain:  1669  Total retain:  2500
Total correct forget:  36861  Total forget:  47500
Total correct test:  315  Total test:  500
Total correct forget test:  6612  Total test forget:  9500
[0.63]
[0.63, 0.604]
[0.63, 0.604, 0.578]
[0.63, 0.604, 0.578, 0.686]
[0.63, 0.604, 0.578, 0.686, 0.752]
[0.63, 0.604, 0.578, 0.686, 0.752, 0.74]
[0.63, 0.604, 0.578, 0.686, 0.752, 0.74, 0.594]
[0.63, 0.604, 0.578, 0.686, 0.752, 0.74, 0.594, 0.772]
[0.63, 0.604, 0.578, 0.686, 0.752, 0.74, 0.594, 0.772, 0.716]
[0.63, 0.604, 0.578, 0.686, 0.752, 0.74, 0.594, 0.772, 0.716, 0.632]
[0.63, 0.604, 0.578, 0.686, 0.752, 0.74, 0.594, 0.772, 0.716, 0.632, 0.596]
[0.63, 0.604, 0.578, 0.686, 0.752, 0.74, 0.594, 0.772, 0.716, 0.632, 0.596, 0.674]
[0.63, 0.604, 0.578, 0.686, 0.752, 0.74, 0.594, 0.772, 0.716, 0.632, 0.596, 0.674, 0.722]
[0.63, 0.604, 0.578, 0.686, 0.752, 0.74, 0.594, 0.772, 0.716, 0.632, 0.596, 0.674, 0.722, 0.708]
[0.63, 0.604, 0.578, 0.686, 0.752, 0.74, 0.594, 0.772, 0.716, 0.632, 0.596, 0.674, 0.722, 0.708, 0.678]
[0.63, 0.604, 0.578, 0.686, 0.752, 0.74, 0.594, 0.772, 0.716, 0.632, 0.596, 0.674, 0.722, 0.708, 0.678, 0.72]
[0.63, 0.604, 0.578, 0.686, 0.752, 0.74, 0.594, 0.772, 0.716, 0.632, 0.596, 0.674, 0.722, 0.708, 0.678, 0.72, 0.68]
[0.63, 0.604, 0.578, 0.686, 0.752, 0.74, 0.594, 0.772, 0.716, 0.632, 0.596, 0.674, 0.722, 0.708, 0.678, 0.72, 0.68, 0.762]
[0.63, 0.604, 0.578, 0.686, 0.752, 0.74, 0.594, 0.772, 0.716, 0.632, 0.596, 0.674, 0.722, 0.708, 0.678, 0.72, 0.68, 0.762, 0.734]
[0.63, 0.604, 0.578, 0.686, 0.752, 0.74, 0.594, 0.772, 0.716, 0.632, 0.596, 0.674, 0.722, 0.708, 0.678, 0.72, 0.68, 0.762, 0.734, 0.876]
Total correct retain:  1664  Total retain:  2500
Total correct forget:  37017  Total forget:  47500
Total correct test:  321  Total test:  500
Total correct forget test:  6604  Total test forget:  9500
[0.642]
[0.642, 0.622]
[0.642, 0.622, 0.612]
[0.642, 0.622, 0.612, 0.68]
[0.642, 0.622, 0.612, 0.68, 0.778]
[0.642, 0.622, 0.612, 0.68, 0.778, 0.786]
[0.642, 0.622, 0.612, 0.68, 0.778, 0.786, 0.536]
[0.642, 0.622, 0.612, 0.68, 0.778, 0.786, 0.536, 0.71]
[0.642, 0.622, 0.612, 0.68, 0.778, 0.786, 0.536, 0.71, 0.74]
[0.642, 0.622, 0.612, 0.68, 0.778, 0.786, 0.536, 0.71, 0.74, 0.636]
[0.642, 0.622, 0.612, 0.68, 0.778, 0.786, 0.536, 0.71, 0.74, 0.636, 0.592]
[0.642, 0.622, 0.612, 0.68, 0.778, 0.786, 0.536, 0.71, 0.74, 0.636, 0.592, 0.656]
[0.642, 0.622, 0.612, 0.68, 0.778, 0.786, 0.536, 0.71, 0.74, 0.636, 0.592, 0.656, 0.716]
[0.642, 0.622, 0.612, 0.68, 0.778, 0.786, 0.536, 0.71, 0.74, 0.636, 0.592, 0.656, 0.716, 0.718]
[0.642, 0.622, 0.612, 0.68, 0.778, 0.786, 0.536, 0.71, 0.74, 0.636, 0.592, 0.656, 0.716, 0.718, 0.64]
[0.642, 0.622, 0.612, 0.68, 0.778, 0.786, 0.536, 0.71, 0.74, 0.636, 0.592, 0.656, 0.716, 0.718, 0.64, 0.692]
[0.642, 0.622, 0.612, 0.68, 0.778, 0.786, 0.536, 0.71, 0.74, 0.636, 0.592, 0.656, 0.716, 0.718, 0.64, 0.692, 0.714]
[0.642, 0.622, 0.612, 0.68, 0.778, 0.786, 0.536, 0.71, 0.74, 0.636, 0.592, 0.656, 0.716, 0.718, 0.64, 0.692, 0.714, 0.762]
[0.642, 0.622, 0.612, 0.68, 0.778, 0.786, 0.536, 0.71, 0.74, 0.636, 0.592, 0.656, 0.716, 0.718, 0.64, 0.692, 0.714, 0.762, 0.72]
[0.642, 0.622, 0.612, 0.68, 0.778, 0.786, 0.536, 0.71, 0.74, 0.636, 0.592, 0.656, 0.716, 0.718, 0.64, 0.692, 0.714, 0.762, 0.72, 0.898]
Total correct retain:  1690  Total retain:  2500
Total correct forget:  37045  Total forget:  47500
Total correct test:  334  Total test:  500
Total correct forget test:  6610  Total test forget:  9500
[0.668]
[0.668, 0.628]
[0.668, 0.628, 0.602]
[0.668, 0.628, 0.602, 0.706]
[0.668, 0.628, 0.602, 0.706, 0.78]
[0.668, 0.628, 0.602, 0.706, 0.78, 0.754]
[0.668, 0.628, 0.602, 0.706, 0.78, 0.754, 0.556]
[0.668, 0.628, 0.602, 0.706, 0.78, 0.754, 0.556, 0.746]
[0.668, 0.628, 0.602, 0.706, 0.78, 0.754, 0.556, 0.746, 0.708]
[0.668, 0.628, 0.602, 0.706, 0.78, 0.754, 0.556, 0.746, 0.708, 0.632]
[0.668, 0.628, 0.602, 0.706, 0.78, 0.754, 0.556, 0.746, 0.708, 0.632, 0.58]
[0.668, 0.628, 0.602, 0.706, 0.78, 0.754, 0.556, 0.746, 0.708, 0.632, 0.58, 0.654]
[0.668, 0.628, 0.602, 0.706, 0.78, 0.754, 0.556, 0.746, 0.708, 0.632, 0.58, 0.654, 0.706]
[0.668, 0.628, 0.602, 0.706, 0.78, 0.754, 0.556, 0.746, 0.708, 0.632, 0.58, 0.654, 0.706, 0.716]
[0.668, 0.628, 0.602, 0.706, 0.78, 0.754, 0.556, 0.746, 0.708, 0.632, 0.58, 0.654, 0.706, 0.716, 0.654]
[0.668, 0.628, 0.602, 0.706, 0.78, 0.754, 0.556, 0.746, 0.708, 0.632, 0.58, 0.654, 0.706, 0.716, 0.654, 0.706]
[0.668, 0.628, 0.602, 0.706, 0.78, 0.754, 0.556, 0.746, 0.708, 0.632, 0.58, 0.654, 0.706, 0.716, 0.654, 0.706, 0.708]
[0.668, 0.628, 0.602, 0.706, 0.78, 0.754, 0.556, 0.746, 0.708, 0.632, 0.58, 0.654, 0.706, 0.716, 0.654, 0.706, 0.708, 0.754]
[0.668, 0.628, 0.602, 0.706, 0.78, 0.754, 0.556, 0.746, 0.708, 0.632, 0.58, 0.654, 0.706, 0.716, 0.654, 0.706, 0.708, 0.754, 0.728]
[0.668, 0.628, 0.602, 0.706, 0.78, 0.754, 0.556, 0.746, 0.708, 0.632, 0.58, 0.654, 0.706, 0.716, 0.654, 0.706, 0.708, 0.754, 0.728, 0.902]
Total correct retain:  1687  Total retain:  2500
Total correct forget:  36483  Total forget:  47500
Total correct test:  331  Total test:  500
Total correct forget test:  6517  Total test forget:  9500
[0.662]
[0.662, 0.636]
[0.662, 0.636, 0.588]
[0.662, 0.636, 0.588, 0.714]
[0.662, 0.636, 0.588, 0.714, 0.754]
[0.662, 0.636, 0.588, 0.714, 0.754, 0.762]
[0.662, 0.636, 0.588, 0.714, 0.754, 0.762, 0.53]
[0.662, 0.636, 0.588, 0.714, 0.754, 0.762, 0.53, 0.706]
[0.662, 0.636, 0.588, 0.714, 0.754, 0.762, 0.53, 0.706, 0.718]
[0.662, 0.636, 0.588, 0.714, 0.754, 0.762, 0.53, 0.706, 0.718, 0.61]
[0.662, 0.636, 0.588, 0.714, 0.754, 0.762, 0.53, 0.706, 0.718, 0.61, 0.572]
[0.662, 0.636, 0.588, 0.714, 0.754, 0.762, 0.53, 0.706, 0.718, 0.61, 0.572, 0.634]
[0.662, 0.636, 0.588, 0.714, 0.754, 0.762, 0.53, 0.706, 0.718, 0.61, 0.572, 0.634, 0.712]
[0.662, 0.636, 0.588, 0.714, 0.754, 0.762, 0.53, 0.706, 0.718, 0.61, 0.572, 0.634, 0.712, 0.708]
[0.662, 0.636, 0.588, 0.714, 0.754, 0.762, 0.53, 0.706, 0.718, 0.61, 0.572, 0.634, 0.712, 0.708, 0.622]
[0.662, 0.636, 0.588, 0.714, 0.754, 0.762, 0.53, 0.706, 0.718, 0.61, 0.572, 0.634, 0.712, 0.708, 0.622, 0.718]
[0.662, 0.636, 0.588, 0.714, 0.754, 0.762, 0.53, 0.706, 0.718, 0.61, 0.572, 0.634, 0.712, 0.708, 0.622, 0.718, 0.652]
[0.662, 0.636, 0.588, 0.714, 0.754, 0.762, 0.53, 0.706, 0.718, 0.61, 0.572, 0.634, 0.712, 0.708, 0.622, 0.718, 0.652, 0.76]
[0.662, 0.636, 0.588, 0.714, 0.754, 0.762, 0.53, 0.706, 0.718, 0.61, 0.572, 0.634, 0.712, 0.708, 0.622, 0.718, 0.652, 0.76, 0.726]
[0.662, 0.636, 0.588, 0.714, 0.754, 0.762, 0.53, 0.706, 0.718, 0.61, 0.572, 0.634, 0.712, 0.708, 0.622, 0.718, 0.652, 0.76, 0.726, 0.912]
Total correct retain:  1679  Total retain:  2500
Total correct forget:  36290  Total forget:  47500
Total correct test:  317  Total test:  500
Total correct forget test:  6452  Total test forget:  9500
[0.634]
[0.634, 0.634]
[0.634, 0.634, 0.614]
[0.634, 0.634, 0.614, 0.708]
[0.634, 0.634, 0.614, 0.708, 0.744]
[0.634, 0.634, 0.614, 0.708, 0.744, 0.76]
[0.634, 0.634, 0.614, 0.708, 0.744, 0.76, 0.506]
[0.634, 0.634, 0.614, 0.708, 0.744, 0.76, 0.506, 0.696]
[0.634, 0.634, 0.614, 0.708, 0.744, 0.76, 0.506, 0.696, 0.692]
[0.634, 0.634, 0.614, 0.708, 0.744, 0.76, 0.506, 0.696, 0.692, 0.622]
[0.634, 0.634, 0.614, 0.708, 0.744, 0.76, 0.506, 0.696, 0.692, 0.622, 0.546]
[0.634, 0.634, 0.614, 0.708, 0.744, 0.76, 0.506, 0.696, 0.692, 0.622, 0.546, 0.628]
[0.634, 0.634, 0.614, 0.708, 0.744, 0.76, 0.506, 0.696, 0.692, 0.622, 0.546, 0.628, 0.702]
[0.634, 0.634, 0.614, 0.708, 0.744, 0.76, 0.506, 0.696, 0.692, 0.622, 0.546, 0.628, 0.702, 0.702]
[0.634, 0.634, 0.614, 0.708, 0.744, 0.76, 0.506, 0.696, 0.692, 0.622, 0.546, 0.628, 0.702, 0.702, 0.644]
[0.634, 0.634, 0.614, 0.708, 0.744, 0.76, 0.506, 0.696, 0.692, 0.622, 0.546, 0.628, 0.702, 0.702, 0.644, 0.71]
[0.634, 0.634, 0.614, 0.708, 0.744, 0.76, 0.506, 0.696, 0.692, 0.622, 0.546, 0.628, 0.702, 0.702, 0.644, 0.71, 0.652]
[0.634, 0.634, 0.614, 0.708, 0.744, 0.76, 0.506, 0.696, 0.692, 0.622, 0.546, 0.628, 0.702, 0.702, 0.644, 0.71, 0.652, 0.738]
[0.634, 0.634, 0.614, 0.708, 0.744, 0.76, 0.506, 0.696, 0.692, 0.622, 0.546, 0.628, 0.702, 0.702, 0.644, 0.71, 0.652, 0.738, 0.728]
[0.634, 0.634, 0.614, 0.708, 0.744, 0.76, 0.506, 0.696, 0.692, 0.622, 0.546, 0.628, 0.702, 0.702, 0.644, 0.71, 0.652, 0.738, 0.728, 0.878]
Total correct retain:  1669  Total retain:  2500
Total correct forget:  36328  Total forget:  47500
Total correct test:  326  Total test:  500
Total correct forget test:  6497  Total test forget:  9500
[0.652]
[0.652, 0.638]
[0.652, 0.638, 0.596]
[0.652, 0.638, 0.596, 0.724]
[0.652, 0.638, 0.596, 0.724, 0.74]
[0.652, 0.638, 0.596, 0.724, 0.74, 0.754]
[0.652, 0.638, 0.596, 0.724, 0.74, 0.754, 0.514]
[0.652, 0.638, 0.596, 0.724, 0.74, 0.754, 0.514, 0.722]
[0.652, 0.638, 0.596, 0.724, 0.74, 0.754, 0.514, 0.722, 0.702]
[0.652, 0.638, 0.596, 0.724, 0.74, 0.754, 0.514, 0.722, 0.702, 0.6]
[0.652, 0.638, 0.596, 0.724, 0.74, 0.754, 0.514, 0.722, 0.702, 0.6, 0.568]
[0.652, 0.638, 0.596, 0.724, 0.74, 0.754, 0.514, 0.722, 0.702, 0.6, 0.568, 0.644]
[0.652, 0.638, 0.596, 0.724, 0.74, 0.754, 0.514, 0.722, 0.702, 0.6, 0.568, 0.644, 0.72]
[0.652, 0.638, 0.596, 0.724, 0.74, 0.754, 0.514, 0.722, 0.702, 0.6, 0.568, 0.644, 0.72, 0.714]
[0.652, 0.638, 0.596, 0.724, 0.74, 0.754, 0.514, 0.722, 0.702, 0.6, 0.568, 0.644, 0.72, 0.714, 0.634]
[0.652, 0.638, 0.596, 0.724, 0.74, 0.754, 0.514, 0.722, 0.702, 0.6, 0.568, 0.644, 0.72, 0.714, 0.634, 0.698]
[0.652, 0.638, 0.596, 0.724, 0.74, 0.754, 0.514, 0.722, 0.702, 0.6, 0.568, 0.644, 0.72, 0.714, 0.634, 0.698, 0.66]
[0.652, 0.638, 0.596, 0.724, 0.74, 0.754, 0.514, 0.722, 0.702, 0.6, 0.568, 0.644, 0.72, 0.714, 0.634, 0.698, 0.66, 0.76]
[0.652, 0.638, 0.596, 0.724, 0.74, 0.754, 0.514, 0.722, 0.702, 0.6, 0.568, 0.644, 0.72, 0.714, 0.634, 0.698, 0.66, 0.76, 0.712]
[0.652, 0.638, 0.596, 0.724, 0.74, 0.754, 0.514, 0.722, 0.702, 0.6, 0.568, 0.644, 0.72, 0.714, 0.634, 0.698, 0.66, 0.76, 0.712, 0.894]
[[0.644, 0.62, 0.59, 0.708, 0.772, 0.756, 0.568, 0.776, 0.714, 0.64, 0.586, 0.682, 0.712, 0.706, 0.668, 0.72, 0.712, 0.762, 0.73, 0.898], [0.644, 0.622, 0.598, 0.71, 0.768, 0.742, 0.57, 0.77, 0.706, 0.634, 0.582, 0.672, 0.714, 0.712, 0.672, 0.73, 0.712, 0.768, 0.724, 0.898], [0.638, 0.592, 0.602, 0.678, 0.736, 0.748, 0.558, 0.752, 0.712, 0.662, 0.594, 0.656, 0.73, 0.72, 0.686, 0.72, 0.706, 0.774, 0.752, 0.866], [0.636, 0.606, 0.608, 0.682, 0.738, 0.758, 0.548, 0.754, 0.718, 0.662, 0.592, 0.68, 0.72, 0.722, 0.694, 0.706, 0.72, 0.776, 0.746, 0.878], [0.63, 0.602, 0.61, 0.664, 0.756, 0.768, 0.556, 0.772, 0.71, 0.654, 0.602, 0.68, 0.716, 0.718, 0.69, 0.712, 0.726, 0.772, 0.748, 0.878], [0.638, 0.604, 0.604, 0.694, 0.75, 0.748, 0.56, 0.74, 0.716, 0.648, 0.594, 0.654, 0.724, 0.716, 0.678, 0.724, 0.702, 0.768, 0.742, 0.876], [0.632, 0.61, 0.6, 0.682, 0.738, 0.748, 0.554, 0.76, 0.718, 0.666, 0.59, 0.674, 0.724, 0.722, 0.694, 0.71, 0.718, 0.778, 0.742, 0.876], [0.632, 0.612, 0.6, 0.656, 0.752, 0.764, 0.538, 0.742, 0.72, 0.648, 0.602, 0.68, 0.718, 0.722, 0.684, 0.716, 0.718, 0.778, 0.74, 0.874], [0.63, 0.586, 0.602, 0.658, 0.742, 0.762, 0.548, 0.748, 0.724, 0.658, 0.596, 0.686, 0.726, 0.724, 0.68, 0.706, 0.714, 0.774, 0.738, 0.872], [0.64, 0.594, 0.602, 0.674, 0.746, 0.766, 0.532, 0.756, 0.718, 0.66, 0.59, 0.678, 0.718, 0.718, 0.668, 0.694, 0.712, 0.764, 0.748, 0.888], [0.636, 0.598, 0.604, 0.658, 0.752, 0.76, 0.55, 0.744, 0.72, 0.65, 0.594, 0.676, 0.714, 0.73, 0.684, 0.712, 0.718, 0.76, 0.742, 0.872], [0.65, 0.616, 0.616, 0.692, 0.766, 0.768, 0.548, 0.768, 0.72, 0.65, 0.6, 0.674, 0.718, 0.722, 0.672, 0.696, 0.716, 0.77, 0.742, 0.89], [0.632, 0.61, 0.602, 0.684, 0.762, 0.754, 0.556, 0.742, 0.72, 0.64, 0.584, 0.668, 0.722, 0.712, 0.67, 0.716, 0.706, 0.754, 0.74, 0.886], [0.642, 0.61, 0.576, 0.7, 0.756, 0.754, 0.556, 0.782, 0.7, 0.65, 0.59, 0.664, 0.722, 0.72, 0.682, 0.706, 0.722, 0.77, 0.71, 0.892], [0.63, 0.604, 0.578, 0.686, 0.752, 0.74, 0.594, 0.772, 0.716, 0.632, 0.596, 0.674, 0.722, 0.708, 0.678, 0.72, 0.68, 0.762, 0.734, 0.876], [0.642, 0.622, 0.612, 0.68, 0.778, 0.786, 0.536, 0.71, 0.74, 0.636, 0.592, 0.656, 0.716, 0.718, 0.64, 0.692, 0.714, 0.762, 0.72, 0.898], [0.668, 0.628, 0.602, 0.706, 0.78, 0.754, 0.556, 0.746, 0.708, 0.632, 0.58, 0.654, 0.706, 0.716, 0.654, 0.706, 0.708, 0.754, 0.728, 0.902], [0.662, 0.636, 0.588, 0.714, 0.754, 0.762, 0.53, 0.706, 0.718, 0.61, 0.572, 0.634, 0.712, 0.708, 0.622, 0.718, 0.652, 0.76, 0.726, 0.912], [0.634, 0.634, 0.614, 0.708, 0.744, 0.76, 0.506, 0.696, 0.692, 0.622, 0.546, 0.628, 0.702, 0.702, 0.644, 0.71, 0.652, 0.738, 0.728, 0.878], [0.652, 0.638, 0.596, 0.724, 0.74, 0.754, 0.514, 0.722, 0.702, 0.6, 0.568, 0.644, 0.72, 0.714, 0.634, 0.698, 0.66, 0.76, 0.712, 0.894]]
20
20
Plot  0  Done
Average Retain Accuracies:  [0.6808, 0.6804, 0.6728, 0.6688, 0.6664, 0.6736, 0.6692, 0.6672, 0.664, 0.6696, 0.67, 0.6692, 0.6668, 0.6776, 0.6676, 0.6656, 0.676, 0.6748, 0.6716, 0.6676]
Average Forget Accuracies:  [0.7842105263157895, 0.7842736842105263, 0.7802947368421053, 0.7829052631578948, 0.7833473684210527, 0.7789052631578948, 0.7817894736842105, 0.7808842105263157, 0.7798947368421053, 0.7810736842105264, 0.780778947368421, 0.7832842105263158, 0.781157894736842, 0.7828421052631579, 0.776021052631579, 0.7793052631578947, 0.7798947368421053, 0.7680631578947369, 0.764, 0.7648]
Average Retain Test Accuracies:  [0.644, 0.644, 0.638, 0.636, 0.63, 0.638, 0.632, 0.632, 0.63, 0.64, 0.636, 0.65, 0.632, 0.642, 0.63, 0.642, 0.668, 0.662, 0.634, 0.652]
Average Forget Test Accuracies:  [0.7010526315789474, 0.7002105263157895, 0.6970526315789474, 0.7004210526315789, 0.7017894736842105, 0.6969473684210526, 0.7002105263157895, 0.6981052631578948, 0.6970526315789474, 0.6961052631578948, 0.6967368421052632, 0.7023157894736842, 0.6962105263157895, 0.698, 0.696, 0.6951578947368421, 0.6957894736842105, 0.686, 0.6791578947368421, 0.6838947368421052]
Done
