/dcs/large/u2145461/cs407/Machine-Unlearning-x-Continual-Learning-neggem/negGemGrad.py:446: UserWarning: The torch.cuda.*DtypeTensor constructors are no longer recommended. It's best to use methods such as torch.tensor(data, dtype=*, device='cuda') to create tensors. (Triggered internally at /pytorch/torch/csrc/tensor/python_tensor.cpp:78.)
  indx = torch.cuda.LongTensor(self.observed_tasks[:-1]) if self.gpu \

real	68m45.956s
user	280m20.084s
sys	18m0.824s
/dcs/large/u2145461/cs407/Machine-Unlearning-x-Continual-Learning-neggem/negGemGrad.py:446: UserWarning: The torch.cuda.*DtypeTensor constructors are no longer recommended. It's best to use methods such as torch.tensor(data, dtype=*, device='cuda') to create tensors. (Triggered internally at /pytorch/torch/csrc/tensor/python_tensor.cpp:78.)
  indx = torch.cuda.LongTensor(self.observed_tasks[:-1]) if self.gpu \

real	69m5.565s
user	287m10.845s
sys	17m54.842s
/dcs/large/u2145461/cs407/Machine-Unlearning-x-Continual-Learning-neggem/negGemGrad.py:446: UserWarning: The torch.cuda.*DtypeTensor constructors are no longer recommended. It's best to use methods such as torch.tensor(data, dtype=*, device='cuda') to create tensors. (Triggered internally at /pytorch/torch/csrc/tensor/python_tensor.cpp:78.)
  indx = torch.cuda.LongTensor(self.observed_tasks[:-1]) if self.gpu \

real	68m51.276s
user	282m23.655s
sys	18m0.383s
/dcs/large/u2145461/cs407/Machine-Unlearning-x-Continual-Learning-neggem/negGemGrad.py:446: UserWarning: The torch.cuda.*DtypeTensor constructors are no longer recommended. It's best to use methods such as torch.tensor(data, dtype=*, device='cuda') to create tensors. (Triggered internally at /pytorch/torch/csrc/tensor/python_tensor.cpp:78.)
  indx = torch.cuda.LongTensor(self.observed_tasks[:-1]) if self.gpu \

real	68m53.917s
user	282m41.663s
sys	18m9.290s
/dcs/large/u2145461/cs407/Machine-Unlearning-x-Continual-Learning-neggem/negGemGrad.py:446: UserWarning: The torch.cuda.*DtypeTensor constructors are no longer recommended. It's best to use methods such as torch.tensor(data, dtype=*, device='cuda') to create tensors. (Triggered internally at /pytorch/torch/csrc/tensor/python_tensor.cpp:78.)
  indx = torch.cuda.LongTensor(self.observed_tasks[:-1]) if self.gpu \

real	68m40.907s
user	280m27.126s
sys	17m53.206s
/dcs/large/u2145461/cs407/Machine-Unlearning-x-Continual-Learning-neggem/negGemGrad.py:446: UserWarning: The torch.cuda.*DtypeTensor constructors are no longer recommended. It's best to use methods such as torch.tensor(data, dtype=*, device='cuda') to create tensors. (Triggered internally at /pytorch/torch/csrc/tensor/python_tensor.cpp:78.)
  indx = torch.cuda.LongTensor(self.observed_tasks[:-1]) if self.gpu \

real	68m47.046s
user	281m59.354s
sys	18m3.247s
/dcs/large/u2145461/cs407/Machine-Unlearning-x-Continual-Learning-neggem/negGemGrad.py:446: UserWarning: The torch.cuda.*DtypeTensor constructors are no longer recommended. It's best to use methods such as torch.tensor(data, dtype=*, device='cuda') to create tensors. (Triggered internally at /pytorch/torch/csrc/tensor/python_tensor.cpp:78.)
  indx = torch.cuda.LongTensor(self.observed_tasks[:-1]) if self.gpu \

real	68m51.102s
user	282m48.985s
sys	18m3.059s
/dcs/large/u2145461/cs407/Machine-Unlearning-x-Continual-Learning-neggem/negGemGrad.py:446: UserWarning: The torch.cuda.*DtypeTensor constructors are no longer recommended. It's best to use methods such as torch.tensor(data, dtype=*, device='cuda') to create tensors. (Triggered internally at /pytorch/torch/csrc/tensor/python_tensor.cpp:78.)
  indx = torch.cuda.LongTensor(self.observed_tasks[:-1]) if self.gpu \

real	69m1.652s
user	287m11.260s
sys	18m6.815s
/dcs/large/u2145461/cs407/Machine-Unlearning-x-Continual-Learning-neggem/negGemGrad.py:446: UserWarning: The torch.cuda.*DtypeTensor constructors are no longer recommended. It's best to use methods such as torch.tensor(data, dtype=*, device='cuda') to create tensors. (Triggered internally at /pytorch/torch/csrc/tensor/python_tensor.cpp:78.)
  indx = torch.cuda.LongTensor(self.observed_tasks[:-1]) if self.gpu \

real	68m50.382s
user	280m29.925s
sys	17m39.042s
/dcs/large/u2145461/cs407/Machine-Unlearning-x-Continual-Learning-neggem/negGemGrad.py:446: UserWarning: The torch.cuda.*DtypeTensor constructors are no longer recommended. It's best to use methods such as torch.tensor(data, dtype=*, device='cuda') to create tensors. (Triggered internally at /pytorch/torch/csrc/tensor/python_tensor.cpp:78.)
  indx = torch.cuda.LongTensor(self.observed_tasks[:-1]) if self.gpu \

real	68m54.097s
user	282m29.076s
sys	18m5.505s
