Requirement already satisfied: pyyaml in /usr/lib64/python3.12/site-packages (6.0.1)
Requirement already satisfied: setuptools in /usr/lib/python3.12/site-packages (68.2.2)
Requirement already satisfied: matplotlib in /dcs/21/u2145461/.local/lib/python3.12/site-packages (3.10.1)
Requirement already satisfied: contourpy>=1.0.1 in /dcs/21/u2145461/.local/lib/python3.12/site-packages (from matplotlib) (1.3.1)
Requirement already satisfied: cycler>=0.10 in /dcs/21/u2145461/.local/lib/python3.12/site-packages (from matplotlib) (0.12.1)
Requirement already satisfied: fonttools>=4.22.0 in /dcs/21/u2145461/.local/lib/python3.12/site-packages (from matplotlib) (4.56.0)
Requirement already satisfied: kiwisolver>=1.3.1 in /dcs/21/u2145461/.local/lib/python3.12/site-packages (from matplotlib) (1.4.8)
Requirement already satisfied: numpy>=1.23 in /dcs/21/u2145461/.local/lib/python3.12/site-packages (from matplotlib) (2.2.3)
Requirement already satisfied: packaging>=20.0 in /dcs/21/u2145461/.local/lib/python3.12/site-packages (from matplotlib) (24.2)
Requirement already satisfied: pillow>=8 in /dcs/21/u2145461/.local/lib/python3.12/site-packages (from matplotlib) (11.0.0)
Requirement already satisfied: pyparsing>=2.3.1 in /dcs/21/u2145461/.local/lib/python3.12/site-packages (from matplotlib) (3.2.1)
Requirement already satisfied: python-dateutil>=2.7 in /dcs/21/u2145461/.local/lib/python3.12/site-packages (from matplotlib) (2.9.0.post0)
Requirement already satisfied: six>=1.5 in /dcs/21/u2145461/.local/lib/python3.12/site-packages (from python-dateutil>=2.7->matplotlib) (1.17.0)
Requirement already satisfied: quadprog in /dcs/21/u2145461/.local/lib/python3.12/site-packages (0.1.13)
Requirement already satisfied: numpy in /dcs/21/u2145461/.local/lib/python3.12/site-packages (from quadprog) (2.2.3)
Requirement already satisfied: pyparsing in /dcs/21/u2145461/.local/lib/python3.12/site-packages (3.2.1)
Requirement already satisfied: pandas in /dcs/21/u2145461/.local/lib/python3.12/site-packages (2.2.3)
Requirement already satisfied: numpy>=1.26.0 in /dcs/21/u2145461/.local/lib/python3.12/site-packages (from pandas) (2.2.3)
Requirement already satisfied: python-dateutil>=2.8.2 in /dcs/21/u2145461/.local/lib/python3.12/site-packages (from pandas) (2.9.0.post0)
Requirement already satisfied: pytz>=2020.1 in /dcs/21/u2145461/.local/lib/python3.12/site-packages (from pandas) (2025.1)
Requirement already satisfied: tzdata>=2022.7 in /dcs/21/u2145461/.local/lib/python3.12/site-packages (from pandas) (2025.1)
Requirement already satisfied: six>=1.5 in /dcs/21/u2145461/.local/lib/python3.12/site-packages (from python-dateutil>=2.8.2->pandas) (1.17.0)
Requirement already satisfied: numpy in /dcs/21/u2145461/.local/lib/python3.12/site-packages (2.2.3)
Fri Apr  4 20:28:37 2025       
+-----------------------------------------------------------------------------------------+
| NVIDIA-SMI 550.144.03             Driver Version: 550.144.03     CUDA Version: 12.4     |
|-----------------------------------------+------------------------+----------------------+
| GPU  Name                 Persistence-M | Bus-Id          Disp.A | Volatile Uncorr. ECC |
| Fan  Temp   Perf          Pwr:Usage/Cap |           Memory-Usage | GPU-Util  Compute M. |
|                                         |                        |               MIG M. |
|=========================================+========================+======================|
|   0  NVIDIA A10                     On  |   00000000:E1:00.0 Off |                    0 |
|  0%   26C    P8             15W /  150W |       1MiB /  23028MiB |      0%      Default |
|                                         |                        |                  N/A |
+-----------------------------------------+------------------------+----------------------+
                                                                                         
+-----------------------------------------------------------------------------------------+
| Processes:                                                                              |
|  GPU   GI   CI        PID   Type   Process name                              GPU Memory |
|        ID   ID                                                               Usage      |
|=========================================================================================|
|  No running processes found                                                             |
+-----------------------------------------------------------------------------------------+
Python 3.12.8
./cifar-100-python/train
./cifar-100-python/test
Unlearn Batch Size:  16
Unlearn MEM Strength:  0.6
cifar-100-python/train
cifar-100-python/test
new ordering of classes:  ['leopard', 'pickup truck', 'girl', 'plain', 'mouse', 'cans', 'house', 'skyscraper', 'lizard', 'boy', 'bee', 'cloud', 'dinosaur', 'maple', 'ray', 'butterfly', 'skunk', 'bus', 'mushrooms', 'crab', 'pine', 'camel', 'oranges', 'train', 'whale', 'road', 'sunflowers', 'orchids', 'bicycle', 'caterpillar', 'spider', 'crocodile', 'motorcycle', 'rocket', 'wardrobe', 'flatfish', 'kangaroo', 'otter', 'tulips', 'fox', 'bowls', 'forest', 'bear', 'aquarium fish', 'man', 'shrew', 'willow', 'seal', 'poppies', 'chair', 'porcupine', 'dolphin', 'lobster', 'trout', 'castle', 'lion', 'bridge', 'possum', 'table', 'elephant', 'mountain', 'rabbit', 'pears', 'computer keyboard', 'couch', 'beetle', 'television', 'worm', 'shark', 'sea', 'beaver', 'chimpanzee', 'bottles', 'lawn-mower', 'sweet peppers', 'raccoon', 'oak', 'plates', 'cockroach', 'clock', 'cattle', 'baby', 'streetcar', 'apples', 'snail', 'bed', 'hamster', 'palm', 'tractor', 'snake', 'lamp', 'tiger', 'roses', 'telephone', 'turtle', 'squirrel', 'woman', 'tank', 'cups', 'wolf']
Training task:  1
[0.43, 0.196, 0.186, 0.2, 0.148, 0.206, 0.2, 0.206, 0.174, 0.18, 0.148, 0.256, 0.33, 0.182, 0.134, 0.2, 0.188, 0.2, 0.202, 0.258]
Training task:  2
[0.53, 0.45, 0.2, 0.168, 0.214, 0.204, 0.2, 0.128, 0.178, 0.218, 0.152, 0.264, 0.294, 0.15, 0.19, 0.2, 0.194, 0.202, 0.2, 0.256]
Training task:  3
[0.556, 0.474, 0.52, 0.204, 0.238, 0.212, 0.188, 0.198, 0.198, 0.17, 0.164, 0.25, 0.19, 0.156, 0.226, 0.196, 0.104, 0.184, 0.2, 0.148]
Training task:  4
[0.518, 0.45, 0.586, 0.534, 0.27, 0.208, 0.138, 0.202, 0.226, 0.194, 0.174, 0.216, 0.25, 0.148, 0.128, 0.206, 0.096, 0.228, 0.192, 0.188]
Training task:  5
[0.492, 0.544, 0.712, 0.466, 0.716, 0.268, 0.192, 0.18, 0.22, 0.222, 0.15, 0.274, 0.246, 0.172, 0.166, 0.196, 0.07, 0.188, 0.19, 0.246]
Training task:  6
[0.55, 0.488, 0.568, 0.486, 0.71, 0.684, 0.16, 0.232, 0.22, 0.284, 0.16, 0.212, 0.242, 0.158, 0.15, 0.186, 0.12, 0.186, 0.172, 0.19]
Training task:  7
[0.524, 0.454, 0.552, 0.472, 0.63, 0.642, 0.504, 0.048, 0.234, 0.212, 0.178, 0.244, 0.278, 0.164, 0.152, 0.204, 0.086, 0.188, 0.194, 0.246]
Training task:  8
[0.57, 0.514, 0.536, 0.54, 0.73, 0.766, 0.606, 0.63, 0.184, 0.22, 0.194, 0.204, 0.266, 0.232, 0.124, 0.186, 0.13, 0.174, 0.166, 0.226]
Training task:  9
[0.558, 0.446, 0.568, 0.462, 0.676, 0.672, 0.546, 0.598, 0.5, 0.208, 0.192, 0.234, 0.222, 0.202, 0.118, 0.166, 0.058, 0.182, 0.168, 0.256]
Training task:  10
[0.584, 0.406, 0.618, 0.446, 0.636, 0.654, 0.596, 0.548, 0.416, 0.516, 0.202, 0.104, 0.214, 0.212, 0.188, 0.172, 0.092, 0.128, 0.168, 0.172]
Training task:  11
[0.632, 0.552, 0.68, 0.572, 0.736, 0.746, 0.67, 0.626, 0.526, 0.73, 0.6, 0.192, 0.178, 0.156, 0.146, 0.194, 0.052, 0.206, 0.136, 0.242]
Training task:  12
[0.62, 0.548, 0.606, 0.526, 0.682, 0.718, 0.604, 0.624, 0.486, 0.714, 0.53, 0.536, 0.178, 0.156, 0.158, 0.168, 0.082, 0.206, 0.172, 0.238]
Training task:  13
[0.616, 0.522, 0.684, 0.596, 0.758, 0.74, 0.622, 0.622, 0.56, 0.712, 0.604, 0.57, 0.606, 0.174, 0.152, 0.192, 0.084, 0.192, 0.144, 0.176]
Training task:  14
[0.638, 0.56, 0.704, 0.6, 0.724, 0.736, 0.664, 0.618, 0.552, 0.668, 0.604, 0.526, 0.606, 0.722, 0.2, 0.202, 0.092, 0.176, 0.15, 0.234]
Training task:  15
[0.588, 0.556, 0.472, 0.462, 0.652, 0.686, 0.592, 0.554, 0.446, 0.652, 0.576, 0.524, 0.52, 0.466, 0.482, 0.176, 0.104, 0.16, 0.178, 0.22]
Training task:  16
[0.644, 0.546, 0.63, 0.596, 0.708, 0.722, 0.69, 0.634, 0.534, 0.704, 0.62, 0.546, 0.594, 0.668, 0.64, 0.646, 0.068, 0.192, 0.162, 0.248]
Training task:  17
[0.546, 0.454, 0.584, 0.492, 0.682, 0.592, 0.614, 0.48, 0.462, 0.464, 0.544, 0.468, 0.458, 0.596, 0.464, 0.618, 0.446, 0.178, 0.162, 0.212]
Training task:  18
[0.626, 0.542, 0.654, 0.584, 0.746, 0.718, 0.678, 0.652, 0.546, 0.644, 0.608, 0.6, 0.626, 0.636, 0.664, 0.66, 0.572, 0.596, 0.114, 0.216]
Training task:  19
[0.636, 0.542, 0.638, 0.61, 0.728, 0.708, 0.634, 0.664, 0.558, 0.65, 0.6, 0.51, 0.584, 0.634, 0.672, 0.574, 0.642, 0.536, 0.602, 0.208]
Training task:  20
[0.656, 0.556, 0.618, 0.596, 0.732, 0.708, 0.698, 0.648, 0.566, 0.716, 0.598, 0.522, 0.598, 0.582, 0.682, 0.658, 0.664, 0.58, 0.658, 0.594]
Unlearning task:  20
Total correct retain:  1795  Total retain:  2500
Total correct forget:  31213  Total forget:  47500
Total correct test:  328  Total test:  500
Total correct forget test:  5987  Total test forget:  9500
[0.656]
[0.656, 0.556]
[0.656, 0.556, 0.618]
[0.656, 0.556, 0.618, 0.596]
[0.656, 0.556, 0.618, 0.596, 0.732]
[0.656, 0.556, 0.618, 0.596, 0.732, 0.708]
[0.656, 0.556, 0.618, 0.596, 0.732, 0.708, 0.698]
[0.656, 0.556, 0.618, 0.596, 0.732, 0.708, 0.698, 0.648]
[0.656, 0.556, 0.618, 0.596, 0.732, 0.708, 0.698, 0.648, 0.566]
[0.656, 0.556, 0.618, 0.596, 0.732, 0.708, 0.698, 0.648, 0.566, 0.716]
[0.656, 0.556, 0.618, 0.596, 0.732, 0.708, 0.698, 0.648, 0.566, 0.716, 0.598]
[0.656, 0.556, 0.618, 0.596, 0.732, 0.708, 0.698, 0.648, 0.566, 0.716, 0.598, 0.522]
[0.656, 0.556, 0.618, 0.596, 0.732, 0.708, 0.698, 0.648, 0.566, 0.716, 0.598, 0.522, 0.598]
[0.656, 0.556, 0.618, 0.596, 0.732, 0.708, 0.698, 0.648, 0.566, 0.716, 0.598, 0.522, 0.598, 0.582]
[0.656, 0.556, 0.618, 0.596, 0.732, 0.708, 0.698, 0.648, 0.566, 0.716, 0.598, 0.522, 0.598, 0.582, 0.682]
[0.656, 0.556, 0.618, 0.596, 0.732, 0.708, 0.698, 0.648, 0.566, 0.716, 0.598, 0.522, 0.598, 0.582, 0.682, 0.658]
[0.656, 0.556, 0.618, 0.596, 0.732, 0.708, 0.698, 0.648, 0.566, 0.716, 0.598, 0.522, 0.598, 0.582, 0.682, 0.658, 0.664]
[0.656, 0.556, 0.618, 0.596, 0.732, 0.708, 0.698, 0.648, 0.566, 0.716, 0.598, 0.522, 0.598, 0.582, 0.682, 0.658, 0.664, 0.58]
[0.656, 0.556, 0.618, 0.596, 0.732, 0.708, 0.698, 0.648, 0.566, 0.716, 0.598, 0.522, 0.598, 0.582, 0.682, 0.658, 0.664, 0.58, 0.658]
[0.656, 0.556, 0.618, 0.596, 0.732, 0.708, 0.698, 0.648, 0.566, 0.716, 0.598, 0.522, 0.598, 0.582, 0.682, 0.658, 0.664, 0.58, 0.658, 0.594]
Total correct retain:  1803  Total retain:  2500
Total correct forget:  31617  Total forget:  47500
Total correct test:  327  Total test:  500
Total correct forget test:  6062  Total test forget:  9500
[0.654]
[0.654, 0.564]
[0.654, 0.564, 0.61]
[0.654, 0.564, 0.61, 0.61]
[0.654, 0.564, 0.61, 0.61, 0.732]
[0.654, 0.564, 0.61, 0.61, 0.732, 0.688]
[0.654, 0.564, 0.61, 0.61, 0.732, 0.688, 0.688]
[0.654, 0.564, 0.61, 0.61, 0.732, 0.688, 0.688, 0.656]
[0.654, 0.564, 0.61, 0.61, 0.732, 0.688, 0.688, 0.656, 0.566]
[0.654, 0.564, 0.61, 0.61, 0.732, 0.688, 0.688, 0.656, 0.566, 0.734]
[0.654, 0.564, 0.61, 0.61, 0.732, 0.688, 0.688, 0.656, 0.566, 0.734, 0.62]
[0.654, 0.564, 0.61, 0.61, 0.732, 0.688, 0.688, 0.656, 0.566, 0.734, 0.62, 0.542]
[0.654, 0.564, 0.61, 0.61, 0.732, 0.688, 0.688, 0.656, 0.566, 0.734, 0.62, 0.542, 0.604]
[0.654, 0.564, 0.61, 0.61, 0.732, 0.688, 0.688, 0.656, 0.566, 0.734, 0.62, 0.542, 0.604, 0.618]
[0.654, 0.564, 0.61, 0.61, 0.732, 0.688, 0.688, 0.656, 0.566, 0.734, 0.62, 0.542, 0.604, 0.618, 0.706]
[0.654, 0.564, 0.61, 0.61, 0.732, 0.688, 0.688, 0.656, 0.566, 0.734, 0.62, 0.542, 0.604, 0.618, 0.706, 0.67]
[0.654, 0.564, 0.61, 0.61, 0.732, 0.688, 0.688, 0.656, 0.566, 0.734, 0.62, 0.542, 0.604, 0.618, 0.706, 0.67, 0.66]
[0.654, 0.564, 0.61, 0.61, 0.732, 0.688, 0.688, 0.656, 0.566, 0.734, 0.62, 0.542, 0.604, 0.618, 0.706, 0.67, 0.66, 0.572]
[0.654, 0.564, 0.61, 0.61, 0.732, 0.688, 0.688, 0.656, 0.566, 0.734, 0.62, 0.542, 0.604, 0.618, 0.706, 0.67, 0.66, 0.572, 0.682]
[0.654, 0.564, 0.61, 0.61, 0.732, 0.688, 0.688, 0.656, 0.566, 0.734, 0.62, 0.542, 0.604, 0.618, 0.706, 0.67, 0.66, 0.572, 0.682, 0.602]
Total correct retain:  1799  Total retain:  2500
Total correct forget:  31588  Total forget:  47500
Total correct test:  328  Total test:  500
Total correct forget test:  6065  Total test forget:  9500
[0.656]
[0.656, 0.566]
[0.656, 0.566, 0.608]
[0.656, 0.566, 0.608, 0.61]
[0.656, 0.566, 0.608, 0.61, 0.734]
[0.656, 0.566, 0.608, 0.61, 0.734, 0.688]
[0.656, 0.566, 0.608, 0.61, 0.734, 0.688, 0.69]
[0.656, 0.566, 0.608, 0.61, 0.734, 0.688, 0.69, 0.65]
[0.656, 0.566, 0.608, 0.61, 0.734, 0.688, 0.69, 0.65, 0.564]
[0.656, 0.566, 0.608, 0.61, 0.734, 0.688, 0.69, 0.65, 0.564, 0.726]
[0.656, 0.566, 0.608, 0.61, 0.734, 0.688, 0.69, 0.65, 0.564, 0.726, 0.62]
[0.656, 0.566, 0.608, 0.61, 0.734, 0.688, 0.69, 0.65, 0.564, 0.726, 0.62, 0.538]
[0.656, 0.566, 0.608, 0.61, 0.734, 0.688, 0.69, 0.65, 0.564, 0.726, 0.62, 0.538, 0.61]
[0.656, 0.566, 0.608, 0.61, 0.734, 0.688, 0.69, 0.65, 0.564, 0.726, 0.62, 0.538, 0.61, 0.62]
[0.656, 0.566, 0.608, 0.61, 0.734, 0.688, 0.69, 0.65, 0.564, 0.726, 0.62, 0.538, 0.61, 0.62, 0.706]
[0.656, 0.566, 0.608, 0.61, 0.734, 0.688, 0.69, 0.65, 0.564, 0.726, 0.62, 0.538, 0.61, 0.62, 0.706, 0.668]
[0.656, 0.566, 0.608, 0.61, 0.734, 0.688, 0.69, 0.65, 0.564, 0.726, 0.62, 0.538, 0.61, 0.62, 0.706, 0.668, 0.666]
[0.656, 0.566, 0.608, 0.61, 0.734, 0.688, 0.69, 0.65, 0.564, 0.726, 0.62, 0.538, 0.61, 0.62, 0.706, 0.668, 0.666, 0.574]
[0.656, 0.566, 0.608, 0.61, 0.734, 0.688, 0.69, 0.65, 0.564, 0.726, 0.62, 0.538, 0.61, 0.62, 0.706, 0.668, 0.666, 0.574, 0.69]
[0.656, 0.566, 0.608, 0.61, 0.734, 0.688, 0.69, 0.65, 0.564, 0.726, 0.62, 0.538, 0.61, 0.62, 0.706, 0.668, 0.666, 0.574, 0.69, 0.602]
Total correct retain:  1815  Total retain:  2500
Total correct forget:  31663  Total forget:  47500
Total correct test:  329  Total test:  500
Total correct forget test:  6064  Total test forget:  9500
[0.658]
[0.658, 0.568]
[0.658, 0.568, 0.614]
[0.658, 0.568, 0.614, 0.606]
[0.658, 0.568, 0.614, 0.606, 0.734]
[0.658, 0.568, 0.614, 0.606, 0.734, 0.69]
[0.658, 0.568, 0.614, 0.606, 0.734, 0.69, 0.688]
[0.658, 0.568, 0.614, 0.606, 0.734, 0.69, 0.688, 0.646]
[0.658, 0.568, 0.614, 0.606, 0.734, 0.69, 0.688, 0.646, 0.562]
[0.658, 0.568, 0.614, 0.606, 0.734, 0.69, 0.688, 0.646, 0.562, 0.73]
[0.658, 0.568, 0.614, 0.606, 0.734, 0.69, 0.688, 0.646, 0.562, 0.73, 0.618]
[0.658, 0.568, 0.614, 0.606, 0.734, 0.69, 0.688, 0.646, 0.562, 0.73, 0.618, 0.542]
[0.658, 0.568, 0.614, 0.606, 0.734, 0.69, 0.688, 0.646, 0.562, 0.73, 0.618, 0.542, 0.61]
[0.658, 0.568, 0.614, 0.606, 0.734, 0.69, 0.688, 0.646, 0.562, 0.73, 0.618, 0.542, 0.61, 0.616]
[0.658, 0.568, 0.614, 0.606, 0.734, 0.69, 0.688, 0.646, 0.562, 0.73, 0.618, 0.542, 0.61, 0.616, 0.704]
[0.658, 0.568, 0.614, 0.606, 0.734, 0.69, 0.688, 0.646, 0.562, 0.73, 0.618, 0.542, 0.61, 0.616, 0.704, 0.674]
[0.658, 0.568, 0.614, 0.606, 0.734, 0.69, 0.688, 0.646, 0.562, 0.73, 0.618, 0.542, 0.61, 0.616, 0.704, 0.674, 0.66]
[0.658, 0.568, 0.614, 0.606, 0.734, 0.69, 0.688, 0.646, 0.562, 0.73, 0.618, 0.542, 0.61, 0.616, 0.704, 0.674, 0.66, 0.576]
[0.658, 0.568, 0.614, 0.606, 0.734, 0.69, 0.688, 0.646, 0.562, 0.73, 0.618, 0.542, 0.61, 0.616, 0.704, 0.674, 0.66, 0.576, 0.68]
[0.658, 0.568, 0.614, 0.606, 0.734, 0.69, 0.688, 0.646, 0.562, 0.73, 0.618, 0.542, 0.61, 0.616, 0.704, 0.674, 0.66, 0.576, 0.68, 0.61]
Total correct retain:  1809  Total retain:  2500
Total correct forget:  31602  Total forget:  47500
Total correct test:  334  Total test:  500
Total correct forget test:  6054  Total test forget:  9500
[0.668]
[0.668, 0.56]
[0.668, 0.56, 0.612]
[0.668, 0.56, 0.612, 0.606]
[0.668, 0.56, 0.612, 0.606, 0.73]
[0.668, 0.56, 0.612, 0.606, 0.73, 0.69]
[0.668, 0.56, 0.612, 0.606, 0.73, 0.69, 0.696]
[0.668, 0.56, 0.612, 0.606, 0.73, 0.69, 0.696, 0.644]
[0.668, 0.56, 0.612, 0.606, 0.73, 0.69, 0.696, 0.644, 0.558]
[0.668, 0.56, 0.612, 0.606, 0.73, 0.69, 0.696, 0.644, 0.558, 0.726]
[0.668, 0.56, 0.612, 0.606, 0.73, 0.69, 0.696, 0.644, 0.558, 0.726, 0.622]
[0.668, 0.56, 0.612, 0.606, 0.73, 0.69, 0.696, 0.644, 0.558, 0.726, 0.622, 0.536]
[0.668, 0.56, 0.612, 0.606, 0.73, 0.69, 0.696, 0.644, 0.558, 0.726, 0.622, 0.536, 0.608]
[0.668, 0.56, 0.612, 0.606, 0.73, 0.69, 0.696, 0.644, 0.558, 0.726, 0.622, 0.536, 0.608, 0.612]
[0.668, 0.56, 0.612, 0.606, 0.73, 0.69, 0.696, 0.644, 0.558, 0.726, 0.622, 0.536, 0.608, 0.612, 0.696]
[0.668, 0.56, 0.612, 0.606, 0.73, 0.69, 0.696, 0.644, 0.558, 0.726, 0.622, 0.536, 0.608, 0.612, 0.696, 0.672]
[0.668, 0.56, 0.612, 0.606, 0.73, 0.69, 0.696, 0.644, 0.558, 0.726, 0.622, 0.536, 0.608, 0.612, 0.696, 0.672, 0.672]
[0.668, 0.56, 0.612, 0.606, 0.73, 0.69, 0.696, 0.644, 0.558, 0.726, 0.622, 0.536, 0.608, 0.612, 0.696, 0.672, 0.672, 0.574]
[0.668, 0.56, 0.612, 0.606, 0.73, 0.69, 0.696, 0.644, 0.558, 0.726, 0.622, 0.536, 0.608, 0.612, 0.696, 0.672, 0.672, 0.574, 0.688]
[0.668, 0.56, 0.612, 0.606, 0.73, 0.69, 0.696, 0.644, 0.558, 0.726, 0.622, 0.536, 0.608, 0.612, 0.696, 0.672, 0.672, 0.574, 0.688, 0.606]
Total correct retain:  1826  Total retain:  2500
Total correct forget:  31703  Total forget:  47500
Total correct test:  335  Total test:  500
Total correct forget test:  6069  Total test forget:  9500
[0.67]
[0.67, 0.564]
[0.67, 0.564, 0.618]
[0.67, 0.564, 0.618, 0.606]
[0.67, 0.564, 0.618, 0.606, 0.73]
[0.67, 0.564, 0.618, 0.606, 0.73, 0.694]
[0.67, 0.564, 0.618, 0.606, 0.73, 0.694, 0.694]
[0.67, 0.564, 0.618, 0.606, 0.73, 0.694, 0.694, 0.648]
[0.67, 0.564, 0.618, 0.606, 0.73, 0.694, 0.694, 0.648, 0.562]
[0.67, 0.564, 0.618, 0.606, 0.73, 0.694, 0.694, 0.648, 0.562, 0.73]
[0.67, 0.564, 0.618, 0.606, 0.73, 0.694, 0.694, 0.648, 0.562, 0.73, 0.618]
[0.67, 0.564, 0.618, 0.606, 0.73, 0.694, 0.694, 0.648, 0.562, 0.73, 0.618, 0.526]
[0.67, 0.564, 0.618, 0.606, 0.73, 0.694, 0.694, 0.648, 0.562, 0.73, 0.618, 0.526, 0.612]
[0.67, 0.564, 0.618, 0.606, 0.73, 0.694, 0.694, 0.648, 0.562, 0.73, 0.618, 0.526, 0.612, 0.624]
[0.67, 0.564, 0.618, 0.606, 0.73, 0.694, 0.694, 0.648, 0.562, 0.73, 0.618, 0.526, 0.612, 0.624, 0.704]
[0.67, 0.564, 0.618, 0.606, 0.73, 0.694, 0.694, 0.648, 0.562, 0.73, 0.618, 0.526, 0.612, 0.624, 0.704, 0.674]
[0.67, 0.564, 0.618, 0.606, 0.73, 0.694, 0.694, 0.648, 0.562, 0.73, 0.618, 0.526, 0.612, 0.624, 0.704, 0.674, 0.658]
[0.67, 0.564, 0.618, 0.606, 0.73, 0.694, 0.694, 0.648, 0.562, 0.73, 0.618, 0.526, 0.612, 0.624, 0.704, 0.674, 0.658, 0.578]
[0.67, 0.564, 0.618, 0.606, 0.73, 0.694, 0.694, 0.648, 0.562, 0.73, 0.618, 0.526, 0.612, 0.624, 0.704, 0.674, 0.658, 0.578, 0.688]
[0.67, 0.564, 0.618, 0.606, 0.73, 0.694, 0.694, 0.648, 0.562, 0.73, 0.618, 0.526, 0.612, 0.624, 0.704, 0.674, 0.658, 0.578, 0.688, 0.61]
Total correct retain:  1802  Total retain:  2500
Total correct forget:  31623  Total forget:  47500
Total correct test:  329  Total test:  500
Total correct forget test:  6047  Total test forget:  9500
[0.658]
[0.658, 0.568]
[0.658, 0.568, 0.614]
[0.658, 0.568, 0.614, 0.606]
[0.658, 0.568, 0.614, 0.606, 0.734]
[0.658, 0.568, 0.614, 0.606, 0.734, 0.69]
[0.658, 0.568, 0.614, 0.606, 0.734, 0.69, 0.696]
[0.658, 0.568, 0.614, 0.606, 0.734, 0.69, 0.696, 0.638]
[0.658, 0.568, 0.614, 0.606, 0.734, 0.69, 0.696, 0.638, 0.554]
[0.658, 0.568, 0.614, 0.606, 0.734, 0.69, 0.696, 0.638, 0.554, 0.72]
[0.658, 0.568, 0.614, 0.606, 0.734, 0.69, 0.696, 0.638, 0.554, 0.72, 0.616]
[0.658, 0.568, 0.614, 0.606, 0.734, 0.69, 0.696, 0.638, 0.554, 0.72, 0.616, 0.524]
[0.658, 0.568, 0.614, 0.606, 0.734, 0.69, 0.696, 0.638, 0.554, 0.72, 0.616, 0.524, 0.614]
[0.658, 0.568, 0.614, 0.606, 0.734, 0.69, 0.696, 0.638, 0.554, 0.72, 0.616, 0.524, 0.614, 0.626]
[0.658, 0.568, 0.614, 0.606, 0.734, 0.69, 0.696, 0.638, 0.554, 0.72, 0.616, 0.524, 0.614, 0.626, 0.704]
[0.658, 0.568, 0.614, 0.606, 0.734, 0.69, 0.696, 0.638, 0.554, 0.72, 0.616, 0.524, 0.614, 0.626, 0.704, 0.67]
[0.658, 0.568, 0.614, 0.606, 0.734, 0.69, 0.696, 0.638, 0.554, 0.72, 0.616, 0.524, 0.614, 0.626, 0.704, 0.67, 0.664]
[0.658, 0.568, 0.614, 0.606, 0.734, 0.69, 0.696, 0.638, 0.554, 0.72, 0.616, 0.524, 0.614, 0.626, 0.704, 0.67, 0.664, 0.57]
[0.658, 0.568, 0.614, 0.606, 0.734, 0.69, 0.696, 0.638, 0.554, 0.72, 0.616, 0.524, 0.614, 0.626, 0.704, 0.67, 0.664, 0.57, 0.682]
[0.658, 0.568, 0.614, 0.606, 0.734, 0.69, 0.696, 0.638, 0.554, 0.72, 0.616, 0.524, 0.614, 0.626, 0.704, 0.67, 0.664, 0.57, 0.682, 0.604]
Total correct retain:  1819  Total retain:  2500
Total correct forget:  31703  Total forget:  47500
Total correct test:  329  Total test:  500
Total correct forget test:  6072  Total test forget:  9500
[0.658]
[0.658, 0.572]
[0.658, 0.572, 0.626]
[0.658, 0.572, 0.626, 0.596]
[0.658, 0.572, 0.626, 0.596, 0.736]
[0.658, 0.572, 0.626, 0.596, 0.736, 0.696]
[0.658, 0.572, 0.626, 0.596, 0.736, 0.696, 0.692]
[0.658, 0.572, 0.626, 0.596, 0.736, 0.696, 0.692, 0.646]
[0.658, 0.572, 0.626, 0.596, 0.736, 0.696, 0.692, 0.646, 0.564]
[0.658, 0.572, 0.626, 0.596, 0.736, 0.696, 0.692, 0.646, 0.564, 0.72]
[0.658, 0.572, 0.626, 0.596, 0.736, 0.696, 0.692, 0.646, 0.564, 0.72, 0.622]
[0.658, 0.572, 0.626, 0.596, 0.736, 0.696, 0.692, 0.646, 0.564, 0.72, 0.622, 0.532]
[0.658, 0.572, 0.626, 0.596, 0.736, 0.696, 0.692, 0.646, 0.564, 0.72, 0.622, 0.532, 0.602]
[0.658, 0.572, 0.626, 0.596, 0.736, 0.696, 0.692, 0.646, 0.564, 0.72, 0.622, 0.532, 0.602, 0.636]
[0.658, 0.572, 0.626, 0.596, 0.736, 0.696, 0.692, 0.646, 0.564, 0.72, 0.622, 0.532, 0.602, 0.636, 0.7]
[0.658, 0.572, 0.626, 0.596, 0.736, 0.696, 0.692, 0.646, 0.564, 0.72, 0.622, 0.532, 0.602, 0.636, 0.7, 0.674]
[0.658, 0.572, 0.626, 0.596, 0.736, 0.696, 0.692, 0.646, 0.564, 0.72, 0.622, 0.532, 0.602, 0.636, 0.7, 0.674, 0.662]
[0.658, 0.572, 0.626, 0.596, 0.736, 0.696, 0.692, 0.646, 0.564, 0.72, 0.622, 0.532, 0.602, 0.636, 0.7, 0.674, 0.662, 0.574]
[0.658, 0.572, 0.626, 0.596, 0.736, 0.696, 0.692, 0.646, 0.564, 0.72, 0.622, 0.532, 0.602, 0.636, 0.7, 0.674, 0.662, 0.574, 0.682]
[0.658, 0.572, 0.626, 0.596, 0.736, 0.696, 0.692, 0.646, 0.564, 0.72, 0.622, 0.532, 0.602, 0.636, 0.7, 0.674, 0.662, 0.574, 0.682, 0.612]
Total correct retain:  1813  Total retain:  2500
Total correct forget:  31625  Total forget:  47500
Total correct test:  328  Total test:  500
Total correct forget test:  6052  Total test forget:  9500
[0.656]
[0.656, 0.566]
[0.656, 0.566, 0.608]
[0.656, 0.566, 0.608, 0.602]
[0.656, 0.566, 0.608, 0.602, 0.736]
[0.656, 0.566, 0.608, 0.602, 0.736, 0.698]
[0.656, 0.566, 0.608, 0.602, 0.736, 0.698, 0.694]
[0.656, 0.566, 0.608, 0.602, 0.736, 0.698, 0.694, 0.648]
[0.656, 0.566, 0.608, 0.602, 0.736, 0.698, 0.694, 0.648, 0.556]
[0.656, 0.566, 0.608, 0.602, 0.736, 0.698, 0.694, 0.648, 0.556, 0.724]
[0.656, 0.566, 0.608, 0.602, 0.736, 0.698, 0.694, 0.648, 0.556, 0.724, 0.614]
[0.656, 0.566, 0.608, 0.602, 0.736, 0.698, 0.694, 0.648, 0.556, 0.724, 0.614, 0.524]
[0.656, 0.566, 0.608, 0.602, 0.736, 0.698, 0.694, 0.648, 0.556, 0.724, 0.614, 0.524, 0.614]
[0.656, 0.566, 0.608, 0.602, 0.736, 0.698, 0.694, 0.648, 0.556, 0.724, 0.614, 0.524, 0.614, 0.618]
[0.656, 0.566, 0.608, 0.602, 0.736, 0.698, 0.694, 0.648, 0.556, 0.724, 0.614, 0.524, 0.614, 0.618, 0.694]
[0.656, 0.566, 0.608, 0.602, 0.736, 0.698, 0.694, 0.648, 0.556, 0.724, 0.614, 0.524, 0.614, 0.618, 0.694, 0.67]
[0.656, 0.566, 0.608, 0.602, 0.736, 0.698, 0.694, 0.648, 0.556, 0.724, 0.614, 0.524, 0.614, 0.618, 0.694, 0.67, 0.664]
[0.656, 0.566, 0.608, 0.602, 0.736, 0.698, 0.694, 0.648, 0.556, 0.724, 0.614, 0.524, 0.614, 0.618, 0.694, 0.67, 0.664, 0.58]
[0.656, 0.566, 0.608, 0.602, 0.736, 0.698, 0.694, 0.648, 0.556, 0.724, 0.614, 0.524, 0.614, 0.618, 0.694, 0.67, 0.664, 0.58, 0.682]
[0.656, 0.566, 0.608, 0.602, 0.736, 0.698, 0.694, 0.648, 0.556, 0.724, 0.614, 0.524, 0.614, 0.618, 0.694, 0.67, 0.664, 0.58, 0.682, 0.612]
Total correct retain:  1798  Total retain:  2500
Total correct forget:  31565  Total forget:  47500
Total correct test:  324  Total test:  500
Total correct forget test:  6026  Total test forget:  9500
[0.648]
[0.648, 0.57]
[0.648, 0.57, 0.608]
[0.648, 0.57, 0.608, 0.596]
[0.648, 0.57, 0.608, 0.596, 0.732]
[0.648, 0.57, 0.608, 0.596, 0.732, 0.702]
[0.648, 0.57, 0.608, 0.596, 0.732, 0.702, 0.696]
[0.648, 0.57, 0.608, 0.596, 0.732, 0.702, 0.696, 0.646]
[0.648, 0.57, 0.608, 0.596, 0.732, 0.702, 0.696, 0.646, 0.556]
[0.648, 0.57, 0.608, 0.596, 0.732, 0.702, 0.696, 0.646, 0.556, 0.72]
[0.648, 0.57, 0.608, 0.596, 0.732, 0.702, 0.696, 0.646, 0.556, 0.72, 0.616]
[0.648, 0.57, 0.608, 0.596, 0.732, 0.702, 0.696, 0.646, 0.556, 0.72, 0.616, 0.52]
[0.648, 0.57, 0.608, 0.596, 0.732, 0.702, 0.696, 0.646, 0.556, 0.72, 0.616, 0.52, 0.606]
[0.648, 0.57, 0.608, 0.596, 0.732, 0.702, 0.696, 0.646, 0.556, 0.72, 0.616, 0.52, 0.606, 0.616]
[0.648, 0.57, 0.608, 0.596, 0.732, 0.702, 0.696, 0.646, 0.556, 0.72, 0.616, 0.52, 0.606, 0.616, 0.692]
[0.648, 0.57, 0.608, 0.596, 0.732, 0.702, 0.696, 0.646, 0.556, 0.72, 0.616, 0.52, 0.606, 0.616, 0.692, 0.662]
[0.648, 0.57, 0.608, 0.596, 0.732, 0.702, 0.696, 0.646, 0.556, 0.72, 0.616, 0.52, 0.606, 0.616, 0.692, 0.662, 0.664]
[0.648, 0.57, 0.608, 0.596, 0.732, 0.702, 0.696, 0.646, 0.556, 0.72, 0.616, 0.52, 0.606, 0.616, 0.692, 0.662, 0.664, 0.574]
[0.648, 0.57, 0.608, 0.596, 0.732, 0.702, 0.696, 0.646, 0.556, 0.72, 0.616, 0.52, 0.606, 0.616, 0.692, 0.662, 0.664, 0.574, 0.672]
[0.648, 0.57, 0.608, 0.596, 0.732, 0.702, 0.696, 0.646, 0.556, 0.72, 0.616, 0.52, 0.606, 0.616, 0.692, 0.662, 0.664, 0.574, 0.672, 0.604]
Total correct retain:  1794  Total retain:  2500
Total correct forget:  31525  Total forget:  47500
Total correct test:  326  Total test:  500
Total correct forget test:  6027  Total test forget:  9500
[0.652]
[0.652, 0.566]
[0.652, 0.566, 0.61]
[0.652, 0.566, 0.61, 0.59]
[0.652, 0.566, 0.61, 0.59, 0.73]
[0.652, 0.566, 0.61, 0.59, 0.73, 0.698]
[0.652, 0.566, 0.61, 0.59, 0.73, 0.698, 0.698]
[0.652, 0.566, 0.61, 0.59, 0.73, 0.698, 0.698, 0.64]
[0.652, 0.566, 0.61, 0.59, 0.73, 0.698, 0.698, 0.64, 0.55]
[0.652, 0.566, 0.61, 0.59, 0.73, 0.698, 0.698, 0.64, 0.55, 0.722]
[0.652, 0.566, 0.61, 0.59, 0.73, 0.698, 0.698, 0.64, 0.55, 0.722, 0.616]
[0.652, 0.566, 0.61, 0.59, 0.73, 0.698, 0.698, 0.64, 0.55, 0.722, 0.616, 0.528]
[0.652, 0.566, 0.61, 0.59, 0.73, 0.698, 0.698, 0.64, 0.55, 0.722, 0.616, 0.528, 0.614]
[0.652, 0.566, 0.61, 0.59, 0.73, 0.698, 0.698, 0.64, 0.55, 0.722, 0.616, 0.528, 0.614, 0.618]
[0.652, 0.566, 0.61, 0.59, 0.73, 0.698, 0.698, 0.64, 0.55, 0.722, 0.616, 0.528, 0.614, 0.618, 0.688]
[0.652, 0.566, 0.61, 0.59, 0.73, 0.698, 0.698, 0.64, 0.55, 0.722, 0.616, 0.528, 0.614, 0.618, 0.688, 0.672]
[0.652, 0.566, 0.61, 0.59, 0.73, 0.698, 0.698, 0.64, 0.55, 0.722, 0.616, 0.528, 0.614, 0.618, 0.688, 0.672, 0.662]
[0.652, 0.566, 0.61, 0.59, 0.73, 0.698, 0.698, 0.64, 0.55, 0.722, 0.616, 0.528, 0.614, 0.618, 0.688, 0.672, 0.662, 0.568]
[0.652, 0.566, 0.61, 0.59, 0.73, 0.698, 0.698, 0.64, 0.55, 0.722, 0.616, 0.528, 0.614, 0.618, 0.688, 0.672, 0.662, 0.568, 0.678]
[0.652, 0.566, 0.61, 0.59, 0.73, 0.698, 0.698, 0.64, 0.55, 0.722, 0.616, 0.528, 0.614, 0.618, 0.688, 0.672, 0.662, 0.568, 0.678, 0.606]
Total correct retain:  1786  Total retain:  2500
Total correct forget:  31371  Total forget:  47500
Total correct test:  326  Total test:  500
Total correct forget test:  6000  Total test forget:  9500
[0.652]
[0.652, 0.556]
[0.652, 0.556, 0.61]
[0.652, 0.556, 0.61, 0.59]
[0.652, 0.556, 0.61, 0.59, 0.73]
[0.652, 0.556, 0.61, 0.59, 0.73, 0.692]
[0.652, 0.556, 0.61, 0.59, 0.73, 0.692, 0.694]
[0.652, 0.556, 0.61, 0.59, 0.73, 0.692, 0.694, 0.648]
[0.652, 0.556, 0.61, 0.59, 0.73, 0.692, 0.694, 0.648, 0.552]
[0.652, 0.556, 0.61, 0.59, 0.73, 0.692, 0.694, 0.648, 0.552, 0.73]
[0.652, 0.556, 0.61, 0.59, 0.73, 0.692, 0.694, 0.648, 0.552, 0.73, 0.606]
[0.652, 0.556, 0.61, 0.59, 0.73, 0.692, 0.694, 0.648, 0.552, 0.73, 0.606, 0.51]
[0.652, 0.556, 0.61, 0.59, 0.73, 0.692, 0.694, 0.648, 0.552, 0.73, 0.606, 0.51, 0.614]
[0.652, 0.556, 0.61, 0.59, 0.73, 0.692, 0.694, 0.648, 0.552, 0.73, 0.606, 0.51, 0.614, 0.612]
[0.652, 0.556, 0.61, 0.59, 0.73, 0.692, 0.694, 0.648, 0.552, 0.73, 0.606, 0.51, 0.614, 0.612, 0.678]
[0.652, 0.556, 0.61, 0.59, 0.73, 0.692, 0.694, 0.648, 0.552, 0.73, 0.606, 0.51, 0.614, 0.612, 0.678, 0.674]
[0.652, 0.556, 0.61, 0.59, 0.73, 0.692, 0.694, 0.648, 0.552, 0.73, 0.606, 0.51, 0.614, 0.612, 0.678, 0.674, 0.664]
[0.652, 0.556, 0.61, 0.59, 0.73, 0.692, 0.694, 0.648, 0.552, 0.73, 0.606, 0.51, 0.614, 0.612, 0.678, 0.674, 0.664, 0.562]
[0.652, 0.556, 0.61, 0.59, 0.73, 0.692, 0.694, 0.648, 0.552, 0.73, 0.606, 0.51, 0.614, 0.612, 0.678, 0.674, 0.664, 0.562, 0.682]
[0.652, 0.556, 0.61, 0.59, 0.73, 0.692, 0.694, 0.648, 0.552, 0.73, 0.606, 0.51, 0.614, 0.612, 0.678, 0.674, 0.664, 0.562, 0.682, 0.596]
Total correct retain:  1793  Total retain:  2500
Total correct forget:  31495  Total forget:  47500
Total correct test:  328  Total test:  500
Total correct forget test:  6032  Total test forget:  9500
[0.656]
[0.656, 0.572]
[0.656, 0.572, 0.612]
[0.656, 0.572, 0.612, 0.59]
[0.656, 0.572, 0.612, 0.59, 0.73]
[0.656, 0.572, 0.612, 0.59, 0.73, 0.688]
[0.656, 0.572, 0.612, 0.59, 0.73, 0.688, 0.694]
[0.656, 0.572, 0.612, 0.59, 0.73, 0.688, 0.694, 0.64]
[0.656, 0.572, 0.612, 0.59, 0.73, 0.688, 0.694, 0.64, 0.564]
[0.656, 0.572, 0.612, 0.59, 0.73, 0.688, 0.694, 0.64, 0.564, 0.712]
[0.656, 0.572, 0.612, 0.59, 0.73, 0.688, 0.694, 0.64, 0.564, 0.712, 0.61]
[0.656, 0.572, 0.612, 0.59, 0.73, 0.688, 0.694, 0.64, 0.564, 0.712, 0.61, 0.518]
[0.656, 0.572, 0.612, 0.59, 0.73, 0.688, 0.694, 0.64, 0.564, 0.712, 0.61, 0.518, 0.606]
[0.656, 0.572, 0.612, 0.59, 0.73, 0.688, 0.694, 0.64, 0.564, 0.712, 0.61, 0.518, 0.606, 0.626]
[0.656, 0.572, 0.612, 0.59, 0.73, 0.688, 0.694, 0.64, 0.564, 0.712, 0.61, 0.518, 0.606, 0.626, 0.696]
[0.656, 0.572, 0.612, 0.59, 0.73, 0.688, 0.694, 0.64, 0.564, 0.712, 0.61, 0.518, 0.606, 0.626, 0.696, 0.668]
[0.656, 0.572, 0.612, 0.59, 0.73, 0.688, 0.694, 0.64, 0.564, 0.712, 0.61, 0.518, 0.606, 0.626, 0.696, 0.668, 0.666]
[0.656, 0.572, 0.612, 0.59, 0.73, 0.688, 0.694, 0.64, 0.564, 0.712, 0.61, 0.518, 0.606, 0.626, 0.696, 0.668, 0.666, 0.576]
[0.656, 0.572, 0.612, 0.59, 0.73, 0.688, 0.694, 0.64, 0.564, 0.712, 0.61, 0.518, 0.606, 0.626, 0.696, 0.668, 0.666, 0.576, 0.684]
[0.656, 0.572, 0.612, 0.59, 0.73, 0.688, 0.694, 0.64, 0.564, 0.712, 0.61, 0.518, 0.606, 0.626, 0.696, 0.668, 0.666, 0.576, 0.684, 0.612]
Total correct retain:  1803  Total retain:  2500
Total correct forget:  31597  Total forget:  47500
Total correct test:  328  Total test:  500
Total correct forget test:  6040  Total test forget:  9500
[0.656]
[0.656, 0.568]
[0.656, 0.568, 0.616]
[0.656, 0.568, 0.616, 0.586]
[0.656, 0.568, 0.616, 0.586, 0.732]
[0.656, 0.568, 0.616, 0.586, 0.732, 0.698]
[0.656, 0.568, 0.616, 0.586, 0.732, 0.698, 0.692]
[0.656, 0.568, 0.616, 0.586, 0.732, 0.698, 0.692, 0.646]
[0.656, 0.568, 0.616, 0.586, 0.732, 0.698, 0.692, 0.646, 0.552]
[0.656, 0.568, 0.616, 0.586, 0.732, 0.698, 0.692, 0.646, 0.552, 0.714]
[0.656, 0.568, 0.616, 0.586, 0.732, 0.698, 0.692, 0.646, 0.552, 0.714, 0.618]
[0.656, 0.568, 0.616, 0.586, 0.732, 0.698, 0.692, 0.646, 0.552, 0.714, 0.618, 0.528]
[0.656, 0.568, 0.616, 0.586, 0.732, 0.698, 0.692, 0.646, 0.552, 0.714, 0.618, 0.528, 0.612]
[0.656, 0.568, 0.616, 0.586, 0.732, 0.698, 0.692, 0.646, 0.552, 0.714, 0.618, 0.528, 0.612, 0.63]
[0.656, 0.568, 0.616, 0.586, 0.732, 0.698, 0.692, 0.646, 0.552, 0.714, 0.618, 0.528, 0.612, 0.63, 0.684]
[0.656, 0.568, 0.616, 0.586, 0.732, 0.698, 0.692, 0.646, 0.552, 0.714, 0.618, 0.528, 0.612, 0.63, 0.684, 0.674]
[0.656, 0.568, 0.616, 0.586, 0.732, 0.698, 0.692, 0.646, 0.552, 0.714, 0.618, 0.528, 0.612, 0.63, 0.684, 0.674, 0.656]
[0.656, 0.568, 0.616, 0.586, 0.732, 0.698, 0.692, 0.646, 0.552, 0.714, 0.618, 0.528, 0.612, 0.63, 0.684, 0.674, 0.656, 0.574]
[0.656, 0.568, 0.616, 0.586, 0.732, 0.698, 0.692, 0.646, 0.552, 0.714, 0.618, 0.528, 0.612, 0.63, 0.684, 0.674, 0.656, 0.574, 0.688]
[0.656, 0.568, 0.616, 0.586, 0.732, 0.698, 0.692, 0.646, 0.552, 0.714, 0.618, 0.528, 0.612, 0.63, 0.684, 0.674, 0.656, 0.574, 0.688, 0.612]
Total correct retain:  1820  Total retain:  2500
Total correct forget:  31696  Total forget:  47500
Total correct test:  335  Total test:  500
Total correct forget test:  6071  Total test forget:  9500
[0.67]
[0.67, 0.578]
[0.67, 0.578, 0.62]
[0.67, 0.578, 0.62, 0.592]
[0.67, 0.578, 0.62, 0.592, 0.732]
[0.67, 0.578, 0.62, 0.592, 0.732, 0.7]
[0.67, 0.578, 0.62, 0.592, 0.732, 0.7, 0.7]
[0.67, 0.578, 0.62, 0.592, 0.732, 0.7, 0.7, 0.642]
[0.67, 0.578, 0.62, 0.592, 0.732, 0.7, 0.7, 0.642, 0.56]
[0.67, 0.578, 0.62, 0.592, 0.732, 0.7, 0.7, 0.642, 0.56, 0.722]
[0.67, 0.578, 0.62, 0.592, 0.732, 0.7, 0.7, 0.642, 0.56, 0.722, 0.626]
[0.67, 0.578, 0.62, 0.592, 0.732, 0.7, 0.7, 0.642, 0.56, 0.722, 0.626, 0.526]
[0.67, 0.578, 0.62, 0.592, 0.732, 0.7, 0.7, 0.642, 0.56, 0.722, 0.626, 0.526, 0.608]
[0.67, 0.578, 0.62, 0.592, 0.732, 0.7, 0.7, 0.642, 0.56, 0.722, 0.626, 0.526, 0.608, 0.632]
[0.67, 0.578, 0.62, 0.592, 0.732, 0.7, 0.7, 0.642, 0.56, 0.722, 0.626, 0.526, 0.608, 0.632, 0.692]
[0.67, 0.578, 0.62, 0.592, 0.732, 0.7, 0.7, 0.642, 0.56, 0.722, 0.626, 0.526, 0.608, 0.632, 0.692, 0.676]
[0.67, 0.578, 0.62, 0.592, 0.732, 0.7, 0.7, 0.642, 0.56, 0.722, 0.626, 0.526, 0.608, 0.632, 0.692, 0.676, 0.654]
[0.67, 0.578, 0.62, 0.592, 0.732, 0.7, 0.7, 0.642, 0.56, 0.722, 0.626, 0.526, 0.608, 0.632, 0.692, 0.676, 0.654, 0.578]
[0.67, 0.578, 0.62, 0.592, 0.732, 0.7, 0.7, 0.642, 0.56, 0.722, 0.626, 0.526, 0.608, 0.632, 0.692, 0.676, 0.654, 0.578, 0.69]
[0.67, 0.578, 0.62, 0.592, 0.732, 0.7, 0.7, 0.642, 0.56, 0.722, 0.626, 0.526, 0.608, 0.632, 0.692, 0.676, 0.654, 0.578, 0.69, 0.614]
Total correct retain:  1829  Total retain:  2500
Total correct forget:  31638  Total forget:  47500
Total correct test:  334  Total test:  500
Total correct forget test:  6075  Total test forget:  9500
[0.668]
[0.668, 0.568]
[0.668, 0.568, 0.624]
[0.668, 0.568, 0.624, 0.582]
[0.668, 0.568, 0.624, 0.582, 0.746]
[0.668, 0.568, 0.624, 0.582, 0.746, 0.714]
[0.668, 0.568, 0.624, 0.582, 0.746, 0.714, 0.698]
[0.668, 0.568, 0.624, 0.582, 0.746, 0.714, 0.698, 0.65]
[0.668, 0.568, 0.624, 0.582, 0.746, 0.714, 0.698, 0.65, 0.566]
[0.668, 0.568, 0.624, 0.582, 0.746, 0.714, 0.698, 0.65, 0.566, 0.73]
[0.668, 0.568, 0.624, 0.582, 0.746, 0.714, 0.698, 0.65, 0.566, 0.73, 0.63]
[0.668, 0.568, 0.624, 0.582, 0.746, 0.714, 0.698, 0.65, 0.566, 0.73, 0.63, 0.514]
[0.668, 0.568, 0.624, 0.582, 0.746, 0.714, 0.698, 0.65, 0.566, 0.73, 0.63, 0.514, 0.604]
[0.668, 0.568, 0.624, 0.582, 0.746, 0.714, 0.698, 0.65, 0.566, 0.73, 0.63, 0.514, 0.604, 0.632]
[0.668, 0.568, 0.624, 0.582, 0.746, 0.714, 0.698, 0.65, 0.566, 0.73, 0.63, 0.514, 0.604, 0.632, 0.69]
[0.668, 0.568, 0.624, 0.582, 0.746, 0.714, 0.698, 0.65, 0.566, 0.73, 0.63, 0.514, 0.604, 0.632, 0.69, 0.672]
[0.668, 0.568, 0.624, 0.582, 0.746, 0.714, 0.698, 0.65, 0.566, 0.73, 0.63, 0.514, 0.604, 0.632, 0.69, 0.672, 0.646]
[0.668, 0.568, 0.624, 0.582, 0.746, 0.714, 0.698, 0.65, 0.566, 0.73, 0.63, 0.514, 0.604, 0.632, 0.69, 0.672, 0.646, 0.582]
[0.668, 0.568, 0.624, 0.582, 0.746, 0.714, 0.698, 0.65, 0.566, 0.73, 0.63, 0.514, 0.604, 0.632, 0.69, 0.672, 0.646, 0.582, 0.68]
[0.668, 0.568, 0.624, 0.582, 0.746, 0.714, 0.698, 0.65, 0.566, 0.73, 0.63, 0.514, 0.604, 0.632, 0.69, 0.672, 0.646, 0.582, 0.68, 0.622]
Total correct retain:  1819  Total retain:  2500
Total correct forget:  31837  Total forget:  47500
Total correct test:  337  Total test:  500
Total correct forget test:  6097  Total test forget:  9500
[0.674]
[0.674, 0.582]
[0.674, 0.582, 0.648]
[0.674, 0.582, 0.648, 0.602]
[0.674, 0.582, 0.648, 0.602, 0.744]
[0.674, 0.582, 0.648, 0.602, 0.744, 0.704]
[0.674, 0.582, 0.648, 0.602, 0.744, 0.704, 0.702]
[0.674, 0.582, 0.648, 0.602, 0.744, 0.704, 0.702, 0.644]
[0.674, 0.582, 0.648, 0.602, 0.744, 0.704, 0.702, 0.644, 0.562]
[0.674, 0.582, 0.648, 0.602, 0.744, 0.704, 0.702, 0.644, 0.562, 0.718]
[0.674, 0.582, 0.648, 0.602, 0.744, 0.704, 0.702, 0.644, 0.562, 0.718, 0.632]
[0.674, 0.582, 0.648, 0.602, 0.744, 0.704, 0.702, 0.644, 0.562, 0.718, 0.632, 0.512]
[0.674, 0.582, 0.648, 0.602, 0.744, 0.704, 0.702, 0.644, 0.562, 0.718, 0.632, 0.512, 0.604]
[0.674, 0.582, 0.648, 0.602, 0.744, 0.704, 0.702, 0.644, 0.562, 0.718, 0.632, 0.512, 0.604, 0.628]
[0.674, 0.582, 0.648, 0.602, 0.744, 0.704, 0.702, 0.644, 0.562, 0.718, 0.632, 0.512, 0.604, 0.628, 0.696]
[0.674, 0.582, 0.648, 0.602, 0.744, 0.704, 0.702, 0.644, 0.562, 0.718, 0.632, 0.512, 0.604, 0.628, 0.696, 0.684]
[0.674, 0.582, 0.648, 0.602, 0.744, 0.704, 0.702, 0.644, 0.562, 0.718, 0.632, 0.512, 0.604, 0.628, 0.696, 0.684, 0.64]
[0.674, 0.582, 0.648, 0.602, 0.744, 0.704, 0.702, 0.644, 0.562, 0.718, 0.632, 0.512, 0.604, 0.628, 0.696, 0.684, 0.64, 0.592]
[0.674, 0.582, 0.648, 0.602, 0.744, 0.704, 0.702, 0.644, 0.562, 0.718, 0.632, 0.512, 0.604, 0.628, 0.696, 0.684, 0.64, 0.592, 0.67]
[0.674, 0.582, 0.648, 0.602, 0.744, 0.704, 0.702, 0.644, 0.562, 0.718, 0.632, 0.512, 0.604, 0.628, 0.696, 0.684, 0.64, 0.592, 0.67, 0.63]
Total correct retain:  1780  Total retain:  2500
Total correct forget:  31440  Total forget:  47500
Total correct test:  328  Total test:  500
Total correct forget test:  6019  Total test forget:  9500
[0.656]
[0.656, 0.568]
[0.656, 0.568, 0.642]
[0.656, 0.568, 0.642, 0.618]
[0.656, 0.568, 0.642, 0.618, 0.736]
[0.656, 0.568, 0.642, 0.618, 0.736, 0.698]
[0.656, 0.568, 0.642, 0.618, 0.736, 0.698, 0.686]
[0.656, 0.568, 0.642, 0.618, 0.736, 0.698, 0.686, 0.63]
[0.656, 0.568, 0.642, 0.618, 0.736, 0.698, 0.686, 0.63, 0.576]
[0.656, 0.568, 0.642, 0.618, 0.736, 0.698, 0.686, 0.63, 0.576, 0.692]
[0.656, 0.568, 0.642, 0.618, 0.736, 0.698, 0.686, 0.63, 0.576, 0.692, 0.608]
[0.656, 0.568, 0.642, 0.618, 0.736, 0.698, 0.686, 0.63, 0.576, 0.692, 0.608, 0.548]
[0.656, 0.568, 0.642, 0.618, 0.736, 0.698, 0.686, 0.63, 0.576, 0.692, 0.608, 0.548, 0.606]
[0.656, 0.568, 0.642, 0.618, 0.736, 0.698, 0.686, 0.63, 0.576, 0.692, 0.608, 0.548, 0.606, 0.622]
[0.656, 0.568, 0.642, 0.618, 0.736, 0.698, 0.686, 0.63, 0.576, 0.692, 0.608, 0.548, 0.606, 0.622, 0.684]
[0.656, 0.568, 0.642, 0.618, 0.736, 0.698, 0.686, 0.63, 0.576, 0.692, 0.608, 0.548, 0.606, 0.622, 0.684, 0.644]
[0.656, 0.568, 0.642, 0.618, 0.736, 0.698, 0.686, 0.63, 0.576, 0.692, 0.608, 0.548, 0.606, 0.622, 0.684, 0.644, 0.624]
[0.656, 0.568, 0.642, 0.618, 0.736, 0.698, 0.686, 0.63, 0.576, 0.692, 0.608, 0.548, 0.606, 0.622, 0.684, 0.644, 0.624, 0.568]
[0.656, 0.568, 0.642, 0.618, 0.736, 0.698, 0.686, 0.63, 0.576, 0.692, 0.608, 0.548, 0.606, 0.622, 0.684, 0.644, 0.624, 0.568, 0.664]
[0.656, 0.568, 0.642, 0.618, 0.736, 0.698, 0.686, 0.63, 0.576, 0.692, 0.608, 0.548, 0.606, 0.622, 0.684, 0.644, 0.624, 0.568, 0.664, 0.624]
Total correct retain:  1853  Total retain:  2500
Total correct forget:  31628  Total forget:  47500
Total correct test:  337  Total test:  500
Total correct forget test:  6113  Total test forget:  9500
[0.674]
[0.674, 0.578]
[0.674, 0.578, 0.66]
[0.674, 0.578, 0.66, 0.58]
[0.674, 0.578, 0.66, 0.58, 0.732]
[0.674, 0.578, 0.66, 0.58, 0.732, 0.736]
[0.674, 0.578, 0.66, 0.58, 0.732, 0.736, 0.714]
[0.674, 0.578, 0.66, 0.58, 0.732, 0.736, 0.714, 0.648]
[0.674, 0.578, 0.66, 0.58, 0.732, 0.736, 0.714, 0.648, 0.576]
[0.674, 0.578, 0.66, 0.58, 0.732, 0.736, 0.714, 0.648, 0.576, 0.714]
[0.674, 0.578, 0.66, 0.58, 0.732, 0.736, 0.714, 0.648, 0.576, 0.714, 0.626]
[0.674, 0.578, 0.66, 0.58, 0.732, 0.736, 0.714, 0.648, 0.576, 0.714, 0.626, 0.524]
[0.674, 0.578, 0.66, 0.58, 0.732, 0.736, 0.714, 0.648, 0.576, 0.714, 0.626, 0.524, 0.592]
[0.674, 0.578, 0.66, 0.58, 0.732, 0.736, 0.714, 0.648, 0.576, 0.714, 0.626, 0.524, 0.592, 0.646]
[0.674, 0.578, 0.66, 0.58, 0.732, 0.736, 0.714, 0.648, 0.576, 0.714, 0.626, 0.524, 0.592, 0.646, 0.69]
[0.674, 0.578, 0.66, 0.58, 0.732, 0.736, 0.714, 0.648, 0.576, 0.714, 0.626, 0.524, 0.592, 0.646, 0.69, 0.672]
[0.674, 0.578, 0.66, 0.58, 0.732, 0.736, 0.714, 0.648, 0.576, 0.714, 0.626, 0.524, 0.592, 0.646, 0.69, 0.672, 0.64]
[0.674, 0.578, 0.66, 0.58, 0.732, 0.736, 0.714, 0.648, 0.576, 0.714, 0.626, 0.524, 0.592, 0.646, 0.69, 0.672, 0.64, 0.6]
[0.674, 0.578, 0.66, 0.58, 0.732, 0.736, 0.714, 0.648, 0.576, 0.714, 0.626, 0.524, 0.592, 0.646, 0.69, 0.672, 0.64, 0.6, 0.678]
[0.674, 0.578, 0.66, 0.58, 0.732, 0.736, 0.714, 0.648, 0.576, 0.714, 0.626, 0.524, 0.592, 0.646, 0.69, 0.672, 0.64, 0.6, 0.678, 0.62]
Total correct retain:  1843  Total retain:  2500
Total correct forget:  31468  Total forget:  47500
Total correct test:  336  Total test:  500
Total correct forget test:  6067  Total test forget:  9500
[0.672]
[0.672, 0.576]
[0.672, 0.576, 0.636]
[0.672, 0.576, 0.636, 0.586]
[0.672, 0.576, 0.636, 0.586, 0.72]
[0.672, 0.576, 0.636, 0.586, 0.72, 0.71]
[0.672, 0.576, 0.636, 0.586, 0.72, 0.71, 0.706]
[0.672, 0.576, 0.636, 0.586, 0.72, 0.71, 0.706, 0.64]
[0.672, 0.576, 0.636, 0.586, 0.72, 0.71, 0.706, 0.64, 0.572]
[0.672, 0.576, 0.636, 0.586, 0.72, 0.71, 0.706, 0.64, 0.572, 0.71]
[0.672, 0.576, 0.636, 0.586, 0.72, 0.71, 0.706, 0.64, 0.572, 0.71, 0.61]
[0.672, 0.576, 0.636, 0.586, 0.72, 0.71, 0.706, 0.64, 0.572, 0.71, 0.61, 0.57]
[0.672, 0.576, 0.636, 0.586, 0.72, 0.71, 0.706, 0.64, 0.572, 0.71, 0.61, 0.57, 0.61]
[0.672, 0.576, 0.636, 0.586, 0.72, 0.71, 0.706, 0.64, 0.572, 0.71, 0.61, 0.57, 0.61, 0.618]
[0.672, 0.576, 0.636, 0.586, 0.72, 0.71, 0.706, 0.64, 0.572, 0.71, 0.61, 0.57, 0.61, 0.618, 0.686]
[0.672, 0.576, 0.636, 0.586, 0.72, 0.71, 0.706, 0.64, 0.572, 0.71, 0.61, 0.57, 0.61, 0.618, 0.686, 0.666]
[0.672, 0.576, 0.636, 0.586, 0.72, 0.71, 0.706, 0.64, 0.572, 0.71, 0.61, 0.57, 0.61, 0.618, 0.686, 0.666, 0.652]
[0.672, 0.576, 0.636, 0.586, 0.72, 0.71, 0.706, 0.64, 0.572, 0.71, 0.61, 0.57, 0.61, 0.618, 0.686, 0.666, 0.652, 0.572]
[0.672, 0.576, 0.636, 0.586, 0.72, 0.71, 0.706, 0.64, 0.572, 0.71, 0.61, 0.57, 0.61, 0.618, 0.686, 0.666, 0.652, 0.572, 0.678]
[0.672, 0.576, 0.636, 0.586, 0.72, 0.71, 0.706, 0.64, 0.572, 0.71, 0.61, 0.57, 0.61, 0.618, 0.686, 0.666, 0.652, 0.572, 0.678, 0.616]
[[0.656, 0.556, 0.618, 0.596, 0.732, 0.708, 0.698, 0.648, 0.566, 0.716, 0.598, 0.522, 0.598, 0.582, 0.682, 0.658, 0.664, 0.58, 0.658, 0.594], [0.654, 0.564, 0.61, 0.61, 0.732, 0.688, 0.688, 0.656, 0.566, 0.734, 0.62, 0.542, 0.604, 0.618, 0.706, 0.67, 0.66, 0.572, 0.682, 0.602], [0.656, 0.566, 0.608, 0.61, 0.734, 0.688, 0.69, 0.65, 0.564, 0.726, 0.62, 0.538, 0.61, 0.62, 0.706, 0.668, 0.666, 0.574, 0.69, 0.602], [0.658, 0.568, 0.614, 0.606, 0.734, 0.69, 0.688, 0.646, 0.562, 0.73, 0.618, 0.542, 0.61, 0.616, 0.704, 0.674, 0.66, 0.576, 0.68, 0.61], [0.668, 0.56, 0.612, 0.606, 0.73, 0.69, 0.696, 0.644, 0.558, 0.726, 0.622, 0.536, 0.608, 0.612, 0.696, 0.672, 0.672, 0.574, 0.688, 0.606], [0.67, 0.564, 0.618, 0.606, 0.73, 0.694, 0.694, 0.648, 0.562, 0.73, 0.618, 0.526, 0.612, 0.624, 0.704, 0.674, 0.658, 0.578, 0.688, 0.61], [0.658, 0.568, 0.614, 0.606, 0.734, 0.69, 0.696, 0.638, 0.554, 0.72, 0.616, 0.524, 0.614, 0.626, 0.704, 0.67, 0.664, 0.57, 0.682, 0.604], [0.658, 0.572, 0.626, 0.596, 0.736, 0.696, 0.692, 0.646, 0.564, 0.72, 0.622, 0.532, 0.602, 0.636, 0.7, 0.674, 0.662, 0.574, 0.682, 0.612], [0.656, 0.566, 0.608, 0.602, 0.736, 0.698, 0.694, 0.648, 0.556, 0.724, 0.614, 0.524, 0.614, 0.618, 0.694, 0.67, 0.664, 0.58, 0.682, 0.612], [0.648, 0.57, 0.608, 0.596, 0.732, 0.702, 0.696, 0.646, 0.556, 0.72, 0.616, 0.52, 0.606, 0.616, 0.692, 0.662, 0.664, 0.574, 0.672, 0.604], [0.652, 0.566, 0.61, 0.59, 0.73, 0.698, 0.698, 0.64, 0.55, 0.722, 0.616, 0.528, 0.614, 0.618, 0.688, 0.672, 0.662, 0.568, 0.678, 0.606], [0.652, 0.556, 0.61, 0.59, 0.73, 0.692, 0.694, 0.648, 0.552, 0.73, 0.606, 0.51, 0.614, 0.612, 0.678, 0.674, 0.664, 0.562, 0.682, 0.596], [0.656, 0.572, 0.612, 0.59, 0.73, 0.688, 0.694, 0.64, 0.564, 0.712, 0.61, 0.518, 0.606, 0.626, 0.696, 0.668, 0.666, 0.576, 0.684, 0.612], [0.656, 0.568, 0.616, 0.586, 0.732, 0.698, 0.692, 0.646, 0.552, 0.714, 0.618, 0.528, 0.612, 0.63, 0.684, 0.674, 0.656, 0.574, 0.688, 0.612], [0.67, 0.578, 0.62, 0.592, 0.732, 0.7, 0.7, 0.642, 0.56, 0.722, 0.626, 0.526, 0.608, 0.632, 0.692, 0.676, 0.654, 0.578, 0.69, 0.614], [0.668, 0.568, 0.624, 0.582, 0.746, 0.714, 0.698, 0.65, 0.566, 0.73, 0.63, 0.514, 0.604, 0.632, 0.69, 0.672, 0.646, 0.582, 0.68, 0.622], [0.674, 0.582, 0.648, 0.602, 0.744, 0.704, 0.702, 0.644, 0.562, 0.718, 0.632, 0.512, 0.604, 0.628, 0.696, 0.684, 0.64, 0.592, 0.67, 0.63], [0.656, 0.568, 0.642, 0.618, 0.736, 0.698, 0.686, 0.63, 0.576, 0.692, 0.608, 0.548, 0.606, 0.622, 0.684, 0.644, 0.624, 0.568, 0.664, 0.624], [0.674, 0.578, 0.66, 0.58, 0.732, 0.736, 0.714, 0.648, 0.576, 0.714, 0.626, 0.524, 0.592, 0.646, 0.69, 0.672, 0.64, 0.6, 0.678, 0.62], [0.672, 0.576, 0.636, 0.586, 0.72, 0.71, 0.706, 0.64, 0.572, 0.71, 0.61, 0.57, 0.61, 0.618, 0.686, 0.666, 0.652, 0.572, 0.678, 0.616]]
20
20
Plot  0  Done
Average Retain Accuracies:  [0.718, 0.7212, 0.7196, 0.726, 0.7236, 0.7304, 0.7208, 0.7276, 0.7252, 0.7192, 0.7176, 0.7144, 0.7172, 0.7212, 0.728, 0.7316, 0.7276, 0.712, 0.7412, 0.7372]
Average Forget Accuracies:  [0.6571157894736842, 0.665621052631579, 0.6650105263157895, 0.6665894736842105, 0.6653052631578947, 0.6674315789473684, 0.6657473684210526, 0.6674315789473684, 0.6657894736842105, 0.6645263157894736, 0.6636842105263158, 0.6604421052631579, 0.6630526315789473, 0.6652, 0.6672842105263158, 0.6660631578947368, 0.6702526315789473, 0.6618947368421053, 0.6658526315789474, 0.6624842105263158]
Average Retain Test Accuracies:  [0.656, 0.654, 0.656, 0.658, 0.668, 0.67, 0.658, 0.658, 0.656, 0.648, 0.652, 0.652, 0.656, 0.656, 0.67, 0.668, 0.674, 0.656, 0.674, 0.672]
Average Forget Test Accuracies:  [0.6302105263157894, 0.6381052631578947, 0.638421052631579, 0.6383157894736842, 0.6372631578947369, 0.6388421052631579, 0.6365263157894737, 0.6391578947368421, 0.6370526315789473, 0.6343157894736842, 0.634421052631579, 0.631578947368421, 0.6349473684210526, 0.6357894736842106, 0.6390526315789473, 0.6394736842105263, 0.6417894736842106, 0.633578947368421, 0.6434736842105263, 0.6386315789473684]
Done
