/dcs/large/u2140671/drop-table/Machine-Unlearning-x-Continual-Learning/negGem/net.py:180: UserWarning: The torch.cuda.*DtypeTensor constructors are no longer recommended. It's best to use methods such as torch.tensor(data, dtype=*, device='cuda') to create tensors. (Triggered internally at /pytorch/torch/csrc/tensor/python_tensor.cpp:78.)
  indx = torch.cuda.LongTensor(self.observed_tasks[:-1]) if self.gpu \
mv: cannot stat '*.pt': No such file or directory

real	22m25.048s
user	39m13.134s
sys	6m24.775s
/dcs/large/u2140671/drop-table/Machine-Unlearning-x-Continual-Learning/negGem/net.py:180: UserWarning: The torch.cuda.*DtypeTensor constructors are no longer recommended. It's best to use methods such as torch.tensor(data, dtype=*, device='cuda') to create tensors. (Triggered internally at /pytorch/torch/csrc/tensor/python_tensor.cpp:78.)
  indx = torch.cuda.LongTensor(self.observed_tasks[:-1]) if self.gpu \
mv: cannot stat '*.pt': No such file or directory

real	26m48.848s
user	47m57.076s
sys	7m50.960s
/dcs/large/u2140671/drop-table/Machine-Unlearning-x-Continual-Learning/negGem/net.py:180: UserWarning: The torch.cuda.*DtypeTensor constructors are no longer recommended. It's best to use methods such as torch.tensor(data, dtype=*, device='cuda') to create tensors. (Triggered internally at /pytorch/torch/csrc/tensor/python_tensor.cpp:78.)
  indx = torch.cuda.LongTensor(self.observed_tasks[:-1]) if self.gpu \
mv: cannot stat '*.pt': No such file or directory

real	26m56.673s
user	48m41.915s
sys	7m55.462s
/dcs/large/u2140671/drop-table/Machine-Unlearning-x-Continual-Learning/negGem/net.py:180: UserWarning: The torch.cuda.*DtypeTensor constructors are no longer recommended. It's best to use methods such as torch.tensor(data, dtype=*, device='cuda') to create tensors. (Triggered internally at /pytorch/torch/csrc/tensor/python_tensor.cpp:78.)
  indx = torch.cuda.LongTensor(self.observed_tasks[:-1]) if self.gpu \
mv: cannot stat '*.pt': No such file or directory

real	26m46.965s
user	47m42.272s
sys	7m55.807s
