Requirement already satisfied: pyyaml in /usr/lib64/python3.12/site-packages (6.0.1)
Requirement already satisfied: setuptools in /usr/lib/python3.12/site-packages (68.2.2)
Requirement already satisfied: matplotlib in /dcs/21/u2145461/.local/lib/python3.12/site-packages (3.10.1)
Requirement already satisfied: contourpy>=1.0.1 in /dcs/21/u2145461/.local/lib/python3.12/site-packages (from matplotlib) (1.3.1)
Requirement already satisfied: cycler>=0.10 in /dcs/21/u2145461/.local/lib/python3.12/site-packages (from matplotlib) (0.12.1)
Requirement already satisfied: fonttools>=4.22.0 in /dcs/21/u2145461/.local/lib/python3.12/site-packages (from matplotlib) (4.56.0)
Requirement already satisfied: kiwisolver>=1.3.1 in /dcs/21/u2145461/.local/lib/python3.12/site-packages (from matplotlib) (1.4.8)
Requirement already satisfied: numpy>=1.23 in /dcs/21/u2145461/.local/lib/python3.12/site-packages (from matplotlib) (2.2.3)
Requirement already satisfied: packaging>=20.0 in /dcs/21/u2145461/.local/lib/python3.12/site-packages (from matplotlib) (24.2)
Requirement already satisfied: pillow>=8 in /dcs/21/u2145461/.local/lib/python3.12/site-packages (from matplotlib) (11.0.0)
Requirement already satisfied: pyparsing>=2.3.1 in /dcs/21/u2145461/.local/lib/python3.12/site-packages (from matplotlib) (3.2.1)
Requirement already satisfied: python-dateutil>=2.7 in /dcs/21/u2145461/.local/lib/python3.12/site-packages (from matplotlib) (2.9.0.post0)
Requirement already satisfied: six>=1.5 in /dcs/21/u2145461/.local/lib/python3.12/site-packages (from python-dateutil>=2.7->matplotlib) (1.17.0)
Requirement already satisfied: quadprog in /dcs/21/u2145461/.local/lib/python3.12/site-packages (0.1.13)
Requirement already satisfied: numpy in /dcs/21/u2145461/.local/lib/python3.12/site-packages (from quadprog) (2.2.3)
Requirement already satisfied: pyparsing in /dcs/21/u2145461/.local/lib/python3.12/site-packages (3.2.1)
Requirement already satisfied: pandas in /dcs/21/u2145461/.local/lib/python3.12/site-packages (2.2.3)
Requirement already satisfied: numpy>=1.26.0 in /dcs/21/u2145461/.local/lib/python3.12/site-packages (from pandas) (2.2.3)
Requirement already satisfied: python-dateutil>=2.8.2 in /dcs/21/u2145461/.local/lib/python3.12/site-packages (from pandas) (2.9.0.post0)
Requirement already satisfied: pytz>=2020.1 in /dcs/21/u2145461/.local/lib/python3.12/site-packages (from pandas) (2025.1)
Requirement already satisfied: tzdata>=2022.7 in /dcs/21/u2145461/.local/lib/python3.12/site-packages (from pandas) (2025.1)
Requirement already satisfied: six>=1.5 in /dcs/21/u2145461/.local/lib/python3.12/site-packages (from python-dateutil>=2.8.2->pandas) (1.17.0)
Requirement already satisfied: numpy in /dcs/21/u2145461/.local/lib/python3.12/site-packages (2.2.3)
Sun Apr  6 22:37:42 2025       
+-----------------------------------------------------------------------------------------+
| NVIDIA-SMI 550.144.03             Driver Version: 550.144.03     CUDA Version: 12.4     |
|-----------------------------------------+------------------------+----------------------+
| GPU  Name                 Persistence-M | Bus-Id          Disp.A | Volatile Uncorr. ECC |
| Fan  Temp   Perf          Pwr:Usage/Cap |           Memory-Usage | GPU-Util  Compute M. |
|                                         |                        |               MIG M. |
|=========================================+========================+======================|
|   0  NVIDIA RTX A5000               Off |   00000000:01:00.0 Off |                  Off |
| 30%   58C    P0             N/A /  230W |       1MiB /  24564MiB |      0%      Default |
|                                         |                        |                  N/A |
+-----------------------------------------+------------------------+----------------------+
                                                                                         
+-----------------------------------------------------------------------------------------+
| Processes:                                                                              |
|  GPU   GI   CI        PID   Type   Process name                              GPU Memory |
|        ID   ID                                                               Usage      |
|=========================================================================================|
|  No running processes found                                                             |
+-----------------------------------------------------------------------------------------+
Python 3.12.8
./cifar-100-python/train
./cifar-100-python/test
Unlearn Batch Size:  16
Unlearn MEM Strength:  0.6
cifar-100-python/train
cifar-100-python/test
new ordering of classes:  ['bridge', 'maple', 'cans', 'bottles', 'porcupine', 'hamster', 'beetle', 'beaver', 'television', 'camel', 'sweet peppers', 'pickup truck', 'pears', 'possum', 'woman', 'pine', 'chimpanzee', 'squirrel', 'mushrooms', 'snail', 'bear', 'tank', 'fox', 'man', 'rabbit', 'couch', 'elephant', 'tulips', 'orchids', 'baby', 'caterpillar', 'computer keyboard', 'kangaroo', 'road', 'boy', 'leopard', 'oak', 'cockroach', 'mouse', 'skunk', 'poppies', 'palm', 'worm', 'plates', 'bowls', 'chair', 'sunflowers', 'crocodile', 'lobster', 'aquarium fish', 'shark', 'crab', 'forest', 'table', 'flatfish', 'girl', 'oranges', 'sea', 'lizard', 'house', 'motorcycle', 'apples', 'cattle', 'tiger', 'bee', 'spider', 'clock', 'willow', 'streetcar', 'cloud', 'turtle', 'plain', 'raccoon', 'roses', 'wardrobe', 'otter', 'butterfly', 'bed', 'skyscraper', 'trout', 'castle', 'lion', 'tractor', 'dinosaur', 'dolphin', 'bus', 'wolf', 'mountain', 'shrew', 'ray', 'train', 'bicycle', 'seal', 'snake', 'rocket', 'lawn-mower', 'telephone', 'cups', 'whale', 'lamp']
Training task:  1
[0.22, 0.198, 0.2, 0.2, 0.206, 0.2, 0.19, 0.198, 0.218, 0.126, 0.252, 0.062, 0.202, 0.2, 0.2, 0.246, 0.15, 0.326, 0.19, 0.24]
Training task:  2
[0.49, 0.45, 0.2, 0.204, 0.202, 0.2, 0.2, 0.226, 0.21, 0.15, 0.216, 0.136, 0.156, 0.2, 0.164, 0.204, 0.196, 0.208, 0.214, 0.18]
Training task:  3
[0.47, 0.354, 0.458, 0.194, 0.232, 0.2, 0.2, 0.238, 0.248, 0.222, 0.13, 0.178, 0.228, 0.2, 0.136, 0.224, 0.238, 0.222, 0.176, 0.18]
Training task:  4
[0.592, 0.51, 0.548, 0.546, 0.19, 0.198, 0.18, 0.226, 0.208, 0.24, 0.2, 0.168, 0.184, 0.186, 0.114, 0.232, 0.264, 0.302, 0.17, 0.19]
Training task:  5
[0.536, 0.454, 0.58, 0.55, 0.422, 0.2, 0.182, 0.288, 0.222, 0.254, 0.256, 0.164, 0.208, 0.166, 0.16, 0.23, 0.234, 0.17, 0.114, 0.148]
Training task:  6
[0.604, 0.386, 0.492, 0.356, 0.442, 0.428, 0.206, 0.208, 0.222, 0.374, 0.156, 0.144, 0.146, 0.168, 0.166, 0.28, 0.296, 0.198, 0.184, 0.198]
Training task:  7
[0.588, 0.504, 0.456, 0.488, 0.454, 0.378, 0.53, 0.212, 0.202, 0.26, 0.324, 0.192, 0.198, 0.174, 0.118, 0.148, 0.172, 0.14, 0.164, 0.178]
Training task:  8
[0.612, 0.602, 0.53, 0.53, 0.542, 0.446, 0.602, 0.676, 0.17, 0.274, 0.336, 0.164, 0.202, 0.176, 0.134, 0.2, 0.206, 0.15, 0.124, 0.152]
Training task:  9
[0.614, 0.468, 0.582, 0.46, 0.472, 0.494, 0.54, 0.598, 0.544, 0.21, 0.28, 0.146, 0.25, 0.132, 0.182, 0.264, 0.208, 0.168, 0.18, 0.194]
Training task:  10
[0.35, 0.398, 0.482, 0.366, 0.32, 0.356, 0.382, 0.472, 0.454, 0.536, 0.268, 0.152, 0.182, 0.16, 0.234, 0.288, 0.178, 0.266, 0.208, 0.146]
Training task:  11
[0.616, 0.516, 0.556, 0.494, 0.534, 0.446, 0.562, 0.67, 0.5, 0.522, 0.482, 0.148, 0.25, 0.146, 0.148, 0.32, 0.23, 0.152, 0.208, 0.148]
Training task:  12
[0.606, 0.52, 0.542, 0.498, 0.538, 0.49, 0.552, 0.634, 0.53, 0.586, 0.506, 0.598, 0.21, 0.09, 0.204, 0.302, 0.202, 0.196, 0.2, 0.124]
Training task:  13
[0.6, 0.54, 0.624, 0.508, 0.494, 0.456, 0.538, 0.598, 0.506, 0.594, 0.506, 0.646, 0.532, 0.136, 0.114, 0.236, 0.232, 0.142, 0.178, 0.178]
Training task:  14
[0.666, 0.52, 0.596, 0.566, 0.612, 0.484, 0.602, 0.638, 0.586, 0.602, 0.542, 0.638, 0.598, 0.63, 0.23, 0.274, 0.134, 0.172, 0.196, 0.156]
Training task:  15
[0.644, 0.53, 0.526, 0.552, 0.508, 0.498, 0.564, 0.634, 0.608, 0.67, 0.556, 0.608, 0.53, 0.538, 0.738, 0.24, 0.148, 0.146, 0.144, 0.19]
Training task:  16
[0.642, 0.55, 0.466, 0.544, 0.466, 0.464, 0.546, 0.608, 0.58, 0.616, 0.538, 0.58, 0.398, 0.536, 0.734, 0.526, 0.076, 0.186, 0.206, 0.164]
Training task:  17
[0.614, 0.438, 0.444, 0.474, 0.444, 0.374, 0.428, 0.568, 0.464, 0.51, 0.462, 0.572, 0.546, 0.52, 0.678, 0.466, 0.442, 0.262, 0.154, 0.168]
Training task:  18
[0.692, 0.548, 0.55, 0.55, 0.56, 0.432, 0.564, 0.636, 0.538, 0.614, 0.586, 0.604, 0.522, 0.664, 0.694, 0.598, 0.654, 0.63, 0.182, 0.15]
Training task:  19
[0.662, 0.52, 0.578, 0.512, 0.576, 0.448, 0.594, 0.64, 0.59, 0.6, 0.52, 0.628, 0.542, 0.606, 0.744, 0.582, 0.552, 0.65, 0.456, 0.134]
Training task:  20
[0.528, 0.422, 0.552, 0.458, 0.486, 0.406, 0.554, 0.508, 0.502, 0.58, 0.48, 0.618, 0.526, 0.51, 0.68, 0.478, 0.552, 0.532, 0.394, 0.358]
Unlearning task:  20
Total correct retain:  1312  Total retain:  2500
Total correct forget:  24457  Total forget:  47500
Total correct test:  264  Total test:  500
Total correct forget test:  4798  Total test forget:  9500
[0.528]
[0.528, 0.422]
[0.528, 0.422, 0.552]
[0.528, 0.422, 0.552, 0.458]
[0.528, 0.422, 0.552, 0.458, 0.486]
[0.528, 0.422, 0.552, 0.458, 0.486, 0.406]
[0.528, 0.422, 0.552, 0.458, 0.486, 0.406, 0.554]
[0.528, 0.422, 0.552, 0.458, 0.486, 0.406, 0.554, 0.508]
[0.528, 0.422, 0.552, 0.458, 0.486, 0.406, 0.554, 0.508, 0.502]
[0.528, 0.422, 0.552, 0.458, 0.486, 0.406, 0.554, 0.508, 0.502, 0.58]
[0.528, 0.422, 0.552, 0.458, 0.486, 0.406, 0.554, 0.508, 0.502, 0.58, 0.48]
[0.528, 0.422, 0.552, 0.458, 0.486, 0.406, 0.554, 0.508, 0.502, 0.58, 0.48, 0.618]
[0.528, 0.422, 0.552, 0.458, 0.486, 0.406, 0.554, 0.508, 0.502, 0.58, 0.48, 0.618, 0.526]
[0.528, 0.422, 0.552, 0.458, 0.486, 0.406, 0.554, 0.508, 0.502, 0.58, 0.48, 0.618, 0.526, 0.51]
[0.528, 0.422, 0.552, 0.458, 0.486, 0.406, 0.554, 0.508, 0.502, 0.58, 0.48, 0.618, 0.526, 0.51, 0.68]
[0.528, 0.422, 0.552, 0.458, 0.486, 0.406, 0.554, 0.508, 0.502, 0.58, 0.48, 0.618, 0.526, 0.51, 0.68, 0.478]
[0.528, 0.422, 0.552, 0.458, 0.486, 0.406, 0.554, 0.508, 0.502, 0.58, 0.48, 0.618, 0.526, 0.51, 0.68, 0.478, 0.552]
[0.528, 0.422, 0.552, 0.458, 0.486, 0.406, 0.554, 0.508, 0.502, 0.58, 0.48, 0.618, 0.526, 0.51, 0.68, 0.478, 0.552, 0.532]
[0.528, 0.422, 0.552, 0.458, 0.486, 0.406, 0.554, 0.508, 0.502, 0.58, 0.48, 0.618, 0.526, 0.51, 0.68, 0.478, 0.552, 0.532, 0.394]
[0.528, 0.422, 0.552, 0.458, 0.486, 0.406, 0.554, 0.508, 0.502, 0.58, 0.48, 0.618, 0.526, 0.51, 0.68, 0.478, 0.552, 0.532, 0.394, 0.358]
broken out of loop
Total correct retain:  1320  Total retain:  2500
Total correct forget:  24701  Total forget:  47500
Total correct test:  266  Total test:  500
Total correct forget test:  4837  Total test forget:  9500
[0.532]
[0.532, 0.434]
[0.532, 0.434, 0.544]
[0.532, 0.434, 0.544, 0.456]
[0.532, 0.434, 0.544, 0.456, 0.498]
[0.532, 0.434, 0.544, 0.456, 0.498, 0.396]
[0.532, 0.434, 0.544, 0.456, 0.498, 0.396, 0.568]
[0.532, 0.434, 0.544, 0.456, 0.498, 0.396, 0.568, 0.504]
[0.532, 0.434, 0.544, 0.456, 0.498, 0.396, 0.568, 0.504, 0.494]
[0.532, 0.434, 0.544, 0.456, 0.498, 0.396, 0.568, 0.504, 0.494, 0.592]
[0.532, 0.434, 0.544, 0.456, 0.498, 0.396, 0.568, 0.504, 0.494, 0.592, 0.494]
[0.532, 0.434, 0.544, 0.456, 0.498, 0.396, 0.568, 0.504, 0.494, 0.592, 0.494, 0.618]
[0.532, 0.434, 0.544, 0.456, 0.498, 0.396, 0.568, 0.504, 0.494, 0.592, 0.494, 0.618, 0.518]
[0.532, 0.434, 0.544, 0.456, 0.498, 0.396, 0.568, 0.504, 0.494, 0.592, 0.494, 0.618, 0.518, 0.526]
[0.532, 0.434, 0.544, 0.456, 0.498, 0.396, 0.568, 0.504, 0.494, 0.592, 0.494, 0.618, 0.518, 0.526, 0.692]
[0.532, 0.434, 0.544, 0.456, 0.498, 0.396, 0.568, 0.504, 0.494, 0.592, 0.494, 0.618, 0.518, 0.526, 0.692, 0.494]
[0.532, 0.434, 0.544, 0.456, 0.498, 0.396, 0.568, 0.504, 0.494, 0.592, 0.494, 0.618, 0.518, 0.526, 0.692, 0.494, 0.548]
[0.532, 0.434, 0.544, 0.456, 0.498, 0.396, 0.568, 0.504, 0.494, 0.592, 0.494, 0.618, 0.518, 0.526, 0.692, 0.494, 0.548, 0.526]
[0.532, 0.434, 0.544, 0.456, 0.498, 0.396, 0.568, 0.504, 0.494, 0.592, 0.494, 0.618, 0.518, 0.526, 0.692, 0.494, 0.548, 0.526, 0.406]
[0.532, 0.434, 0.544, 0.456, 0.498, 0.396, 0.568, 0.504, 0.494, 0.592, 0.494, 0.618, 0.518, 0.526, 0.692, 0.494, 0.548, 0.526, 0.406, 0.366]
broken out of loop
Total correct retain:  1325  Total retain:  2500
Total correct forget:  24821  Total forget:  47500
Total correct test:  267  Total test:  500
Total correct forget test:  4848  Total test forget:  9500
[0.534]
[0.534, 0.44]
[0.534, 0.44, 0.536]
[0.534, 0.44, 0.536, 0.458]
[0.534, 0.44, 0.536, 0.458, 0.502]
[0.534, 0.44, 0.536, 0.458, 0.502, 0.39]
[0.534, 0.44, 0.536, 0.458, 0.502, 0.39, 0.584]
[0.534, 0.44, 0.536, 0.458, 0.502, 0.39, 0.584, 0.506]
[0.534, 0.44, 0.536, 0.458, 0.502, 0.39, 0.584, 0.506, 0.494]
[0.534, 0.44, 0.536, 0.458, 0.502, 0.39, 0.584, 0.506, 0.494, 0.588]
[0.534, 0.44, 0.536, 0.458, 0.502, 0.39, 0.584, 0.506, 0.494, 0.588, 0.512]
[0.534, 0.44, 0.536, 0.458, 0.502, 0.39, 0.584, 0.506, 0.494, 0.588, 0.512, 0.608]
[0.534, 0.44, 0.536, 0.458, 0.502, 0.39, 0.584, 0.506, 0.494, 0.588, 0.512, 0.608, 0.496]
[0.534, 0.44, 0.536, 0.458, 0.502, 0.39, 0.584, 0.506, 0.494, 0.588, 0.512, 0.608, 0.496, 0.53]
[0.534, 0.44, 0.536, 0.458, 0.502, 0.39, 0.584, 0.506, 0.494, 0.588, 0.512, 0.608, 0.496, 0.53, 0.682]
[0.534, 0.44, 0.536, 0.458, 0.502, 0.39, 0.584, 0.506, 0.494, 0.588, 0.512, 0.608, 0.496, 0.53, 0.682, 0.498]
[0.534, 0.44, 0.536, 0.458, 0.502, 0.39, 0.584, 0.506, 0.494, 0.588, 0.512, 0.608, 0.496, 0.53, 0.682, 0.498, 0.552]
[0.534, 0.44, 0.536, 0.458, 0.502, 0.39, 0.584, 0.506, 0.494, 0.588, 0.512, 0.608, 0.496, 0.53, 0.682, 0.498, 0.552, 0.538]
[0.534, 0.44, 0.536, 0.458, 0.502, 0.39, 0.584, 0.506, 0.494, 0.588, 0.512, 0.608, 0.496, 0.53, 0.682, 0.498, 0.552, 0.538, 0.408]
[0.534, 0.44, 0.536, 0.458, 0.502, 0.39, 0.584, 0.506, 0.494, 0.588, 0.512, 0.608, 0.496, 0.53, 0.682, 0.498, 0.552, 0.538, 0.408, 0.374]
Total correct retain:  1790  Total retain:  2500
Total correct forget:  29918  Total forget:  47500
Total correct test:  368  Total test:  500
Total correct forget test:  5719  Total test forget:  9500
[0.736]
[0.736, 0.592]
[0.736, 0.592, 0.552]
[0.736, 0.592, 0.552, 0.572]
[0.736, 0.592, 0.552, 0.572, 0.602]
[0.736, 0.592, 0.552, 0.572, 0.602, 0.454]
[0.736, 0.592, 0.552, 0.572, 0.602, 0.454, 0.618]
[0.736, 0.592, 0.552, 0.572, 0.602, 0.454, 0.618, 0.684]
[0.736, 0.592, 0.552, 0.572, 0.602, 0.454, 0.618, 0.684, 0.604]
[0.736, 0.592, 0.552, 0.572, 0.602, 0.454, 0.618, 0.684, 0.604, 0.67]
[0.736, 0.592, 0.552, 0.572, 0.602, 0.454, 0.618, 0.684, 0.604, 0.67, 0.606]
[0.736, 0.592, 0.552, 0.572, 0.602, 0.454, 0.618, 0.684, 0.604, 0.67, 0.606, 0.646]
[0.736, 0.592, 0.552, 0.572, 0.602, 0.454, 0.618, 0.684, 0.604, 0.67, 0.606, 0.646, 0.546]
[0.736, 0.592, 0.552, 0.572, 0.602, 0.454, 0.618, 0.684, 0.604, 0.67, 0.606, 0.646, 0.546, 0.666]
[0.736, 0.592, 0.552, 0.572, 0.602, 0.454, 0.618, 0.684, 0.604, 0.67, 0.606, 0.646, 0.546, 0.666, 0.778]
[0.736, 0.592, 0.552, 0.572, 0.602, 0.454, 0.618, 0.684, 0.604, 0.67, 0.606, 0.646, 0.546, 0.666, 0.778, 0.642]
[0.736, 0.592, 0.552, 0.572, 0.602, 0.454, 0.618, 0.684, 0.604, 0.67, 0.606, 0.646, 0.546, 0.666, 0.778, 0.642, 0.61]
[0.736, 0.592, 0.552, 0.572, 0.602, 0.454, 0.618, 0.684, 0.604, 0.67, 0.606, 0.646, 0.546, 0.666, 0.778, 0.642, 0.61, 0.632]
[0.736, 0.592, 0.552, 0.572, 0.602, 0.454, 0.618, 0.684, 0.604, 0.67, 0.606, 0.646, 0.546, 0.666, 0.778, 0.642, 0.61, 0.632, 0.478]
[0.736, 0.592, 0.552, 0.572, 0.602, 0.454, 0.618, 0.684, 0.604, 0.67, 0.606, 0.646, 0.546, 0.666, 0.778, 0.642, 0.61, 0.632, 0.478, 0.486]
Total correct retain:  1856  Total retain:  2500
Total correct forget:  30570  Total forget:  47500
Total correct test:  370  Total test:  500
Total correct forget test:  5767  Total test forget:  9500
[0.74]
[0.74, 0.614]
[0.74, 0.614, 0.578]
[0.74, 0.614, 0.578, 0.612]
[0.74, 0.614, 0.578, 0.612, 0.58]
[0.74, 0.614, 0.578, 0.612, 0.58, 0.498]
[0.74, 0.614, 0.578, 0.612, 0.58, 0.498, 0.612]
[0.74, 0.614, 0.578, 0.612, 0.58, 0.498, 0.612, 0.676]
[0.74, 0.614, 0.578, 0.612, 0.58, 0.498, 0.612, 0.676, 0.622]
[0.74, 0.614, 0.578, 0.612, 0.58, 0.498, 0.612, 0.676, 0.622, 0.672]
[0.74, 0.614, 0.578, 0.612, 0.58, 0.498, 0.612, 0.676, 0.622, 0.672, 0.592]
[0.74, 0.614, 0.578, 0.612, 0.58, 0.498, 0.612, 0.676, 0.622, 0.672, 0.592, 0.682]
[0.74, 0.614, 0.578, 0.612, 0.58, 0.498, 0.612, 0.676, 0.622, 0.672, 0.592, 0.682, 0.606]
[0.74, 0.614, 0.578, 0.612, 0.58, 0.498, 0.612, 0.676, 0.622, 0.672, 0.592, 0.682, 0.606, 0.706]
[0.74, 0.614, 0.578, 0.612, 0.58, 0.498, 0.612, 0.676, 0.622, 0.672, 0.592, 0.682, 0.606, 0.706, 0.772]
[0.74, 0.614, 0.578, 0.612, 0.58, 0.498, 0.612, 0.676, 0.622, 0.672, 0.592, 0.682, 0.606, 0.706, 0.772, 0.626]
[0.74, 0.614, 0.578, 0.612, 0.58, 0.498, 0.612, 0.676, 0.622, 0.672, 0.592, 0.682, 0.606, 0.706, 0.772, 0.626, 0.56]
[0.74, 0.614, 0.578, 0.612, 0.58, 0.498, 0.612, 0.676, 0.622, 0.672, 0.592, 0.682, 0.606, 0.706, 0.772, 0.626, 0.56, 0.616]
[0.74, 0.614, 0.578, 0.612, 0.58, 0.498, 0.612, 0.676, 0.622, 0.672, 0.592, 0.682, 0.606, 0.706, 0.772, 0.626, 0.56, 0.616, 0.448]
[0.74, 0.614, 0.578, 0.612, 0.58, 0.498, 0.612, 0.676, 0.622, 0.672, 0.592, 0.682, 0.606, 0.706, 0.772, 0.626, 0.56, 0.616, 0.448, 0.462]
Total correct retain:  1807  Total retain:  2500
Total correct forget:  28850  Total forget:  47500
Total correct test:  353  Total test:  500
Total correct forget test:  5495  Total test forget:  9500
[0.706]
[0.706, 0.54]
[0.706, 0.54, 0.566]
[0.706, 0.54, 0.566, 0.562]
[0.706, 0.54, 0.566, 0.562, 0.546]
[0.706, 0.54, 0.566, 0.562, 0.546, 0.486]
[0.706, 0.54, 0.566, 0.562, 0.546, 0.486, 0.6]
[0.706, 0.54, 0.566, 0.562, 0.546, 0.486, 0.6, 0.682]
[0.706, 0.54, 0.566, 0.562, 0.546, 0.486, 0.6, 0.682, 0.612]
[0.706, 0.54, 0.566, 0.562, 0.546, 0.486, 0.6, 0.682, 0.612, 0.67]
[0.706, 0.54, 0.566, 0.562, 0.546, 0.486, 0.6, 0.682, 0.612, 0.67, 0.604]
[0.706, 0.54, 0.566, 0.562, 0.546, 0.486, 0.6, 0.682, 0.612, 0.67, 0.604, 0.656]
[0.706, 0.54, 0.566, 0.562, 0.546, 0.486, 0.6, 0.682, 0.612, 0.67, 0.604, 0.656, 0.584]
[0.706, 0.54, 0.566, 0.562, 0.546, 0.486, 0.6, 0.682, 0.612, 0.67, 0.604, 0.656, 0.584, 0.688]
[0.706, 0.54, 0.566, 0.562, 0.546, 0.486, 0.6, 0.682, 0.612, 0.67, 0.604, 0.656, 0.584, 0.688, 0.75]
[0.706, 0.54, 0.566, 0.562, 0.546, 0.486, 0.6, 0.682, 0.612, 0.67, 0.604, 0.656, 0.584, 0.688, 0.75, 0.588]
[0.706, 0.54, 0.566, 0.562, 0.546, 0.486, 0.6, 0.682, 0.612, 0.67, 0.604, 0.656, 0.584, 0.688, 0.75, 0.588, 0.49]
[0.706, 0.54, 0.566, 0.562, 0.546, 0.486, 0.6, 0.682, 0.612, 0.67, 0.604, 0.656, 0.584, 0.688, 0.75, 0.588, 0.49, 0.556]
[0.706, 0.54, 0.566, 0.562, 0.546, 0.486, 0.6, 0.682, 0.612, 0.67, 0.604, 0.656, 0.584, 0.688, 0.75, 0.588, 0.49, 0.556, 0.394]
[0.706, 0.54, 0.566, 0.562, 0.546, 0.486, 0.6, 0.682, 0.612, 0.67, 0.604, 0.656, 0.584, 0.688, 0.75, 0.588, 0.49, 0.556, 0.394, 0.416]
Total correct retain:  1737  Total retain:  2500
Total correct forget:  28668  Total forget:  47500
Total correct test:  352  Total test:  500
Total correct forget test:  5422  Total test forget:  9500
[0.704]
[0.704, 0.554]
[0.704, 0.554, 0.57]
[0.704, 0.554, 0.57, 0.552]
[0.704, 0.554, 0.57, 0.552, 0.528]
[0.704, 0.554, 0.57, 0.552, 0.528, 0.486]
[0.704, 0.554, 0.57, 0.552, 0.528, 0.486, 0.608]
[0.704, 0.554, 0.57, 0.552, 0.528, 0.486, 0.608, 0.668]
[0.704, 0.554, 0.57, 0.552, 0.528, 0.486, 0.608, 0.668, 0.604]
[0.704, 0.554, 0.57, 0.552, 0.528, 0.486, 0.608, 0.668, 0.604, 0.64]
[0.704, 0.554, 0.57, 0.552, 0.528, 0.486, 0.608, 0.668, 0.604, 0.64, 0.586]
[0.704, 0.554, 0.57, 0.552, 0.528, 0.486, 0.608, 0.668, 0.604, 0.64, 0.586, 0.648]
[0.704, 0.554, 0.57, 0.552, 0.528, 0.486, 0.608, 0.668, 0.604, 0.64, 0.586, 0.648, 0.606]
[0.704, 0.554, 0.57, 0.552, 0.528, 0.486, 0.608, 0.668, 0.604, 0.64, 0.586, 0.648, 0.606, 0.67]
[0.704, 0.554, 0.57, 0.552, 0.528, 0.486, 0.608, 0.668, 0.604, 0.64, 0.586, 0.648, 0.606, 0.67, 0.68]
[0.704, 0.554, 0.57, 0.552, 0.528, 0.486, 0.608, 0.668, 0.604, 0.64, 0.586, 0.648, 0.606, 0.67, 0.68, 0.57]
[0.704, 0.554, 0.57, 0.552, 0.528, 0.486, 0.608, 0.668, 0.604, 0.64, 0.586, 0.648, 0.606, 0.67, 0.68, 0.57, 0.51]
[0.704, 0.554, 0.57, 0.552, 0.528, 0.486, 0.608, 0.668, 0.604, 0.64, 0.586, 0.648, 0.606, 0.67, 0.68, 0.57, 0.51, 0.514]
[0.704, 0.554, 0.57, 0.552, 0.528, 0.486, 0.608, 0.668, 0.604, 0.64, 0.586, 0.648, 0.606, 0.67, 0.68, 0.57, 0.51, 0.514, 0.402]
[0.704, 0.554, 0.57, 0.552, 0.528, 0.486, 0.608, 0.668, 0.604, 0.64, 0.586, 0.648, 0.606, 0.67, 0.68, 0.57, 0.51, 0.514, 0.402, 0.448]
Total correct retain:  648  Total retain:  2500
Total correct forget:  12734  Total forget:  47500
Total correct test:  130  Total test:  500
Total correct forget test:  2577  Total test forget:  9500
[0.26]
[0.26, 0.31]
[0.26, 0.31, 0.288]
[0.26, 0.31, 0.288, 0.26]
[0.26, 0.31, 0.288, 0.26, 0.262]
[0.26, 0.31, 0.288, 0.26, 0.262, 0.266]
[0.26, 0.31, 0.288, 0.26, 0.262, 0.266, 0.336]
[0.26, 0.31, 0.288, 0.26, 0.262, 0.266, 0.336, 0.25]
[0.26, 0.31, 0.288, 0.26, 0.262, 0.266, 0.336, 0.25, 0.26]
[0.26, 0.31, 0.288, 0.26, 0.262, 0.266, 0.336, 0.25, 0.26, 0.346]
[0.26, 0.31, 0.288, 0.26, 0.262, 0.266, 0.336, 0.25, 0.26, 0.346, 0.25]
[0.26, 0.31, 0.288, 0.26, 0.262, 0.266, 0.336, 0.25, 0.26, 0.346, 0.25, 0.314]
[0.26, 0.31, 0.288, 0.26, 0.262, 0.266, 0.336, 0.25, 0.26, 0.346, 0.25, 0.314, 0.284]
[0.26, 0.31, 0.288, 0.26, 0.262, 0.266, 0.336, 0.25, 0.26, 0.346, 0.25, 0.314, 0.284, 0.274]
[0.26, 0.31, 0.288, 0.26, 0.262, 0.266, 0.336, 0.25, 0.26, 0.346, 0.25, 0.314, 0.284, 0.274, 0.152]
[0.26, 0.31, 0.288, 0.26, 0.262, 0.266, 0.336, 0.25, 0.26, 0.346, 0.25, 0.314, 0.284, 0.274, 0.152, 0.36]
[0.26, 0.31, 0.288, 0.26, 0.262, 0.266, 0.336, 0.25, 0.26, 0.346, 0.25, 0.314, 0.284, 0.274, 0.152, 0.36, 0.2]
[0.26, 0.31, 0.288, 0.26, 0.262, 0.266, 0.336, 0.25, 0.26, 0.346, 0.25, 0.314, 0.284, 0.274, 0.152, 0.36, 0.2, 0.206]
[0.26, 0.31, 0.288, 0.26, 0.262, 0.266, 0.336, 0.25, 0.26, 0.346, 0.25, 0.314, 0.284, 0.274, 0.152, 0.36, 0.2, 0.206, 0.286]
[0.26, 0.31, 0.288, 0.26, 0.262, 0.266, 0.336, 0.25, 0.26, 0.346, 0.25, 0.314, 0.284, 0.274, 0.152, 0.36, 0.2, 0.206, 0.286, 0.25]
Total correct retain:  1724  Total retain:  2500
Total correct forget:  26868  Total forget:  47500
Total correct test:  335  Total test:  500
Total correct forget test:  5192  Total test forget:  9500
[0.67]
[0.67, 0.566]
[0.67, 0.566, 0.588]
[0.67, 0.566, 0.588, 0.524]
[0.67, 0.566, 0.588, 0.524, 0.52]
[0.67, 0.566, 0.588, 0.524, 0.52, 0.558]
[0.67, 0.566, 0.588, 0.524, 0.52, 0.558, 0.558]
[0.67, 0.566, 0.588, 0.524, 0.52, 0.558, 0.558, 0.674]
[0.67, 0.566, 0.588, 0.524, 0.52, 0.558, 0.558, 0.674, 0.58]
[0.67, 0.566, 0.588, 0.524, 0.52, 0.558, 0.558, 0.674, 0.58, 0.614]
[0.67, 0.566, 0.588, 0.524, 0.52, 0.558, 0.558, 0.674, 0.58, 0.614, 0.578]
[0.67, 0.566, 0.588, 0.524, 0.52, 0.558, 0.558, 0.674, 0.58, 0.614, 0.578, 0.636]
[0.67, 0.566, 0.588, 0.524, 0.52, 0.558, 0.558, 0.674, 0.58, 0.614, 0.578, 0.636, 0.584]
[0.67, 0.566, 0.588, 0.524, 0.52, 0.558, 0.558, 0.674, 0.58, 0.614, 0.578, 0.636, 0.584, 0.602]
[0.67, 0.566, 0.588, 0.524, 0.52, 0.558, 0.558, 0.674, 0.58, 0.614, 0.578, 0.636, 0.584, 0.602, 0.674]
[0.67, 0.566, 0.588, 0.524, 0.52, 0.558, 0.558, 0.674, 0.58, 0.614, 0.578, 0.636, 0.584, 0.602, 0.674, 0.482]
[0.67, 0.566, 0.588, 0.524, 0.52, 0.558, 0.558, 0.674, 0.58, 0.614, 0.578, 0.636, 0.584, 0.602, 0.674, 0.482, 0.468]
[0.67, 0.566, 0.588, 0.524, 0.52, 0.558, 0.558, 0.674, 0.58, 0.614, 0.578, 0.636, 0.584, 0.602, 0.674, 0.482, 0.468, 0.478]
[0.67, 0.566, 0.588, 0.524, 0.52, 0.558, 0.558, 0.674, 0.58, 0.614, 0.578, 0.636, 0.584, 0.602, 0.674, 0.482, 0.468, 0.478, 0.322]
[0.67, 0.566, 0.588, 0.524, 0.52, 0.558, 0.558, 0.674, 0.58, 0.614, 0.578, 0.636, 0.584, 0.602, 0.674, 0.482, 0.468, 0.478, 0.322, 0.378]
Total correct retain:  1627  Total retain:  2500
Total correct forget:  26724  Total forget:  47500
Total correct test:  332  Total test:  500
Total correct forget test:  5184  Total test forget:  9500
[0.664]
[0.664, 0.554]
[0.664, 0.554, 0.57]
[0.664, 0.554, 0.57, 0.546]
[0.664, 0.554, 0.57, 0.546, 0.528]
[0.664, 0.554, 0.57, 0.546, 0.528, 0.42]
[0.664, 0.554, 0.57, 0.546, 0.528, 0.42, 0.572]
[0.664, 0.554, 0.57, 0.546, 0.528, 0.42, 0.572, 0.656]
[0.664, 0.554, 0.57, 0.546, 0.528, 0.42, 0.572, 0.656, 0.6]
[0.664, 0.554, 0.57, 0.546, 0.528, 0.42, 0.572, 0.656, 0.6, 0.634]
[0.664, 0.554, 0.57, 0.546, 0.528, 0.42, 0.572, 0.656, 0.6, 0.634, 0.566]
[0.664, 0.554, 0.57, 0.546, 0.528, 0.42, 0.572, 0.656, 0.6, 0.634, 0.566, 0.57]
[0.664, 0.554, 0.57, 0.546, 0.528, 0.42, 0.572, 0.656, 0.6, 0.634, 0.566, 0.57, 0.56]
[0.664, 0.554, 0.57, 0.546, 0.528, 0.42, 0.572, 0.656, 0.6, 0.634, 0.566, 0.57, 0.56, 0.64]
[0.664, 0.554, 0.57, 0.546, 0.528, 0.42, 0.572, 0.656, 0.6, 0.634, 0.566, 0.57, 0.56, 0.64, 0.624]
[0.664, 0.554, 0.57, 0.546, 0.528, 0.42, 0.572, 0.656, 0.6, 0.634, 0.566, 0.57, 0.56, 0.64, 0.624, 0.544]
[0.664, 0.554, 0.57, 0.546, 0.528, 0.42, 0.572, 0.656, 0.6, 0.634, 0.566, 0.57, 0.56, 0.64, 0.624, 0.544, 0.464]
[0.664, 0.554, 0.57, 0.546, 0.528, 0.42, 0.572, 0.656, 0.6, 0.634, 0.566, 0.57, 0.56, 0.64, 0.624, 0.544, 0.464, 0.552]
[0.664, 0.554, 0.57, 0.546, 0.528, 0.42, 0.572, 0.656, 0.6, 0.634, 0.566, 0.57, 0.56, 0.64, 0.624, 0.544, 0.464, 0.552, 0.364]
[0.664, 0.554, 0.57, 0.546, 0.528, 0.42, 0.572, 0.656, 0.6, 0.634, 0.566, 0.57, 0.56, 0.64, 0.624, 0.544, 0.464, 0.552, 0.364, 0.404]
Total correct retain:  1711  Total retain:  2500
Total correct forget:  27195  Total forget:  47500
Total correct test:  337  Total test:  500
Total correct forget test:  5183  Total test forget:  9500
[0.674]
[0.674, 0.582]
[0.674, 0.582, 0.568]
[0.674, 0.582, 0.568, 0.568]
[0.674, 0.582, 0.568, 0.568, 0.526]
[0.674, 0.582, 0.568, 0.568, 0.526, 0.508]
[0.674, 0.582, 0.568, 0.568, 0.526, 0.508, 0.524]
[0.674, 0.582, 0.568, 0.568, 0.526, 0.508, 0.524, 0.678]
[0.674, 0.582, 0.568, 0.568, 0.526, 0.508, 0.524, 0.678, 0.6]
[0.674, 0.582, 0.568, 0.568, 0.526, 0.508, 0.524, 0.678, 0.6, 0.634]
[0.674, 0.582, 0.568, 0.568, 0.526, 0.508, 0.524, 0.678, 0.6, 0.634, 0.568]
[0.674, 0.582, 0.568, 0.568, 0.526, 0.508, 0.524, 0.678, 0.6, 0.634, 0.568, 0.578]
[0.674, 0.582, 0.568, 0.568, 0.526, 0.508, 0.524, 0.678, 0.6, 0.634, 0.568, 0.578, 0.542]
[0.674, 0.582, 0.568, 0.568, 0.526, 0.508, 0.524, 0.678, 0.6, 0.634, 0.568, 0.578, 0.542, 0.616]
[0.674, 0.582, 0.568, 0.568, 0.526, 0.508, 0.524, 0.678, 0.6, 0.634, 0.568, 0.578, 0.542, 0.616, 0.616]
[0.674, 0.582, 0.568, 0.568, 0.526, 0.508, 0.524, 0.678, 0.6, 0.634, 0.568, 0.578, 0.542, 0.616, 0.616, 0.504]
[0.674, 0.582, 0.568, 0.568, 0.526, 0.508, 0.524, 0.678, 0.6, 0.634, 0.568, 0.578, 0.542, 0.616, 0.616, 0.504, 0.438]
[0.674, 0.582, 0.568, 0.568, 0.526, 0.508, 0.524, 0.678, 0.6, 0.634, 0.568, 0.578, 0.542, 0.616, 0.616, 0.504, 0.438, 0.526]
[0.674, 0.582, 0.568, 0.568, 0.526, 0.508, 0.524, 0.678, 0.6, 0.634, 0.568, 0.578, 0.542, 0.616, 0.616, 0.504, 0.438, 0.526, 0.4]
[0.674, 0.582, 0.568, 0.568, 0.526, 0.508, 0.524, 0.678, 0.6, 0.634, 0.568, 0.578, 0.542, 0.616, 0.616, 0.504, 0.438, 0.526, 0.4, 0.39]
broken out of loop
Total correct retain:  618  Total retain:  2500
Total correct forget:  9808  Total forget:  47500
Total correct test:  122  Total test:  500
Total correct forget test:  1945  Total test forget:  9500
[0.244]
[0.244, 0.2]
[0.244, 0.2, 0.22]
[0.244, 0.2, 0.22, 0.234]
[0.244, 0.2, 0.22, 0.234, 0.228]
[0.244, 0.2, 0.22, 0.234, 0.228, 0.186]
[0.244, 0.2, 0.22, 0.234, 0.228, 0.186, 0.29]
[0.244, 0.2, 0.22, 0.234, 0.228, 0.186, 0.29, 0.192]
[0.244, 0.2, 0.22, 0.234, 0.228, 0.186, 0.29, 0.192, 0.162]
[0.244, 0.2, 0.22, 0.234, 0.228, 0.186, 0.29, 0.192, 0.162, 0.224]
[0.244, 0.2, 0.22, 0.234, 0.228, 0.186, 0.29, 0.192, 0.162, 0.224, 0.192]
[0.244, 0.2, 0.22, 0.234, 0.228, 0.186, 0.29, 0.192, 0.162, 0.224, 0.192, 0.184]
[0.244, 0.2, 0.22, 0.234, 0.228, 0.186, 0.29, 0.192, 0.162, 0.224, 0.192, 0.184, 0.206]
[0.244, 0.2, 0.22, 0.234, 0.228, 0.186, 0.29, 0.192, 0.162, 0.224, 0.192, 0.184, 0.206, 0.244]
[0.244, 0.2, 0.22, 0.234, 0.228, 0.186, 0.29, 0.192, 0.162, 0.224, 0.192, 0.184, 0.206, 0.244, 0.218]
[0.244, 0.2, 0.22, 0.234, 0.228, 0.186, 0.29, 0.192, 0.162, 0.224, 0.192, 0.184, 0.206, 0.244, 0.218, 0.238]
[0.244, 0.2, 0.22, 0.234, 0.228, 0.186, 0.29, 0.192, 0.162, 0.224, 0.192, 0.184, 0.206, 0.244, 0.218, 0.238, 0.168]
[0.244, 0.2, 0.22, 0.234, 0.228, 0.186, 0.29, 0.192, 0.162, 0.224, 0.192, 0.184, 0.206, 0.244, 0.218, 0.238, 0.168, 0.184]
[0.244, 0.2, 0.22, 0.234, 0.228, 0.186, 0.29, 0.192, 0.162, 0.224, 0.192, 0.184, 0.206, 0.244, 0.218, 0.238, 0.168, 0.184, 0.152]
[0.244, 0.2, 0.22, 0.234, 0.228, 0.186, 0.29, 0.192, 0.162, 0.224, 0.192, 0.184, 0.206, 0.244, 0.218, 0.238, 0.168, 0.184, 0.152, 0.168]
broken out of loop
Total correct retain:  638  Total retain:  2500
Total correct forget:  10223  Total forget:  47500
Total correct test:  132  Total test:  500
Total correct forget test:  2029  Total test forget:  9500
[0.264]
[0.264, 0.214]
[0.264, 0.214, 0.234]
[0.264, 0.214, 0.234, 0.258]
[0.264, 0.214, 0.234, 0.258, 0.22]
[0.264, 0.214, 0.234, 0.258, 0.22, 0.19]
[0.264, 0.214, 0.234, 0.258, 0.22, 0.19, 0.314]
[0.264, 0.214, 0.234, 0.258, 0.22, 0.19, 0.314, 0.19]
[0.264, 0.214, 0.234, 0.258, 0.22, 0.19, 0.314, 0.19, 0.194]
[0.264, 0.214, 0.234, 0.258, 0.22, 0.19, 0.314, 0.19, 0.194, 0.236]
[0.264, 0.214, 0.234, 0.258, 0.22, 0.19, 0.314, 0.19, 0.194, 0.236, 0.204]
[0.264, 0.214, 0.234, 0.258, 0.22, 0.19, 0.314, 0.19, 0.194, 0.236, 0.204, 0.192]
[0.264, 0.214, 0.234, 0.258, 0.22, 0.19, 0.314, 0.19, 0.194, 0.236, 0.204, 0.192, 0.204]
[0.264, 0.214, 0.234, 0.258, 0.22, 0.19, 0.314, 0.19, 0.194, 0.236, 0.204, 0.192, 0.204, 0.262]
[0.264, 0.214, 0.234, 0.258, 0.22, 0.19, 0.314, 0.19, 0.194, 0.236, 0.204, 0.192, 0.204, 0.262, 0.224]
[0.264, 0.214, 0.234, 0.258, 0.22, 0.19, 0.314, 0.19, 0.194, 0.236, 0.204, 0.192, 0.204, 0.262, 0.224, 0.254]
[0.264, 0.214, 0.234, 0.258, 0.22, 0.19, 0.314, 0.19, 0.194, 0.236, 0.204, 0.192, 0.204, 0.262, 0.224, 0.254, 0.172]
[0.264, 0.214, 0.234, 0.258, 0.22, 0.19, 0.314, 0.19, 0.194, 0.236, 0.204, 0.192, 0.204, 0.262, 0.224, 0.254, 0.172, 0.184]
[0.264, 0.214, 0.234, 0.258, 0.22, 0.19, 0.314, 0.19, 0.194, 0.236, 0.204, 0.192, 0.204, 0.262, 0.224, 0.254, 0.172, 0.184, 0.146]
[0.264, 0.214, 0.234, 0.258, 0.22, 0.19, 0.314, 0.19, 0.194, 0.236, 0.204, 0.192, 0.204, 0.262, 0.224, 0.254, 0.172, 0.184, 0.146, 0.166]
broken out of loop
Total correct retain:  662  Total retain:  2500
Total correct forget:  10628  Total forget:  47500
Total correct test:  141  Total test:  500
Total correct forget test:  2087  Total test forget:  9500
[0.282]
[0.282, 0.21]
[0.282, 0.21, 0.234]
[0.282, 0.21, 0.234, 0.278]
[0.282, 0.21, 0.234, 0.278, 0.214]
[0.282, 0.21, 0.234, 0.278, 0.214, 0.188]
[0.282, 0.21, 0.234, 0.278, 0.214, 0.188, 0.318]
[0.282, 0.21, 0.234, 0.278, 0.214, 0.188, 0.318, 0.196]
[0.282, 0.21, 0.234, 0.278, 0.214, 0.188, 0.318, 0.196, 0.218]
[0.282, 0.21, 0.234, 0.278, 0.214, 0.188, 0.318, 0.196, 0.218, 0.244]
[0.282, 0.21, 0.234, 0.278, 0.214, 0.188, 0.318, 0.196, 0.218, 0.244, 0.206]
[0.282, 0.21, 0.234, 0.278, 0.214, 0.188, 0.318, 0.196, 0.218, 0.244, 0.206, 0.192]
[0.282, 0.21, 0.234, 0.278, 0.214, 0.188, 0.318, 0.196, 0.218, 0.244, 0.206, 0.192, 0.216]
[0.282, 0.21, 0.234, 0.278, 0.214, 0.188, 0.318, 0.196, 0.218, 0.244, 0.206, 0.192, 0.216, 0.278]
[0.282, 0.21, 0.234, 0.278, 0.214, 0.188, 0.318, 0.196, 0.218, 0.244, 0.206, 0.192, 0.216, 0.278, 0.218]
[0.282, 0.21, 0.234, 0.278, 0.214, 0.188, 0.318, 0.196, 0.218, 0.244, 0.206, 0.192, 0.216, 0.278, 0.218, 0.272]
[0.282, 0.21, 0.234, 0.278, 0.214, 0.188, 0.318, 0.196, 0.218, 0.244, 0.206, 0.192, 0.216, 0.278, 0.218, 0.272, 0.166]
[0.282, 0.21, 0.234, 0.278, 0.214, 0.188, 0.318, 0.196, 0.218, 0.244, 0.206, 0.192, 0.216, 0.278, 0.218, 0.272, 0.166, 0.206]
[0.282, 0.21, 0.234, 0.278, 0.214, 0.188, 0.318, 0.196, 0.218, 0.244, 0.206, 0.192, 0.216, 0.278, 0.218, 0.272, 0.166, 0.206, 0.144]
[0.282, 0.21, 0.234, 0.278, 0.214, 0.188, 0.318, 0.196, 0.218, 0.244, 0.206, 0.192, 0.216, 0.278, 0.218, 0.272, 0.166, 0.206, 0.144, 0.176]
broken out of loop
Total correct retain:  681  Total retain:  2500
Total correct forget:  10913  Total forget:  47500
Total correct test:  143  Total test:  500
Total correct forget test:  2146  Total test forget:  9500
[0.286]
[0.286, 0.206]
[0.286, 0.206, 0.242]
[0.286, 0.206, 0.242, 0.29]
[0.286, 0.206, 0.242, 0.29, 0.21]
[0.286, 0.206, 0.242, 0.29, 0.21, 0.196]
[0.286, 0.206, 0.242, 0.29, 0.21, 0.196, 0.32]
[0.286, 0.206, 0.242, 0.29, 0.21, 0.196, 0.32, 0.22]
[0.286, 0.206, 0.242, 0.29, 0.21, 0.196, 0.32, 0.22, 0.22]
[0.286, 0.206, 0.242, 0.29, 0.21, 0.196, 0.32, 0.22, 0.22, 0.246]
[0.286, 0.206, 0.242, 0.29, 0.21, 0.196, 0.32, 0.22, 0.22, 0.246, 0.218]
[0.286, 0.206, 0.242, 0.29, 0.21, 0.196, 0.32, 0.22, 0.22, 0.246, 0.218, 0.216]
[0.286, 0.206, 0.242, 0.29, 0.21, 0.196, 0.32, 0.22, 0.22, 0.246, 0.218, 0.216, 0.21]
[0.286, 0.206, 0.242, 0.29, 0.21, 0.196, 0.32, 0.22, 0.22, 0.246, 0.218, 0.216, 0.21, 0.302]
[0.286, 0.206, 0.242, 0.29, 0.21, 0.196, 0.32, 0.22, 0.22, 0.246, 0.218, 0.216, 0.21, 0.302, 0.228]
[0.286, 0.206, 0.242, 0.29, 0.21, 0.196, 0.32, 0.22, 0.22, 0.246, 0.218, 0.216, 0.21, 0.302, 0.228, 0.274]
[0.286, 0.206, 0.242, 0.29, 0.21, 0.196, 0.32, 0.22, 0.22, 0.246, 0.218, 0.216, 0.21, 0.302, 0.228, 0.274, 0.168]
[0.286, 0.206, 0.242, 0.29, 0.21, 0.196, 0.32, 0.22, 0.22, 0.246, 0.218, 0.216, 0.21, 0.302, 0.228, 0.274, 0.168, 0.198]
[0.286, 0.206, 0.242, 0.29, 0.21, 0.196, 0.32, 0.22, 0.22, 0.246, 0.218, 0.216, 0.21, 0.302, 0.228, 0.274, 0.168, 0.198, 0.142]
[0.286, 0.206, 0.242, 0.29, 0.21, 0.196, 0.32, 0.22, 0.22, 0.246, 0.218, 0.216, 0.21, 0.302, 0.228, 0.274, 0.168, 0.198, 0.142, 0.186]
broken out of loop
Total correct retain:  699  Total retain:  2500
Total correct forget:  11082  Total forget:  47500
Total correct test:  144  Total test:  500
Total correct forget test:  2149  Total test forget:  9500
[0.288]
[0.288, 0.198]
[0.288, 0.198, 0.224]
[0.288, 0.198, 0.224, 0.29]
[0.288, 0.198, 0.224, 0.29, 0.218]
[0.288, 0.198, 0.224, 0.29, 0.218, 0.2]
[0.288, 0.198, 0.224, 0.29, 0.218, 0.2, 0.322]
[0.288, 0.198, 0.224, 0.29, 0.218, 0.2, 0.322, 0.22]
[0.288, 0.198, 0.224, 0.29, 0.218, 0.2, 0.322, 0.22, 0.238]
[0.288, 0.198, 0.224, 0.29, 0.218, 0.2, 0.322, 0.22, 0.238, 0.256]
[0.288, 0.198, 0.224, 0.29, 0.218, 0.2, 0.322, 0.22, 0.238, 0.256, 0.21]
[0.288, 0.198, 0.224, 0.29, 0.218, 0.2, 0.322, 0.22, 0.238, 0.256, 0.21, 0.218]
[0.288, 0.198, 0.224, 0.29, 0.218, 0.2, 0.322, 0.22, 0.238, 0.256, 0.21, 0.218, 0.214]
[0.288, 0.198, 0.224, 0.29, 0.218, 0.2, 0.322, 0.22, 0.238, 0.256, 0.21, 0.218, 0.214, 0.292]
[0.288, 0.198, 0.224, 0.29, 0.218, 0.2, 0.322, 0.22, 0.238, 0.256, 0.21, 0.218, 0.214, 0.292, 0.238]
[0.288, 0.198, 0.224, 0.29, 0.218, 0.2, 0.322, 0.22, 0.238, 0.256, 0.21, 0.218, 0.214, 0.292, 0.238, 0.264]
[0.288, 0.198, 0.224, 0.29, 0.218, 0.2, 0.322, 0.22, 0.238, 0.256, 0.21, 0.218, 0.214, 0.292, 0.238, 0.264, 0.174]
[0.288, 0.198, 0.224, 0.29, 0.218, 0.2, 0.322, 0.22, 0.238, 0.256, 0.21, 0.218, 0.214, 0.292, 0.238, 0.264, 0.174, 0.186]
[0.288, 0.198, 0.224, 0.29, 0.218, 0.2, 0.322, 0.22, 0.238, 0.256, 0.21, 0.218, 0.214, 0.292, 0.238, 0.264, 0.174, 0.186, 0.152]
[0.288, 0.198, 0.224, 0.29, 0.218, 0.2, 0.322, 0.22, 0.238, 0.256, 0.21, 0.218, 0.214, 0.292, 0.238, 0.264, 0.174, 0.186, 0.152, 0.184]
broken out of loop
Total correct retain:  700  Total retain:  2500
Total correct forget:  11160  Total forget:  47500
Total correct test:  140  Total test:  500
Total correct forget test:  2158  Total test forget:  9500
[0.28]
[0.28, 0.196]
[0.28, 0.196, 0.222]
[0.28, 0.196, 0.222, 0.284]
[0.28, 0.196, 0.222, 0.284, 0.216]
[0.28, 0.196, 0.222, 0.284, 0.216, 0.208]
[0.28, 0.196, 0.222, 0.284, 0.216, 0.208, 0.32]
[0.28, 0.196, 0.222, 0.284, 0.216, 0.208, 0.32, 0.22]
[0.28, 0.196, 0.222, 0.284, 0.216, 0.208, 0.32, 0.22, 0.256]
[0.28, 0.196, 0.222, 0.284, 0.216, 0.208, 0.32, 0.22, 0.256, 0.248]
[0.28, 0.196, 0.222, 0.284, 0.216, 0.208, 0.32, 0.22, 0.256, 0.248, 0.19]
[0.28, 0.196, 0.222, 0.284, 0.216, 0.208, 0.32, 0.22, 0.256, 0.248, 0.19, 0.22]
[0.28, 0.196, 0.222, 0.284, 0.216, 0.208, 0.32, 0.22, 0.256, 0.248, 0.19, 0.22, 0.22]
[0.28, 0.196, 0.222, 0.284, 0.216, 0.208, 0.32, 0.22, 0.256, 0.248, 0.19, 0.22, 0.22, 0.302]
[0.28, 0.196, 0.222, 0.284, 0.216, 0.208, 0.32, 0.22, 0.256, 0.248, 0.19, 0.22, 0.22, 0.302, 0.246]
[0.28, 0.196, 0.222, 0.284, 0.216, 0.208, 0.32, 0.22, 0.256, 0.248, 0.19, 0.22, 0.22, 0.302, 0.246, 0.278]
[0.28, 0.196, 0.222, 0.284, 0.216, 0.208, 0.32, 0.22, 0.256, 0.248, 0.19, 0.22, 0.22, 0.302, 0.246, 0.278, 0.186]
[0.28, 0.196, 0.222, 0.284, 0.216, 0.208, 0.32, 0.22, 0.256, 0.248, 0.19, 0.22, 0.22, 0.302, 0.246, 0.278, 0.186, 0.182]
[0.28, 0.196, 0.222, 0.284, 0.216, 0.208, 0.32, 0.22, 0.256, 0.248, 0.19, 0.22, 0.22, 0.302, 0.246, 0.278, 0.186, 0.182, 0.148]
[0.28, 0.196, 0.222, 0.284, 0.216, 0.208, 0.32, 0.22, 0.256, 0.248, 0.19, 0.22, 0.22, 0.302, 0.246, 0.278, 0.186, 0.182, 0.148, 0.174]
broken out of loop
Total correct retain:  703  Total retain:  2500
Total correct forget:  11240  Total forget:  47500
Total correct test:  141  Total test:  500
Total correct forget test:  2182  Total test forget:  9500
[0.282]
[0.282, 0.2]
[0.282, 0.2, 0.218]
[0.282, 0.2, 0.218, 0.288]
[0.282, 0.2, 0.218, 0.288, 0.214]
[0.282, 0.2, 0.218, 0.288, 0.214, 0.196]
[0.282, 0.2, 0.218, 0.288, 0.214, 0.196, 0.318]
[0.282, 0.2, 0.218, 0.288, 0.214, 0.196, 0.318, 0.214]
[0.282, 0.2, 0.218, 0.288, 0.214, 0.196, 0.318, 0.214, 0.262]
[0.282, 0.2, 0.218, 0.288, 0.214, 0.196, 0.318, 0.214, 0.262, 0.256]
[0.282, 0.2, 0.218, 0.288, 0.214, 0.196, 0.318, 0.214, 0.262, 0.256, 0.202]
[0.282, 0.2, 0.218, 0.288, 0.214, 0.196, 0.318, 0.214, 0.262, 0.256, 0.202, 0.23]
[0.282, 0.2, 0.218, 0.288, 0.214, 0.196, 0.318, 0.214, 0.262, 0.256, 0.202, 0.23, 0.222]
[0.282, 0.2, 0.218, 0.288, 0.214, 0.196, 0.318, 0.214, 0.262, 0.256, 0.202, 0.23, 0.222, 0.312]
[0.282, 0.2, 0.218, 0.288, 0.214, 0.196, 0.318, 0.214, 0.262, 0.256, 0.202, 0.23, 0.222, 0.312, 0.246]
[0.282, 0.2, 0.218, 0.288, 0.214, 0.196, 0.318, 0.214, 0.262, 0.256, 0.202, 0.23, 0.222, 0.312, 0.246, 0.282]
[0.282, 0.2, 0.218, 0.288, 0.214, 0.196, 0.318, 0.214, 0.262, 0.256, 0.202, 0.23, 0.222, 0.312, 0.246, 0.282, 0.184]
[0.282, 0.2, 0.218, 0.288, 0.214, 0.196, 0.318, 0.214, 0.262, 0.256, 0.202, 0.23, 0.222, 0.312, 0.246, 0.282, 0.184, 0.184]
[0.282, 0.2, 0.218, 0.288, 0.214, 0.196, 0.318, 0.214, 0.262, 0.256, 0.202, 0.23, 0.222, 0.312, 0.246, 0.282, 0.184, 0.184, 0.16]
[0.282, 0.2, 0.218, 0.288, 0.214, 0.196, 0.318, 0.214, 0.262, 0.256, 0.202, 0.23, 0.222, 0.312, 0.246, 0.282, 0.184, 0.184, 0.16, 0.176]
broken out of loop
Total correct retain:  687  Total retain:  2500
Total correct forget:  11283  Total forget:  47500
Total correct test:  143  Total test:  500
Total correct forget test:  2188  Total test forget:  9500
[0.286]
[0.286, 0.21]
[0.286, 0.21, 0.22]
[0.286, 0.21, 0.22, 0.292]
[0.286, 0.21, 0.22, 0.292, 0.202]
[0.286, 0.21, 0.22, 0.292, 0.202, 0.21]
[0.286, 0.21, 0.22, 0.292, 0.202, 0.21, 0.308]
[0.286, 0.21, 0.22, 0.292, 0.202, 0.21, 0.308, 0.218]
[0.286, 0.21, 0.22, 0.292, 0.202, 0.21, 0.308, 0.218, 0.268]
[0.286, 0.21, 0.22, 0.292, 0.202, 0.21, 0.308, 0.218, 0.268, 0.248]
[0.286, 0.21, 0.22, 0.292, 0.202, 0.21, 0.308, 0.218, 0.268, 0.248, 0.206]
[0.286, 0.21, 0.22, 0.292, 0.202, 0.21, 0.308, 0.218, 0.268, 0.248, 0.206, 0.234]
[0.286, 0.21, 0.22, 0.292, 0.202, 0.21, 0.308, 0.218, 0.268, 0.248, 0.206, 0.234, 0.216]
[0.286, 0.21, 0.22, 0.292, 0.202, 0.21, 0.308, 0.218, 0.268, 0.248, 0.206, 0.234, 0.216, 0.318]
[0.286, 0.21, 0.22, 0.292, 0.202, 0.21, 0.308, 0.218, 0.268, 0.248, 0.206, 0.234, 0.216, 0.318, 0.248]
[0.286, 0.21, 0.22, 0.292, 0.202, 0.21, 0.308, 0.218, 0.268, 0.248, 0.206, 0.234, 0.216, 0.318, 0.248, 0.276]
[0.286, 0.21, 0.22, 0.292, 0.202, 0.21, 0.308, 0.218, 0.268, 0.248, 0.206, 0.234, 0.216, 0.318, 0.248, 0.276, 0.186]
[0.286, 0.21, 0.22, 0.292, 0.202, 0.21, 0.308, 0.218, 0.268, 0.248, 0.206, 0.234, 0.216, 0.318, 0.248, 0.276, 0.186, 0.174]
[0.286, 0.21, 0.22, 0.292, 0.202, 0.21, 0.308, 0.218, 0.268, 0.248, 0.206, 0.234, 0.216, 0.318, 0.248, 0.276, 0.186, 0.174, 0.162]
[0.286, 0.21, 0.22, 0.292, 0.202, 0.21, 0.308, 0.218, 0.268, 0.248, 0.206, 0.234, 0.216, 0.318, 0.248, 0.276, 0.186, 0.174, 0.162, 0.18]
broken out of loop
Total correct retain:  687  Total retain:  2500
Total correct forget:  11324  Total forget:  47500
Total correct test:  143  Total test:  500
Total correct forget test:  2199  Total test forget:  9500
[0.286]
[0.286, 0.22]
[0.286, 0.22, 0.224]
[0.286, 0.22, 0.224, 0.29]
[0.286, 0.22, 0.224, 0.29, 0.194]
[0.286, 0.22, 0.224, 0.29, 0.194, 0.222]
[0.286, 0.22, 0.224, 0.29, 0.194, 0.222, 0.312]
[0.286, 0.22, 0.224, 0.29, 0.194, 0.222, 0.312, 0.214]
[0.286, 0.22, 0.224, 0.29, 0.194, 0.222, 0.312, 0.214, 0.27]
[0.286, 0.22, 0.224, 0.29, 0.194, 0.222, 0.312, 0.214, 0.27, 0.252]
[0.286, 0.22, 0.224, 0.29, 0.194, 0.222, 0.312, 0.214, 0.27, 0.252, 0.214]
[0.286, 0.22, 0.224, 0.29, 0.194, 0.222, 0.312, 0.214, 0.27, 0.252, 0.214, 0.234]
[0.286, 0.22, 0.224, 0.29, 0.194, 0.222, 0.312, 0.214, 0.27, 0.252, 0.214, 0.234, 0.208]
[0.286, 0.22, 0.224, 0.29, 0.194, 0.222, 0.312, 0.214, 0.27, 0.252, 0.214, 0.234, 0.208, 0.32]
[0.286, 0.22, 0.224, 0.29, 0.194, 0.222, 0.312, 0.214, 0.27, 0.252, 0.214, 0.234, 0.208, 0.32, 0.248]
[0.286, 0.22, 0.224, 0.29, 0.194, 0.222, 0.312, 0.214, 0.27, 0.252, 0.214, 0.234, 0.208, 0.32, 0.248, 0.276]
[0.286, 0.22, 0.224, 0.29, 0.194, 0.222, 0.312, 0.214, 0.27, 0.252, 0.214, 0.234, 0.208, 0.32, 0.248, 0.276, 0.192]
[0.286, 0.22, 0.224, 0.29, 0.194, 0.222, 0.312, 0.214, 0.27, 0.252, 0.214, 0.234, 0.208, 0.32, 0.248, 0.276, 0.192, 0.164]
[0.286, 0.22, 0.224, 0.29, 0.194, 0.222, 0.312, 0.214, 0.27, 0.252, 0.214, 0.234, 0.208, 0.32, 0.248, 0.276, 0.192, 0.164, 0.166]
[0.286, 0.22, 0.224, 0.29, 0.194, 0.222, 0.312, 0.214, 0.27, 0.252, 0.214, 0.234, 0.208, 0.32, 0.248, 0.276, 0.192, 0.164, 0.166, 0.178]
[[0.528, 0.422, 0.552, 0.458, 0.486, 0.406, 0.554, 0.508, 0.502, 0.58, 0.48, 0.618, 0.526, 0.51, 0.68, 0.478, 0.552, 0.532, 0.394, 0.358], [0.532, 0.434, 0.544, 0.456, 0.498, 0.396, 0.568, 0.504, 0.494, 0.592, 0.494, 0.618, 0.518, 0.526, 0.692, 0.494, 0.548, 0.526, 0.406, 0.366], [0.534, 0.44, 0.536, 0.458, 0.502, 0.39, 0.584, 0.506, 0.494, 0.588, 0.512, 0.608, 0.496, 0.53, 0.682, 0.498, 0.552, 0.538, 0.408, 0.374], [0.736, 0.592, 0.552, 0.572, 0.602, 0.454, 0.618, 0.684, 0.604, 0.67, 0.606, 0.646, 0.546, 0.666, 0.778, 0.642, 0.61, 0.632, 0.478, 0.486], [0.74, 0.614, 0.578, 0.612, 0.58, 0.498, 0.612, 0.676, 0.622, 0.672, 0.592, 0.682, 0.606, 0.706, 0.772, 0.626, 0.56, 0.616, 0.448, 0.462], [0.706, 0.54, 0.566, 0.562, 0.546, 0.486, 0.6, 0.682, 0.612, 0.67, 0.604, 0.656, 0.584, 0.688, 0.75, 0.588, 0.49, 0.556, 0.394, 0.416], [0.704, 0.554, 0.57, 0.552, 0.528, 0.486, 0.608, 0.668, 0.604, 0.64, 0.586, 0.648, 0.606, 0.67, 0.68, 0.57, 0.51, 0.514, 0.402, 0.448], [0.26, 0.31, 0.288, 0.26, 0.262, 0.266, 0.336, 0.25, 0.26, 0.346, 0.25, 0.314, 0.284, 0.274, 0.152, 0.36, 0.2, 0.206, 0.286, 0.25], [0.67, 0.566, 0.588, 0.524, 0.52, 0.558, 0.558, 0.674, 0.58, 0.614, 0.578, 0.636, 0.584, 0.602, 0.674, 0.482, 0.468, 0.478, 0.322, 0.378], [0.664, 0.554, 0.57, 0.546, 0.528, 0.42, 0.572, 0.656, 0.6, 0.634, 0.566, 0.57, 0.56, 0.64, 0.624, 0.544, 0.464, 0.552, 0.364, 0.404], [0.674, 0.582, 0.568, 0.568, 0.526, 0.508, 0.524, 0.678, 0.6, 0.634, 0.568, 0.578, 0.542, 0.616, 0.616, 0.504, 0.438, 0.526, 0.4, 0.39], [0.244, 0.2, 0.22, 0.234, 0.228, 0.186, 0.29, 0.192, 0.162, 0.224, 0.192, 0.184, 0.206, 0.244, 0.218, 0.238, 0.168, 0.184, 0.152, 0.168], [0.264, 0.214, 0.234, 0.258, 0.22, 0.19, 0.314, 0.19, 0.194, 0.236, 0.204, 0.192, 0.204, 0.262, 0.224, 0.254, 0.172, 0.184, 0.146, 0.166], [0.282, 0.21, 0.234, 0.278, 0.214, 0.188, 0.318, 0.196, 0.218, 0.244, 0.206, 0.192, 0.216, 0.278, 0.218, 0.272, 0.166, 0.206, 0.144, 0.176], [0.286, 0.206, 0.242, 0.29, 0.21, 0.196, 0.32, 0.22, 0.22, 0.246, 0.218, 0.216, 0.21, 0.302, 0.228, 0.274, 0.168, 0.198, 0.142, 0.186], [0.288, 0.198, 0.224, 0.29, 0.218, 0.2, 0.322, 0.22, 0.238, 0.256, 0.21, 0.218, 0.214, 0.292, 0.238, 0.264, 0.174, 0.186, 0.152, 0.184], [0.28, 0.196, 0.222, 0.284, 0.216, 0.208, 0.32, 0.22, 0.256, 0.248, 0.19, 0.22, 0.22, 0.302, 0.246, 0.278, 0.186, 0.182, 0.148, 0.174], [0.282, 0.2, 0.218, 0.288, 0.214, 0.196, 0.318, 0.214, 0.262, 0.256, 0.202, 0.23, 0.222, 0.312, 0.246, 0.282, 0.184, 0.184, 0.16, 0.176], [0.286, 0.21, 0.22, 0.292, 0.202, 0.21, 0.308, 0.218, 0.268, 0.248, 0.206, 0.234, 0.216, 0.318, 0.248, 0.276, 0.186, 0.174, 0.162, 0.18], [0.286, 0.22, 0.224, 0.29, 0.194, 0.222, 0.312, 0.214, 0.27, 0.252, 0.214, 0.234, 0.208, 0.32, 0.248, 0.276, 0.192, 0.164, 0.166, 0.178]]
20
20
Plot  0  Done
Average Retain Accuracies:  [0.5248, 0.528, 0.53, 0.716, 0.7424, 0.7228, 0.6948, 0.2592, 0.6896, 0.6508, 0.6844, 0.2472, 0.2552, 0.2648, 0.2724, 0.2796, 0.28, 0.2812, 0.2748, 0.2748]
Average Forget Accuracies:  [0.5148842105263158, 0.5200210526315789, 0.5225473684210526, 0.6298526315789473, 0.643578947368421, 0.6073684210526316, 0.6035368421052631, 0.2680842105263158, 0.565642105263158, 0.5626105263157894, 0.5725263157894737, 0.2064842105263158, 0.21522105263157895, 0.22374736842105264, 0.22974736842105264, 0.23330526315789474, 0.23494736842105263, 0.23663157894736842, 0.23753684210526316, 0.2384]
Average Retain Test Accuracies:  [0.528, 0.532, 0.534, 0.736, 0.74, 0.706, 0.704, 0.26, 0.67, 0.664, 0.674, 0.244, 0.264, 0.282, 0.286, 0.288, 0.28, 0.282, 0.286, 0.286]
Average Forget Test Accuracies:  [0.5050526315789474, 0.5091578947368421, 0.5103157894736842, 0.602, 0.6070526315789474, 0.578421052631579, 0.5707368421052632, 0.2712631578947368, 0.5465263157894736, 0.5456842105263158, 0.545578947368421, 0.20473684210526316, 0.21357894736842106, 0.2196842105263158, 0.22589473684210526, 0.22621052631578947, 0.22715789473684211, 0.2296842105263158, 0.23031578947368422, 0.2314736842105263]
Done
Python 3.12.8
./cifar-100-python/train
./cifar-100-python/test
Unlearn Batch Size:  16
Unlearn MEM Strength:  0.6
cifar-100-python/train
cifar-100-python/test
new ordering of classes:  ['seal', 'man', 'shark', 'sweet peppers', 'bicycle', 'fox', 'bowls', 'computer keyboard', 'cockroach', 'caterpillar', 'butterfly', 'leopard', 'spider', 'porcupine', 'apples', 'tiger', 'lion', 'shrew', 'orchids', 'tank', 'dinosaur', 'wardrobe', 'pickup truck', 'cans', 'castle', 'hamster', 'lizard', 'motorcycle', 'turtle', 'snail', 'couch', 'forest', 'tractor', 'girl', 'aquarium fish', 'chair', 'train', 'worm', 'camel', 'lamp', 'sea', 'pears', 'house', 'boy', 'flatfish', 'bed', 'trout', 'mouse', 'baby', 'crocodile', 'telephone', 'squirrel', 'roses', 'rabbit', 'beetle', 'skyscraper', 'bear', 'poppies', 'television', 'elephant', 'willow', 'tulips', 'pine', 'whale', 'maple', 'woman', 'bee', 'cloud', 'lawn-mower', 'skunk', 'bridge', 'ray', 'dolphin', 'table', 'crab', 'beaver', 'bus', 'clock', 'bottles', 'mushrooms', 'chimpanzee', 'plates', 'oranges', 'road', 'cups', 'raccoon', 'streetcar', 'snake', 'sunflowers', 'otter', 'lobster', 'possum', 'palm', 'wolf', 'rocket', 'kangaroo', 'oak', 'mountain', 'cattle', 'plain']
Training task:  1
[0.432, 0.204, 0.2, 0.182, 0.202, 0.168, 0.2, 0.196, 0.136, 0.202, 0.104, 0.178, 0.156, 0.176, 0.2, 0.194, 0.208, 0.326, 0.2, 0.238]
Training task:  2
[0.522, 0.506, 0.2, 0.236, 0.092, 0.18, 0.198, 0.18, 0.096, 0.186, 0.148, 0.198, 0.148, 0.178, 0.184, 0.192, 0.218, 0.33, 0.156, 0.242]
Training task:  3
[0.514, 0.524, 0.514, 0.266, 0.14, 0.2, 0.19, 0.252, 0.172, 0.212, 0.14, 0.216, 0.164, 0.228, 0.168, 0.188, 0.24, 0.306, 0.174, 0.216]
Training task:  4
[0.428, 0.462, 0.446, 0.534, 0.226, 0.176, 0.174, 0.238, 0.142, 0.182, 0.12, 0.216, 0.196, 0.194, 0.148, 0.11, 0.236, 0.204, 0.128, 0.18]
Training task:  5
[0.474, 0.414, 0.382, 0.37, 0.496, 0.196, 0.206, 0.142, 0.18, 0.176, 0.192, 0.214, 0.22, 0.08, 0.152, 0.204, 0.282, 0.172, 0.186, 0.344]
Training task:  6
[0.514, 0.494, 0.414, 0.376, 0.586, 0.426, 0.194, 0.138, 0.284, 0.226, 0.184, 0.226, 0.21, 0.158, 0.2, 0.182, 0.346, 0.3, 0.218, 0.268]
Training task:  7
[0.526, 0.554, 0.534, 0.588, 0.666, 0.486, 0.522, 0.214, 0.252, 0.176, 0.152, 0.264, 0.202, 0.072, 0.2, 0.166, 0.252, 0.218, 0.19, 0.236]
Training task:  8
[0.546, 0.548, 0.458, 0.542, 0.628, 0.478, 0.52, 0.484, 0.228, 0.216, 0.178, 0.228, 0.184, 0.17, 0.204, 0.176, 0.218, 0.288, 0.19, 0.272]
Training task:  9
[0.562, 0.51, 0.524, 0.53, 0.586, 0.44, 0.444, 0.474, 0.498, 0.202, 0.098, 0.194, 0.202, 0.14, 0.21, 0.194, 0.252, 0.236, 0.21, 0.242]
Training task:  10
[0.498, 0.41, 0.404, 0.474, 0.556, 0.394, 0.304, 0.386, 0.37, 0.37, 0.18, 0.18, 0.2, 0.18, 0.19, 0.14, 0.212, 0.302, 0.148, 0.228]
Training task:  11
[0.592, 0.576, 0.554, 0.622, 0.714, 0.532, 0.508, 0.536, 0.648, 0.442, 0.566, 0.242, 0.22, 0.232, 0.194, 0.178, 0.182, 0.204, 0.206, 0.256]
Training task:  12
[0.612, 0.54, 0.522, 0.538, 0.634, 0.464, 0.526, 0.496, 0.596, 0.424, 0.612, 0.654, 0.206, 0.088, 0.208, 0.184, 0.126, 0.238, 0.188, 0.266]
Training task:  13
[0.31, 0.398, 0.432, 0.496, 0.5, 0.328, 0.5, 0.368, 0.438, 0.36, 0.48, 0.488, 0.478, 0.112, 0.196, 0.2, 0.132, 0.302, 0.178, 0.206]
Training task:  14
[0.392, 0.508, 0.556, 0.492, 0.498, 0.406, 0.436, 0.464, 0.564, 0.458, 0.55, 0.48, 0.468, 0.522, 0.186, 0.172, 0.102, 0.236, 0.172, 0.212]
Training task:  15
[0.628, 0.538, 0.57, 0.59, 0.73, 0.476, 0.502, 0.566, 0.614, 0.486, 0.578, 0.582, 0.582, 0.7, 0.554, 0.18, 0.12, 0.31, 0.172, 0.246]
Training task:  16
[0.566, 0.508, 0.538, 0.646, 0.754, 0.57, 0.556, 0.558, 0.63, 0.492, 0.582, 0.652, 0.57, 0.624, 0.56, 0.568, 0.072, 0.262, 0.178, 0.264]
Training task:  17
[0.478, 0.538, 0.568, 0.518, 0.56, 0.468, 0.494, 0.474, 0.602, 0.45, 0.58, 0.668, 0.552, 0.57, 0.472, 0.466, 0.676, 0.216, 0.168, 0.29]
Training task:  18
[0.576, 0.522, 0.496, 0.534, 0.694, 0.468, 0.372, 0.494, 0.516, 0.434, 0.536, 0.526, 0.52, 0.606, 0.506, 0.532, 0.646, 0.51, 0.232, 0.228]
Training task:  19
[0.596, 0.504, 0.56, 0.556, 0.624, 0.47, 0.51, 0.52, 0.576, 0.518, 0.572, 0.604, 0.556, 0.568, 0.55, 0.524, 0.664, 0.54, 0.458, 0.21]
Training task:  20
[0.588, 0.504, 0.544, 0.57, 0.746, 0.558, 0.502, 0.6, 0.616, 0.508, 0.53, 0.612, 0.634, 0.674, 0.584, 0.59, 0.73, 0.566, 0.488, 0.638]
Unlearning task:  20
Total correct retain:  1572  Total retain:  2500
Total correct forget:  29010  Total forget:  47500
Total correct test:  294  Total test:  500
Total correct forget test:  5597  Total test forget:  9500
[0.588]
[0.588, 0.504]
[0.588, 0.504, 0.544]
[0.588, 0.504, 0.544, 0.57]
[0.588, 0.504, 0.544, 0.57, 0.746]
[0.588, 0.504, 0.544, 0.57, 0.746, 0.558]
[0.588, 0.504, 0.544, 0.57, 0.746, 0.558, 0.502]
[0.588, 0.504, 0.544, 0.57, 0.746, 0.558, 0.502, 0.6]
[0.588, 0.504, 0.544, 0.57, 0.746, 0.558, 0.502, 0.6, 0.616]
[0.588, 0.504, 0.544, 0.57, 0.746, 0.558, 0.502, 0.6, 0.616, 0.508]
[0.588, 0.504, 0.544, 0.57, 0.746, 0.558, 0.502, 0.6, 0.616, 0.508, 0.53]
[0.588, 0.504, 0.544, 0.57, 0.746, 0.558, 0.502, 0.6, 0.616, 0.508, 0.53, 0.612]
[0.588, 0.504, 0.544, 0.57, 0.746, 0.558, 0.502, 0.6, 0.616, 0.508, 0.53, 0.612, 0.634]
[0.588, 0.504, 0.544, 0.57, 0.746, 0.558, 0.502, 0.6, 0.616, 0.508, 0.53, 0.612, 0.634, 0.674]
[0.588, 0.504, 0.544, 0.57, 0.746, 0.558, 0.502, 0.6, 0.616, 0.508, 0.53, 0.612, 0.634, 0.674, 0.584]
[0.588, 0.504, 0.544, 0.57, 0.746, 0.558, 0.502, 0.6, 0.616, 0.508, 0.53, 0.612, 0.634, 0.674, 0.584, 0.59]
[0.588, 0.504, 0.544, 0.57, 0.746, 0.558, 0.502, 0.6, 0.616, 0.508, 0.53, 0.612, 0.634, 0.674, 0.584, 0.59, 0.73]
[0.588, 0.504, 0.544, 0.57, 0.746, 0.558, 0.502, 0.6, 0.616, 0.508, 0.53, 0.612, 0.634, 0.674, 0.584, 0.59, 0.73, 0.566]
[0.588, 0.504, 0.544, 0.57, 0.746, 0.558, 0.502, 0.6, 0.616, 0.508, 0.53, 0.612, 0.634, 0.674, 0.584, 0.59, 0.73, 0.566, 0.488]
[0.588, 0.504, 0.544, 0.57, 0.746, 0.558, 0.502, 0.6, 0.616, 0.508, 0.53, 0.612, 0.634, 0.674, 0.584, 0.59, 0.73, 0.566, 0.488, 0.638]
Total correct retain:  1594  Total retain:  2500
Total correct forget:  29074  Total forget:  47500
Total correct test:  285  Total test:  500
Total correct forget test:  5568  Total test forget:  9500
[0.57]
[0.57, 0.512]
[0.57, 0.512, 0.56]
[0.57, 0.512, 0.56, 0.616]
[0.57, 0.512, 0.56, 0.616, 0.668]
[0.57, 0.512, 0.56, 0.616, 0.668, 0.52]
[0.57, 0.512, 0.56, 0.616, 0.668, 0.52, 0.528]
[0.57, 0.512, 0.56, 0.616, 0.668, 0.52, 0.528, 0.596]
[0.57, 0.512, 0.56, 0.616, 0.668, 0.52, 0.528, 0.596, 0.67]
[0.57, 0.512, 0.56, 0.616, 0.668, 0.52, 0.528, 0.596, 0.67, 0.456]
[0.57, 0.512, 0.56, 0.616, 0.668, 0.52, 0.528, 0.596, 0.67, 0.456, 0.562]
[0.57, 0.512, 0.56, 0.616, 0.668, 0.52, 0.528, 0.596, 0.67, 0.456, 0.562, 0.628]
[0.57, 0.512, 0.56, 0.616, 0.668, 0.52, 0.528, 0.596, 0.67, 0.456, 0.562, 0.628, 0.61]
[0.57, 0.512, 0.56, 0.616, 0.668, 0.52, 0.528, 0.596, 0.67, 0.456, 0.562, 0.628, 0.61, 0.718]
[0.57, 0.512, 0.56, 0.616, 0.668, 0.52, 0.528, 0.596, 0.67, 0.456, 0.562, 0.628, 0.61, 0.718, 0.612]
[0.57, 0.512, 0.56, 0.616, 0.668, 0.52, 0.528, 0.596, 0.67, 0.456, 0.562, 0.628, 0.61, 0.718, 0.612, 0.58]
[0.57, 0.512, 0.56, 0.616, 0.668, 0.52, 0.528, 0.596, 0.67, 0.456, 0.562, 0.628, 0.61, 0.718, 0.612, 0.58, 0.724]
[0.57, 0.512, 0.56, 0.616, 0.668, 0.52, 0.528, 0.596, 0.67, 0.456, 0.562, 0.628, 0.61, 0.718, 0.612, 0.58, 0.724, 0.53]
[0.57, 0.512, 0.56, 0.616, 0.668, 0.52, 0.528, 0.596, 0.67, 0.456, 0.562, 0.628, 0.61, 0.718, 0.612, 0.58, 0.724, 0.53, 0.528]
[0.57, 0.512, 0.56, 0.616, 0.668, 0.52, 0.528, 0.596, 0.67, 0.456, 0.562, 0.628, 0.61, 0.718, 0.612, 0.58, 0.724, 0.53, 0.528, 0.518]
Total correct retain:  1609  Total retain:  2500
Total correct forget:  30544  Total forget:  47500
Total correct test:  302  Total test:  500
Total correct forget test:  5861  Total test forget:  9500
[0.604]
[0.604, 0.582]
[0.604, 0.582, 0.592]
[0.604, 0.582, 0.592, 0.664]
[0.604, 0.582, 0.592, 0.664, 0.75]
[0.604, 0.582, 0.592, 0.664, 0.75, 0.568]
[0.604, 0.582, 0.592, 0.664, 0.75, 0.568, 0.57]
[0.604, 0.582, 0.592, 0.664, 0.75, 0.568, 0.57, 0.608]
[0.604, 0.582, 0.592, 0.664, 0.75, 0.568, 0.57, 0.608, 0.682]
[0.604, 0.582, 0.592, 0.664, 0.75, 0.568, 0.57, 0.608, 0.682, 0.528]
[0.604, 0.582, 0.592, 0.664, 0.75, 0.568, 0.57, 0.608, 0.682, 0.528, 0.628]
[0.604, 0.582, 0.592, 0.664, 0.75, 0.568, 0.57, 0.608, 0.682, 0.528, 0.628, 0.644]
[0.604, 0.582, 0.592, 0.664, 0.75, 0.568, 0.57, 0.608, 0.682, 0.528, 0.628, 0.644, 0.626]
[0.604, 0.582, 0.592, 0.664, 0.75, 0.568, 0.57, 0.608, 0.682, 0.528, 0.628, 0.644, 0.626, 0.728]
[0.604, 0.582, 0.592, 0.664, 0.75, 0.568, 0.57, 0.608, 0.682, 0.528, 0.628, 0.644, 0.626, 0.728, 0.602]
[0.604, 0.582, 0.592, 0.664, 0.75, 0.568, 0.57, 0.608, 0.682, 0.528, 0.628, 0.644, 0.626, 0.728, 0.602, 0.606]
[0.604, 0.582, 0.592, 0.664, 0.75, 0.568, 0.57, 0.608, 0.682, 0.528, 0.628, 0.644, 0.626, 0.728, 0.602, 0.606, 0.744]
[0.604, 0.582, 0.592, 0.664, 0.75, 0.568, 0.57, 0.608, 0.682, 0.528, 0.628, 0.644, 0.626, 0.728, 0.602, 0.606, 0.744, 0.612]
[0.604, 0.582, 0.592, 0.664, 0.75, 0.568, 0.57, 0.608, 0.682, 0.528, 0.628, 0.644, 0.626, 0.728, 0.602, 0.606, 0.744, 0.612, 0.54]
[0.604, 0.582, 0.592, 0.664, 0.75, 0.568, 0.57, 0.608, 0.682, 0.528, 0.628, 0.644, 0.626, 0.728, 0.602, 0.606, 0.744, 0.612, 0.54, 0.448]
broken out of loop
Total correct retain:  981  Total retain:  2500
Total correct forget:  16773  Total forget:  47500
Total correct test:  197  Total test:  500
Total correct forget test:  3351  Total test forget:  9500
[0.394]
[0.394, 0.366]
[0.394, 0.366, 0.27]
[0.394, 0.366, 0.27, 0.366]
[0.394, 0.366, 0.27, 0.366, 0.438]
[0.394, 0.366, 0.27, 0.366, 0.438, 0.352]
[0.394, 0.366, 0.27, 0.366, 0.438, 0.352, 0.384]
[0.394, 0.366, 0.27, 0.366, 0.438, 0.352, 0.384, 0.41]
[0.394, 0.366, 0.27, 0.366, 0.438, 0.352, 0.384, 0.41, 0.376]
[0.394, 0.366, 0.27, 0.366, 0.438, 0.352, 0.384, 0.41, 0.376, 0.296]
[0.394, 0.366, 0.27, 0.366, 0.438, 0.352, 0.384, 0.41, 0.376, 0.296, 0.314]
[0.394, 0.366, 0.27, 0.366, 0.438, 0.352, 0.384, 0.41, 0.376, 0.296, 0.314, 0.432]
[0.394, 0.366, 0.27, 0.366, 0.438, 0.352, 0.384, 0.41, 0.376, 0.296, 0.314, 0.432, 0.472]
[0.394, 0.366, 0.27, 0.366, 0.438, 0.352, 0.384, 0.41, 0.376, 0.296, 0.314, 0.432, 0.472, 0.336]
[0.394, 0.366, 0.27, 0.366, 0.438, 0.352, 0.384, 0.41, 0.376, 0.296, 0.314, 0.432, 0.472, 0.336, 0.408]
[0.394, 0.366, 0.27, 0.366, 0.438, 0.352, 0.384, 0.41, 0.376, 0.296, 0.314, 0.432, 0.472, 0.336, 0.408, 0.346]
[0.394, 0.366, 0.27, 0.366, 0.438, 0.352, 0.384, 0.41, 0.376, 0.296, 0.314, 0.432, 0.472, 0.336, 0.408, 0.346, 0.324]
[0.394, 0.366, 0.27, 0.366, 0.438, 0.352, 0.384, 0.41, 0.376, 0.296, 0.314, 0.432, 0.472, 0.336, 0.408, 0.346, 0.324, 0.27]
[0.394, 0.366, 0.27, 0.366, 0.438, 0.352, 0.384, 0.41, 0.376, 0.296, 0.314, 0.432, 0.472, 0.336, 0.408, 0.346, 0.324, 0.27, 0.288]
[0.394, 0.366, 0.27, 0.366, 0.438, 0.352, 0.384, 0.41, 0.376, 0.296, 0.314, 0.432, 0.472, 0.336, 0.408, 0.346, 0.324, 0.27, 0.288, 0.254]
broken out of loop
Total correct retain:  1015  Total retain:  2500
Total correct forget:  18090  Total forget:  47500
Total correct test:  196  Total test:  500
Total correct forget test:  3580  Total test forget:  9500
[0.392]
[0.392, 0.418]
[0.392, 0.418, 0.29]
[0.392, 0.418, 0.29, 0.378]
[0.392, 0.418, 0.29, 0.378, 0.464]
[0.392, 0.418, 0.29, 0.378, 0.464, 0.392]
[0.392, 0.418, 0.29, 0.378, 0.464, 0.392, 0.398]
[0.392, 0.418, 0.29, 0.378, 0.464, 0.392, 0.398, 0.404]
[0.392, 0.418, 0.29, 0.378, 0.464, 0.392, 0.398, 0.404, 0.382]
[0.392, 0.418, 0.29, 0.378, 0.464, 0.392, 0.398, 0.404, 0.382, 0.34]
[0.392, 0.418, 0.29, 0.378, 0.464, 0.392, 0.398, 0.404, 0.382, 0.34, 0.342]
[0.392, 0.418, 0.29, 0.378, 0.464, 0.392, 0.398, 0.404, 0.382, 0.34, 0.342, 0.46]
[0.392, 0.418, 0.29, 0.378, 0.464, 0.392, 0.398, 0.404, 0.382, 0.34, 0.342, 0.46, 0.474]
[0.392, 0.418, 0.29, 0.378, 0.464, 0.392, 0.398, 0.404, 0.382, 0.34, 0.342, 0.46, 0.474, 0.35]
[0.392, 0.418, 0.29, 0.378, 0.464, 0.392, 0.398, 0.404, 0.382, 0.34, 0.342, 0.46, 0.474, 0.35, 0.408]
[0.392, 0.418, 0.29, 0.378, 0.464, 0.392, 0.398, 0.404, 0.382, 0.34, 0.342, 0.46, 0.474, 0.35, 0.408, 0.364]
[0.392, 0.418, 0.29, 0.378, 0.464, 0.392, 0.398, 0.404, 0.382, 0.34, 0.342, 0.46, 0.474, 0.35, 0.408, 0.364, 0.38]
[0.392, 0.418, 0.29, 0.378, 0.464, 0.392, 0.398, 0.404, 0.382, 0.34, 0.342, 0.46, 0.474, 0.35, 0.408, 0.364, 0.38, 0.304]
[0.392, 0.418, 0.29, 0.378, 0.464, 0.392, 0.398, 0.404, 0.382, 0.34, 0.342, 0.46, 0.474, 0.35, 0.408, 0.364, 0.38, 0.304, 0.322]
[0.392, 0.418, 0.29, 0.378, 0.464, 0.392, 0.398, 0.404, 0.382, 0.34, 0.342, 0.46, 0.474, 0.35, 0.408, 0.364, 0.38, 0.304, 0.322, 0.29]
Total correct retain:  1655  Total retain:  2500
Total correct forget:  30443  Total forget:  47500
Total correct test:  305  Total test:  500
Total correct forget test:  5781  Total test forget:  9500
[0.61]
[0.61, 0.572]
[0.61, 0.572, 0.554]
[0.61, 0.572, 0.554, 0.642]
[0.61, 0.572, 0.554, 0.642, 0.758]
[0.61, 0.572, 0.554, 0.642, 0.758, 0.526]
[0.61, 0.572, 0.554, 0.642, 0.758, 0.526, 0.558]
[0.61, 0.572, 0.554, 0.642, 0.758, 0.526, 0.558, 0.6]
[0.61, 0.572, 0.554, 0.642, 0.758, 0.526, 0.558, 0.6, 0.72]
[0.61, 0.572, 0.554, 0.642, 0.758, 0.526, 0.558, 0.6, 0.72, 0.532]
[0.61, 0.572, 0.554, 0.642, 0.758, 0.526, 0.558, 0.6, 0.72, 0.532, 0.612]
[0.61, 0.572, 0.554, 0.642, 0.758, 0.526, 0.558, 0.6, 0.72, 0.532, 0.612, 0.64]
[0.61, 0.572, 0.554, 0.642, 0.758, 0.526, 0.558, 0.6, 0.72, 0.532, 0.612, 0.64, 0.644]
[0.61, 0.572, 0.554, 0.642, 0.758, 0.526, 0.558, 0.6, 0.72, 0.532, 0.612, 0.64, 0.644, 0.716]
[0.61, 0.572, 0.554, 0.642, 0.758, 0.526, 0.558, 0.6, 0.72, 0.532, 0.612, 0.64, 0.644, 0.716, 0.594]
[0.61, 0.572, 0.554, 0.642, 0.758, 0.526, 0.558, 0.6, 0.72, 0.532, 0.612, 0.64, 0.644, 0.716, 0.594, 0.598]
[0.61, 0.572, 0.554, 0.642, 0.758, 0.526, 0.558, 0.6, 0.72, 0.532, 0.612, 0.64, 0.644, 0.716, 0.594, 0.598, 0.72]
[0.61, 0.572, 0.554, 0.642, 0.758, 0.526, 0.558, 0.6, 0.72, 0.532, 0.612, 0.64, 0.644, 0.716, 0.594, 0.598, 0.72, 0.61]
[0.61, 0.572, 0.554, 0.642, 0.758, 0.526, 0.558, 0.6, 0.72, 0.532, 0.612, 0.64, 0.644, 0.716, 0.594, 0.598, 0.72, 0.61, 0.526]
[0.61, 0.572, 0.554, 0.642, 0.758, 0.526, 0.558, 0.6, 0.72, 0.532, 0.612, 0.64, 0.644, 0.716, 0.594, 0.598, 0.72, 0.61, 0.526, 0.44]
Total correct retain:  1671  Total retain:  2500
Total correct forget:  30014  Total forget:  47500
Total correct test:  306  Total test:  500
Total correct forget test:  5722  Total test forget:  9500
[0.612]
[0.612, 0.592]
[0.612, 0.592, 0.542]
[0.612, 0.592, 0.542, 0.62]
[0.612, 0.592, 0.542, 0.62, 0.722]
[0.612, 0.592, 0.542, 0.62, 0.722, 0.528]
[0.612, 0.592, 0.542, 0.62, 0.722, 0.528, 0.558]
[0.612, 0.592, 0.542, 0.62, 0.722, 0.528, 0.558, 0.644]
[0.612, 0.592, 0.542, 0.62, 0.722, 0.528, 0.558, 0.644, 0.692]
[0.612, 0.592, 0.542, 0.62, 0.722, 0.528, 0.558, 0.644, 0.692, 0.552]
[0.612, 0.592, 0.542, 0.62, 0.722, 0.528, 0.558, 0.644, 0.692, 0.552, 0.604]
[0.612, 0.592, 0.542, 0.62, 0.722, 0.528, 0.558, 0.644, 0.692, 0.552, 0.604, 0.648]
[0.612, 0.592, 0.542, 0.62, 0.722, 0.528, 0.558, 0.644, 0.692, 0.552, 0.604, 0.648, 0.638]
[0.612, 0.592, 0.542, 0.62, 0.722, 0.528, 0.558, 0.644, 0.692, 0.552, 0.604, 0.648, 0.638, 0.73]
[0.612, 0.592, 0.542, 0.62, 0.722, 0.528, 0.558, 0.644, 0.692, 0.552, 0.604, 0.648, 0.638, 0.73, 0.588]
[0.612, 0.592, 0.542, 0.62, 0.722, 0.528, 0.558, 0.644, 0.692, 0.552, 0.604, 0.648, 0.638, 0.73, 0.588, 0.582]
[0.612, 0.592, 0.542, 0.62, 0.722, 0.528, 0.558, 0.644, 0.692, 0.552, 0.604, 0.648, 0.638, 0.73, 0.588, 0.582, 0.71]
[0.612, 0.592, 0.542, 0.62, 0.722, 0.528, 0.558, 0.644, 0.692, 0.552, 0.604, 0.648, 0.638, 0.73, 0.588, 0.582, 0.71, 0.584]
[0.612, 0.592, 0.542, 0.62, 0.722, 0.528, 0.558, 0.644, 0.692, 0.552, 0.604, 0.648, 0.638, 0.73, 0.588, 0.582, 0.71, 0.584, 0.496]
[0.612, 0.592, 0.542, 0.62, 0.722, 0.528, 0.558, 0.644, 0.692, 0.552, 0.604, 0.648, 0.638, 0.73, 0.588, 0.582, 0.71, 0.584, 0.496, 0.414]
Total correct retain:  1584  Total retain:  2500
Total correct forget:  27789  Total forget:  47500
Total correct test:  303  Total test:  500
Total correct forget test:  5414  Total test forget:  9500
[0.606]
[0.606, 0.552]
[0.606, 0.552, 0.534]
[0.606, 0.552, 0.534, 0.608]
[0.606, 0.552, 0.534, 0.608, 0.698]
[0.606, 0.552, 0.534, 0.608, 0.698, 0.514]
[0.606, 0.552, 0.534, 0.608, 0.698, 0.514, 0.544]
[0.606, 0.552, 0.534, 0.608, 0.698, 0.514, 0.544, 0.56]
[0.606, 0.552, 0.534, 0.608, 0.698, 0.514, 0.544, 0.56, 0.684]
[0.606, 0.552, 0.534, 0.608, 0.698, 0.514, 0.544, 0.56, 0.684, 0.53]
[0.606, 0.552, 0.534, 0.608, 0.698, 0.514, 0.544, 0.56, 0.684, 0.53, 0.596]
[0.606, 0.552, 0.534, 0.608, 0.698, 0.514, 0.544, 0.56, 0.684, 0.53, 0.596, 0.622]
[0.606, 0.552, 0.534, 0.608, 0.698, 0.514, 0.544, 0.56, 0.684, 0.53, 0.596, 0.622, 0.586]
[0.606, 0.552, 0.534, 0.608, 0.698, 0.514, 0.544, 0.56, 0.684, 0.53, 0.596, 0.622, 0.586, 0.63]
[0.606, 0.552, 0.534, 0.608, 0.698, 0.514, 0.544, 0.56, 0.684, 0.53, 0.596, 0.622, 0.586, 0.63, 0.538]
[0.606, 0.552, 0.534, 0.608, 0.698, 0.514, 0.544, 0.56, 0.684, 0.53, 0.596, 0.622, 0.586, 0.63, 0.538, 0.536]
[0.606, 0.552, 0.534, 0.608, 0.698, 0.514, 0.544, 0.56, 0.684, 0.53, 0.596, 0.622, 0.586, 0.63, 0.538, 0.536, 0.654]
[0.606, 0.552, 0.534, 0.608, 0.698, 0.514, 0.544, 0.56, 0.684, 0.53, 0.596, 0.622, 0.586, 0.63, 0.538, 0.536, 0.654, 0.564]
[0.606, 0.552, 0.534, 0.608, 0.698, 0.514, 0.544, 0.56, 0.684, 0.53, 0.596, 0.622, 0.586, 0.63, 0.538, 0.536, 0.654, 0.564, 0.504]
[0.606, 0.552, 0.534, 0.608, 0.698, 0.514, 0.544, 0.56, 0.684, 0.53, 0.596, 0.622, 0.586, 0.63, 0.538, 0.536, 0.654, 0.564, 0.504, 0.374]
broken out of loop
Total correct retain:  845  Total retain:  2500
Total correct forget:  16226  Total forget:  47500
Total correct test:  160  Total test:  500
Total correct forget test:  3165  Total test forget:  9500
[0.32]
[0.32, 0.296]
[0.32, 0.296, 0.332]
[0.32, 0.296, 0.332, 0.286]
[0.32, 0.296, 0.332, 0.286, 0.312]
[0.32, 0.296, 0.332, 0.286, 0.312, 0.306]
[0.32, 0.296, 0.332, 0.286, 0.312, 0.306, 0.308]
[0.32, 0.296, 0.332, 0.286, 0.312, 0.306, 0.308, 0.226]
[0.32, 0.296, 0.332, 0.286, 0.312, 0.306, 0.308, 0.226, 0.414]
[0.32, 0.296, 0.332, 0.286, 0.312, 0.306, 0.308, 0.226, 0.414, 0.3]
[0.32, 0.296, 0.332, 0.286, 0.312, 0.306, 0.308, 0.226, 0.414, 0.3, 0.348]
[0.32, 0.296, 0.332, 0.286, 0.312, 0.306, 0.308, 0.226, 0.414, 0.3, 0.348, 0.442]
[0.32, 0.296, 0.332, 0.286, 0.312, 0.306, 0.308, 0.226, 0.414, 0.3, 0.348, 0.442, 0.34]
[0.32, 0.296, 0.332, 0.286, 0.312, 0.306, 0.308, 0.226, 0.414, 0.3, 0.348, 0.442, 0.34, 0.288]
[0.32, 0.296, 0.332, 0.286, 0.312, 0.306, 0.308, 0.226, 0.414, 0.3, 0.348, 0.442, 0.34, 0.288, 0.312]
[0.32, 0.296, 0.332, 0.286, 0.312, 0.306, 0.308, 0.226, 0.414, 0.3, 0.348, 0.442, 0.34, 0.288, 0.312, 0.274]
[0.32, 0.296, 0.332, 0.286, 0.312, 0.306, 0.308, 0.226, 0.414, 0.3, 0.348, 0.442, 0.34, 0.288, 0.312, 0.274, 0.472]
[0.32, 0.296, 0.332, 0.286, 0.312, 0.306, 0.308, 0.226, 0.414, 0.3, 0.348, 0.442, 0.34, 0.288, 0.312, 0.274, 0.472, 0.366]
[0.32, 0.296, 0.332, 0.286, 0.312, 0.306, 0.308, 0.226, 0.414, 0.3, 0.348, 0.442, 0.34, 0.288, 0.312, 0.274, 0.472, 0.366, 0.292]
[0.32, 0.296, 0.332, 0.286, 0.312, 0.306, 0.308, 0.226, 0.414, 0.3, 0.348, 0.442, 0.34, 0.288, 0.312, 0.274, 0.472, 0.366, 0.292, 0.416]
Total correct retain:  1613  Total retain:  2500
Total correct forget:  29530  Total forget:  47500
Total correct test:  293  Total test:  500
Total correct forget test:  5539  Total test forget:  9500
[0.586]
[0.586, 0.56]
[0.586, 0.56, 0.548]
[0.586, 0.56, 0.548, 0.612]
[0.586, 0.56, 0.548, 0.612, 0.732]
[0.586, 0.56, 0.548, 0.612, 0.732, 0.482]
[0.586, 0.56, 0.548, 0.612, 0.732, 0.482, 0.57]
[0.586, 0.56, 0.548, 0.612, 0.732, 0.482, 0.57, 0.582]
[0.586, 0.56, 0.548, 0.612, 0.732, 0.482, 0.57, 0.582, 0.702]
[0.586, 0.56, 0.548, 0.612, 0.732, 0.482, 0.57, 0.582, 0.702, 0.512]
[0.586, 0.56, 0.548, 0.612, 0.732, 0.482, 0.57, 0.582, 0.702, 0.512, 0.594]
[0.586, 0.56, 0.548, 0.612, 0.732, 0.482, 0.57, 0.582, 0.702, 0.512, 0.594, 0.66]
[0.586, 0.56, 0.548, 0.612, 0.732, 0.482, 0.57, 0.582, 0.702, 0.512, 0.594, 0.66, 0.616]
[0.586, 0.56, 0.548, 0.612, 0.732, 0.482, 0.57, 0.582, 0.702, 0.512, 0.594, 0.66, 0.616, 0.678]
[0.586, 0.56, 0.548, 0.612, 0.732, 0.482, 0.57, 0.582, 0.702, 0.512, 0.594, 0.66, 0.616, 0.678, 0.554]
[0.586, 0.56, 0.548, 0.612, 0.732, 0.482, 0.57, 0.582, 0.702, 0.512, 0.594, 0.66, 0.616, 0.678, 0.554, 0.588]
[0.586, 0.56, 0.548, 0.612, 0.732, 0.482, 0.57, 0.582, 0.702, 0.512, 0.594, 0.66, 0.616, 0.678, 0.554, 0.588, 0.694]
[0.586, 0.56, 0.548, 0.612, 0.732, 0.482, 0.57, 0.582, 0.702, 0.512, 0.594, 0.66, 0.616, 0.678, 0.554, 0.588, 0.694, 0.538]
[0.586, 0.56, 0.548, 0.612, 0.732, 0.482, 0.57, 0.582, 0.702, 0.512, 0.594, 0.66, 0.616, 0.678, 0.554, 0.588, 0.694, 0.538, 0.474]
[0.586, 0.56, 0.548, 0.612, 0.732, 0.482, 0.57, 0.582, 0.702, 0.512, 0.594, 0.66, 0.616, 0.678, 0.554, 0.588, 0.694, 0.538, 0.474, 0.382]
broken out of loop
Total correct retain:  885  Total retain:  2500
Total correct forget:  17069  Total forget:  47500
Total correct test:  185  Total test:  500
Total correct forget test:  3374  Total test forget:  9500
[0.37]
[0.37, 0.292]
[0.37, 0.292, 0.234]
[0.37, 0.292, 0.234, 0.424]
[0.37, 0.292, 0.234, 0.424, 0.342]
[0.37, 0.292, 0.234, 0.424, 0.342, 0.34]
[0.37, 0.292, 0.234, 0.424, 0.342, 0.34, 0.398]
[0.37, 0.292, 0.234, 0.424, 0.342, 0.34, 0.398, 0.27]
[0.37, 0.292, 0.234, 0.424, 0.342, 0.34, 0.398, 0.27, 0.434]
[0.37, 0.292, 0.234, 0.424, 0.342, 0.34, 0.398, 0.27, 0.434, 0.27]
[0.37, 0.292, 0.234, 0.424, 0.342, 0.34, 0.398, 0.27, 0.434, 0.27, 0.396]
[0.37, 0.292, 0.234, 0.424, 0.342, 0.34, 0.398, 0.27, 0.434, 0.27, 0.396, 0.434]
[0.37, 0.292, 0.234, 0.424, 0.342, 0.34, 0.398, 0.27, 0.434, 0.27, 0.396, 0.434, 0.328]
[0.37, 0.292, 0.234, 0.424, 0.342, 0.34, 0.398, 0.27, 0.434, 0.27, 0.396, 0.434, 0.328, 0.33]
[0.37, 0.292, 0.234, 0.424, 0.342, 0.34, 0.398, 0.27, 0.434, 0.27, 0.396, 0.434, 0.328, 0.33, 0.314]
[0.37, 0.292, 0.234, 0.424, 0.342, 0.34, 0.398, 0.27, 0.434, 0.27, 0.396, 0.434, 0.328, 0.33, 0.314, 0.32]
[0.37, 0.292, 0.234, 0.424, 0.342, 0.34, 0.398, 0.27, 0.434, 0.27, 0.396, 0.434, 0.328, 0.33, 0.314, 0.32, 0.466]
[0.37, 0.292, 0.234, 0.424, 0.342, 0.34, 0.398, 0.27, 0.434, 0.27, 0.396, 0.434, 0.328, 0.33, 0.314, 0.32, 0.466, 0.444]
[0.37, 0.292, 0.234, 0.424, 0.342, 0.34, 0.398, 0.27, 0.434, 0.27, 0.396, 0.434, 0.328, 0.33, 0.314, 0.32, 0.466, 0.444, 0.344]
[0.37, 0.292, 0.234, 0.424, 0.342, 0.34, 0.398, 0.27, 0.434, 0.27, 0.396, 0.434, 0.328, 0.33, 0.314, 0.32, 0.466, 0.444, 0.344, 0.368]
broken out of loop
Total correct retain:  887  Total retain:  2500
Total correct forget:  17405  Total forget:  47500
Total correct test:  184  Total test:  500
Total correct forget test:  3411  Total test forget:  9500
[0.368]
[0.368, 0.298]
[0.368, 0.298, 0.24]
[0.368, 0.298, 0.24, 0.44]
[0.368, 0.298, 0.24, 0.44, 0.352]
[0.368, 0.298, 0.24, 0.44, 0.352, 0.338]
[0.368, 0.298, 0.24, 0.44, 0.352, 0.338, 0.404]
[0.368, 0.298, 0.24, 0.44, 0.352, 0.338, 0.404, 0.276]
[0.368, 0.298, 0.24, 0.44, 0.352, 0.338, 0.404, 0.276, 0.432]
[0.368, 0.298, 0.24, 0.44, 0.352, 0.338, 0.404, 0.276, 0.432, 0.264]
[0.368, 0.298, 0.24, 0.44, 0.352, 0.338, 0.404, 0.276, 0.432, 0.264, 0.404]
[0.368, 0.298, 0.24, 0.44, 0.352, 0.338, 0.404, 0.276, 0.432, 0.264, 0.404, 0.424]
[0.368, 0.298, 0.24, 0.44, 0.352, 0.338, 0.404, 0.276, 0.432, 0.264, 0.404, 0.424, 0.326]
[0.368, 0.298, 0.24, 0.44, 0.352, 0.338, 0.404, 0.276, 0.432, 0.264, 0.404, 0.424, 0.326, 0.338]
[0.368, 0.298, 0.24, 0.44, 0.352, 0.338, 0.404, 0.276, 0.432, 0.264, 0.404, 0.424, 0.326, 0.338, 0.316]
[0.368, 0.298, 0.24, 0.44, 0.352, 0.338, 0.404, 0.276, 0.432, 0.264, 0.404, 0.424, 0.326, 0.338, 0.316, 0.324]
[0.368, 0.298, 0.24, 0.44, 0.352, 0.338, 0.404, 0.276, 0.432, 0.264, 0.404, 0.424, 0.326, 0.338, 0.316, 0.324, 0.476]
[0.368, 0.298, 0.24, 0.44, 0.352, 0.338, 0.404, 0.276, 0.432, 0.264, 0.404, 0.424, 0.326, 0.338, 0.316, 0.324, 0.476, 0.454]
[0.368, 0.298, 0.24, 0.44, 0.352, 0.338, 0.404, 0.276, 0.432, 0.264, 0.404, 0.424, 0.326, 0.338, 0.316, 0.324, 0.476, 0.454, 0.342]
[0.368, 0.298, 0.24, 0.44, 0.352, 0.338, 0.404, 0.276, 0.432, 0.264, 0.404, 0.424, 0.326, 0.338, 0.316, 0.324, 0.476, 0.454, 0.342, 0.374]
broken out of loop
Total correct retain:  665  Total retain:  2500
Total correct forget:  12210  Total forget:  47500
Total correct test:  126  Total test:  500
Total correct forget test:  2413  Total test forget:  9500
[0.252]
[0.252, 0.228]
[0.252, 0.228, 0.282]
[0.252, 0.228, 0.282, 0.218]
[0.252, 0.228, 0.282, 0.218, 0.284]
[0.252, 0.228, 0.282, 0.218, 0.284, 0.254]
[0.252, 0.228, 0.282, 0.218, 0.284, 0.254, 0.22]
[0.252, 0.228, 0.282, 0.218, 0.284, 0.254, 0.22, 0.308]
[0.252, 0.228, 0.282, 0.218, 0.284, 0.254, 0.22, 0.308, 0.35]
[0.252, 0.228, 0.282, 0.218, 0.284, 0.254, 0.22, 0.308, 0.35, 0.232]
[0.252, 0.228, 0.282, 0.218, 0.284, 0.254, 0.22, 0.308, 0.35, 0.232, 0.258]
[0.252, 0.228, 0.282, 0.218, 0.284, 0.254, 0.22, 0.308, 0.35, 0.232, 0.258, 0.178]
[0.252, 0.228, 0.282, 0.218, 0.284, 0.254, 0.22, 0.308, 0.35, 0.232, 0.258, 0.178, 0.206]
[0.252, 0.228, 0.282, 0.218, 0.284, 0.254, 0.22, 0.308, 0.35, 0.232, 0.258, 0.178, 0.206, 0.254]
[0.252, 0.228, 0.282, 0.218, 0.284, 0.254, 0.22, 0.308, 0.35, 0.232, 0.258, 0.178, 0.206, 0.254, 0.244]
[0.252, 0.228, 0.282, 0.218, 0.284, 0.254, 0.22, 0.308, 0.35, 0.232, 0.258, 0.178, 0.206, 0.254, 0.244, 0.204]
[0.252, 0.228, 0.282, 0.218, 0.284, 0.254, 0.22, 0.308, 0.35, 0.232, 0.258, 0.178, 0.206, 0.254, 0.244, 0.204, 0.284]
[0.252, 0.228, 0.282, 0.218, 0.284, 0.254, 0.22, 0.308, 0.35, 0.232, 0.258, 0.178, 0.206, 0.254, 0.244, 0.204, 0.284, 0.206]
[0.252, 0.228, 0.282, 0.218, 0.284, 0.254, 0.22, 0.308, 0.35, 0.232, 0.258, 0.178, 0.206, 0.254, 0.244, 0.204, 0.284, 0.206, 0.252]
[0.252, 0.228, 0.282, 0.218, 0.284, 0.254, 0.22, 0.308, 0.35, 0.232, 0.258, 0.178, 0.206, 0.254, 0.244, 0.204, 0.284, 0.206, 0.252, 0.364]
broken out of loop
Total correct retain:  694  Total retain:  2500
Total correct forget:  12735  Total forget:  47500
Total correct test:  133  Total test:  500
Total correct forget test:  2537  Total test forget:  9500
[0.266]
[0.266, 0.252]
[0.266, 0.252, 0.294]
[0.266, 0.252, 0.294, 0.224]
[0.266, 0.252, 0.294, 0.224, 0.304]
[0.266, 0.252, 0.294, 0.224, 0.304, 0.266]
[0.266, 0.252, 0.294, 0.224, 0.304, 0.266, 0.238]
[0.266, 0.252, 0.294, 0.224, 0.304, 0.266, 0.238, 0.318]
[0.266, 0.252, 0.294, 0.224, 0.304, 0.266, 0.238, 0.318, 0.376]
[0.266, 0.252, 0.294, 0.224, 0.304, 0.266, 0.238, 0.318, 0.376, 0.248]
[0.266, 0.252, 0.294, 0.224, 0.304, 0.266, 0.238, 0.318, 0.376, 0.248, 0.274]
[0.266, 0.252, 0.294, 0.224, 0.304, 0.266, 0.238, 0.318, 0.376, 0.248, 0.274, 0.184]
[0.266, 0.252, 0.294, 0.224, 0.304, 0.266, 0.238, 0.318, 0.376, 0.248, 0.274, 0.184, 0.218]
[0.266, 0.252, 0.294, 0.224, 0.304, 0.266, 0.238, 0.318, 0.376, 0.248, 0.274, 0.184, 0.218, 0.242]
[0.266, 0.252, 0.294, 0.224, 0.304, 0.266, 0.238, 0.318, 0.376, 0.248, 0.274, 0.184, 0.218, 0.242, 0.266]
[0.266, 0.252, 0.294, 0.224, 0.304, 0.266, 0.238, 0.318, 0.376, 0.248, 0.274, 0.184, 0.218, 0.242, 0.266, 0.22]
[0.266, 0.252, 0.294, 0.224, 0.304, 0.266, 0.238, 0.318, 0.376, 0.248, 0.274, 0.184, 0.218, 0.242, 0.266, 0.22, 0.314]
[0.266, 0.252, 0.294, 0.224, 0.304, 0.266, 0.238, 0.318, 0.376, 0.248, 0.274, 0.184, 0.218, 0.242, 0.266, 0.22, 0.314, 0.216]
[0.266, 0.252, 0.294, 0.224, 0.304, 0.266, 0.238, 0.318, 0.376, 0.248, 0.274, 0.184, 0.218, 0.242, 0.266, 0.22, 0.314, 0.216, 0.26]
[0.266, 0.252, 0.294, 0.224, 0.304, 0.266, 0.238, 0.318, 0.376, 0.248, 0.274, 0.184, 0.218, 0.242, 0.266, 0.22, 0.314, 0.216, 0.26, 0.36]
broken out of loop
Total correct retain:  700  Total retain:  2500
Total correct forget:  13250  Total forget:  47500
Total correct test:  133  Total test:  500
Total correct forget test:  2654  Total test forget:  9500
[0.266]
[0.266, 0.286]
[0.266, 0.286, 0.314]
[0.266, 0.286, 0.314, 0.234]
[0.266, 0.286, 0.314, 0.234, 0.33]
[0.266, 0.286, 0.314, 0.234, 0.33, 0.274]
[0.266, 0.286, 0.314, 0.234, 0.33, 0.274, 0.254]
[0.266, 0.286, 0.314, 0.234, 0.33, 0.274, 0.254, 0.328]
[0.266, 0.286, 0.314, 0.234, 0.33, 0.274, 0.254, 0.328, 0.386]
[0.266, 0.286, 0.314, 0.234, 0.33, 0.274, 0.254, 0.328, 0.386, 0.25]
[0.266, 0.286, 0.314, 0.234, 0.33, 0.274, 0.254, 0.328, 0.386, 0.25, 0.296]
[0.266, 0.286, 0.314, 0.234, 0.33, 0.274, 0.254, 0.328, 0.386, 0.25, 0.296, 0.182]
[0.266, 0.286, 0.314, 0.234, 0.33, 0.274, 0.254, 0.328, 0.386, 0.25, 0.296, 0.182, 0.234]
[0.266, 0.286, 0.314, 0.234, 0.33, 0.274, 0.254, 0.328, 0.386, 0.25, 0.296, 0.182, 0.234, 0.238]
[0.266, 0.286, 0.314, 0.234, 0.33, 0.274, 0.254, 0.328, 0.386, 0.25, 0.296, 0.182, 0.234, 0.238, 0.276]
[0.266, 0.286, 0.314, 0.234, 0.33, 0.274, 0.254, 0.328, 0.386, 0.25, 0.296, 0.182, 0.234, 0.238, 0.276, 0.246]
[0.266, 0.286, 0.314, 0.234, 0.33, 0.274, 0.254, 0.328, 0.386, 0.25, 0.296, 0.182, 0.234, 0.238, 0.276, 0.246, 0.342]
[0.266, 0.286, 0.314, 0.234, 0.33, 0.274, 0.254, 0.328, 0.386, 0.25, 0.296, 0.182, 0.234, 0.238, 0.276, 0.246, 0.342, 0.224]
[0.266, 0.286, 0.314, 0.234, 0.33, 0.274, 0.254, 0.328, 0.386, 0.25, 0.296, 0.182, 0.234, 0.238, 0.276, 0.246, 0.342, 0.224, 0.27]
[0.266, 0.286, 0.314, 0.234, 0.33, 0.274, 0.254, 0.328, 0.386, 0.25, 0.296, 0.182, 0.234, 0.238, 0.276, 0.246, 0.342, 0.224, 0.27, 0.344]
broken out of loop
Total correct retain:  714  Total retain:  2500
Total correct forget:  13799  Total forget:  47500
Total correct test:  134  Total test:  500
Total correct forget test:  2771  Total test forget:  9500
[0.268]
[0.268, 0.322]
[0.268, 0.322, 0.35]
[0.268, 0.322, 0.35, 0.246]
[0.268, 0.322, 0.35, 0.246, 0.344]
[0.268, 0.322, 0.35, 0.246, 0.344, 0.278]
[0.268, 0.322, 0.35, 0.246, 0.344, 0.278, 0.274]
[0.268, 0.322, 0.35, 0.246, 0.344, 0.278, 0.274, 0.334]
[0.268, 0.322, 0.35, 0.246, 0.344, 0.278, 0.274, 0.334, 0.38]
[0.268, 0.322, 0.35, 0.246, 0.344, 0.278, 0.274, 0.334, 0.38, 0.266]
[0.268, 0.322, 0.35, 0.246, 0.344, 0.278, 0.274, 0.334, 0.38, 0.266, 0.322]
[0.268, 0.322, 0.35, 0.246, 0.344, 0.278, 0.274, 0.334, 0.38, 0.266, 0.322, 0.192]
[0.268, 0.322, 0.35, 0.246, 0.344, 0.278, 0.274, 0.334, 0.38, 0.266, 0.322, 0.192, 0.232]
[0.268, 0.322, 0.35, 0.246, 0.344, 0.278, 0.274, 0.334, 0.38, 0.266, 0.322, 0.192, 0.232, 0.242]
[0.268, 0.322, 0.35, 0.246, 0.344, 0.278, 0.274, 0.334, 0.38, 0.266, 0.322, 0.192, 0.232, 0.242, 0.288]
[0.268, 0.322, 0.35, 0.246, 0.344, 0.278, 0.274, 0.334, 0.38, 0.266, 0.322, 0.192, 0.232, 0.242, 0.288, 0.268]
[0.268, 0.322, 0.35, 0.246, 0.344, 0.278, 0.274, 0.334, 0.38, 0.266, 0.322, 0.192, 0.232, 0.242, 0.288, 0.268, 0.36]
[0.268, 0.322, 0.35, 0.246, 0.344, 0.278, 0.274, 0.334, 0.38, 0.266, 0.322, 0.192, 0.232, 0.242, 0.288, 0.268, 0.36, 0.228]
[0.268, 0.322, 0.35, 0.246, 0.344, 0.278, 0.274, 0.334, 0.38, 0.266, 0.322, 0.192, 0.232, 0.242, 0.288, 0.268, 0.36, 0.228, 0.276]
[0.268, 0.322, 0.35, 0.246, 0.344, 0.278, 0.274, 0.334, 0.38, 0.266, 0.322, 0.192, 0.232, 0.242, 0.288, 0.268, 0.36, 0.228, 0.276, 0.34]
broken out of loop
Total correct retain:  716  Total retain:  2500
Total correct forget:  14314  Total forget:  47500
Total correct test:  132  Total test:  500
Total correct forget test:  2854  Total test forget:  9500
[0.264]
[0.264, 0.334]
[0.264, 0.334, 0.366]
[0.264, 0.334, 0.366, 0.264]
[0.264, 0.334, 0.366, 0.264, 0.348]
[0.264, 0.334, 0.366, 0.264, 0.348, 0.288]
[0.264, 0.334, 0.366, 0.264, 0.348, 0.288, 0.294]
[0.264, 0.334, 0.366, 0.264, 0.348, 0.288, 0.294, 0.336]
[0.264, 0.334, 0.366, 0.264, 0.348, 0.288, 0.294, 0.336, 0.382]
[0.264, 0.334, 0.366, 0.264, 0.348, 0.288, 0.294, 0.336, 0.382, 0.272]
[0.264, 0.334, 0.366, 0.264, 0.348, 0.288, 0.294, 0.336, 0.382, 0.272, 0.328]
[0.264, 0.334, 0.366, 0.264, 0.348, 0.288, 0.294, 0.336, 0.382, 0.272, 0.328, 0.204]
[0.264, 0.334, 0.366, 0.264, 0.348, 0.288, 0.294, 0.336, 0.382, 0.272, 0.328, 0.204, 0.238]
[0.264, 0.334, 0.366, 0.264, 0.348, 0.288, 0.294, 0.336, 0.382, 0.272, 0.328, 0.204, 0.238, 0.244]
[0.264, 0.334, 0.366, 0.264, 0.348, 0.288, 0.294, 0.336, 0.382, 0.272, 0.328, 0.204, 0.238, 0.244, 0.298]
[0.264, 0.334, 0.366, 0.264, 0.348, 0.288, 0.294, 0.336, 0.382, 0.272, 0.328, 0.204, 0.238, 0.244, 0.298, 0.286]
[0.264, 0.334, 0.366, 0.264, 0.348, 0.288, 0.294, 0.336, 0.382, 0.272, 0.328, 0.204, 0.238, 0.244, 0.298, 0.286, 0.384]
[0.264, 0.334, 0.366, 0.264, 0.348, 0.288, 0.294, 0.336, 0.382, 0.272, 0.328, 0.204, 0.238, 0.244, 0.298, 0.286, 0.384, 0.238]
[0.264, 0.334, 0.366, 0.264, 0.348, 0.288, 0.294, 0.336, 0.382, 0.272, 0.328, 0.204, 0.238, 0.244, 0.298, 0.286, 0.384, 0.238, 0.274]
[0.264, 0.334, 0.366, 0.264, 0.348, 0.288, 0.294, 0.336, 0.382, 0.272, 0.328, 0.204, 0.238, 0.244, 0.298, 0.286, 0.384, 0.238, 0.274, 0.33]
broken out of loop
Total correct retain:  730  Total retain:  2500
Total correct forget:  14774  Total forget:  47500
Total correct test:  130  Total test:  500
Total correct forget test:  2906  Total test forget:  9500
[0.26]
[0.26, 0.344]
[0.26, 0.344, 0.384]
[0.26, 0.344, 0.384, 0.274]
[0.26, 0.344, 0.384, 0.274, 0.346]
[0.26, 0.344, 0.384, 0.274, 0.346, 0.298]
[0.26, 0.344, 0.384, 0.274, 0.346, 0.298, 0.308]
[0.26, 0.344, 0.384, 0.274, 0.346, 0.298, 0.308, 0.338]
[0.26, 0.344, 0.384, 0.274, 0.346, 0.298, 0.308, 0.338, 0.382]
[0.26, 0.344, 0.384, 0.274, 0.346, 0.298, 0.308, 0.338, 0.382, 0.266]
[0.26, 0.344, 0.384, 0.274, 0.346, 0.298, 0.308, 0.338, 0.382, 0.266, 0.342]
[0.26, 0.344, 0.384, 0.274, 0.346, 0.298, 0.308, 0.338, 0.382, 0.266, 0.342, 0.214]
[0.26, 0.344, 0.384, 0.274, 0.346, 0.298, 0.308, 0.338, 0.382, 0.266, 0.342, 0.214, 0.244]
[0.26, 0.344, 0.384, 0.274, 0.346, 0.298, 0.308, 0.338, 0.382, 0.266, 0.342, 0.214, 0.244, 0.24]
[0.26, 0.344, 0.384, 0.274, 0.346, 0.298, 0.308, 0.338, 0.382, 0.266, 0.342, 0.214, 0.244, 0.24, 0.3]
[0.26, 0.344, 0.384, 0.274, 0.346, 0.298, 0.308, 0.338, 0.382, 0.266, 0.342, 0.214, 0.244, 0.24, 0.3, 0.296]
[0.26, 0.344, 0.384, 0.274, 0.346, 0.298, 0.308, 0.338, 0.382, 0.266, 0.342, 0.214, 0.244, 0.24, 0.3, 0.296, 0.394]
[0.26, 0.344, 0.384, 0.274, 0.346, 0.298, 0.308, 0.338, 0.382, 0.266, 0.342, 0.214, 0.244, 0.24, 0.3, 0.296, 0.394, 0.248]
[0.26, 0.344, 0.384, 0.274, 0.346, 0.298, 0.308, 0.338, 0.382, 0.266, 0.342, 0.214, 0.244, 0.24, 0.3, 0.296, 0.394, 0.248, 0.266]
[0.26, 0.344, 0.384, 0.274, 0.346, 0.298, 0.308, 0.338, 0.382, 0.266, 0.342, 0.214, 0.244, 0.24, 0.3, 0.296, 0.394, 0.248, 0.266, 0.328]
Total correct retain:  1447  Total retain:  2500
Total correct forget:  24816  Total forget:  47500
Total correct test:  260  Total test:  500
Total correct forget test:  4832  Total test forget:  9500
[0.52]
[0.52, 0.552]
[0.52, 0.552, 0.516]
[0.52, 0.552, 0.516, 0.524]
[0.52, 0.552, 0.516, 0.524, 0.65]
[0.52, 0.552, 0.516, 0.524, 0.65, 0.424]
[0.52, 0.552, 0.516, 0.524, 0.65, 0.424, 0.498]
[0.52, 0.552, 0.516, 0.524, 0.65, 0.424, 0.498, 0.46]
[0.52, 0.552, 0.516, 0.524, 0.65, 0.424, 0.498, 0.46, 0.626]
[0.52, 0.552, 0.516, 0.524, 0.65, 0.424, 0.498, 0.46, 0.626, 0.476]
[0.52, 0.552, 0.516, 0.524, 0.65, 0.424, 0.498, 0.46, 0.626, 0.476, 0.532]
[0.52, 0.552, 0.516, 0.524, 0.65, 0.424, 0.498, 0.46, 0.626, 0.476, 0.532, 0.562]
[0.52, 0.552, 0.516, 0.524, 0.65, 0.424, 0.498, 0.46, 0.626, 0.476, 0.532, 0.562, 0.456]
[0.52, 0.552, 0.516, 0.524, 0.65, 0.424, 0.498, 0.46, 0.626, 0.476, 0.532, 0.562, 0.456, 0.574]
[0.52, 0.552, 0.516, 0.524, 0.65, 0.424, 0.498, 0.46, 0.626, 0.476, 0.532, 0.562, 0.456, 0.574, 0.484]
[0.52, 0.552, 0.516, 0.524, 0.65, 0.424, 0.498, 0.46, 0.626, 0.476, 0.532, 0.562, 0.456, 0.574, 0.484, 0.484]
[0.52, 0.552, 0.516, 0.524, 0.65, 0.424, 0.498, 0.46, 0.626, 0.476, 0.532, 0.562, 0.456, 0.574, 0.484, 0.484, 0.598]
[0.52, 0.552, 0.516, 0.524, 0.65, 0.424, 0.498, 0.46, 0.626, 0.476, 0.532, 0.562, 0.456, 0.574, 0.484, 0.484, 0.598, 0.498]
[0.52, 0.552, 0.516, 0.524, 0.65, 0.424, 0.498, 0.46, 0.626, 0.476, 0.532, 0.562, 0.456, 0.574, 0.484, 0.484, 0.598, 0.498, 0.38]
[0.52, 0.552, 0.516, 0.524, 0.65, 0.424, 0.498, 0.46, 0.626, 0.476, 0.532, 0.562, 0.456, 0.574, 0.484, 0.484, 0.598, 0.498, 0.38, 0.37]
broken out of loop
Total correct retain:  848  Total retain:  2500
Total correct forget:  13851  Total forget:  47500
Total correct test:  163  Total test:  500
Total correct forget test:  2783  Total test forget:  9500
[0.326]
[0.326, 0.308]
[0.326, 0.308, 0.284]
[0.326, 0.308, 0.284, 0.256]
[0.326, 0.308, 0.284, 0.256, 0.326]
[0.326, 0.308, 0.284, 0.256, 0.326, 0.248]
[0.326, 0.308, 0.284, 0.256, 0.326, 0.248, 0.34]
[0.326, 0.308, 0.284, 0.256, 0.326, 0.248, 0.34, 0.272]
[0.326, 0.308, 0.284, 0.256, 0.326, 0.248, 0.34, 0.272, 0.334]
[0.326, 0.308, 0.284, 0.256, 0.326, 0.248, 0.34, 0.272, 0.334, 0.246]
[0.326, 0.308, 0.284, 0.256, 0.326, 0.248, 0.34, 0.272, 0.334, 0.246, 0.4]
[0.326, 0.308, 0.284, 0.256, 0.326, 0.248, 0.34, 0.272, 0.334, 0.246, 0.4, 0.338]
[0.326, 0.308, 0.284, 0.256, 0.326, 0.248, 0.34, 0.272, 0.334, 0.246, 0.4, 0.338, 0.356]
[0.326, 0.308, 0.284, 0.256, 0.326, 0.248, 0.34, 0.272, 0.334, 0.246, 0.4, 0.338, 0.356, 0.224]
[0.326, 0.308, 0.284, 0.256, 0.326, 0.248, 0.34, 0.272, 0.334, 0.246, 0.4, 0.338, 0.356, 0.224, 0.29]
[0.326, 0.308, 0.284, 0.256, 0.326, 0.248, 0.34, 0.272, 0.334, 0.246, 0.4, 0.338, 0.356, 0.224, 0.29, 0.228]
[0.326, 0.308, 0.284, 0.256, 0.326, 0.248, 0.34, 0.272, 0.334, 0.246, 0.4, 0.338, 0.356, 0.224, 0.29, 0.228, 0.236]
[0.326, 0.308, 0.284, 0.256, 0.326, 0.248, 0.34, 0.272, 0.334, 0.246, 0.4, 0.338, 0.356, 0.224, 0.29, 0.228, 0.236, 0.338]
[0.326, 0.308, 0.284, 0.256, 0.326, 0.248, 0.34, 0.272, 0.334, 0.246, 0.4, 0.338, 0.356, 0.224, 0.29, 0.228, 0.236, 0.338, 0.258]
[0.326, 0.308, 0.284, 0.256, 0.326, 0.248, 0.34, 0.272, 0.334, 0.246, 0.4, 0.338, 0.356, 0.224, 0.29, 0.228, 0.236, 0.338, 0.258, 0.284]
[[0.588, 0.504, 0.544, 0.57, 0.746, 0.558, 0.502, 0.6, 0.616, 0.508, 0.53, 0.612, 0.634, 0.674, 0.584, 0.59, 0.73, 0.566, 0.488, 0.638], [0.57, 0.512, 0.56, 0.616, 0.668, 0.52, 0.528, 0.596, 0.67, 0.456, 0.562, 0.628, 0.61, 0.718, 0.612, 0.58, 0.724, 0.53, 0.528, 0.518], [0.604, 0.582, 0.592, 0.664, 0.75, 0.568, 0.57, 0.608, 0.682, 0.528, 0.628, 0.644, 0.626, 0.728, 0.602, 0.606, 0.744, 0.612, 0.54, 0.448], [0.394, 0.366, 0.27, 0.366, 0.438, 0.352, 0.384, 0.41, 0.376, 0.296, 0.314, 0.432, 0.472, 0.336, 0.408, 0.346, 0.324, 0.27, 0.288, 0.254], [0.392, 0.418, 0.29, 0.378, 0.464, 0.392, 0.398, 0.404, 0.382, 0.34, 0.342, 0.46, 0.474, 0.35, 0.408, 0.364, 0.38, 0.304, 0.322, 0.29], [0.61, 0.572, 0.554, 0.642, 0.758, 0.526, 0.558, 0.6, 0.72, 0.532, 0.612, 0.64, 0.644, 0.716, 0.594, 0.598, 0.72, 0.61, 0.526, 0.44], [0.612, 0.592, 0.542, 0.62, 0.722, 0.528, 0.558, 0.644, 0.692, 0.552, 0.604, 0.648, 0.638, 0.73, 0.588, 0.582, 0.71, 0.584, 0.496, 0.414], [0.606, 0.552, 0.534, 0.608, 0.698, 0.514, 0.544, 0.56, 0.684, 0.53, 0.596, 0.622, 0.586, 0.63, 0.538, 0.536, 0.654, 0.564, 0.504, 0.374], [0.32, 0.296, 0.332, 0.286, 0.312, 0.306, 0.308, 0.226, 0.414, 0.3, 0.348, 0.442, 0.34, 0.288, 0.312, 0.274, 0.472, 0.366, 0.292, 0.416], [0.586, 0.56, 0.548, 0.612, 0.732, 0.482, 0.57, 0.582, 0.702, 0.512, 0.594, 0.66, 0.616, 0.678, 0.554, 0.588, 0.694, 0.538, 0.474, 0.382], [0.37, 0.292, 0.234, 0.424, 0.342, 0.34, 0.398, 0.27, 0.434, 0.27, 0.396, 0.434, 0.328, 0.33, 0.314, 0.32, 0.466, 0.444, 0.344, 0.368], [0.368, 0.298, 0.24, 0.44, 0.352, 0.338, 0.404, 0.276, 0.432, 0.264, 0.404, 0.424, 0.326, 0.338, 0.316, 0.324, 0.476, 0.454, 0.342, 0.374], [0.252, 0.228, 0.282, 0.218, 0.284, 0.254, 0.22, 0.308, 0.35, 0.232, 0.258, 0.178, 0.206, 0.254, 0.244, 0.204, 0.284, 0.206, 0.252, 0.364], [0.266, 0.252, 0.294, 0.224, 0.304, 0.266, 0.238, 0.318, 0.376, 0.248, 0.274, 0.184, 0.218, 0.242, 0.266, 0.22, 0.314, 0.216, 0.26, 0.36], [0.266, 0.286, 0.314, 0.234, 0.33, 0.274, 0.254, 0.328, 0.386, 0.25, 0.296, 0.182, 0.234, 0.238, 0.276, 0.246, 0.342, 0.224, 0.27, 0.344], [0.268, 0.322, 0.35, 0.246, 0.344, 0.278, 0.274, 0.334, 0.38, 0.266, 0.322, 0.192, 0.232, 0.242, 0.288, 0.268, 0.36, 0.228, 0.276, 0.34], [0.264, 0.334, 0.366, 0.264, 0.348, 0.288, 0.294, 0.336, 0.382, 0.272, 0.328, 0.204, 0.238, 0.244, 0.298, 0.286, 0.384, 0.238, 0.274, 0.33], [0.26, 0.344, 0.384, 0.274, 0.346, 0.298, 0.308, 0.338, 0.382, 0.266, 0.342, 0.214, 0.244, 0.24, 0.3, 0.296, 0.394, 0.248, 0.266, 0.328], [0.52, 0.552, 0.516, 0.524, 0.65, 0.424, 0.498, 0.46, 0.626, 0.476, 0.532, 0.562, 0.456, 0.574, 0.484, 0.484, 0.598, 0.498, 0.38, 0.37], [0.326, 0.308, 0.284, 0.256, 0.326, 0.248, 0.34, 0.272, 0.334, 0.246, 0.4, 0.338, 0.356, 0.224, 0.29, 0.228, 0.236, 0.338, 0.258, 0.284]]
20
20
Plot  0  Done
Average Retain Accuracies:  [0.6288, 0.6376, 0.6436, 0.3924, 0.406, 0.662, 0.6684, 0.6336, 0.338, 0.6452, 0.354, 0.3548, 0.266, 0.2776, 0.28, 0.2856, 0.2864, 0.292, 0.5788, 0.3392]
Average Forget Accuracies:  [0.6107368421052631, 0.6120842105263158, 0.6430315789473684, 0.3531157894736842, 0.38084210526315787, 0.6409052631578948, 0.6318736842105264, 0.5850315789473685, 0.3416, 0.6216842105263158, 0.35934736842105264, 0.3664210526315789, 0.25705263157894737, 0.26810526315789474, 0.2789473684210526, 0.2905052631578947, 0.30134736842105264, 0.31103157894736844, 0.5224421052631579, 0.2916]
Average Retain Test Accuracies:  [0.588, 0.57, 0.604, 0.394, 0.392, 0.61, 0.612, 0.606, 0.32, 0.586, 0.37, 0.368, 0.252, 0.266, 0.266, 0.268, 0.264, 0.26, 0.52, 0.326]
Average Forget Test Accuracies:  [0.5891578947368421, 0.5861052631578947, 0.6169473684210526, 0.3527368421052632, 0.37684210526315787, 0.6085263157894737, 0.6023157894736842, 0.5698947368421052, 0.3331578947368421, 0.5830526315789474, 0.3551578947368421, 0.35905263157894735, 0.254, 0.2670526315789474, 0.2793684210526316, 0.29168421052631577, 0.3004210526315789, 0.3058947368421053, 0.5086315789473684, 0.2929473684210526]
Done
