Requirement already satisfied: pyyaml in /usr/lib64/python3.12/site-packages (6.0.1)
Requirement already satisfied: setuptools in /usr/lib/python3.12/site-packages (68.2.2)
Requirement already satisfied: matplotlib in /dcs/21/u2145461/.local/lib/python3.12/site-packages (3.10.1)
Requirement already satisfied: contourpy>=1.0.1 in /dcs/21/u2145461/.local/lib/python3.12/site-packages (from matplotlib) (1.3.1)
Requirement already satisfied: cycler>=0.10 in /dcs/21/u2145461/.local/lib/python3.12/site-packages (from matplotlib) (0.12.1)
Requirement already satisfied: fonttools>=4.22.0 in /dcs/21/u2145461/.local/lib/python3.12/site-packages (from matplotlib) (4.56.0)
Requirement already satisfied: kiwisolver>=1.3.1 in /dcs/21/u2145461/.local/lib/python3.12/site-packages (from matplotlib) (1.4.8)
Requirement already satisfied: numpy>=1.23 in /dcs/21/u2145461/.local/lib/python3.12/site-packages (from matplotlib) (2.2.3)
Requirement already satisfied: packaging>=20.0 in /dcs/21/u2145461/.local/lib/python3.12/site-packages (from matplotlib) (24.2)
Requirement already satisfied: pillow>=8 in /dcs/21/u2145461/.local/lib/python3.12/site-packages (from matplotlib) (11.0.0)
Requirement already satisfied: pyparsing>=2.3.1 in /dcs/21/u2145461/.local/lib/python3.12/site-packages (from matplotlib) (3.2.1)
Requirement already satisfied: python-dateutil>=2.7 in /dcs/21/u2145461/.local/lib/python3.12/site-packages (from matplotlib) (2.9.0.post0)
Requirement already satisfied: six>=1.5 in /dcs/21/u2145461/.local/lib/python3.12/site-packages (from python-dateutil>=2.7->matplotlib) (1.17.0)
Requirement already satisfied: quadprog in /dcs/21/u2145461/.local/lib/python3.12/site-packages (0.1.13)
Requirement already satisfied: numpy in /dcs/21/u2145461/.local/lib/python3.12/site-packages (from quadprog) (2.2.3)
Requirement already satisfied: pyparsing in /dcs/21/u2145461/.local/lib/python3.12/site-packages (3.2.1)
Requirement already satisfied: pandas in /dcs/21/u2145461/.local/lib/python3.12/site-packages (2.2.3)
Requirement already satisfied: numpy>=1.26.0 in /dcs/21/u2145461/.local/lib/python3.12/site-packages (from pandas) (2.2.3)
Requirement already satisfied: python-dateutil>=2.8.2 in /dcs/21/u2145461/.local/lib/python3.12/site-packages (from pandas) (2.9.0.post0)
Requirement already satisfied: pytz>=2020.1 in /dcs/21/u2145461/.local/lib/python3.12/site-packages (from pandas) (2025.1)
Requirement already satisfied: tzdata>=2022.7 in /dcs/21/u2145461/.local/lib/python3.12/site-packages (from pandas) (2025.1)
Requirement already satisfied: six>=1.5 in /dcs/21/u2145461/.local/lib/python3.12/site-packages (from python-dateutil>=2.8.2->pandas) (1.17.0)
Requirement already satisfied: numpy in /dcs/21/u2145461/.local/lib/python3.12/site-packages (2.2.3)
Sat Mar  8 05:40:43 2025       
+-----------------------------------------------------------------------------------------+
| NVIDIA-SMI 550.144.03             Driver Version: 550.144.03     CUDA Version: 12.4     |
|-----------------------------------------+------------------------+----------------------+
| GPU  Name                 Persistence-M | Bus-Id          Disp.A | Volatile Uncorr. ECC |
| Fan  Temp   Perf          Pwr:Usage/Cap |           Memory-Usage | GPU-Util  Compute M. |
|                                         |                        |               MIG M. |
|=========================================+========================+======================|
|   0  NVIDIA A10                     On  |   00000000:25:00.0 Off |                    0 |
|  0%   28C    P8             15W /  150W |       1MiB /  23028MiB |      0%      Default |
|                                         |                        |                  N/A |
+-----------------------------------------+------------------------+----------------------+
                                                                                         
+-----------------------------------------------------------------------------------------+
| Processes:                                                                              |
|  GPU   GI   CI        PID   Type   Process name                              GPU Memory |
|        ID   ID                                                               Usage      |
|=========================================================================================|
|  No running processes found                                                             |
+-----------------------------------------------------------------------------------------+
Python 3.12.8
./cifar-100-python/train
./cifar-100-python/test
Unlearn Batch Size:  256
Unlearn MEM Strength:  0.6
cifar-100-python/train
cifar-100-python/test
new ordering of classes:  ['computer keyboard', 'man', 'seal', 'poppies', 'butterfly', 'ray', 'sweet peppers', 'bear', 'couch', 'plates', 'mushrooms', 'tractor', 'hamster', 'plain', 'worm', 'beaver', 'wolf', 'raccoon', 'elephant', 'lawn-mower', 'pine', 'possum', 'turtle', 'bowls', 'cockroach', 'wardrobe', 'maple', 'tank', 'oranges', 'cups', 'cans', 'pickup truck', 'orchids', 'clock', 'camel', 'dolphin', 'forest', 'bed', 'bee', 'lobster', 'lizard', 'kangaroo', 'snail', 'tulips', 'roses', 'fox', 'caterpillar', 'snake', 'crab', 'baby', 'beetle', 'whale', 'sea', 'flatfish', 'aquarium fish', 'chair', 'telephone', 'table', 'mouse', 'sunflowers', 'road', 'otter', 'house', 'dinosaur', 'leopard', 'porcupine', 'skunk', 'lamp', 'shark', 'squirrel', 'pears', 'rocket', 'girl', 'chimpanzee', 'cattle', 'motorcycle', 'apples', 'oak', 'boy', 'cloud', 'willow', 'trout', 'woman', 'palm', 'spider', 'lion', 'crocodile', 'mountain', 'bus', 'television', 'streetcar', 'skyscraper', 'bottles', 'bicycle', 'bridge', 'tiger', 'train', 'rabbit', 'shrew', 'castle']
Training task:  1
Training task:  2
Training task:  3
Training task:  4
Training task:  5
Training task:  6
Training task:  7
Training task:  8
Training task:  9
Training task:  10
Training task:  11
Training task:  12
Training task:  13
Training task:  14
Training task:  15
Training task:  16
Training task:  17
Training task:  18
Training task:  19
Training task:  20
Unlearning task:  20
Total correct retain:  819  Total retain:  2500
Total correct forget:  16594  Total forget:  47500
Total correct test:  158  Total test:  500
Total correct forget test:  3270  Total test forget:  9500
Total correct retain:  1083  Total retain:  2500
Total correct forget:  20312  Total forget:  47500
Total correct test:  212  Total test:  500
Total correct forget test:  4022  Total test forget:  9500
Total correct retain:  1108  Total retain:  2500
Total correct forget:  20280  Total forget:  47500
Total correct test:  215  Total test:  500
Total correct forget test:  4000  Total test forget:  9500
Total correct retain:  1135  Total retain:  2500
Total correct forget:  20117  Total forget:  47500
Total correct test:  222  Total test:  500
Total correct forget test:  3958  Total test forget:  9500
Total correct retain:  1142  Total retain:  2500
Total correct forget:  20119  Total forget:  47500
Total correct test:  221  Total test:  500
Total correct forget test:  3961  Total test forget:  9500
Total correct retain:  1181  Total retain:  2500
Total correct forget:  20035  Total forget:  47500
Total correct test:  227  Total test:  500
Total correct forget test:  3956  Total test forget:  9500
Total correct retain:  1173  Total retain:  2500
Total correct forget:  20021  Total forget:  47500
Total correct test:  232  Total test:  500
Total correct forget test:  3947  Total test forget:  9500
Total correct retain:  1147  Total retain:  2500
Total correct forget:  20321  Total forget:  47500
Total correct test:  219  Total test:  500
Total correct forget test:  4015  Total test forget:  9500
Total correct retain:  1146  Total retain:  2500
Total correct forget:  20409  Total forget:  47500
Total correct test:  222  Total test:  500
Total correct forget test:  4038  Total test forget:  9500
Total correct retain:  1203  Total retain:  2500
Total correct forget:  19792  Total forget:  47500
Total correct test:  244  Total test:  500
Total correct forget test:  3925  Total test forget:  9500
Total correct retain:  1204  Total retain:  2500
Total correct forget:  20250  Total forget:  47500
Total correct test:  235  Total test:  500
Total correct forget test:  3991  Total test forget:  9500
Total correct retain:  1218  Total retain:  2500
Total correct forget:  19733  Total forget:  47500
Total correct test:  251  Total test:  500
Total correct forget test:  3894  Total test forget:  9500
Total correct retain:  1240  Total retain:  2500
Total correct forget:  19323  Total forget:  47500
Total correct test:  255  Total test:  500
Total correct forget test:  3828  Total test forget:  9500
Total correct retain:  1235  Total retain:  2500
Total correct forget:  19713  Total forget:  47500
Total correct test:  257  Total test:  500
Total correct forget test:  3909  Total test forget:  9500
Total correct retain:  1233  Total retain:  2500
Total correct forget:  19989  Total forget:  47500
Total correct test:  243  Total test:  500
Total correct forget test:  3952  Total test forget:  9500
Total correct retain:  1253  Total retain:  2500
Total correct forget:  19937  Total forget:  47500
Total correct test:  253  Total test:  500
Total correct forget test:  3946  Total test forget:  9500
Total correct retain:  1213  Total retain:  2500
Total correct forget:  20414  Total forget:  47500
Total correct test:  237  Total test:  500
Total correct forget test:  4025  Total test forget:  9500
Total correct retain:  1196  Total retain:  2500
Total correct forget:  20557  Total forget:  47500
Total correct test:  240  Total test:  500
Total correct forget test:  4056  Total test forget:  9500
Total correct retain:  1203  Total retain:  2500
Total correct forget:  20684  Total forget:  47500
Total correct test:  244  Total test:  500
Total correct forget test:  4076  Total test forget:  9500
Total correct retain:  1233  Total retain:  2500
Total correct forget:  20503  Total forget:  47500
Total correct test:  245  Total test:  500
Total correct forget test:  4061  Total test forget:  9500
[[0.16666666666666666, 0.0, 0.0, 0.0, 0.0, 0.0, 0.0, 0.0, 0.0, 0.0, 0.012987012987012988, 0.0, 0.0, 0.0, 0.0, 0.0, 0.0, 0.0, 0.0, 0.0], [0.16666666666666666, 0.0, 0.0, 0.0, 0.0, 0.0, 0.0, 0.0, 0.0, 0.0, 0.0, 0.0, 0.0, 0.0, 0.0, 0.0, 0.0, 0.0, 0.0, 0.0], [0.16666666666666666, 0.0, 0.0, 0.0, 0.0, 0.0, 0.0, 0.0, 0.0, 0.0, 0.0, 0.0, 0.0, 0.0, 0.0, 0.0, 0.0, 0.0, 0.0, 0.0], [0.16666666666666666, 0.0, 0.0, 0.0, 0.0, 0.0, 0.0, 0.0, 0.0, 0.0, 0.0, 0.0, 0.0, 0.0, 0.0, 0.0, 0.0, 0.0, 0.0, 0.0], [0.16666666666666666, 0.0, 0.0, 0.0, 0.0, 0.0, 0.0, 0.0, 0.0, 0.0, 0.0, 0.0, 0.0, 0.0, 0.0, 0.0, 0.0, 0.0, 0.0, 0.0], [0.16666666666666666, 0.0, 0.0, 0.0, 0.0, 0.0, 0.0, 0.0, 0.0, 0.0, 0.0, 0.0, 0.0, 0.0, 0.0, 0.0, 0.0, 0.0, 0.0, 0.0], [0.16666666666666666, 0.0, 0.0, 0.0, 0.0, 0.0, 0.0, 0.0, 0.0, 0.0, 0.0, 0.0, 0.0, 0.0, 0.0, 0.0, 0.0, 0.0, 0.0, 0.0], [0.16666666666666666, 0.0, 0.0, 0.0, 0.0, 0.0, 0.0, 0.0, 0.0, 0.0, 0.0, 0.0, 0.0, 0.0, 0.0, 0.0, 0.0, 0.0, 0.0, 0.0], [0.16666666666666666, 0.0, 0.0, 0.0, 0.0, 0.0, 0.0, 0.0, 0.0, 0.0, 0.0, 0.0, 0.0, 0.0, 0.0, 0.0, 0.0, 0.0, 0.0, 0.0], [0.16666666666666666, 0.0, 0.0, 0.0, 0.0, 0.0, 0.0, 0.0, 0.0, 0.0, 0.0, 0.0, 0.0, 0.0, 0.0, 0.0, 0.0, 0.0, 0.0, 0.0], [0.0, 0.0, 0.0, 0.0, 0.0, 0.0, 0.0, 0.0, 0.0, 0.0, 0.0, 0.0, 0.0, 0.0, 0.0, 0.0, 0.0, 0.0, 0.0, 0.0], [0.0, 0.0, 0.0, 0.0, 0.0, 0.0, 0.0, 0.0, 0.0, 0.0, 0.0, 0.0, 0.0, 0.0, 0.0, 0.0, 0.0, 0.0, 0.0, 0.0], [0.0, 0.0, 0.0, 0.0, 0.0, 0.0, 0.0, 0.0, 0.0, 0.0, 0.0, 0.0, 0.0, 0.0, 0.0, 0.0, 0.0, 0.0, 0.0, 0.0], [0.0, 0.0, 0.0, 0.0, 0.0, 0.0, 0.0, 0.0, 0.0, 0.0, 0.0, 0.0, 0.0, 0.0, 0.0, 0.0, 0.0, 0.0, 0.0, 0.0], [0.0, 0.0, 0.0, 0.0, 0.0, 0.0, 0.0, 0.0, 0.0, 0.0, 0.0, 0.0, 0.0, 0.0, 0.0, 0.0, 0.0, 0.0, 0.0, 0.0], [0.0, 0.0, 0.0, 0.0, 0.0, 0.0, 0.0, 0.0, 0.0, 0.0, 0.0, 0.0, 0.0, 0.0, 0.0, 0.0, 0.0, 0.0, 0.0, 0.0], [0.0, 0.0, 0.0, 0.0, 0.0, 0.0, 0.0, 0.0, 0.0, 0.0, 0.0, 0.0, 0.0, 0.0, 0.0, 0.0, 0.0, 0.0, 0.0, 0.0], [0.0, 0.0, 0.0, 0.0, 0.0, 0.0, 0.0, 0.0, 0.0, 0.0, 0.0, 0.0, 0.0, 0.0, 0.0, 0.0, 0.0, 0.0, 0.0, 0.0], [0.0, 0.0, 0.0, 0.0, 0.0, 0.0, 0.0, 0.0, 0.0, 0.0, 0.0, 0.0, 0.0, 0.0, 0.0, 0.0, 0.0, 0.0, 0.0, 0.0]]
Plot  0  Done
Average Retain Accuracies:  [0.3276, 0.4332, 0.4432, 0.454, 0.4568, 0.4724, 0.4692, 0.4588, 0.4584, 0.4812, 0.4816, 0.4872, 0.496, 0.494, 0.4932, 0.5012, 0.4852, 0.4784, 0.4812, 0.4932]
Average Forget Accuracies:  [0.34934736842105263, 0.42762105263157896, 0.42694736842105263, 0.42351578947368423, 0.4235578947368421, 0.42178947368421055, 0.42149473684210526, 0.4278105263157895, 0.42966315789473686, 0.4166736842105263, 0.4263157894736842, 0.41543157894736843, 0.4068, 0.4150105263157895, 0.42082105263157893, 0.41972631578947367, 0.4297684210526316, 0.43277894736842104, 0.43545263157894737, 0.4316421052631579]
Average Retain Test Accuracies:  [0.316, 0.424, 0.43, 0.444, 0.442, 0.454, 0.464, 0.438, 0.444, 0.488, 0.47, 0.502, 0.51, 0.514, 0.486, 0.506, 0.474, 0.48, 0.488, 0.49]
Average Forget Test Accuracies:  [0.34421052631578947, 0.42336842105263156, 0.42105263157894735, 0.4166315789473684, 0.4169473684210526, 0.41642105263157897, 0.41547368421052633, 0.4226315789473684, 0.42505263157894735, 0.4131578947368421, 0.42010526315789476, 0.40989473684210526, 0.4029473684210526, 0.4114736842105263, 0.416, 0.41536842105263155, 0.4236842105263158, 0.42694736842105263, 0.42905263157894735, 0.42747368421052634]
Done
