Requirement already satisfied: pyyaml in /usr/lib64/python3.12/site-packages (6.0.1)
Requirement already satisfied: setuptools in /usr/lib/python3.12/site-packages (68.2.2)
Requirement already satisfied: matplotlib in /dcs/21/u2145461/.local/lib/python3.12/site-packages (3.10.1)
Requirement already satisfied: contourpy>=1.0.1 in /dcs/21/u2145461/.local/lib/python3.12/site-packages (from matplotlib) (1.3.1)
Requirement already satisfied: cycler>=0.10 in /dcs/21/u2145461/.local/lib/python3.12/site-packages (from matplotlib) (0.12.1)
Requirement already satisfied: fonttools>=4.22.0 in /dcs/21/u2145461/.local/lib/python3.12/site-packages (from matplotlib) (4.56.0)
Requirement already satisfied: kiwisolver>=1.3.1 in /dcs/21/u2145461/.local/lib/python3.12/site-packages (from matplotlib) (1.4.8)
Requirement already satisfied: numpy>=1.23 in /dcs/21/u2145461/.local/lib/python3.12/site-packages (from matplotlib) (2.2.3)
Requirement already satisfied: packaging>=20.0 in /dcs/21/u2145461/.local/lib/python3.12/site-packages (from matplotlib) (24.2)
Requirement already satisfied: pillow>=8 in /dcs/21/u2145461/.local/lib/python3.12/site-packages (from matplotlib) (11.0.0)
Requirement already satisfied: pyparsing>=2.3.1 in /dcs/21/u2145461/.local/lib/python3.12/site-packages (from matplotlib) (3.2.1)
Requirement already satisfied: python-dateutil>=2.7 in /dcs/21/u2145461/.local/lib/python3.12/site-packages (from matplotlib) (2.9.0.post0)
Requirement already satisfied: six>=1.5 in /dcs/21/u2145461/.local/lib/python3.12/site-packages (from python-dateutil>=2.7->matplotlib) (1.17.0)
Requirement already satisfied: quadprog in /dcs/21/u2145461/.local/lib/python3.12/site-packages (0.1.13)
Requirement already satisfied: numpy in /dcs/21/u2145461/.local/lib/python3.12/site-packages (from quadprog) (2.2.3)
Requirement already satisfied: pyparsing in /dcs/21/u2145461/.local/lib/python3.12/site-packages (3.2.1)
Requirement already satisfied: pandas in /dcs/21/u2145461/.local/lib/python3.12/site-packages (2.2.3)
Requirement already satisfied: numpy>=1.26.0 in /dcs/21/u2145461/.local/lib/python3.12/site-packages (from pandas) (2.2.3)
Requirement already satisfied: python-dateutil>=2.8.2 in /dcs/21/u2145461/.local/lib/python3.12/site-packages (from pandas) (2.9.0.post0)
Requirement already satisfied: pytz>=2020.1 in /dcs/21/u2145461/.local/lib/python3.12/site-packages (from pandas) (2025.1)
Requirement already satisfied: tzdata>=2022.7 in /dcs/21/u2145461/.local/lib/python3.12/site-packages (from pandas) (2025.1)
Requirement already satisfied: six>=1.5 in /dcs/21/u2145461/.local/lib/python3.12/site-packages (from python-dateutil>=2.8.2->pandas) (1.17.0)
Requirement already satisfied: numpy in /dcs/21/u2145461/.local/lib/python3.12/site-packages (2.2.3)
Mon Mar 10 22:37:29 2025       
+-----------------------------------------------------------------------------------------+
| NVIDIA-SMI 550.144.03             Driver Version: 550.144.03     CUDA Version: 12.4     |
|-----------------------------------------+------------------------+----------------------+
| GPU  Name                 Persistence-M | Bus-Id          Disp.A | Volatile Uncorr. ECC |
| Fan  Temp   Perf          Pwr:Usage/Cap |           Memory-Usage | GPU-Util  Compute M. |
|                                         |                        |               MIG M. |
|=========================================+========================+======================|
|   0  NVIDIA RTX A5000               Off |   00000000:01:00.0 Off |                  Off |
| 30%   53C    P0             N/A /  230W |       1MiB /  24564MiB |      0%      Default |
|                                         |                        |                  N/A |
+-----------------------------------------+------------------------+----------------------+
                                                                                         
+-----------------------------------------------------------------------------------------+
| Processes:                                                                              |
|  GPU   GI   CI        PID   Type   Process name                              GPU Memory |
|        ID   ID                                                               Usage      |
|=========================================================================================|
|  No running processes found                                                             |
+-----------------------------------------------------------------------------------------+
Python 3.12.8
./cifar-100-python/train
./cifar-100-python/test
Unlearn Batch Size:  10
Unlearn MEM Strength:  0.6
cifar-100-python/train
cifar-100-python/test
new ordering of classes:  ['streetcar', 'oak', 'cattle', 'sea', 'chimpanzee', 'beetle', 'telephone', 'worm', 'dinosaur', 'lizard', 'plates', 'bed', 'crocodile', 'roses', 'elephant', 'bicycle', 'wolf', 'raccoon', 'seal', 'cans', 'rocket', 'train', 'television', 'cups', 'hamster', 'mushrooms', 'bee', 'maple', 'whale', 'couch', 'house', 'oranges', 'shrew', 'lamp', 'motorcycle', 'baby', 'possum', 'otter', 'castle', 'orchids', 'flatfish', 'cloud', 'spider', 'mouse', 'camel', 'lawn-mower', 'snake', 'tulips', 'bowls', 'dolphin', 'sweet peppers', 'squirrel', 'mountain', 'skunk', 'boy', 'tank', 'bus', 'lobster', 'snail', 'palm', 'turtle', 'bridge', 'tiger', 'pickup truck', 'apples', 'leopard', 'plain', 'man', 'butterfly', 'pine', 'lion', 'crab', 'trout', 'poppies', 'tractor', 'road', 'fox', 'ray', 'bear', 'rabbit', 'computer keyboard', 'wardrobe', 'table', 'willow', 'aquarium fish', 'forest', 'beaver', 'kangaroo', 'pears', 'woman', 'skyscraper', 'cockroach', 'sunflowers', 'caterpillar', 'bottles', 'shark', 'porcupine', 'chair', 'clock', 'girl']
Training task:  1
[0.43, 0.176, 0.202, 0.2, 0.206, 0.2, 0.194, 0.2, 0.172, 0.138, 0.216, 0.216, 0.2, 0.196, 0.2, 0.134, 0.198, 0.2, 0.198, 0.266]
Training task:  2
[0.454, 0.558, 0.22, 0.176, 0.236, 0.202, 0.184, 0.2, 0.256, 0.2, 0.264, 0.202, 0.19, 0.174, 0.184, 0.144, 0.234, 0.176, 0.204, 0.2]
Training task:  3
[0.556, 0.56, 0.512, 0.198, 0.18, 0.226, 0.206, 0.2, 0.238, 0.174, 0.18, 0.192, 0.288, 0.128, 0.282, 0.158, 0.134, 0.182, 0.202, 0.18]
Training task:  4
[0.55, 0.464, 0.58, 0.372, 0.206, 0.202, 0.216, 0.2, 0.266, 0.216, 0.262, 0.16, 0.322, 0.144, 0.274, 0.112, 0.142, 0.144, 0.268, 0.204]
Training task:  5
[0.488, 0.526, 0.492, 0.394, 0.504, 0.194, 0.198, 0.2, 0.254, 0.2, 0.224, 0.208, 0.19, 0.192, 0.148, 0.148, 0.188, 0.2, 0.21, 0.228]
Training task:  6
[0.594, 0.562, 0.454, 0.386, 0.532, 0.586, 0.122, 0.2, 0.262, 0.208, 0.256, 0.178, 0.256, 0.204, 0.228, 0.114, 0.202, 0.174, 0.206, 0.162]
Training task:  7
[0.602, 0.53, 0.436, 0.418, 0.508, 0.604, 0.444, 0.216, 0.204, 0.2, 0.264, 0.214, 0.242, 0.168, 0.222, 0.124, 0.252, 0.162, 0.242, 0.152]
Training task:  8
[0.544, 0.444, 0.42, 0.338, 0.472, 0.538, 0.518, 0.342, 0.258, 0.222, 0.29, 0.172, 0.248, 0.176, 0.288, 0.12, 0.214, 0.164, 0.216, 0.204]
Training task:  9
[0.574, 0.516, 0.532, 0.446, 0.486, 0.612, 0.564, 0.6, 0.474, 0.202, 0.274, 0.222, 0.252, 0.23, 0.254, 0.154, 0.146, 0.186, 0.29, 0.206]
Training task:  10
[0.53, 0.424, 0.398, 0.284, 0.382, 0.422, 0.464, 0.442, 0.368, 0.416, 0.238, 0.154, 0.284, 0.184, 0.228, 0.196, 0.192, 0.2, 0.274, 0.152]
Training task:  11
[0.408, 0.444, 0.472, 0.316, 0.468, 0.432, 0.446, 0.506, 0.45, 0.39, 0.42, 0.214, 0.244, 0.262, 0.154, 0.132, 0.15, 0.164, 0.16, 0.258]
Training task:  12
[0.488, 0.422, 0.468, 0.424, 0.428, 0.562, 0.51, 0.584, 0.448, 0.478, 0.6, 0.496, 0.306, 0.174, 0.086, 0.148, 0.196, 0.238, 0.248, 0.1]
Training task:  13
[0.682, 0.594, 0.58, 0.478, 0.578, 0.712, 0.654, 0.616, 0.536, 0.592, 0.698, 0.582, 0.658, 0.166, 0.146, 0.174, 0.218, 0.172, 0.234, 0.194]
Training task:  14
[0.678, 0.546, 0.486, 0.406, 0.564, 0.524, 0.504, 0.474, 0.504, 0.498, 0.624, 0.462, 0.502, 0.542, 0.224, 0.198, 0.144, 0.17, 0.318, 0.194]
Training task:  15
[0.622, 0.47, 0.418, 0.39, 0.476, 0.616, 0.58, 0.556, 0.436, 0.56, 0.656, 0.452, 0.532, 0.586, 0.552, 0.18, 0.216, 0.184, 0.272, 0.188]
Training task:  16
[0.74, 0.538, 0.496, 0.392, 0.446, 0.614, 0.542, 0.566, 0.484, 0.542, 0.64, 0.394, 0.59, 0.616, 0.614, 0.596, 0.236, 0.18, 0.25, 0.166]
Training task:  17
[0.686, 0.526, 0.488, 0.412, 0.506, 0.606, 0.578, 0.536, 0.5, 0.518, 0.67, 0.556, 0.622, 0.628, 0.636, 0.616, 0.598, 0.182, 0.172, 0.176]
Training task:  18
[0.69, 0.498, 0.534, 0.446, 0.5, 0.552, 0.616, 0.61, 0.522, 0.564, 0.704, 0.492, 0.592, 0.624, 0.624, 0.616, 0.568, 0.446, 0.23, 0.148]
Training task:  19
[0.644, 0.412, 0.512, 0.41, 0.474, 0.59, 0.644, 0.552, 0.516, 0.492, 0.656, 0.534, 0.624, 0.648, 0.68, 0.456, 0.604, 0.45, 0.632, 0.144]
Training task:  20
[0.556, 0.376, 0.31, 0.334, 0.406, 0.394, 0.392, 0.384, 0.386, 0.378, 0.378, 0.412, 0.434, 0.44, 0.282, 0.544, 0.416, 0.32, 0.378, 0.554]
Unlearning task:  20
Total correct retain:  1405  Total retain:  2500
Total correct forget:  19085  Total forget:  47500
Total correct test:  278  Total test:  500
Total correct forget test:  3759  Total test forget:  9500
[0.556]
[0.556, 0.376]
[0.556, 0.376, 0.31]
[0.556, 0.376, 0.31, 0.334]
[0.556, 0.376, 0.31, 0.334, 0.406]
[0.556, 0.376, 0.31, 0.334, 0.406, 0.394]
[0.556, 0.376, 0.31, 0.334, 0.406, 0.394, 0.392]
[0.556, 0.376, 0.31, 0.334, 0.406, 0.394, 0.392, 0.384]
[0.556, 0.376, 0.31, 0.334, 0.406, 0.394, 0.392, 0.384, 0.386]
[0.556, 0.376, 0.31, 0.334, 0.406, 0.394, 0.392, 0.384, 0.386, 0.378]
[0.556, 0.376, 0.31, 0.334, 0.406, 0.394, 0.392, 0.384, 0.386, 0.378, 0.378]
[0.556, 0.376, 0.31, 0.334, 0.406, 0.394, 0.392, 0.384, 0.386, 0.378, 0.378, 0.412]
[0.556, 0.376, 0.31, 0.334, 0.406, 0.394, 0.392, 0.384, 0.386, 0.378, 0.378, 0.412, 0.434]
[0.556, 0.376, 0.31, 0.334, 0.406, 0.394, 0.392, 0.384, 0.386, 0.378, 0.378, 0.412, 0.434, 0.44]
[0.556, 0.376, 0.31, 0.334, 0.406, 0.394, 0.392, 0.384, 0.386, 0.378, 0.378, 0.412, 0.434, 0.44, 0.282]
[0.556, 0.376, 0.31, 0.334, 0.406, 0.394, 0.392, 0.384, 0.386, 0.378, 0.378, 0.412, 0.434, 0.44, 0.282, 0.544]
[0.556, 0.376, 0.31, 0.334, 0.406, 0.394, 0.392, 0.384, 0.386, 0.378, 0.378, 0.412, 0.434, 0.44, 0.282, 0.544, 0.416]
[0.556, 0.376, 0.31, 0.334, 0.406, 0.394, 0.392, 0.384, 0.386, 0.378, 0.378, 0.412, 0.434, 0.44, 0.282, 0.544, 0.416, 0.32]
[0.556, 0.376, 0.31, 0.334, 0.406, 0.394, 0.392, 0.384, 0.386, 0.378, 0.378, 0.412, 0.434, 0.44, 0.282, 0.544, 0.416, 0.32, 0.378]
[0.556, 0.376, 0.31, 0.334, 0.406, 0.394, 0.392, 0.384, 0.386, 0.378, 0.378, 0.412, 0.434, 0.44, 0.282, 0.544, 0.416, 0.32, 0.378, 0.554]
broken out of loop
Total correct retain:  1843  Total retain:  2500
Total correct forget:  29916  Total forget:  47500
Total correct test:  358  Total test:  500
Total correct forget test:  5873  Total test forget:  9500
[0.716]
[0.716, 0.604]
[0.716, 0.604, 0.574]
[0.716, 0.604, 0.574, 0.452]
[0.716, 0.604, 0.574, 0.452, 0.582]
[0.716, 0.604, 0.574, 0.452, 0.582, 0.688]
[0.716, 0.604, 0.574, 0.452, 0.582, 0.688, 0.634]
[0.716, 0.604, 0.574, 0.452, 0.582, 0.688, 0.634, 0.608]
[0.716, 0.604, 0.574, 0.452, 0.582, 0.688, 0.634, 0.608, 0.61]
[0.716, 0.604, 0.574, 0.452, 0.582, 0.688, 0.634, 0.608, 0.61, 0.626]
[0.716, 0.604, 0.574, 0.452, 0.582, 0.688, 0.634, 0.608, 0.61, 0.626, 0.708]
[0.716, 0.604, 0.574, 0.452, 0.582, 0.688, 0.634, 0.608, 0.61, 0.626, 0.708, 0.602]
[0.716, 0.604, 0.574, 0.452, 0.582, 0.688, 0.634, 0.608, 0.61, 0.626, 0.708, 0.602, 0.696]
[0.716, 0.604, 0.574, 0.452, 0.582, 0.688, 0.634, 0.608, 0.61, 0.626, 0.708, 0.602, 0.696, 0.708]
[0.716, 0.604, 0.574, 0.452, 0.582, 0.688, 0.634, 0.608, 0.61, 0.626, 0.708, 0.602, 0.696, 0.708, 0.59]
[0.716, 0.604, 0.574, 0.452, 0.582, 0.688, 0.634, 0.608, 0.61, 0.626, 0.708, 0.602, 0.696, 0.708, 0.59, 0.692]
[0.716, 0.604, 0.574, 0.452, 0.582, 0.688, 0.634, 0.608, 0.61, 0.626, 0.708, 0.602, 0.696, 0.708, 0.59, 0.692, 0.654]
[0.716, 0.604, 0.574, 0.452, 0.582, 0.688, 0.634, 0.608, 0.61, 0.626, 0.708, 0.602, 0.696, 0.708, 0.59, 0.692, 0.654, 0.546]
[0.716, 0.604, 0.574, 0.452, 0.582, 0.688, 0.634, 0.608, 0.61, 0.626, 0.708, 0.602, 0.696, 0.708, 0.59, 0.692, 0.654, 0.546, 0.692]
[0.716, 0.604, 0.574, 0.452, 0.582, 0.688, 0.634, 0.608, 0.61, 0.626, 0.708, 0.602, 0.696, 0.708, 0.59, 0.692, 0.654, 0.546, 0.692, 0.48]
broken out of loop
Total correct retain:  1914  Total retain:  2500
Total correct forget:  30229  Total forget:  47500
Total correct test:  373  Total test:  500
Total correct forget test:  5928  Total test forget:  9500
[0.746]
[0.746, 0.614]
[0.746, 0.614, 0.58]
[0.746, 0.614, 0.58, 0.49]
[0.746, 0.614, 0.58, 0.49, 0.572]
[0.746, 0.614, 0.58, 0.49, 0.572, 0.698]
[0.746, 0.614, 0.58, 0.49, 0.572, 0.698, 0.676]
[0.746, 0.614, 0.58, 0.49, 0.572, 0.698, 0.676, 0.658]
[0.746, 0.614, 0.58, 0.49, 0.572, 0.698, 0.676, 0.658, 0.62]
[0.746, 0.614, 0.58, 0.49, 0.572, 0.698, 0.676, 0.658, 0.62, 0.642]
[0.746, 0.614, 0.58, 0.49, 0.572, 0.698, 0.676, 0.658, 0.62, 0.642, 0.75]
[0.746, 0.614, 0.58, 0.49, 0.572, 0.698, 0.676, 0.658, 0.62, 0.642, 0.75, 0.566]
[0.746, 0.614, 0.58, 0.49, 0.572, 0.698, 0.676, 0.658, 0.62, 0.642, 0.75, 0.566, 0.704]
[0.746, 0.614, 0.58, 0.49, 0.572, 0.698, 0.676, 0.658, 0.62, 0.642, 0.75, 0.566, 0.704, 0.702]
[0.746, 0.614, 0.58, 0.49, 0.572, 0.698, 0.676, 0.658, 0.62, 0.642, 0.75, 0.566, 0.704, 0.702, 0.686]
[0.746, 0.614, 0.58, 0.49, 0.572, 0.698, 0.676, 0.658, 0.62, 0.642, 0.75, 0.566, 0.704, 0.702, 0.686, 0.678]
[0.746, 0.614, 0.58, 0.49, 0.572, 0.698, 0.676, 0.658, 0.62, 0.642, 0.75, 0.566, 0.704, 0.702, 0.686, 0.678, 0.636]
[0.746, 0.614, 0.58, 0.49, 0.572, 0.698, 0.676, 0.658, 0.62, 0.642, 0.75, 0.566, 0.704, 0.702, 0.686, 0.678, 0.636, 0.598]
[0.746, 0.614, 0.58, 0.49, 0.572, 0.698, 0.676, 0.658, 0.62, 0.642, 0.75, 0.566, 0.704, 0.702, 0.686, 0.678, 0.636, 0.598, 0.488]
[0.746, 0.614, 0.58, 0.49, 0.572, 0.698, 0.676, 0.658, 0.62, 0.642, 0.75, 0.566, 0.704, 0.702, 0.686, 0.678, 0.636, 0.598, 0.488, 0.498]
broken out of loop
Total correct retain:  1894  Total retain:  2500
Total correct forget:  30494  Total forget:  47500
Total correct test:  373  Total test:  500
Total correct forget test:  5962  Total test forget:  9500
[0.746]
[0.746, 0.616]
[0.746, 0.616, 0.592]
[0.746, 0.616, 0.592, 0.512]
[0.746, 0.616, 0.592, 0.512, 0.584]
[0.746, 0.616, 0.592, 0.512, 0.584, 0.686]
[0.746, 0.616, 0.592, 0.512, 0.584, 0.686, 0.704]
[0.746, 0.616, 0.592, 0.512, 0.584, 0.686, 0.704, 0.674]
[0.746, 0.616, 0.592, 0.512, 0.584, 0.686, 0.704, 0.674, 0.598]
[0.746, 0.616, 0.592, 0.512, 0.584, 0.686, 0.704, 0.674, 0.598, 0.644]
[0.746, 0.616, 0.592, 0.512, 0.584, 0.686, 0.704, 0.674, 0.598, 0.644, 0.772]
[0.746, 0.616, 0.592, 0.512, 0.584, 0.686, 0.704, 0.674, 0.598, 0.644, 0.772, 0.628]
[0.746, 0.616, 0.592, 0.512, 0.584, 0.686, 0.704, 0.674, 0.598, 0.644, 0.772, 0.628, 0.71]
[0.746, 0.616, 0.592, 0.512, 0.584, 0.686, 0.704, 0.674, 0.598, 0.644, 0.772, 0.628, 0.71, 0.732]
[0.746, 0.616, 0.592, 0.512, 0.584, 0.686, 0.704, 0.674, 0.598, 0.644, 0.772, 0.628, 0.71, 0.732, 0.698]
[0.746, 0.616, 0.592, 0.512, 0.584, 0.686, 0.704, 0.674, 0.598, 0.644, 0.772, 0.628, 0.71, 0.732, 0.698, 0.67]
[0.746, 0.616, 0.592, 0.512, 0.584, 0.686, 0.704, 0.674, 0.598, 0.644, 0.772, 0.628, 0.71, 0.732, 0.698, 0.67, 0.658]
[0.746, 0.616, 0.592, 0.512, 0.584, 0.686, 0.704, 0.674, 0.598, 0.644, 0.772, 0.628, 0.71, 0.732, 0.698, 0.67, 0.658, 0.416]
[0.746, 0.616, 0.592, 0.512, 0.584, 0.686, 0.704, 0.674, 0.598, 0.644, 0.772, 0.628, 0.71, 0.732, 0.698, 0.67, 0.658, 0.416, 0.522]
[0.746, 0.616, 0.592, 0.512, 0.584, 0.686, 0.704, 0.674, 0.598, 0.644, 0.772, 0.628, 0.71, 0.732, 0.698, 0.67, 0.658, 0.416, 0.522, 0.508]
broken out of loop
Total correct retain:  1884  Total retain:  2500
Total correct forget:  29682  Total forget:  47500
Total correct test:  361  Total test:  500
Total correct forget test:  5809  Total test forget:  9500
[0.722]
[0.722, 0.604]
[0.722, 0.604, 0.586]
[0.722, 0.604, 0.586, 0.492]
[0.722, 0.604, 0.586, 0.492, 0.604]
[0.722, 0.604, 0.586, 0.492, 0.604, 0.706]
[0.722, 0.604, 0.586, 0.492, 0.604, 0.706, 0.708]
[0.722, 0.604, 0.586, 0.492, 0.604, 0.706, 0.708, 0.676]
[0.722, 0.604, 0.586, 0.492, 0.604, 0.706, 0.708, 0.676, 0.578]
[0.722, 0.604, 0.586, 0.492, 0.604, 0.706, 0.708, 0.676, 0.578, 0.644]
[0.722, 0.604, 0.586, 0.492, 0.604, 0.706, 0.708, 0.676, 0.578, 0.644, 0.75]
[0.722, 0.604, 0.586, 0.492, 0.604, 0.706, 0.708, 0.676, 0.578, 0.644, 0.75, 0.63]
[0.722, 0.604, 0.586, 0.492, 0.604, 0.706, 0.708, 0.676, 0.578, 0.644, 0.75, 0.63, 0.722]
[0.722, 0.604, 0.586, 0.492, 0.604, 0.706, 0.708, 0.676, 0.578, 0.644, 0.75, 0.63, 0.722, 0.736]
[0.722, 0.604, 0.586, 0.492, 0.604, 0.706, 0.708, 0.676, 0.578, 0.644, 0.75, 0.63, 0.722, 0.736, 0.71]
[0.722, 0.604, 0.586, 0.492, 0.604, 0.706, 0.708, 0.676, 0.578, 0.644, 0.75, 0.63, 0.722, 0.736, 0.71, 0.632]
[0.722, 0.604, 0.586, 0.492, 0.604, 0.706, 0.708, 0.676, 0.578, 0.644, 0.75, 0.63, 0.722, 0.736, 0.71, 0.632, 0.428]
[0.722, 0.604, 0.586, 0.492, 0.604, 0.706, 0.708, 0.676, 0.578, 0.644, 0.75, 0.63, 0.722, 0.736, 0.71, 0.632, 0.428, 0.41]
[0.722, 0.604, 0.586, 0.492, 0.604, 0.706, 0.708, 0.676, 0.578, 0.644, 0.75, 0.63, 0.722, 0.736, 0.71, 0.632, 0.428, 0.41, 0.508]
[0.722, 0.604, 0.586, 0.492, 0.604, 0.706, 0.708, 0.676, 0.578, 0.644, 0.75, 0.63, 0.722, 0.736, 0.71, 0.632, 0.428, 0.41, 0.508, 0.494]
broken out of loop
Total correct retain:  1919  Total retain:  2500
Total correct forget:  29095  Total forget:  47500
Total correct test:  361  Total test:  500
Total correct forget test:  5643  Total test forget:  9500
[0.722]
[0.722, 0.612]
[0.722, 0.612, 0.578]
[0.722, 0.612, 0.578, 0.512]
[0.722, 0.612, 0.578, 0.512, 0.598]
[0.722, 0.612, 0.578, 0.512, 0.598, 0.69]
[0.722, 0.612, 0.578, 0.512, 0.598, 0.69, 0.68]
[0.722, 0.612, 0.578, 0.512, 0.598, 0.69, 0.68, 0.66]
[0.722, 0.612, 0.578, 0.512, 0.598, 0.69, 0.68, 0.66, 0.61]
[0.722, 0.612, 0.578, 0.512, 0.598, 0.69, 0.68, 0.66, 0.61, 0.65]
[0.722, 0.612, 0.578, 0.512, 0.598, 0.69, 0.68, 0.66, 0.61, 0.65, 0.75]
[0.722, 0.612, 0.578, 0.512, 0.598, 0.69, 0.68, 0.66, 0.61, 0.65, 0.75, 0.622]
[0.722, 0.612, 0.578, 0.512, 0.598, 0.69, 0.68, 0.66, 0.61, 0.65, 0.75, 0.622, 0.714]
[0.722, 0.612, 0.578, 0.512, 0.598, 0.69, 0.68, 0.66, 0.61, 0.65, 0.75, 0.622, 0.714, 0.76]
[0.722, 0.612, 0.578, 0.512, 0.598, 0.69, 0.68, 0.66, 0.61, 0.65, 0.75, 0.622, 0.714, 0.76, 0.664]
[0.722, 0.612, 0.578, 0.512, 0.598, 0.69, 0.68, 0.66, 0.61, 0.65, 0.75, 0.622, 0.714, 0.76, 0.664, 0.488]
[0.722, 0.612, 0.578, 0.512, 0.598, 0.69, 0.68, 0.66, 0.61, 0.65, 0.75, 0.622, 0.714, 0.76, 0.664, 0.488, 0.378]
[0.722, 0.612, 0.578, 0.512, 0.598, 0.69, 0.68, 0.66, 0.61, 0.65, 0.75, 0.622, 0.714, 0.76, 0.664, 0.488, 0.378, 0.352]
[0.722, 0.612, 0.578, 0.512, 0.598, 0.69, 0.68, 0.66, 0.61, 0.65, 0.75, 0.622, 0.714, 0.76, 0.664, 0.488, 0.378, 0.352, 0.496]
[0.722, 0.612, 0.578, 0.512, 0.598, 0.69, 0.68, 0.66, 0.61, 0.65, 0.75, 0.622, 0.714, 0.76, 0.664, 0.488, 0.378, 0.352, 0.496, 0.472]
broken out of loop
Total correct retain:  1887  Total retain:  2500
Total correct forget:  28680  Total forget:  47500
Total correct test:  363  Total test:  500
Total correct forget test:  5547  Total test forget:  9500
[0.726]
[0.726, 0.608]
[0.726, 0.608, 0.584]
[0.726, 0.608, 0.584, 0.494]
[0.726, 0.608, 0.584, 0.494, 0.572]
[0.726, 0.608, 0.584, 0.494, 0.572, 0.706]
[0.726, 0.608, 0.584, 0.494, 0.572, 0.706, 0.702]
[0.726, 0.608, 0.584, 0.494, 0.572, 0.706, 0.702, 0.68]
[0.726, 0.608, 0.584, 0.494, 0.572, 0.706, 0.702, 0.68, 0.582]
[0.726, 0.608, 0.584, 0.494, 0.572, 0.706, 0.702, 0.68, 0.582, 0.636]
[0.726, 0.608, 0.584, 0.494, 0.572, 0.706, 0.702, 0.68, 0.582, 0.636, 0.75]
[0.726, 0.608, 0.584, 0.494, 0.572, 0.706, 0.702, 0.68, 0.582, 0.636, 0.75, 0.604]
[0.726, 0.608, 0.584, 0.494, 0.572, 0.706, 0.702, 0.68, 0.582, 0.636, 0.75, 0.604, 0.728]
[0.726, 0.608, 0.584, 0.494, 0.572, 0.706, 0.702, 0.68, 0.582, 0.636, 0.75, 0.604, 0.728, 0.718]
[0.726, 0.608, 0.584, 0.494, 0.572, 0.706, 0.702, 0.68, 0.582, 0.636, 0.75, 0.604, 0.728, 0.718, 0.488]
[0.726, 0.608, 0.584, 0.494, 0.572, 0.706, 0.702, 0.68, 0.582, 0.636, 0.75, 0.604, 0.728, 0.718, 0.488, 0.48]
[0.726, 0.608, 0.584, 0.494, 0.572, 0.706, 0.702, 0.68, 0.582, 0.636, 0.75, 0.604, 0.728, 0.718, 0.488, 0.48, 0.382]
[0.726, 0.608, 0.584, 0.494, 0.572, 0.706, 0.702, 0.68, 0.582, 0.636, 0.75, 0.604, 0.728, 0.718, 0.488, 0.48, 0.382, 0.382]
[0.726, 0.608, 0.584, 0.494, 0.572, 0.706, 0.702, 0.68, 0.582, 0.636, 0.75, 0.604, 0.728, 0.718, 0.488, 0.48, 0.382, 0.382, 0.508]
[0.726, 0.608, 0.584, 0.494, 0.572, 0.706, 0.702, 0.68, 0.582, 0.636, 0.75, 0.604, 0.728, 0.718, 0.488, 0.48, 0.382, 0.382, 0.508, 0.49]
broken out of loop
Total correct retain:  1920  Total retain:  2500
Total correct forget:  27073  Total forget:  47500
Total correct test:  365  Total test:  500
Total correct forget test:  5230  Total test forget:  9500
[0.73]
[0.73, 0.618]
[0.73, 0.618, 0.558]
[0.73, 0.618, 0.558, 0.478]
[0.73, 0.618, 0.558, 0.478, 0.592]
[0.73, 0.618, 0.558, 0.478, 0.592, 0.672]
[0.73, 0.618, 0.558, 0.478, 0.592, 0.672, 0.69]
[0.73, 0.618, 0.558, 0.478, 0.592, 0.672, 0.69, 0.626]
[0.73, 0.618, 0.558, 0.478, 0.592, 0.672, 0.69, 0.626, 0.594]
[0.73, 0.618, 0.558, 0.478, 0.592, 0.672, 0.69, 0.626, 0.594, 0.64]
[0.73, 0.618, 0.558, 0.478, 0.592, 0.672, 0.69, 0.626, 0.594, 0.64, 0.76]
[0.73, 0.618, 0.558, 0.478, 0.592, 0.672, 0.69, 0.626, 0.594, 0.64, 0.76, 0.618]
[0.73, 0.618, 0.558, 0.478, 0.592, 0.672, 0.69, 0.626, 0.594, 0.64, 0.76, 0.618, 0.692]
[0.73, 0.618, 0.558, 0.478, 0.592, 0.672, 0.69, 0.626, 0.594, 0.64, 0.76, 0.618, 0.692, 0.364]
[0.73, 0.618, 0.558, 0.478, 0.592, 0.672, 0.69, 0.626, 0.594, 0.64, 0.76, 0.618, 0.692, 0.364, 0.436]
[0.73, 0.618, 0.558, 0.478, 0.592, 0.672, 0.69, 0.626, 0.594, 0.64, 0.76, 0.618, 0.692, 0.364, 0.436, 0.436]
[0.73, 0.618, 0.558, 0.478, 0.592, 0.672, 0.69, 0.626, 0.594, 0.64, 0.76, 0.618, 0.692, 0.364, 0.436, 0.436, 0.366]
[0.73, 0.618, 0.558, 0.478, 0.592, 0.672, 0.69, 0.626, 0.594, 0.64, 0.76, 0.618, 0.692, 0.364, 0.436, 0.436, 0.366, 0.368]
[0.73, 0.618, 0.558, 0.478, 0.592, 0.672, 0.69, 0.626, 0.594, 0.64, 0.76, 0.618, 0.692, 0.364, 0.436, 0.436, 0.366, 0.368, 0.484]
[0.73, 0.618, 0.558, 0.478, 0.592, 0.672, 0.69, 0.626, 0.594, 0.64, 0.76, 0.618, 0.692, 0.364, 0.436, 0.436, 0.366, 0.368, 0.484, 0.468]
broken out of loop
Total correct retain:  1842  Total retain:  2500
Total correct forget:  26878  Total forget:  47500
Total correct test:  352  Total test:  500
Total correct forget test:  5206  Total test forget:  9500
[0.704]
[0.704, 0.6]
[0.704, 0.6, 0.582]
[0.704, 0.6, 0.582, 0.478]
[0.704, 0.6, 0.582, 0.478, 0.572]
[0.704, 0.6, 0.582, 0.478, 0.572, 0.7]
[0.704, 0.6, 0.582, 0.478, 0.572, 0.7, 0.686]
[0.704, 0.6, 0.582, 0.478, 0.572, 0.7, 0.686, 0.664]
[0.704, 0.6, 0.582, 0.478, 0.572, 0.7, 0.686, 0.664, 0.574]
[0.704, 0.6, 0.582, 0.478, 0.572, 0.7, 0.686, 0.664, 0.574, 0.652]
[0.704, 0.6, 0.582, 0.478, 0.572, 0.7, 0.686, 0.664, 0.574, 0.652, 0.738]
[0.704, 0.6, 0.582, 0.478, 0.572, 0.7, 0.686, 0.664, 0.574, 0.652, 0.738, 0.616]
[0.704, 0.6, 0.582, 0.478, 0.572, 0.7, 0.686, 0.664, 0.574, 0.652, 0.738, 0.616, 0.448]
[0.704, 0.6, 0.582, 0.478, 0.572, 0.7, 0.686, 0.664, 0.574, 0.652, 0.738, 0.616, 0.448, 0.46]
[0.704, 0.6, 0.582, 0.478, 0.572, 0.7, 0.686, 0.664, 0.574, 0.652, 0.738, 0.616, 0.448, 0.46, 0.45]
[0.704, 0.6, 0.582, 0.478, 0.572, 0.7, 0.686, 0.664, 0.574, 0.652, 0.738, 0.616, 0.448, 0.46, 0.45, 0.45]
[0.704, 0.6, 0.582, 0.478, 0.572, 0.7, 0.686, 0.664, 0.574, 0.652, 0.738, 0.616, 0.448, 0.46, 0.45, 0.45, 0.382]
[0.704, 0.6, 0.582, 0.478, 0.572, 0.7, 0.686, 0.664, 0.574, 0.652, 0.738, 0.616, 0.448, 0.46, 0.45, 0.45, 0.382, 0.37]
[0.704, 0.6, 0.582, 0.478, 0.572, 0.7, 0.686, 0.664, 0.574, 0.652, 0.738, 0.616, 0.448, 0.46, 0.45, 0.45, 0.382, 0.37, 0.494]
[0.704, 0.6, 0.582, 0.478, 0.572, 0.7, 0.686, 0.664, 0.574, 0.652, 0.738, 0.616, 0.448, 0.46, 0.45, 0.45, 0.382, 0.37, 0.494, 0.496]
broken out of loop
Total correct retain:  1868  Total retain:  2500
Total correct forget:  25453  Total forget:  47500
Total correct test:  354  Total test:  500
Total correct forget test:  4959  Total test forget:  9500
[0.708]
[0.708, 0.604]
[0.708, 0.604, 0.548]
[0.708, 0.604, 0.548, 0.482]
[0.708, 0.604, 0.548, 0.482, 0.584]
[0.708, 0.604, 0.548, 0.482, 0.584, 0.682]
[0.708, 0.604, 0.548, 0.482, 0.584, 0.682, 0.666]
[0.708, 0.604, 0.548, 0.482, 0.584, 0.682, 0.666, 0.616]
[0.708, 0.604, 0.548, 0.482, 0.584, 0.682, 0.666, 0.616, 0.578]
[0.708, 0.604, 0.548, 0.482, 0.584, 0.682, 0.666, 0.616, 0.578, 0.656]
[0.708, 0.604, 0.548, 0.482, 0.584, 0.682, 0.666, 0.616, 0.578, 0.656, 0.746]
[0.708, 0.604, 0.548, 0.482, 0.584, 0.682, 0.666, 0.616, 0.578, 0.656, 0.746, 0.386]
[0.708, 0.604, 0.548, 0.482, 0.584, 0.682, 0.666, 0.616, 0.578, 0.656, 0.746, 0.386, 0.478]
[0.708, 0.604, 0.548, 0.482, 0.584, 0.682, 0.666, 0.616, 0.578, 0.656, 0.746, 0.386, 0.478, 0.448]
[0.708, 0.604, 0.548, 0.482, 0.584, 0.682, 0.666, 0.616, 0.578, 0.656, 0.746, 0.386, 0.478, 0.448, 0.334]
[0.708, 0.604, 0.548, 0.482, 0.584, 0.682, 0.666, 0.616, 0.578, 0.656, 0.746, 0.386, 0.478, 0.448, 0.334, 0.466]
[0.708, 0.604, 0.548, 0.482, 0.584, 0.682, 0.666, 0.616, 0.578, 0.656, 0.746, 0.386, 0.478, 0.448, 0.334, 0.466, 0.358]
[0.708, 0.604, 0.548, 0.482, 0.584, 0.682, 0.666, 0.616, 0.578, 0.656, 0.746, 0.386, 0.478, 0.448, 0.334, 0.466, 0.358, 0.352]
[0.708, 0.604, 0.548, 0.482, 0.584, 0.682, 0.666, 0.616, 0.578, 0.656, 0.746, 0.386, 0.478, 0.448, 0.334, 0.466, 0.358, 0.352, 0.476]
[0.708, 0.604, 0.548, 0.482, 0.584, 0.682, 0.666, 0.616, 0.578, 0.656, 0.746, 0.386, 0.478, 0.448, 0.334, 0.466, 0.358, 0.352, 0.476, 0.458]
broken out of loop
Total correct retain:  1815  Total retain:  2500
Total correct forget:  24258  Total forget:  47500
Total correct test:  346  Total test:  500
Total correct forget test:  4714  Total test forget:  9500
[0.692]
[0.692, 0.582]
[0.692, 0.582, 0.566]
[0.692, 0.582, 0.566, 0.5]
[0.692, 0.582, 0.566, 0.5, 0.534]
[0.692, 0.582, 0.566, 0.5, 0.534, 0.642]
[0.692, 0.582, 0.566, 0.5, 0.534, 0.642, 0.6]
[0.692, 0.582, 0.566, 0.5, 0.534, 0.642, 0.6, 0.57]
[0.692, 0.582, 0.566, 0.5, 0.534, 0.642, 0.6, 0.57, 0.56]
[0.692, 0.582, 0.566, 0.5, 0.534, 0.642, 0.6, 0.57, 0.56, 0.584]
[0.692, 0.582, 0.566, 0.5, 0.534, 0.642, 0.6, 0.57, 0.56, 0.584, 0.51]
[0.692, 0.582, 0.566, 0.5, 0.534, 0.642, 0.6, 0.57, 0.56, 0.584, 0.51, 0.392]
[0.692, 0.582, 0.566, 0.5, 0.534, 0.642, 0.6, 0.57, 0.56, 0.584, 0.51, 0.392, 0.418]
[0.692, 0.582, 0.566, 0.5, 0.534, 0.642, 0.6, 0.57, 0.56, 0.584, 0.51, 0.392, 0.418, 0.482]
[0.692, 0.582, 0.566, 0.5, 0.534, 0.642, 0.6, 0.57, 0.56, 0.584, 0.51, 0.392, 0.418, 0.482, 0.48]
[0.692, 0.582, 0.566, 0.5, 0.534, 0.642, 0.6, 0.57, 0.56, 0.584, 0.51, 0.392, 0.418, 0.482, 0.48, 0.482]
[0.692, 0.582, 0.566, 0.5, 0.534, 0.642, 0.6, 0.57, 0.56, 0.584, 0.51, 0.392, 0.418, 0.482, 0.48, 0.482, 0.338]
[0.692, 0.582, 0.566, 0.5, 0.534, 0.642, 0.6, 0.57, 0.56, 0.584, 0.51, 0.392, 0.418, 0.482, 0.48, 0.482, 0.338, 0.316]
[0.692, 0.582, 0.566, 0.5, 0.534, 0.642, 0.6, 0.57, 0.56, 0.584, 0.51, 0.392, 0.418, 0.482, 0.48, 0.482, 0.338, 0.316, 0.486]
[0.692, 0.582, 0.566, 0.5, 0.534, 0.642, 0.6, 0.57, 0.56, 0.584, 0.51, 0.392, 0.418, 0.482, 0.48, 0.482, 0.338, 0.316, 0.486, 0.386]
broken out of loop
Total correct retain:  1647  Total retain:  2500
Total correct forget:  22752  Total forget:  47500
Total correct test:  303  Total test:  500
Total correct forget test:  4498  Total test forget:  9500
[0.606]
[0.606, 0.554]
[0.606, 0.554, 0.582]
[0.606, 0.554, 0.582, 0.434]
[0.606, 0.554, 0.582, 0.434, 0.484]
[0.606, 0.554, 0.582, 0.434, 0.484, 0.63]
[0.606, 0.554, 0.582, 0.434, 0.484, 0.63, 0.654]
[0.606, 0.554, 0.582, 0.434, 0.484, 0.63, 0.654, 0.622]
[0.606, 0.554, 0.582, 0.434, 0.484, 0.63, 0.654, 0.622, 0.562]
[0.606, 0.554, 0.582, 0.434, 0.484, 0.63, 0.654, 0.622, 0.562, 0.424]
[0.606, 0.554, 0.582, 0.434, 0.484, 0.63, 0.654, 0.622, 0.562, 0.424, 0.512]
[0.606, 0.554, 0.582, 0.434, 0.484, 0.63, 0.654, 0.622, 0.562, 0.424, 0.512, 0.334]
[0.606, 0.554, 0.582, 0.434, 0.484, 0.63, 0.654, 0.622, 0.562, 0.424, 0.512, 0.334, 0.382]
[0.606, 0.554, 0.582, 0.434, 0.484, 0.63, 0.654, 0.622, 0.562, 0.424, 0.512, 0.334, 0.382, 0.33]
[0.606, 0.554, 0.582, 0.434, 0.484, 0.63, 0.654, 0.622, 0.562, 0.424, 0.512, 0.334, 0.382, 0.33, 0.44]
[0.606, 0.554, 0.582, 0.434, 0.484, 0.63, 0.654, 0.622, 0.562, 0.424, 0.512, 0.334, 0.382, 0.33, 0.44, 0.452]
[0.606, 0.554, 0.582, 0.434, 0.484, 0.63, 0.654, 0.622, 0.562, 0.424, 0.512, 0.334, 0.382, 0.33, 0.44, 0.452, 0.338]
[0.606, 0.554, 0.582, 0.434, 0.484, 0.63, 0.654, 0.622, 0.562, 0.424, 0.512, 0.334, 0.382, 0.33, 0.44, 0.452, 0.338, 0.392]
[0.606, 0.554, 0.582, 0.434, 0.484, 0.63, 0.654, 0.622, 0.562, 0.424, 0.512, 0.334, 0.382, 0.33, 0.44, 0.452, 0.338, 0.392, 0.45]
[0.606, 0.554, 0.582, 0.434, 0.484, 0.63, 0.654, 0.622, 0.562, 0.424, 0.512, 0.334, 0.382, 0.33, 0.44, 0.452, 0.338, 0.392, 0.45, 0.42]
broken out of loop
Total correct retain:  1684  Total retain:  2500
Total correct forget:  21292  Total forget:  47500
Total correct test:  308  Total test:  500
Total correct forget test:  4193  Total test forget:  9500
[0.616]
[0.616, 0.532]
[0.616, 0.532, 0.55]
[0.616, 0.532, 0.55, 0.454]
[0.616, 0.532, 0.55, 0.454, 0.478]
[0.616, 0.532, 0.55, 0.454, 0.478, 0.656]
[0.616, 0.532, 0.55, 0.454, 0.478, 0.656, 0.61]
[0.616, 0.532, 0.55, 0.454, 0.478, 0.656, 0.61, 0.572]
[0.616, 0.532, 0.55, 0.454, 0.478, 0.656, 0.61, 0.572, 0.294]
[0.616, 0.532, 0.55, 0.454, 0.478, 0.656, 0.61, 0.572, 0.294, 0.442]
[0.616, 0.532, 0.55, 0.454, 0.478, 0.656, 0.61, 0.572, 0.294, 0.442, 0.492]
[0.616, 0.532, 0.55, 0.454, 0.478, 0.656, 0.61, 0.572, 0.294, 0.442, 0.492, 0.33]
[0.616, 0.532, 0.55, 0.454, 0.478, 0.656, 0.61, 0.572, 0.294, 0.442, 0.492, 0.33, 0.374]
[0.616, 0.532, 0.55, 0.454, 0.478, 0.656, 0.61, 0.572, 0.294, 0.442, 0.492, 0.33, 0.374, 0.328]
[0.616, 0.532, 0.55, 0.454, 0.478, 0.656, 0.61, 0.572, 0.294, 0.442, 0.492, 0.33, 0.374, 0.328, 0.476]
[0.616, 0.532, 0.55, 0.454, 0.478, 0.656, 0.61, 0.572, 0.294, 0.442, 0.492, 0.33, 0.374, 0.328, 0.476, 0.438]
[0.616, 0.532, 0.55, 0.454, 0.478, 0.656, 0.61, 0.572, 0.294, 0.442, 0.492, 0.33, 0.374, 0.328, 0.476, 0.438, 0.332]
[0.616, 0.532, 0.55, 0.454, 0.478, 0.656, 0.61, 0.572, 0.294, 0.442, 0.492, 0.33, 0.374, 0.328, 0.476, 0.438, 0.332, 0.316]
[0.616, 0.532, 0.55, 0.454, 0.478, 0.656, 0.61, 0.572, 0.294, 0.442, 0.492, 0.33, 0.374, 0.328, 0.476, 0.438, 0.332, 0.316, 0.406]
[0.616, 0.532, 0.55, 0.454, 0.478, 0.656, 0.61, 0.572, 0.294, 0.442, 0.492, 0.33, 0.374, 0.328, 0.476, 0.438, 0.332, 0.316, 0.406, 0.306]
broken out of loop
Total correct retain:  1823  Total retain:  2500
Total correct forget:  20673  Total forget:  47500
Total correct test:  349  Total test:  500
Total correct forget test:  3973  Total test forget:  9500
[0.698]
[0.698, 0.606]
[0.698, 0.606, 0.562]
[0.698, 0.606, 0.562, 0.432]
[0.698, 0.606, 0.562, 0.432, 0.514]
[0.698, 0.606, 0.562, 0.432, 0.514, 0.566]
[0.698, 0.606, 0.562, 0.432, 0.514, 0.566, 0.626]
[0.698, 0.606, 0.562, 0.432, 0.514, 0.566, 0.626, 0.33]
[0.698, 0.606, 0.562, 0.432, 0.514, 0.566, 0.626, 0.33, 0.42]
[0.698, 0.606, 0.562, 0.432, 0.514, 0.566, 0.626, 0.33, 0.42, 0.436]
[0.698, 0.606, 0.562, 0.432, 0.514, 0.566, 0.626, 0.33, 0.42, 0.436, 0.462]
[0.698, 0.606, 0.562, 0.432, 0.514, 0.566, 0.626, 0.33, 0.42, 0.436, 0.462, 0.324]
[0.698, 0.606, 0.562, 0.432, 0.514, 0.566, 0.626, 0.33, 0.42, 0.436, 0.462, 0.324, 0.33]
[0.698, 0.606, 0.562, 0.432, 0.514, 0.566, 0.626, 0.33, 0.42, 0.436, 0.462, 0.324, 0.33, 0.266]
[0.698, 0.606, 0.562, 0.432, 0.514, 0.566, 0.626, 0.33, 0.42, 0.436, 0.462, 0.324, 0.33, 0.266, 0.356]
[0.698, 0.606, 0.562, 0.432, 0.514, 0.566, 0.626, 0.33, 0.42, 0.436, 0.462, 0.324, 0.33, 0.266, 0.356, 0.35]
[0.698, 0.606, 0.562, 0.432, 0.514, 0.566, 0.626, 0.33, 0.42, 0.436, 0.462, 0.324, 0.33, 0.266, 0.356, 0.35, 0.29]
[0.698, 0.606, 0.562, 0.432, 0.514, 0.566, 0.626, 0.33, 0.42, 0.436, 0.462, 0.324, 0.33, 0.266, 0.356, 0.35, 0.29, 0.266]
[0.698, 0.606, 0.562, 0.432, 0.514, 0.566, 0.626, 0.33, 0.42, 0.436, 0.462, 0.324, 0.33, 0.266, 0.356, 0.35, 0.29, 0.266, 0.424]
[0.698, 0.606, 0.562, 0.432, 0.514, 0.566, 0.626, 0.33, 0.42, 0.436, 0.462, 0.324, 0.33, 0.266, 0.356, 0.35, 0.29, 0.266, 0.424, 0.386]
broken out of loop
Total correct retain:  1609  Total retain:  2500
Total correct forget:  19490  Total forget:  47500
Total correct test:  324  Total test:  500
Total correct forget test:  3740  Total test forget:  9500
[0.648]
[0.648, 0.544]
[0.648, 0.544, 0.588]
[0.648, 0.544, 0.588, 0.43]
[0.648, 0.544, 0.588, 0.43, 0.472]
[0.648, 0.544, 0.588, 0.43, 0.472, 0.582]
[0.648, 0.544, 0.588, 0.43, 0.472, 0.582, 0.262]
[0.648, 0.544, 0.588, 0.43, 0.472, 0.582, 0.262, 0.394]
[0.648, 0.544, 0.588, 0.43, 0.472, 0.582, 0.262, 0.394, 0.454]
[0.648, 0.544, 0.588, 0.43, 0.472, 0.582, 0.262, 0.394, 0.454, 0.404]
[0.648, 0.544, 0.588, 0.43, 0.472, 0.582, 0.262, 0.394, 0.454, 0.404, 0.416]
[0.648, 0.544, 0.588, 0.43, 0.472, 0.582, 0.262, 0.394, 0.454, 0.404, 0.416, 0.352]
[0.648, 0.544, 0.588, 0.43, 0.472, 0.582, 0.262, 0.394, 0.454, 0.404, 0.416, 0.352, 0.23]
[0.648, 0.544, 0.588, 0.43, 0.472, 0.582, 0.262, 0.394, 0.454, 0.404, 0.416, 0.352, 0.23, 0.314]
[0.648, 0.544, 0.588, 0.43, 0.472, 0.582, 0.262, 0.394, 0.454, 0.404, 0.416, 0.352, 0.23, 0.314, 0.278]
[0.648, 0.544, 0.588, 0.43, 0.472, 0.582, 0.262, 0.394, 0.454, 0.404, 0.416, 0.352, 0.23, 0.314, 0.278, 0.38]
[0.648, 0.544, 0.588, 0.43, 0.472, 0.582, 0.262, 0.394, 0.454, 0.404, 0.416, 0.352, 0.23, 0.314, 0.278, 0.38, 0.362]
[0.648, 0.544, 0.588, 0.43, 0.472, 0.582, 0.262, 0.394, 0.454, 0.404, 0.416, 0.352, 0.23, 0.314, 0.278, 0.38, 0.362, 0.238]
[0.648, 0.544, 0.588, 0.43, 0.472, 0.582, 0.262, 0.394, 0.454, 0.404, 0.416, 0.352, 0.23, 0.314, 0.278, 0.38, 0.362, 0.238, 0.416]
[0.648, 0.544, 0.588, 0.43, 0.472, 0.582, 0.262, 0.394, 0.454, 0.404, 0.416, 0.352, 0.23, 0.314, 0.278, 0.38, 0.362, 0.238, 0.416, 0.364]
broken out of loop
Total correct retain:  1583  Total retain:  2500
Total correct forget:  17542  Total forget:  47500
Total correct test:  299  Total test:  500
Total correct forget test:  3351  Total test forget:  9500
[0.598]
[0.598, 0.568]
[0.598, 0.568, 0.572]
[0.598, 0.568, 0.572, 0.416]
[0.598, 0.568, 0.572, 0.416, 0.498]
[0.598, 0.568, 0.572, 0.416, 0.498, 0.352]
[0.598, 0.568, 0.572, 0.416, 0.498, 0.352, 0.268]
[0.598, 0.568, 0.572, 0.416, 0.498, 0.352, 0.268, 0.422]
[0.598, 0.568, 0.572, 0.416, 0.498, 0.352, 0.268, 0.422, 0.394]
[0.598, 0.568, 0.572, 0.416, 0.498, 0.352, 0.268, 0.422, 0.394, 0.398]
[0.598, 0.568, 0.572, 0.416, 0.498, 0.352, 0.268, 0.422, 0.394, 0.398, 0.302]
[0.598, 0.568, 0.572, 0.416, 0.498, 0.352, 0.268, 0.422, 0.394, 0.398, 0.302, 0.346]
[0.598, 0.568, 0.572, 0.416, 0.498, 0.352, 0.268, 0.422, 0.394, 0.398, 0.302, 0.346, 0.204]
[0.598, 0.568, 0.572, 0.416, 0.498, 0.352, 0.268, 0.422, 0.394, 0.398, 0.302, 0.346, 0.204, 0.284]
[0.598, 0.568, 0.572, 0.416, 0.498, 0.352, 0.268, 0.422, 0.394, 0.398, 0.302, 0.346, 0.204, 0.284, 0.272]
[0.598, 0.568, 0.572, 0.416, 0.498, 0.352, 0.268, 0.422, 0.394, 0.398, 0.302, 0.346, 0.204, 0.284, 0.272, 0.348]
[0.598, 0.568, 0.572, 0.416, 0.498, 0.352, 0.268, 0.422, 0.394, 0.398, 0.302, 0.346, 0.204, 0.284, 0.272, 0.348, 0.25]
[0.598, 0.568, 0.572, 0.416, 0.498, 0.352, 0.268, 0.422, 0.394, 0.398, 0.302, 0.346, 0.204, 0.284, 0.272, 0.348, 0.25, 0.228]
[0.598, 0.568, 0.572, 0.416, 0.498, 0.352, 0.268, 0.422, 0.394, 0.398, 0.302, 0.346, 0.204, 0.284, 0.272, 0.348, 0.25, 0.228, 0.278]
[0.598, 0.568, 0.572, 0.416, 0.498, 0.352, 0.268, 0.422, 0.394, 0.398, 0.302, 0.346, 0.204, 0.284, 0.272, 0.348, 0.25, 0.228, 0.278, 0.302]
broken out of loop
Total correct retain:  1574  Total retain:  2500
Total correct forget:  15711  Total forget:  47500
Total correct test:  312  Total test:  500
Total correct forget test:  3060  Total test forget:  9500
[0.624]
[0.624, 0.522]
[0.624, 0.522, 0.5]
[0.624, 0.522, 0.5, 0.398]
[0.624, 0.522, 0.5, 0.398, 0.274]
[0.624, 0.522, 0.5, 0.398, 0.274, 0.362]
[0.624, 0.522, 0.5, 0.398, 0.274, 0.362, 0.308]
[0.624, 0.522, 0.5, 0.398, 0.274, 0.362, 0.308, 0.366]
[0.624, 0.522, 0.5, 0.398, 0.274, 0.362, 0.308, 0.366, 0.382]
[0.624, 0.522, 0.5, 0.398, 0.274, 0.362, 0.308, 0.366, 0.382, 0.372]
[0.624, 0.522, 0.5, 0.398, 0.274, 0.362, 0.308, 0.366, 0.382, 0.372, 0.24]
[0.624, 0.522, 0.5, 0.398, 0.274, 0.362, 0.308, 0.366, 0.382, 0.372, 0.24, 0.338]
[0.624, 0.522, 0.5, 0.398, 0.274, 0.362, 0.308, 0.366, 0.382, 0.372, 0.24, 0.338, 0.212]
[0.624, 0.522, 0.5, 0.398, 0.274, 0.362, 0.308, 0.366, 0.382, 0.372, 0.24, 0.338, 0.212, 0.254]
[0.624, 0.522, 0.5, 0.398, 0.274, 0.362, 0.308, 0.366, 0.382, 0.372, 0.24, 0.338, 0.212, 0.254, 0.23]
[0.624, 0.522, 0.5, 0.398, 0.274, 0.362, 0.308, 0.366, 0.382, 0.372, 0.24, 0.338, 0.212, 0.254, 0.23, 0.286]
[0.624, 0.522, 0.5, 0.398, 0.274, 0.362, 0.308, 0.366, 0.382, 0.372, 0.24, 0.338, 0.212, 0.254, 0.23, 0.286, 0.232]
[0.624, 0.522, 0.5, 0.398, 0.274, 0.362, 0.308, 0.366, 0.382, 0.372, 0.24, 0.338, 0.212, 0.254, 0.23, 0.286, 0.232, 0.232]
[0.624, 0.522, 0.5, 0.398, 0.274, 0.362, 0.308, 0.366, 0.382, 0.372, 0.24, 0.338, 0.212, 0.254, 0.23, 0.286, 0.232, 0.232, 0.358]
[0.624, 0.522, 0.5, 0.398, 0.274, 0.362, 0.308, 0.366, 0.382, 0.372, 0.24, 0.338, 0.212, 0.254, 0.23, 0.286, 0.232, 0.232, 0.358, 0.254]
broken out of loop
Total correct retain:  1465  Total retain:  2500
Total correct forget:  14248  Total forget:  47500
Total correct test:  292  Total test:  500
Total correct forget test:  2830  Total test forget:  9500
[0.584]
[0.584, 0.528]
[0.584, 0.528, 0.484]
[0.584, 0.528, 0.484, 0.256]
[0.584, 0.528, 0.484, 0.256, 0.24]
[0.584, 0.528, 0.484, 0.256, 0.24, 0.344]
[0.584, 0.528, 0.484, 0.256, 0.24, 0.344, 0.308]
[0.584, 0.528, 0.484, 0.256, 0.24, 0.344, 0.308, 0.346]
[0.584, 0.528, 0.484, 0.256, 0.24, 0.344, 0.308, 0.346, 0.304]
[0.584, 0.528, 0.484, 0.256, 0.24, 0.344, 0.308, 0.346, 0.304, 0.34]
[0.584, 0.528, 0.484, 0.256, 0.24, 0.344, 0.308, 0.346, 0.304, 0.34, 0.236]
[0.584, 0.528, 0.484, 0.256, 0.24, 0.344, 0.308, 0.346, 0.304, 0.34, 0.236, 0.324]
[0.584, 0.528, 0.484, 0.256, 0.24, 0.344, 0.308, 0.346, 0.304, 0.34, 0.236, 0.324, 0.198]
[0.584, 0.528, 0.484, 0.256, 0.24, 0.344, 0.308, 0.346, 0.304, 0.34, 0.236, 0.324, 0.198, 0.244]
[0.584, 0.528, 0.484, 0.256, 0.24, 0.344, 0.308, 0.346, 0.304, 0.34, 0.236, 0.324, 0.198, 0.244, 0.23]
[0.584, 0.528, 0.484, 0.256, 0.24, 0.344, 0.308, 0.346, 0.304, 0.34, 0.236, 0.324, 0.198, 0.244, 0.23, 0.272]
[0.584, 0.528, 0.484, 0.256, 0.24, 0.344, 0.308, 0.346, 0.304, 0.34, 0.236, 0.324, 0.198, 0.244, 0.23, 0.272, 0.23]
[0.584, 0.528, 0.484, 0.256, 0.24, 0.344, 0.308, 0.346, 0.304, 0.34, 0.236, 0.324, 0.198, 0.244, 0.23, 0.272, 0.23, 0.222]
[0.584, 0.528, 0.484, 0.256, 0.24, 0.344, 0.308, 0.346, 0.304, 0.34, 0.236, 0.324, 0.198, 0.244, 0.23, 0.272, 0.23, 0.222, 0.334]
[0.584, 0.528, 0.484, 0.256, 0.24, 0.344, 0.308, 0.346, 0.304, 0.34, 0.236, 0.324, 0.198, 0.244, 0.23, 0.272, 0.23, 0.222, 0.334, 0.22]
broken out of loop
Total correct retain:  1388  Total retain:  2500
Total correct forget:  13888  Total forget:  47500
Total correct test:  269  Total test:  500
Total correct forget test:  2710  Total test forget:  9500
[0.538]
[0.538, 0.566]
[0.538, 0.566, 0.296]
[0.538, 0.566, 0.296, 0.258]
[0.538, 0.566, 0.296, 0.258, 0.288]
[0.538, 0.566, 0.296, 0.258, 0.288, 0.43]
[0.538, 0.566, 0.296, 0.258, 0.288, 0.43, 0.302]
[0.538, 0.566, 0.296, 0.258, 0.288, 0.43, 0.302, 0.296]
[0.538, 0.566, 0.296, 0.258, 0.288, 0.43, 0.302, 0.296, 0.322]
[0.538, 0.566, 0.296, 0.258, 0.288, 0.43, 0.302, 0.296, 0.322, 0.21]
[0.538, 0.566, 0.296, 0.258, 0.288, 0.43, 0.302, 0.296, 0.322, 0.21, 0.178]
[0.538, 0.566, 0.296, 0.258, 0.288, 0.43, 0.302, 0.296, 0.322, 0.21, 0.178, 0.286]
[0.538, 0.566, 0.296, 0.258, 0.288, 0.43, 0.302, 0.296, 0.322, 0.21, 0.178, 0.286, 0.234]
[0.538, 0.566, 0.296, 0.258, 0.288, 0.43, 0.302, 0.296, 0.322, 0.21, 0.178, 0.286, 0.234, 0.232]
[0.538, 0.566, 0.296, 0.258, 0.288, 0.43, 0.302, 0.296, 0.322, 0.21, 0.178, 0.286, 0.234, 0.232, 0.234]
[0.538, 0.566, 0.296, 0.258, 0.288, 0.43, 0.302, 0.296, 0.322, 0.21, 0.178, 0.286, 0.234, 0.232, 0.234, 0.28]
[0.538, 0.566, 0.296, 0.258, 0.288, 0.43, 0.302, 0.296, 0.322, 0.21, 0.178, 0.286, 0.234, 0.232, 0.234, 0.28, 0.25]
[0.538, 0.566, 0.296, 0.258, 0.288, 0.43, 0.302, 0.296, 0.322, 0.21, 0.178, 0.286, 0.234, 0.232, 0.234, 0.28, 0.25, 0.194]
[0.538, 0.566, 0.296, 0.258, 0.288, 0.43, 0.302, 0.296, 0.322, 0.21, 0.178, 0.286, 0.234, 0.232, 0.234, 0.28, 0.25, 0.194, 0.278]
[0.538, 0.566, 0.296, 0.258, 0.288, 0.43, 0.302, 0.296, 0.322, 0.21, 0.178, 0.286, 0.234, 0.232, 0.234, 0.28, 0.25, 0.194, 0.278, 0.286]
broken out of loop
Total correct retain:  1557  Total retain:  2500
Total correct forget:  12255  Total forget:  47500
Total correct test:  291  Total test:  500
Total correct forget test:  2477  Total test forget:  9500
[0.582]
[0.582, 0.218]
[0.582, 0.218, 0.31]
[0.582, 0.218, 0.31, 0.27]
[0.582, 0.218, 0.31, 0.27, 0.25]
[0.582, 0.218, 0.31, 0.27, 0.25, 0.272]
[0.582, 0.218, 0.31, 0.27, 0.25, 0.272, 0.254]
[0.582, 0.218, 0.31, 0.27, 0.25, 0.272, 0.254, 0.316]
[0.582, 0.218, 0.31, 0.27, 0.25, 0.272, 0.254, 0.316, 0.324]
[0.582, 0.218, 0.31, 0.27, 0.25, 0.272, 0.254, 0.316, 0.324, 0.25]
[0.582, 0.218, 0.31, 0.27, 0.25, 0.272, 0.254, 0.316, 0.324, 0.25, 0.238]
[0.582, 0.218, 0.31, 0.27, 0.25, 0.272, 0.254, 0.316, 0.324, 0.25, 0.238, 0.318]
[0.582, 0.218, 0.31, 0.27, 0.25, 0.272, 0.254, 0.316, 0.324, 0.25, 0.238, 0.318, 0.214]
[0.582, 0.218, 0.31, 0.27, 0.25, 0.272, 0.254, 0.316, 0.324, 0.25, 0.238, 0.318, 0.214, 0.222]
[0.582, 0.218, 0.31, 0.27, 0.25, 0.272, 0.254, 0.316, 0.324, 0.25, 0.238, 0.318, 0.214, 0.222, 0.246]
[0.582, 0.218, 0.31, 0.27, 0.25, 0.272, 0.254, 0.316, 0.324, 0.25, 0.238, 0.318, 0.214, 0.222, 0.246, 0.23]
[0.582, 0.218, 0.31, 0.27, 0.25, 0.272, 0.254, 0.316, 0.324, 0.25, 0.238, 0.318, 0.214, 0.222, 0.246, 0.23, 0.262]
[0.582, 0.218, 0.31, 0.27, 0.25, 0.272, 0.254, 0.316, 0.324, 0.25, 0.238, 0.318, 0.214, 0.222, 0.246, 0.23, 0.262, 0.256]
[0.582, 0.218, 0.31, 0.27, 0.25, 0.272, 0.254, 0.316, 0.324, 0.25, 0.238, 0.318, 0.214, 0.222, 0.246, 0.23, 0.262, 0.256, 0.34]
[0.582, 0.218, 0.31, 0.27, 0.25, 0.272, 0.254, 0.316, 0.324, 0.25, 0.238, 0.318, 0.214, 0.222, 0.246, 0.23, 0.262, 0.256, 0.34, 0.164]
[[0.556, 0.376, 0.31, 0.334, 0.406, 0.394, 0.392, 0.384, 0.386, 0.378, 0.378, 0.412, 0.434, 0.44, 0.282, 0.544, 0.416, 0.32, 0.378, 0.554], [0.716, 0.604, 0.574, 0.452, 0.582, 0.688, 0.634, 0.608, 0.61, 0.626, 0.708, 0.602, 0.696, 0.708, 0.59, 0.692, 0.654, 0.546, 0.692, 0.48], [0.746, 0.614, 0.58, 0.49, 0.572, 0.698, 0.676, 0.658, 0.62, 0.642, 0.75, 0.566, 0.704, 0.702, 0.686, 0.678, 0.636, 0.598, 0.488, 0.498], [0.746, 0.616, 0.592, 0.512, 0.584, 0.686, 0.704, 0.674, 0.598, 0.644, 0.772, 0.628, 0.71, 0.732, 0.698, 0.67, 0.658, 0.416, 0.522, 0.508], [0.722, 0.604, 0.586, 0.492, 0.604, 0.706, 0.708, 0.676, 0.578, 0.644, 0.75, 0.63, 0.722, 0.736, 0.71, 0.632, 0.428, 0.41, 0.508, 0.494], [0.722, 0.612, 0.578, 0.512, 0.598, 0.69, 0.68, 0.66, 0.61, 0.65, 0.75, 0.622, 0.714, 0.76, 0.664, 0.488, 0.378, 0.352, 0.496, 0.472], [0.726, 0.608, 0.584, 0.494, 0.572, 0.706, 0.702, 0.68, 0.582, 0.636, 0.75, 0.604, 0.728, 0.718, 0.488, 0.48, 0.382, 0.382, 0.508, 0.49], [0.73, 0.618, 0.558, 0.478, 0.592, 0.672, 0.69, 0.626, 0.594, 0.64, 0.76, 0.618, 0.692, 0.364, 0.436, 0.436, 0.366, 0.368, 0.484, 0.468], [0.704, 0.6, 0.582, 0.478, 0.572, 0.7, 0.686, 0.664, 0.574, 0.652, 0.738, 0.616, 0.448, 0.46, 0.45, 0.45, 0.382, 0.37, 0.494, 0.496], [0.708, 0.604, 0.548, 0.482, 0.584, 0.682, 0.666, 0.616, 0.578, 0.656, 0.746, 0.386, 0.478, 0.448, 0.334, 0.466, 0.358, 0.352, 0.476, 0.458], [0.692, 0.582, 0.566, 0.5, 0.534, 0.642, 0.6, 0.57, 0.56, 0.584, 0.51, 0.392, 0.418, 0.482, 0.48, 0.482, 0.338, 0.316, 0.486, 0.386], [0.606, 0.554, 0.582, 0.434, 0.484, 0.63, 0.654, 0.622, 0.562, 0.424, 0.512, 0.334, 0.382, 0.33, 0.44, 0.452, 0.338, 0.392, 0.45, 0.42], [0.616, 0.532, 0.55, 0.454, 0.478, 0.656, 0.61, 0.572, 0.294, 0.442, 0.492, 0.33, 0.374, 0.328, 0.476, 0.438, 0.332, 0.316, 0.406, 0.306], [0.698, 0.606, 0.562, 0.432, 0.514, 0.566, 0.626, 0.33, 0.42, 0.436, 0.462, 0.324, 0.33, 0.266, 0.356, 0.35, 0.29, 0.266, 0.424, 0.386], [0.648, 0.544, 0.588, 0.43, 0.472, 0.582, 0.262, 0.394, 0.454, 0.404, 0.416, 0.352, 0.23, 0.314, 0.278, 0.38, 0.362, 0.238, 0.416, 0.364], [0.598, 0.568, 0.572, 0.416, 0.498, 0.352, 0.268, 0.422, 0.394, 0.398, 0.302, 0.346, 0.204, 0.284, 0.272, 0.348, 0.25, 0.228, 0.278, 0.302], [0.624, 0.522, 0.5, 0.398, 0.274, 0.362, 0.308, 0.366, 0.382, 0.372, 0.24, 0.338, 0.212, 0.254, 0.23, 0.286, 0.232, 0.232, 0.358, 0.254], [0.584, 0.528, 0.484, 0.256, 0.24, 0.344, 0.308, 0.346, 0.304, 0.34, 0.236, 0.324, 0.198, 0.244, 0.23, 0.272, 0.23, 0.222, 0.334, 0.22], [0.538, 0.566, 0.296, 0.258, 0.288, 0.43, 0.302, 0.296, 0.322, 0.21, 0.178, 0.286, 0.234, 0.232, 0.234, 0.28, 0.25, 0.194, 0.278, 0.286], [0.582, 0.218, 0.31, 0.27, 0.25, 0.272, 0.254, 0.316, 0.324, 0.25, 0.238, 0.318, 0.214, 0.222, 0.246, 0.23, 0.262, 0.256, 0.34, 0.164]]
20
20
Plot  0  Done
Average Retain Accuracies:  [0.562, 0.7372, 0.7656, 0.7576, 0.7536, 0.7676, 0.7548, 0.768, 0.7368, 0.7472, 0.726, 0.6588, 0.6736, 0.7292, 0.6436, 0.6332, 0.6296, 0.586, 0.5552, 0.6228]
Average Forget Accuracies:  [0.40178947368421053, 0.6298105263157895, 0.6364, 0.6419789473684211, 0.6248842105263158, 0.6125263157894737, 0.6037894736842105, 0.5699578947368421, 0.5658526315789474, 0.5358526315789474, 0.5106947368421053, 0.4789894736842105, 0.44825263157894735, 0.43522105263157895, 0.4103157894736842, 0.36930526315789475, 0.3307578947368421, 0.2999578947368421, 0.29237894736842107, 0.258]
Average Retain Test Accuracies:  [0.556, 0.716, 0.746, 0.746, 0.722, 0.722, 0.726, 0.73, 0.704, 0.708, 0.692, 0.606, 0.616, 0.698, 0.648, 0.598, 0.624, 0.584, 0.538, 0.582]
Average Forget Test Accuracies:  [0.3956842105263158, 0.6182105263157894, 0.624, 0.627578947368421, 0.6114736842105263, 0.594, 0.5838947368421052, 0.5505263157894736, 0.548, 0.522, 0.4962105263157895, 0.4734736842105263, 0.4413684210526316, 0.4182105263157895, 0.3936842105263158, 0.3527368421052632, 0.32210526315789473, 0.29789473684210527, 0.28526315789473683, 0.26073684210526316]
Done
