Requirement already satisfied: pyyaml in /usr/lib64/python3.12/site-packages (6.0.1)
Requirement already satisfied: setuptools in /usr/lib/python3.12/site-packages (68.2.2)
Requirement already satisfied: matplotlib in /dcs/21/u2145461/.local/lib/python3.12/site-packages (3.10.1)
Requirement already satisfied: contourpy>=1.0.1 in /dcs/21/u2145461/.local/lib/python3.12/site-packages (from matplotlib) (1.3.1)
Requirement already satisfied: cycler>=0.10 in /dcs/21/u2145461/.local/lib/python3.12/site-packages (from matplotlib) (0.12.1)
Requirement already satisfied: fonttools>=4.22.0 in /dcs/21/u2145461/.local/lib/python3.12/site-packages (from matplotlib) (4.56.0)
Requirement already satisfied: kiwisolver>=1.3.1 in /dcs/21/u2145461/.local/lib/python3.12/site-packages (from matplotlib) (1.4.8)
Requirement already satisfied: numpy>=1.23 in /dcs/21/u2145461/.local/lib/python3.12/site-packages (from matplotlib) (2.2.3)
Requirement already satisfied: packaging>=20.0 in /dcs/21/u2145461/.local/lib/python3.12/site-packages (from matplotlib) (24.2)
Requirement already satisfied: pillow>=8 in /dcs/21/u2145461/.local/lib/python3.12/site-packages (from matplotlib) (11.0.0)
Requirement already satisfied: pyparsing>=2.3.1 in /dcs/21/u2145461/.local/lib/python3.12/site-packages (from matplotlib) (3.2.1)
Requirement already satisfied: python-dateutil>=2.7 in /dcs/21/u2145461/.local/lib/python3.12/site-packages (from matplotlib) (2.9.0.post0)
Requirement already satisfied: six>=1.5 in /dcs/21/u2145461/.local/lib/python3.12/site-packages (from python-dateutil>=2.7->matplotlib) (1.17.0)
Requirement already satisfied: quadprog in /dcs/21/u2145461/.local/lib/python3.12/site-packages (0.1.13)
Requirement already satisfied: numpy in /dcs/21/u2145461/.local/lib/python3.12/site-packages (from quadprog) (2.2.3)
Requirement already satisfied: pyparsing in /dcs/21/u2145461/.local/lib/python3.12/site-packages (3.2.1)
Requirement already satisfied: pandas in /dcs/21/u2145461/.local/lib/python3.12/site-packages (2.2.3)
Requirement already satisfied: numpy>=1.26.0 in /dcs/21/u2145461/.local/lib/python3.12/site-packages (from pandas) (2.2.3)
Requirement already satisfied: python-dateutil>=2.8.2 in /dcs/21/u2145461/.local/lib/python3.12/site-packages (from pandas) (2.9.0.post0)
Requirement already satisfied: pytz>=2020.1 in /dcs/21/u2145461/.local/lib/python3.12/site-packages (from pandas) (2025.1)
Requirement already satisfied: tzdata>=2022.7 in /dcs/21/u2145461/.local/lib/python3.12/site-packages (from pandas) (2025.1)
Requirement already satisfied: six>=1.5 in /dcs/21/u2145461/.local/lib/python3.12/site-packages (from python-dateutil>=2.8.2->pandas) (1.17.0)
Requirement already satisfied: numpy in /dcs/21/u2145461/.local/lib/python3.12/site-packages (2.2.3)
Sun Apr  6 22:01:02 2025       
+-----------------------------------------------------------------------------------------+
| NVIDIA-SMI 550.144.03             Driver Version: 550.144.03     CUDA Version: 12.4     |
|-----------------------------------------+------------------------+----------------------+
| GPU  Name                 Persistence-M | Bus-Id          Disp.A | Volatile Uncorr. ECC |
| Fan  Temp   Perf          Pwr:Usage/Cap |           Memory-Usage | GPU-Util  Compute M. |
|                                         |                        |               MIG M. |
|=========================================+========================+======================|
|   0  NVIDIA RTX A5000               Off |   00000000:01:00.0 Off |                  Off |
| 30%   55C    P0             N/A /  230W |       1MiB /  24564MiB |      0%      Default |
|                                         |                        |                  N/A |
+-----------------------------------------+------------------------+----------------------+
                                                                                         
+-----------------------------------------------------------------------------------------+
| Processes:                                                                              |
|  GPU   GI   CI        PID   Type   Process name                              GPU Memory |
|        ID   ID                                                               Usage      |
|=========================================================================================|
|  No running processes found                                                             |
+-----------------------------------------------------------------------------------------+
Python 3.12.8
./cifar-100-python/train
./cifar-100-python/test
Unlearn Batch Size:  16
Unlearn MEM Strength:  0.6
cifar-100-python/train
cifar-100-python/test
new ordering of classes:  ['cups', 'crocodile', 'television', 'tractor', 'willow', 'computer keyboard', 'aquarium fish', 'wardrobe', 'woman', 'bicycle', 'mountain', 'table', 'whale', 'pears', 'mouse', 'tank', 'lobster', 'mushrooms', 'palm', 'forest', 'lion', 'raccoon', 'sunflowers', 'couch', 'beaver', 'otter', 'tiger', 'camel', 'bear', 'snake', 'apples', 'lawn-mower', 'sea', 'sweet peppers', 'skyscraper', 'pickup truck', 'possum', 'tulips', 'lamp', 'motorcycle', 'roses', 'train', 'caterpillar', 'rocket', 'house', 'turtle', 'hamster', 'boy', 'rabbit', 'bottles', 'plates', 'dolphin', 'maple', 'bed', 'cattle', 'crab', 'beetle', 'streetcar', 'castle', 'road', 'bridge', 'telephone', 'shrew', 'seal', 'worm', 'clock', 'trout', 'squirrel', 'chair', 'bowls', 'elephant', 'man', 'lizard', 'dinosaur', 'skunk', 'porcupine', 'wolf', 'oak', 'poppies', 'kangaroo', 'spider', 'plain', 'shark', 'cockroach', 'baby', 'leopard', 'oranges', 'pine', 'butterfly', 'flatfish', 'cloud', 'ray', 'fox', 'snail', 'chimpanzee', 'bus', 'bee', 'girl', 'orchids', 'cans']
Training task:  1
[0.718, 0.188, 0.216, 0.254, 0.2, 0.17, 0.24, 0.2, 0.164, 0.218, 0.206, 0.212, 0.126, 0.184, 0.17, 0.24, 0.22, 0.122, 0.186, 0.234]
Training task:  2
[0.738, 0.802, 0.116, 0.222, 0.2, 0.19, 0.284, 0.174, 0.214, 0.178, 0.12, 0.218, 0.182, 0.152, 0.172, 0.178, 0.204, 0.198, 0.152, 0.24]
Training task:  3
[0.588, 0.636, 0.728, 0.226, 0.2, 0.208, 0.326, 0.2, 0.296, 0.132, 0.192, 0.224, 0.226, 0.2, 0.154, 0.306, 0.232, 0.184, 0.158, 0.212]
Training task:  4
[0.694, 0.642, 0.682, 0.694, 0.2, 0.222, 0.334, 0.196, 0.352, 0.11, 0.162, 0.23, 0.198, 0.22, 0.148, 0.328, 0.196, 0.176, 0.176, 0.306]
Training task:  5
[0.54, 0.67, 0.522, 0.51, 0.648, 0.224, 0.23, 0.204, 0.228, 0.146, 0.158, 0.194, 0.272, 0.178, 0.15, 0.122, 0.214, 0.208, 0.19, 0.208]
Training task:  6
[0.606, 0.604, 0.644, 0.586, 0.62, 0.556, 0.226, 0.19, 0.252, 0.15, 0.178, 0.204, 0.204, 0.154, 0.22, 0.208, 0.256, 0.168, 0.19, 0.204]
Training task:  7
[0.638, 0.662, 0.622, 0.568, 0.632, 0.496, 0.866, 0.19, 0.272, 0.148, 0.168, 0.218, 0.178, 0.174, 0.22, 0.138, 0.258, 0.202, 0.188, 0.176]
Training task:  8
[0.688, 0.674, 0.65, 0.576, 0.576, 0.476, 0.81, 0.826, 0.258, 0.14, 0.138, 0.248, 0.152, 0.186, 0.2, 0.212, 0.262, 0.214, 0.216, 0.172]
Training task:  9
[0.69, 0.61, 0.63, 0.592, 0.578, 0.462, 0.808, 0.762, 0.822, 0.122, 0.166, 0.22, 0.182, 0.204, 0.226, 0.268, 0.256, 0.202, 0.26, 0.26]
Training task:  10
[0.704, 0.582, 0.638, 0.6, 0.564, 0.43, 0.782, 0.722, 0.766, 0.746, 0.166, 0.214, 0.146, 0.194, 0.16, 0.22, 0.23, 0.176, 0.28, 0.208]
Training task:  11
[0.724, 0.592, 0.634, 0.588, 0.572, 0.464, 0.79, 0.708, 0.772, 0.65, 0.792, 0.21, 0.152, 0.122, 0.182, 0.238, 0.23, 0.158, 0.218, 0.214]
Training task:  12
[0.692, 0.588, 0.622, 0.578, 0.514, 0.444, 0.8, 0.7, 0.746, 0.654, 0.728, 0.816, 0.16, 0.138, 0.136, 0.212, 0.202, 0.12, 0.214, 0.286]
Training task:  13
[0.688, 0.586, 0.664, 0.576, 0.534, 0.464, 0.768, 0.688, 0.76, 0.616, 0.728, 0.754, 0.736, 0.134, 0.118, 0.242, 0.202, 0.148, 0.224, 0.2]
Training task:  14
[0.658, 0.59, 0.61, 0.6, 0.548, 0.444, 0.776, 0.702, 0.752, 0.624, 0.688, 0.694, 0.704, 0.74, 0.12, 0.228, 0.166, 0.152, 0.202, 0.192]
Training task:  15
[0.672, 0.568, 0.684, 0.562, 0.544, 0.452, 0.79, 0.662, 0.732, 0.66, 0.706, 0.708, 0.66, 0.658, 0.722, 0.214, 0.188, 0.168, 0.194, 0.194]
Training task:  16
[0.67, 0.602, 0.706, 0.604, 0.532, 0.444, 0.774, 0.694, 0.758, 0.64, 0.736, 0.69, 0.67, 0.646, 0.676, 0.846, 0.202, 0.182, 0.202, 0.192]
Training task:  17
[0.678, 0.556, 0.688, 0.586, 0.51, 0.436, 0.78, 0.702, 0.766, 0.62, 0.706, 0.718, 0.62, 0.63, 0.66, 0.8, 0.848, 0.182, 0.19, 0.25]
Training task:  18
[0.668, 0.542, 0.61, 0.554, 0.492, 0.428, 0.762, 0.644, 0.712, 0.598, 0.648, 0.62, 0.564, 0.586, 0.63, 0.712, 0.726, 0.738, 0.172, 0.196]
Training task:  19
[0.644, 0.618, 0.634, 0.534, 0.496, 0.42, 0.782, 0.62, 0.726, 0.594, 0.652, 0.644, 0.572, 0.598, 0.63, 0.708, 0.732, 0.756, 0.724, 0.194]
Training task:  20
[0.648, 0.616, 0.64, 0.526, 0.51, 0.412, 0.752, 0.678, 0.732, 0.598, 0.648, 0.654, 0.604, 0.62, 0.602, 0.7, 0.728, 0.764, 0.652, 0.776]
Unlearning task:  20
Total correct retain:  1743  Total retain:  2500
Total correct forget:  34600  Total forget:  47500
Total correct test:  324  Total test:  500
Total correct forget test:  6106  Total test forget:  9500
[0.648]
[0.648, 0.616]
[0.648, 0.616, 0.64]
[0.648, 0.616, 0.64, 0.526]
[0.648, 0.616, 0.64, 0.526, 0.51]
[0.648, 0.616, 0.64, 0.526, 0.51, 0.412]
[0.648, 0.616, 0.64, 0.526, 0.51, 0.412, 0.752]
[0.648, 0.616, 0.64, 0.526, 0.51, 0.412, 0.752, 0.678]
[0.648, 0.616, 0.64, 0.526, 0.51, 0.412, 0.752, 0.678, 0.732]
[0.648, 0.616, 0.64, 0.526, 0.51, 0.412, 0.752, 0.678, 0.732, 0.598]
[0.648, 0.616, 0.64, 0.526, 0.51, 0.412, 0.752, 0.678, 0.732, 0.598, 0.648]
[0.648, 0.616, 0.64, 0.526, 0.51, 0.412, 0.752, 0.678, 0.732, 0.598, 0.648, 0.654]
[0.648, 0.616, 0.64, 0.526, 0.51, 0.412, 0.752, 0.678, 0.732, 0.598, 0.648, 0.654, 0.604]
[0.648, 0.616, 0.64, 0.526, 0.51, 0.412, 0.752, 0.678, 0.732, 0.598, 0.648, 0.654, 0.604, 0.62]
[0.648, 0.616, 0.64, 0.526, 0.51, 0.412, 0.752, 0.678, 0.732, 0.598, 0.648, 0.654, 0.604, 0.62, 0.602]
[0.648, 0.616, 0.64, 0.526, 0.51, 0.412, 0.752, 0.678, 0.732, 0.598, 0.648, 0.654, 0.604, 0.62, 0.602, 0.7]
[0.648, 0.616, 0.64, 0.526, 0.51, 0.412, 0.752, 0.678, 0.732, 0.598, 0.648, 0.654, 0.604, 0.62, 0.602, 0.7, 0.728]
[0.648, 0.616, 0.64, 0.526, 0.51, 0.412, 0.752, 0.678, 0.732, 0.598, 0.648, 0.654, 0.604, 0.62, 0.602, 0.7, 0.728, 0.764]
[0.648, 0.616, 0.64, 0.526, 0.51, 0.412, 0.752, 0.678, 0.732, 0.598, 0.648, 0.654, 0.604, 0.62, 0.602, 0.7, 0.728, 0.764, 0.652]
[0.648, 0.616, 0.64, 0.526, 0.51, 0.412, 0.752, 0.678, 0.732, 0.598, 0.648, 0.654, 0.604, 0.62, 0.602, 0.7, 0.728, 0.764, 0.652, 0.776]
Python 3.12.8
./cifar-100-python/train
./cifar-100-python/test
Unlearn Batch Size:  16
Unlearn MEM Strength:  0.6
cifar-100-python/train
cifar-100-python/test
new ordering of classes:  ['raccoon', 'trout', 'fox', 'lizard', 'boy', 'mouse', 'oak', 'crab', 'woman', 'rocket', 'mountain', 'plates', 'hamster', 'shark', 'rabbit', 'leopard', 'tractor', 'skunk', 'tank', 'wolf', 'beaver', 'pears', 'chimpanzee', 'television', 'skyscraper', 'forest', 'bottles', 'elephant', 'palm', 'seal', 'castle', 'mushrooms', 'shrew', 'kangaroo', 'tulips', 'lobster', 'house', 'roses', 'orchids', 'worm', 'pickup truck', 'aquarium fish', 'possum', 'streetcar', 'snake', 'wardrobe', 'cans', 'computer keyboard', 'dolphin', 'road', 'cattle', 'camel', 'bowls', 'sunflowers', 'couch', 'lawn-mower', 'maple', 'ray', 'bear', 'pine', 'otter', 'flatfish', 'turtle', 'snail', 'squirrel', 'butterfly', 'cockroach', 'bridge', 'tiger', 'girl', 'chair', 'motorcycle', 'train', 'sea', 'caterpillar', 'telephone', 'baby', 'clock', 'oranges', 'apples', 'sweet peppers', 'dinosaur', 'cups', 'bed', 'porcupine', 'willow', 'bee', 'beetle', 'bus', 'lamp', 'bicycle', 'crocodile', 'whale', 'poppies', 'man', 'cloud', 'plain', 'table', 'lion', 'spider']
Training task:  1
[0.54, 0.198, 0.19, 0.19, 0.172, 0.206, 0.224, 0.21, 0.206, 0.194, 0.238, 0.206, 0.2, 0.2, 0.28, 0.19, 0.142, 0.224, 0.14, 0.216]
Training task:  2
[0.284, 0.686, 0.19, 0.262, 0.228, 0.186, 0.22, 0.168, 0.142, 0.2, 0.212, 0.232, 0.21, 0.2, 0.24, 0.202, 0.206, 0.198, 0.258, 0.238]
Training task:  3
[0.432, 0.63, 0.746, 0.212, 0.208, 0.168, 0.234, 0.192, 0.214, 0.19, 0.184, 0.2, 0.18, 0.202, 0.214, 0.19, 0.198, 0.264, 0.2, 0.206]
Training task:  4
[0.436, 0.676, 0.66, 0.718, 0.252, 0.16, 0.172, 0.234, 0.22, 0.218, 0.186, 0.162, 0.168, 0.222, 0.308, 0.192, 0.176, 0.294, 0.116, 0.238]
Training task:  5
[0.44, 0.682, 0.646, 0.612, 0.818, 0.172, 0.184, 0.208, 0.198, 0.226, 0.198, 0.184, 0.198, 0.232, 0.234, 0.198, 0.198, 0.268, 0.21, 0.216]
Training task:  6
[0.406, 0.662, 0.618, 0.556, 0.742, 0.73, 0.206, 0.236, 0.198, 0.19, 0.178, 0.186, 0.208, 0.242, 0.25, 0.208, 0.19, 0.28, 0.254, 0.238]
Training task:  7
[0.442, 0.636, 0.618, 0.584, 0.754, 0.632, 0.804, 0.21, 0.164, 0.168, 0.184, 0.168, 0.194, 0.288, 0.232, 0.19, 0.18, 0.268, 0.236, 0.28]
Training task:  8
[0.384, 0.622, 0.606, 0.518, 0.68, 0.574, 0.706, 0.722, 0.19, 0.204, 0.174, 0.2, 0.186, 0.256, 0.246, 0.204, 0.156, 0.292, 0.18, 0.224]
Training task:  9
[0.432, 0.63, 0.636, 0.552, 0.722, 0.536, 0.7, 0.672, 0.708, 0.194, 0.196, 0.196, 0.19, 0.252, 0.26, 0.21, 0.166, 0.292, 0.16, 0.212]
Training task:  10
[0.468, 0.628, 0.64, 0.492, 0.682, 0.556, 0.68, 0.628, 0.618, 0.774, 0.194, 0.188, 0.2, 0.248, 0.244, 0.266, 0.236, 0.264, 0.188, 0.208]
Training task:  11
[0.43, 0.626, 0.614, 0.504, 0.694, 0.524, 0.684, 0.65, 0.588, 0.716, 0.7, 0.198, 0.208, 0.258, 0.234, 0.224, 0.12, 0.27, 0.206, 0.192]
Training task:  12
[0.446, 0.628, 0.63, 0.524, 0.69, 0.55, 0.644, 0.622, 0.566, 0.684, 0.666, 0.786, 0.212, 0.244, 0.236, 0.21, 0.146, 0.236, 0.168, 0.204]
Training task:  13
[0.376, 0.608, 0.642, 0.518, 0.69, 0.544, 0.638, 0.614, 0.564, 0.658, 0.618, 0.734, 0.56, 0.214, 0.23, 0.26, 0.17, 0.226, 0.174, 0.212]
Training task:  14
[0.39, 0.632, 0.634, 0.556, 0.676, 0.516, 0.642, 0.616, 0.586, 0.654, 0.624, 0.722, 0.49, 0.804, 0.244, 0.208, 0.152, 0.258, 0.158, 0.212]
Training task:  15
[0.418, 0.614, 0.668, 0.498, 0.712, 0.52, 0.634, 0.6, 0.574, 0.612, 0.612, 0.712, 0.486, 0.732, 0.866, 0.226, 0.138, 0.246, 0.16, 0.21]
Training task:  16
[0.408, 0.576, 0.636, 0.514, 0.664, 0.488, 0.616, 0.614, 0.574, 0.63, 0.634, 0.692, 0.47, 0.678, 0.754, 0.708, 0.18, 0.232, 0.156, 0.208]
Training task:  17
[0.394, 0.602, 0.616, 0.522, 0.708, 0.534, 0.676, 0.624, 0.556, 0.654, 0.638, 0.682, 0.46, 0.682, 0.762, 0.64, 0.854, 0.236, 0.13, 0.198]
Training task:  18
[0.38, 0.624, 0.67, 0.546, 0.704, 0.512, 0.692, 0.606, 0.556, 0.618, 0.626, 0.694, 0.462, 0.72, 0.762, 0.58, 0.83, 0.788, 0.128, 0.188]
Training task:  19
[0.42, 0.626, 0.672, 0.558, 0.702, 0.508, 0.698, 0.6, 0.574, 0.656, 0.642, 0.688, 0.47, 0.7, 0.774, 0.618, 0.814, 0.712, 0.838, 0.182]
Training task:  20
[0.42, 0.64, 0.634, 0.538, 0.698, 0.542, 0.618, 0.538, 0.55, 0.644, 0.566, 0.654, 0.464, 0.66, 0.768, 0.568, 0.748, 0.676, 0.7, 0.788]
Unlearning task:  20
Total correct retain:  1228  Total retain:  2500
Total correct forget:  34130  Total forget:  47500
Total correct test:  210  Total test:  500
Total correct forget test:  5997  Total test forget:  9500
[0.42]
[0.42, 0.64]
[0.42, 0.64, 0.634]
[0.42, 0.64, 0.634, 0.538]
[0.42, 0.64, 0.634, 0.538, 0.698]
[0.42, 0.64, 0.634, 0.538, 0.698, 0.542]
[0.42, 0.64, 0.634, 0.538, 0.698, 0.542, 0.618]
[0.42, 0.64, 0.634, 0.538, 0.698, 0.542, 0.618, 0.538]
[0.42, 0.64, 0.634, 0.538, 0.698, 0.542, 0.618, 0.538, 0.55]
[0.42, 0.64, 0.634, 0.538, 0.698, 0.542, 0.618, 0.538, 0.55, 0.644]
[0.42, 0.64, 0.634, 0.538, 0.698, 0.542, 0.618, 0.538, 0.55, 0.644, 0.566]
[0.42, 0.64, 0.634, 0.538, 0.698, 0.542, 0.618, 0.538, 0.55, 0.644, 0.566, 0.654]
[0.42, 0.64, 0.634, 0.538, 0.698, 0.542, 0.618, 0.538, 0.55, 0.644, 0.566, 0.654, 0.464]
[0.42, 0.64, 0.634, 0.538, 0.698, 0.542, 0.618, 0.538, 0.55, 0.644, 0.566, 0.654, 0.464, 0.66]
[0.42, 0.64, 0.634, 0.538, 0.698, 0.542, 0.618, 0.538, 0.55, 0.644, 0.566, 0.654, 0.464, 0.66, 0.768]
[0.42, 0.64, 0.634, 0.538, 0.698, 0.542, 0.618, 0.538, 0.55, 0.644, 0.566, 0.654, 0.464, 0.66, 0.768, 0.568]
[0.42, 0.64, 0.634, 0.538, 0.698, 0.542, 0.618, 0.538, 0.55, 0.644, 0.566, 0.654, 0.464, 0.66, 0.768, 0.568, 0.748]
[0.42, 0.64, 0.634, 0.538, 0.698, 0.542, 0.618, 0.538, 0.55, 0.644, 0.566, 0.654, 0.464, 0.66, 0.768, 0.568, 0.748, 0.676]
[0.42, 0.64, 0.634, 0.538, 0.698, 0.542, 0.618, 0.538, 0.55, 0.644, 0.566, 0.654, 0.464, 0.66, 0.768, 0.568, 0.748, 0.676, 0.7]
[0.42, 0.64, 0.634, 0.538, 0.698, 0.542, 0.618, 0.538, 0.55, 0.644, 0.566, 0.654, 0.464, 0.66, 0.768, 0.568, 0.748, 0.676, 0.7, 0.788]
