Requirement already satisfied: pyyaml in /usr/lib64/python3.12/site-packages (6.0.1)
Requirement already satisfied: setuptools in /usr/lib/python3.12/site-packages (68.2.2)
Requirement already satisfied: matplotlib in /dcs/21/u2145461/.local/lib/python3.12/site-packages (3.10.1)
Requirement already satisfied: contourpy>=1.0.1 in /dcs/21/u2145461/.local/lib/python3.12/site-packages (from matplotlib) (1.3.1)
Requirement already satisfied: cycler>=0.10 in /dcs/21/u2145461/.local/lib/python3.12/site-packages (from matplotlib) (0.12.1)
Requirement already satisfied: fonttools>=4.22.0 in /dcs/21/u2145461/.local/lib/python3.12/site-packages (from matplotlib) (4.56.0)
Requirement already satisfied: kiwisolver>=1.3.1 in /dcs/21/u2145461/.local/lib/python3.12/site-packages (from matplotlib) (1.4.8)
Requirement already satisfied: numpy>=1.23 in /dcs/21/u2145461/.local/lib/python3.12/site-packages (from matplotlib) (2.2.3)
Requirement already satisfied: packaging>=20.0 in /dcs/21/u2145461/.local/lib/python3.12/site-packages (from matplotlib) (24.2)
Requirement already satisfied: pillow>=8 in /dcs/21/u2145461/.local/lib/python3.12/site-packages (from matplotlib) (11.0.0)
Requirement already satisfied: pyparsing>=2.3.1 in /dcs/21/u2145461/.local/lib/python3.12/site-packages (from matplotlib) (3.2.1)
Requirement already satisfied: python-dateutil>=2.7 in /dcs/21/u2145461/.local/lib/python3.12/site-packages (from matplotlib) (2.9.0.post0)
Requirement already satisfied: six>=1.5 in /dcs/21/u2145461/.local/lib/python3.12/site-packages (from python-dateutil>=2.7->matplotlib) (1.17.0)
Requirement already satisfied: quadprog in /dcs/21/u2145461/.local/lib/python3.12/site-packages (0.1.13)
Requirement already satisfied: numpy in /dcs/21/u2145461/.local/lib/python3.12/site-packages (from quadprog) (2.2.3)
Requirement already satisfied: pyparsing in /dcs/21/u2145461/.local/lib/python3.12/site-packages (3.2.1)
Requirement already satisfied: pandas in /dcs/21/u2145461/.local/lib/python3.12/site-packages (2.2.3)
Requirement already satisfied: numpy>=1.26.0 in /dcs/21/u2145461/.local/lib/python3.12/site-packages (from pandas) (2.2.3)
Requirement already satisfied: python-dateutil>=2.8.2 in /dcs/21/u2145461/.local/lib/python3.12/site-packages (from pandas) (2.9.0.post0)
Requirement already satisfied: pytz>=2020.1 in /dcs/21/u2145461/.local/lib/python3.12/site-packages (from pandas) (2025.1)
Requirement already satisfied: tzdata>=2022.7 in /dcs/21/u2145461/.local/lib/python3.12/site-packages (from pandas) (2025.1)
Requirement already satisfied: six>=1.5 in /dcs/21/u2145461/.local/lib/python3.12/site-packages (from python-dateutil>=2.8.2->pandas) (1.17.0)
Requirement already satisfied: numpy in /dcs/21/u2145461/.local/lib/python3.12/site-packages (2.2.3)
Sun Apr  6 18:41:41 2025       
+-----------------------------------------------------------------------------------------+
| NVIDIA-SMI 550.144.03             Driver Version: 550.144.03     CUDA Version: 12.4     |
|-----------------------------------------+------------------------+----------------------+
| GPU  Name                 Persistence-M | Bus-Id          Disp.A | Volatile Uncorr. ECC |
| Fan  Temp   Perf          Pwr:Usage/Cap |           Memory-Usage | GPU-Util  Compute M. |
|                                         |                        |               MIG M. |
|=========================================+========================+======================|
|   0  NVIDIA A10                     On  |   00000000:81:00.0 Off |                    0 |
|  0%   28C    P8             15W /  150W |       1MiB /  23028MiB |      0%      Default |
|                                         |                        |                  N/A |
+-----------------------------------------+------------------------+----------------------+
                                                                                         
+-----------------------------------------------------------------------------------------+
| Processes:                                                                              |
|  GPU   GI   CI        PID   Type   Process name                              GPU Memory |
|        ID   ID                                                               Usage      |
|=========================================================================================|
|  No running processes found                                                             |
+-----------------------------------------------------------------------------------------+
Python 3.12.8
./cifar-100-python/train
./cifar-100-python/test
Unlearn Batch Size:  16
Unlearn MEM Strength:  0.6
cifar-100-python/train
cifar-100-python/test
new ordering of classes:  ['beaver', 'maple', 'dolphin', 'turtle', 'aquarium fish', 'lion', 'palm', 'butterfly', 'oranges', 'cloud', 'beetle', 'bed', 'tiger', 'chair', 'cockroach', 'pears', 'motorcycle', 'chimpanzee', 'television', 'orchids', 'oak', 'willow', 'rocket', 'snail', 'roses', 'pine', 'shrew', 'lamp', 'whale', 'plates', 'snake', 'squirrel', 'bowls', 'crocodile', 'wardrobe', 'lawn-mower', 'seal', 'dinosaur', 'poppies', 'lobster', 'mountain', 'bee', 'plain', 'sweet peppers', 'streetcar', 'wolf', 'shark', 'leopard', 'ray', 'apples', 'rabbit', 'bottles', 'girl', 'kangaroo', 'baby', 'forest', 'fox', 'trout', 'lizard', 'pickup truck', 'man', 'crab', 'camel', 'train', 'bear', 'clock', 'cups', 'flatfish', 'sunflowers', 'possum', 'woman', 'skunk', 'telephone', 'tractor', 'tank', 'elephant', 'skyscraper', 'worm', 'bicycle', 'house', 'bridge', 'raccoon', 'tulips', 'mouse', 'mushrooms', 'bus', 'porcupine', 'sea', 'boy', 'cattle', 'hamster', 'table', 'road', 'caterpillar', 'couch', 'computer keyboard', 'spider', 'castle', 'cans', 'otter']
Training task:  1
[0.652, 0.28, 0.208, 0.238, 0.422, 0.19, 0.252, 0.242, 0.25, 0.29, 0.188, 0.22, 0.156, 0.246, 0.22, 0.202, 0.186, 0.196, 0.174, 0.228]
Training task:  2
[0.616, 0.842, 0.208, 0.206, 0.436, 0.142, 0.2, 0.082, 0.152, 0.442, 0.184, 0.2, 0.198, 0.238, 0.19, 0.196, 0.17, 0.122, 0.27, 0.26]
Training task:  3
[0.546, 0.772, 0.73, 0.272, 0.326, 0.134, 0.18, 0.09, 0.248, 0.31, 0.206, 0.202, 0.274, 0.19, 0.248, 0.234, 0.136, 0.088, 0.232, 0.19]
Training task:  4
[0.616, 0.772, 0.732, 0.866, 0.286, 0.162, 0.142, 0.21, 0.164, 0.352, 0.206, 0.202, 0.208, 0.206, 0.214, 0.218, 0.164, 0.072, 0.128, 0.194]
Training task:  5
[0.64, 0.78, 0.706, 0.822, 0.85, 0.142, 0.148, 0.16, 0.176, 0.412, 0.19, 0.202, 0.194, 0.306, 0.15, 0.194, 0.282, 0.1, 0.112, 0.21]
Training task:  6
[0.622, 0.79, 0.682, 0.796, 0.756, 0.832, 0.174, 0.244, 0.198, 0.164, 0.242, 0.19, 0.232, 0.28, 0.152, 0.22, 0.284, 0.07, 0.18, 0.182]
Training task:  7
[0.584, 0.778, 0.662, 0.75, 0.74, 0.756, 0.778, 0.232, 0.204, 0.12, 0.222, 0.19, 0.224, 0.246, 0.154, 0.248, 0.23, 0.08, 0.18, 0.194]
Training task:  8
[0.602, 0.764, 0.622, 0.772, 0.732, 0.748, 0.698, 0.76, 0.206, 0.146, 0.212, 0.2, 0.22, 0.23, 0.15, 0.262, 0.274, 0.086, 0.162, 0.186]
Training task:  9
[0.604, 0.812, 0.644, 0.792, 0.744, 0.706, 0.716, 0.698, 0.9, 0.192, 0.228, 0.178, 0.24, 0.28, 0.164, 0.23, 0.23, 0.074, 0.138, 0.278]
Training task:  10
[0.58, 0.776, 0.612, 0.732, 0.75, 0.714, 0.666, 0.678, 0.774, 0.736, 0.19, 0.19, 0.262, 0.254, 0.164, 0.218, 0.24, 0.098, 0.124, 0.254]
Training task:  11
[0.576, 0.77, 0.608, 0.722, 0.732, 0.662, 0.652, 0.638, 0.754, 0.634, 0.704, 0.184, 0.214, 0.24, 0.146, 0.22, 0.27, 0.094, 0.132, 0.268]
Training task:  12
[0.564, 0.77, 0.616, 0.702, 0.724, 0.674, 0.66, 0.648, 0.774, 0.658, 0.66, 0.728, 0.202, 0.278, 0.112, 0.218, 0.232, 0.096, 0.102, 0.248]
Training task:  13
[0.576, 0.744, 0.638, 0.682, 0.71, 0.714, 0.632, 0.654, 0.734, 0.646, 0.666, 0.708, 0.718, 0.236, 0.088, 0.226, 0.246, 0.136, 0.132, 0.244]
Training task:  14
[0.572, 0.748, 0.612, 0.688, 0.73, 0.742, 0.634, 0.648, 0.726, 0.634, 0.64, 0.67, 0.658, 0.78, 0.11, 0.256, 0.228, 0.14, 0.142, 0.174]
Training task:  15
[0.56, 0.74, 0.61, 0.704, 0.722, 0.764, 0.628, 0.658, 0.684, 0.64, 0.652, 0.712, 0.654, 0.75, 0.81, 0.216, 0.228, 0.104, 0.122, 0.252]
Training task:  16
[0.568, 0.746, 0.6, 0.71, 0.766, 0.76, 0.64, 0.652, 0.692, 0.646, 0.634, 0.694, 0.634, 0.738, 0.748, 0.784, 0.234, 0.09, 0.116, 0.268]
Training task:  17
[0.562, 0.75, 0.556, 0.732, 0.74, 0.716, 0.598, 0.634, 0.688, 0.65, 0.64, 0.676, 0.594, 0.7, 0.702, 0.74, 0.756, 0.118, 0.086, 0.256]
Training task:  18
[0.59, 0.752, 0.568, 0.742, 0.746, 0.75, 0.644, 0.65, 0.722, 0.646, 0.624, 0.694, 0.642, 0.71, 0.722, 0.718, 0.714, 0.836, 0.066, 0.274]
Training task:  19
[0.592, 0.764, 0.628, 0.724, 0.73, 0.728, 0.626, 0.636, 0.718, 0.646, 0.616, 0.682, 0.556, 0.7, 0.678, 0.704, 0.68, 0.8, 0.796, 0.276]
Training task:  20
[0.578, 0.734, 0.634, 0.684, 0.73, 0.738, 0.636, 0.66, 0.682, 0.658, 0.604, 0.656, 0.598, 0.714, 0.71, 0.68, 0.682, 0.788, 0.764, 0.79]
Unlearning task:  20
Total correct retain:  1541  Total retain:  2500
Total correct forget:  37919  Total forget:  47500
Total correct test:  289  Total test:  500
Total correct forget test:  6571  Total test forget:  9500
[0.578]
[0.578, 0.734]
[0.578, 0.734, 0.634]
[0.578, 0.734, 0.634, 0.684]
[0.578, 0.734, 0.634, 0.684, 0.73]
[0.578, 0.734, 0.634, 0.684, 0.73, 0.738]
[0.578, 0.734, 0.634, 0.684, 0.73, 0.738, 0.636]
[0.578, 0.734, 0.634, 0.684, 0.73, 0.738, 0.636, 0.66]
[0.578, 0.734, 0.634, 0.684, 0.73, 0.738, 0.636, 0.66, 0.682]
[0.578, 0.734, 0.634, 0.684, 0.73, 0.738, 0.636, 0.66, 0.682, 0.658]
[0.578, 0.734, 0.634, 0.684, 0.73, 0.738, 0.636, 0.66, 0.682, 0.658, 0.604]
[0.578, 0.734, 0.634, 0.684, 0.73, 0.738, 0.636, 0.66, 0.682, 0.658, 0.604, 0.656]
[0.578, 0.734, 0.634, 0.684, 0.73, 0.738, 0.636, 0.66, 0.682, 0.658, 0.604, 0.656, 0.598]
[0.578, 0.734, 0.634, 0.684, 0.73, 0.738, 0.636, 0.66, 0.682, 0.658, 0.604, 0.656, 0.598, 0.714]
[0.578, 0.734, 0.634, 0.684, 0.73, 0.738, 0.636, 0.66, 0.682, 0.658, 0.604, 0.656, 0.598, 0.714, 0.71]
[0.578, 0.734, 0.634, 0.684, 0.73, 0.738, 0.636, 0.66, 0.682, 0.658, 0.604, 0.656, 0.598, 0.714, 0.71, 0.68]
[0.578, 0.734, 0.634, 0.684, 0.73, 0.738, 0.636, 0.66, 0.682, 0.658, 0.604, 0.656, 0.598, 0.714, 0.71, 0.68, 0.682]
[0.578, 0.734, 0.634, 0.684, 0.73, 0.738, 0.636, 0.66, 0.682, 0.658, 0.604, 0.656, 0.598, 0.714, 0.71, 0.68, 0.682, 0.788]
[0.578, 0.734, 0.634, 0.684, 0.73, 0.738, 0.636, 0.66, 0.682, 0.658, 0.604, 0.656, 0.598, 0.714, 0.71, 0.68, 0.682, 0.788, 0.764]
[0.578, 0.734, 0.634, 0.684, 0.73, 0.738, 0.636, 0.66, 0.682, 0.658, 0.604, 0.656, 0.598, 0.714, 0.71, 0.68, 0.682, 0.788, 0.764, 0.79]
broken out of loop
Total correct retain:  1390  Total retain:  2500
Total correct forget:  32633  Total forget:  47500
Total correct test:  263  Total test:  500
Total correct forget test:  5815  Total test forget:  9500
[0.526]
[0.526, 0.72]
[0.526, 0.72, 0.566]
[0.526, 0.72, 0.566, 0.642]
[0.526, 0.72, 0.566, 0.642, 0.676]
[0.526, 0.72, 0.566, 0.642, 0.676, 0.672]
[0.526, 0.72, 0.566, 0.642, 0.676, 0.672, 0.576]
[0.526, 0.72, 0.566, 0.642, 0.676, 0.672, 0.576, 0.576]
[0.526, 0.72, 0.566, 0.642, 0.676, 0.672, 0.576, 0.576, 0.7]
[0.526, 0.72, 0.566, 0.642, 0.676, 0.672, 0.576, 0.576, 0.7, 0.606]
[0.526, 0.72, 0.566, 0.642, 0.676, 0.672, 0.576, 0.576, 0.7, 0.606, 0.528]
[0.526, 0.72, 0.566, 0.642, 0.676, 0.672, 0.576, 0.576, 0.7, 0.606, 0.528, 0.594]
[0.526, 0.72, 0.566, 0.642, 0.676, 0.672, 0.576, 0.576, 0.7, 0.606, 0.528, 0.594, 0.524]
[0.526, 0.72, 0.566, 0.642, 0.676, 0.672, 0.576, 0.576, 0.7, 0.606, 0.528, 0.594, 0.524, 0.65]
[0.526, 0.72, 0.566, 0.642, 0.676, 0.672, 0.576, 0.576, 0.7, 0.606, 0.528, 0.594, 0.524, 0.65, 0.622]
[0.526, 0.72, 0.566, 0.642, 0.676, 0.672, 0.576, 0.576, 0.7, 0.606, 0.528, 0.594, 0.524, 0.65, 0.622, 0.564]
[0.526, 0.72, 0.566, 0.642, 0.676, 0.672, 0.576, 0.576, 0.7, 0.606, 0.528, 0.594, 0.524, 0.65, 0.622, 0.564, 0.61]
[0.526, 0.72, 0.566, 0.642, 0.676, 0.672, 0.576, 0.576, 0.7, 0.606, 0.528, 0.594, 0.524, 0.65, 0.622, 0.564, 0.61, 0.744]
[0.526, 0.72, 0.566, 0.642, 0.676, 0.672, 0.576, 0.576, 0.7, 0.606, 0.528, 0.594, 0.524, 0.65, 0.622, 0.564, 0.61, 0.744, 0.65]
[0.526, 0.72, 0.566, 0.642, 0.676, 0.672, 0.576, 0.576, 0.7, 0.606, 0.528, 0.594, 0.524, 0.65, 0.622, 0.564, 0.61, 0.744, 0.65, 0.41]
broken out of loop
Total correct retain:  1374  Total retain:  2500
Total correct forget:  29487  Total forget:  47500
Total correct test:  251  Total test:  500
Total correct forget test:  5199  Total test forget:  9500
[0.502]
[0.502, 0.606]
[0.502, 0.606, 0.536]
[0.502, 0.606, 0.536, 0.62]
[0.502, 0.606, 0.536, 0.62, 0.63]
[0.502, 0.606, 0.536, 0.62, 0.63, 0.63]
[0.502, 0.606, 0.536, 0.62, 0.63, 0.63, 0.55]
[0.502, 0.606, 0.536, 0.62, 0.63, 0.63, 0.55, 0.562]
[0.502, 0.606, 0.536, 0.62, 0.63, 0.63, 0.55, 0.562, 0.672]
[0.502, 0.606, 0.536, 0.62, 0.63, 0.63, 0.55, 0.562, 0.672, 0.534]
[0.502, 0.606, 0.536, 0.62, 0.63, 0.63, 0.55, 0.562, 0.672, 0.534, 0.474]
[0.502, 0.606, 0.536, 0.62, 0.63, 0.63, 0.55, 0.562, 0.672, 0.534, 0.474, 0.574]
[0.502, 0.606, 0.536, 0.62, 0.63, 0.63, 0.55, 0.562, 0.672, 0.534, 0.474, 0.574, 0.456]
[0.502, 0.606, 0.536, 0.62, 0.63, 0.63, 0.55, 0.562, 0.672, 0.534, 0.474, 0.574, 0.456, 0.612]
[0.502, 0.606, 0.536, 0.62, 0.63, 0.63, 0.55, 0.562, 0.672, 0.534, 0.474, 0.574, 0.456, 0.612, 0.512]
[0.502, 0.606, 0.536, 0.62, 0.63, 0.63, 0.55, 0.562, 0.672, 0.534, 0.474, 0.574, 0.456, 0.612, 0.512, 0.552]
[0.502, 0.606, 0.536, 0.62, 0.63, 0.63, 0.55, 0.562, 0.672, 0.534, 0.474, 0.574, 0.456, 0.612, 0.512, 0.552, 0.602]
[0.502, 0.606, 0.536, 0.62, 0.63, 0.63, 0.55, 0.562, 0.672, 0.534, 0.474, 0.574, 0.456, 0.612, 0.512, 0.552, 0.602, 0.604]
[0.502, 0.606, 0.536, 0.62, 0.63, 0.63, 0.55, 0.562, 0.672, 0.534, 0.474, 0.574, 0.456, 0.612, 0.512, 0.552, 0.602, 0.604, 0.298]
[0.502, 0.606, 0.536, 0.62, 0.63, 0.63, 0.55, 0.562, 0.672, 0.534, 0.474, 0.574, 0.456, 0.612, 0.512, 0.552, 0.602, 0.604, 0.298, 0.374]
broken out of loop
Total correct retain:  1292  Total retain:  2500
Total correct forget:  27979  Total forget:  47500
Total correct test:  236  Total test:  500
Total correct forget test:  4937  Total test forget:  9500
[0.472]
[0.472, 0.588]
[0.472, 0.588, 0.544]
[0.472, 0.588, 0.544, 0.634]
[0.472, 0.588, 0.544, 0.634, 0.632]
[0.472, 0.588, 0.544, 0.634, 0.632, 0.612]
[0.472, 0.588, 0.544, 0.634, 0.632, 0.612, 0.524]
[0.472, 0.588, 0.544, 0.634, 0.632, 0.612, 0.524, 0.542]
[0.472, 0.588, 0.544, 0.634, 0.632, 0.612, 0.524, 0.542, 0.592]
[0.472, 0.588, 0.544, 0.634, 0.632, 0.612, 0.524, 0.542, 0.592, 0.612]
[0.472, 0.588, 0.544, 0.634, 0.632, 0.612, 0.524, 0.542, 0.592, 0.612, 0.504]
[0.472, 0.588, 0.544, 0.634, 0.632, 0.612, 0.524, 0.542, 0.592, 0.612, 0.504, 0.48]
[0.472, 0.588, 0.544, 0.634, 0.632, 0.612, 0.524, 0.542, 0.592, 0.612, 0.504, 0.48, 0.378]
[0.472, 0.588, 0.544, 0.634, 0.632, 0.612, 0.524, 0.542, 0.592, 0.612, 0.504, 0.48, 0.378, 0.612]
[0.472, 0.588, 0.544, 0.634, 0.632, 0.612, 0.524, 0.542, 0.592, 0.612, 0.504, 0.48, 0.378, 0.612, 0.51]
[0.472, 0.588, 0.544, 0.634, 0.632, 0.612, 0.524, 0.542, 0.592, 0.612, 0.504, 0.48, 0.378, 0.612, 0.51, 0.56]
[0.472, 0.588, 0.544, 0.634, 0.632, 0.612, 0.524, 0.542, 0.592, 0.612, 0.504, 0.48, 0.378, 0.612, 0.51, 0.56, 0.554]
[0.472, 0.588, 0.544, 0.634, 0.632, 0.612, 0.524, 0.542, 0.592, 0.612, 0.504, 0.48, 0.378, 0.612, 0.51, 0.56, 0.554, 0.314]
[0.472, 0.588, 0.544, 0.634, 0.632, 0.612, 0.524, 0.542, 0.592, 0.612, 0.504, 0.48, 0.378, 0.612, 0.51, 0.56, 0.554, 0.314, 0.274]
[0.472, 0.588, 0.544, 0.634, 0.632, 0.612, 0.524, 0.542, 0.592, 0.612, 0.504, 0.48, 0.378, 0.612, 0.51, 0.56, 0.554, 0.314, 0.274, 0.408]
broken out of loop
Total correct retain:  1237  Total retain:  2500
Total correct forget:  26115  Total forget:  47500
Total correct test:  238  Total test:  500
Total correct forget test:  4696  Total test forget:  9500
[0.476]
[0.476, 0.618]
[0.476, 0.618, 0.484]
[0.476, 0.618, 0.484, 0.554]
[0.476, 0.618, 0.484, 0.554, 0.608]
[0.476, 0.618, 0.484, 0.554, 0.608, 0.56]
[0.476, 0.618, 0.484, 0.554, 0.608, 0.56, 0.514]
[0.476, 0.618, 0.484, 0.554, 0.608, 0.56, 0.514, 0.64]
[0.476, 0.618, 0.484, 0.554, 0.608, 0.56, 0.514, 0.64, 0.586]
[0.476, 0.618, 0.484, 0.554, 0.608, 0.56, 0.514, 0.64, 0.586, 0.496]
[0.476, 0.618, 0.484, 0.554, 0.608, 0.56, 0.514, 0.64, 0.586, 0.496, 0.552]
[0.476, 0.618, 0.484, 0.554, 0.608, 0.56, 0.514, 0.64, 0.586, 0.496, 0.552, 0.564]
[0.476, 0.618, 0.484, 0.554, 0.608, 0.56, 0.514, 0.64, 0.586, 0.496, 0.552, 0.564, 0.482]
[0.476, 0.618, 0.484, 0.554, 0.608, 0.56, 0.514, 0.64, 0.586, 0.496, 0.552, 0.564, 0.482, 0.608]
[0.476, 0.618, 0.484, 0.554, 0.608, 0.56, 0.514, 0.64, 0.586, 0.496, 0.552, 0.564, 0.482, 0.608, 0.486]
[0.476, 0.618, 0.484, 0.554, 0.608, 0.56, 0.514, 0.64, 0.586, 0.496, 0.552, 0.564, 0.482, 0.608, 0.486, 0.494]
[0.476, 0.618, 0.484, 0.554, 0.608, 0.56, 0.514, 0.64, 0.586, 0.496, 0.552, 0.564, 0.482, 0.608, 0.486, 0.494, 0.216]
[0.476, 0.618, 0.484, 0.554, 0.608, 0.56, 0.514, 0.64, 0.586, 0.496, 0.552, 0.564, 0.482, 0.608, 0.486, 0.494, 0.216, 0.37]
[0.476, 0.618, 0.484, 0.554, 0.608, 0.56, 0.514, 0.64, 0.586, 0.496, 0.552, 0.564, 0.482, 0.608, 0.486, 0.494, 0.216, 0.37, 0.292]
[0.476, 0.618, 0.484, 0.554, 0.608, 0.56, 0.514, 0.64, 0.586, 0.496, 0.552, 0.564, 0.482, 0.608, 0.486, 0.494, 0.216, 0.37, 0.292, 0.268]
broken out of loop
Total correct retain:  1227  Total retain:  2500
Total correct forget:  25380  Total forget:  47500
Total correct test:  223  Total test:  500
Total correct forget test:  4516  Total test forget:  9500
[0.446]
[0.446, 0.578]
[0.446, 0.578, 0.49]
[0.446, 0.578, 0.49, 0.576]
[0.446, 0.578, 0.49, 0.576, 0.598]
[0.446, 0.578, 0.49, 0.576, 0.598, 0.544]
[0.446, 0.578, 0.49, 0.576, 0.598, 0.544, 0.496]
[0.446, 0.578, 0.49, 0.576, 0.598, 0.544, 0.496, 0.614]
[0.446, 0.578, 0.49, 0.576, 0.598, 0.544, 0.496, 0.614, 0.624]
[0.446, 0.578, 0.49, 0.576, 0.598, 0.544, 0.496, 0.614, 0.624, 0.572]
[0.446, 0.578, 0.49, 0.576, 0.598, 0.544, 0.496, 0.614, 0.624, 0.572, 0.45]
[0.446, 0.578, 0.49, 0.576, 0.598, 0.544, 0.496, 0.614, 0.624, 0.572, 0.45, 0.556]
[0.446, 0.578, 0.49, 0.576, 0.598, 0.544, 0.496, 0.614, 0.624, 0.572, 0.45, 0.556, 0.434]
[0.446, 0.578, 0.49, 0.576, 0.598, 0.544, 0.496, 0.614, 0.624, 0.572, 0.45, 0.556, 0.434, 0.58]
[0.446, 0.578, 0.49, 0.576, 0.598, 0.544, 0.496, 0.614, 0.624, 0.572, 0.45, 0.556, 0.434, 0.58, 0.522]
[0.446, 0.578, 0.49, 0.576, 0.598, 0.544, 0.496, 0.614, 0.624, 0.572, 0.45, 0.556, 0.434, 0.58, 0.522, 0.246]
[0.446, 0.578, 0.49, 0.576, 0.598, 0.544, 0.496, 0.614, 0.624, 0.572, 0.45, 0.556, 0.434, 0.58, 0.522, 0.246, 0.27]
[0.446, 0.578, 0.49, 0.576, 0.598, 0.544, 0.496, 0.614, 0.624, 0.572, 0.45, 0.556, 0.434, 0.58, 0.522, 0.246, 0.27, 0.384]
[0.446, 0.578, 0.49, 0.576, 0.598, 0.544, 0.496, 0.614, 0.624, 0.572, 0.45, 0.556, 0.434, 0.58, 0.522, 0.246, 0.27, 0.384, 0.264]
[0.446, 0.578, 0.49, 0.576, 0.598, 0.544, 0.496, 0.614, 0.624, 0.572, 0.45, 0.556, 0.434, 0.58, 0.522, 0.246, 0.27, 0.384, 0.264, 0.234]
broken out of loop
Total correct retain:  1147  Total retain:  2500
Total correct forget:  23639  Total forget:  47500
Total correct test:  198  Total test:  500
Total correct forget test:  4277  Total test forget:  9500
[0.396]
[0.396, 0.624]
[0.396, 0.624, 0.562]
[0.396, 0.624, 0.562, 0.614]
[0.396, 0.624, 0.562, 0.614, 0.532]
[0.396, 0.624, 0.562, 0.614, 0.532, 0.528]
[0.396, 0.624, 0.562, 0.614, 0.532, 0.528, 0.512]
[0.396, 0.624, 0.562, 0.614, 0.532, 0.528, 0.512, 0.59]
[0.396, 0.624, 0.562, 0.614, 0.532, 0.528, 0.512, 0.59, 0.6]
[0.396, 0.624, 0.562, 0.614, 0.532, 0.528, 0.512, 0.59, 0.6, 0.556]
[0.396, 0.624, 0.562, 0.614, 0.532, 0.528, 0.512, 0.59, 0.6, 0.556, 0.456]
[0.396, 0.624, 0.562, 0.614, 0.532, 0.528, 0.512, 0.59, 0.6, 0.556, 0.456, 0.502]
[0.396, 0.624, 0.562, 0.614, 0.532, 0.528, 0.512, 0.59, 0.6, 0.556, 0.456, 0.502, 0.398]
[0.396, 0.624, 0.562, 0.614, 0.532, 0.528, 0.512, 0.59, 0.6, 0.556, 0.456, 0.502, 0.398, 0.54]
[0.396, 0.624, 0.562, 0.614, 0.532, 0.528, 0.512, 0.59, 0.6, 0.556, 0.456, 0.502, 0.398, 0.54, 0.218]
[0.396, 0.624, 0.562, 0.614, 0.532, 0.528, 0.512, 0.59, 0.6, 0.556, 0.456, 0.502, 0.398, 0.54, 0.218, 0.244]
[0.396, 0.624, 0.562, 0.614, 0.532, 0.528, 0.512, 0.59, 0.6, 0.556, 0.456, 0.502, 0.398, 0.54, 0.218, 0.244, 0.254]
[0.396, 0.624, 0.562, 0.614, 0.532, 0.528, 0.512, 0.59, 0.6, 0.556, 0.456, 0.502, 0.398, 0.54, 0.218, 0.244, 0.254, 0.33]
[0.396, 0.624, 0.562, 0.614, 0.532, 0.528, 0.512, 0.59, 0.6, 0.556, 0.456, 0.502, 0.398, 0.54, 0.218, 0.244, 0.254, 0.33, 0.276]
[0.396, 0.624, 0.562, 0.614, 0.532, 0.528, 0.512, 0.59, 0.6, 0.556, 0.456, 0.502, 0.398, 0.54, 0.218, 0.244, 0.254, 0.33, 0.276, 0.218]
broken out of loop
Total correct retain:  973  Total retain:  2500
Total correct forget:  22959  Total forget:  47500
Total correct test:  171  Total test:  500
Total correct forget test:  4186  Total test forget:  9500
[0.342]
[0.342, 0.638]
[0.342, 0.638, 0.432]
[0.342, 0.638, 0.432, 0.55]
[0.342, 0.638, 0.432, 0.55, 0.592]
[0.342, 0.638, 0.432, 0.55, 0.592, 0.516]
[0.342, 0.638, 0.432, 0.55, 0.592, 0.516, 0.554]
[0.342, 0.638, 0.432, 0.55, 0.592, 0.516, 0.554, 0.55]
[0.342, 0.638, 0.432, 0.55, 0.592, 0.516, 0.554, 0.55, 0.668]
[0.342, 0.638, 0.432, 0.55, 0.592, 0.516, 0.554, 0.55, 0.668, 0.518]
[0.342, 0.638, 0.432, 0.55, 0.592, 0.516, 0.554, 0.55, 0.668, 0.518, 0.504]
[0.342, 0.638, 0.432, 0.55, 0.592, 0.516, 0.554, 0.55, 0.668, 0.518, 0.504, 0.482]
[0.342, 0.638, 0.432, 0.55, 0.592, 0.516, 0.554, 0.55, 0.668, 0.518, 0.504, 0.482, 0.448]
[0.342, 0.638, 0.432, 0.55, 0.592, 0.516, 0.554, 0.55, 0.668, 0.518, 0.504, 0.482, 0.448, 0.244]
[0.342, 0.638, 0.432, 0.55, 0.592, 0.516, 0.554, 0.55, 0.668, 0.518, 0.504, 0.482, 0.448, 0.244, 0.196]
[0.342, 0.638, 0.432, 0.55, 0.592, 0.516, 0.554, 0.55, 0.668, 0.518, 0.504, 0.482, 0.448, 0.244, 0.196, 0.282]
[0.342, 0.638, 0.432, 0.55, 0.592, 0.516, 0.554, 0.55, 0.668, 0.518, 0.504, 0.482, 0.448, 0.244, 0.196, 0.282, 0.224]
[0.342, 0.638, 0.432, 0.55, 0.592, 0.516, 0.554, 0.55, 0.668, 0.518, 0.504, 0.482, 0.448, 0.244, 0.196, 0.282, 0.224, 0.354]
[0.342, 0.638, 0.432, 0.55, 0.592, 0.516, 0.554, 0.55, 0.668, 0.518, 0.504, 0.482, 0.448, 0.244, 0.196, 0.282, 0.224, 0.354, 0.37]
[0.342, 0.638, 0.432, 0.55, 0.592, 0.516, 0.554, 0.55, 0.668, 0.518, 0.504, 0.482, 0.448, 0.244, 0.196, 0.282, 0.224, 0.354, 0.37, 0.25]
broken out of loop
Total correct retain:  1078  Total retain:  2500
Total correct forget:  21608  Total forget:  47500
Total correct test:  208  Total test:  500
Total correct forget test:  3946  Total test forget:  9500
[0.416]
[0.416, 0.558]
[0.416, 0.558, 0.516]
[0.416, 0.558, 0.516, 0.604]
[0.416, 0.558, 0.516, 0.604, 0.614]
[0.416, 0.558, 0.516, 0.604, 0.614, 0.546]
[0.416, 0.558, 0.516, 0.604, 0.614, 0.546, 0.546]
[0.416, 0.558, 0.516, 0.604, 0.614, 0.546, 0.546, 0.508]
[0.416, 0.558, 0.516, 0.604, 0.614, 0.546, 0.546, 0.508, 0.552]
[0.416, 0.558, 0.516, 0.604, 0.614, 0.546, 0.546, 0.508, 0.552, 0.546]
[0.416, 0.558, 0.516, 0.604, 0.614, 0.546, 0.546, 0.508, 0.552, 0.546, 0.406]
[0.416, 0.558, 0.516, 0.604, 0.614, 0.546, 0.546, 0.508, 0.552, 0.546, 0.406, 0.33]
[0.416, 0.558, 0.516, 0.604, 0.614, 0.546, 0.546, 0.508, 0.552, 0.546, 0.406, 0.33, 0.158]
[0.416, 0.558, 0.516, 0.604, 0.614, 0.546, 0.546, 0.508, 0.552, 0.546, 0.406, 0.33, 0.158, 0.384]
[0.416, 0.558, 0.516, 0.604, 0.614, 0.546, 0.546, 0.508, 0.552, 0.546, 0.406, 0.33, 0.158, 0.384, 0.242]
[0.416, 0.558, 0.516, 0.604, 0.614, 0.546, 0.546, 0.508, 0.552, 0.546, 0.406, 0.33, 0.158, 0.384, 0.242, 0.326]
[0.416, 0.558, 0.516, 0.604, 0.614, 0.546, 0.546, 0.508, 0.552, 0.546, 0.406, 0.33, 0.158, 0.384, 0.242, 0.326, 0.316]
[0.416, 0.558, 0.516, 0.604, 0.614, 0.546, 0.546, 0.508, 0.552, 0.546, 0.406, 0.33, 0.158, 0.384, 0.242, 0.326, 0.316, 0.29]
[0.416, 0.558, 0.516, 0.604, 0.614, 0.546, 0.546, 0.508, 0.552, 0.546, 0.406, 0.33, 0.158, 0.384, 0.242, 0.326, 0.316, 0.29, 0.236]
[0.416, 0.558, 0.516, 0.604, 0.614, 0.546, 0.546, 0.508, 0.552, 0.546, 0.406, 0.33, 0.158, 0.384, 0.242, 0.326, 0.316, 0.29, 0.236, 0.214]
broken out of loop
Total correct retain:  1090  Total retain:  2500
Total correct forget:  19106  Total forget:  47500
Total correct test:  200  Total test:  500
Total correct forget test:  3578  Total test forget:  9500
[0.4]
[0.4, 0.654]
[0.4, 0.654, 0.5]
[0.4, 0.654, 0.5, 0.488]
[0.4, 0.654, 0.5, 0.488, 0.61]
[0.4, 0.654, 0.5, 0.488, 0.61, 0.474]
[0.4, 0.654, 0.5, 0.488, 0.61, 0.474, 0.544]
[0.4, 0.654, 0.5, 0.488, 0.61, 0.474, 0.544, 0.44]
[0.4, 0.654, 0.5, 0.488, 0.61, 0.474, 0.544, 0.44, 0.48]
[0.4, 0.654, 0.5, 0.488, 0.61, 0.474, 0.544, 0.44, 0.48, 0.5]
[0.4, 0.654, 0.5, 0.488, 0.61, 0.474, 0.544, 0.44, 0.48, 0.5, 0.354]
[0.4, 0.654, 0.5, 0.488, 0.61, 0.474, 0.544, 0.44, 0.48, 0.5, 0.354, 0.204]
[0.4, 0.654, 0.5, 0.488, 0.61, 0.474, 0.544, 0.44, 0.48, 0.5, 0.354, 0.204, 0.136]
[0.4, 0.654, 0.5, 0.488, 0.61, 0.474, 0.544, 0.44, 0.48, 0.5, 0.354, 0.204, 0.136, 0.338]
[0.4, 0.654, 0.5, 0.488, 0.61, 0.474, 0.544, 0.44, 0.48, 0.5, 0.354, 0.204, 0.136, 0.338, 0.22]
[0.4, 0.654, 0.5, 0.488, 0.61, 0.474, 0.544, 0.44, 0.48, 0.5, 0.354, 0.204, 0.136, 0.338, 0.22, 0.336]
[0.4, 0.654, 0.5, 0.488, 0.61, 0.474, 0.544, 0.44, 0.48, 0.5, 0.354, 0.204, 0.136, 0.338, 0.22, 0.336, 0.26]
[0.4, 0.654, 0.5, 0.488, 0.61, 0.474, 0.544, 0.44, 0.48, 0.5, 0.354, 0.204, 0.136, 0.338, 0.22, 0.336, 0.26, 0.174]
[0.4, 0.654, 0.5, 0.488, 0.61, 0.474, 0.544, 0.44, 0.48, 0.5, 0.354, 0.204, 0.136, 0.338, 0.22, 0.336, 0.26, 0.174, 0.188]
[0.4, 0.654, 0.5, 0.488, 0.61, 0.474, 0.544, 0.44, 0.48, 0.5, 0.354, 0.204, 0.136, 0.338, 0.22, 0.336, 0.26, 0.174, 0.188, 0.256]
broken out of loop
Total correct retain:  1289  Total retain:  2500
Total correct forget:  19773  Total forget:  47500
Total correct test:  256  Total test:  500
Total correct forget test:  3740  Total test forget:  9500
[0.512]
[0.512, 0.464]
[0.512, 0.464, 0.52]
[0.512, 0.464, 0.52, 0.57]
[0.512, 0.464, 0.52, 0.57, 0.594]
[0.512, 0.464, 0.52, 0.57, 0.594, 0.518]
[0.512, 0.464, 0.52, 0.57, 0.594, 0.518, 0.48]
[0.512, 0.464, 0.52, 0.57, 0.594, 0.518, 0.48, 0.496]
[0.512, 0.464, 0.52, 0.57, 0.594, 0.518, 0.48, 0.496, 0.582]
[0.512, 0.464, 0.52, 0.57, 0.594, 0.518, 0.48, 0.496, 0.582, 0.568]
[0.512, 0.464, 0.52, 0.57, 0.594, 0.518, 0.48, 0.496, 0.582, 0.568, 0.22]
[0.512, 0.464, 0.52, 0.57, 0.594, 0.518, 0.48, 0.496, 0.582, 0.568, 0.22, 0.19]
[0.512, 0.464, 0.52, 0.57, 0.594, 0.518, 0.48, 0.496, 0.582, 0.568, 0.22, 0.19, 0.232]
[0.512, 0.464, 0.52, 0.57, 0.594, 0.518, 0.48, 0.496, 0.582, 0.568, 0.22, 0.19, 0.232, 0.406]
[0.512, 0.464, 0.52, 0.57, 0.594, 0.518, 0.48, 0.496, 0.582, 0.568, 0.22, 0.19, 0.232, 0.406, 0.264]
[0.512, 0.464, 0.52, 0.57, 0.594, 0.518, 0.48, 0.496, 0.582, 0.568, 0.22, 0.19, 0.232, 0.406, 0.264, 0.29]
[0.512, 0.464, 0.52, 0.57, 0.594, 0.518, 0.48, 0.496, 0.582, 0.568, 0.22, 0.19, 0.232, 0.406, 0.264, 0.29, 0.32]
[0.512, 0.464, 0.52, 0.57, 0.594, 0.518, 0.48, 0.496, 0.582, 0.568, 0.22, 0.19, 0.232, 0.406, 0.264, 0.29, 0.32, 0.262]
[0.512, 0.464, 0.52, 0.57, 0.594, 0.518, 0.48, 0.496, 0.582, 0.568, 0.22, 0.19, 0.232, 0.406, 0.264, 0.29, 0.32, 0.262, 0.27]
[0.512, 0.464, 0.52, 0.57, 0.594, 0.518, 0.48, 0.496, 0.582, 0.568, 0.22, 0.19, 0.232, 0.406, 0.264, 0.29, 0.32, 0.262, 0.27, 0.234]
broken out of loop
Total correct retain:  1135  Total retain:  2500
Total correct forget:  19151  Total forget:  47500
Total correct test:  217  Total test:  500
Total correct forget test:  3549  Total test forget:  9500
[0.434]
[0.434, 0.548]
[0.434, 0.548, 0.508]
[0.434, 0.548, 0.508, 0.616]
[0.434, 0.548, 0.508, 0.616, 0.57]
[0.434, 0.548, 0.508, 0.616, 0.57, 0.548]
[0.434, 0.548, 0.508, 0.616, 0.57, 0.548, 0.448]
[0.434, 0.548, 0.508, 0.616, 0.57, 0.548, 0.448, 0.554]
[0.434, 0.548, 0.508, 0.616, 0.57, 0.548, 0.448, 0.554, 0.578]
[0.434, 0.548, 0.508, 0.616, 0.57, 0.548, 0.448, 0.554, 0.578, 0.322]
[0.434, 0.548, 0.508, 0.616, 0.57, 0.548, 0.448, 0.554, 0.578, 0.322, 0.258]
[0.434, 0.548, 0.508, 0.616, 0.57, 0.548, 0.448, 0.554, 0.578, 0.322, 0.258, 0.204]
[0.434, 0.548, 0.508, 0.616, 0.57, 0.548, 0.448, 0.554, 0.578, 0.322, 0.258, 0.204, 0.21]
[0.434, 0.548, 0.508, 0.616, 0.57, 0.548, 0.448, 0.554, 0.578, 0.322, 0.258, 0.204, 0.21, 0.37]
[0.434, 0.548, 0.508, 0.616, 0.57, 0.548, 0.448, 0.554, 0.578, 0.322, 0.258, 0.204, 0.21, 0.37, 0.24]
[0.434, 0.548, 0.508, 0.616, 0.57, 0.548, 0.448, 0.554, 0.578, 0.322, 0.258, 0.204, 0.21, 0.37, 0.24, 0.29]
[0.434, 0.548, 0.508, 0.616, 0.57, 0.548, 0.448, 0.554, 0.578, 0.322, 0.258, 0.204, 0.21, 0.37, 0.24, 0.29, 0.262]
[0.434, 0.548, 0.508, 0.616, 0.57, 0.548, 0.448, 0.554, 0.578, 0.322, 0.258, 0.204, 0.21, 0.37, 0.24, 0.29, 0.262, 0.094]
[0.434, 0.548, 0.508, 0.616, 0.57, 0.548, 0.448, 0.554, 0.578, 0.322, 0.258, 0.204, 0.21, 0.37, 0.24, 0.29, 0.262, 0.094, 0.242]
[0.434, 0.548, 0.508, 0.616, 0.57, 0.548, 0.448, 0.554, 0.578, 0.322, 0.258, 0.204, 0.21, 0.37, 0.24, 0.29, 0.262, 0.094, 0.242, 0.236]
broken out of loop
Total correct retain:  1134  Total retain:  2500
Total correct forget:  16673  Total forget:  47500
Total correct test:  198  Total test:  500
Total correct forget test:  3124  Total test forget:  9500
[0.396]
[0.396, 0.458]
[0.396, 0.458, 0.48]
[0.396, 0.458, 0.48, 0.468]
[0.396, 0.458, 0.48, 0.468, 0.554]
[0.396, 0.458, 0.48, 0.468, 0.554, 0.546]
[0.396, 0.458, 0.48, 0.468, 0.554, 0.546, 0.446]
[0.396, 0.458, 0.48, 0.468, 0.554, 0.546, 0.446, 0.46]
[0.396, 0.458, 0.48, 0.468, 0.554, 0.546, 0.446, 0.46, 0.262]
[0.396, 0.458, 0.48, 0.468, 0.554, 0.546, 0.446, 0.46, 0.262, 0.262]
[0.396, 0.458, 0.48, 0.468, 0.554, 0.546, 0.446, 0.46, 0.262, 0.262, 0.284]
[0.396, 0.458, 0.48, 0.468, 0.554, 0.546, 0.446, 0.46, 0.262, 0.262, 0.284, 0.126]
[0.396, 0.458, 0.48, 0.468, 0.554, 0.546, 0.446, 0.46, 0.262, 0.262, 0.284, 0.126, 0.144]
[0.396, 0.458, 0.48, 0.468, 0.554, 0.546, 0.446, 0.46, 0.262, 0.262, 0.284, 0.126, 0.144, 0.268]
[0.396, 0.458, 0.48, 0.468, 0.554, 0.546, 0.446, 0.46, 0.262, 0.262, 0.284, 0.126, 0.144, 0.268, 0.238]
[0.396, 0.458, 0.48, 0.468, 0.554, 0.546, 0.446, 0.46, 0.262, 0.262, 0.284, 0.126, 0.144, 0.268, 0.238, 0.348]
[0.396, 0.458, 0.48, 0.468, 0.554, 0.546, 0.446, 0.46, 0.262, 0.262, 0.284, 0.126, 0.144, 0.268, 0.238, 0.348, 0.304]
[0.396, 0.458, 0.48, 0.468, 0.554, 0.546, 0.446, 0.46, 0.262, 0.262, 0.284, 0.126, 0.144, 0.268, 0.238, 0.348, 0.304, 0.086]
[0.396, 0.458, 0.48, 0.468, 0.554, 0.546, 0.446, 0.46, 0.262, 0.262, 0.284, 0.126, 0.144, 0.268, 0.238, 0.348, 0.304, 0.086, 0.244]
[0.396, 0.458, 0.48, 0.468, 0.554, 0.546, 0.446, 0.46, 0.262, 0.262, 0.284, 0.126, 0.144, 0.268, 0.238, 0.348, 0.304, 0.086, 0.244, 0.27]
broken out of loop
Total correct retain:  1234  Total retain:  2500
Total correct forget:  15724  Total forget:  47500
Total correct test:  225  Total test:  500
Total correct forget test:  3003  Total test forget:  9500
[0.45]
[0.45, 0.584]
[0.45, 0.584, 0.45]
[0.45, 0.584, 0.45, 0.532]
[0.45, 0.584, 0.45, 0.532, 0.464]
[0.45, 0.584, 0.45, 0.532, 0.464, 0.51]
[0.45, 0.584, 0.45, 0.532, 0.464, 0.51, 0.46]
[0.45, 0.584, 0.45, 0.532, 0.464, 0.51, 0.46, 0.222]
[0.45, 0.584, 0.45, 0.532, 0.464, 0.51, 0.46, 0.222, 0.198]
[0.45, 0.584, 0.45, 0.532, 0.464, 0.51, 0.46, 0.222, 0.198, 0.19]
[0.45, 0.584, 0.45, 0.532, 0.464, 0.51, 0.46, 0.222, 0.198, 0.19, 0.3]
[0.45, 0.584, 0.45, 0.532, 0.464, 0.51, 0.46, 0.222, 0.198, 0.19, 0.3, 0.218]
[0.45, 0.584, 0.45, 0.532, 0.464, 0.51, 0.46, 0.222, 0.198, 0.19, 0.3, 0.218, 0.202]
[0.45, 0.584, 0.45, 0.532, 0.464, 0.51, 0.46, 0.222, 0.198, 0.19, 0.3, 0.218, 0.202, 0.294]
[0.45, 0.584, 0.45, 0.532, 0.464, 0.51, 0.46, 0.222, 0.198, 0.19, 0.3, 0.218, 0.202, 0.294, 0.242]
[0.45, 0.584, 0.45, 0.532, 0.464, 0.51, 0.46, 0.222, 0.198, 0.19, 0.3, 0.218, 0.202, 0.294, 0.242, 0.282]
[0.45, 0.584, 0.45, 0.532, 0.464, 0.51, 0.46, 0.222, 0.198, 0.19, 0.3, 0.218, 0.202, 0.294, 0.242, 0.282, 0.168]
[0.45, 0.584, 0.45, 0.532, 0.464, 0.51, 0.46, 0.222, 0.198, 0.19, 0.3, 0.218, 0.202, 0.294, 0.242, 0.282, 0.168, 0.146]
[0.45, 0.584, 0.45, 0.532, 0.464, 0.51, 0.46, 0.222, 0.198, 0.19, 0.3, 0.218, 0.202, 0.294, 0.242, 0.282, 0.168, 0.146, 0.248]
[0.45, 0.584, 0.45, 0.532, 0.464, 0.51, 0.46, 0.222, 0.198, 0.19, 0.3, 0.218, 0.202, 0.294, 0.242, 0.282, 0.168, 0.146, 0.248, 0.296]
broken out of loop
Total correct retain:  1225  Total retain:  2500
Total correct forget:  15804  Total forget:  47500
Total correct test:  229  Total test:  500
Total correct forget test:  3093  Total test forget:  9500
[0.458]
[0.458, 0.616]
[0.458, 0.616, 0.332]
[0.458, 0.616, 0.332, 0.536]
[0.458, 0.616, 0.332, 0.536, 0.666]
[0.458, 0.616, 0.332, 0.536, 0.666, 0.44]
[0.458, 0.616, 0.332, 0.536, 0.666, 0.44, 0.24]
[0.458, 0.616, 0.332, 0.536, 0.666, 0.44, 0.24, 0.306]
[0.458, 0.616, 0.332, 0.536, 0.666, 0.44, 0.24, 0.306, 0.282]
[0.458, 0.616, 0.332, 0.536, 0.666, 0.44, 0.24, 0.306, 0.282, 0.254]
[0.458, 0.616, 0.332, 0.536, 0.666, 0.44, 0.24, 0.306, 0.282, 0.254, 0.23]
[0.458, 0.616, 0.332, 0.536, 0.666, 0.44, 0.24, 0.306, 0.282, 0.254, 0.23, 0.158]
[0.458, 0.616, 0.332, 0.536, 0.666, 0.44, 0.24, 0.306, 0.282, 0.254, 0.23, 0.158, 0.18]
[0.458, 0.616, 0.332, 0.536, 0.666, 0.44, 0.24, 0.306, 0.282, 0.254, 0.23, 0.158, 0.18, 0.418]
[0.458, 0.616, 0.332, 0.536, 0.666, 0.44, 0.24, 0.306, 0.282, 0.254, 0.23, 0.158, 0.18, 0.418, 0.262]
[0.458, 0.616, 0.332, 0.536, 0.666, 0.44, 0.24, 0.306, 0.282, 0.254, 0.23, 0.158, 0.18, 0.418, 0.262, 0.302]
[0.458, 0.616, 0.332, 0.536, 0.666, 0.44, 0.24, 0.306, 0.282, 0.254, 0.23, 0.158, 0.18, 0.418, 0.262, 0.302, 0.182]
[0.458, 0.616, 0.332, 0.536, 0.666, 0.44, 0.24, 0.306, 0.282, 0.254, 0.23, 0.158, 0.18, 0.418, 0.262, 0.302, 0.182, 0.21]
[0.458, 0.616, 0.332, 0.536, 0.666, 0.44, 0.24, 0.306, 0.282, 0.254, 0.23, 0.158, 0.18, 0.418, 0.262, 0.302, 0.182, 0.21, 0.3]
[0.458, 0.616, 0.332, 0.536, 0.666, 0.44, 0.24, 0.306, 0.282, 0.254, 0.23, 0.158, 0.18, 0.418, 0.262, 0.302, 0.182, 0.21, 0.3, 0.272]
broken out of loop
Total correct retain:  1437  Total retain:  2500
Total correct forget:  15434  Total forget:  47500
Total correct test:  273  Total test:  500
Total correct forget test:  3010  Total test forget:  9500
[0.546]
[0.546, 0.602]
[0.546, 0.602, 0.366]
[0.546, 0.602, 0.366, 0.6]
[0.546, 0.602, 0.366, 0.6, 0.662]
[0.546, 0.602, 0.366, 0.6, 0.662, 0.226]
[0.546, 0.602, 0.366, 0.6, 0.662, 0.226, 0.254]
[0.546, 0.602, 0.366, 0.6, 0.662, 0.226, 0.254, 0.29]
[0.546, 0.602, 0.366, 0.6, 0.662, 0.226, 0.254, 0.29, 0.274]
[0.546, 0.602, 0.366, 0.6, 0.662, 0.226, 0.254, 0.29, 0.274, 0.186]
[0.546, 0.602, 0.366, 0.6, 0.662, 0.226, 0.254, 0.29, 0.274, 0.186, 0.308]
[0.546, 0.602, 0.366, 0.6, 0.662, 0.226, 0.254, 0.29, 0.274, 0.186, 0.308, 0.162]
[0.546, 0.602, 0.366, 0.6, 0.662, 0.226, 0.254, 0.29, 0.274, 0.186, 0.308, 0.162, 0.216]
[0.546, 0.602, 0.366, 0.6, 0.662, 0.226, 0.254, 0.29, 0.274, 0.186, 0.308, 0.162, 0.216, 0.414]
[0.546, 0.602, 0.366, 0.6, 0.662, 0.226, 0.254, 0.29, 0.274, 0.186, 0.308, 0.162, 0.216, 0.414, 0.246]
[0.546, 0.602, 0.366, 0.6, 0.662, 0.226, 0.254, 0.29, 0.274, 0.186, 0.308, 0.162, 0.216, 0.414, 0.246, 0.3]
[0.546, 0.602, 0.366, 0.6, 0.662, 0.226, 0.254, 0.29, 0.274, 0.186, 0.308, 0.162, 0.216, 0.414, 0.246, 0.3, 0.156]
[0.546, 0.602, 0.366, 0.6, 0.662, 0.226, 0.254, 0.29, 0.274, 0.186, 0.308, 0.162, 0.216, 0.414, 0.246, 0.3, 0.156, 0.188]
[0.546, 0.602, 0.366, 0.6, 0.662, 0.226, 0.254, 0.29, 0.274, 0.186, 0.308, 0.162, 0.216, 0.414, 0.246, 0.3, 0.156, 0.188, 0.312]
[0.546, 0.602, 0.366, 0.6, 0.662, 0.226, 0.254, 0.29, 0.274, 0.186, 0.308, 0.162, 0.216, 0.414, 0.246, 0.3, 0.156, 0.188, 0.312, 0.258]
broken out of loop
Total correct retain:  1211  Total retain:  2500
Total correct forget:  14607  Total forget:  47500
Total correct test:  213  Total test:  500
Total correct forget test:  2886  Total test forget:  9500
[0.426]
[0.426, 0.582]
[0.426, 0.582, 0.486]
[0.426, 0.582, 0.486, 0.494]
[0.426, 0.582, 0.486, 0.494, 0.34]
[0.426, 0.582, 0.486, 0.494, 0.34, 0.28]
[0.426, 0.582, 0.486, 0.494, 0.34, 0.28, 0.198]
[0.426, 0.582, 0.486, 0.494, 0.34, 0.28, 0.198, 0.368]
[0.426, 0.582, 0.486, 0.494, 0.34, 0.28, 0.198, 0.368, 0.29]
[0.426, 0.582, 0.486, 0.494, 0.34, 0.28, 0.198, 0.368, 0.29, 0.34]
[0.426, 0.582, 0.486, 0.494, 0.34, 0.28, 0.198, 0.368, 0.29, 0.34, 0.254]
[0.426, 0.582, 0.486, 0.494, 0.34, 0.28, 0.198, 0.368, 0.29, 0.34, 0.254, 0.192]
[0.426, 0.582, 0.486, 0.494, 0.34, 0.28, 0.198, 0.368, 0.29, 0.34, 0.254, 0.192, 0.216]
[0.426, 0.582, 0.486, 0.494, 0.34, 0.28, 0.198, 0.368, 0.29, 0.34, 0.254, 0.192, 0.216, 0.298]
[0.426, 0.582, 0.486, 0.494, 0.34, 0.28, 0.198, 0.368, 0.29, 0.34, 0.254, 0.192, 0.216, 0.298, 0.228]
[0.426, 0.582, 0.486, 0.494, 0.34, 0.28, 0.198, 0.368, 0.29, 0.34, 0.254, 0.192, 0.216, 0.298, 0.228, 0.242]
[0.426, 0.582, 0.486, 0.494, 0.34, 0.28, 0.198, 0.368, 0.29, 0.34, 0.254, 0.192, 0.216, 0.298, 0.228, 0.242, 0.264]
[0.426, 0.582, 0.486, 0.494, 0.34, 0.28, 0.198, 0.368, 0.29, 0.34, 0.254, 0.192, 0.216, 0.298, 0.228, 0.242, 0.264, 0.216]
[0.426, 0.582, 0.486, 0.494, 0.34, 0.28, 0.198, 0.368, 0.29, 0.34, 0.254, 0.192, 0.216, 0.298, 0.228, 0.242, 0.264, 0.216, 0.266]
[0.426, 0.582, 0.486, 0.494, 0.34, 0.28, 0.198, 0.368, 0.29, 0.34, 0.254, 0.192, 0.216, 0.298, 0.228, 0.242, 0.264, 0.216, 0.266, 0.218]
broken out of loop
Total correct retain:  1039  Total retain:  2500
Total correct forget:  13606  Total forget:  47500
Total correct test:  181  Total test:  500
Total correct forget test:  2680  Total test forget:  9500
[0.362]
[0.362, 0.564]
[0.362, 0.564, 0.406]
[0.362, 0.564, 0.406, 0.21]
[0.362, 0.564, 0.406, 0.21, 0.4]
[0.362, 0.564, 0.406, 0.21, 0.4, 0.278]
[0.362, 0.564, 0.406, 0.21, 0.4, 0.278, 0.192]
[0.362, 0.564, 0.406, 0.21, 0.4, 0.278, 0.192, 0.336]
[0.362, 0.564, 0.406, 0.21, 0.4, 0.278, 0.192, 0.336, 0.288]
[0.362, 0.564, 0.406, 0.21, 0.4, 0.278, 0.192, 0.336, 0.288, 0.332]
[0.362, 0.564, 0.406, 0.21, 0.4, 0.278, 0.192, 0.336, 0.288, 0.332, 0.228]
[0.362, 0.564, 0.406, 0.21, 0.4, 0.278, 0.192, 0.336, 0.288, 0.332, 0.228, 0.22]
[0.362, 0.564, 0.406, 0.21, 0.4, 0.278, 0.192, 0.336, 0.288, 0.332, 0.228, 0.22, 0.192]
[0.362, 0.564, 0.406, 0.21, 0.4, 0.278, 0.192, 0.336, 0.288, 0.332, 0.228, 0.22, 0.192, 0.308]
[0.362, 0.564, 0.406, 0.21, 0.4, 0.278, 0.192, 0.336, 0.288, 0.332, 0.228, 0.22, 0.192, 0.308, 0.264]
[0.362, 0.564, 0.406, 0.21, 0.4, 0.278, 0.192, 0.336, 0.288, 0.332, 0.228, 0.22, 0.192, 0.308, 0.264, 0.234]
[0.362, 0.564, 0.406, 0.21, 0.4, 0.278, 0.192, 0.336, 0.288, 0.332, 0.228, 0.22, 0.192, 0.308, 0.264, 0.234, 0.212]
[0.362, 0.564, 0.406, 0.21, 0.4, 0.278, 0.192, 0.336, 0.288, 0.332, 0.228, 0.22, 0.192, 0.308, 0.264, 0.234, 0.212, 0.152]
[0.362, 0.564, 0.406, 0.21, 0.4, 0.278, 0.192, 0.336, 0.288, 0.332, 0.228, 0.22, 0.192, 0.308, 0.264, 0.234, 0.212, 0.152, 0.288]
[0.362, 0.564, 0.406, 0.21, 0.4, 0.278, 0.192, 0.336, 0.288, 0.332, 0.228, 0.22, 0.192, 0.308, 0.264, 0.234, 0.212, 0.152, 0.288, 0.256]
broken out of loop
Total correct retain:  940  Total retain:  2500
Total correct forget:  12611  Total forget:  47500
Total correct test:  161  Total test:  500
Total correct forget test:  2551  Total test forget:  9500
[0.322]
[0.322, 0.512]
[0.322, 0.512, 0.268]
[0.322, 0.512, 0.268, 0.224]
[0.322, 0.512, 0.268, 0.224, 0.366]
[0.322, 0.512, 0.268, 0.224, 0.366, 0.19]
[0.322, 0.512, 0.268, 0.224, 0.366, 0.19, 0.326]
[0.322, 0.512, 0.268, 0.224, 0.366, 0.19, 0.326, 0.39]
[0.322, 0.512, 0.268, 0.224, 0.366, 0.19, 0.326, 0.39, 0.23]
[0.322, 0.512, 0.268, 0.224, 0.366, 0.19, 0.326, 0.39, 0.23, 0.322]
[0.322, 0.512, 0.268, 0.224, 0.366, 0.19, 0.326, 0.39, 0.23, 0.322, 0.18]
[0.322, 0.512, 0.268, 0.224, 0.366, 0.19, 0.326, 0.39, 0.23, 0.322, 0.18, 0.142]
[0.322, 0.512, 0.268, 0.224, 0.366, 0.19, 0.326, 0.39, 0.23, 0.322, 0.18, 0.142, 0.214]
[0.322, 0.512, 0.268, 0.224, 0.366, 0.19, 0.326, 0.39, 0.23, 0.322, 0.18, 0.142, 0.214, 0.332]
[0.322, 0.512, 0.268, 0.224, 0.366, 0.19, 0.326, 0.39, 0.23, 0.322, 0.18, 0.142, 0.214, 0.332, 0.176]
[0.322, 0.512, 0.268, 0.224, 0.366, 0.19, 0.326, 0.39, 0.23, 0.322, 0.18, 0.142, 0.214, 0.332, 0.176, 0.264]
[0.322, 0.512, 0.268, 0.224, 0.366, 0.19, 0.326, 0.39, 0.23, 0.322, 0.18, 0.142, 0.214, 0.332, 0.176, 0.264, 0.198]
[0.322, 0.512, 0.268, 0.224, 0.366, 0.19, 0.326, 0.39, 0.23, 0.322, 0.18, 0.142, 0.214, 0.332, 0.176, 0.264, 0.198, 0.248]
[0.322, 0.512, 0.268, 0.224, 0.366, 0.19, 0.326, 0.39, 0.23, 0.322, 0.18, 0.142, 0.214, 0.332, 0.176, 0.264, 0.198, 0.248, 0.308]
[0.322, 0.512, 0.268, 0.224, 0.366, 0.19, 0.326, 0.39, 0.23, 0.322, 0.18, 0.142, 0.214, 0.332, 0.176, 0.264, 0.198, 0.248, 0.308, 0.212]
broken out of loop
Total correct retain:  995  Total retain:  2500
Total correct forget:  10494  Total forget:  47500
Total correct test:  186  Total test:  500
Total correct forget test:  2100  Total test forget:  9500
[0.372]
[0.372, 0.226]
[0.372, 0.226, 0.218]
[0.372, 0.226, 0.218, 0.152]
[0.372, 0.226, 0.218, 0.152, 0.312]
[0.372, 0.226, 0.218, 0.152, 0.312, 0.144]
[0.372, 0.226, 0.218, 0.152, 0.312, 0.144, 0.206]
[0.372, 0.226, 0.218, 0.152, 0.312, 0.144, 0.206, 0.3]
[0.372, 0.226, 0.218, 0.152, 0.312, 0.144, 0.206, 0.3, 0.184]
[0.372, 0.226, 0.218, 0.152, 0.312, 0.144, 0.206, 0.3, 0.184, 0.338]
[0.372, 0.226, 0.218, 0.152, 0.312, 0.144, 0.206, 0.3, 0.184, 0.338, 0.136]
[0.372, 0.226, 0.218, 0.152, 0.312, 0.144, 0.206, 0.3, 0.184, 0.338, 0.136, 0.202]
[0.372, 0.226, 0.218, 0.152, 0.312, 0.144, 0.206, 0.3, 0.184, 0.338, 0.136, 0.202, 0.242]
[0.372, 0.226, 0.218, 0.152, 0.312, 0.144, 0.206, 0.3, 0.184, 0.338, 0.136, 0.202, 0.242, 0.228]
[0.372, 0.226, 0.218, 0.152, 0.312, 0.144, 0.206, 0.3, 0.184, 0.338, 0.136, 0.202, 0.242, 0.228, 0.258]
[0.372, 0.226, 0.218, 0.152, 0.312, 0.144, 0.206, 0.3, 0.184, 0.338, 0.136, 0.202, 0.242, 0.228, 0.258, 0.212]
[0.372, 0.226, 0.218, 0.152, 0.312, 0.144, 0.206, 0.3, 0.184, 0.338, 0.136, 0.202, 0.242, 0.228, 0.258, 0.212, 0.182]
[0.372, 0.226, 0.218, 0.152, 0.312, 0.144, 0.206, 0.3, 0.184, 0.338, 0.136, 0.202, 0.242, 0.228, 0.258, 0.212, 0.182, 0.14]
[0.372, 0.226, 0.218, 0.152, 0.312, 0.144, 0.206, 0.3, 0.184, 0.338, 0.136, 0.202, 0.242, 0.228, 0.258, 0.212, 0.182, 0.14, 0.262]
[0.372, 0.226, 0.218, 0.152, 0.312, 0.144, 0.206, 0.3, 0.184, 0.338, 0.136, 0.202, 0.242, 0.228, 0.258, 0.212, 0.182, 0.14, 0.262, 0.258]
[[0.578, 0.734, 0.634, 0.684, 0.73, 0.738, 0.636, 0.66, 0.682, 0.658, 0.604, 0.656, 0.598, 0.714, 0.71, 0.68, 0.682, 0.788, 0.764, 0.79], [0.526, 0.72, 0.566, 0.642, 0.676, 0.672, 0.576, 0.576, 0.7, 0.606, 0.528, 0.594, 0.524, 0.65, 0.622, 0.564, 0.61, 0.744, 0.65, 0.41], [0.502, 0.606, 0.536, 0.62, 0.63, 0.63, 0.55, 0.562, 0.672, 0.534, 0.474, 0.574, 0.456, 0.612, 0.512, 0.552, 0.602, 0.604, 0.298, 0.374], [0.472, 0.588, 0.544, 0.634, 0.632, 0.612, 0.524, 0.542, 0.592, 0.612, 0.504, 0.48, 0.378, 0.612, 0.51, 0.56, 0.554, 0.314, 0.274, 0.408], [0.476, 0.618, 0.484, 0.554, 0.608, 0.56, 0.514, 0.64, 0.586, 0.496, 0.552, 0.564, 0.482, 0.608, 0.486, 0.494, 0.216, 0.37, 0.292, 0.268], [0.446, 0.578, 0.49, 0.576, 0.598, 0.544, 0.496, 0.614, 0.624, 0.572, 0.45, 0.556, 0.434, 0.58, 0.522, 0.246, 0.27, 0.384, 0.264, 0.234], [0.396, 0.624, 0.562, 0.614, 0.532, 0.528, 0.512, 0.59, 0.6, 0.556, 0.456, 0.502, 0.398, 0.54, 0.218, 0.244, 0.254, 0.33, 0.276, 0.218], [0.342, 0.638, 0.432, 0.55, 0.592, 0.516, 0.554, 0.55, 0.668, 0.518, 0.504, 0.482, 0.448, 0.244, 0.196, 0.282, 0.224, 0.354, 0.37, 0.25], [0.416, 0.558, 0.516, 0.604, 0.614, 0.546, 0.546, 0.508, 0.552, 0.546, 0.406, 0.33, 0.158, 0.384, 0.242, 0.326, 0.316, 0.29, 0.236, 0.214], [0.4, 0.654, 0.5, 0.488, 0.61, 0.474, 0.544, 0.44, 0.48, 0.5, 0.354, 0.204, 0.136, 0.338, 0.22, 0.336, 0.26, 0.174, 0.188, 0.256], [0.512, 0.464, 0.52, 0.57, 0.594, 0.518, 0.48, 0.496, 0.582, 0.568, 0.22, 0.19, 0.232, 0.406, 0.264, 0.29, 0.32, 0.262, 0.27, 0.234], [0.434, 0.548, 0.508, 0.616, 0.57, 0.548, 0.448, 0.554, 0.578, 0.322, 0.258, 0.204, 0.21, 0.37, 0.24, 0.29, 0.262, 0.094, 0.242, 0.236], [0.396, 0.458, 0.48, 0.468, 0.554, 0.546, 0.446, 0.46, 0.262, 0.262, 0.284, 0.126, 0.144, 0.268, 0.238, 0.348, 0.304, 0.086, 0.244, 0.27], [0.45, 0.584, 0.45, 0.532, 0.464, 0.51, 0.46, 0.222, 0.198, 0.19, 0.3, 0.218, 0.202, 0.294, 0.242, 0.282, 0.168, 0.146, 0.248, 0.296], [0.458, 0.616, 0.332, 0.536, 0.666, 0.44, 0.24, 0.306, 0.282, 0.254, 0.23, 0.158, 0.18, 0.418, 0.262, 0.302, 0.182, 0.21, 0.3, 0.272], [0.546, 0.602, 0.366, 0.6, 0.662, 0.226, 0.254, 0.29, 0.274, 0.186, 0.308, 0.162, 0.216, 0.414, 0.246, 0.3, 0.156, 0.188, 0.312, 0.258], [0.426, 0.582, 0.486, 0.494, 0.34, 0.28, 0.198, 0.368, 0.29, 0.34, 0.254, 0.192, 0.216, 0.298, 0.228, 0.242, 0.264, 0.216, 0.266, 0.218], [0.362, 0.564, 0.406, 0.21, 0.4, 0.278, 0.192, 0.336, 0.288, 0.332, 0.228, 0.22, 0.192, 0.308, 0.264, 0.234, 0.212, 0.152, 0.288, 0.256], [0.322, 0.512, 0.268, 0.224, 0.366, 0.19, 0.326, 0.39, 0.23, 0.322, 0.18, 0.142, 0.214, 0.332, 0.176, 0.264, 0.198, 0.248, 0.308, 0.212], [0.372, 0.226, 0.218, 0.152, 0.312, 0.144, 0.206, 0.3, 0.184, 0.338, 0.136, 0.202, 0.242, 0.228, 0.258, 0.212, 0.182, 0.14, 0.262, 0.258]]
20
20
Plot  0  Done
Average Retain Accuracies:  [0.6164, 0.556, 0.5496, 0.5168, 0.4948, 0.4908, 0.4588, 0.3892, 0.4312, 0.436, 0.5156, 0.454, 0.4536, 0.4936, 0.49, 0.5748, 0.4844, 0.4156, 0.376, 0.398]
Average Forget Accuracies:  [0.7982947368421053, 0.6870105263157895, 0.6207789473684211, 0.5890315789473685, 0.5497894736842105, 0.5343157894736842, 0.49766315789473686, 0.48334736842105264, 0.45490526315789476, 0.40223157894736844, 0.4162736842105263, 0.403178947368421, 0.3510105263157895, 0.3310315789473684, 0.3327157894736842, 0.3249263157894737, 0.3075157894736842, 0.2864421052631579, 0.2654947368421053, 0.2209263157894737]
Average Retain Test Accuracies:  [0.578, 0.526, 0.502, 0.472, 0.476, 0.446, 0.396, 0.342, 0.416, 0.4, 0.512, 0.434, 0.396, 0.45, 0.458, 0.546, 0.426, 0.362, 0.322, 0.372]
Average Forget Test Accuracies:  [0.6916842105263158, 0.6121052631578947, 0.5472631578947369, 0.5196842105263157, 0.4943157894736842, 0.47536842105263155, 0.45021052631578945, 0.44063157894736843, 0.41536842105263155, 0.37663157894736843, 0.3936842105263158, 0.37357894736842107, 0.3288421052631579, 0.3161052631578947, 0.3255789473684211, 0.31684210526315787, 0.30378947368421055, 0.28210526315789475, 0.26852631578947367, 0.22105263157894736]
Done
Python 3.12.8
./cifar-100-python/train
./cifar-100-python/test
Unlearn Batch Size:  16
Unlearn MEM Strength:  0.6
cifar-100-python/train
cifar-100-python/test
new ordering of classes:  ['tulips', 'skunk', 'pine', 'mushrooms', 'train', 'cockroach', 'tiger', 'skyscraper', 'hamster', 'shrew', 'flatfish', 'lizard', 'baby', 'computer keyboard', 'sea', 'crocodile', 'snake', 'rocket', 'bee', 'beetle', 'worm', 'mountain', 'willow', 'raccoon', 'wardrobe', 'beaver', 'chimpanzee', 'bed', 'girl', 'couch', 'sweet peppers', 'possum', 'streetcar', 'apples', 'squirrel', 'bus', 'wolf', 'cups', 'ray', 'caterpillar', 'poppies', 'oak', 'whale', 'rabbit', 'aquarium fish', 'tractor', 'lion', 'bottles', 'lamp', 'forest', 'bear', 'woman', 'cans', 'kangaroo', 'cloud', 'leopard', 'pickup truck', 'seal', 'butterfly', 'camel', 'bridge', 'bowls', 'fox', 'telephone', 'chair', 'trout', 'spider', 'man', 'sunflowers', 'turtle', 'palm', 'roses', 'boy', 'orchids', 'dolphin', 'porcupine', 'house', 'road', 'castle', 'clock', 'table', 'lobster', 'snail', 'pears', 'dinosaur', 'plain', 'shark', 'tank', 'mouse', 'maple', 'oranges', 'television', 'lawn-mower', 'cattle', 'crab', 'plates', 'otter', 'motorcycle', 'elephant', 'bicycle']
Training task:  1
[0.652, 0.254, 0.226, 0.232, 0.22, 0.198, 0.206, 0.23, 0.188, 0.212, 0.17, 0.208, 0.2, 0.228, 0.184, 0.222, 0.23, 0.198, 0.178, 0.202]
Training task:  2
[0.624, 0.802, 0.228, 0.208, 0.27, 0.2, 0.194, 0.27, 0.248, 0.196, 0.132, 0.204, 0.19, 0.152, 0.164, 0.374, 0.144, 0.198, 0.184, 0.192]
Training task:  3
[0.386, 0.366, 0.582, 0.272, 0.296, 0.19, 0.2, 0.194, 0.286, 0.182, 0.138, 0.2, 0.17, 0.232, 0.194, 0.258, 0.114, 0.22, 0.16, 0.21]
Training task:  4
[0.578, 0.548, 0.528, 0.702, 0.26, 0.204, 0.204, 0.172, 0.196, 0.204, 0.118, 0.15, 0.214, 0.282, 0.168, 0.282, 0.198, 0.198, 0.202, 0.222]
Training task:  5
[0.692, 0.688, 0.676, 0.686, 0.84, 0.206, 0.194, 0.252, 0.192, 0.22, 0.15, 0.192, 0.192, 0.268, 0.18, 0.212, 0.096, 0.198, 0.17, 0.262]
Training task:  6
[0.626, 0.662, 0.64, 0.644, 0.764, 0.76, 0.2, 0.238, 0.196, 0.244, 0.114, 0.22, 0.22, 0.26, 0.176, 0.16, 0.082, 0.198, 0.15, 0.208]
Training task:  7
[0.654, 0.676, 0.622, 0.622, 0.742, 0.632, 0.734, 0.324, 0.244, 0.234, 0.16, 0.202, 0.222, 0.196, 0.158, 0.212, 0.15, 0.194, 0.17, 0.23]
Training task:  8
[0.64, 0.684, 0.68, 0.626, 0.702, 0.636, 0.682, 0.81, 0.19, 0.232, 0.14, 0.216, 0.214, 0.216, 0.162, 0.204, 0.094, 0.202, 0.18, 0.256]
Training task:  9
[0.638, 0.68, 0.646, 0.606, 0.736, 0.614, 0.7, 0.744, 0.862, 0.24, 0.124, 0.22, 0.208, 0.21, 0.126, 0.198, 0.05, 0.186, 0.14, 0.22]
Training task:  10
[0.64, 0.668, 0.634, 0.604, 0.702, 0.62, 0.698, 0.73, 0.764, 0.734, 0.226, 0.228, 0.21, 0.21, 0.192, 0.176, 0.096, 0.194, 0.146, 0.258]
Training task:  11
[0.636, 0.668, 0.644, 0.592, 0.712, 0.578, 0.674, 0.706, 0.76, 0.65, 0.754, 0.226, 0.2, 0.196, 0.2, 0.192, 0.092, 0.198, 0.146, 0.278]
Training task:  12
[0.632, 0.672, 0.654, 0.59, 0.682, 0.59, 0.67, 0.716, 0.75, 0.666, 0.684, 0.734, 0.202, 0.202, 0.172, 0.186, 0.106, 0.206, 0.122, 0.254]
Training task:  13
[0.642, 0.658, 0.692, 0.616, 0.706, 0.594, 0.656, 0.692, 0.73, 0.614, 0.69, 0.662, 0.782, 0.184, 0.16, 0.188, 0.08, 0.204, 0.114, 0.246]
Training task:  14
[0.6, 0.64, 0.688, 0.612, 0.742, 0.614, 0.676, 0.704, 0.756, 0.6, 0.664, 0.654, 0.724, 0.77, 0.124, 0.222, 0.096, 0.2, 0.136, 0.242]
Training task:  15
[0.642, 0.666, 0.686, 0.6, 0.704, 0.602, 0.644, 0.65, 0.726, 0.598, 0.628, 0.596, 0.67, 0.676, 0.784, 0.232, 0.092, 0.198, 0.178, 0.246]
Training task:  16
[0.646, 0.702, 0.696, 0.616, 0.738, 0.622, 0.64, 0.668, 0.746, 0.57, 0.666, 0.59, 0.682, 0.688, 0.748, 0.794, 0.108, 0.208, 0.136, 0.236]
Training task:  17
[0.63, 0.688, 0.688, 0.6, 0.718, 0.63, 0.632, 0.662, 0.756, 0.57, 0.63, 0.582, 0.688, 0.676, 0.706, 0.722, 0.728, 0.212, 0.118, 0.252]
Training task:  18
[0.636, 0.692, 0.692, 0.594, 0.748, 0.61, 0.626, 0.654, 0.754, 0.576, 0.632, 0.582, 0.656, 0.666, 0.668, 0.692, 0.646, 0.848, 0.14, 0.242]
Training task:  19
[0.658, 0.686, 0.676, 0.62, 0.734, 0.622, 0.674, 0.63, 0.722, 0.624, 0.638, 0.586, 0.648, 0.672, 0.678, 0.684, 0.644, 0.762, 0.832, 0.226]
Training task:  20
[0.646, 0.682, 0.684, 0.63, 0.73, 0.604, 0.638, 0.642, 0.728, 0.568, 0.696, 0.58, 0.686, 0.672, 0.668, 0.704, 0.616, 0.744, 0.778, 0.708]
Unlearning task:  20
Total correct retain:  1747  Total retain:  2500
Total correct forget:  36388  Total forget:  47500
Total correct test:  323  Total test:  500
Total correct forget test:  6379  Total test forget:  9500
[0.646]
[0.646, 0.682]
[0.646, 0.682, 0.684]
[0.646, 0.682, 0.684, 0.63]
[0.646, 0.682, 0.684, 0.63, 0.73]
[0.646, 0.682, 0.684, 0.63, 0.73, 0.604]
[0.646, 0.682, 0.684, 0.63, 0.73, 0.604, 0.638]
[0.646, 0.682, 0.684, 0.63, 0.73, 0.604, 0.638, 0.642]
[0.646, 0.682, 0.684, 0.63, 0.73, 0.604, 0.638, 0.642, 0.728]
[0.646, 0.682, 0.684, 0.63, 0.73, 0.604, 0.638, 0.642, 0.728, 0.568]
[0.646, 0.682, 0.684, 0.63, 0.73, 0.604, 0.638, 0.642, 0.728, 0.568, 0.696]
[0.646, 0.682, 0.684, 0.63, 0.73, 0.604, 0.638, 0.642, 0.728, 0.568, 0.696, 0.58]
[0.646, 0.682, 0.684, 0.63, 0.73, 0.604, 0.638, 0.642, 0.728, 0.568, 0.696, 0.58, 0.686]
[0.646, 0.682, 0.684, 0.63, 0.73, 0.604, 0.638, 0.642, 0.728, 0.568, 0.696, 0.58, 0.686, 0.672]
[0.646, 0.682, 0.684, 0.63, 0.73, 0.604, 0.638, 0.642, 0.728, 0.568, 0.696, 0.58, 0.686, 0.672, 0.668]
[0.646, 0.682, 0.684, 0.63, 0.73, 0.604, 0.638, 0.642, 0.728, 0.568, 0.696, 0.58, 0.686, 0.672, 0.668, 0.704]
[0.646, 0.682, 0.684, 0.63, 0.73, 0.604, 0.638, 0.642, 0.728, 0.568, 0.696, 0.58, 0.686, 0.672, 0.668, 0.704, 0.616]
[0.646, 0.682, 0.684, 0.63, 0.73, 0.604, 0.638, 0.642, 0.728, 0.568, 0.696, 0.58, 0.686, 0.672, 0.668, 0.704, 0.616, 0.744]
[0.646, 0.682, 0.684, 0.63, 0.73, 0.604, 0.638, 0.642, 0.728, 0.568, 0.696, 0.58, 0.686, 0.672, 0.668, 0.704, 0.616, 0.744, 0.778]
[0.646, 0.682, 0.684, 0.63, 0.73, 0.604, 0.638, 0.642, 0.728, 0.568, 0.696, 0.58, 0.686, 0.672, 0.668, 0.704, 0.616, 0.744, 0.778, 0.708]
broken out of loop
Total correct retain:  1431  Total retain:  2500
Total correct forget:  31058  Total forget:  47500
Total correct test:  270  Total test:  500
Total correct forget test:  5575  Total test forget:  9500
[0.54]
[0.54, 0.606]
[0.54, 0.606, 0.626]
[0.54, 0.606, 0.626, 0.562]
[0.54, 0.606, 0.626, 0.562, 0.674]
[0.54, 0.606, 0.626, 0.562, 0.674, 0.564]
[0.54, 0.606, 0.626, 0.562, 0.674, 0.564, 0.55]
[0.54, 0.606, 0.626, 0.562, 0.674, 0.564, 0.55, 0.562]
[0.54, 0.606, 0.626, 0.562, 0.674, 0.564, 0.55, 0.562, 0.706]
[0.54, 0.606, 0.626, 0.562, 0.674, 0.564, 0.55, 0.562, 0.706, 0.55]
[0.54, 0.606, 0.626, 0.562, 0.674, 0.564, 0.55, 0.562, 0.706, 0.55, 0.564]
[0.54, 0.606, 0.626, 0.562, 0.674, 0.564, 0.55, 0.562, 0.706, 0.55, 0.564, 0.49]
[0.54, 0.606, 0.626, 0.562, 0.674, 0.564, 0.55, 0.562, 0.706, 0.55, 0.564, 0.49, 0.644]
[0.54, 0.606, 0.626, 0.562, 0.674, 0.564, 0.55, 0.562, 0.706, 0.55, 0.564, 0.49, 0.644, 0.632]
[0.54, 0.606, 0.626, 0.562, 0.674, 0.564, 0.55, 0.562, 0.706, 0.55, 0.564, 0.49, 0.644, 0.632, 0.564]
[0.54, 0.606, 0.626, 0.562, 0.674, 0.564, 0.55, 0.562, 0.706, 0.55, 0.564, 0.49, 0.644, 0.632, 0.564, 0.648]
[0.54, 0.606, 0.626, 0.562, 0.674, 0.564, 0.55, 0.562, 0.706, 0.55, 0.564, 0.49, 0.644, 0.632, 0.564, 0.648, 0.572]
[0.54, 0.606, 0.626, 0.562, 0.674, 0.564, 0.55, 0.562, 0.706, 0.55, 0.564, 0.49, 0.644, 0.632, 0.564, 0.648, 0.572, 0.666]
[0.54, 0.606, 0.626, 0.562, 0.674, 0.564, 0.55, 0.562, 0.706, 0.55, 0.564, 0.49, 0.644, 0.632, 0.564, 0.648, 0.572, 0.666, 0.662]
[0.54, 0.606, 0.626, 0.562, 0.674, 0.564, 0.55, 0.562, 0.706, 0.55, 0.564, 0.49, 0.644, 0.632, 0.564, 0.648, 0.572, 0.666, 0.662, 0.308]
broken out of loop
Total correct retain:  1421  Total retain:  2500
Total correct forget:  28961  Total forget:  47500
Total correct test:  248  Total test:  500
Total correct forget test:  5152  Total test forget:  9500
[0.496]
[0.496, 0.534]
[0.496, 0.534, 0.634]
[0.496, 0.534, 0.634, 0.608]
[0.496, 0.534, 0.634, 0.608, 0.708]
[0.496, 0.534, 0.634, 0.608, 0.708, 0.506]
[0.496, 0.534, 0.634, 0.608, 0.708, 0.506, 0.558]
[0.496, 0.534, 0.634, 0.608, 0.708, 0.506, 0.558, 0.504]
[0.496, 0.534, 0.634, 0.608, 0.708, 0.506, 0.558, 0.504, 0.688]
[0.496, 0.534, 0.634, 0.608, 0.708, 0.506, 0.558, 0.504, 0.688, 0.524]
[0.496, 0.534, 0.634, 0.608, 0.708, 0.506, 0.558, 0.504, 0.688, 0.524, 0.514]
[0.496, 0.534, 0.634, 0.608, 0.708, 0.506, 0.558, 0.504, 0.688, 0.524, 0.514, 0.45]
[0.496, 0.534, 0.634, 0.608, 0.708, 0.506, 0.558, 0.504, 0.688, 0.524, 0.514, 0.45, 0.62]
[0.496, 0.534, 0.634, 0.608, 0.708, 0.506, 0.558, 0.504, 0.688, 0.524, 0.514, 0.45, 0.62, 0.618]
[0.496, 0.534, 0.634, 0.608, 0.708, 0.506, 0.558, 0.504, 0.688, 0.524, 0.514, 0.45, 0.62, 0.618, 0.56]
[0.496, 0.534, 0.634, 0.608, 0.708, 0.506, 0.558, 0.504, 0.688, 0.524, 0.514, 0.45, 0.62, 0.618, 0.56, 0.498]
[0.496, 0.534, 0.634, 0.608, 0.708, 0.506, 0.558, 0.504, 0.688, 0.524, 0.514, 0.45, 0.62, 0.618, 0.56, 0.498, 0.546]
[0.496, 0.534, 0.634, 0.608, 0.708, 0.506, 0.558, 0.504, 0.688, 0.524, 0.514, 0.45, 0.62, 0.618, 0.56, 0.498, 0.546, 0.696]
[0.496, 0.534, 0.634, 0.608, 0.708, 0.506, 0.558, 0.504, 0.688, 0.524, 0.514, 0.45, 0.62, 0.618, 0.56, 0.498, 0.546, 0.696, 0.27]
[0.496, 0.534, 0.634, 0.608, 0.708, 0.506, 0.558, 0.504, 0.688, 0.524, 0.514, 0.45, 0.62, 0.618, 0.56, 0.498, 0.546, 0.696, 0.27, 0.268]
broken out of loop
Total correct retain:  1203  Total retain:  2500
Total correct forget:  24123  Total forget:  47500
Total correct test:  226  Total test:  500
Total correct forget test:  4376  Total test forget:  9500
[0.452]
[0.452, 0.448]
[0.452, 0.448, 0.5]
[0.452, 0.448, 0.5, 0.492]
[0.452, 0.448, 0.5, 0.492, 0.546]
[0.452, 0.448, 0.5, 0.492, 0.546, 0.432]
[0.452, 0.448, 0.5, 0.492, 0.546, 0.432, 0.522]
[0.452, 0.448, 0.5, 0.492, 0.546, 0.432, 0.522, 0.43]
[0.452, 0.448, 0.5, 0.492, 0.546, 0.432, 0.522, 0.43, 0.7]
[0.452, 0.448, 0.5, 0.492, 0.546, 0.432, 0.522, 0.43, 0.7, 0.464]
[0.452, 0.448, 0.5, 0.492, 0.546, 0.432, 0.522, 0.43, 0.7, 0.464, 0.44]
[0.452, 0.448, 0.5, 0.492, 0.546, 0.432, 0.522, 0.43, 0.7, 0.464, 0.44, 0.414]
[0.452, 0.448, 0.5, 0.492, 0.546, 0.432, 0.522, 0.43, 0.7, 0.464, 0.44, 0.414, 0.568]
[0.452, 0.448, 0.5, 0.492, 0.546, 0.432, 0.522, 0.43, 0.7, 0.464, 0.44, 0.414, 0.568, 0.574]
[0.452, 0.448, 0.5, 0.492, 0.546, 0.432, 0.522, 0.43, 0.7, 0.464, 0.44, 0.414, 0.568, 0.574, 0.5]
[0.452, 0.448, 0.5, 0.492, 0.546, 0.432, 0.522, 0.43, 0.7, 0.464, 0.44, 0.414, 0.568, 0.574, 0.5, 0.396]
[0.452, 0.448, 0.5, 0.492, 0.546, 0.432, 0.522, 0.43, 0.7, 0.464, 0.44, 0.414, 0.568, 0.574, 0.5, 0.396, 0.57]
[0.452, 0.448, 0.5, 0.492, 0.546, 0.432, 0.522, 0.43, 0.7, 0.464, 0.44, 0.414, 0.568, 0.574, 0.5, 0.396, 0.57, 0.254]
[0.452, 0.448, 0.5, 0.492, 0.546, 0.432, 0.522, 0.43, 0.7, 0.464, 0.44, 0.414, 0.568, 0.574, 0.5, 0.396, 0.57, 0.254, 0.28]
[0.452, 0.448, 0.5, 0.492, 0.546, 0.432, 0.522, 0.43, 0.7, 0.464, 0.44, 0.414, 0.568, 0.574, 0.5, 0.396, 0.57, 0.254, 0.28, 0.222]
broken out of loop
Total correct retain:  1234  Total retain:  2500
Total correct forget:  22160  Total forget:  47500
Total correct test:  232  Total test:  500
Total correct forget test:  4068  Total test forget:  9500
[0.464]
[0.464, 0.512]
[0.464, 0.512, 0.482]
[0.464, 0.512, 0.482, 0.404]
[0.464, 0.512, 0.482, 0.404, 0.546]
[0.464, 0.512, 0.482, 0.404, 0.546, 0.426]
[0.464, 0.512, 0.482, 0.404, 0.546, 0.426, 0.392]
[0.464, 0.512, 0.482, 0.404, 0.546, 0.426, 0.392, 0.514]
[0.464, 0.512, 0.482, 0.404, 0.546, 0.426, 0.392, 0.514, 0.61]
[0.464, 0.512, 0.482, 0.404, 0.546, 0.426, 0.392, 0.514, 0.61, 0.468]
[0.464, 0.512, 0.482, 0.404, 0.546, 0.426, 0.392, 0.514, 0.61, 0.468, 0.5]
[0.464, 0.512, 0.482, 0.404, 0.546, 0.426, 0.392, 0.514, 0.61, 0.468, 0.5, 0.404]
[0.464, 0.512, 0.482, 0.404, 0.546, 0.426, 0.392, 0.514, 0.61, 0.468, 0.5, 0.404, 0.46]
[0.464, 0.512, 0.482, 0.404, 0.546, 0.426, 0.392, 0.514, 0.61, 0.468, 0.5, 0.404, 0.46, 0.48]
[0.464, 0.512, 0.482, 0.404, 0.546, 0.426, 0.392, 0.514, 0.61, 0.468, 0.5, 0.404, 0.46, 0.48, 0.466]
[0.464, 0.512, 0.482, 0.404, 0.546, 0.426, 0.392, 0.514, 0.61, 0.468, 0.5, 0.404, 0.46, 0.48, 0.466, 0.478]
[0.464, 0.512, 0.482, 0.404, 0.546, 0.426, 0.392, 0.514, 0.61, 0.468, 0.5, 0.404, 0.46, 0.48, 0.466, 0.478, 0.252]
[0.464, 0.512, 0.482, 0.404, 0.546, 0.426, 0.392, 0.514, 0.61, 0.468, 0.5, 0.404, 0.46, 0.48, 0.466, 0.478, 0.252, 0.254]
[0.464, 0.512, 0.482, 0.404, 0.546, 0.426, 0.392, 0.514, 0.61, 0.468, 0.5, 0.404, 0.46, 0.48, 0.466, 0.478, 0.252, 0.254, 0.26]
[0.464, 0.512, 0.482, 0.404, 0.546, 0.426, 0.392, 0.514, 0.61, 0.468, 0.5, 0.404, 0.46, 0.48, 0.466, 0.478, 0.252, 0.254, 0.26, 0.228]
broken out of loop
Total correct retain:  1474  Total retain:  2500
Total correct forget:  24221  Total forget:  47500
Total correct test:  272  Total test:  500
Total correct forget test:  4478  Total test forget:  9500
[0.544]
[0.544, 0.462]
[0.544, 0.462, 0.538]
[0.544, 0.462, 0.538, 0.498]
[0.544, 0.462, 0.538, 0.498, 0.612]
[0.544, 0.462, 0.538, 0.498, 0.612, 0.468]
[0.544, 0.462, 0.538, 0.498, 0.612, 0.468, 0.536]
[0.544, 0.462, 0.538, 0.498, 0.612, 0.468, 0.536, 0.61]
[0.544, 0.462, 0.538, 0.498, 0.612, 0.468, 0.536, 0.61, 0.636]
[0.544, 0.462, 0.538, 0.498, 0.612, 0.468, 0.536, 0.61, 0.636, 0.418]
[0.544, 0.462, 0.538, 0.498, 0.612, 0.468, 0.536, 0.61, 0.636, 0.418, 0.522]
[0.544, 0.462, 0.538, 0.498, 0.612, 0.468, 0.536, 0.61, 0.636, 0.418, 0.522, 0.5]
[0.544, 0.462, 0.538, 0.498, 0.612, 0.468, 0.536, 0.61, 0.636, 0.418, 0.522, 0.5, 0.53]
[0.544, 0.462, 0.538, 0.498, 0.612, 0.468, 0.536, 0.61, 0.636, 0.418, 0.522, 0.5, 0.53, 0.58]
[0.544, 0.462, 0.538, 0.498, 0.612, 0.468, 0.536, 0.61, 0.636, 0.418, 0.522, 0.5, 0.53, 0.58, 0.574]
[0.544, 0.462, 0.538, 0.498, 0.612, 0.468, 0.536, 0.61, 0.636, 0.418, 0.522, 0.5, 0.53, 0.58, 0.574, 0.246]
[0.544, 0.462, 0.538, 0.498, 0.612, 0.468, 0.536, 0.61, 0.636, 0.418, 0.522, 0.5, 0.53, 0.58, 0.574, 0.246, 0.382]
[0.544, 0.462, 0.538, 0.498, 0.612, 0.468, 0.536, 0.61, 0.636, 0.418, 0.522, 0.5, 0.53, 0.58, 0.574, 0.246, 0.382, 0.342]
[0.544, 0.462, 0.538, 0.498, 0.612, 0.468, 0.536, 0.61, 0.636, 0.418, 0.522, 0.5, 0.53, 0.58, 0.574, 0.246, 0.382, 0.342, 0.29]
[0.544, 0.462, 0.538, 0.498, 0.612, 0.468, 0.536, 0.61, 0.636, 0.418, 0.522, 0.5, 0.53, 0.58, 0.574, 0.246, 0.382, 0.342, 0.29, 0.212]
broken out of loop
Total correct retain:  1419  Total retain:  2500
Total correct forget:  24388  Total forget:  47500
Total correct test:  241  Total test:  500
Total correct forget test:  4511  Total test forget:  9500
[0.482]
[0.482, 0.564]
[0.482, 0.564, 0.628]
[0.482, 0.564, 0.628, 0.52]
[0.482, 0.564, 0.628, 0.52, 0.67]
[0.482, 0.564, 0.628, 0.52, 0.67, 0.474]
[0.482, 0.564, 0.628, 0.52, 0.67, 0.474, 0.596]
[0.482, 0.564, 0.628, 0.52, 0.67, 0.474, 0.596, 0.632]
[0.482, 0.564, 0.628, 0.52, 0.67, 0.474, 0.596, 0.632, 0.622]
[0.482, 0.564, 0.628, 0.52, 0.67, 0.474, 0.596, 0.632, 0.622, 0.512]
[0.482, 0.564, 0.628, 0.52, 0.67, 0.474, 0.596, 0.632, 0.622, 0.512, 0.528]
[0.482, 0.564, 0.628, 0.52, 0.67, 0.474, 0.596, 0.632, 0.622, 0.512, 0.528, 0.484]
[0.482, 0.564, 0.628, 0.52, 0.67, 0.474, 0.596, 0.632, 0.622, 0.512, 0.528, 0.484, 0.448]
[0.482, 0.564, 0.628, 0.52, 0.67, 0.474, 0.596, 0.632, 0.622, 0.512, 0.528, 0.484, 0.448, 0.566]
[0.482, 0.564, 0.628, 0.52, 0.67, 0.474, 0.596, 0.632, 0.622, 0.512, 0.528, 0.484, 0.448, 0.566, 0.272]
[0.482, 0.564, 0.628, 0.52, 0.67, 0.474, 0.596, 0.632, 0.622, 0.512, 0.528, 0.484, 0.448, 0.566, 0.272, 0.35]
[0.482, 0.564, 0.628, 0.52, 0.67, 0.474, 0.596, 0.632, 0.622, 0.512, 0.528, 0.484, 0.448, 0.566, 0.272, 0.35, 0.24]
[0.482, 0.564, 0.628, 0.52, 0.67, 0.474, 0.596, 0.632, 0.622, 0.512, 0.528, 0.484, 0.448, 0.566, 0.272, 0.35, 0.24, 0.34]
[0.482, 0.564, 0.628, 0.52, 0.67, 0.474, 0.596, 0.632, 0.622, 0.512, 0.528, 0.484, 0.448, 0.566, 0.272, 0.35, 0.24, 0.34, 0.342]
[0.482, 0.564, 0.628, 0.52, 0.67, 0.474, 0.596, 0.632, 0.622, 0.512, 0.528, 0.484, 0.448, 0.566, 0.272, 0.35, 0.24, 0.34, 0.342, 0.234]
broken out of loop
Total correct retain:  1470  Total retain:  2500
Total correct forget:  22997  Total forget:  47500
Total correct test:  270  Total test:  500
Total correct forget test:  4248  Total test forget:  9500
[0.54]
[0.54, 0.58]
[0.54, 0.58, 0.568]
[0.54, 0.58, 0.568, 0.482]
[0.54, 0.58, 0.568, 0.482, 0.614]
[0.54, 0.58, 0.568, 0.482, 0.614, 0.388]
[0.54, 0.58, 0.568, 0.482, 0.614, 0.388, 0.534]
[0.54, 0.58, 0.568, 0.482, 0.614, 0.388, 0.534, 0.58]
[0.54, 0.58, 0.568, 0.482, 0.614, 0.388, 0.534, 0.58, 0.594]
[0.54, 0.58, 0.568, 0.482, 0.614, 0.388, 0.534, 0.58, 0.594, 0.518]
[0.54, 0.58, 0.568, 0.482, 0.614, 0.388, 0.534, 0.58, 0.594, 0.518, 0.536]
[0.54, 0.58, 0.568, 0.482, 0.614, 0.388, 0.534, 0.58, 0.594, 0.518, 0.536, 0.492]
[0.54, 0.58, 0.568, 0.482, 0.614, 0.388, 0.534, 0.58, 0.594, 0.518, 0.536, 0.492, 0.516]
[0.54, 0.58, 0.568, 0.482, 0.614, 0.388, 0.534, 0.58, 0.594, 0.518, 0.536, 0.492, 0.516, 0.172]
[0.54, 0.58, 0.568, 0.482, 0.614, 0.388, 0.534, 0.58, 0.594, 0.518, 0.536, 0.492, 0.516, 0.172, 0.29]
[0.54, 0.58, 0.568, 0.482, 0.614, 0.388, 0.534, 0.58, 0.594, 0.518, 0.536, 0.492, 0.516, 0.172, 0.29, 0.384]
[0.54, 0.58, 0.568, 0.482, 0.614, 0.388, 0.534, 0.58, 0.594, 0.518, 0.536, 0.492, 0.516, 0.172, 0.29, 0.384, 0.28]
[0.54, 0.58, 0.568, 0.482, 0.614, 0.388, 0.534, 0.58, 0.594, 0.518, 0.536, 0.492, 0.516, 0.172, 0.29, 0.384, 0.28, 0.402]
[0.54, 0.58, 0.568, 0.482, 0.614, 0.388, 0.534, 0.58, 0.594, 0.518, 0.536, 0.492, 0.516, 0.172, 0.29, 0.384, 0.28, 0.402, 0.332]
[0.54, 0.58, 0.568, 0.482, 0.614, 0.388, 0.534, 0.58, 0.594, 0.518, 0.536, 0.492, 0.516, 0.172, 0.29, 0.384, 0.28, 0.402, 0.332, 0.234]
broken out of loop
Total correct retain:  1490  Total retain:  2500
Total correct forget:  21901  Total forget:  47500
Total correct test:  282  Total test:  500
Total correct forget test:  4071  Total test forget:  9500
[0.564]
[0.564, 0.578]
[0.564, 0.578, 0.536]
[0.564, 0.578, 0.536, 0.508]
[0.564, 0.578, 0.536, 0.508, 0.616]
[0.564, 0.578, 0.536, 0.508, 0.616, 0.4]
[0.564, 0.578, 0.536, 0.508, 0.616, 0.4, 0.558]
[0.564, 0.578, 0.536, 0.508, 0.616, 0.4, 0.558, 0.514]
[0.564, 0.578, 0.536, 0.508, 0.616, 0.4, 0.558, 0.514, 0.698]
[0.564, 0.578, 0.536, 0.508, 0.616, 0.4, 0.558, 0.514, 0.698, 0.448]
[0.564, 0.578, 0.536, 0.508, 0.616, 0.4, 0.558, 0.514, 0.698, 0.448, 0.488]
[0.564, 0.578, 0.536, 0.508, 0.616, 0.4, 0.558, 0.514, 0.698, 0.448, 0.488, 0.462]
[0.564, 0.578, 0.536, 0.508, 0.616, 0.4, 0.558, 0.514, 0.698, 0.448, 0.488, 0.462, 0.226]
[0.564, 0.578, 0.536, 0.508, 0.616, 0.4, 0.558, 0.514, 0.698, 0.448, 0.488, 0.462, 0.226, 0.178]
[0.564, 0.578, 0.536, 0.508, 0.616, 0.4, 0.558, 0.514, 0.698, 0.448, 0.488, 0.462, 0.226, 0.178, 0.294]
[0.564, 0.578, 0.536, 0.508, 0.616, 0.4, 0.558, 0.514, 0.698, 0.448, 0.488, 0.462, 0.226, 0.178, 0.294, 0.35]
[0.564, 0.578, 0.536, 0.508, 0.616, 0.4, 0.558, 0.514, 0.698, 0.448, 0.488, 0.462, 0.226, 0.178, 0.294, 0.35, 0.35]
[0.564, 0.578, 0.536, 0.508, 0.616, 0.4, 0.558, 0.514, 0.698, 0.448, 0.488, 0.462, 0.226, 0.178, 0.294, 0.35, 0.35, 0.394]
[0.564, 0.578, 0.536, 0.508, 0.616, 0.4, 0.558, 0.514, 0.698, 0.448, 0.488, 0.462, 0.226, 0.178, 0.294, 0.35, 0.35, 0.394, 0.34]
[0.564, 0.578, 0.536, 0.508, 0.616, 0.4, 0.558, 0.514, 0.698, 0.448, 0.488, 0.462, 0.226, 0.178, 0.294, 0.35, 0.35, 0.394, 0.34, 0.204]
broken out of loop
Total correct retain:  1479  Total retain:  2500
Total correct forget:  20296  Total forget:  47500
Total correct test:  266  Total test:  500
Total correct forget test:  3828  Total test forget:  9500
[0.532]
[0.532, 0.576]
[0.532, 0.576, 0.574]
[0.532, 0.576, 0.574, 0.468]
[0.532, 0.576, 0.574, 0.468, 0.618]
[0.532, 0.576, 0.574, 0.468, 0.618, 0.476]
[0.532, 0.576, 0.574, 0.468, 0.618, 0.476, 0.472]
[0.532, 0.576, 0.574, 0.468, 0.618, 0.476, 0.472, 0.504]
[0.532, 0.576, 0.574, 0.468, 0.618, 0.476, 0.472, 0.504, 0.626]
[0.532, 0.576, 0.574, 0.468, 0.618, 0.476, 0.472, 0.504, 0.626, 0.43]
[0.532, 0.576, 0.574, 0.468, 0.618, 0.476, 0.472, 0.504, 0.626, 0.43, 0.482]
[0.532, 0.576, 0.574, 0.468, 0.618, 0.476, 0.472, 0.504, 0.626, 0.43, 0.482, 0.246]
[0.532, 0.576, 0.574, 0.468, 0.618, 0.476, 0.472, 0.504, 0.626, 0.43, 0.482, 0.246, 0.196]
[0.532, 0.576, 0.574, 0.468, 0.618, 0.476, 0.472, 0.504, 0.626, 0.43, 0.482, 0.246, 0.196, 0.146]
[0.532, 0.576, 0.574, 0.468, 0.618, 0.476, 0.472, 0.504, 0.626, 0.43, 0.482, 0.246, 0.196, 0.146, 0.262]
[0.532, 0.576, 0.574, 0.468, 0.618, 0.476, 0.472, 0.504, 0.626, 0.43, 0.482, 0.246, 0.196, 0.146, 0.262, 0.372]
[0.532, 0.576, 0.574, 0.468, 0.618, 0.476, 0.472, 0.504, 0.626, 0.43, 0.482, 0.246, 0.196, 0.146, 0.262, 0.372, 0.32]
[0.532, 0.576, 0.574, 0.468, 0.618, 0.476, 0.472, 0.504, 0.626, 0.43, 0.482, 0.246, 0.196, 0.146, 0.262, 0.372, 0.32, 0.376]
[0.532, 0.576, 0.574, 0.468, 0.618, 0.476, 0.472, 0.504, 0.626, 0.43, 0.482, 0.246, 0.196, 0.146, 0.262, 0.372, 0.32, 0.376, 0.31]
[0.532, 0.576, 0.574, 0.468, 0.618, 0.476, 0.472, 0.504, 0.626, 0.43, 0.482, 0.246, 0.196, 0.146, 0.262, 0.372, 0.32, 0.376, 0.31, 0.202]
broken out of loop
Total correct retain:  1412  Total retain:  2500
Total correct forget:  18884  Total forget:  47500
Total correct test:  254  Total test:  500
Total correct forget test:  3562  Total test forget:  9500
[0.508]
[0.508, 0.558]
[0.508, 0.558, 0.474]
[0.508, 0.558, 0.474, 0.454]
[0.508, 0.558, 0.474, 0.454, 0.58]
[0.508, 0.558, 0.474, 0.454, 0.58, 0.466]
[0.508, 0.558, 0.474, 0.454, 0.58, 0.466, 0.454]
[0.508, 0.558, 0.474, 0.454, 0.58, 0.466, 0.454, 0.504]
[0.508, 0.558, 0.474, 0.454, 0.58, 0.466, 0.454, 0.504, 0.668]
[0.508, 0.558, 0.474, 0.454, 0.58, 0.466, 0.454, 0.504, 0.668, 0.502]
[0.508, 0.558, 0.474, 0.454, 0.58, 0.466, 0.454, 0.504, 0.668, 0.502, 0.234]
[0.508, 0.558, 0.474, 0.454, 0.58, 0.466, 0.454, 0.504, 0.668, 0.502, 0.234, 0.238]
[0.508, 0.558, 0.474, 0.454, 0.58, 0.466, 0.454, 0.504, 0.668, 0.502, 0.234, 0.238, 0.22]
[0.508, 0.558, 0.474, 0.454, 0.58, 0.466, 0.454, 0.504, 0.668, 0.502, 0.234, 0.238, 0.22, 0.148]
[0.508, 0.558, 0.474, 0.454, 0.58, 0.466, 0.454, 0.504, 0.668, 0.502, 0.234, 0.238, 0.22, 0.148, 0.262]
[0.508, 0.558, 0.474, 0.454, 0.58, 0.466, 0.454, 0.504, 0.668, 0.502, 0.234, 0.238, 0.22, 0.148, 0.262, 0.31]
[0.508, 0.558, 0.474, 0.454, 0.58, 0.466, 0.454, 0.504, 0.668, 0.502, 0.234, 0.238, 0.22, 0.148, 0.262, 0.31, 0.276]
[0.508, 0.558, 0.474, 0.454, 0.58, 0.466, 0.454, 0.504, 0.668, 0.502, 0.234, 0.238, 0.22, 0.148, 0.262, 0.31, 0.276, 0.296]
[0.508, 0.558, 0.474, 0.454, 0.58, 0.466, 0.454, 0.504, 0.668, 0.502, 0.234, 0.238, 0.22, 0.148, 0.262, 0.31, 0.276, 0.296, 0.278]
[0.508, 0.558, 0.474, 0.454, 0.58, 0.466, 0.454, 0.504, 0.668, 0.502, 0.234, 0.238, 0.22, 0.148, 0.262, 0.31, 0.276, 0.296, 0.278, 0.202]
broken out of loop
Total correct retain:  1430  Total retain:  2500
Total correct forget:  18944  Total forget:  47500
Total correct test:  273  Total test:  500
Total correct forget test:  3588  Total test forget:  9500
[0.546]
[0.546, 0.566]
[0.546, 0.566, 0.566]
[0.546, 0.566, 0.566, 0.508]
[0.546, 0.566, 0.566, 0.508, 0.614]
[0.546, 0.566, 0.566, 0.508, 0.614, 0.478]
[0.546, 0.566, 0.566, 0.508, 0.614, 0.478, 0.458]
[0.546, 0.566, 0.566, 0.508, 0.614, 0.478, 0.458, 0.484]
[0.546, 0.566, 0.566, 0.508, 0.614, 0.478, 0.458, 0.484, 0.654]
[0.546, 0.566, 0.566, 0.508, 0.614, 0.478, 0.458, 0.484, 0.654, 0.264]
[0.546, 0.566, 0.566, 0.508, 0.614, 0.478, 0.458, 0.484, 0.654, 0.264, 0.272]
[0.546, 0.566, 0.566, 0.508, 0.614, 0.478, 0.458, 0.484, 0.654, 0.264, 0.272, 0.244]
[0.546, 0.566, 0.566, 0.508, 0.614, 0.478, 0.458, 0.484, 0.654, 0.264, 0.272, 0.244, 0.214]
[0.546, 0.566, 0.566, 0.508, 0.614, 0.478, 0.458, 0.484, 0.654, 0.264, 0.272, 0.244, 0.214, 0.204]
[0.546, 0.566, 0.566, 0.508, 0.614, 0.478, 0.458, 0.484, 0.654, 0.264, 0.272, 0.244, 0.214, 0.204, 0.244]
[0.546, 0.566, 0.566, 0.508, 0.614, 0.478, 0.458, 0.484, 0.654, 0.264, 0.272, 0.244, 0.214, 0.204, 0.244, 0.326]
[0.546, 0.566, 0.566, 0.508, 0.614, 0.478, 0.458, 0.484, 0.654, 0.264, 0.272, 0.244, 0.214, 0.204, 0.244, 0.326, 0.306]
[0.546, 0.566, 0.566, 0.508, 0.614, 0.478, 0.458, 0.484, 0.654, 0.264, 0.272, 0.244, 0.214, 0.204, 0.244, 0.326, 0.306, 0.294]
[0.546, 0.566, 0.566, 0.508, 0.614, 0.478, 0.458, 0.484, 0.654, 0.264, 0.272, 0.244, 0.214, 0.204, 0.244, 0.326, 0.306, 0.294, 0.278]
[0.546, 0.566, 0.566, 0.508, 0.614, 0.478, 0.458, 0.484, 0.654, 0.264, 0.272, 0.244, 0.214, 0.204, 0.244, 0.326, 0.306, 0.294, 0.278, 0.202]
broken out of loop
Total correct retain:  1413  Total retain:  2500
Total correct forget:  16270  Total forget:  47500
Total correct test:  268  Total test:  500
Total correct forget test:  3120  Total test forget:  9500
[0.536]
[0.536, 0.414]
[0.536, 0.414, 0.564]
[0.536, 0.414, 0.564, 0.392]
[0.536, 0.414, 0.564, 0.392, 0.548]
[0.536, 0.414, 0.564, 0.392, 0.548, 0.432]
[0.536, 0.414, 0.564, 0.392, 0.548, 0.432, 0.526]
[0.536, 0.414, 0.564, 0.392, 0.548, 0.432, 0.526, 0.476]
[0.536, 0.414, 0.564, 0.392, 0.548, 0.432, 0.526, 0.476, 0.218]
[0.536, 0.414, 0.564, 0.392, 0.548, 0.432, 0.526, 0.476, 0.218, 0.152]
[0.536, 0.414, 0.564, 0.392, 0.548, 0.432, 0.526, 0.476, 0.218, 0.152, 0.324]
[0.536, 0.414, 0.564, 0.392, 0.548, 0.432, 0.526, 0.476, 0.218, 0.152, 0.324, 0.24]
[0.536, 0.414, 0.564, 0.392, 0.548, 0.432, 0.526, 0.476, 0.218, 0.152, 0.324, 0.24, 0.188]
[0.536, 0.414, 0.564, 0.392, 0.548, 0.432, 0.526, 0.476, 0.218, 0.152, 0.324, 0.24, 0.188, 0.324]
[0.536, 0.414, 0.564, 0.392, 0.548, 0.432, 0.526, 0.476, 0.218, 0.152, 0.324, 0.24, 0.188, 0.324, 0.272]
[0.536, 0.414, 0.564, 0.392, 0.548, 0.432, 0.526, 0.476, 0.218, 0.152, 0.324, 0.24, 0.188, 0.324, 0.272, 0.226]
[0.536, 0.414, 0.564, 0.392, 0.548, 0.432, 0.526, 0.476, 0.218, 0.152, 0.324, 0.24, 0.188, 0.324, 0.272, 0.226, 0.266]
[0.536, 0.414, 0.564, 0.392, 0.548, 0.432, 0.526, 0.476, 0.218, 0.152, 0.324, 0.24, 0.188, 0.324, 0.272, 0.226, 0.266, 0.284]
[0.536, 0.414, 0.564, 0.392, 0.548, 0.432, 0.526, 0.476, 0.218, 0.152, 0.324, 0.24, 0.188, 0.324, 0.272, 0.226, 0.266, 0.284, 0.192]
[0.536, 0.414, 0.564, 0.392, 0.548, 0.432, 0.526, 0.476, 0.218, 0.152, 0.324, 0.24, 0.188, 0.324, 0.272, 0.226, 0.266, 0.284, 0.192, 0.202]
broken out of loop
Total correct retain:  1370  Total retain:  2500
Total correct forget:  16049  Total forget:  47500
Total correct test:  250  Total test:  500
Total correct forget test:  3071  Total test forget:  9500
[0.5]
[0.5, 0.588]
[0.5, 0.588, 0.504]
[0.5, 0.588, 0.504, 0.44]
[0.5, 0.588, 0.504, 0.44, 0.5]
[0.5, 0.588, 0.504, 0.44, 0.5, 0.36]
[0.5, 0.588, 0.504, 0.44, 0.5, 0.36, 0.43]
[0.5, 0.588, 0.504, 0.44, 0.5, 0.36, 0.43, 0.126]
[0.5, 0.588, 0.504, 0.44, 0.5, 0.36, 0.43, 0.126, 0.202]
[0.5, 0.588, 0.504, 0.44, 0.5, 0.36, 0.43, 0.126, 0.202, 0.19]
[0.5, 0.588, 0.504, 0.44, 0.5, 0.36, 0.43, 0.126, 0.202, 0.19, 0.364]
[0.5, 0.588, 0.504, 0.44, 0.5, 0.36, 0.43, 0.126, 0.202, 0.19, 0.364, 0.254]
[0.5, 0.588, 0.504, 0.44, 0.5, 0.36, 0.43, 0.126, 0.202, 0.19, 0.364, 0.254, 0.236]
[0.5, 0.588, 0.504, 0.44, 0.5, 0.36, 0.43, 0.126, 0.202, 0.19, 0.364, 0.254, 0.236, 0.24]
[0.5, 0.588, 0.504, 0.44, 0.5, 0.36, 0.43, 0.126, 0.202, 0.19, 0.364, 0.254, 0.236, 0.24, 0.266]
[0.5, 0.588, 0.504, 0.44, 0.5, 0.36, 0.43, 0.126, 0.202, 0.19, 0.364, 0.254, 0.236, 0.24, 0.266, 0.334]
[0.5, 0.588, 0.504, 0.44, 0.5, 0.36, 0.43, 0.126, 0.202, 0.19, 0.364, 0.254, 0.236, 0.24, 0.266, 0.334, 0.232]
[0.5, 0.588, 0.504, 0.44, 0.5, 0.36, 0.43, 0.126, 0.202, 0.19, 0.364, 0.254, 0.236, 0.24, 0.266, 0.334, 0.232, 0.38]
[0.5, 0.588, 0.504, 0.44, 0.5, 0.36, 0.43, 0.126, 0.202, 0.19, 0.364, 0.254, 0.236, 0.24, 0.266, 0.334, 0.232, 0.38, 0.294]
[0.5, 0.588, 0.504, 0.44, 0.5, 0.36, 0.43, 0.126, 0.202, 0.19, 0.364, 0.254, 0.236, 0.24, 0.266, 0.334, 0.232, 0.38, 0.294, 0.202]
broken out of loop
Total correct retain:  1176  Total retain:  2500
Total correct forget:  17361  Total forget:  47500
Total correct test:  215  Total test:  500
Total correct forget test:  3351  Total test forget:  9500
[0.43]
[0.43, 0.572]
[0.43, 0.572, 0.582]
[0.43, 0.572, 0.582, 0.582]
[0.43, 0.572, 0.582, 0.582, 0.578]
[0.43, 0.572, 0.582, 0.582, 0.578, 0.45]
[0.43, 0.572, 0.582, 0.582, 0.578, 0.45, 0.158]
[0.43, 0.572, 0.582, 0.582, 0.578, 0.45, 0.158, 0.278]
[0.43, 0.572, 0.582, 0.582, 0.578, 0.45, 0.158, 0.278, 0.24]
[0.43, 0.572, 0.582, 0.582, 0.578, 0.45, 0.158, 0.278, 0.24, 0.23]
[0.43, 0.572, 0.582, 0.582, 0.578, 0.45, 0.158, 0.278, 0.24, 0.23, 0.368]
[0.43, 0.572, 0.582, 0.582, 0.578, 0.45, 0.158, 0.278, 0.24, 0.23, 0.368, 0.288]
[0.43, 0.572, 0.582, 0.582, 0.578, 0.45, 0.158, 0.278, 0.24, 0.23, 0.368, 0.288, 0.21]
[0.43, 0.572, 0.582, 0.582, 0.578, 0.45, 0.158, 0.278, 0.24, 0.23, 0.368, 0.288, 0.21, 0.312]
[0.43, 0.572, 0.582, 0.582, 0.578, 0.45, 0.158, 0.278, 0.24, 0.23, 0.368, 0.288, 0.21, 0.312, 0.246]
[0.43, 0.572, 0.582, 0.582, 0.578, 0.45, 0.158, 0.278, 0.24, 0.23, 0.368, 0.288, 0.21, 0.312, 0.246, 0.398]
[0.43, 0.572, 0.582, 0.582, 0.578, 0.45, 0.158, 0.278, 0.24, 0.23, 0.368, 0.288, 0.21, 0.312, 0.246, 0.398, 0.348]
[0.43, 0.572, 0.582, 0.582, 0.578, 0.45, 0.158, 0.278, 0.24, 0.23, 0.368, 0.288, 0.21, 0.312, 0.246, 0.398, 0.348, 0.384]
[0.43, 0.572, 0.582, 0.582, 0.578, 0.45, 0.158, 0.278, 0.24, 0.23, 0.368, 0.288, 0.21, 0.312, 0.246, 0.398, 0.348, 0.384, 0.276]
[0.43, 0.572, 0.582, 0.582, 0.578, 0.45, 0.158, 0.278, 0.24, 0.23, 0.368, 0.288, 0.21, 0.312, 0.246, 0.398, 0.348, 0.384, 0.276, 0.202]
broken out of loop
Total correct retain:  1439  Total retain:  2500
Total correct forget:  16790  Total forget:  47500
Total correct test:  273  Total test:  500
Total correct forget test:  3215  Total test forget:  9500
[0.546]
[0.546, 0.596]
[0.546, 0.596, 0.556]
[0.546, 0.596, 0.556, 0.51]
[0.546, 0.596, 0.556, 0.51, 0.576]
[0.546, 0.596, 0.556, 0.51, 0.576, 0.242]
[0.546, 0.596, 0.556, 0.51, 0.576, 0.242, 0.146]
[0.546, 0.596, 0.556, 0.51, 0.576, 0.242, 0.146, 0.272]
[0.546, 0.596, 0.556, 0.51, 0.576, 0.242, 0.146, 0.272, 0.328]
[0.546, 0.596, 0.556, 0.51, 0.576, 0.242, 0.146, 0.272, 0.328, 0.276]
[0.546, 0.596, 0.556, 0.51, 0.576, 0.242, 0.146, 0.272, 0.328, 0.276, 0.344]
[0.546, 0.596, 0.556, 0.51, 0.576, 0.242, 0.146, 0.272, 0.328, 0.276, 0.344, 0.268]
[0.546, 0.596, 0.556, 0.51, 0.576, 0.242, 0.146, 0.272, 0.328, 0.276, 0.344, 0.268, 0.208]
[0.546, 0.596, 0.556, 0.51, 0.576, 0.242, 0.146, 0.272, 0.328, 0.276, 0.344, 0.268, 0.208, 0.308]
[0.546, 0.596, 0.556, 0.51, 0.576, 0.242, 0.146, 0.272, 0.328, 0.276, 0.344, 0.268, 0.208, 0.308, 0.238]
[0.546, 0.596, 0.556, 0.51, 0.576, 0.242, 0.146, 0.272, 0.328, 0.276, 0.344, 0.268, 0.208, 0.308, 0.238, 0.418]
[0.546, 0.596, 0.556, 0.51, 0.576, 0.242, 0.146, 0.272, 0.328, 0.276, 0.344, 0.268, 0.208, 0.308, 0.238, 0.418, 0.296]
[0.546, 0.596, 0.556, 0.51, 0.576, 0.242, 0.146, 0.272, 0.328, 0.276, 0.344, 0.268, 0.208, 0.308, 0.238, 0.418, 0.296, 0.378]
[0.546, 0.596, 0.556, 0.51, 0.576, 0.242, 0.146, 0.272, 0.328, 0.276, 0.344, 0.268, 0.208, 0.308, 0.238, 0.418, 0.296, 0.378, 0.27]
[0.546, 0.596, 0.556, 0.51, 0.576, 0.242, 0.146, 0.272, 0.328, 0.276, 0.344, 0.268, 0.208, 0.308, 0.238, 0.418, 0.296, 0.378, 0.27, 0.2]
broken out of loop
Total correct retain:  1238  Total retain:  2500
Total correct forget:  14437  Total forget:  47500
Total correct test:  234  Total test:  500
Total correct forget test:  2763  Total test forget:  9500
[0.468]
[0.468, 0.562]
[0.468, 0.562, 0.576]
[0.468, 0.562, 0.576, 0.482]
[0.468, 0.562, 0.576, 0.482, 0.202]
[0.468, 0.562, 0.576, 0.482, 0.202, 0.242]
[0.468, 0.562, 0.576, 0.482, 0.202, 0.242, 0.114]
[0.468, 0.562, 0.576, 0.482, 0.202, 0.242, 0.114, 0.266]
[0.468, 0.562, 0.576, 0.482, 0.202, 0.242, 0.114, 0.266, 0.212]
[0.468, 0.562, 0.576, 0.482, 0.202, 0.242, 0.114, 0.266, 0.212, 0.244]
[0.468, 0.562, 0.576, 0.482, 0.202, 0.242, 0.114, 0.266, 0.212, 0.244, 0.366]
[0.468, 0.562, 0.576, 0.482, 0.202, 0.242, 0.114, 0.266, 0.212, 0.244, 0.366, 0.212]
[0.468, 0.562, 0.576, 0.482, 0.202, 0.242, 0.114, 0.266, 0.212, 0.244, 0.366, 0.212, 0.172]
[0.468, 0.562, 0.576, 0.482, 0.202, 0.242, 0.114, 0.266, 0.212, 0.244, 0.366, 0.212, 0.172, 0.3]
[0.468, 0.562, 0.576, 0.482, 0.202, 0.242, 0.114, 0.266, 0.212, 0.244, 0.366, 0.212, 0.172, 0.3, 0.206]
[0.468, 0.562, 0.576, 0.482, 0.202, 0.242, 0.114, 0.266, 0.212, 0.244, 0.366, 0.212, 0.172, 0.3, 0.206, 0.356]
[0.468, 0.562, 0.576, 0.482, 0.202, 0.242, 0.114, 0.266, 0.212, 0.244, 0.366, 0.212, 0.172, 0.3, 0.206, 0.356, 0.272]
[0.468, 0.562, 0.576, 0.482, 0.202, 0.242, 0.114, 0.266, 0.212, 0.244, 0.366, 0.212, 0.172, 0.3, 0.206, 0.356, 0.272, 0.276]
[0.468, 0.562, 0.576, 0.482, 0.202, 0.242, 0.114, 0.266, 0.212, 0.244, 0.366, 0.212, 0.172, 0.3, 0.206, 0.356, 0.272, 0.276, 0.266]
[0.468, 0.562, 0.576, 0.482, 0.202, 0.242, 0.114, 0.266, 0.212, 0.244, 0.366, 0.212, 0.172, 0.3, 0.206, 0.356, 0.272, 0.276, 0.266, 0.2]
broken out of loop
Total correct retain:  1449  Total retain:  2500
Total correct forget:  13054  Total forget:  47500
Total correct test:  278  Total test:  500
Total correct forget test:  2501  Total test forget:  9500
[0.556]
[0.556, 0.366]
[0.556, 0.366, 0.356]
[0.556, 0.366, 0.356, 0.196]
[0.556, 0.366, 0.356, 0.196, 0.212]
[0.556, 0.366, 0.356, 0.196, 0.212, 0.24]
[0.556, 0.366, 0.356, 0.196, 0.212, 0.24, 0.15]
[0.556, 0.366, 0.356, 0.196, 0.212, 0.24, 0.15, 0.348]
[0.556, 0.366, 0.356, 0.196, 0.212, 0.24, 0.15, 0.348, 0.222]
[0.556, 0.366, 0.356, 0.196, 0.212, 0.24, 0.15, 0.348, 0.222, 0.246]
[0.556, 0.366, 0.356, 0.196, 0.212, 0.24, 0.15, 0.348, 0.222, 0.246, 0.322]
[0.556, 0.366, 0.356, 0.196, 0.212, 0.24, 0.15, 0.348, 0.222, 0.246, 0.322, 0.264]
[0.556, 0.366, 0.356, 0.196, 0.212, 0.24, 0.15, 0.348, 0.222, 0.246, 0.322, 0.264, 0.226]
[0.556, 0.366, 0.356, 0.196, 0.212, 0.24, 0.15, 0.348, 0.222, 0.246, 0.322, 0.264, 0.226, 0.222]
[0.556, 0.366, 0.356, 0.196, 0.212, 0.24, 0.15, 0.348, 0.222, 0.246, 0.322, 0.264, 0.226, 0.222, 0.262]
[0.556, 0.366, 0.356, 0.196, 0.212, 0.24, 0.15, 0.348, 0.222, 0.246, 0.322, 0.264, 0.226, 0.222, 0.262, 0.288]
[0.556, 0.366, 0.356, 0.196, 0.212, 0.24, 0.15, 0.348, 0.222, 0.246, 0.322, 0.264, 0.226, 0.222, 0.262, 0.288, 0.312]
[0.556, 0.366, 0.356, 0.196, 0.212, 0.24, 0.15, 0.348, 0.222, 0.246, 0.322, 0.264, 0.226, 0.222, 0.262, 0.288, 0.312, 0.264]
[0.556, 0.366, 0.356, 0.196, 0.212, 0.24, 0.15, 0.348, 0.222, 0.246, 0.322, 0.264, 0.226, 0.222, 0.262, 0.288, 0.312, 0.264, 0.306]
[0.556, 0.366, 0.356, 0.196, 0.212, 0.24, 0.15, 0.348, 0.222, 0.246, 0.322, 0.264, 0.226, 0.222, 0.262, 0.288, 0.312, 0.264, 0.306, 0.2]
broken out of loop
Total correct retain:  1372  Total retain:  2500
Total correct forget:  12345  Total forget:  47500
Total correct test:  251  Total test:  500
Total correct forget test:  2390  Total test forget:  9500
[0.502]
[0.502, 0.47]
[0.502, 0.47, 0.166]
[0.502, 0.47, 0.166, 0.208]
[0.502, 0.47, 0.166, 0.208, 0.204]
[0.502, 0.47, 0.166, 0.208, 0.204, 0.222]
[0.502, 0.47, 0.166, 0.208, 0.204, 0.222, 0.174]
[0.502, 0.47, 0.166, 0.208, 0.204, 0.222, 0.174, 0.236]
[0.502, 0.47, 0.166, 0.208, 0.204, 0.222, 0.174, 0.236, 0.218]
[0.502, 0.47, 0.166, 0.208, 0.204, 0.222, 0.174, 0.236, 0.218, 0.242]
[0.502, 0.47, 0.166, 0.208, 0.204, 0.222, 0.174, 0.236, 0.218, 0.242, 0.294]
[0.502, 0.47, 0.166, 0.208, 0.204, 0.222, 0.174, 0.236, 0.218, 0.242, 0.294, 0.288]
[0.502, 0.47, 0.166, 0.208, 0.204, 0.222, 0.174, 0.236, 0.218, 0.242, 0.294, 0.288, 0.192]
[0.502, 0.47, 0.166, 0.208, 0.204, 0.222, 0.174, 0.236, 0.218, 0.242, 0.294, 0.288, 0.192, 0.23]
[0.502, 0.47, 0.166, 0.208, 0.204, 0.222, 0.174, 0.236, 0.218, 0.242, 0.294, 0.288, 0.192, 0.23, 0.242]
[0.502, 0.47, 0.166, 0.208, 0.204, 0.222, 0.174, 0.236, 0.218, 0.242, 0.294, 0.288, 0.192, 0.23, 0.242, 0.314]
[0.502, 0.47, 0.166, 0.208, 0.204, 0.222, 0.174, 0.236, 0.218, 0.242, 0.294, 0.288, 0.192, 0.23, 0.242, 0.314, 0.328]
[0.502, 0.47, 0.166, 0.208, 0.204, 0.222, 0.174, 0.236, 0.218, 0.242, 0.294, 0.288, 0.192, 0.23, 0.242, 0.314, 0.328, 0.248]
[0.502, 0.47, 0.166, 0.208, 0.204, 0.222, 0.174, 0.236, 0.218, 0.242, 0.294, 0.288, 0.192, 0.23, 0.242, 0.314, 0.328, 0.248, 0.304]
[0.502, 0.47, 0.166, 0.208, 0.204, 0.222, 0.174, 0.236, 0.218, 0.242, 0.294, 0.288, 0.192, 0.23, 0.242, 0.314, 0.328, 0.248, 0.304, 0.2]
broken out of loop
Total correct retain:  1149  Total retain:  2500
Total correct forget:  9351  Total forget:  47500
Total correct test:  219  Total test:  500
Total correct forget test:  1843  Total test forget:  9500
[0.438]
[0.438, 0.18]
[0.438, 0.18, 0.12]
[0.438, 0.18, 0.12, 0.13]
[0.438, 0.18, 0.12, 0.13, 0.146]
[0.438, 0.18, 0.12, 0.13, 0.146, 0.194]
[0.438, 0.18, 0.12, 0.13, 0.146, 0.194, 0.186]
[0.438, 0.18, 0.12, 0.13, 0.146, 0.194, 0.186, 0.2]
[0.438, 0.18, 0.12, 0.13, 0.146, 0.194, 0.186, 0.2, 0.206]
[0.438, 0.18, 0.12, 0.13, 0.146, 0.194, 0.186, 0.2, 0.206, 0.176]
[0.438, 0.18, 0.12, 0.13, 0.146, 0.194, 0.186, 0.2, 0.206, 0.176, 0.23]
[0.438, 0.18, 0.12, 0.13, 0.146, 0.194, 0.186, 0.2, 0.206, 0.176, 0.23, 0.194]
[0.438, 0.18, 0.12, 0.13, 0.146, 0.194, 0.186, 0.2, 0.206, 0.176, 0.23, 0.194, 0.184]
[0.438, 0.18, 0.12, 0.13, 0.146, 0.194, 0.186, 0.2, 0.206, 0.176, 0.23, 0.194, 0.184, 0.19]
[0.438, 0.18, 0.12, 0.13, 0.146, 0.194, 0.186, 0.2, 0.206, 0.176, 0.23, 0.194, 0.184, 0.19, 0.254]
[0.438, 0.18, 0.12, 0.13, 0.146, 0.194, 0.186, 0.2, 0.206, 0.176, 0.23, 0.194, 0.184, 0.19, 0.254, 0.226]
[0.438, 0.18, 0.12, 0.13, 0.146, 0.194, 0.186, 0.2, 0.206, 0.176, 0.23, 0.194, 0.184, 0.19, 0.254, 0.226, 0.196]
[0.438, 0.18, 0.12, 0.13, 0.146, 0.194, 0.186, 0.2, 0.206, 0.176, 0.23, 0.194, 0.184, 0.19, 0.254, 0.226, 0.196, 0.156]
[0.438, 0.18, 0.12, 0.13, 0.146, 0.194, 0.186, 0.2, 0.206, 0.176, 0.23, 0.194, 0.184, 0.19, 0.254, 0.226, 0.196, 0.156, 0.318]
[0.438, 0.18, 0.12, 0.13, 0.146, 0.194, 0.186, 0.2, 0.206, 0.176, 0.23, 0.194, 0.184, 0.19, 0.254, 0.226, 0.196, 0.156, 0.318, 0.2]
[[0.646, 0.682, 0.684, 0.63, 0.73, 0.604, 0.638, 0.642, 0.728, 0.568, 0.696, 0.58, 0.686, 0.672, 0.668, 0.704, 0.616, 0.744, 0.778, 0.708], [0.54, 0.606, 0.626, 0.562, 0.674, 0.564, 0.55, 0.562, 0.706, 0.55, 0.564, 0.49, 0.644, 0.632, 0.564, 0.648, 0.572, 0.666, 0.662, 0.308], [0.496, 0.534, 0.634, 0.608, 0.708, 0.506, 0.558, 0.504, 0.688, 0.524, 0.514, 0.45, 0.62, 0.618, 0.56, 0.498, 0.546, 0.696, 0.27, 0.268], [0.452, 0.448, 0.5, 0.492, 0.546, 0.432, 0.522, 0.43, 0.7, 0.464, 0.44, 0.414, 0.568, 0.574, 0.5, 0.396, 0.57, 0.254, 0.28, 0.222], [0.464, 0.512, 0.482, 0.404, 0.546, 0.426, 0.392, 0.514, 0.61, 0.468, 0.5, 0.404, 0.46, 0.48, 0.466, 0.478, 0.252, 0.254, 0.26, 0.228], [0.544, 0.462, 0.538, 0.498, 0.612, 0.468, 0.536, 0.61, 0.636, 0.418, 0.522, 0.5, 0.53, 0.58, 0.574, 0.246, 0.382, 0.342, 0.29, 0.212], [0.482, 0.564, 0.628, 0.52, 0.67, 0.474, 0.596, 0.632, 0.622, 0.512, 0.528, 0.484, 0.448, 0.566, 0.272, 0.35, 0.24, 0.34, 0.342, 0.234], [0.54, 0.58, 0.568, 0.482, 0.614, 0.388, 0.534, 0.58, 0.594, 0.518, 0.536, 0.492, 0.516, 0.172, 0.29, 0.384, 0.28, 0.402, 0.332, 0.234], [0.564, 0.578, 0.536, 0.508, 0.616, 0.4, 0.558, 0.514, 0.698, 0.448, 0.488, 0.462, 0.226, 0.178, 0.294, 0.35, 0.35, 0.394, 0.34, 0.204], [0.532, 0.576, 0.574, 0.468, 0.618, 0.476, 0.472, 0.504, 0.626, 0.43, 0.482, 0.246, 0.196, 0.146, 0.262, 0.372, 0.32, 0.376, 0.31, 0.202], [0.508, 0.558, 0.474, 0.454, 0.58, 0.466, 0.454, 0.504, 0.668, 0.502, 0.234, 0.238, 0.22, 0.148, 0.262, 0.31, 0.276, 0.296, 0.278, 0.202], [0.546, 0.566, 0.566, 0.508, 0.614, 0.478, 0.458, 0.484, 0.654, 0.264, 0.272, 0.244, 0.214, 0.204, 0.244, 0.326, 0.306, 0.294, 0.278, 0.202], [0.536, 0.414, 0.564, 0.392, 0.548, 0.432, 0.526, 0.476, 0.218, 0.152, 0.324, 0.24, 0.188, 0.324, 0.272, 0.226, 0.266, 0.284, 0.192, 0.202], [0.5, 0.588, 0.504, 0.44, 0.5, 0.36, 0.43, 0.126, 0.202, 0.19, 0.364, 0.254, 0.236, 0.24, 0.266, 0.334, 0.232, 0.38, 0.294, 0.202], [0.43, 0.572, 0.582, 0.582, 0.578, 0.45, 0.158, 0.278, 0.24, 0.23, 0.368, 0.288, 0.21, 0.312, 0.246, 0.398, 0.348, 0.384, 0.276, 0.202], [0.546, 0.596, 0.556, 0.51, 0.576, 0.242, 0.146, 0.272, 0.328, 0.276, 0.344, 0.268, 0.208, 0.308, 0.238, 0.418, 0.296, 0.378, 0.27, 0.2], [0.468, 0.562, 0.576, 0.482, 0.202, 0.242, 0.114, 0.266, 0.212, 0.244, 0.366, 0.212, 0.172, 0.3, 0.206, 0.356, 0.272, 0.276, 0.266, 0.2], [0.556, 0.366, 0.356, 0.196, 0.212, 0.24, 0.15, 0.348, 0.222, 0.246, 0.322, 0.264, 0.226, 0.222, 0.262, 0.288, 0.312, 0.264, 0.306, 0.2], [0.502, 0.47, 0.166, 0.208, 0.204, 0.222, 0.174, 0.236, 0.218, 0.242, 0.294, 0.288, 0.192, 0.23, 0.242, 0.314, 0.328, 0.248, 0.304, 0.2], [0.438, 0.18, 0.12, 0.13, 0.146, 0.194, 0.186, 0.2, 0.206, 0.176, 0.23, 0.194, 0.184, 0.19, 0.254, 0.226, 0.196, 0.156, 0.318, 0.2]]
20
20
Plot  0  Done
Average Retain Accuracies:  [0.6988, 0.5724, 0.5684, 0.4812, 0.4936, 0.5896, 0.5676, 0.588, 0.596, 0.5916, 0.5648, 0.572, 0.5652, 0.548, 0.4704, 0.5756, 0.4952, 0.5796, 0.5488, 0.4596]
Average Forget Accuracies:  [0.7660631578947369, 0.6538526315789474, 0.6097052631578948, 0.5078526315789473, 0.4665263157894737, 0.5099157894736842, 0.5134315789473685, 0.4841473684210526, 0.4610736842105263, 0.42728421052631577, 0.3975578947368421, 0.39882105263157897, 0.3425263157894737, 0.3378736842105263, 0.36549473684210526, 0.35347368421052633, 0.30393684210526317, 0.27482105263157897, 0.2598947368421053, 0.19686315789473685]
Average Retain Test Accuracies:  [0.646, 0.54, 0.496, 0.452, 0.464, 0.544, 0.482, 0.54, 0.564, 0.532, 0.508, 0.546, 0.536, 0.5, 0.43, 0.546, 0.468, 0.556, 0.502, 0.438]
Average Forget Test Accuracies:  [0.6714736842105263, 0.5868421052631579, 0.5423157894736842, 0.46063157894736845, 0.4282105263157895, 0.4713684210526316, 0.4748421052631579, 0.4471578947368421, 0.4285263157894737, 0.4029473684210526, 0.37494736842105264, 0.3776842105263158, 0.32842105263157895, 0.32326315789473686, 0.3527368421052632, 0.33842105263157896, 0.2908421052631579, 0.26326315789473687, 0.25157894736842107, 0.194]
Done
