Requirement already satisfied: pyyaml in /usr/lib64/python3.12/site-packages (6.0.1)
Requirement already satisfied: setuptools in /usr/lib/python3.12/site-packages (68.2.2)
Requirement already satisfied: matplotlib in /dcs/21/u2145461/.local/lib/python3.12/site-packages (3.10.1)
Requirement already satisfied: contourpy>=1.0.1 in /dcs/21/u2145461/.local/lib/python3.12/site-packages (from matplotlib) (1.3.1)
Requirement already satisfied: cycler>=0.10 in /dcs/21/u2145461/.local/lib/python3.12/site-packages (from matplotlib) (0.12.1)
Requirement already satisfied: fonttools>=4.22.0 in /dcs/21/u2145461/.local/lib/python3.12/site-packages (from matplotlib) (4.56.0)
Requirement already satisfied: kiwisolver>=1.3.1 in /dcs/21/u2145461/.local/lib/python3.12/site-packages (from matplotlib) (1.4.8)
Requirement already satisfied: numpy>=1.23 in /dcs/21/u2145461/.local/lib/python3.12/site-packages (from matplotlib) (2.2.3)
Requirement already satisfied: packaging>=20.0 in /dcs/21/u2145461/.local/lib/python3.12/site-packages (from matplotlib) (24.2)
Requirement already satisfied: pillow>=8 in /dcs/21/u2145461/.local/lib/python3.12/site-packages (from matplotlib) (11.0.0)
Requirement already satisfied: pyparsing>=2.3.1 in /dcs/21/u2145461/.local/lib/python3.12/site-packages (from matplotlib) (3.2.1)
Requirement already satisfied: python-dateutil>=2.7 in /dcs/21/u2145461/.local/lib/python3.12/site-packages (from matplotlib) (2.9.0.post0)
Requirement already satisfied: six>=1.5 in /dcs/21/u2145461/.local/lib/python3.12/site-packages (from python-dateutil>=2.7->matplotlib) (1.17.0)
Requirement already satisfied: quadprog in /dcs/21/u2145461/.local/lib/python3.12/site-packages (0.1.13)
Requirement already satisfied: numpy in /dcs/21/u2145461/.local/lib/python3.12/site-packages (from quadprog) (2.2.3)
Requirement already satisfied: pyparsing in /dcs/21/u2145461/.local/lib/python3.12/site-packages (3.2.1)
Requirement already satisfied: pandas in /dcs/21/u2145461/.local/lib/python3.12/site-packages (2.2.3)
Requirement already satisfied: numpy>=1.26.0 in /dcs/21/u2145461/.local/lib/python3.12/site-packages (from pandas) (2.2.3)
Requirement already satisfied: python-dateutil>=2.8.2 in /dcs/21/u2145461/.local/lib/python3.12/site-packages (from pandas) (2.9.0.post0)
Requirement already satisfied: pytz>=2020.1 in /dcs/21/u2145461/.local/lib/python3.12/site-packages (from pandas) (2025.1)
Requirement already satisfied: tzdata>=2022.7 in /dcs/21/u2145461/.local/lib/python3.12/site-packages (from pandas) (2025.1)
Requirement already satisfied: six>=1.5 in /dcs/21/u2145461/.local/lib/python3.12/site-packages (from python-dateutil>=2.8.2->pandas) (1.17.0)
Requirement already satisfied: numpy in /dcs/21/u2145461/.local/lib/python3.12/site-packages (2.2.3)
Sat Mar  8 05:48:23 2025       
+-----------------------------------------------------------------------------------------+
| NVIDIA-SMI 550.144.03             Driver Version: 550.144.03     CUDA Version: 12.4     |
|-----------------------------------------+------------------------+----------------------+
| GPU  Name                 Persistence-M | Bus-Id          Disp.A | Volatile Uncorr. ECC |
| Fan  Temp   Perf          Pwr:Usage/Cap |           Memory-Usage | GPU-Util  Compute M. |
|                                         |                        |               MIG M. |
|=========================================+========================+======================|
|   0  NVIDIA A10                     On  |   00000000:25:00.0 Off |                    0 |
|  0%   26C    P8             15W /  150W |       1MiB /  23028MiB |      0%      Default |
|                                         |                        |                  N/A |
+-----------------------------------------+------------------------+----------------------+
                                                                                         
+-----------------------------------------------------------------------------------------+
| Processes:                                                                              |
|  GPU   GI   CI        PID   Type   Process name                              GPU Memory |
|        ID   ID                                                               Usage      |
|=========================================================================================|
|  No running processes found                                                             |
+-----------------------------------------------------------------------------------------+
Python 3.12.8
./cifar-100-python/train
./cifar-100-python/test
Unlearn Batch Size:  256
Unlearn MEM Strength:  0.6
cifar-100-python/train
cifar-100-python/test
new ordering of classes:  ['shark', 'snail', 'seal', 'forest', 'cattle', 'pine', 'television', 'tractor', 'cans', 'leopard', 'elephant', 'oak', 'flatfish', 'cloud', 'mouse', 'bowls', 'plates', 'skyscraper', 'lawn-mower', 'tulips', 'cockroach', 'orchids', 'willow', 'boy', 'castle', 'apples', 'rocket', 'lion', 'tiger', 'oranges', 'sunflowers', 'bear', 'fox', 'poppies', 'hamster', 'train', 'clock', 'cups', 'rabbit', 'trout', 'girl', 'bus', 'crab', 'chair', 'maple', 'bridge', 'sea', 'dinosaur', 'table', 'bee', 'butterfly', 'kangaroo', 'shrew', 'man', 'telephone', 'chimpanzee', 'bed', 'whale', 'mountain', 'sweet peppers', 'possum', 'caterpillar', 'house', 'aquarium fish', 'streetcar', 'dolphin', 'lobster', 'beetle', 'otter', 'camel', 'baby', 'motorcycle', 'worm', 'woman', 'lamp', 'wolf', 'computer keyboard', 'pears', 'palm', 'skunk', 'roses', 'plain', 'tank', 'snake', 'mushrooms', 'couch', 'ray', 'beaver', 'crocodile', 'spider', 'lizard', 'porcupine', 'raccoon', 'bicycle', 'bottles', 'squirrel', 'road', 'pickup truck', 'wardrobe', 'turtle']
Training task:  1
Training task:  2
Training task:  3
Training task:  4
Training task:  5
Training task:  6
Training task:  7
Training task:  8
Training task:  9
Training task:  10
Training task:  11
Training task:  12
Training task:  13
Training task:  14
Training task:  15
Training task:  16
Training task:  17
Training task:  18
Training task:  19
Training task:  20
Unlearning task:  20
Total correct retain:  913  Total retain:  2500
Total correct forget:  18415  Total forget:  47500
Total correct test:  186  Total test:  500
Total correct forget test:  3628  Total test forget:  9500
Total correct retain:  1067  Total retain:  2500
Total correct forget:  21082  Total forget:  47500
Total correct test:  227  Total test:  500
Total correct forget test:  4247  Total test forget:  9500
Total correct retain:  1087  Total retain:  2500
Total correct forget:  21214  Total forget:  47500
Total correct test:  230  Total test:  500
Total correct forget test:  4277  Total test forget:  9500
Total correct retain:  1090  Total retain:  2500
Total correct forget:  21263  Total forget:  47500
Total correct test:  234  Total test:  500
Total correct forget test:  4275  Total test forget:  9500
Total correct retain:  1086  Total retain:  2500
Total correct forget:  21446  Total forget:  47500
Total correct test:  229  Total test:  500
Total correct forget test:  4292  Total test forget:  9500
Total correct retain:  1094  Total retain:  2500
Total correct forget:  21402  Total forget:  47500
Total correct test:  229  Total test:  500
Total correct forget test:  4310  Total test forget:  9500
Total correct retain:  1095  Total retain:  2500
Total correct forget:  21441  Total forget:  47500
Total correct test:  235  Total test:  500
Total correct forget test:  4332  Total test forget:  9500
Total correct retain:  1096  Total retain:  2500
Total correct forget:  21600  Total forget:  47500
Total correct test:  234  Total test:  500
Total correct forget test:  4357  Total test forget:  9500
Total correct retain:  1106  Total retain:  2500
Total correct forget:  21612  Total forget:  47500
Total correct test:  238  Total test:  500
Total correct forget test:  4377  Total test forget:  9500
Total correct retain:  1098  Total retain:  2500
Total correct forget:  21602  Total forget:  47500
Total correct test:  238  Total test:  500
Total correct forget test:  4376  Total test forget:  9500
Total correct retain:  1107  Total retain:  2500
Total correct forget:  21667  Total forget:  47500
Total correct test:  236  Total test:  500
Total correct forget test:  4409  Total test forget:  9500
Total correct retain:  1100  Total retain:  2500
Total correct forget:  21711  Total forget:  47500
Total correct test:  237  Total test:  500
Total correct forget test:  4400  Total test forget:  9500
Total correct retain:  1105  Total retain:  2500
Total correct forget:  21820  Total forget:  47500
Total correct test:  233  Total test:  500
Total correct forget test:  4424  Total test forget:  9500
Total correct retain:  1117  Total retain:  2500
Total correct forget:  21895  Total forget:  47500
Total correct test:  231  Total test:  500
Total correct forget test:  4433  Total test forget:  9500
Total correct retain:  1137  Total retain:  2500
Total correct forget:  21689  Total forget:  47500
Total correct test:  229  Total test:  500
Total correct forget test:  4419  Total test forget:  9500
Total correct retain:  1126  Total retain:  2500
Total correct forget:  21627  Total forget:  47500
Total correct test:  225  Total test:  500
Total correct forget test:  4392  Total test forget:  9500
Total correct retain:  1127  Total retain:  2500
Total correct forget:  22002  Total forget:  47500
Total correct test:  234  Total test:  500
Total correct forget test:  4461  Total test forget:  9500
Total correct retain:  1135  Total retain:  2500
Total correct forget:  22021  Total forget:  47500
Total correct test:  245  Total test:  500
Total correct forget test:  4451  Total test forget:  9500
Total correct retain:  1156  Total retain:  2500
Total correct forget:  22168  Total forget:  47500
Total correct test:  236  Total test:  500
Total correct forget test:  4472  Total test forget:  9500
Total correct retain:  1172  Total retain:  2500
Total correct forget:  22197  Total forget:  47500
Total correct test:  231  Total test:  500
Total correct forget test:  4463  Total test forget:  9500
[[0.454, 0.442, 0.52, 0.356, 0.596, 0.442, 0.458, 0.416, 0.528, 0.414, 0.45, 0.636, 0.368, 0.356, 0.32, 0.438, 0.548, 0.41, 0.338, 0.458], [0.46, 0.446, 0.526, 0.366, 0.584, 0.434, 0.46, 0.416, 0.528, 0.414, 0.46, 0.644, 0.37, 0.364, 0.328, 0.452, 0.554, 0.418, 0.33, 0.46], [0.468, 0.44, 0.52, 0.364, 0.592, 0.43, 0.46, 0.424, 0.526, 0.412, 0.474, 0.646, 0.364, 0.356, 0.344, 0.45, 0.56, 0.406, 0.32, 0.462], [0.458, 0.45, 0.53, 0.37, 0.606, 0.444, 0.468, 0.416, 0.528, 0.418, 0.472, 0.652, 0.356, 0.346, 0.324, 0.456, 0.564, 0.412, 0.316, 0.456], [0.458, 0.45, 0.516, 0.372, 0.592, 0.44, 0.464, 0.418, 0.534, 0.42, 0.476, 0.658, 0.362, 0.354, 0.344, 0.446, 0.568, 0.41, 0.334, 0.462], [0.47, 0.458, 0.516, 0.38, 0.602, 0.432, 0.46, 0.428, 0.534, 0.422, 0.48, 0.652, 0.356, 0.366, 0.348, 0.45, 0.562, 0.426, 0.328, 0.464], [0.468, 0.466, 0.526, 0.386, 0.61, 0.438, 0.466, 0.424, 0.536, 0.426, 0.484, 0.664, 0.362, 0.362, 0.332, 0.446, 0.574, 0.418, 0.328, 0.466], [0.476, 0.462, 0.526, 0.386, 0.618, 0.436, 0.468, 0.43, 0.542, 0.428, 0.484, 0.668, 0.364, 0.364, 0.35, 0.45, 0.572, 0.412, 0.33, 0.464], [0.476, 0.462, 0.518, 0.408, 0.62, 0.44, 0.466, 0.426, 0.53, 0.442, 0.472, 0.654, 0.352, 0.366, 0.368, 0.45, 0.58, 0.418, 0.308, 0.472], [0.472, 0.478, 0.524, 0.4, 0.638, 0.446, 0.476, 0.428, 0.546, 0.438, 0.48, 0.656, 0.358, 0.366, 0.358, 0.454, 0.568, 0.422, 0.318, 0.464], [0.474, 0.47, 0.514, 0.418, 0.62, 0.438, 0.474, 0.418, 0.532, 0.45, 0.47, 0.666, 0.352, 0.378, 0.352, 0.458, 0.586, 0.422, 0.306, 0.476], [0.466, 0.47, 0.522, 0.416, 0.654, 0.458, 0.484, 0.418, 0.546, 0.432, 0.478, 0.668, 0.37, 0.364, 0.328, 0.452, 0.584, 0.42, 0.322, 0.462], [0.462, 0.478, 0.522, 0.418, 0.656, 0.46, 0.484, 0.414, 0.546, 0.44, 0.472, 0.668, 0.368, 0.362, 0.336, 0.452, 0.578, 0.428, 0.324, 0.46], [0.458, 0.474, 0.518, 0.408, 0.662, 0.5, 0.516, 0.424, 0.548, 0.416, 0.48, 0.674, 0.354, 0.352, 0.32, 0.44, 0.568, 0.412, 0.322, 0.45], [0.45, 0.472, 0.52, 0.416, 0.66, 0.504, 0.522, 0.422, 0.542, 0.41, 0.48, 0.656, 0.35, 0.34, 0.318, 0.434, 0.57, 0.406, 0.318, 0.444], [0.468, 0.484, 0.526, 0.432, 0.652, 0.462, 0.49, 0.41, 0.548, 0.442, 0.472, 0.676, 0.364, 0.364, 0.336, 0.458, 0.59, 0.424, 0.324, 0.468], [0.49, 0.486, 0.532, 0.434, 0.642, 0.434, 0.468, 0.422, 0.548, 0.436, 0.482, 0.682, 0.364, 0.374, 0.348, 0.464, 0.588, 0.42, 0.314, 0.464], [0.472, 0.498, 0.552, 0.424, 0.628, 0.414, 0.456, 0.424, 0.56, 0.448, 0.482, 0.684, 0.37, 0.382, 0.342, 0.47, 0.584, 0.422, 0.328, 0.476], [0.462, 0.506, 0.56, 0.422, 0.626, 0.406, 0.442, 0.42, 0.564, 0.452, 0.476, 0.688, 0.384, 0.386, 0.324, 0.46, 0.584, 0.422, 0.33, 0.474]]
Plot  0  Done
Average Retain Accuracies:  [0.3652, 0.4268, 0.4348, 0.436, 0.4344, 0.4376, 0.438, 0.4384, 0.4424, 0.4392, 0.4428, 0.44, 0.442, 0.4468, 0.4548, 0.4504, 0.4508, 0.454, 0.4624, 0.4688]
Average Forget Accuracies:  [0.3876842105263158, 0.4438315789473684, 0.44661052631578946, 0.4476421052631579, 0.4514947368421053, 0.45056842105263156, 0.4513894736842105, 0.45473684210526316, 0.4549894736842105, 0.45477894736842106, 0.45614736842105263, 0.4570736842105263, 0.4593684210526316, 0.4609473684210526, 0.45661052631578947, 0.4553052631578947, 0.4632, 0.4636, 0.4666947368421053, 0.4673052631578947]
Average Retain Test Accuracies:  [0.372, 0.454, 0.46, 0.468, 0.458, 0.458, 0.47, 0.468, 0.476, 0.476, 0.472, 0.474, 0.466, 0.462, 0.458, 0.45, 0.468, 0.49, 0.472, 0.462]
Average Forget Test Accuracies:  [0.3818947368421053, 0.44705263157894737, 0.45021052631578945, 0.45, 0.4517894736842105, 0.4536842105263158, 0.456, 0.45863157894736845, 0.46073684210526317, 0.46063157894736845, 0.46410526315789474, 0.4631578947368421, 0.4656842105263158, 0.4666315789473684, 0.4651578947368421, 0.46231578947368424, 0.46957894736842104, 0.4685263157894737, 0.4707368421052632, 0.46978947368421053]
Done
