Requirement already satisfied: pyyaml in /usr/lib64/python3.12/site-packages (6.0.1)
Requirement already satisfied: setuptools in /usr/lib/python3.12/site-packages (68.2.2)
Requirement already satisfied: matplotlib in /dcs/21/u2145461/.local/lib/python3.12/site-packages (3.10.1)
Requirement already satisfied: contourpy>=1.0.1 in /dcs/21/u2145461/.local/lib/python3.12/site-packages (from matplotlib) (1.3.1)
Requirement already satisfied: cycler>=0.10 in /dcs/21/u2145461/.local/lib/python3.12/site-packages (from matplotlib) (0.12.1)
Requirement already satisfied: fonttools>=4.22.0 in /dcs/21/u2145461/.local/lib/python3.12/site-packages (from matplotlib) (4.56.0)
Requirement already satisfied: kiwisolver>=1.3.1 in /dcs/21/u2145461/.local/lib/python3.12/site-packages (from matplotlib) (1.4.8)
Requirement already satisfied: numpy>=1.23 in /dcs/21/u2145461/.local/lib/python3.12/site-packages (from matplotlib) (2.2.3)
Requirement already satisfied: packaging>=20.0 in /dcs/21/u2145461/.local/lib/python3.12/site-packages (from matplotlib) (24.2)
Requirement already satisfied: pillow>=8 in /dcs/21/u2145461/.local/lib/python3.12/site-packages (from matplotlib) (11.0.0)
Requirement already satisfied: pyparsing>=2.3.1 in /dcs/21/u2145461/.local/lib/python3.12/site-packages (from matplotlib) (3.2.1)
Requirement already satisfied: python-dateutil>=2.7 in /dcs/21/u2145461/.local/lib/python3.12/site-packages (from matplotlib) (2.9.0.post0)
Requirement already satisfied: six>=1.5 in /dcs/21/u2145461/.local/lib/python3.12/site-packages (from python-dateutil>=2.7->matplotlib) (1.17.0)
Requirement already satisfied: quadprog in /dcs/21/u2145461/.local/lib/python3.12/site-packages (0.1.13)
Requirement already satisfied: numpy in /dcs/21/u2145461/.local/lib/python3.12/site-packages (from quadprog) (2.2.3)
Requirement already satisfied: pyparsing in /dcs/21/u2145461/.local/lib/python3.12/site-packages (3.2.1)
Wed Mar  5 20:51:23 2025       
+-----------------------------------------------------------------------------------------+
| NVIDIA-SMI 550.144.03             Driver Version: 550.144.03     CUDA Version: 12.4     |
|-----------------------------------------+------------------------+----------------------+
| GPU  Name                 Persistence-M | Bus-Id          Disp.A | Volatile Uncorr. ECC |
| Fan  Temp   Perf          Pwr:Usage/Cap |           Memory-Usage | GPU-Util  Compute M. |
|                                         |                        |               MIG M. |
|=========================================+========================+======================|
|   0  NVIDIA A10                     On  |   00000000:25:00.0 Off |                    0 |
|  0%   32C    P8             15W /  150W |       1MiB /  23028MiB |      0%      Default |
|                                         |                        |                  N/A |
+-----------------------------------------+------------------------+----------------------+
|   1  NVIDIA A10                     On  |   00000000:81:00.0 Off |                    0 |
|  0%   31C    P8             15W /  150W |       1MiB /  23028MiB |      0%      Default |
|                                         |                        |                  N/A |
+-----------------------------------------+------------------------+----------------------+
|   2  NVIDIA A10                     On  |   00000000:E1:00.0 Off |                    0 |
|  0%   31C    P8              9W /  150W |       1MiB /  23028MiB |      0%      Default |
|                                         |                        |                  N/A |
+-----------------------------------------+------------------------+----------------------+
                                                                                         
+-----------------------------------------------------------------------------------------+
| Processes:                                                                              |
|  GPU   GI   CI        PID   Type   Process name                              GPU Memory |
|        ID   ID                                                               Usage      |
|=========================================================================================|
|  No running processes found                                                             |
+-----------------------------------------------------------------------------------------+
Python 3.12.8
./cifar-100-python/train
./cifar-100-python/test
300
cifar-100-python/train
cifar-100-python/test
new ordering of classes:  ['motorcycle', 'tiger', 'sea', 'willow', 'skunk', 'shrew', 'tractor', 'dinosaur', 'house', 'boy', 'seal', 'snail', 'raccoon', 'mushrooms', 'lizard', 'woman', 'hamster', 'bus', 'bed', 'worm', 'cans', 'mountain', 'beetle', 'couch', 'trout', 'aquarium fish', 'orchids', 'cloud', 'lawn-mower', 'oranges', 'turtle', 'bicycle', 'bridge', 'caterpillar', 'chair', 'poppies', 'sweet peppers', 'bee', 'mouse', 'beaver', 'tulips', 'cockroach', 'castle', 'rocket', 'otter', 'train', 'cattle', 'shark', 'baby', 'porcupine', 'computer keyboard', 'tank', 'plates', 'crab', 'bottles', 'squirrel', 'ray', 'possum', 'camel', 'forest', 'sunflowers', 'road', 'wardrobe', 'rabbit', 'television', 'wolf', 'spider', 'telephone', 'chimpanzee', 'man', 'maple', 'fox', 'cups', 'plain', 'skyscraper', 'lamp', 'clock', 'flatfish', 'butterfly', 'pears', 'pickup truck', 'kangaroo', 'streetcar', 'lobster', 'oak', 'pine', 'crocodile', 'roses', 'lion', 'dolphin', 'girl', 'leopard', 'table', 'bear', 'bowls', 'snake', 'elephant', 'apples', 'palm', 'whale']
Training task:  1
Training task:  2
Training task:  3
Training task:  4
Training task:  5
Training task:  6
Training task:  7
Training task:  8
Training task:  9
Training task:  10
Training task:  11
Training task:  12
Training task:  13
Training task:  14
Training task:  15
Training task:  16
Training task:  17
Training task:  18
Training task:  19
Training task:  20
Unlearning task:  20
Total correct retain:  2046  Total retain:  2500
Total correct forget:  34577  Total forget:  47500
Total correct test:  409  Total test:  500
Total correct forget test:  6309  Total test forget:  9500
Total correct retain:  1456  Total retain:  2500
Total correct forget:  18297  Total forget:  47500
Total correct test:  289  Total test:  500
Total correct forget test:  3577  Total test forget:  9500
Total correct retain:  503  Total retain:  2500
Total correct forget:  9933  Total forget:  47500
Total correct test:  108  Total test:  500
Total correct forget test:  1981  Total test forget:  9500
Total correct retain:  774  Total retain:  2500
Total correct forget:  13956  Total forget:  47500
Total correct test:  144  Total test:  500
Total correct forget test:  2798  Total test forget:  9500
Total correct retain:  899  Total retain:  2500
Total correct forget:  15539  Total forget:  47500
Total correct test:  179  Total test:  500
Total correct forget test:  3071  Total test forget:  9500
Total correct retain:  924  Total retain:  2500
Total correct forget:  11887  Total forget:  47500
Total correct test:  166  Total test:  500
Total correct forget test:  2315  Total test forget:  9500
Total correct retain:  500  Total retain:  2500
Total correct forget:  10657  Total forget:  47500
Total correct test:  100  Total test:  500
Total correct forget test:  2122  Total test forget:  9500
Total correct retain:  818  Total retain:  2500
Total correct forget:  10162  Total forget:  47500
Total correct test:  155  Total test:  500
Total correct forget test:  2015  Total test forget:  9500
Total correct retain:  607  Total retain:  2500
Total correct forget:  10047  Total forget:  47500
Total correct test:  115  Total test:  500
Total correct forget test:  1982  Total test forget:  9500
Total correct retain:  560  Total retain:  2500
Total correct forget:  9506  Total forget:  47500
Total correct test:  113  Total test:  500
Total correct forget test:  1901  Total test forget:  9500
Total correct retain:  551  Total retain:  2500
Total correct forget:  9516  Total forget:  47500
Total correct test:  109  Total test:  500
Total correct forget test:  1904  Total test forget:  9500
Total correct retain:  507  Total retain:  2500
Total correct forget:  9503  Total forget:  47500
Total correct test:  100  Total test:  500
Total correct forget test:  1896  Total test forget:  9500
Total correct retain:  500  Total retain:  2500
Total correct forget:  9847  Total forget:  47500
Total correct test:  100  Total test:  500
Total correct forget test:  1951  Total test forget:  9500
Total correct retain:  500  Total retain:  2500
Total correct forget:  9543  Total forget:  47500
Total correct test:  100  Total test:  500
Total correct forget test:  1907  Total test forget:  9500
Total correct retain:  500  Total retain:  2500
Total correct forget:  9500  Total forget:  47500
Total correct test:  100  Total test:  500
Total correct forget test:  1900  Total test forget:  9500
Total correct retain:  500  Total retain:  2500
Total correct forget:  9592  Total forget:  47500
Total correct test:  100  Total test:  500
Total correct forget test:  1916  Total test forget:  9500
Total correct retain:  500  Total retain:  2500
Total correct forget:  9500  Total forget:  47500
Total correct test:  100  Total test:  500
Total correct forget test:  1900  Total test forget:  9500
Total correct retain:  500  Total retain:  2500
Total correct forget:  9500  Total forget:  47500
Total correct test:  100  Total test:  500
Total correct forget test:  1900  Total test forget:  9500
Total correct retain:  500  Total retain:  2500
Total correct forget:  9500  Total forget:  47500
Total correct test:  100  Total test:  500
Total correct forget test:  1900  Total test forget:  9500
Total correct retain:  500  Total retain:  2500
Total correct forget:  9500  Total forget:  47500
Total correct test:  100  Total test:  500
Total correct forget test:  1900  Total test forget:  9500
Plot  0  Done
Average Retain Accuracies:  [0.8184, 0.5824, 0.2012, 0.3096, 0.3596, 0.3696, 0.2, 0.3272, 0.2428, 0.224, 0.2204, 0.2028, 0.2, 0.2, 0.2, 0.2, 0.2, 0.2, 0.2, 0.2]
Average Forget Accuracies:  [0.7279368421052631, 0.3852, 0.2091157894736842, 0.29381052631578947, 0.32713684210526317, 0.2502526315789474, 0.22435789473684212, 0.21393684210526315, 0.2115157894736842, 0.20012631578947368, 0.20033684210526315, 0.20006315789473683, 0.20730526315789474, 0.20090526315789473, 0.2, 0.20193684210526316, 0.2, 0.2, 0.2, 0.2]
Average Retain Test Accuracies:  [0.818, 0.578, 0.216, 0.288, 0.358, 0.332, 0.2, 0.31, 0.23, 0.226, 0.218, 0.2, 0.2, 0.2, 0.2, 0.2, 0.2, 0.2, 0.2, 0.2]
Average Forget Test Accuracies:  [0.6641052631578948, 0.3765263157894737, 0.20852631578947367, 0.2945263157894737, 0.32326315789473686, 0.24368421052631578, 0.22336842105263158, 0.21210526315789474, 0.20863157894736842, 0.20010526315789473, 0.20042105263157894, 0.19957894736842105, 0.2053684210526316, 0.20073684210526316, 0.2, 0.2016842105263158, 0.2, 0.2, 0.2, 0.2]
Done
