Requirement already satisfied: pyyaml in /usr/lib64/python3.12/site-packages (6.0.1)
Requirement already satisfied: setuptools in /usr/lib/python3.12/site-packages (68.2.2)
Requirement already satisfied: matplotlib in /dcs/21/u2145461/.local/lib/python3.12/site-packages (3.10.1)
Requirement already satisfied: contourpy>=1.0.1 in /dcs/21/u2145461/.local/lib/python3.12/site-packages (from matplotlib) (1.3.1)
Requirement already satisfied: cycler>=0.10 in /dcs/21/u2145461/.local/lib/python3.12/site-packages (from matplotlib) (0.12.1)
Requirement already satisfied: fonttools>=4.22.0 in /dcs/21/u2145461/.local/lib/python3.12/site-packages (from matplotlib) (4.56.0)
Requirement already satisfied: kiwisolver>=1.3.1 in /dcs/21/u2145461/.local/lib/python3.12/site-packages (from matplotlib) (1.4.8)
Requirement already satisfied: numpy>=1.23 in /dcs/21/u2145461/.local/lib/python3.12/site-packages (from matplotlib) (2.2.3)
Requirement already satisfied: packaging>=20.0 in /dcs/21/u2145461/.local/lib/python3.12/site-packages (from matplotlib) (24.2)
Requirement already satisfied: pillow>=8 in /dcs/21/u2145461/.local/lib/python3.12/site-packages (from matplotlib) (11.0.0)
Requirement already satisfied: pyparsing>=2.3.1 in /dcs/21/u2145461/.local/lib/python3.12/site-packages (from matplotlib) (3.2.1)
Requirement already satisfied: python-dateutil>=2.7 in /dcs/21/u2145461/.local/lib/python3.12/site-packages (from matplotlib) (2.9.0.post0)
Requirement already satisfied: six>=1.5 in /dcs/21/u2145461/.local/lib/python3.12/site-packages (from python-dateutil>=2.7->matplotlib) (1.17.0)
Requirement already satisfied: quadprog in /dcs/21/u2145461/.local/lib/python3.12/site-packages (0.1.13)
Requirement already satisfied: numpy in /dcs/21/u2145461/.local/lib/python3.12/site-packages (from quadprog) (2.2.3)
Requirement already satisfied: pyparsing in /dcs/21/u2145461/.local/lib/python3.12/site-packages (3.2.1)
Requirement already satisfied: pandas in /dcs/21/u2145461/.local/lib/python3.12/site-packages (2.2.3)
Requirement already satisfied: numpy>=1.26.0 in /dcs/21/u2145461/.local/lib/python3.12/site-packages (from pandas) (2.2.3)
Requirement already satisfied: python-dateutil>=2.8.2 in /dcs/21/u2145461/.local/lib/python3.12/site-packages (from pandas) (2.9.0.post0)
Requirement already satisfied: pytz>=2020.1 in /dcs/21/u2145461/.local/lib/python3.12/site-packages (from pandas) (2025.1)
Requirement already satisfied: tzdata>=2022.7 in /dcs/21/u2145461/.local/lib/python3.12/site-packages (from pandas) (2025.1)
Requirement already satisfied: six>=1.5 in /dcs/21/u2145461/.local/lib/python3.12/site-packages (from python-dateutil>=2.8.2->pandas) (1.17.0)
Requirement already satisfied: numpy in /dcs/21/u2145461/.local/lib/python3.12/site-packages (2.2.3)
Fri Apr  4 20:56:06 2025       
+-----------------------------------------------------------------------------------------+
| NVIDIA-SMI 550.144.03             Driver Version: 550.144.03     CUDA Version: 12.4     |
|-----------------------------------------+------------------------+----------------------+
| GPU  Name                 Persistence-M | Bus-Id          Disp.A | Volatile Uncorr. ECC |
| Fan  Temp   Perf          Pwr:Usage/Cap |           Memory-Usage | GPU-Util  Compute M. |
|                                         |                        |               MIG M. |
|=========================================+========================+======================|
|   0  NVIDIA A10                     On  |   00000000:E1:00.0 Off |                    0 |
|  0%   25C    P8             15W /  150W |       1MiB /  23028MiB |      0%      Default |
|                                         |                        |                  N/A |
+-----------------------------------------+------------------------+----------------------+
                                                                                         
+-----------------------------------------------------------------------------------------+
| Processes:                                                                              |
|  GPU   GI   CI        PID   Type   Process name                              GPU Memory |
|        ID   ID                                                               Usage      |
|=========================================================================================|
|  No running processes found                                                             |
+-----------------------------------------------------------------------------------------+
Python 3.12.8
./cifar-100-python/train
./cifar-100-python/test
Unlearn Batch Size:  16
Unlearn MEM Strength:  0.6
cifar-100-python/train
cifar-100-python/test
new ordering of classes:  ['shrew', 'crab', 'lion', 'squirrel', 'wolf', 'cattle', 'mountain', 'camel', 'palm', 'maple', 'dolphin', 'orchids', 'bowls', 'train', 'oak', 'fox', 'roses', 'kangaroo', 'cloud', 'girl', 'beaver', 'seal', 'whale', 'man', 'boy', 'raccoon', 'baby', 'telephone', 'trout', 'leopard', 'tractor', 'dinosaur', 'television', 'woman', 'beetle', 'cups', 'snail', 'mushrooms', 'bottles', 'tulips', 'oranges', 'chair', 'spider', 'streetcar', 'mouse', 'cans', 'willow', 'lizard', 'butterfly', 'bus', 'pickup truck', 'forest', 'pears', 'plates', 'hamster', 'bear', 'bed', 'clock', 'worm', 'shark', 'sea', 'lamp', 'plain', 'elephant', 'table', 'motorcycle', 'lobster', 'ray', 'otter', 'computer keyboard', 'porcupine', 'tiger', 'caterpillar', 'lawn-mower', 'apples', 'pine', 'aquarium fish', 'snake', 'possum', 'wardrobe', 'road', 'sunflowers', 'castle', 'house', 'poppies', 'rocket', 'chimpanzee', 'bee', 'cockroach', 'couch', 'bicycle', 'turtle', 'skyscraper', 'skunk', 'bridge', 'flatfish', 'tank', 'crocodile', 'sweet peppers', 'rabbit']
Training task:  1
[0.34, 0.198, 0.258, 0.248, 0.206, 0.214, 0.2, 0.196, 0.148, 0.208, 0.18, 0.214, 0.254, 0.2, 0.194, 0.2, 0.21, 0.2, 0.172, 0.202]
Training task:  2
[0.232, 0.194, 0.2, 0.186, 0.172, 0.194, 0.2, 0.2, 0.188, 0.202, 0.198, 0.226, 0.188, 0.2, 0.178, 0.154, 0.2, 0.2, 0.186, 0.222]
Training task:  3
[0.436, 0.6, 0.748, 0.224, 0.172, 0.198, 0.2, 0.2, 0.194, 0.248, 0.196, 0.252, 0.202, 0.2, 0.122, 0.2, 0.098, 0.194, 0.168, 0.116]
Training task:  4
[0.34, 0.46, 0.566, 0.644, 0.192, 0.154, 0.2, 0.204, 0.17, 0.212, 0.116, 0.242, 0.164, 0.194, 0.194, 0.194, 0.132, 0.208, 0.21, 0.136]
Training task:  5
[0.504, 0.578, 0.688, 0.628, 0.498, 0.194, 0.202, 0.196, 0.12, 0.252, 0.128, 0.202, 0.186, 0.194, 0.22, 0.2, 0.114, 0.2, 0.2, 0.134]
Training task:  6
[0.43, 0.49, 0.562, 0.546, 0.5, 0.558, 0.202, 0.2, 0.154, 0.244, 0.166, 0.206, 0.154, 0.194, 0.188, 0.196, 0.166, 0.2, 0.154, 0.204]
Training task:  7
[0.406, 0.414, 0.63, 0.45, 0.47, 0.506, 0.648, 0.2, 0.15, 0.328, 0.116, 0.196, 0.218, 0.198, 0.168, 0.178, 0.132, 0.2, 0.182, 0.224]
Training task:  8
[0.39, 0.498, 0.6, 0.62, 0.496, 0.542, 0.668, 0.598, 0.174, 0.346, 0.142, 0.2, 0.17, 0.208, 0.166, 0.188, 0.13, 0.198, 0.184, 0.12]
Training task:  9
[0.51, 0.52, 0.632, 0.642, 0.508, 0.566, 0.666, 0.572, 0.718, 0.35, 0.146, 0.19, 0.142, 0.204, 0.184, 0.182, 0.19, 0.2, 0.196, 0.162]
Training task:  10
[0.414, 0.54, 0.606, 0.62, 0.412, 0.502, 0.63, 0.598, 0.668, 0.636, 0.166, 0.222, 0.14, 0.202, 0.144, 0.204, 0.158, 0.18, 0.196, 0.146]
Training task:  11
[0.384, 0.57, 0.648, 0.598, 0.502, 0.508, 0.674, 0.584, 0.682, 0.592, 0.622, 0.226, 0.206, 0.202, 0.158, 0.19, 0.184, 0.196, 0.184, 0.186]
Training task:  12
[0.472, 0.592, 0.664, 0.61, 0.52, 0.61, 0.722, 0.606, 0.688, 0.65, 0.674, 0.612, 0.214, 0.2, 0.142, 0.206, 0.168, 0.204, 0.184, 0.216]
Training task:  13
[0.39, 0.57, 0.578, 0.508, 0.424, 0.436, 0.6, 0.45, 0.446, 0.546, 0.556, 0.564, 0.506, 0.208, 0.27, 0.25, 0.184, 0.27, 0.248, 0.204]
Training task:  14
[0.442, 0.624, 0.658, 0.664, 0.474, 0.582, 0.656, 0.586, 0.656, 0.56, 0.538, 0.596, 0.612, 0.476, 0.22, 0.22, 0.192, 0.202, 0.208, 0.278]
Training task:  15
[0.468, 0.566, 0.666, 0.668, 0.476, 0.59, 0.7, 0.618, 0.708, 0.632, 0.68, 0.58, 0.59, 0.588, 0.662, 0.214, 0.198, 0.198, 0.196, 0.212]
Training task:  16
[0.51, 0.598, 0.702, 0.636, 0.482, 0.598, 0.728, 0.626, 0.638, 0.706, 0.68, 0.604, 0.634, 0.626, 0.69, 0.712, 0.184, 0.192, 0.208, 0.172]
Training task:  17
[0.416, 0.59, 0.61, 0.598, 0.488, 0.574, 0.648, 0.584, 0.598, 0.612, 0.552, 0.52, 0.558, 0.55, 0.61, 0.624, 0.698, 0.17, 0.172, 0.156]
Training task:  18
[0.458, 0.626, 0.698, 0.648, 0.456, 0.588, 0.686, 0.584, 0.65, 0.594, 0.62, 0.564, 0.578, 0.598, 0.634, 0.69, 0.782, 0.67, 0.17, 0.18]
Training task:  19
[0.502, 0.662, 0.722, 0.612, 0.518, 0.63, 0.738, 0.604, 0.618, 0.692, 0.716, 0.616, 0.632, 0.61, 0.69, 0.734, 0.684, 0.72, 0.67, 0.142]
Training task:  20
[0.458, 0.612, 0.726, 0.672, 0.48, 0.608, 0.726, 0.598, 0.672, 0.644, 0.674, 0.584, 0.588, 0.6, 0.684, 0.724, 0.772, 0.698, 0.616, 0.744]
Unlearning task:  20
Total correct retain:  1201  Total retain:  2500
Total correct forget:  32538  Total forget:  47500
Total correct test:  229  Total test:  500
Total correct forget test:  6211  Total test forget:  9500
[0.458]
[0.458, 0.612]
[0.458, 0.612, 0.726]
[0.458, 0.612, 0.726, 0.672]
[0.458, 0.612, 0.726, 0.672, 0.48]
[0.458, 0.612, 0.726, 0.672, 0.48, 0.608]
[0.458, 0.612, 0.726, 0.672, 0.48, 0.608, 0.726]
[0.458, 0.612, 0.726, 0.672, 0.48, 0.608, 0.726, 0.598]
[0.458, 0.612, 0.726, 0.672, 0.48, 0.608, 0.726, 0.598, 0.672]
[0.458, 0.612, 0.726, 0.672, 0.48, 0.608, 0.726, 0.598, 0.672, 0.644]
[0.458, 0.612, 0.726, 0.672, 0.48, 0.608, 0.726, 0.598, 0.672, 0.644, 0.674]
[0.458, 0.612, 0.726, 0.672, 0.48, 0.608, 0.726, 0.598, 0.672, 0.644, 0.674, 0.584]
[0.458, 0.612, 0.726, 0.672, 0.48, 0.608, 0.726, 0.598, 0.672, 0.644, 0.674, 0.584, 0.588]
[0.458, 0.612, 0.726, 0.672, 0.48, 0.608, 0.726, 0.598, 0.672, 0.644, 0.674, 0.584, 0.588, 0.6]
[0.458, 0.612, 0.726, 0.672, 0.48, 0.608, 0.726, 0.598, 0.672, 0.644, 0.674, 0.584, 0.588, 0.6, 0.684]
[0.458, 0.612, 0.726, 0.672, 0.48, 0.608, 0.726, 0.598, 0.672, 0.644, 0.674, 0.584, 0.588, 0.6, 0.684, 0.724]
[0.458, 0.612, 0.726, 0.672, 0.48, 0.608, 0.726, 0.598, 0.672, 0.644, 0.674, 0.584, 0.588, 0.6, 0.684, 0.724, 0.772]
[0.458, 0.612, 0.726, 0.672, 0.48, 0.608, 0.726, 0.598, 0.672, 0.644, 0.674, 0.584, 0.588, 0.6, 0.684, 0.724, 0.772, 0.698]
[0.458, 0.612, 0.726, 0.672, 0.48, 0.608, 0.726, 0.598, 0.672, 0.644, 0.674, 0.584, 0.588, 0.6, 0.684, 0.724, 0.772, 0.698, 0.616]
[0.458, 0.612, 0.726, 0.672, 0.48, 0.608, 0.726, 0.598, 0.672, 0.644, 0.674, 0.584, 0.588, 0.6, 0.684, 0.724, 0.772, 0.698, 0.616, 0.744]
Total correct retain:  1185  Total retain:  2500
Total correct forget:  29055  Total forget:  47500
Total correct test:  232  Total test:  500
Total correct forget test:  5501  Total test forget:  9500
[0.464]
[0.464, 0.596]
[0.464, 0.596, 0.666]
[0.464, 0.596, 0.666, 0.638]
[0.464, 0.596, 0.666, 0.638, 0.472]
[0.464, 0.596, 0.666, 0.638, 0.472, 0.566]
[0.464, 0.596, 0.666, 0.638, 0.472, 0.566, 0.672]
[0.464, 0.596, 0.666, 0.638, 0.472, 0.566, 0.672, 0.576]
[0.464, 0.596, 0.666, 0.638, 0.472, 0.566, 0.672, 0.576, 0.604]
[0.464, 0.596, 0.666, 0.638, 0.472, 0.566, 0.672, 0.576, 0.604, 0.624]
[0.464, 0.596, 0.666, 0.638, 0.472, 0.566, 0.672, 0.576, 0.604, 0.624, 0.586]
[0.464, 0.596, 0.666, 0.638, 0.472, 0.566, 0.672, 0.576, 0.604, 0.624, 0.586, 0.572]
[0.464, 0.596, 0.666, 0.638, 0.472, 0.566, 0.672, 0.576, 0.604, 0.624, 0.586, 0.572, 0.51]
[0.464, 0.596, 0.666, 0.638, 0.472, 0.566, 0.672, 0.576, 0.604, 0.624, 0.586, 0.572, 0.51, 0.54]
[0.464, 0.596, 0.666, 0.638, 0.472, 0.566, 0.672, 0.576, 0.604, 0.624, 0.586, 0.572, 0.51, 0.54, 0.548]
[0.464, 0.596, 0.666, 0.638, 0.472, 0.566, 0.672, 0.576, 0.604, 0.624, 0.586, 0.572, 0.51, 0.54, 0.548, 0.654]
[0.464, 0.596, 0.666, 0.638, 0.472, 0.566, 0.672, 0.576, 0.604, 0.624, 0.586, 0.572, 0.51, 0.54, 0.548, 0.654, 0.724]
[0.464, 0.596, 0.666, 0.638, 0.472, 0.566, 0.672, 0.576, 0.604, 0.624, 0.586, 0.572, 0.51, 0.54, 0.548, 0.654, 0.724, 0.678]
[0.464, 0.596, 0.666, 0.638, 0.472, 0.566, 0.672, 0.576, 0.604, 0.624, 0.586, 0.572, 0.51, 0.54, 0.548, 0.654, 0.724, 0.678, 0.568]
[0.464, 0.596, 0.666, 0.638, 0.472, 0.566, 0.672, 0.576, 0.604, 0.624, 0.586, 0.572, 0.51, 0.54, 0.548, 0.654, 0.724, 0.678, 0.568, 0.208]
broken out of loop
Total correct retain:  1167  Total retain:  2500
Total correct forget:  26248  Total forget:  47500
Total correct test:  223  Total test:  500
Total correct forget test:  4981  Total test forget:  9500
[0.446]
[0.446, 0.588]
[0.446, 0.588, 0.666]
[0.446, 0.588, 0.666, 0.512]
[0.446, 0.588, 0.666, 0.512, 0.464]
[0.446, 0.588, 0.666, 0.512, 0.464, 0.554]
[0.446, 0.588, 0.666, 0.512, 0.464, 0.554, 0.544]
[0.446, 0.588, 0.666, 0.512, 0.464, 0.554, 0.544, 0.512]
[0.446, 0.588, 0.666, 0.512, 0.464, 0.554, 0.544, 0.512, 0.582]
[0.446, 0.588, 0.666, 0.512, 0.464, 0.554, 0.544, 0.512, 0.582, 0.586]
[0.446, 0.588, 0.666, 0.512, 0.464, 0.554, 0.544, 0.512, 0.582, 0.586, 0.554]
[0.446, 0.588, 0.666, 0.512, 0.464, 0.554, 0.544, 0.512, 0.582, 0.586, 0.554, 0.494]
[0.446, 0.588, 0.666, 0.512, 0.464, 0.554, 0.544, 0.512, 0.582, 0.586, 0.554, 0.494, 0.46]
[0.446, 0.588, 0.666, 0.512, 0.464, 0.554, 0.544, 0.512, 0.582, 0.586, 0.554, 0.494, 0.46, 0.454]
[0.446, 0.588, 0.666, 0.512, 0.464, 0.554, 0.544, 0.512, 0.582, 0.586, 0.554, 0.494, 0.46, 0.454, 0.568]
[0.446, 0.588, 0.666, 0.512, 0.464, 0.554, 0.544, 0.512, 0.582, 0.586, 0.554, 0.494, 0.46, 0.454, 0.568, 0.652]
[0.446, 0.588, 0.666, 0.512, 0.464, 0.554, 0.544, 0.512, 0.582, 0.586, 0.554, 0.494, 0.46, 0.454, 0.568, 0.652, 0.648]
[0.446, 0.588, 0.666, 0.512, 0.464, 0.554, 0.544, 0.512, 0.582, 0.586, 0.554, 0.494, 0.46, 0.454, 0.568, 0.652, 0.648, 0.628]
[0.446, 0.588, 0.666, 0.512, 0.464, 0.554, 0.544, 0.512, 0.582, 0.586, 0.554, 0.494, 0.46, 0.454, 0.568, 0.652, 0.648, 0.628, 0.292]
[0.446, 0.588, 0.666, 0.512, 0.464, 0.554, 0.544, 0.512, 0.582, 0.586, 0.554, 0.494, 0.46, 0.454, 0.568, 0.652, 0.648, 0.628, 0.292, 0.204]
broken out of loop
Total correct retain:  944  Total retain:  2500
Total correct forget:  20234  Total forget:  47500
Total correct test:  178  Total test:  500
Total correct forget test:  3856  Total test forget:  9500
[0.356]
[0.356, 0.382]
[0.356, 0.382, 0.6]
[0.356, 0.382, 0.6, 0.438]
[0.356, 0.382, 0.6, 0.438, 0.308]
[0.356, 0.382, 0.6, 0.438, 0.308, 0.488]
[0.356, 0.382, 0.6, 0.438, 0.308, 0.488, 0.456]
[0.356, 0.382, 0.6, 0.438, 0.308, 0.488, 0.456, 0.372]
[0.356, 0.382, 0.6, 0.438, 0.308, 0.488, 0.456, 0.372, 0.5]
[0.356, 0.382, 0.6, 0.438, 0.308, 0.488, 0.456, 0.372, 0.5, 0.502]
[0.356, 0.382, 0.6, 0.438, 0.308, 0.488, 0.456, 0.372, 0.5, 0.502, 0.464]
[0.356, 0.382, 0.6, 0.438, 0.308, 0.488, 0.456, 0.372, 0.5, 0.502, 0.464, 0.366]
[0.356, 0.382, 0.6, 0.438, 0.308, 0.488, 0.456, 0.372, 0.5, 0.502, 0.464, 0.366, 0.306]
[0.356, 0.382, 0.6, 0.438, 0.308, 0.488, 0.456, 0.372, 0.5, 0.502, 0.464, 0.366, 0.306, 0.37]
[0.356, 0.382, 0.6, 0.438, 0.308, 0.488, 0.456, 0.372, 0.5, 0.502, 0.464, 0.366, 0.306, 0.37, 0.464]
[0.356, 0.382, 0.6, 0.438, 0.308, 0.488, 0.456, 0.372, 0.5, 0.502, 0.464, 0.366, 0.306, 0.37, 0.464, 0.568]
[0.356, 0.382, 0.6, 0.438, 0.308, 0.488, 0.456, 0.372, 0.5, 0.502, 0.464, 0.366, 0.306, 0.37, 0.464, 0.568, 0.44]
[0.356, 0.382, 0.6, 0.438, 0.308, 0.488, 0.456, 0.372, 0.5, 0.502, 0.464, 0.366, 0.306, 0.37, 0.464, 0.568, 0.44, 0.214]
[0.356, 0.382, 0.6, 0.438, 0.308, 0.488, 0.456, 0.372, 0.5, 0.502, 0.464, 0.366, 0.306, 0.37, 0.464, 0.568, 0.44, 0.214, 0.274]
[0.356, 0.382, 0.6, 0.438, 0.308, 0.488, 0.456, 0.372, 0.5, 0.502, 0.464, 0.366, 0.306, 0.37, 0.464, 0.568, 0.44, 0.214, 0.274, 0.2]
broken out of loop
Total correct retain:  770  Total retain:  2500
Total correct forget:  15980  Total forget:  47500
Total correct test:  146  Total test:  500
Total correct forget test:  3079  Total test forget:  9500
[0.292]
[0.292, 0.382]
[0.292, 0.382, 0.488]
[0.292, 0.382, 0.488, 0.232]
[0.292, 0.382, 0.488, 0.232, 0.214]
[0.292, 0.382, 0.488, 0.232, 0.214, 0.454]
[0.292, 0.382, 0.488, 0.232, 0.214, 0.454, 0.364]
[0.292, 0.382, 0.488, 0.232, 0.214, 0.454, 0.364, 0.322]
[0.292, 0.382, 0.488, 0.232, 0.214, 0.454, 0.364, 0.322, 0.342]
[0.292, 0.382, 0.488, 0.232, 0.214, 0.454, 0.364, 0.322, 0.342, 0.42]
[0.292, 0.382, 0.488, 0.232, 0.214, 0.454, 0.364, 0.322, 0.342, 0.42, 0.308]
[0.292, 0.382, 0.488, 0.232, 0.214, 0.454, 0.364, 0.322, 0.342, 0.42, 0.308, 0.34]
[0.292, 0.382, 0.488, 0.232, 0.214, 0.454, 0.364, 0.322, 0.342, 0.42, 0.308, 0.34, 0.332]
[0.292, 0.382, 0.488, 0.232, 0.214, 0.454, 0.364, 0.322, 0.342, 0.42, 0.308, 0.34, 0.332, 0.332]
[0.292, 0.382, 0.488, 0.232, 0.214, 0.454, 0.364, 0.322, 0.342, 0.42, 0.308, 0.34, 0.332, 0.332, 0.316]
[0.292, 0.382, 0.488, 0.232, 0.214, 0.454, 0.364, 0.322, 0.342, 0.42, 0.308, 0.34, 0.332, 0.332, 0.316, 0.484]
[0.292, 0.382, 0.488, 0.232, 0.214, 0.454, 0.364, 0.322, 0.342, 0.42, 0.308, 0.34, 0.332, 0.332, 0.316, 0.484, 0.178]
[0.292, 0.382, 0.488, 0.232, 0.214, 0.454, 0.364, 0.322, 0.342, 0.42, 0.308, 0.34, 0.332, 0.332, 0.316, 0.484, 0.178, 0.226]
[0.292, 0.382, 0.488, 0.232, 0.214, 0.454, 0.364, 0.322, 0.342, 0.42, 0.308, 0.34, 0.332, 0.332, 0.316, 0.484, 0.178, 0.226, 0.224]
[0.292, 0.382, 0.488, 0.232, 0.214, 0.454, 0.364, 0.322, 0.342, 0.42, 0.308, 0.34, 0.332, 0.332, 0.316, 0.484, 0.178, 0.226, 0.224, 0.2]
broken out of loop
Total correct retain:  829  Total retain:  2500
Total correct forget:  16712  Total forget:  47500
Total correct test:  158  Total test:  500
Total correct forget test:  3176  Total test forget:  9500
[0.316]
[0.316, 0.404]
[0.316, 0.404, 0.306]
[0.316, 0.404, 0.306, 0.35]
[0.316, 0.404, 0.306, 0.35, 0.418]
[0.316, 0.404, 0.306, 0.35, 0.418, 0.394]
[0.316, 0.404, 0.306, 0.35, 0.418, 0.394, 0.556]
[0.316, 0.404, 0.306, 0.35, 0.418, 0.394, 0.556, 0.282]
[0.316, 0.404, 0.306, 0.35, 0.418, 0.394, 0.556, 0.282, 0.334]
[0.316, 0.404, 0.306, 0.35, 0.418, 0.394, 0.556, 0.282, 0.334, 0.418]
[0.316, 0.404, 0.306, 0.35, 0.418, 0.394, 0.556, 0.282, 0.334, 0.418, 0.316]
[0.316, 0.404, 0.306, 0.35, 0.418, 0.394, 0.556, 0.282, 0.334, 0.418, 0.316, 0.478]
[0.316, 0.404, 0.306, 0.35, 0.418, 0.394, 0.556, 0.282, 0.334, 0.418, 0.316, 0.478, 0.352]
[0.316, 0.404, 0.306, 0.35, 0.418, 0.394, 0.556, 0.282, 0.334, 0.418, 0.316, 0.478, 0.352, 0.362]
[0.316, 0.404, 0.306, 0.35, 0.418, 0.394, 0.556, 0.282, 0.334, 0.418, 0.316, 0.478, 0.352, 0.362, 0.358]
[0.316, 0.404, 0.306, 0.35, 0.418, 0.394, 0.556, 0.282, 0.334, 0.418, 0.316, 0.478, 0.352, 0.362, 0.358, 0.222]
[0.316, 0.404, 0.306, 0.35, 0.418, 0.394, 0.556, 0.282, 0.334, 0.418, 0.316, 0.478, 0.352, 0.362, 0.358, 0.222, 0.124]
[0.316, 0.404, 0.306, 0.35, 0.418, 0.394, 0.556, 0.282, 0.334, 0.418, 0.316, 0.478, 0.352, 0.362, 0.358, 0.222, 0.124, 0.21]
[0.316, 0.404, 0.306, 0.35, 0.418, 0.394, 0.556, 0.282, 0.334, 0.418, 0.316, 0.478, 0.352, 0.362, 0.358, 0.222, 0.124, 0.21, 0.268]
[0.316, 0.404, 0.306, 0.35, 0.418, 0.394, 0.556, 0.282, 0.334, 0.418, 0.316, 0.478, 0.352, 0.362, 0.358, 0.222, 0.124, 0.21, 0.268, 0.2]
broken out of loop
Total correct retain:  909  Total retain:  2500
Total correct forget:  16096  Total forget:  47500
Total correct test:  166  Total test:  500
Total correct forget test:  3001  Total test forget:  9500
[0.332]
[0.332, 0.498]
[0.332, 0.498, 0.348]
[0.332, 0.498, 0.348, 0.264]
[0.332, 0.498, 0.348, 0.264, 0.308]
[0.332, 0.498, 0.348, 0.264, 0.308, 0.382]
[0.332, 0.498, 0.348, 0.264, 0.308, 0.382, 0.534]
[0.332, 0.498, 0.348, 0.264, 0.308, 0.382, 0.534, 0.296]
[0.332, 0.498, 0.348, 0.264, 0.308, 0.382, 0.534, 0.296, 0.32]
[0.332, 0.498, 0.348, 0.264, 0.308, 0.382, 0.534, 0.296, 0.32, 0.458]
[0.332, 0.498, 0.348, 0.264, 0.308, 0.382, 0.534, 0.296, 0.32, 0.458, 0.428]
[0.332, 0.498, 0.348, 0.264, 0.308, 0.382, 0.534, 0.296, 0.32, 0.458, 0.428, 0.464]
[0.332, 0.498, 0.348, 0.264, 0.308, 0.382, 0.534, 0.296, 0.32, 0.458, 0.428, 0.464, 0.34]
[0.332, 0.498, 0.348, 0.264, 0.308, 0.382, 0.534, 0.296, 0.32, 0.458, 0.428, 0.464, 0.34, 0.294]
[0.332, 0.498, 0.348, 0.264, 0.308, 0.382, 0.534, 0.296, 0.32, 0.458, 0.428, 0.464, 0.34, 0.294, 0.146]
[0.332, 0.498, 0.348, 0.264, 0.308, 0.382, 0.534, 0.296, 0.32, 0.458, 0.428, 0.464, 0.34, 0.294, 0.146, 0.178]
[0.332, 0.498, 0.348, 0.264, 0.308, 0.382, 0.534, 0.296, 0.32, 0.458, 0.428, 0.464, 0.34, 0.294, 0.146, 0.178, 0.11]
[0.332, 0.498, 0.348, 0.264, 0.308, 0.382, 0.534, 0.296, 0.32, 0.458, 0.428, 0.464, 0.34, 0.294, 0.146, 0.178, 0.11, 0.188]
[0.332, 0.498, 0.348, 0.264, 0.308, 0.382, 0.534, 0.296, 0.32, 0.458, 0.428, 0.464, 0.34, 0.294, 0.146, 0.178, 0.11, 0.188, 0.246]
[0.332, 0.498, 0.348, 0.264, 0.308, 0.382, 0.534, 0.296, 0.32, 0.458, 0.428, 0.464, 0.34, 0.294, 0.146, 0.178, 0.11, 0.188, 0.246, 0.2]
broken out of loop
Total correct retain:  878  Total retain:  2500
Total correct forget:  15180  Total forget:  47500
Total correct test:  163  Total test:  500
Total correct forget test:  2833  Total test forget:  9500
[0.326]
[0.326, 0.466]
[0.326, 0.466, 0.412]
[0.326, 0.466, 0.412, 0.26]
[0.326, 0.466, 0.412, 0.26, 0.292]
[0.326, 0.466, 0.412, 0.26, 0.292, 0.382]
[0.326, 0.466, 0.412, 0.26, 0.292, 0.382, 0.306]
[0.326, 0.466, 0.412, 0.26, 0.292, 0.382, 0.306, 0.356]
[0.326, 0.466, 0.412, 0.26, 0.292, 0.382, 0.306, 0.356, 0.346]
[0.326, 0.466, 0.412, 0.26, 0.292, 0.382, 0.306, 0.356, 0.346, 0.428]
[0.326, 0.466, 0.412, 0.26, 0.292, 0.382, 0.306, 0.356, 0.346, 0.428, 0.408]
[0.326, 0.466, 0.412, 0.26, 0.292, 0.382, 0.306, 0.356, 0.346, 0.428, 0.408, 0.29]
[0.326, 0.466, 0.412, 0.26, 0.292, 0.382, 0.306, 0.356, 0.346, 0.428, 0.408, 0.29, 0.408]
[0.326, 0.466, 0.412, 0.26, 0.292, 0.382, 0.306, 0.356, 0.346, 0.428, 0.408, 0.29, 0.408, 0.188]
[0.326, 0.466, 0.412, 0.26, 0.292, 0.382, 0.306, 0.356, 0.346, 0.428, 0.408, 0.29, 0.408, 0.188, 0.168]
[0.326, 0.466, 0.412, 0.26, 0.292, 0.382, 0.306, 0.356, 0.346, 0.428, 0.408, 0.29, 0.408, 0.188, 0.168, 0.196]
[0.326, 0.466, 0.412, 0.26, 0.292, 0.382, 0.306, 0.356, 0.346, 0.428, 0.408, 0.29, 0.408, 0.188, 0.168, 0.196, 0.12]
[0.326, 0.466, 0.412, 0.26, 0.292, 0.382, 0.306, 0.356, 0.346, 0.428, 0.408, 0.29, 0.408, 0.188, 0.168, 0.196, 0.12, 0.216]
[0.326, 0.466, 0.412, 0.26, 0.292, 0.382, 0.306, 0.356, 0.346, 0.428, 0.408, 0.29, 0.408, 0.188, 0.168, 0.196, 0.12, 0.216, 0.224]
[0.326, 0.466, 0.412, 0.26, 0.292, 0.382, 0.306, 0.356, 0.346, 0.428, 0.408, 0.29, 0.408, 0.188, 0.168, 0.196, 0.12, 0.216, 0.224, 0.2]
broken out of loop
Total correct retain:  990  Total retain:  2500
Total correct forget:  17209  Total forget:  47500
Total correct test:  186  Total test:  500
Total correct forget test:  3286  Total test forget:  9500
[0.372]
[0.372, 0.494]
[0.372, 0.494, 0.486]
[0.372, 0.494, 0.486, 0.492]
[0.372, 0.494, 0.486, 0.492, 0.424]
[0.372, 0.494, 0.486, 0.492, 0.424, 0.506]
[0.372, 0.494, 0.486, 0.492, 0.424, 0.506, 0.504]
[0.372, 0.494, 0.486, 0.492, 0.424, 0.506, 0.504, 0.308]
[0.372, 0.494, 0.486, 0.492, 0.424, 0.506, 0.504, 0.308, 0.37]
[0.372, 0.494, 0.486, 0.492, 0.424, 0.506, 0.504, 0.308, 0.37, 0.434]
[0.372, 0.494, 0.486, 0.492, 0.424, 0.506, 0.504, 0.308, 0.37, 0.434, 0.526]
[0.372, 0.494, 0.486, 0.492, 0.424, 0.506, 0.504, 0.308, 0.37, 0.434, 0.526, 0.378]
[0.372, 0.494, 0.486, 0.492, 0.424, 0.506, 0.504, 0.308, 0.37, 0.434, 0.526, 0.378, 0.2]
[0.372, 0.494, 0.486, 0.492, 0.424, 0.506, 0.504, 0.308, 0.37, 0.434, 0.526, 0.378, 0.2, 0.236]
[0.372, 0.494, 0.486, 0.492, 0.424, 0.506, 0.504, 0.308, 0.37, 0.434, 0.526, 0.378, 0.2, 0.236, 0.174]
[0.372, 0.494, 0.486, 0.492, 0.424, 0.506, 0.504, 0.308, 0.37, 0.434, 0.526, 0.378, 0.2, 0.236, 0.174, 0.236]
[0.372, 0.494, 0.486, 0.492, 0.424, 0.506, 0.504, 0.308, 0.37, 0.434, 0.526, 0.378, 0.2, 0.236, 0.174, 0.236, 0.128]
[0.372, 0.494, 0.486, 0.492, 0.424, 0.506, 0.504, 0.308, 0.37, 0.434, 0.526, 0.378, 0.2, 0.236, 0.174, 0.236, 0.128, 0.23]
[0.372, 0.494, 0.486, 0.492, 0.424, 0.506, 0.504, 0.308, 0.37, 0.434, 0.526, 0.378, 0.2, 0.236, 0.174, 0.236, 0.128, 0.23, 0.246]
[0.372, 0.494, 0.486, 0.492, 0.424, 0.506, 0.504, 0.308, 0.37, 0.434, 0.526, 0.378, 0.2, 0.236, 0.174, 0.236, 0.128, 0.23, 0.246, 0.2]
broken out of loop
Total correct retain:  943  Total retain:  2500
Total correct forget:  15984  Total forget:  47500
Total correct test:  183  Total test:  500
Total correct forget test:  3064  Total test forget:  9500
[0.366]
[0.366, 0.47]
[0.366, 0.47, 0.466]
[0.366, 0.47, 0.466, 0.526]
[0.366, 0.47, 0.466, 0.526, 0.4]
[0.366, 0.47, 0.466, 0.526, 0.4, 0.414]
[0.366, 0.47, 0.466, 0.526, 0.4, 0.414, 0.412]
[0.366, 0.47, 0.466, 0.526, 0.4, 0.414, 0.412, 0.376]
[0.366, 0.47, 0.466, 0.526, 0.4, 0.414, 0.412, 0.376, 0.32]
[0.366, 0.47, 0.466, 0.526, 0.4, 0.414, 0.412, 0.376, 0.32, 0.434]
[0.366, 0.47, 0.466, 0.526, 0.4, 0.414, 0.412, 0.376, 0.32, 0.434, 0.442]
[0.366, 0.47, 0.466, 0.526, 0.4, 0.414, 0.412, 0.376, 0.32, 0.434, 0.442, 0.272]
[0.366, 0.47, 0.466, 0.526, 0.4, 0.414, 0.412, 0.376, 0.32, 0.434, 0.442, 0.272, 0.184]
[0.366, 0.47, 0.466, 0.526, 0.4, 0.414, 0.412, 0.376, 0.32, 0.434, 0.442, 0.272, 0.184, 0.23]
[0.366, 0.47, 0.466, 0.526, 0.4, 0.414, 0.412, 0.376, 0.32, 0.434, 0.442, 0.272, 0.184, 0.23, 0.19]
[0.366, 0.47, 0.466, 0.526, 0.4, 0.414, 0.412, 0.376, 0.32, 0.434, 0.442, 0.272, 0.184, 0.23, 0.19, 0.194]
[0.366, 0.47, 0.466, 0.526, 0.4, 0.414, 0.412, 0.376, 0.32, 0.434, 0.442, 0.272, 0.184, 0.23, 0.19, 0.194, 0.144]
[0.366, 0.47, 0.466, 0.526, 0.4, 0.414, 0.412, 0.376, 0.32, 0.434, 0.442, 0.272, 0.184, 0.23, 0.19, 0.194, 0.144, 0.206]
[0.366, 0.47, 0.466, 0.526, 0.4, 0.414, 0.412, 0.376, 0.32, 0.434, 0.442, 0.272, 0.184, 0.23, 0.19, 0.194, 0.144, 0.206, 0.248]
[0.366, 0.47, 0.466, 0.526, 0.4, 0.414, 0.412, 0.376, 0.32, 0.434, 0.442, 0.272, 0.184, 0.23, 0.19, 0.194, 0.144, 0.206, 0.248, 0.2]
broken out of loop
Total correct retain:  1151  Total retain:  2500
Total correct forget:  14674  Total forget:  47500
Total correct test:  211  Total test:  500
Total correct forget test:  2766  Total test forget:  9500
[0.422]
[0.422, 0.454]
[0.422, 0.454, 0.39]
[0.422, 0.454, 0.39, 0.562]
[0.422, 0.454, 0.39, 0.562, 0.33]
[0.422, 0.454, 0.39, 0.562, 0.33, 0.374]
[0.422, 0.454, 0.39, 0.562, 0.33, 0.374, 0.472]
[0.422, 0.454, 0.39, 0.562, 0.33, 0.374, 0.472, 0.336]
[0.422, 0.454, 0.39, 0.562, 0.33, 0.374, 0.472, 0.336, 0.31]
[0.422, 0.454, 0.39, 0.562, 0.33, 0.374, 0.472, 0.336, 0.31, 0.378]
[0.422, 0.454, 0.39, 0.562, 0.33, 0.374, 0.472, 0.336, 0.31, 0.378, 0.264]
[0.422, 0.454, 0.39, 0.562, 0.33, 0.374, 0.472, 0.336, 0.31, 0.378, 0.264, 0.248]
[0.422, 0.454, 0.39, 0.562, 0.33, 0.374, 0.472, 0.336, 0.31, 0.378, 0.264, 0.248, 0.156]
[0.422, 0.454, 0.39, 0.562, 0.33, 0.374, 0.472, 0.336, 0.31, 0.378, 0.264, 0.248, 0.156, 0.208]
[0.422, 0.454, 0.39, 0.562, 0.33, 0.374, 0.472, 0.336, 0.31, 0.378, 0.264, 0.248, 0.156, 0.208, 0.138]
[0.422, 0.454, 0.39, 0.562, 0.33, 0.374, 0.472, 0.336, 0.31, 0.378, 0.264, 0.248, 0.156, 0.208, 0.138, 0.188]
[0.422, 0.454, 0.39, 0.562, 0.33, 0.374, 0.472, 0.336, 0.31, 0.378, 0.264, 0.248, 0.156, 0.208, 0.138, 0.188, 0.12]
[0.422, 0.454, 0.39, 0.562, 0.33, 0.374, 0.472, 0.336, 0.31, 0.378, 0.264, 0.248, 0.156, 0.208, 0.138, 0.188, 0.12, 0.172]
[0.422, 0.454, 0.39, 0.562, 0.33, 0.374, 0.472, 0.336, 0.31, 0.378, 0.264, 0.248, 0.156, 0.208, 0.138, 0.188, 0.12, 0.172, 0.232]
[0.422, 0.454, 0.39, 0.562, 0.33, 0.374, 0.472, 0.336, 0.31, 0.378, 0.264, 0.248, 0.156, 0.208, 0.138, 0.188, 0.12, 0.172, 0.232, 0.2]
broken out of loop
Total correct retain:  1154  Total retain:  2500
Total correct forget:  15082  Total forget:  47500
Total correct test:  210  Total test:  500
Total correct forget test:  2896  Total test forget:  9500
[0.42]
[0.42, 0.48]
[0.42, 0.48, 0.384]
[0.42, 0.48, 0.384, 0.536]
[0.42, 0.48, 0.384, 0.536, 0.426]
[0.42, 0.48, 0.384, 0.536, 0.426, 0.386]
[0.42, 0.48, 0.384, 0.536, 0.426, 0.386, 0.446]
[0.42, 0.48, 0.384, 0.536, 0.426, 0.386, 0.446, 0.436]
[0.42, 0.48, 0.384, 0.536, 0.426, 0.386, 0.446, 0.436, 0.482]
[0.42, 0.48, 0.384, 0.536, 0.426, 0.386, 0.446, 0.436, 0.482, 0.316]
[0.42, 0.48, 0.384, 0.536, 0.426, 0.386, 0.446, 0.436, 0.482, 0.316, 0.258]
[0.42, 0.48, 0.384, 0.536, 0.426, 0.386, 0.446, 0.436, 0.482, 0.316, 0.258, 0.236]
[0.42, 0.48, 0.384, 0.536, 0.426, 0.386, 0.446, 0.436, 0.482, 0.316, 0.258, 0.236, 0.144]
[0.42, 0.48, 0.384, 0.536, 0.426, 0.386, 0.446, 0.436, 0.482, 0.316, 0.258, 0.236, 0.144, 0.214]
[0.42, 0.48, 0.384, 0.536, 0.426, 0.386, 0.446, 0.436, 0.482, 0.316, 0.258, 0.236, 0.144, 0.214, 0.16]
[0.42, 0.48, 0.384, 0.536, 0.426, 0.386, 0.446, 0.436, 0.482, 0.316, 0.258, 0.236, 0.144, 0.214, 0.16, 0.168]
[0.42, 0.48, 0.384, 0.536, 0.426, 0.386, 0.446, 0.436, 0.482, 0.316, 0.258, 0.236, 0.144, 0.214, 0.16, 0.168, 0.106]
[0.42, 0.48, 0.384, 0.536, 0.426, 0.386, 0.446, 0.436, 0.482, 0.316, 0.258, 0.236, 0.144, 0.214, 0.16, 0.168, 0.106, 0.17]
[0.42, 0.48, 0.384, 0.536, 0.426, 0.386, 0.446, 0.436, 0.482, 0.316, 0.258, 0.236, 0.144, 0.214, 0.16, 0.168, 0.106, 0.17, 0.244]
[0.42, 0.48, 0.384, 0.536, 0.426, 0.386, 0.446, 0.436, 0.482, 0.316, 0.258, 0.236, 0.144, 0.214, 0.16, 0.168, 0.106, 0.17, 0.244, 0.2]
broken out of loop
Total correct retain:  864  Total retain:  2500
Total correct forget:  13399  Total forget:  47500
Total correct test:  157  Total test:  500
Total correct forget test:  2541  Total test forget:  9500
[0.314]
[0.314, 0.396]
[0.314, 0.396, 0.326]
[0.314, 0.396, 0.326, 0.364]
[0.314, 0.396, 0.326, 0.364, 0.414]
[0.314, 0.396, 0.326, 0.364, 0.414, 0.412]
[0.314, 0.396, 0.326, 0.364, 0.414, 0.412, 0.5]
[0.314, 0.396, 0.326, 0.364, 0.414, 0.412, 0.5, 0.35]
[0.314, 0.396, 0.326, 0.364, 0.414, 0.412, 0.5, 0.35, 0.228]
[0.314, 0.396, 0.326, 0.364, 0.414, 0.412, 0.5, 0.35, 0.228, 0.324]
[0.314, 0.396, 0.326, 0.364, 0.414, 0.412, 0.5, 0.35, 0.228, 0.324, 0.252]
[0.314, 0.396, 0.326, 0.364, 0.414, 0.412, 0.5, 0.35, 0.228, 0.324, 0.252, 0.21]
[0.314, 0.396, 0.326, 0.364, 0.414, 0.412, 0.5, 0.35, 0.228, 0.324, 0.252, 0.21, 0.16]
[0.314, 0.396, 0.326, 0.364, 0.414, 0.412, 0.5, 0.35, 0.228, 0.324, 0.252, 0.21, 0.16, 0.194]
[0.314, 0.396, 0.326, 0.364, 0.414, 0.412, 0.5, 0.35, 0.228, 0.324, 0.252, 0.21, 0.16, 0.194, 0.104]
[0.314, 0.396, 0.326, 0.364, 0.414, 0.412, 0.5, 0.35, 0.228, 0.324, 0.252, 0.21, 0.16, 0.194, 0.104, 0.168]
[0.314, 0.396, 0.326, 0.364, 0.414, 0.412, 0.5, 0.35, 0.228, 0.324, 0.252, 0.21, 0.16, 0.194, 0.104, 0.168, 0.096]
[0.314, 0.396, 0.326, 0.364, 0.414, 0.412, 0.5, 0.35, 0.228, 0.324, 0.252, 0.21, 0.16, 0.194, 0.104, 0.168, 0.096, 0.158]
[0.314, 0.396, 0.326, 0.364, 0.414, 0.412, 0.5, 0.35, 0.228, 0.324, 0.252, 0.21, 0.16, 0.194, 0.104, 0.168, 0.096, 0.158, 0.226]
[0.314, 0.396, 0.326, 0.364, 0.414, 0.412, 0.5, 0.35, 0.228, 0.324, 0.252, 0.21, 0.16, 0.194, 0.104, 0.168, 0.096, 0.158, 0.226, 0.2]
broken out of loop
Total correct retain:  751  Total retain:  2500
Total correct forget:  12802  Total forget:  47500
Total correct test:  146  Total test:  500
Total correct forget test:  2463  Total test forget:  9500
[0.292]
[0.292, 0.446]
[0.292, 0.446, 0.406]
[0.292, 0.446, 0.406, 0.512]
[0.292, 0.446, 0.406, 0.512, 0.408]
[0.292, 0.446, 0.406, 0.512, 0.408, 0.3]
[0.292, 0.446, 0.406, 0.512, 0.408, 0.3, 0.522]
[0.292, 0.446, 0.406, 0.512, 0.408, 0.3, 0.522, 0.232]
[0.292, 0.446, 0.406, 0.512, 0.408, 0.3, 0.522, 0.232, 0.18]
[0.292, 0.446, 0.406, 0.512, 0.408, 0.3, 0.522, 0.232, 0.18, 0.308]
[0.292, 0.446, 0.406, 0.512, 0.408, 0.3, 0.522, 0.232, 0.18, 0.308, 0.198]
[0.292, 0.446, 0.406, 0.512, 0.408, 0.3, 0.522, 0.232, 0.18, 0.308, 0.198, 0.202]
[0.292, 0.446, 0.406, 0.512, 0.408, 0.3, 0.522, 0.232, 0.18, 0.308, 0.198, 0.202, 0.152]
[0.292, 0.446, 0.406, 0.512, 0.408, 0.3, 0.522, 0.232, 0.18, 0.308, 0.198, 0.202, 0.152, 0.194]
[0.292, 0.446, 0.406, 0.512, 0.408, 0.3, 0.522, 0.232, 0.18, 0.308, 0.198, 0.202, 0.152, 0.194, 0.084]
[0.292, 0.446, 0.406, 0.512, 0.408, 0.3, 0.522, 0.232, 0.18, 0.308, 0.198, 0.202, 0.152, 0.194, 0.084, 0.154]
[0.292, 0.446, 0.406, 0.512, 0.408, 0.3, 0.522, 0.232, 0.18, 0.308, 0.198, 0.202, 0.152, 0.194, 0.084, 0.154, 0.064]
[0.292, 0.446, 0.406, 0.512, 0.408, 0.3, 0.522, 0.232, 0.18, 0.308, 0.198, 0.202, 0.152, 0.194, 0.084, 0.154, 0.064, 0.14]
[0.292, 0.446, 0.406, 0.512, 0.408, 0.3, 0.522, 0.232, 0.18, 0.308, 0.198, 0.202, 0.152, 0.194, 0.084, 0.154, 0.064, 0.14, 0.224]
[0.292, 0.446, 0.406, 0.512, 0.408, 0.3, 0.522, 0.232, 0.18, 0.308, 0.198, 0.202, 0.152, 0.194, 0.084, 0.154, 0.064, 0.14, 0.224, 0.2]
broken out of loop
Total correct retain:  877  Total retain:  2500
Total correct forget:  12483  Total forget:  47500
Total correct test:  168  Total test:  500
Total correct forget test:  2364  Total test forget:  9500
[0.336]
[0.336, 0.452]
[0.336, 0.452, 0.42]
[0.336, 0.452, 0.42, 0.504]
[0.336, 0.452, 0.42, 0.504, 0.382]
[0.336, 0.452, 0.42, 0.504, 0.382, 0.432]
[0.336, 0.452, 0.42, 0.504, 0.382, 0.432, 0.14]
[0.336, 0.452, 0.42, 0.504, 0.382, 0.432, 0.14, 0.23]
[0.336, 0.452, 0.42, 0.504, 0.382, 0.432, 0.14, 0.23, 0.22]
[0.336, 0.452, 0.42, 0.504, 0.382, 0.432, 0.14, 0.23, 0.22, 0.294]
[0.336, 0.452, 0.42, 0.504, 0.382, 0.432, 0.14, 0.23, 0.22, 0.294, 0.212]
[0.336, 0.452, 0.42, 0.504, 0.382, 0.432, 0.14, 0.23, 0.22, 0.294, 0.212, 0.196]
[0.336, 0.452, 0.42, 0.504, 0.382, 0.432, 0.14, 0.23, 0.22, 0.294, 0.212, 0.196, 0.166]
[0.336, 0.452, 0.42, 0.504, 0.382, 0.432, 0.14, 0.23, 0.22, 0.294, 0.212, 0.196, 0.166, 0.168]
[0.336, 0.452, 0.42, 0.504, 0.382, 0.432, 0.14, 0.23, 0.22, 0.294, 0.212, 0.196, 0.166, 0.168, 0.106]
[0.336, 0.452, 0.42, 0.504, 0.382, 0.432, 0.14, 0.23, 0.22, 0.294, 0.212, 0.196, 0.166, 0.168, 0.106, 0.166]
[0.336, 0.452, 0.42, 0.504, 0.382, 0.432, 0.14, 0.23, 0.22, 0.294, 0.212, 0.196, 0.166, 0.168, 0.106, 0.166, 0.082]
[0.336, 0.452, 0.42, 0.504, 0.382, 0.432, 0.14, 0.23, 0.22, 0.294, 0.212, 0.196, 0.166, 0.168, 0.106, 0.166, 0.082, 0.136]
[0.336, 0.452, 0.42, 0.504, 0.382, 0.432, 0.14, 0.23, 0.22, 0.294, 0.212, 0.196, 0.166, 0.168, 0.106, 0.166, 0.082, 0.136, 0.222]
[0.336, 0.452, 0.42, 0.504, 0.382, 0.432, 0.14, 0.23, 0.22, 0.294, 0.212, 0.196, 0.166, 0.168, 0.106, 0.166, 0.082, 0.136, 0.222, 0.2]
broken out of loop
Total correct retain:  861  Total retain:  2500
Total correct forget:  12428  Total forget:  47500
Total correct test:  156  Total test:  500
Total correct forget test:  2382  Total test forget:  9500
[0.312]
[0.312, 0.484]
[0.312, 0.484, 0.422]
[0.312, 0.484, 0.422, 0.522]
[0.312, 0.484, 0.422, 0.522, 0.382]
[0.312, 0.484, 0.422, 0.522, 0.382, 0.268]
[0.312, 0.484, 0.422, 0.522, 0.382, 0.268, 0.172]
[0.312, 0.484, 0.422, 0.522, 0.382, 0.268, 0.172, 0.232]
[0.312, 0.484, 0.422, 0.522, 0.382, 0.268, 0.172, 0.232, 0.178]
[0.312, 0.484, 0.422, 0.522, 0.382, 0.268, 0.172, 0.232, 0.178, 0.312]
[0.312, 0.484, 0.422, 0.522, 0.382, 0.268, 0.172, 0.232, 0.178, 0.312, 0.262]
[0.312, 0.484, 0.422, 0.522, 0.382, 0.268, 0.172, 0.232, 0.178, 0.312, 0.262, 0.216]
[0.312, 0.484, 0.422, 0.522, 0.382, 0.268, 0.172, 0.232, 0.178, 0.312, 0.262, 0.216, 0.168]
[0.312, 0.484, 0.422, 0.522, 0.382, 0.268, 0.172, 0.232, 0.178, 0.312, 0.262, 0.216, 0.168, 0.184]
[0.312, 0.484, 0.422, 0.522, 0.382, 0.268, 0.172, 0.232, 0.178, 0.312, 0.262, 0.216, 0.168, 0.184, 0.114]
[0.312, 0.484, 0.422, 0.522, 0.382, 0.268, 0.172, 0.232, 0.178, 0.312, 0.262, 0.216, 0.168, 0.184, 0.114, 0.164]
[0.312, 0.484, 0.422, 0.522, 0.382, 0.268, 0.172, 0.232, 0.178, 0.312, 0.262, 0.216, 0.168, 0.184, 0.114, 0.164, 0.094]
[0.312, 0.484, 0.422, 0.522, 0.382, 0.268, 0.172, 0.232, 0.178, 0.312, 0.262, 0.216, 0.168, 0.184, 0.114, 0.164, 0.094, 0.152]
[0.312, 0.484, 0.422, 0.522, 0.382, 0.268, 0.172, 0.232, 0.178, 0.312, 0.262, 0.216, 0.168, 0.184, 0.114, 0.164, 0.094, 0.152, 0.238]
[0.312, 0.484, 0.422, 0.522, 0.382, 0.268, 0.172, 0.232, 0.178, 0.312, 0.262, 0.216, 0.168, 0.184, 0.114, 0.164, 0.094, 0.152, 0.238, 0.2]
broken out of loop
Total correct retain:  716  Total retain:  2500
Total correct forget:  10966  Total forget:  47500
Total correct test:  136  Total test:  500
Total correct forget test:  2112  Total test forget:  9500
[0.272]
[0.272, 0.434]
[0.272, 0.434, 0.378]
[0.272, 0.434, 0.378, 0.396]
[0.272, 0.434, 0.378, 0.396, 0.27]
[0.272, 0.434, 0.378, 0.396, 0.27, 0.154]
[0.272, 0.434, 0.378, 0.396, 0.27, 0.154, 0.248]
[0.272, 0.434, 0.378, 0.396, 0.27, 0.154, 0.248, 0.186]
[0.272, 0.434, 0.378, 0.396, 0.27, 0.154, 0.248, 0.186, 0.126]
[0.272, 0.434, 0.378, 0.396, 0.27, 0.154, 0.248, 0.186, 0.126, 0.262]
[0.272, 0.434, 0.378, 0.396, 0.27, 0.154, 0.248, 0.186, 0.126, 0.262, 0.214]
[0.272, 0.434, 0.378, 0.396, 0.27, 0.154, 0.248, 0.186, 0.126, 0.262, 0.214, 0.176]
[0.272, 0.434, 0.378, 0.396, 0.27, 0.154, 0.248, 0.186, 0.126, 0.262, 0.214, 0.176, 0.256]
[0.272, 0.434, 0.378, 0.396, 0.27, 0.154, 0.248, 0.186, 0.126, 0.262, 0.214, 0.176, 0.256, 0.14]
[0.272, 0.434, 0.378, 0.396, 0.27, 0.154, 0.248, 0.186, 0.126, 0.262, 0.214, 0.176, 0.256, 0.14, 0.108]
[0.272, 0.434, 0.378, 0.396, 0.27, 0.154, 0.248, 0.186, 0.126, 0.262, 0.214, 0.176, 0.256, 0.14, 0.108, 0.176]
[0.272, 0.434, 0.378, 0.396, 0.27, 0.154, 0.248, 0.186, 0.126, 0.262, 0.214, 0.176, 0.256, 0.14, 0.108, 0.176, 0.116]
[0.272, 0.434, 0.378, 0.396, 0.27, 0.154, 0.248, 0.186, 0.126, 0.262, 0.214, 0.176, 0.256, 0.14, 0.108, 0.176, 0.116, 0.132]
[0.272, 0.434, 0.378, 0.396, 0.27, 0.154, 0.248, 0.186, 0.126, 0.262, 0.214, 0.176, 0.256, 0.14, 0.108, 0.176, 0.116, 0.132, 0.252]
[0.272, 0.434, 0.378, 0.396, 0.27, 0.154, 0.248, 0.186, 0.126, 0.262, 0.214, 0.176, 0.256, 0.14, 0.108, 0.176, 0.116, 0.132, 0.252, 0.2]
broken out of loop
Total correct retain:  818  Total retain:  2500
Total correct forget:  10709  Total forget:  47500
Total correct test:  164  Total test:  500
Total correct forget test:  2019  Total test forget:  9500
[0.328]
[0.328, 0.468]
[0.328, 0.468, 0.396]
[0.328, 0.468, 0.396, 0.24]
[0.328, 0.468, 0.396, 0.24, 0.286]
[0.328, 0.468, 0.396, 0.24, 0.286, 0.15]
[0.328, 0.468, 0.396, 0.24, 0.286, 0.15, 0.124]
[0.328, 0.468, 0.396, 0.24, 0.286, 0.15, 0.124, 0.226]
[0.328, 0.468, 0.396, 0.24, 0.286, 0.15, 0.124, 0.226, 0.136]
[0.328, 0.468, 0.396, 0.24, 0.286, 0.15, 0.124, 0.226, 0.136, 0.274]
[0.328, 0.468, 0.396, 0.24, 0.286, 0.15, 0.124, 0.226, 0.136, 0.274, 0.228]
[0.328, 0.468, 0.396, 0.24, 0.286, 0.15, 0.124, 0.226, 0.136, 0.274, 0.228, 0.216]
[0.328, 0.468, 0.396, 0.24, 0.286, 0.15, 0.124, 0.226, 0.136, 0.274, 0.228, 0.216, 0.17]
[0.328, 0.468, 0.396, 0.24, 0.286, 0.15, 0.124, 0.226, 0.136, 0.274, 0.228, 0.216, 0.17, 0.2]
[0.328, 0.468, 0.396, 0.24, 0.286, 0.15, 0.124, 0.226, 0.136, 0.274, 0.228, 0.216, 0.17, 0.2, 0.096]
[0.328, 0.468, 0.396, 0.24, 0.286, 0.15, 0.124, 0.226, 0.136, 0.274, 0.228, 0.216, 0.17, 0.2, 0.096, 0.152]
[0.328, 0.468, 0.396, 0.24, 0.286, 0.15, 0.124, 0.226, 0.136, 0.274, 0.228, 0.216, 0.17, 0.2, 0.096, 0.152, 0.068]
[0.328, 0.468, 0.396, 0.24, 0.286, 0.15, 0.124, 0.226, 0.136, 0.274, 0.228, 0.216, 0.17, 0.2, 0.096, 0.152, 0.068, 0.178]
[0.328, 0.468, 0.396, 0.24, 0.286, 0.15, 0.124, 0.226, 0.136, 0.274, 0.228, 0.216, 0.17, 0.2, 0.096, 0.152, 0.068, 0.178, 0.23]
[0.328, 0.468, 0.396, 0.24, 0.286, 0.15, 0.124, 0.226, 0.136, 0.274, 0.228, 0.216, 0.17, 0.2, 0.096, 0.152, 0.068, 0.178, 0.23, 0.2]
broken out of loop
Total correct retain:  705  Total retain:  2500
Total correct forget:  10172  Total forget:  47500
Total correct test:  139  Total test:  500
Total correct forget test:  1932  Total test forget:  9500
[0.278]
[0.278, 0.518]
[0.278, 0.518, 0.216]
[0.278, 0.518, 0.216, 0.206]
[0.278, 0.518, 0.216, 0.206, 0.284]
[0.278, 0.518, 0.216, 0.206, 0.284, 0.14]
[0.278, 0.518, 0.216, 0.206, 0.284, 0.14, 0.14]
[0.278, 0.518, 0.216, 0.206, 0.284, 0.14, 0.14, 0.196]
[0.278, 0.518, 0.216, 0.206, 0.284, 0.14, 0.14, 0.196, 0.142]
[0.278, 0.518, 0.216, 0.206, 0.284, 0.14, 0.14, 0.196, 0.142, 0.218]
[0.278, 0.518, 0.216, 0.206, 0.284, 0.14, 0.14, 0.196, 0.142, 0.218, 0.25]
[0.278, 0.518, 0.216, 0.206, 0.284, 0.14, 0.14, 0.196, 0.142, 0.218, 0.25, 0.216]
[0.278, 0.518, 0.216, 0.206, 0.284, 0.14, 0.14, 0.196, 0.142, 0.218, 0.25, 0.216, 0.166]
[0.278, 0.518, 0.216, 0.206, 0.284, 0.14, 0.14, 0.196, 0.142, 0.218, 0.25, 0.216, 0.166, 0.19]
[0.278, 0.518, 0.216, 0.206, 0.284, 0.14, 0.14, 0.196, 0.142, 0.218, 0.25, 0.216, 0.166, 0.19, 0.13]
[0.278, 0.518, 0.216, 0.206, 0.284, 0.14, 0.14, 0.196, 0.142, 0.218, 0.25, 0.216, 0.166, 0.19, 0.13, 0.166]
[0.278, 0.518, 0.216, 0.206, 0.284, 0.14, 0.14, 0.196, 0.142, 0.218, 0.25, 0.216, 0.166, 0.19, 0.13, 0.166, 0.058]
[0.278, 0.518, 0.216, 0.206, 0.284, 0.14, 0.14, 0.196, 0.142, 0.218, 0.25, 0.216, 0.166, 0.19, 0.13, 0.166, 0.058, 0.2]
[0.278, 0.518, 0.216, 0.206, 0.284, 0.14, 0.14, 0.196, 0.142, 0.218, 0.25, 0.216, 0.166, 0.19, 0.13, 0.166, 0.058, 0.2, 0.228]
[0.278, 0.518, 0.216, 0.206, 0.284, 0.14, 0.14, 0.196, 0.142, 0.218, 0.25, 0.216, 0.166, 0.19, 0.13, 0.166, 0.058, 0.2, 0.228, 0.2]
broken out of loop
Total correct retain:  799  Total retain:  2500
Total correct forget:  8722  Total forget:  47500
Total correct test:  154  Total test:  500
Total correct forget test:  1764  Total test forget:  9500
[0.308]
[0.308, 0.312]
[0.308, 0.312, 0.152]
[0.308, 0.312, 0.152, 0.16]
[0.308, 0.312, 0.152, 0.16, 0.256]
[0.308, 0.312, 0.152, 0.16, 0.256, 0.128]
[0.308, 0.312, 0.152, 0.16, 0.256, 0.128, 0.154]
[0.308, 0.312, 0.152, 0.16, 0.256, 0.128, 0.154, 0.226]
[0.308, 0.312, 0.152, 0.16, 0.256, 0.128, 0.154, 0.226, 0.114]
[0.308, 0.312, 0.152, 0.16, 0.256, 0.128, 0.154, 0.226, 0.114, 0.238]
[0.308, 0.312, 0.152, 0.16, 0.256, 0.128, 0.154, 0.226, 0.114, 0.238, 0.216]
[0.308, 0.312, 0.152, 0.16, 0.256, 0.128, 0.154, 0.226, 0.114, 0.238, 0.216, 0.242]
[0.308, 0.312, 0.152, 0.16, 0.256, 0.128, 0.154, 0.226, 0.114, 0.238, 0.216, 0.242, 0.168]
[0.308, 0.312, 0.152, 0.16, 0.256, 0.128, 0.154, 0.226, 0.114, 0.238, 0.216, 0.242, 0.168, 0.182]
[0.308, 0.312, 0.152, 0.16, 0.256, 0.128, 0.154, 0.226, 0.114, 0.238, 0.216, 0.242, 0.168, 0.182, 0.144]
[0.308, 0.312, 0.152, 0.16, 0.256, 0.128, 0.154, 0.226, 0.114, 0.238, 0.216, 0.242, 0.168, 0.182, 0.144, 0.166]
[0.308, 0.312, 0.152, 0.16, 0.256, 0.128, 0.154, 0.226, 0.114, 0.238, 0.216, 0.242, 0.168, 0.182, 0.144, 0.166, 0.068]
[0.308, 0.312, 0.152, 0.16, 0.256, 0.128, 0.154, 0.226, 0.114, 0.238, 0.216, 0.242, 0.168, 0.182, 0.144, 0.166, 0.068, 0.214]
[0.308, 0.312, 0.152, 0.16, 0.256, 0.128, 0.154, 0.226, 0.114, 0.238, 0.216, 0.242, 0.168, 0.182, 0.144, 0.166, 0.068, 0.214, 0.188]
[0.308, 0.312, 0.152, 0.16, 0.256, 0.128, 0.154, 0.226, 0.114, 0.238, 0.216, 0.242, 0.168, 0.182, 0.144, 0.166, 0.068, 0.214, 0.188, 0.2]
[[0.458, 0.612, 0.726, 0.672, 0.48, 0.608, 0.726, 0.598, 0.672, 0.644, 0.674, 0.584, 0.588, 0.6, 0.684, 0.724, 0.772, 0.698, 0.616, 0.744], [0.464, 0.596, 0.666, 0.638, 0.472, 0.566, 0.672, 0.576, 0.604, 0.624, 0.586, 0.572, 0.51, 0.54, 0.548, 0.654, 0.724, 0.678, 0.568, 0.208], [0.446, 0.588, 0.666, 0.512, 0.464, 0.554, 0.544, 0.512, 0.582, 0.586, 0.554, 0.494, 0.46, 0.454, 0.568, 0.652, 0.648, 0.628, 0.292, 0.204], [0.356, 0.382, 0.6, 0.438, 0.308, 0.488, 0.456, 0.372, 0.5, 0.502, 0.464, 0.366, 0.306, 0.37, 0.464, 0.568, 0.44, 0.214, 0.274, 0.2], [0.292, 0.382, 0.488, 0.232, 0.214, 0.454, 0.364, 0.322, 0.342, 0.42, 0.308, 0.34, 0.332, 0.332, 0.316, 0.484, 0.178, 0.226, 0.224, 0.2], [0.316, 0.404, 0.306, 0.35, 0.418, 0.394, 0.556, 0.282, 0.334, 0.418, 0.316, 0.478, 0.352, 0.362, 0.358, 0.222, 0.124, 0.21, 0.268, 0.2], [0.332, 0.498, 0.348, 0.264, 0.308, 0.382, 0.534, 0.296, 0.32, 0.458, 0.428, 0.464, 0.34, 0.294, 0.146, 0.178, 0.11, 0.188, 0.246, 0.2], [0.326, 0.466, 0.412, 0.26, 0.292, 0.382, 0.306, 0.356, 0.346, 0.428, 0.408, 0.29, 0.408, 0.188, 0.168, 0.196, 0.12, 0.216, 0.224, 0.2], [0.372, 0.494, 0.486, 0.492, 0.424, 0.506, 0.504, 0.308, 0.37, 0.434, 0.526, 0.378, 0.2, 0.236, 0.174, 0.236, 0.128, 0.23, 0.246, 0.2], [0.366, 0.47, 0.466, 0.526, 0.4, 0.414, 0.412, 0.376, 0.32, 0.434, 0.442, 0.272, 0.184, 0.23, 0.19, 0.194, 0.144, 0.206, 0.248, 0.2], [0.422, 0.454, 0.39, 0.562, 0.33, 0.374, 0.472, 0.336, 0.31, 0.378, 0.264, 0.248, 0.156, 0.208, 0.138, 0.188, 0.12, 0.172, 0.232, 0.2], [0.42, 0.48, 0.384, 0.536, 0.426, 0.386, 0.446, 0.436, 0.482, 0.316, 0.258, 0.236, 0.144, 0.214, 0.16, 0.168, 0.106, 0.17, 0.244, 0.2], [0.314, 0.396, 0.326, 0.364, 0.414, 0.412, 0.5, 0.35, 0.228, 0.324, 0.252, 0.21, 0.16, 0.194, 0.104, 0.168, 0.096, 0.158, 0.226, 0.2], [0.292, 0.446, 0.406, 0.512, 0.408, 0.3, 0.522, 0.232, 0.18, 0.308, 0.198, 0.202, 0.152, 0.194, 0.084, 0.154, 0.064, 0.14, 0.224, 0.2], [0.336, 0.452, 0.42, 0.504, 0.382, 0.432, 0.14, 0.23, 0.22, 0.294, 0.212, 0.196, 0.166, 0.168, 0.106, 0.166, 0.082, 0.136, 0.222, 0.2], [0.312, 0.484, 0.422, 0.522, 0.382, 0.268, 0.172, 0.232, 0.178, 0.312, 0.262, 0.216, 0.168, 0.184, 0.114, 0.164, 0.094, 0.152, 0.238, 0.2], [0.272, 0.434, 0.378, 0.396, 0.27, 0.154, 0.248, 0.186, 0.126, 0.262, 0.214, 0.176, 0.256, 0.14, 0.108, 0.176, 0.116, 0.132, 0.252, 0.2], [0.328, 0.468, 0.396, 0.24, 0.286, 0.15, 0.124, 0.226, 0.136, 0.274, 0.228, 0.216, 0.17, 0.2, 0.096, 0.152, 0.068, 0.178, 0.23, 0.2], [0.278, 0.518, 0.216, 0.206, 0.284, 0.14, 0.14, 0.196, 0.142, 0.218, 0.25, 0.216, 0.166, 0.19, 0.13, 0.166, 0.058, 0.2, 0.228, 0.2], [0.308, 0.312, 0.152, 0.16, 0.256, 0.128, 0.154, 0.226, 0.114, 0.238, 0.216, 0.242, 0.168, 0.182, 0.144, 0.166, 0.068, 0.214, 0.188, 0.2]]
20
20
Plot  0  Done
Average Retain Accuracies:  [0.4804, 0.474, 0.4668, 0.3776, 0.308, 0.3316, 0.3636, 0.3512, 0.396, 0.3772, 0.4604, 0.4616, 0.3456, 0.3004, 0.3508, 0.3444, 0.2864, 0.3272, 0.282, 0.3196]
Average Forget Accuracies:  [0.6850105263157895, 0.6116842105263158, 0.5525894736842105, 0.42597894736842107, 0.33642105263157895, 0.35183157894736844, 0.33886315789473687, 0.3195789473684211, 0.3622947368421053, 0.33650526315789475, 0.30892631578947366, 0.3175157894736842, 0.28208421052631577, 0.2695157894736842, 0.2628, 0.2616421052631579, 0.23086315789473685, 0.22545263157894738, 0.21414736842105264, 0.18362105263157893]
Average Retain Test Accuracies:  [0.458, 0.464, 0.446, 0.356, 0.292, 0.316, 0.332, 0.326, 0.372, 0.366, 0.422, 0.42, 0.314, 0.292, 0.336, 0.312, 0.272, 0.328, 0.278, 0.308]
Average Forget Test Accuracies:  [0.6537894736842105, 0.5790526315789474, 0.5243157894736842, 0.40589473684210525, 0.32410526315789473, 0.33431578947368423, 0.3158947368421053, 0.2982105263157895, 0.34589473684210525, 0.32252631578947366, 0.2911578947368421, 0.3048421052631579, 0.2674736842105263, 0.25926315789473686, 0.2488421052631579, 0.25073684210526315, 0.22231578947368422, 0.21252631578947367, 0.2033684210526316, 0.18568421052631578]
Done
