Requirement already satisfied: pyyaml in /usr/lib64/python3.12/site-packages (6.0.1)
Requirement already satisfied: setuptools in /usr/lib/python3.12/site-packages (68.2.2)
Requirement already satisfied: matplotlib in /dcs/21/u2145461/.local/lib/python3.12/site-packages (3.10.1)
Requirement already satisfied: contourpy>=1.0.1 in /dcs/21/u2145461/.local/lib/python3.12/site-packages (from matplotlib) (1.3.1)
Requirement already satisfied: cycler>=0.10 in /dcs/21/u2145461/.local/lib/python3.12/site-packages (from matplotlib) (0.12.1)
Requirement already satisfied: fonttools>=4.22.0 in /dcs/21/u2145461/.local/lib/python3.12/site-packages (from matplotlib) (4.56.0)
Requirement already satisfied: kiwisolver>=1.3.1 in /dcs/21/u2145461/.local/lib/python3.12/site-packages (from matplotlib) (1.4.8)
Requirement already satisfied: numpy>=1.23 in /dcs/21/u2145461/.local/lib/python3.12/site-packages (from matplotlib) (2.2.3)
Requirement already satisfied: packaging>=20.0 in /dcs/21/u2145461/.local/lib/python3.12/site-packages (from matplotlib) (24.2)
Requirement already satisfied: pillow>=8 in /dcs/21/u2145461/.local/lib/python3.12/site-packages (from matplotlib) (11.0.0)
Requirement already satisfied: pyparsing>=2.3.1 in /dcs/21/u2145461/.local/lib/python3.12/site-packages (from matplotlib) (3.2.1)
Requirement already satisfied: python-dateutil>=2.7 in /dcs/21/u2145461/.local/lib/python3.12/site-packages (from matplotlib) (2.9.0.post0)
Requirement already satisfied: six>=1.5 in /dcs/21/u2145461/.local/lib/python3.12/site-packages (from python-dateutil>=2.7->matplotlib) (1.17.0)
Requirement already satisfied: quadprog in /dcs/21/u2145461/.local/lib/python3.12/site-packages (0.1.13)
Requirement already satisfied: numpy in /dcs/21/u2145461/.local/lib/python3.12/site-packages (from quadprog) (2.2.3)
Requirement already satisfied: pyparsing in /dcs/21/u2145461/.local/lib/python3.12/site-packages (3.2.1)
Requirement already satisfied: pandas in /dcs/21/u2145461/.local/lib/python3.12/site-packages (2.2.3)
Requirement already satisfied: numpy>=1.26.0 in /dcs/21/u2145461/.local/lib/python3.12/site-packages (from pandas) (2.2.3)
Requirement already satisfied: python-dateutil>=2.8.2 in /dcs/21/u2145461/.local/lib/python3.12/site-packages (from pandas) (2.9.0.post0)
Requirement already satisfied: pytz>=2020.1 in /dcs/21/u2145461/.local/lib/python3.12/site-packages (from pandas) (2025.1)
Requirement already satisfied: tzdata>=2022.7 in /dcs/21/u2145461/.local/lib/python3.12/site-packages (from pandas) (2025.1)
Requirement already satisfied: six>=1.5 in /dcs/21/u2145461/.local/lib/python3.12/site-packages (from python-dateutil>=2.8.2->pandas) (1.17.0)
Requirement already satisfied: numpy in /dcs/21/u2145461/.local/lib/python3.12/site-packages (2.2.3)
Sun Apr  6 22:24:52 2025       
+-----------------------------------------------------------------------------------------+
| NVIDIA-SMI 550.144.03             Driver Version: 550.144.03     CUDA Version: 12.4     |
|-----------------------------------------+------------------------+----------------------+
| GPU  Name                 Persistence-M | Bus-Id          Disp.A | Volatile Uncorr. ECC |
| Fan  Temp   Perf          Pwr:Usage/Cap |           Memory-Usage | GPU-Util  Compute M. |
|                                         |                        |               MIG M. |
|=========================================+========================+======================|
|   0  NVIDIA RTX A5000               Off |   00000000:01:00.0 Off |                  Off |
| 30%   55C    P0             N/A /  230W |       1MiB /  24564MiB |      0%      Default |
|                                         |                        |                  N/A |
+-----------------------------------------+------------------------+----------------------+
                                                                                         
+-----------------------------------------------------------------------------------------+
| Processes:                                                                              |
|  GPU   GI   CI        PID   Type   Process name                              GPU Memory |
|        ID   ID                                                               Usage      |
|=========================================================================================|
|  No running processes found                                                             |
+-----------------------------------------------------------------------------------------+
Python 3.12.8
./cifar-100-python/train
./cifar-100-python/test
Unlearn Batch Size:  16
Unlearn MEM Strength:  0.6
cifar-100-python/train
cifar-100-python/test
new ordering of classes:  ['mushrooms', 'willow', 'wardrobe', 'boy', 'hamster', 'forest', 'spider', 'orchids', 'train', 'plates', 'butterfly', 'table', 'cockroach', 'sunflowers', 'woman', 'chair', 'whale', 'mouse', 'castle', 'camel', 'roses', 'lawn-mower', 'bear', 'porcupine', 'crocodile', 'bottles', 'dinosaur', 'tiger', 'cloud', 'tulips', 'bicycle', 'flatfish', 'chimpanzee', 'pine', 'computer keyboard', 'possum', 'skunk', 'shrew', 'bowls', 'tank', 'kangaroo', 'baby', 'elephant', 'poppies', 'apples', 'skyscraper', 'wolf', 'sweet peppers', 'man', 'sea', 'cattle', 'girl', 'pickup truck', 'raccoon', 'palm', 'worm', 'fox', 'television', 'squirrel', 'rabbit', 'shark', 'road', 'clock', 'telephone', 'snake', 'house', 'leopard', 'aquarium fish', 'turtle', 'bee', 'trout', 'bus', 'dolphin', 'beaver', 'bed', 'seal', 'motorcycle', 'tractor', 'lizard', 'crab', 'couch', 'oranges', 'ray', 'lamp', 'streetcar', 'pears', 'mountain', 'bridge', 'plain', 'rocket', 'oak', 'maple', 'lion', 'lobster', 'snail', 'caterpillar', 'otter', 'cans', 'beetle', 'cups']
Training task:  1
[0.674, 0.16, 0.198, 0.198, 0.21, 0.204, 0.2, 0.21, 0.258, 0.12, 0.184, 0.232, 0.236, 0.264, 0.188, 0.2, 0.196, 0.202, 0.308, 0.2]
Training task:  2
[0.582, 0.742, 0.2, 0.234, 0.194, 0.228, 0.21, 0.206, 0.162, 0.13, 0.096, 0.224, 0.248, 0.226, 0.206, 0.2, 0.14, 0.258, 0.218, 0.176]
Training task:  3
[0.664, 0.7, 0.762, 0.224, 0.194, 0.166, 0.234, 0.186, 0.154, 0.152, 0.14, 0.24, 0.25, 0.244, 0.202, 0.202, 0.25, 0.24, 0.288, 0.166]
Training task:  4
[0.638, 0.67, 0.67, 0.788, 0.21, 0.092, 0.234, 0.208, 0.152, 0.12, 0.194, 0.27, 0.25, 0.22, 0.194, 0.228, 0.18, 0.266, 0.332, 0.172]
Training task:  5
[0.634, 0.656, 0.696, 0.69, 0.776, 0.184, 0.214, 0.208, 0.226, 0.132, 0.144, 0.236, 0.21, 0.236, 0.174, 0.228, 0.304, 0.234, 0.32, 0.186]
Training task:  6
[0.644, 0.684, 0.644, 0.694, 0.702, 0.87, 0.202, 0.21, 0.264, 0.056, 0.152, 0.26, 0.216, 0.238, 0.194, 0.252, 0.228, 0.264, 0.324, 0.158]
Training task:  7
[0.678, 0.638, 0.646, 0.702, 0.684, 0.828, 0.806, 0.218, 0.178, 0.092, 0.236, 0.256, 0.186, 0.228, 0.184, 0.234, 0.194, 0.26, 0.314, 0.178]
Training task:  8
[0.67, 0.676, 0.642, 0.678, 0.68, 0.804, 0.688, 0.714, 0.16, 0.106, 0.17, 0.236, 0.248, 0.25, 0.184, 0.216, 0.248, 0.26, 0.296, 0.136]
Training task:  9
[0.638, 0.662, 0.63, 0.66, 0.644, 0.792, 0.656, 0.642, 0.788, 0.098, 0.16, 0.2, 0.178, 0.264, 0.204, 0.218, 0.154, 0.242, 0.32, 0.174]
Training task:  10
[0.676, 0.61, 0.654, 0.688, 0.666, 0.828, 0.692, 0.618, 0.678, 0.886, 0.154, 0.24, 0.172, 0.25, 0.16, 0.236, 0.212, 0.298, 0.336, 0.186]
Training task:  11
[0.684, 0.636, 0.656, 0.696, 0.658, 0.804, 0.71, 0.656, 0.58, 0.826, 0.782, 0.256, 0.178, 0.252, 0.166, 0.224, 0.234, 0.314, 0.334, 0.2]
Training task:  12
[0.666, 0.64, 0.654, 0.682, 0.654, 0.796, 0.652, 0.616, 0.636, 0.796, 0.69, 0.682, 0.166, 0.21, 0.198, 0.23, 0.236, 0.298, 0.362, 0.224]
Training task:  13
[0.662, 0.642, 0.604, 0.66, 0.64, 0.798, 0.664, 0.596, 0.594, 0.8, 0.67, 0.622, 0.766, 0.218, 0.16, 0.248, 0.182, 0.286, 0.294, 0.19]
Training task:  14
[0.63, 0.646, 0.648, 0.66, 0.646, 0.788, 0.648, 0.624, 0.596, 0.772, 0.652, 0.574, 0.698, 0.722, 0.148, 0.252, 0.158, 0.282, 0.306, 0.198]
Training task:  15
[0.656, 0.656, 0.626, 0.702, 0.664, 0.8, 0.654, 0.616, 0.592, 0.788, 0.692, 0.558, 0.706, 0.654, 0.768, 0.262, 0.148, 0.256, 0.304, 0.196]
Training task:  16
[0.68, 0.676, 0.648, 0.706, 0.662, 0.804, 0.694, 0.61, 0.584, 0.77, 0.65, 0.562, 0.684, 0.61, 0.71, 0.704, 0.126, 0.272, 0.334, 0.19]
Training task:  17
[0.678, 0.656, 0.662, 0.692, 0.668, 0.806, 0.65, 0.638, 0.626, 0.78, 0.626, 0.556, 0.704, 0.612, 0.686, 0.638, 0.848, 0.254, 0.334, 0.164]
Training task:  18
[0.696, 0.628, 0.656, 0.708, 0.646, 0.82, 0.636, 0.616, 0.516, 0.768, 0.61, 0.56, 0.696, 0.552, 0.654, 0.57, 0.776, 0.844, 0.28, 0.15]
Training task:  19
[0.686, 0.634, 0.648, 0.698, 0.692, 0.806, 0.688, 0.6, 0.558, 0.762, 0.61, 0.564, 0.676, 0.622, 0.652, 0.598, 0.772, 0.716, 0.702, 0.156]
Training task:  20
[0.68, 0.666, 0.65, 0.684, 0.662, 0.8, 0.68, 0.626, 0.556, 0.754, 0.624, 0.552, 0.664, 0.566, 0.686, 0.606, 0.754, 0.674, 0.626, 0.74]
Unlearning task:  20
Total correct retain:  1762  Total retain:  2500
Total correct forget:  37069  Total forget:  47500
Total correct test:  340  Total test:  500
Total correct forget test:  6285  Total test forget:  9500
[0.68]
[0.68, 0.666]
[0.68, 0.666, 0.65]
[0.68, 0.666, 0.65, 0.684]
[0.68, 0.666, 0.65, 0.684, 0.662]
[0.68, 0.666, 0.65, 0.684, 0.662, 0.8]
[0.68, 0.666, 0.65, 0.684, 0.662, 0.8, 0.68]
[0.68, 0.666, 0.65, 0.684, 0.662, 0.8, 0.68, 0.626]
[0.68, 0.666, 0.65, 0.684, 0.662, 0.8, 0.68, 0.626, 0.556]
[0.68, 0.666, 0.65, 0.684, 0.662, 0.8, 0.68, 0.626, 0.556, 0.754]
[0.68, 0.666, 0.65, 0.684, 0.662, 0.8, 0.68, 0.626, 0.556, 0.754, 0.624]
[0.68, 0.666, 0.65, 0.684, 0.662, 0.8, 0.68, 0.626, 0.556, 0.754, 0.624, 0.552]
[0.68, 0.666, 0.65, 0.684, 0.662, 0.8, 0.68, 0.626, 0.556, 0.754, 0.624, 0.552, 0.664]
[0.68, 0.666, 0.65, 0.684, 0.662, 0.8, 0.68, 0.626, 0.556, 0.754, 0.624, 0.552, 0.664, 0.566]
[0.68, 0.666, 0.65, 0.684, 0.662, 0.8, 0.68, 0.626, 0.556, 0.754, 0.624, 0.552, 0.664, 0.566, 0.686]
[0.68, 0.666, 0.65, 0.684, 0.662, 0.8, 0.68, 0.626, 0.556, 0.754, 0.624, 0.552, 0.664, 0.566, 0.686, 0.606]
[0.68, 0.666, 0.65, 0.684, 0.662, 0.8, 0.68, 0.626, 0.556, 0.754, 0.624, 0.552, 0.664, 0.566, 0.686, 0.606, 0.754]
[0.68, 0.666, 0.65, 0.684, 0.662, 0.8, 0.68, 0.626, 0.556, 0.754, 0.624, 0.552, 0.664, 0.566, 0.686, 0.606, 0.754, 0.674]
[0.68, 0.666, 0.65, 0.684, 0.662, 0.8, 0.68, 0.626, 0.556, 0.754, 0.624, 0.552, 0.664, 0.566, 0.686, 0.606, 0.754, 0.674, 0.626]
[0.68, 0.666, 0.65, 0.684, 0.662, 0.8, 0.68, 0.626, 0.556, 0.754, 0.624, 0.552, 0.664, 0.566, 0.686, 0.606, 0.754, 0.674, 0.626, 0.74]
Total correct retain:  1734  Total retain:  2500
Total correct forget:  32803  Total forget:  47500
Total correct test:  329  Total test:  500
Total correct forget test:  5769  Total test forget:  9500
[0.658]
[0.658, 0.604]
[0.658, 0.604, 0.63]
[0.658, 0.604, 0.63, 0.696]
[0.658, 0.604, 0.63, 0.696, 0.63]
[0.658, 0.604, 0.63, 0.696, 0.63, 0.748]
[0.658, 0.604, 0.63, 0.696, 0.63, 0.748, 0.62]
[0.658, 0.604, 0.63, 0.696, 0.63, 0.748, 0.62, 0.566]
[0.658, 0.604, 0.63, 0.696, 0.63, 0.748, 0.62, 0.566, 0.596]
[0.658, 0.604, 0.63, 0.696, 0.63, 0.748, 0.62, 0.566, 0.596, 0.78]
[0.658, 0.604, 0.63, 0.696, 0.63, 0.748, 0.62, 0.566, 0.596, 0.78, 0.534]
[0.658, 0.604, 0.63, 0.696, 0.63, 0.748, 0.62, 0.566, 0.596, 0.78, 0.534, 0.512]
[0.658, 0.604, 0.63, 0.696, 0.63, 0.748, 0.62, 0.566, 0.596, 0.78, 0.534, 0.512, 0.652]
[0.658, 0.604, 0.63, 0.696, 0.63, 0.748, 0.62, 0.566, 0.596, 0.78, 0.534, 0.512, 0.652, 0.54]
[0.658, 0.604, 0.63, 0.696, 0.63, 0.748, 0.62, 0.566, 0.596, 0.78, 0.534, 0.512, 0.652, 0.54, 0.586]
[0.658, 0.604, 0.63, 0.696, 0.63, 0.748, 0.62, 0.566, 0.596, 0.78, 0.534, 0.512, 0.652, 0.54, 0.586, 0.526]
[0.658, 0.604, 0.63, 0.696, 0.63, 0.748, 0.62, 0.566, 0.596, 0.78, 0.534, 0.512, 0.652, 0.54, 0.586, 0.526, 0.646]
[0.658, 0.604, 0.63, 0.696, 0.63, 0.748, 0.62, 0.566, 0.596, 0.78, 0.534, 0.512, 0.652, 0.54, 0.586, 0.526, 0.646, 0.624]
[0.658, 0.604, 0.63, 0.696, 0.63, 0.748, 0.62, 0.566, 0.596, 0.78, 0.534, 0.512, 0.652, 0.54, 0.586, 0.526, 0.646, 0.624, 0.558]
[0.658, 0.604, 0.63, 0.696, 0.63, 0.748, 0.62, 0.566, 0.596, 0.78, 0.534, 0.512, 0.652, 0.54, 0.586, 0.526, 0.646, 0.624, 0.558, 0.49]
Python 3.12.8
