Requirement already satisfied: pyyaml in /usr/lib64/python3.12/site-packages (6.0.1)
Requirement already satisfied: setuptools in /usr/lib/python3.12/site-packages (68.2.2)
Requirement already satisfied: matplotlib in /dcs/21/u2145461/.local/lib/python3.12/site-packages (3.10.1)
Requirement already satisfied: contourpy>=1.0.1 in /dcs/21/u2145461/.local/lib/python3.12/site-packages (from matplotlib) (1.3.1)
Requirement already satisfied: cycler>=0.10 in /dcs/21/u2145461/.local/lib/python3.12/site-packages (from matplotlib) (0.12.1)
Requirement already satisfied: fonttools>=4.22.0 in /dcs/21/u2145461/.local/lib/python3.12/site-packages (from matplotlib) (4.56.0)
Requirement already satisfied: kiwisolver>=1.3.1 in /dcs/21/u2145461/.local/lib/python3.12/site-packages (from matplotlib) (1.4.8)
Requirement already satisfied: numpy>=1.23 in /dcs/21/u2145461/.local/lib/python3.12/site-packages (from matplotlib) (2.2.3)
Requirement already satisfied: packaging>=20.0 in /dcs/21/u2145461/.local/lib/python3.12/site-packages (from matplotlib) (24.2)
Requirement already satisfied: pillow>=8 in /dcs/21/u2145461/.local/lib/python3.12/site-packages (from matplotlib) (11.0.0)
Requirement already satisfied: pyparsing>=2.3.1 in /dcs/21/u2145461/.local/lib/python3.12/site-packages (from matplotlib) (3.2.1)
Requirement already satisfied: python-dateutil>=2.7 in /dcs/21/u2145461/.local/lib/python3.12/site-packages (from matplotlib) (2.9.0.post0)
Requirement already satisfied: six>=1.5 in /dcs/21/u2145461/.local/lib/python3.12/site-packages (from python-dateutil>=2.7->matplotlib) (1.17.0)
Requirement already satisfied: quadprog in /dcs/21/u2145461/.local/lib/python3.12/site-packages (0.1.13)
Requirement already satisfied: numpy in /dcs/21/u2145461/.local/lib/python3.12/site-packages (from quadprog) (2.2.3)
Requirement already satisfied: pyparsing in /dcs/21/u2145461/.local/lib/python3.12/site-packages (3.2.1)
Requirement already satisfied: pandas in /dcs/21/u2145461/.local/lib/python3.12/site-packages (2.2.3)
Requirement already satisfied: numpy>=1.26.0 in /dcs/21/u2145461/.local/lib/python3.12/site-packages (from pandas) (2.2.3)
Requirement already satisfied: python-dateutil>=2.8.2 in /dcs/21/u2145461/.local/lib/python3.12/site-packages (from pandas) (2.9.0.post0)
Requirement already satisfied: pytz>=2020.1 in /dcs/21/u2145461/.local/lib/python3.12/site-packages (from pandas) (2025.1)
Requirement already satisfied: tzdata>=2022.7 in /dcs/21/u2145461/.local/lib/python3.12/site-packages (from pandas) (2025.1)
Requirement already satisfied: six>=1.5 in /dcs/21/u2145461/.local/lib/python3.12/site-packages (from python-dateutil>=2.8.2->pandas) (1.17.0)
Requirement already satisfied: numpy in /dcs/21/u2145461/.local/lib/python3.12/site-packages (2.2.3)
Mon Mar 10 22:24:35 2025       
+-----------------------------------------------------------------------------------------+
| NVIDIA-SMI 550.144.03             Driver Version: 550.144.03     CUDA Version: 12.4     |
|-----------------------------------------+------------------------+----------------------+
| GPU  Name                 Persistence-M | Bus-Id          Disp.A | Volatile Uncorr. ECC |
| Fan  Temp   Perf          Pwr:Usage/Cap |           Memory-Usage | GPU-Util  Compute M. |
|                                         |                        |               MIG M. |
|=========================================+========================+======================|
|   0  NVIDIA RTX A5000               Off |   00000000:01:00.0 Off |                  Off |
| 30%   56C    P0             N/A /  230W |       1MiB /  24564MiB |      0%      Default |
|                                         |                        |                  N/A |
+-----------------------------------------+------------------------+----------------------+
                                                                                         
+-----------------------------------------------------------------------------------------+
| Processes:                                                                              |
|  GPU   GI   CI        PID   Type   Process name                              GPU Memory |
|        ID   ID                                                               Usage      |
|=========================================================================================|
|  No running processes found                                                             |
+-----------------------------------------------------------------------------------------+
Python 3.12.8
./cifar-100-python/train
./cifar-100-python/test
Unlearn Batch Size:  10
Unlearn MEM Strength:  0.6
cifar-100-python/train
cifar-100-python/test
new ordering of classes:  ['crab', 'rocket', 'beaver', 'kangaroo', 'bee', 'ray', 'telephone', 'whale', 'willow', 'lion', 'television', 'snail', 'poppies', 'chimpanzee', 'lamp', 'sweet peppers', 'snake', 'chair', 'plates', 'palm', 'lawn-mower', 'lizard', 'bottles', 'bowls', 'streetcar', 'skyscraper', 'house', 'spider', 'motorcycle', 'sunflowers', 'table', 'cups', 'orchids', 'bear', 'tractor', 'bus', 'oranges', 'beetle', 'possum', 'otter', 'hamster', 'sea', 'castle', 'turtle', 'wardrobe', 'dinosaur', 'shark', 'dolphin', 'lobster', 'cans', 'bicycle', 'camel', 'butterfly', 'girl', 'worm', 'rabbit', 'man', 'couch', 'elephant', 'seal', 'bed', 'tiger', 'mushrooms', 'computer keyboard', 'pears', 'shrew', 'flatfish', 'tulips', 'cockroach', 'fox', 'plain', 'forest', 'aquarium fish', 'raccoon', 'wolf', 'boy', 'squirrel', 'trout', 'crocodile', 'cattle', 'porcupine', 'pine', 'caterpillar', 'tank', 'train', 'roses', 'oak', 'bridge', 'leopard', 'woman', 'apples', 'maple', 'clock', 'baby', 'cloud', 'road', 'skunk', 'mouse', 'mountain', 'pickup truck']
Training task:  1
[0.268, 0.16, 0.212, 0.224, 0.196, 0.332, 0.206, 0.192, 0.214, 0.244, 0.162, 0.202, 0.172, 0.21, 0.192, 0.192, 0.236, 0.2, 0.196, 0.156]
Training task:  2
[0.218, 0.352, 0.196, 0.2, 0.224, 0.2, 0.206, 0.202, 0.274, 0.236, 0.162, 0.188, 0.2, 0.21, 0.202, 0.212, 0.21, 0.2, 0.21, 0.198]
Training task:  3
[0.22, 0.4, 0.222, 0.2, 0.224, 0.2, 0.17, 0.214, 0.234, 0.208, 0.212, 0.2, 0.2, 0.228, 0.196, 0.216, 0.266, 0.2, 0.204, 0.206]
Training task:  4
[0.29, 0.216, 0.32, 0.304, 0.196, 0.344, 0.212, 0.11, 0.2, 0.23, 0.194, 0.24, 0.214, 0.162, 0.292, 0.226, 0.19, 0.202, 0.22, 0.184]
Training task:  5
[0.398, 0.478, 0.442, 0.446, 0.192, 0.214, 0.198, 0.34, 0.358, 0.224, 0.156, 0.246, 0.196, 0.298, 0.292, 0.202, 0.236, 0.334, 0.262, 0.198]
Training task:  6
[0.35, 0.546, 0.418, 0.446, 0.312, 0.38, 0.192, 0.122, 0.282, 0.178, 0.192, 0.236, 0.306, 0.2, 0.288, 0.218, 0.236, 0.32, 0.254, 0.192]
Training task:  7
[0.344, 0.298, 0.49, 0.32, 0.228, 0.488, 0.27, 0.222, 0.266, 0.204, 0.136, 0.26, 0.284, 0.2, 0.232, 0.208, 0.212, 0.302, 0.228, 0.18]
Training task:  8
[0.434, 0.428, 0.502, 0.392, 0.256, 0.518, 0.27, 0.406, 0.318, 0.222, 0.152, 0.238, 0.266, 0.2, 0.274, 0.252, 0.18, 0.352, 0.284, 0.18]
Training task:  9
[0.406, 0.488, 0.522, 0.448, 0.308, 0.528, 0.266, 0.448, 0.478, 0.194, 0.17, 0.25, 0.214, 0.2, 0.258, 0.282, 0.202, 0.336, 0.286, 0.19]
Training task:  10
[0.282, 0.402, 0.436, 0.426, 0.234, 0.358, 0.254, 0.342, 0.352, 0.332, 0.2, 0.226, 0.26, 0.2, 0.208, 0.214, 0.144, 0.22, 0.3, 0.226]
Training task:  11
[0.35, 0.386, 0.458, 0.37, 0.256, 0.47, 0.224, 0.382, 0.232, 0.336, 0.218, 0.22, 0.214, 0.2, 0.248, 0.194, 0.174, 0.326, 0.262, 0.156]
Training task:  12
[0.308, 0.384, 0.32, 0.382, 0.246, 0.344, 0.234, 0.356, 0.314, 0.348, 0.232, 0.242, 0.168, 0.204, 0.21, 0.246, 0.25, 0.304, 0.242, 0.202]
Training task:  13
[0.226, 0.258, 0.204, 0.206, 0.198, 0.228, 0.196, 0.214, 0.216, 0.206, 0.214, 0.248, 0.202, 0.2, 0.204, 0.2, 0.19, 0.204, 0.204, 0.196]
Training task:  14
[0.268, 0.21, 0.41, 0.312, 0.24, 0.384, 0.214, 0.368, 0.258, 0.208, 0.228, 0.258, 0.256, 0.242, 0.214, 0.198, 0.218, 0.272, 0.248, 0.164]
Training task:  15
[0.238, 0.298, 0.216, 0.21, 0.226, 0.236, 0.206, 0.212, 0.268, 0.296, 0.222, 0.21, 0.228, 0.21, 0.186, 0.2, 0.216, 0.242, 0.234, 0.144]
Training task:  16
[0.278, 0.198, 0.344, 0.37, 0.268, 0.36, 0.22, 0.364, 0.224, 0.212, 0.158, 0.278, 0.24, 0.254, 0.246, 0.248, 0.162, 0.248, 0.27, 0.182]
Training task:  17
[0.338, 0.398, 0.304, 0.47, 0.256, 0.36, 0.326, 0.398, 0.414, 0.404, 0.332, 0.28, 0.328, 0.308, 0.41, 0.33, 0.196, 0.362, 0.168, 0.182]
Training task:  18
[0.404, 0.426, 0.472, 0.478, 0.242, 0.554, 0.362, 0.476, 0.404, 0.398, 0.344, 0.37, 0.332, 0.48, 0.424, 0.27, 0.294, 0.512, 0.216, 0.17]
Training task:  19
[0.386, 0.354, 0.446, 0.456, 0.302, 0.432, 0.336, 0.44, 0.322, 0.354, 0.264, 0.284, 0.308, 0.486, 0.45, 0.266, 0.344, 0.486, 0.37, 0.2]
Training task:  20
[0.324, 0.516, 0.312, 0.378, 0.23, 0.408, 0.27, 0.264, 0.302, 0.434, 0.27, 0.236, 0.218, 0.26, 0.272, 0.282, 0.3, 0.364, 0.282, 0.332]
Unlearning task:  20
Total correct retain:  785  Total retain:  2500
Total correct forget:  15315  Total forget:  47500
Total correct test:  162  Total test:  500
Total correct forget test:  2965  Total test forget:  9500
broken out of loop
Total correct retain:  796  Total retain:  2500
Total correct forget:  15956  Total forget:  47500
Total correct test:  162  Total test:  500
Total correct forget test:  3099  Total test forget:  9500
[0.324]
[0.324, 0.512]
[0.324, 0.512, 0.322]
[0.324, 0.512, 0.322, 0.39]
[0.324, 0.512, 0.322, 0.39, 0.242]
[0.324, 0.512, 0.322, 0.39, 0.242, 0.432]
[0.324, 0.512, 0.322, 0.39, 0.242, 0.432, 0.286]
[0.324, 0.512, 0.322, 0.39, 0.242, 0.432, 0.286, 0.31]
[0.324, 0.512, 0.322, 0.39, 0.242, 0.432, 0.286, 0.31, 0.33]
[0.324, 0.512, 0.322, 0.39, 0.242, 0.432, 0.286, 0.31, 0.33, 0.442]
[0.324, 0.512, 0.322, 0.39, 0.242, 0.432, 0.286, 0.31, 0.33, 0.442, 0.28]
[0.324, 0.512, 0.322, 0.39, 0.242, 0.432, 0.286, 0.31, 0.33, 0.442, 0.28, 0.258]
[0.324, 0.512, 0.322, 0.39, 0.242, 0.432, 0.286, 0.31, 0.33, 0.442, 0.28, 0.258, 0.234]
[0.324, 0.512, 0.322, 0.39, 0.242, 0.432, 0.286, 0.31, 0.33, 0.442, 0.28, 0.258, 0.234, 0.27]
[0.324, 0.512, 0.322, 0.39, 0.242, 0.432, 0.286, 0.31, 0.33, 0.442, 0.28, 0.258, 0.234, 0.27, 0.276]
[0.324, 0.512, 0.322, 0.39, 0.242, 0.432, 0.286, 0.31, 0.33, 0.442, 0.28, 0.258, 0.234, 0.27, 0.276, 0.282]
[0.324, 0.512, 0.322, 0.39, 0.242, 0.432, 0.286, 0.31, 0.33, 0.442, 0.28, 0.258, 0.234, 0.27, 0.276, 0.282, 0.31]
[0.324, 0.512, 0.322, 0.39, 0.242, 0.432, 0.286, 0.31, 0.33, 0.442, 0.28, 0.258, 0.234, 0.27, 0.276, 0.282, 0.31, 0.384]
[0.324, 0.512, 0.322, 0.39, 0.242, 0.432, 0.286, 0.31, 0.33, 0.442, 0.28, 0.258, 0.234, 0.27, 0.276, 0.282, 0.31, 0.384, 0.294]
[0.324, 0.512, 0.322, 0.39, 0.242, 0.432, 0.286, 0.31, 0.33, 0.442, 0.28, 0.258, 0.234, 0.27, 0.276, 0.282, 0.31, 0.384, 0.294, 0.344]
broken out of loop
Total correct retain:  808  Total retain:  2500
Total correct forget:  17314  Total forget:  47500
Total correct test:  168  Total test:  500
Total correct forget test:  3395  Total test forget:  9500
[0.336]
[0.336, 0.538]
[0.336, 0.538, 0.35]
[0.336, 0.538, 0.35, 0.444]
[0.336, 0.538, 0.35, 0.444, 0.25]
[0.336, 0.538, 0.35, 0.444, 0.25, 0.452]
[0.336, 0.538, 0.35, 0.444, 0.25, 0.452, 0.322]
[0.336, 0.538, 0.35, 0.444, 0.25, 0.452, 0.322, 0.364]
[0.336, 0.538, 0.35, 0.444, 0.25, 0.452, 0.322, 0.364, 0.364]
[0.336, 0.538, 0.35, 0.444, 0.25, 0.452, 0.322, 0.364, 0.364, 0.444]
[0.336, 0.538, 0.35, 0.444, 0.25, 0.452, 0.322, 0.364, 0.364, 0.444, 0.314]
[0.336, 0.538, 0.35, 0.444, 0.25, 0.452, 0.322, 0.364, 0.364, 0.444, 0.314, 0.284]
[0.336, 0.538, 0.35, 0.444, 0.25, 0.452, 0.322, 0.364, 0.364, 0.444, 0.314, 0.284, 0.252]
[0.336, 0.538, 0.35, 0.444, 0.25, 0.452, 0.322, 0.364, 0.364, 0.444, 0.314, 0.284, 0.252, 0.334]
[0.336, 0.538, 0.35, 0.444, 0.25, 0.452, 0.322, 0.364, 0.364, 0.444, 0.314, 0.284, 0.252, 0.334, 0.306]
[0.336, 0.538, 0.35, 0.444, 0.25, 0.452, 0.322, 0.364, 0.364, 0.444, 0.314, 0.284, 0.252, 0.334, 0.306, 0.288]
[0.336, 0.538, 0.35, 0.444, 0.25, 0.452, 0.322, 0.364, 0.364, 0.444, 0.314, 0.284, 0.252, 0.334, 0.306, 0.288, 0.338]
[0.336, 0.538, 0.35, 0.444, 0.25, 0.452, 0.322, 0.364, 0.364, 0.444, 0.314, 0.284, 0.252, 0.334, 0.306, 0.288, 0.338, 0.416]
[0.336, 0.538, 0.35, 0.444, 0.25, 0.452, 0.322, 0.364, 0.364, 0.444, 0.314, 0.284, 0.252, 0.334, 0.306, 0.288, 0.338, 0.416, 0.33]
[0.336, 0.538, 0.35, 0.444, 0.25, 0.452, 0.322, 0.364, 0.364, 0.444, 0.314, 0.284, 0.252, 0.334, 0.306, 0.288, 0.338, 0.416, 0.33, 0.4]
broken out of loop
Total correct retain:  1002  Total retain:  2500
Total correct forget:  20920  Total forget:  47500
Total correct test:  183  Total test:  500
Total correct forget test:  4113  Total test forget:  9500
[0.366]
[0.366, 0.502]
[0.366, 0.502, 0.554]
[0.366, 0.502, 0.554, 0.532]
[0.366, 0.502, 0.554, 0.532, 0.326]
[0.366, 0.502, 0.554, 0.532, 0.326, 0.544]
[0.366, 0.502, 0.554, 0.532, 0.326, 0.544, 0.422]
[0.366, 0.502, 0.554, 0.532, 0.326, 0.544, 0.422, 0.518]
[0.366, 0.502, 0.554, 0.532, 0.326, 0.544, 0.422, 0.518, 0.394]
[0.366, 0.502, 0.554, 0.532, 0.326, 0.544, 0.422, 0.518, 0.394, 0.418]
[0.366, 0.502, 0.554, 0.532, 0.326, 0.544, 0.422, 0.518, 0.394, 0.418, 0.354]
[0.366, 0.502, 0.554, 0.532, 0.326, 0.544, 0.422, 0.518, 0.394, 0.418, 0.354, 0.386]
[0.366, 0.502, 0.554, 0.532, 0.326, 0.544, 0.422, 0.518, 0.394, 0.418, 0.354, 0.386, 0.358]
[0.366, 0.502, 0.554, 0.532, 0.326, 0.544, 0.422, 0.518, 0.394, 0.418, 0.354, 0.386, 0.358, 0.504]
[0.366, 0.502, 0.554, 0.532, 0.326, 0.544, 0.422, 0.518, 0.394, 0.418, 0.354, 0.386, 0.358, 0.504, 0.474]
[0.366, 0.502, 0.554, 0.532, 0.326, 0.544, 0.422, 0.518, 0.394, 0.418, 0.354, 0.386, 0.358, 0.504, 0.474, 0.308]
[0.366, 0.502, 0.554, 0.532, 0.326, 0.544, 0.422, 0.518, 0.394, 0.418, 0.354, 0.386, 0.358, 0.504, 0.474, 0.308, 0.39]
[0.366, 0.502, 0.554, 0.532, 0.326, 0.544, 0.422, 0.518, 0.394, 0.418, 0.354, 0.386, 0.358, 0.504, 0.474, 0.308, 0.39, 0.488]
[0.366, 0.502, 0.554, 0.532, 0.326, 0.544, 0.422, 0.518, 0.394, 0.418, 0.354, 0.386, 0.358, 0.504, 0.474, 0.308, 0.39, 0.488, 0.502]
[0.366, 0.502, 0.554, 0.532, 0.326, 0.544, 0.422, 0.518, 0.394, 0.418, 0.354, 0.386, 0.358, 0.504, 0.474, 0.308, 0.39, 0.488, 0.502, 0.252]
broken out of loop
Total correct retain:  1021  Total retain:  2500
Total correct forget:  21112  Total forget:  47500
Total correct test:  192  Total test:  500
Total correct forget test:  4165  Total test forget:  9500
[0.384]
[0.384, 0.512]
[0.384, 0.512, 0.546]
[0.384, 0.512, 0.546, 0.542]
[0.384, 0.512, 0.546, 0.542, 0.334]
[0.384, 0.512, 0.546, 0.542, 0.334, 0.54]
[0.384, 0.512, 0.546, 0.542, 0.334, 0.54, 0.428]
[0.384, 0.512, 0.546, 0.542, 0.334, 0.54, 0.428, 0.514]
[0.384, 0.512, 0.546, 0.542, 0.334, 0.54, 0.428, 0.514, 0.4]
[0.384, 0.512, 0.546, 0.542, 0.334, 0.54, 0.428, 0.514, 0.4, 0.42]
[0.384, 0.512, 0.546, 0.542, 0.334, 0.54, 0.428, 0.514, 0.4, 0.42, 0.368]
[0.384, 0.512, 0.546, 0.542, 0.334, 0.54, 0.428, 0.514, 0.4, 0.42, 0.368, 0.4]
[0.384, 0.512, 0.546, 0.542, 0.334, 0.54, 0.428, 0.514, 0.4, 0.42, 0.368, 0.4, 0.358]
[0.384, 0.512, 0.546, 0.542, 0.334, 0.54, 0.428, 0.514, 0.4, 0.42, 0.368, 0.4, 0.358, 0.508]
[0.384, 0.512, 0.546, 0.542, 0.334, 0.54, 0.428, 0.514, 0.4, 0.42, 0.368, 0.4, 0.358, 0.508, 0.476]
[0.384, 0.512, 0.546, 0.542, 0.334, 0.54, 0.428, 0.514, 0.4, 0.42, 0.368, 0.4, 0.358, 0.508, 0.476, 0.304]
[0.384, 0.512, 0.546, 0.542, 0.334, 0.54, 0.428, 0.514, 0.4, 0.42, 0.368, 0.4, 0.358, 0.508, 0.476, 0.304, 0.404]
[0.384, 0.512, 0.546, 0.542, 0.334, 0.54, 0.428, 0.514, 0.4, 0.42, 0.368, 0.4, 0.358, 0.508, 0.476, 0.304, 0.404, 0.506]
[0.384, 0.512, 0.546, 0.542, 0.334, 0.54, 0.428, 0.514, 0.4, 0.42, 0.368, 0.4, 0.358, 0.508, 0.476, 0.304, 0.404, 0.506, 0.502]
[0.384, 0.512, 0.546, 0.542, 0.334, 0.54, 0.428, 0.514, 0.4, 0.42, 0.368, 0.4, 0.358, 0.508, 0.476, 0.304, 0.404, 0.506, 0.502, 0.268]
broken out of loop
Total correct retain:  1032  Total retain:  2500
Total correct forget:  21259  Total forget:  47500
Total correct test:  197  Total test:  500
Total correct forget test:  4193  Total test forget:  9500
[0.394]
[0.394, 0.516]
[0.394, 0.516, 0.546]
[0.394, 0.516, 0.546, 0.544]
[0.394, 0.516, 0.546, 0.544, 0.328]
[0.394, 0.516, 0.546, 0.544, 0.328, 0.544]
[0.394, 0.516, 0.546, 0.544, 0.328, 0.544, 0.432]
[0.394, 0.516, 0.546, 0.544, 0.328, 0.544, 0.432, 0.516]
[0.394, 0.516, 0.546, 0.544, 0.328, 0.544, 0.432, 0.516, 0.406]
[0.394, 0.516, 0.546, 0.544, 0.328, 0.544, 0.432, 0.516, 0.406, 0.42]
[0.394, 0.516, 0.546, 0.544, 0.328, 0.544, 0.432, 0.516, 0.406, 0.42, 0.37]
[0.394, 0.516, 0.546, 0.544, 0.328, 0.544, 0.432, 0.516, 0.406, 0.42, 0.37, 0.402]
[0.394, 0.516, 0.546, 0.544, 0.328, 0.544, 0.432, 0.516, 0.406, 0.42, 0.37, 0.402, 0.358]
[0.394, 0.516, 0.546, 0.544, 0.328, 0.544, 0.432, 0.516, 0.406, 0.42, 0.37, 0.402, 0.358, 0.516]
[0.394, 0.516, 0.546, 0.544, 0.328, 0.544, 0.432, 0.516, 0.406, 0.42, 0.37, 0.402, 0.358, 0.516, 0.486]
[0.394, 0.516, 0.546, 0.544, 0.328, 0.544, 0.432, 0.516, 0.406, 0.42, 0.37, 0.402, 0.358, 0.516, 0.486, 0.304]
[0.394, 0.516, 0.546, 0.544, 0.328, 0.544, 0.432, 0.516, 0.406, 0.42, 0.37, 0.402, 0.358, 0.516, 0.486, 0.304, 0.406]
[0.394, 0.516, 0.546, 0.544, 0.328, 0.544, 0.432, 0.516, 0.406, 0.42, 0.37, 0.402, 0.358, 0.516, 0.486, 0.304, 0.406, 0.516]
[0.394, 0.516, 0.546, 0.544, 0.328, 0.544, 0.432, 0.516, 0.406, 0.42, 0.37, 0.402, 0.358, 0.516, 0.486, 0.304, 0.406, 0.516, 0.508]
[0.394, 0.516, 0.546, 0.544, 0.328, 0.544, 0.432, 0.516, 0.406, 0.42, 0.37, 0.402, 0.358, 0.516, 0.486, 0.304, 0.406, 0.516, 0.508, 0.268]
broken out of loop
Total correct retain:  1176  Total retain:  2500
Total correct forget:  22145  Total forget:  47500
Total correct test:  232  Total test:  500
Total correct forget test:  4366  Total test forget:  9500
[0.464]
[0.464, 0.572]
[0.464, 0.572, 0.522]
[0.464, 0.572, 0.522, 0.55]
[0.464, 0.572, 0.522, 0.55, 0.328]
[0.464, 0.572, 0.522, 0.55, 0.328, 0.584]
[0.464, 0.572, 0.522, 0.55, 0.328, 0.584, 0.438]
[0.464, 0.572, 0.522, 0.55, 0.328, 0.584, 0.438, 0.496]
[0.464, 0.572, 0.522, 0.55, 0.328, 0.584, 0.438, 0.496, 0.474]
[0.464, 0.572, 0.522, 0.55, 0.328, 0.584, 0.438, 0.496, 0.474, 0.458]
[0.464, 0.572, 0.522, 0.55, 0.328, 0.584, 0.438, 0.496, 0.474, 0.458, 0.396]
[0.464, 0.572, 0.522, 0.55, 0.328, 0.584, 0.438, 0.496, 0.474, 0.458, 0.396, 0.43]
[0.464, 0.572, 0.522, 0.55, 0.328, 0.584, 0.438, 0.496, 0.474, 0.458, 0.396, 0.43, 0.346]
[0.464, 0.572, 0.522, 0.55, 0.328, 0.584, 0.438, 0.496, 0.474, 0.458, 0.396, 0.43, 0.346, 0.55]
[0.464, 0.572, 0.522, 0.55, 0.328, 0.584, 0.438, 0.496, 0.474, 0.458, 0.396, 0.43, 0.346, 0.55, 0.428]
[0.464, 0.572, 0.522, 0.55, 0.328, 0.584, 0.438, 0.496, 0.474, 0.458, 0.396, 0.43, 0.346, 0.55, 0.428, 0.36]
[0.464, 0.572, 0.522, 0.55, 0.328, 0.584, 0.438, 0.496, 0.474, 0.458, 0.396, 0.43, 0.346, 0.55, 0.428, 0.36, 0.396]
[0.464, 0.572, 0.522, 0.55, 0.328, 0.584, 0.438, 0.496, 0.474, 0.458, 0.396, 0.43, 0.346, 0.55, 0.428, 0.36, 0.396, 0.53]
[0.464, 0.572, 0.522, 0.55, 0.328, 0.584, 0.438, 0.496, 0.474, 0.458, 0.396, 0.43, 0.346, 0.55, 0.428, 0.36, 0.396, 0.53, 0.504]
[0.464, 0.572, 0.522, 0.55, 0.328, 0.584, 0.438, 0.496, 0.474, 0.458, 0.396, 0.43, 0.346, 0.55, 0.428, 0.36, 0.396, 0.53, 0.504, 0.37]
broken out of loop
Total correct retain:  1185  Total retain:  2500
Total correct forget:  22286  Total forget:  47500
Total correct test:  223  Total test:  500
Total correct forget test:  4396  Total test forget:  9500
[0.446]
[0.446, 0.568]
[0.446, 0.568, 0.534]
[0.446, 0.568, 0.534, 0.596]
[0.446, 0.568, 0.534, 0.596, 0.352]
[0.446, 0.568, 0.534, 0.596, 0.352, 0.606]
[0.446, 0.568, 0.534, 0.596, 0.352, 0.606, 0.456]
[0.446, 0.568, 0.534, 0.596, 0.352, 0.606, 0.456, 0.532]
[0.446, 0.568, 0.534, 0.596, 0.352, 0.606, 0.456, 0.532, 0.446]
[0.446, 0.568, 0.534, 0.596, 0.352, 0.606, 0.456, 0.532, 0.446, 0.428]
[0.446, 0.568, 0.534, 0.596, 0.352, 0.606, 0.456, 0.532, 0.446, 0.428, 0.432]
[0.446, 0.568, 0.534, 0.596, 0.352, 0.606, 0.456, 0.532, 0.446, 0.428, 0.432, 0.436]
[0.446, 0.568, 0.534, 0.596, 0.352, 0.606, 0.456, 0.532, 0.446, 0.428, 0.432, 0.436, 0.356]
[0.446, 0.568, 0.534, 0.596, 0.352, 0.606, 0.456, 0.532, 0.446, 0.428, 0.432, 0.436, 0.356, 0.484]
[0.446, 0.568, 0.534, 0.596, 0.352, 0.606, 0.456, 0.532, 0.446, 0.428, 0.432, 0.436, 0.356, 0.484, 0.434]
[0.446, 0.568, 0.534, 0.596, 0.352, 0.606, 0.456, 0.532, 0.446, 0.428, 0.432, 0.436, 0.356, 0.484, 0.434, 0.35]
[0.446, 0.568, 0.534, 0.596, 0.352, 0.606, 0.456, 0.532, 0.446, 0.428, 0.432, 0.436, 0.356, 0.484, 0.434, 0.35, 0.4]
[0.446, 0.568, 0.534, 0.596, 0.352, 0.606, 0.456, 0.532, 0.446, 0.428, 0.432, 0.436, 0.356, 0.484, 0.434, 0.35, 0.4, 0.528]
[0.446, 0.568, 0.534, 0.596, 0.352, 0.606, 0.456, 0.532, 0.446, 0.428, 0.432, 0.436, 0.356, 0.484, 0.434, 0.35, 0.4, 0.528, 0.532]
[0.446, 0.568, 0.534, 0.596, 0.352, 0.606, 0.456, 0.532, 0.446, 0.428, 0.432, 0.436, 0.356, 0.484, 0.434, 0.35, 0.4, 0.528, 0.532, 0.322]
broken out of loop
Total correct retain:  1150  Total retain:  2500
Total correct forget:  22057  Total forget:  47500
Total correct test:  216  Total test:  500
Total correct forget test:  4369  Total test forget:  9500
[0.432]
[0.432, 0.54]
[0.432, 0.54, 0.556]
[0.432, 0.54, 0.556, 0.594]
[0.432, 0.54, 0.556, 0.594, 0.362]
[0.432, 0.54, 0.556, 0.594, 0.362, 0.596]
[0.432, 0.54, 0.556, 0.594, 0.362, 0.596, 0.464]
[0.432, 0.54, 0.556, 0.594, 0.362, 0.596, 0.464, 0.562]
[0.432, 0.54, 0.556, 0.594, 0.362, 0.596, 0.464, 0.562, 0.45]
[0.432, 0.54, 0.556, 0.594, 0.362, 0.596, 0.464, 0.562, 0.45, 0.42]
[0.432, 0.54, 0.556, 0.594, 0.362, 0.596, 0.464, 0.562, 0.45, 0.42, 0.404]
[0.432, 0.54, 0.556, 0.594, 0.362, 0.596, 0.464, 0.562, 0.45, 0.42, 0.404, 0.44]
[0.432, 0.54, 0.556, 0.594, 0.362, 0.596, 0.464, 0.562, 0.45, 0.42, 0.404, 0.44, 0.38]
[0.432, 0.54, 0.556, 0.594, 0.362, 0.596, 0.464, 0.562, 0.45, 0.42, 0.404, 0.44, 0.38, 0.498]
[0.432, 0.54, 0.556, 0.594, 0.362, 0.596, 0.464, 0.562, 0.45, 0.42, 0.404, 0.44, 0.38, 0.498, 0.418]
[0.432, 0.54, 0.556, 0.594, 0.362, 0.596, 0.464, 0.562, 0.45, 0.42, 0.404, 0.44, 0.38, 0.498, 0.418, 0.36]
[0.432, 0.54, 0.556, 0.594, 0.362, 0.596, 0.464, 0.562, 0.45, 0.42, 0.404, 0.44, 0.38, 0.498, 0.418, 0.36, 0.384]
[0.432, 0.54, 0.556, 0.594, 0.362, 0.596, 0.464, 0.562, 0.45, 0.42, 0.404, 0.44, 0.38, 0.498, 0.418, 0.36, 0.384, 0.508]
[0.432, 0.54, 0.556, 0.594, 0.362, 0.596, 0.464, 0.562, 0.45, 0.42, 0.404, 0.44, 0.38, 0.498, 0.418, 0.36, 0.384, 0.508, 0.526]
[0.432, 0.54, 0.556, 0.594, 0.362, 0.596, 0.464, 0.562, 0.45, 0.42, 0.404, 0.44, 0.38, 0.498, 0.418, 0.36, 0.384, 0.508, 0.526, 0.276]
broken out of loop
Total correct retain:  1160  Total retain:  2500
Total correct forget:  22150  Total forget:  47500
Total correct test:  219  Total test:  500
Total correct forget test:  4369  Total test forget:  9500
[0.438]
[0.438, 0.554]
[0.438, 0.554, 0.554]
[0.438, 0.554, 0.554, 0.596]
[0.438, 0.554, 0.554, 0.596, 0.36]
[0.438, 0.554, 0.554, 0.596, 0.36, 0.596]
[0.438, 0.554, 0.554, 0.596, 0.36, 0.596, 0.46]
[0.438, 0.554, 0.554, 0.596, 0.36, 0.596, 0.46, 0.552]
[0.438, 0.554, 0.554, 0.596, 0.36, 0.596, 0.46, 0.552, 0.454]
[0.438, 0.554, 0.554, 0.596, 0.36, 0.596, 0.46, 0.552, 0.454, 0.422]
[0.438, 0.554, 0.554, 0.596, 0.36, 0.596, 0.46, 0.552, 0.454, 0.422, 0.4]
[0.438, 0.554, 0.554, 0.596, 0.36, 0.596, 0.46, 0.552, 0.454, 0.422, 0.4, 0.442]
[0.438, 0.554, 0.554, 0.596, 0.36, 0.596, 0.46, 0.552, 0.454, 0.422, 0.4, 0.442, 0.38]
[0.438, 0.554, 0.554, 0.596, 0.36, 0.596, 0.46, 0.552, 0.454, 0.422, 0.4, 0.442, 0.38, 0.498]
[0.438, 0.554, 0.554, 0.596, 0.36, 0.596, 0.46, 0.552, 0.454, 0.422, 0.4, 0.442, 0.38, 0.498, 0.426]
[0.438, 0.554, 0.554, 0.596, 0.36, 0.596, 0.46, 0.552, 0.454, 0.422, 0.4, 0.442, 0.38, 0.498, 0.426, 0.354]
[0.438, 0.554, 0.554, 0.596, 0.36, 0.596, 0.46, 0.552, 0.454, 0.422, 0.4, 0.442, 0.38, 0.498, 0.426, 0.354, 0.376]
[0.438, 0.554, 0.554, 0.596, 0.36, 0.596, 0.46, 0.552, 0.454, 0.422, 0.4, 0.442, 0.38, 0.498, 0.426, 0.354, 0.376, 0.51]
[0.438, 0.554, 0.554, 0.596, 0.36, 0.596, 0.46, 0.552, 0.454, 0.422, 0.4, 0.442, 0.38, 0.498, 0.426, 0.354, 0.376, 0.51, 0.53]
[0.438, 0.554, 0.554, 0.596, 0.36, 0.596, 0.46, 0.552, 0.454, 0.422, 0.4, 0.442, 0.38, 0.498, 0.426, 0.354, 0.376, 0.51, 0.53, 0.274]
broken out of loop
Total correct retain:  1205  Total retain:  2500
Total correct forget:  22418  Total forget:  47500
Total correct test:  229  Total test:  500
Total correct forget test:  4408  Total test forget:  9500
[0.458]
[0.458, 0.608]
[0.458, 0.608, 0.53]
[0.458, 0.608, 0.53, 0.6]
[0.458, 0.608, 0.53, 0.6, 0.326]
[0.458, 0.608, 0.53, 0.6, 0.326, 0.62]
[0.458, 0.608, 0.53, 0.6, 0.326, 0.62, 0.454]
[0.458, 0.608, 0.53, 0.6, 0.326, 0.62, 0.454, 0.52]
[0.458, 0.608, 0.53, 0.6, 0.326, 0.62, 0.454, 0.52, 0.456]
[0.458, 0.608, 0.53, 0.6, 0.326, 0.62, 0.454, 0.52, 0.456, 0.466]
[0.458, 0.608, 0.53, 0.6, 0.326, 0.62, 0.454, 0.52, 0.456, 0.466, 0.422]
[0.458, 0.608, 0.53, 0.6, 0.326, 0.62, 0.454, 0.52, 0.456, 0.466, 0.422, 0.426]
[0.458, 0.608, 0.53, 0.6, 0.326, 0.62, 0.454, 0.52, 0.456, 0.466, 0.422, 0.426, 0.364]
[0.458, 0.608, 0.53, 0.6, 0.326, 0.62, 0.454, 0.52, 0.456, 0.466, 0.422, 0.426, 0.364, 0.484]
[0.458, 0.608, 0.53, 0.6, 0.326, 0.62, 0.454, 0.52, 0.456, 0.466, 0.422, 0.426, 0.364, 0.484, 0.428]
[0.458, 0.608, 0.53, 0.6, 0.326, 0.62, 0.454, 0.52, 0.456, 0.466, 0.422, 0.426, 0.364, 0.484, 0.428, 0.344]
[0.458, 0.608, 0.53, 0.6, 0.326, 0.62, 0.454, 0.52, 0.456, 0.466, 0.422, 0.426, 0.364, 0.484, 0.428, 0.344, 0.376]
[0.458, 0.608, 0.53, 0.6, 0.326, 0.62, 0.454, 0.52, 0.456, 0.466, 0.422, 0.426, 0.364, 0.484, 0.428, 0.344, 0.376, 0.526]
[0.458, 0.608, 0.53, 0.6, 0.326, 0.62, 0.454, 0.52, 0.456, 0.466, 0.422, 0.426, 0.364, 0.484, 0.428, 0.344, 0.376, 0.526, 0.538]
[0.458, 0.608, 0.53, 0.6, 0.326, 0.62, 0.454, 0.52, 0.456, 0.466, 0.422, 0.426, 0.364, 0.484, 0.428, 0.344, 0.376, 0.526, 0.538, 0.328]
broken out of loop
Total correct retain:  1209  Total retain:  2500
Total correct forget:  21634  Total forget:  47500
Total correct test:  225  Total test:  500
Total correct forget test:  4283  Total test forget:  9500
[0.45]
[0.45, 0.638]
[0.45, 0.638, 0.448]
[0.45, 0.638, 0.448, 0.586]
[0.45, 0.638, 0.448, 0.586, 0.326]
[0.45, 0.638, 0.448, 0.586, 0.326, 0.59]
[0.45, 0.638, 0.448, 0.586, 0.326, 0.59, 0.478]
[0.45, 0.638, 0.448, 0.586, 0.326, 0.59, 0.478, 0.45]
[0.45, 0.638, 0.448, 0.586, 0.326, 0.59, 0.478, 0.45, 0.536]
[0.45, 0.638, 0.448, 0.586, 0.326, 0.59, 0.478, 0.45, 0.536, 0.388]
[0.45, 0.638, 0.448, 0.586, 0.326, 0.59, 0.478, 0.45, 0.536, 0.388, 0.384]
[0.45, 0.638, 0.448, 0.586, 0.326, 0.59, 0.478, 0.45, 0.536, 0.388, 0.384, 0.404]
[0.45, 0.638, 0.448, 0.586, 0.326, 0.59, 0.478, 0.45, 0.536, 0.388, 0.384, 0.404, 0.32]
[0.45, 0.638, 0.448, 0.586, 0.326, 0.59, 0.478, 0.45, 0.536, 0.388, 0.384, 0.404, 0.32, 0.436]
[0.45, 0.638, 0.448, 0.586, 0.326, 0.59, 0.478, 0.45, 0.536, 0.388, 0.384, 0.404, 0.32, 0.436, 0.446]
[0.45, 0.638, 0.448, 0.586, 0.326, 0.59, 0.478, 0.45, 0.536, 0.388, 0.384, 0.404, 0.32, 0.436, 0.446, 0.328]
[0.45, 0.638, 0.448, 0.586, 0.326, 0.59, 0.478, 0.45, 0.536, 0.388, 0.384, 0.404, 0.32, 0.436, 0.446, 0.328, 0.356]
[0.45, 0.638, 0.448, 0.586, 0.326, 0.59, 0.478, 0.45, 0.536, 0.388, 0.384, 0.404, 0.32, 0.436, 0.446, 0.328, 0.356, 0.544]
[0.45, 0.638, 0.448, 0.586, 0.326, 0.59, 0.478, 0.45, 0.536, 0.388, 0.384, 0.404, 0.32, 0.436, 0.446, 0.328, 0.356, 0.544, 0.482]
[0.45, 0.638, 0.448, 0.586, 0.326, 0.59, 0.478, 0.45, 0.536, 0.388, 0.384, 0.404, 0.32, 0.436, 0.446, 0.328, 0.356, 0.544, 0.482, 0.426]
broken out of loop
Total correct retain:  1264  Total retain:  2500
Total correct forget:  21997  Total forget:  47500
Total correct test:  240  Total test:  500
Total correct forget test:  4351  Total test forget:  9500
[0.48]
[0.48, 0.63]
[0.48, 0.63, 0.508]
[0.48, 0.63, 0.508, 0.606]
[0.48, 0.63, 0.508, 0.606, 0.344]
[0.48, 0.63, 0.508, 0.606, 0.344, 0.608]
[0.48, 0.63, 0.508, 0.606, 0.344, 0.608, 0.47]
[0.48, 0.63, 0.508, 0.606, 0.344, 0.608, 0.47, 0.476]
[0.48, 0.63, 0.508, 0.606, 0.344, 0.608, 0.47, 0.476, 0.462]
[0.48, 0.63, 0.508, 0.606, 0.344, 0.608, 0.47, 0.476, 0.462, 0.392]
[0.48, 0.63, 0.508, 0.606, 0.344, 0.608, 0.47, 0.476, 0.462, 0.392, 0.416]
[0.48, 0.63, 0.508, 0.606, 0.344, 0.608, 0.47, 0.476, 0.462, 0.392, 0.416, 0.414]
[0.48, 0.63, 0.508, 0.606, 0.344, 0.608, 0.47, 0.476, 0.462, 0.392, 0.416, 0.414, 0.336]
[0.48, 0.63, 0.508, 0.606, 0.344, 0.608, 0.47, 0.476, 0.462, 0.392, 0.416, 0.414, 0.336, 0.46]
[0.48, 0.63, 0.508, 0.606, 0.344, 0.608, 0.47, 0.476, 0.462, 0.392, 0.416, 0.414, 0.336, 0.46, 0.418]
[0.48, 0.63, 0.508, 0.606, 0.344, 0.608, 0.47, 0.476, 0.462, 0.392, 0.416, 0.414, 0.336, 0.46, 0.418, 0.344]
[0.48, 0.63, 0.508, 0.606, 0.344, 0.608, 0.47, 0.476, 0.462, 0.392, 0.416, 0.414, 0.336, 0.46, 0.418, 0.344, 0.382]
[0.48, 0.63, 0.508, 0.606, 0.344, 0.608, 0.47, 0.476, 0.462, 0.392, 0.416, 0.414, 0.336, 0.46, 0.418, 0.344, 0.382, 0.516]
[0.48, 0.63, 0.508, 0.606, 0.344, 0.608, 0.47, 0.476, 0.462, 0.392, 0.416, 0.414, 0.336, 0.46, 0.418, 0.344, 0.382, 0.516, 0.512]
[0.48, 0.63, 0.508, 0.606, 0.344, 0.608, 0.47, 0.476, 0.462, 0.392, 0.416, 0.414, 0.336, 0.46, 0.418, 0.344, 0.382, 0.516, 0.512, 0.408]
broken out of loop
Total correct retain:  1144  Total retain:  2500
Total correct forget:  20870  Total forget:  47500
Total correct test:  212  Total test:  500
Total correct forget test:  4189  Total test forget:  9500
[0.424]
[0.424, 0.49]
[0.424, 0.49, 0.578]
[0.424, 0.49, 0.578, 0.606]
[0.424, 0.49, 0.578, 0.606, 0.402]
[0.424, 0.49, 0.578, 0.606, 0.402, 0.626]
[0.424, 0.49, 0.578, 0.606, 0.402, 0.626, 0.476]
[0.424, 0.49, 0.578, 0.606, 0.402, 0.626, 0.476, 0.474]
[0.424, 0.49, 0.578, 0.606, 0.402, 0.626, 0.476, 0.474, 0.394]
[0.424, 0.49, 0.578, 0.606, 0.402, 0.626, 0.476, 0.474, 0.394, 0.356]
[0.424, 0.49, 0.578, 0.606, 0.402, 0.626, 0.476, 0.474, 0.394, 0.356, 0.43]
[0.424, 0.49, 0.578, 0.606, 0.402, 0.626, 0.476, 0.474, 0.394, 0.356, 0.43, 0.42]
[0.424, 0.49, 0.578, 0.606, 0.402, 0.626, 0.476, 0.474, 0.394, 0.356, 0.43, 0.42, 0.372]
[0.424, 0.49, 0.578, 0.606, 0.402, 0.626, 0.476, 0.474, 0.394, 0.356, 0.43, 0.42, 0.372, 0.496]
[0.424, 0.49, 0.578, 0.606, 0.402, 0.626, 0.476, 0.474, 0.394, 0.356, 0.43, 0.42, 0.372, 0.496, 0.356]
[0.424, 0.49, 0.578, 0.606, 0.402, 0.626, 0.476, 0.474, 0.394, 0.356, 0.43, 0.42, 0.372, 0.496, 0.356, 0.338]
[0.424, 0.49, 0.578, 0.606, 0.402, 0.626, 0.476, 0.474, 0.394, 0.356, 0.43, 0.42, 0.372, 0.496, 0.356, 0.338, 0.32]
[0.424, 0.49, 0.578, 0.606, 0.402, 0.626, 0.476, 0.474, 0.394, 0.356, 0.43, 0.42, 0.372, 0.496, 0.356, 0.338, 0.32, 0.48]
[0.424, 0.49, 0.578, 0.606, 0.402, 0.626, 0.476, 0.474, 0.394, 0.356, 0.43, 0.42, 0.372, 0.496, 0.356, 0.338, 0.32, 0.48, 0.514]
[0.424, 0.49, 0.578, 0.606, 0.402, 0.626, 0.476, 0.474, 0.394, 0.356, 0.43, 0.42, 0.372, 0.496, 0.356, 0.338, 0.32, 0.48, 0.514, 0.25]
broken out of loop
Total correct retain:  1240  Total retain:  2500
Total correct forget:  21355  Total forget:  47500
Total correct test:  241  Total test:  500
Total correct forget test:  4268  Total test forget:  9500
[0.482]
[0.482, 0.548]
[0.482, 0.548, 0.556]
[0.482, 0.548, 0.556, 0.61]
[0.482, 0.548, 0.556, 0.61, 0.39]
[0.482, 0.548, 0.556, 0.61, 0.39, 0.646]
[0.482, 0.548, 0.556, 0.61, 0.39, 0.646, 0.468]
[0.482, 0.548, 0.556, 0.61, 0.39, 0.646, 0.468, 0.492]
[0.482, 0.548, 0.556, 0.61, 0.39, 0.646, 0.468, 0.492, 0.418]
[0.482, 0.548, 0.556, 0.61, 0.39, 0.646, 0.468, 0.492, 0.418, 0.364]
[0.482, 0.548, 0.556, 0.61, 0.39, 0.646, 0.468, 0.492, 0.418, 0.364, 0.418]
[0.482, 0.548, 0.556, 0.61, 0.39, 0.646, 0.468, 0.492, 0.418, 0.364, 0.418, 0.428]
[0.482, 0.548, 0.556, 0.61, 0.39, 0.646, 0.468, 0.492, 0.418, 0.364, 0.418, 0.428, 0.358]
[0.482, 0.548, 0.556, 0.61, 0.39, 0.646, 0.468, 0.492, 0.418, 0.364, 0.418, 0.428, 0.358, 0.486]
[0.482, 0.548, 0.556, 0.61, 0.39, 0.646, 0.468, 0.492, 0.418, 0.364, 0.418, 0.428, 0.358, 0.486, 0.38]
[0.482, 0.548, 0.556, 0.61, 0.39, 0.646, 0.468, 0.492, 0.418, 0.364, 0.418, 0.428, 0.358, 0.486, 0.38, 0.334]
[0.482, 0.548, 0.556, 0.61, 0.39, 0.646, 0.468, 0.492, 0.418, 0.364, 0.418, 0.428, 0.358, 0.486, 0.38, 0.334, 0.358]
[0.482, 0.548, 0.556, 0.61, 0.39, 0.646, 0.468, 0.492, 0.418, 0.364, 0.418, 0.428, 0.358, 0.486, 0.38, 0.334, 0.358, 0.488]
[0.482, 0.548, 0.556, 0.61, 0.39, 0.646, 0.468, 0.492, 0.418, 0.364, 0.418, 0.428, 0.358, 0.486, 0.38, 0.334, 0.358, 0.488, 0.522]
[0.482, 0.548, 0.556, 0.61, 0.39, 0.646, 0.468, 0.492, 0.418, 0.364, 0.418, 0.428, 0.358, 0.486, 0.38, 0.334, 0.358, 0.488, 0.522, 0.272]
broken out of loop
Total correct retain:  1190  Total retain:  2500
Total correct forget:  21381  Total forget:  47500
Total correct test:  221  Total test:  500
Total correct forget test:  4268  Total test forget:  9500
[0.442]
[0.442, 0.578]
[0.442, 0.578, 0.572]
[0.442, 0.578, 0.572, 0.612]
[0.442, 0.578, 0.572, 0.612, 0.39]
[0.442, 0.578, 0.572, 0.612, 0.39, 0.45]
[0.442, 0.578, 0.572, 0.612, 0.39, 0.45, 0.458]
[0.442, 0.578, 0.572, 0.612, 0.39, 0.45, 0.458, 0.488]
[0.442, 0.578, 0.572, 0.612, 0.39, 0.45, 0.458, 0.488, 0.478]
[0.442, 0.578, 0.572, 0.612, 0.39, 0.45, 0.458, 0.488, 0.478, 0.38]
[0.442, 0.578, 0.572, 0.612, 0.39, 0.45, 0.458, 0.488, 0.478, 0.38, 0.414]
[0.442, 0.578, 0.572, 0.612, 0.39, 0.45, 0.458, 0.488, 0.478, 0.38, 0.414, 0.422]
[0.442, 0.578, 0.572, 0.612, 0.39, 0.45, 0.458, 0.488, 0.478, 0.38, 0.414, 0.422, 0.338]
[0.442, 0.578, 0.572, 0.612, 0.39, 0.45, 0.458, 0.488, 0.478, 0.38, 0.414, 0.422, 0.338, 0.48]
[0.442, 0.578, 0.572, 0.612, 0.39, 0.45, 0.458, 0.488, 0.478, 0.38, 0.414, 0.422, 0.338, 0.48, 0.384]
[0.442, 0.578, 0.572, 0.612, 0.39, 0.45, 0.458, 0.488, 0.478, 0.38, 0.414, 0.422, 0.338, 0.48, 0.384, 0.33]
[0.442, 0.578, 0.572, 0.612, 0.39, 0.45, 0.458, 0.488, 0.478, 0.38, 0.414, 0.422, 0.338, 0.48, 0.384, 0.33, 0.376]
[0.442, 0.578, 0.572, 0.612, 0.39, 0.45, 0.458, 0.488, 0.478, 0.38, 0.414, 0.422, 0.338, 0.48, 0.384, 0.33, 0.376, 0.554]
[0.442, 0.578, 0.572, 0.612, 0.39, 0.45, 0.458, 0.488, 0.478, 0.38, 0.414, 0.422, 0.338, 0.48, 0.384, 0.33, 0.376, 0.554, 0.498]
[0.442, 0.578, 0.572, 0.612, 0.39, 0.45, 0.458, 0.488, 0.478, 0.38, 0.414, 0.422, 0.338, 0.48, 0.384, 0.33, 0.376, 0.554, 0.498, 0.334]
broken out of loop
Total correct retain:  1227  Total retain:  2500
Total correct forget:  21054  Total forget:  47500
Total correct test:  239  Total test:  500
Total correct forget test:  4212  Total test forget:  9500
[0.478]
[0.478, 0.542]
[0.478, 0.542, 0.564]
[0.478, 0.542, 0.564, 0.612]
[0.478, 0.542, 0.564, 0.612, 0.326]
[0.478, 0.542, 0.564, 0.612, 0.326, 0.506]
[0.478, 0.542, 0.564, 0.612, 0.326, 0.506, 0.472]
[0.478, 0.542, 0.564, 0.612, 0.326, 0.506, 0.472, 0.482]
[0.478, 0.542, 0.564, 0.612, 0.326, 0.506, 0.472, 0.482, 0.442]
[0.478, 0.542, 0.564, 0.612, 0.326, 0.506, 0.472, 0.482, 0.442, 0.366]
[0.478, 0.542, 0.564, 0.612, 0.326, 0.506, 0.472, 0.482, 0.442, 0.366, 0.418]
[0.478, 0.542, 0.564, 0.612, 0.326, 0.506, 0.472, 0.482, 0.442, 0.366, 0.418, 0.432]
[0.478, 0.542, 0.564, 0.612, 0.326, 0.506, 0.472, 0.482, 0.442, 0.366, 0.418, 0.432, 0.356]
[0.478, 0.542, 0.564, 0.612, 0.326, 0.506, 0.472, 0.482, 0.442, 0.366, 0.418, 0.432, 0.356, 0.494]
[0.478, 0.542, 0.564, 0.612, 0.326, 0.506, 0.472, 0.482, 0.442, 0.366, 0.418, 0.432, 0.356, 0.494, 0.376]
[0.478, 0.542, 0.564, 0.612, 0.326, 0.506, 0.472, 0.482, 0.442, 0.366, 0.418, 0.432, 0.356, 0.494, 0.376, 0.334]
[0.478, 0.542, 0.564, 0.612, 0.326, 0.506, 0.472, 0.482, 0.442, 0.366, 0.418, 0.432, 0.356, 0.494, 0.376, 0.334, 0.38]
[0.478, 0.542, 0.564, 0.612, 0.326, 0.506, 0.472, 0.482, 0.442, 0.366, 0.418, 0.432, 0.356, 0.494, 0.376, 0.334, 0.38, 0.512]
[0.478, 0.542, 0.564, 0.612, 0.326, 0.506, 0.472, 0.482, 0.442, 0.366, 0.418, 0.432, 0.356, 0.494, 0.376, 0.334, 0.38, 0.512, 0.53]
[0.478, 0.542, 0.564, 0.612, 0.326, 0.506, 0.472, 0.482, 0.442, 0.366, 0.418, 0.432, 0.356, 0.494, 0.376, 0.334, 0.38, 0.512, 0.53, 0.28]
broken out of loop
Total correct retain:  1253  Total retain:  2500
Total correct forget:  20520  Total forget:  47500
Total correct test:  246  Total test:  500
Total correct forget test:  4125  Total test forget:  9500
[0.492]
[0.492, 0.508]
[0.492, 0.508, 0.564]
[0.492, 0.508, 0.564, 0.432]
[0.492, 0.508, 0.564, 0.432, 0.316]
[0.492, 0.508, 0.564, 0.432, 0.316, 0.522]
[0.492, 0.508, 0.564, 0.432, 0.316, 0.522, 0.44]
[0.492, 0.508, 0.564, 0.432, 0.316, 0.522, 0.44, 0.454]
[0.492, 0.508, 0.564, 0.432, 0.316, 0.522, 0.44, 0.454, 0.438]
[0.492, 0.508, 0.564, 0.432, 0.316, 0.522, 0.44, 0.454, 0.438, 0.356]
[0.492, 0.508, 0.564, 0.432, 0.316, 0.522, 0.44, 0.454, 0.438, 0.356, 0.43]
[0.492, 0.508, 0.564, 0.432, 0.316, 0.522, 0.44, 0.454, 0.438, 0.356, 0.43, 0.424]
[0.492, 0.508, 0.564, 0.432, 0.316, 0.522, 0.44, 0.454, 0.438, 0.356, 0.43, 0.424, 0.352]
[0.492, 0.508, 0.564, 0.432, 0.316, 0.522, 0.44, 0.454, 0.438, 0.356, 0.43, 0.424, 0.352, 0.494]
[0.492, 0.508, 0.564, 0.432, 0.316, 0.522, 0.44, 0.454, 0.438, 0.356, 0.43, 0.424, 0.352, 0.494, 0.394]
[0.492, 0.508, 0.564, 0.432, 0.316, 0.522, 0.44, 0.454, 0.438, 0.356, 0.43, 0.424, 0.352, 0.494, 0.394, 0.36]
[0.492, 0.508, 0.564, 0.432, 0.316, 0.522, 0.44, 0.454, 0.438, 0.356, 0.43, 0.424, 0.352, 0.494, 0.394, 0.36, 0.388]
[0.492, 0.508, 0.564, 0.432, 0.316, 0.522, 0.44, 0.454, 0.438, 0.356, 0.43, 0.424, 0.352, 0.494, 0.394, 0.36, 0.388, 0.534]
[0.492, 0.508, 0.564, 0.432, 0.316, 0.522, 0.44, 0.454, 0.438, 0.356, 0.43, 0.424, 0.352, 0.494, 0.394, 0.36, 0.388, 0.534, 0.522]
[0.492, 0.508, 0.564, 0.432, 0.316, 0.522, 0.44, 0.454, 0.438, 0.356, 0.43, 0.424, 0.352, 0.494, 0.394, 0.36, 0.388, 0.534, 0.522, 0.322]
broken out of loop
Total correct retain:  1213  Total retain:  2500
Total correct forget:  19772  Total forget:  47500
Total correct test:  239  Total test:  500
Total correct forget test:  3996  Total test forget:  9500
[0.478]
[0.478, 0.522]
[0.478, 0.522, 0.484]
[0.478, 0.522, 0.484, 0.48]
[0.478, 0.522, 0.484, 0.48, 0.288]
[0.478, 0.522, 0.484, 0.48, 0.288, 0.514]
[0.478, 0.522, 0.484, 0.48, 0.288, 0.514, 0.462]
[0.478, 0.522, 0.484, 0.48, 0.288, 0.514, 0.462, 0.458]
[0.478, 0.522, 0.484, 0.48, 0.288, 0.514, 0.462, 0.458, 0.412]
[0.478, 0.522, 0.484, 0.48, 0.288, 0.514, 0.462, 0.458, 0.412, 0.36]
[0.478, 0.522, 0.484, 0.48, 0.288, 0.514, 0.462, 0.458, 0.412, 0.36, 0.418]
[0.478, 0.522, 0.484, 0.48, 0.288, 0.514, 0.462, 0.458, 0.412, 0.36, 0.418, 0.426]
[0.478, 0.522, 0.484, 0.48, 0.288, 0.514, 0.462, 0.458, 0.412, 0.36, 0.418, 0.426, 0.372]
[0.478, 0.522, 0.484, 0.48, 0.288, 0.514, 0.462, 0.458, 0.412, 0.36, 0.418, 0.426, 0.372, 0.442]
[0.478, 0.522, 0.484, 0.48, 0.288, 0.514, 0.462, 0.458, 0.412, 0.36, 0.418, 0.426, 0.372, 0.442, 0.354]
[0.478, 0.522, 0.484, 0.48, 0.288, 0.514, 0.462, 0.458, 0.412, 0.36, 0.418, 0.426, 0.372, 0.442, 0.354, 0.306]
[0.478, 0.522, 0.484, 0.48, 0.288, 0.514, 0.462, 0.458, 0.412, 0.36, 0.418, 0.426, 0.372, 0.442, 0.354, 0.306, 0.398]
[0.478, 0.522, 0.484, 0.48, 0.288, 0.514, 0.462, 0.458, 0.412, 0.36, 0.418, 0.426, 0.372, 0.442, 0.354, 0.306, 0.398, 0.482]
[0.478, 0.522, 0.484, 0.48, 0.288, 0.514, 0.462, 0.458, 0.412, 0.36, 0.418, 0.426, 0.372, 0.442, 0.354, 0.306, 0.398, 0.482, 0.536]
[0.478, 0.522, 0.484, 0.48, 0.288, 0.514, 0.462, 0.458, 0.412, 0.36, 0.418, 0.426, 0.372, 0.442, 0.354, 0.306, 0.398, 0.482, 0.536, 0.278]
broken out of loop
Total correct retain:  969  Total retain:  2500
Total correct forget:  13567  Total forget:  47500
Total correct test:  187  Total test:  500
Total correct forget test:  2665  Total test forget:  9500
[0.374]
[0.374, 0.28]
[0.374, 0.28, 0.286]
[0.374, 0.28, 0.286, 0.258]
[0.374, 0.28, 0.286, 0.258, 0.254]
[0.374, 0.28, 0.286, 0.258, 0.254, 0.384]
[0.374, 0.28, 0.286, 0.258, 0.254, 0.384, 0.3]
[0.374, 0.28, 0.286, 0.258, 0.254, 0.384, 0.3, 0.286]
[0.374, 0.28, 0.286, 0.258, 0.254, 0.384, 0.3, 0.286, 0.252]
[0.374, 0.28, 0.286, 0.258, 0.254, 0.384, 0.3, 0.286, 0.252, 0.362]
[0.374, 0.28, 0.286, 0.258, 0.254, 0.384, 0.3, 0.286, 0.252, 0.362, 0.24]
[0.374, 0.28, 0.286, 0.258, 0.254, 0.384, 0.3, 0.286, 0.252, 0.362, 0.24, 0.288]
[0.374, 0.28, 0.286, 0.258, 0.254, 0.384, 0.3, 0.286, 0.252, 0.362, 0.24, 0.288, 0.272]
[0.374, 0.28, 0.286, 0.258, 0.254, 0.384, 0.3, 0.286, 0.252, 0.362, 0.24, 0.288, 0.272, 0.254]
[0.374, 0.28, 0.286, 0.258, 0.254, 0.384, 0.3, 0.286, 0.252, 0.362, 0.24, 0.288, 0.272, 0.254, 0.206]
[0.374, 0.28, 0.286, 0.258, 0.254, 0.384, 0.3, 0.286, 0.252, 0.362, 0.24, 0.288, 0.272, 0.254, 0.206, 0.226]
[0.374, 0.28, 0.286, 0.258, 0.254, 0.384, 0.3, 0.286, 0.252, 0.362, 0.24, 0.288, 0.272, 0.254, 0.206, 0.226, 0.226]
[0.374, 0.28, 0.286, 0.258, 0.254, 0.384, 0.3, 0.286, 0.252, 0.362, 0.24, 0.288, 0.272, 0.254, 0.206, 0.226, 0.226, 0.318]
[0.374, 0.28, 0.286, 0.258, 0.254, 0.384, 0.3, 0.286, 0.252, 0.362, 0.24, 0.288, 0.272, 0.254, 0.206, 0.226, 0.226, 0.318, 0.34]
[0.374, 0.28, 0.286, 0.258, 0.254, 0.384, 0.3, 0.286, 0.252, 0.362, 0.24, 0.288, 0.272, 0.254, 0.206, 0.226, 0.226, 0.318, 0.34, 0.298]
[[0.324, 0.512, 0.322, 0.39, 0.242, 0.432, 0.286, 0.31, 0.33, 0.442, 0.28, 0.258, 0.234, 0.27, 0.276, 0.282, 0.31, 0.384, 0.294, 0.344], [0.336, 0.538, 0.35, 0.444, 0.25, 0.452, 0.322, 0.364, 0.364, 0.444, 0.314, 0.284, 0.252, 0.334, 0.306, 0.288, 0.338, 0.416, 0.33, 0.4], [0.366, 0.502, 0.554, 0.532, 0.326, 0.544, 0.422, 0.518, 0.394, 0.418, 0.354, 0.386, 0.358, 0.504, 0.474, 0.308, 0.39, 0.488, 0.502, 0.252], [0.384, 0.512, 0.546, 0.542, 0.334, 0.54, 0.428, 0.514, 0.4, 0.42, 0.368, 0.4, 0.358, 0.508, 0.476, 0.304, 0.404, 0.506, 0.502, 0.268], [0.394, 0.516, 0.546, 0.544, 0.328, 0.544, 0.432, 0.516, 0.406, 0.42, 0.37, 0.402, 0.358, 0.516, 0.486, 0.304, 0.406, 0.516, 0.508, 0.268], [0.464, 0.572, 0.522, 0.55, 0.328, 0.584, 0.438, 0.496, 0.474, 0.458, 0.396, 0.43, 0.346, 0.55, 0.428, 0.36, 0.396, 0.53, 0.504, 0.37], [0.446, 0.568, 0.534, 0.596, 0.352, 0.606, 0.456, 0.532, 0.446, 0.428, 0.432, 0.436, 0.356, 0.484, 0.434, 0.35, 0.4, 0.528, 0.532, 0.322], [0.432, 0.54, 0.556, 0.594, 0.362, 0.596, 0.464, 0.562, 0.45, 0.42, 0.404, 0.44, 0.38, 0.498, 0.418, 0.36, 0.384, 0.508, 0.526, 0.276], [0.438, 0.554, 0.554, 0.596, 0.36, 0.596, 0.46, 0.552, 0.454, 0.422, 0.4, 0.442, 0.38, 0.498, 0.426, 0.354, 0.376, 0.51, 0.53, 0.274], [0.458, 0.608, 0.53, 0.6, 0.326, 0.62, 0.454, 0.52, 0.456, 0.466, 0.422, 0.426, 0.364, 0.484, 0.428, 0.344, 0.376, 0.526, 0.538, 0.328], [0.45, 0.638, 0.448, 0.586, 0.326, 0.59, 0.478, 0.45, 0.536, 0.388, 0.384, 0.404, 0.32, 0.436, 0.446, 0.328, 0.356, 0.544, 0.482, 0.426], [0.48, 0.63, 0.508, 0.606, 0.344, 0.608, 0.47, 0.476, 0.462, 0.392, 0.416, 0.414, 0.336, 0.46, 0.418, 0.344, 0.382, 0.516, 0.512, 0.408], [0.424, 0.49, 0.578, 0.606, 0.402, 0.626, 0.476, 0.474, 0.394, 0.356, 0.43, 0.42, 0.372, 0.496, 0.356, 0.338, 0.32, 0.48, 0.514, 0.25], [0.482, 0.548, 0.556, 0.61, 0.39, 0.646, 0.468, 0.492, 0.418, 0.364, 0.418, 0.428, 0.358, 0.486, 0.38, 0.334, 0.358, 0.488, 0.522, 0.272], [0.442, 0.578, 0.572, 0.612, 0.39, 0.45, 0.458, 0.488, 0.478, 0.38, 0.414, 0.422, 0.338, 0.48, 0.384, 0.33, 0.376, 0.554, 0.498, 0.334], [0.478, 0.542, 0.564, 0.612, 0.326, 0.506, 0.472, 0.482, 0.442, 0.366, 0.418, 0.432, 0.356, 0.494, 0.376, 0.334, 0.38, 0.512, 0.53, 0.28], [0.492, 0.508, 0.564, 0.432, 0.316, 0.522, 0.44, 0.454, 0.438, 0.356, 0.43, 0.424, 0.352, 0.494, 0.394, 0.36, 0.388, 0.534, 0.522, 0.322], [0.478, 0.522, 0.484, 0.48, 0.288, 0.514, 0.462, 0.458, 0.412, 0.36, 0.418, 0.426, 0.372, 0.442, 0.354, 0.306, 0.398, 0.482, 0.536, 0.278], [0.374, 0.28, 0.286, 0.258, 0.254, 0.384, 0.3, 0.286, 0.252, 0.362, 0.24, 0.288, 0.272, 0.254, 0.206, 0.226, 0.226, 0.318, 0.34, 0.298]]
