Requirement already satisfied: pyyaml in /usr/lib64/python3.12/site-packages (6.0.1)
Requirement already satisfied: setuptools in /usr/lib/python3.12/site-packages (68.2.2)
Requirement already satisfied: matplotlib in /dcs/21/u2145461/.local/lib/python3.12/site-packages (3.10.1)
Requirement already satisfied: contourpy>=1.0.1 in /dcs/21/u2145461/.local/lib/python3.12/site-packages (from matplotlib) (1.3.1)
Requirement already satisfied: cycler>=0.10 in /dcs/21/u2145461/.local/lib/python3.12/site-packages (from matplotlib) (0.12.1)
Requirement already satisfied: fonttools>=4.22.0 in /dcs/21/u2145461/.local/lib/python3.12/site-packages (from matplotlib) (4.56.0)
Requirement already satisfied: kiwisolver>=1.3.1 in /dcs/21/u2145461/.local/lib/python3.12/site-packages (from matplotlib) (1.4.8)
Requirement already satisfied: numpy>=1.23 in /dcs/21/u2145461/.local/lib/python3.12/site-packages (from matplotlib) (2.2.3)
Requirement already satisfied: packaging>=20.0 in /dcs/21/u2145461/.local/lib/python3.12/site-packages (from matplotlib) (24.2)
Requirement already satisfied: pillow>=8 in /dcs/21/u2145461/.local/lib/python3.12/site-packages (from matplotlib) (11.0.0)
Requirement already satisfied: pyparsing>=2.3.1 in /dcs/21/u2145461/.local/lib/python3.12/site-packages (from matplotlib) (3.2.1)
Requirement already satisfied: python-dateutil>=2.7 in /dcs/21/u2145461/.local/lib/python3.12/site-packages (from matplotlib) (2.9.0.post0)
Requirement already satisfied: six>=1.5 in /dcs/21/u2145461/.local/lib/python3.12/site-packages (from python-dateutil>=2.7->matplotlib) (1.17.0)
Requirement already satisfied: quadprog in /dcs/21/u2145461/.local/lib/python3.12/site-packages (0.1.13)
Requirement already satisfied: numpy in /dcs/21/u2145461/.local/lib/python3.12/site-packages (from quadprog) (2.2.3)
Requirement already satisfied: pyparsing in /dcs/21/u2145461/.local/lib/python3.12/site-packages (3.2.1)
Wed Mar  5 21:07:29 2025       
+-----------------------------------------------------------------------------------------+
| NVIDIA-SMI 550.144.03             Driver Version: 550.144.03     CUDA Version: 12.4     |
|-----------------------------------------+------------------------+----------------------+
| GPU  Name                 Persistence-M | Bus-Id          Disp.A | Volatile Uncorr. ECC |
| Fan  Temp   Perf          Pwr:Usage/Cap |           Memory-Usage | GPU-Util  Compute M. |
|                                         |                        |               MIG M. |
|=========================================+========================+======================|
|   0  NVIDIA A10                     On  |   00000000:25:00.0 Off |                    0 |
|  0%   26C    P8             15W /  150W |       1MiB /  23028MiB |      0%      Default |
|                                         |                        |                  N/A |
+-----------------------------------------+------------------------+----------------------+
|   1  NVIDIA A10                     On  |   00000000:81:00.0 Off |                    0 |
|  0%   25C    P8             15W /  150W |       1MiB /  23028MiB |      0%      Default |
|                                         |                        |                  N/A |
+-----------------------------------------+------------------------+----------------------+
|   2  NVIDIA A10                     On  |   00000000:E1:00.0 Off |                    0 |
|  0%   24C    P8              9W /  150W |       1MiB /  23028MiB |      0%      Default |
|                                         |                        |                  N/A |
+-----------------------------------------+------------------------+----------------------+
                                                                                         
+-----------------------------------------------------------------------------------------+
| Processes:                                                                              |
|  GPU   GI   CI        PID   Type   Process name                              GPU Memory |
|        ID   ID                                                               Usage      |
|=========================================================================================|
|  No running processes found                                                             |
+-----------------------------------------------------------------------------------------+
Python 3.12.8
./cifar-100-python/train
./cifar-100-python/test
100
cifar-100-python/train
cifar-100-python/test
new ordering of classes:  ['camel', 'road', 'seal', 'pears', 'chair', 'oranges', 'tiger', 'snail', 'crocodile', 'kangaroo', 'plain', 'castle', 'bear', 'possum', 'lawn-mower', 'shark', 'willow', 'boy', 'snake', 'tractor', 'turtle', 'cloud', 'leopard', 'roses', 'streetcar', 'bus', 'cattle', 'baby', 'oak', 'beetle', 'sweet peppers', 'bed', 'motorcycle', 'mountain', 'couch', 'shrew', 'clock', 'television', 'sea', 'dinosaur', 'tank', 'orchids', 'raccoon', 'hamster', 'trout', 'tulips', 'dolphin', 'lizard', 'lamp', 'flatfish', 'whale', 'bowls', 'palm', 'spider', 'caterpillar', 'butterfly', 'computer keyboard', 'maple', 'bee', 'sunflowers', 'crab', 'skunk', 'chimpanzee', 'poppies', 'fox', 'table', 'ray', 'aquarium fish', 'lobster', 'telephone', 'woman', 'elephant', 'pine', 'man', 'train', 'cockroach', 'apples', 'porcupine', 'skyscraper', 'wolf', 'squirrel', 'house', 'otter', 'bridge', 'rabbit', 'bicycle', 'mushrooms', 'mouse', 'bottles', 'cups', 'lion', 'plates', 'girl', 'rocket', 'worm', 'beaver', 'forest', 'wardrobe', 'pickup truck', 'cans']
Training task:  1
Training task:  2
Training task:  3
Training task:  4
Training task:  5
Training task:  6
Training task:  7
Training task:  8
Training task:  9
Training task:  10
Training task:  11
Training task:  12
Training task:  13
Training task:  14
Training task:  15
Training task:  16
Training task:  17
Training task:  18
Training task:  19
Training task:  20
Unlearning task:  20
Total correct retain:  1750  Total retain:  2500
Total correct forget:  36890  Total forget:  47500
Total correct test:  334  Total test:  500
Total correct forget test:  6392  Total test forget:  9500
Total correct retain:  509  Total retain:  2500
Total correct forget:  9651  Total forget:  47500
Total correct test:  104  Total test:  500
Total correct forget test:  1917  Total test forget:  9500
Total correct retain:  523  Total retain:  2500
Total correct forget:  9617  Total forget:  47500
Total correct test:  105  Total test:  500
Total correct forget test:  1906  Total test forget:  9500
Total correct retain:  482  Total retain:  2500
Total correct forget:  10095  Total forget:  47500
Total correct test:  94  Total test:  500
Total correct forget test:  2017  Total test forget:  9500
Total correct retain:  500  Total retain:  2500
Total correct forget:  9500  Total forget:  47500
Total correct test:  100  Total test:  500
Total correct forget test:  1900  Total test forget:  9500
Total correct retain:  500  Total retain:  2500
Total correct forget:  9500  Total forget:  47500
Total correct test:  100  Total test:  500
Total correct forget test:  1900  Total test forget:  9500
Total correct retain:  500  Total retain:  2500
Total correct forget:  9500  Total forget:  47500
Total correct test:  100  Total test:  500
Total correct forget test:  1900  Total test forget:  9500
