Requirement already satisfied: pyyaml in /usr/lib64/python3.12/site-packages (6.0.1)
Requirement already satisfied: setuptools in /usr/lib/python3.12/site-packages (68.2.2)
Requirement already satisfied: matplotlib in /dcs/21/u2123566/.local/lib/python3.12/site-packages (3.10.1)
Requirement already satisfied: contourpy>=1.0.1 in /dcs/21/u2123566/.local/lib/python3.12/site-packages (from matplotlib) (1.3.2)
Requirement already satisfied: cycler>=0.10 in /dcs/21/u2123566/.local/lib/python3.12/site-packages (from matplotlib) (0.12.1)
Requirement already satisfied: fonttools>=4.22.0 in /dcs/21/u2123566/.local/lib/python3.12/site-packages (from matplotlib) (4.57.0)
Requirement already satisfied: kiwisolver>=1.3.1 in /dcs/21/u2123566/.local/lib/python3.12/site-packages (from matplotlib) (1.4.8)
Requirement already satisfied: numpy>=1.23 in /dcs/21/u2123566/.local/lib/python3.12/site-packages (from matplotlib) (2.2.4)
Requirement already satisfied: packaging>=20.0 in /dcs/21/u2123566/.local/lib/python3.12/site-packages (from matplotlib) (24.2)
Requirement already satisfied: pillow>=8 in /dcs/21/u2123566/.local/lib/python3.12/site-packages (from matplotlib) (11.2.1)
Requirement already satisfied: pyparsing>=2.3.1 in /dcs/21/u2123566/.local/lib/python3.12/site-packages (from matplotlib) (3.2.3)
Requirement already satisfied: python-dateutil>=2.7 in /dcs/21/u2123566/.local/lib/python3.12/site-packages (from matplotlib) (2.9.0.post0)
Requirement already satisfied: six>=1.5 in /dcs/21/u2123566/.local/lib/python3.12/site-packages (from python-dateutil>=2.7->matplotlib) (1.17.0)
Requirement already satisfied: quadprog in /dcs/21/u2123566/.local/lib/python3.12/site-packages (0.1.13)
Requirement already satisfied: numpy in /dcs/21/u2123566/.local/lib/python3.12/site-packages (from quadprog) (2.2.4)
Requirement already satisfied: pyparsing in /dcs/21/u2123566/.local/lib/python3.12/site-packages (3.2.3)
Requirement already satisfied: pandas in /dcs/21/u2123566/.local/lib/python3.12/site-packages (2.2.3)
Requirement already satisfied: numpy>=1.26.0 in /dcs/21/u2123566/.local/lib/python3.12/site-packages (from pandas) (2.2.4)
Requirement already satisfied: python-dateutil>=2.8.2 in /dcs/21/u2123566/.local/lib/python3.12/site-packages (from pandas) (2.9.0.post0)
Requirement already satisfied: pytz>=2020.1 in /dcs/21/u2123566/.local/lib/python3.12/site-packages (from pandas) (2025.2)
Requirement already satisfied: tzdata>=2022.7 in /dcs/21/u2123566/.local/lib/python3.12/site-packages (from pandas) (2025.2)
Requirement already satisfied: six>=1.5 in /dcs/21/u2123566/.local/lib/python3.12/site-packages (from python-dateutil>=2.8.2->pandas) (1.17.0)
Requirement already satisfied: numpy in /dcs/21/u2123566/.local/lib/python3.12/site-packages (2.2.4)
Looking in indexes: https://download.pytorch.org/whl/cu118
Collecting torch==2.2.0+cu118
  Downloading https://download.pytorch.org/whl/cu118/torch-2.2.0%2Bcu118-cp312-cp312-linux_x86_64.whl (811.6 MB)
     ━━━━━━━━━━━━━━━━━━━━━━━━━━━━━━━━━━━━━━━ 811.6/811.6 MB 1.2 MB/s eta 0:00:00
Collecting torchvision==0.17.0+cu118
  Downloading https://download.pytorch.org/whl/cu118/torchvision-0.17.0%2Bcu118-cp312-cp312-linux_x86_64.whl (6.2 MB)
     ━━━━━━━━━━━━━━━━━━━━━━━━━━━━━━━━━━━━━━━━ 6.2/6.2 MB 4.4 MB/s eta 0:00:00
Collecting torchaudio==2.2.0+cu118
  Downloading https://download.pytorch.org/whl/cu118/torchaudio-2.2.0%2Bcu118-cp312-cp312-linux_x86_64.whl (3.3 MB)
     ━━━━━━━━━━━━━━━━━━━━━━━━━━━━━━━━━━━━━━━━ 3.3/3.3 MB 11.8 MB/s eta 0:00:00
Collecting filelock (from torch==2.2.0+cu118)
  Obtaining dependency information for filelock from https://download.pytorch.org/whl/filelock-3.13.1-py3-none-any.whl.metadata
  Downloading https://download.pytorch.org/whl/filelock-3.13.1-py3-none-any.whl.metadata (2.8 kB)
Collecting typing-extensions>=4.8.0 (from torch==2.2.0+cu118)
  Obtaining dependency information for typing-extensions>=4.8.0 from https://download.pytorch.org/whl/typing_extensions-4.12.2-py3-none-any.whl.metadata
  Downloading https://download.pytorch.org/whl/typing_extensions-4.12.2-py3-none-any.whl.metadata (3.0 kB)
Collecting sympy (from torch==2.2.0+cu118)
  Downloading https://download.pytorch.org/whl/sympy-1.13.1-py3-none-any.whl (6.2 MB)
     ━━━━━━━━━━━━━━━━━━━━━━━━━━━━━━━━━━━━━━━━ 6.2/6.2 MB 26.8 MB/s eta 0:00:00
Collecting networkx (from torch==2.2.0+cu118)
  Obtaining dependency information for networkx from https://download.pytorch.org/whl/networkx-3.3-py3-none-any.whl.metadata
  Downloading https://download.pytorch.org/whl/networkx-3.3-py3-none-any.whl.metadata (5.1 kB)
Collecting jinja2 (from torch==2.2.0+cu118)
  Obtaining dependency information for jinja2 from https://download.pytorch.org/whl/Jinja2-3.1.4-py3-none-any.whl.metadata
  Downloading https://download.pytorch.org/whl/Jinja2-3.1.4-py3-none-any.whl.metadata (2.6 kB)
Collecting fsspec (from torch==2.2.0+cu118)
  Obtaining dependency information for fsspec from https://download.pytorch.org/whl/fsspec-2024.6.1-py3-none-any.whl.metadata
  Downloading https://download.pytorch.org/whl/fsspec-2024.6.1-py3-none-any.whl.metadata (11 kB)
Collecting nvidia-cuda-nvrtc-cu11==11.8.89 (from torch==2.2.0+cu118)
  Downloading https://download.pytorch.org/whl/cu118/nvidia_cuda_nvrtc_cu11-11.8.89-py3-none-manylinux1_x86_64.whl (23.2 MB)
     ━━━━━━━━━━━━━━━━━━━━━━━━━━━━━━━━━━━━━━━━ 23.2/23.2 MB 10.7 MB/s eta 0:00:00
Collecting nvidia-cuda-runtime-cu11==11.8.89 (from torch==2.2.0+cu118)
  Downloading https://download.pytorch.org/whl/cu118/nvidia_cuda_runtime_cu11-11.8.89-py3-none-manylinux1_x86_64.whl (875 kB)
     ━━━━━━━━━━━━━━━━━━━━━━━━━━━━━━━━━━━━━━ 875.6/875.6 kB 29.1 MB/s eta 0:00:00
Collecting nvidia-cuda-cupti-cu11==11.8.87 (from torch==2.2.0+cu118)
  Downloading https://download.pytorch.org/whl/cu118/nvidia_cuda_cupti_cu11-11.8.87-py3-none-manylinux1_x86_64.whl (13.1 MB)
     ━━━━━━━━━━━━━━━━━━━━━━━━━━━━━━━━━━━━━━━━ 13.1/13.1 MB 25.3 MB/s eta 0:00:00
Collecting nvidia-cudnn-cu11==8.7.0.84 (from torch==2.2.0+cu118)
  Downloading https://download.pytorch.org/whl/cu118/nvidia_cudnn_cu11-8.7.0.84-py3-none-manylinux1_x86_64.whl (728.5 MB)
     ━━━━━━━━━━━━━━━━━━━━━━━━━━━━━━━━━━━━━━━ 728.5/728.5 MB 1.2 MB/s eta 0:00:00
Collecting nvidia-cublas-cu11==11.11.3.6 (from torch==2.2.0+cu118)
  Downloading https://download.pytorch.org/whl/cu118/nvidia_cublas_cu11-11.11.3.6-py3-none-manylinux1_x86_64.whl (417.9 MB)
     ━━━━━━━━━━━━━━━━━━━━━━━━━━━━━━━━━━━━━━━ 417.9/417.9 MB 1.7 MB/s eta 0:00:00
Collecting nvidia-cufft-cu11==10.9.0.58 (from torch==2.2.0+cu118)
  Downloading https://download.pytorch.org/whl/cu118/nvidia_cufft_cu11-10.9.0.58-py3-none-manylinux1_x86_64.whl (168.4 MB)
     ━━━━━━━━━━━━━━━━━━━━━━━━━━━━━━━━━━━━━━━ 168.4/168.4 MB 5.3 MB/s eta 0:00:00
Collecting nvidia-curand-cu11==10.3.0.86 (from torch==2.2.0+cu118)
  Downloading https://download.pytorch.org/whl/cu118/nvidia_curand_cu11-10.3.0.86-py3-none-manylinux1_x86_64.whl (58.1 MB)
     ━━━━━━━━━━━━━━━━━━━━━━━━━━━━━━━━━━━━━━━━ 58.1/58.1 MB 7.0 MB/s eta 0:00:00
Collecting nvidia-cusolver-cu11==11.4.1.48 (from torch==2.2.0+cu118)
  Downloading https://download.pytorch.org/whl/cu118/nvidia_cusolver_cu11-11.4.1.48-py3-none-manylinux1_x86_64.whl (128.2 MB)
     ━━━━━━━━━━━━━━━━━━━━━━━━━━━━━━━━━━━━━━━ 128.2/128.2 MB 8.2 MB/s eta 0:00:00
Collecting nvidia-cusparse-cu11==11.7.5.86 (from torch==2.2.0+cu118)
  Downloading https://download.pytorch.org/whl/cu118/nvidia_cusparse_cu11-11.7.5.86-py3-none-manylinux1_x86_64.whl (204.1 MB)
     ━━━━━━━━━━━━━━━━━━━━━━━━━━━━━━━━━━━━━━━ 204.1/204.1 MB 3.9 MB/s eta 0:00:00
Collecting nvidia-nccl-cu11==2.19.3 (from torch==2.2.0+cu118)
  Downloading https://download.pytorch.org/whl/cu118/nvidia_nccl_cu11-2.19.3-py3-none-manylinux1_x86_64.whl (135.3 MB)
     ━━━━━━━━━━━━━━━━━━━━━━━━━━━━━━━━━━━━━━━ 135.3/135.3 MB 6.7 MB/s eta 0:00:00
Collecting nvidia-nvtx-cu11==11.8.86 (from torch==2.2.0+cu118)
  Downloading https://download.pytorch.org/whl/cu118/nvidia_nvtx_cu11-11.8.86-py3-none-manylinux1_x86_64.whl (99 kB)
     ━━━━━━━━━━━━━━━━━━━━━━━━━━━━━━━━━━━━━━━━ 99.1/99.1 kB 5.7 MB/s eta 0:00:00
Requirement already satisfied: numpy in /dcs/21/u2123566/.local/lib/python3.12/site-packages (from torchvision==0.17.0+cu118) (2.2.4)
Requirement already satisfied: requests in /usr/lib/python3.12/site-packages (from torchvision==0.17.0+cu118) (2.28.2)
Requirement already satisfied: pillow!=8.3.*,>=5.3.0 in /dcs/21/u2123566/.local/lib/python3.12/site-packages (from torchvision==0.17.0+cu118) (11.2.1)
Collecting MarkupSafe>=2.0 (from jinja2->torch==2.2.0+cu118)
  Downloading https://download.pytorch.org/whl/MarkupSafe-2.1.5-cp312-cp312-manylinux_2_17_x86_64.manylinux2014_x86_64.whl (28 kB)
Requirement already satisfied: charset_normalizer<4,>=2 in /usr/lib/python3.12/site-packages (from requests->torchvision==0.17.0+cu118) (3.3.0)
Requirement already satisfied: idna<4,>=2.5 in /usr/lib/python3.12/site-packages (from requests->torchvision==0.17.0+cu118) (3.4)
Requirement already satisfied: urllib3<1.27,>=1.21.1 in /usr/lib/python3.12/site-packages (from requests->torchvision==0.17.0+cu118) (1.26.19)
Collecting mpmath<1.4,>=1.1.0 (from sympy->torch==2.2.0+cu118)
  Downloading https://download.pytorch.org/whl/mpmath-1.3.0-py3-none-any.whl (536 kB)
     ━━━━━━━━━━━━━━━━━━━━━━━━━━━━━━━━━━━━━━ 536.2/536.2 kB 24.1 MB/s eta 0:00:00
Downloading https://download.pytorch.org/whl/typing_extensions-4.12.2-py3-none-any.whl (37 kB)
Downloading https://download.pytorch.org/whl/filelock-3.13.1-py3-none-any.whl (11 kB)
Downloading https://download.pytorch.org/whl/fsspec-2024.6.1-py3-none-any.whl (177 kB)
   ━━━━━━━━━━━━━━━━━━━━━━━━━━━━━━━━━━━━━━━━ 177.6/177.6 kB 10.4 MB/s eta 0:00:00
Downloading https://download.pytorch.org/whl/Jinja2-3.1.4-py3-none-any.whl (133 kB)
   ━━━━━━━━━━━━━━━━━━━━━━━━━━━━━━━━━━━━━━━━ 133.3/133.3 kB 9.9 MB/s eta 0:00:00
Downloading https://download.pytorch.org/whl/networkx-3.3-py3-none-any.whl (1.7 MB)
   ━━━━━━━━━━━━━━━━━━━━━━━━━━━━━━━━━━━━━━━━ 1.7/1.7 MB 26.6 MB/s eta 0:00:00
Installing collected packages: mpmath, typing-extensions, sympy, nvidia-nvtx-cu11, nvidia-nccl-cu11, nvidia-cusparse-cu11, nvidia-curand-cu11, nvidia-cufft-cu11, nvidia-cuda-runtime-cu11, nvidia-cuda-nvrtc-cu11, nvidia-cuda-cupti-cu11, nvidia-cublas-cu11, networkx, MarkupSafe, fsspec, filelock, nvidia-cusolver-cu11, nvidia-cudnn-cu11, jinja2, torch, torchvision, torchaudio
Successfully installed MarkupSafe-2.1.5 filelock-3.13.1 fsspec-2024.6.1 jinja2-3.1.4 mpmath-1.3.0 networkx-3.3 nvidia-cublas-cu11-11.11.3.6 nvidia-cuda-cupti-cu11-11.8.87 nvidia-cuda-nvrtc-cu11-11.8.89 nvidia-cuda-runtime-cu11-11.8.89 nvidia-cudnn-cu11-8.7.0.84 nvidia-cufft-cu11-10.9.0.58 nvidia-curand-cu11-10.3.0.86 nvidia-cusolver-cu11-11.4.1.48 nvidia-cusparse-cu11-11.7.5.86 nvidia-nccl-cu11-2.19.3 nvidia-nvtx-cu11-11.8.86 sympy-1.13.1 torch-2.2.0+cu118 torchaudio-2.2.0+cu118 torchvision-0.17.0+cu118 typing-extensions-4.12.2
Fri Apr 18 20:13:43 2025       
+-----------------------------------------------------------------------------------------+
| NVIDIA-SMI 550.144.03             Driver Version: 550.144.03     CUDA Version: 12.4     |
|-----------------------------------------+------------------------+----------------------+
| GPU  Name                 Persistence-M | Bus-Id          Disp.A | Volatile Uncorr. ECC |
| Fan  Temp   Perf          Pwr:Usage/Cap |           Memory-Usage | GPU-Util  Compute M. |
|                                         |                        |               MIG M. |
|=========================================+========================+======================|
|   0  NVIDIA RTX A5000               Off |   00000000:01:00.0 Off |                  Off |
| 30%   47C    P0             N/A /  230W |       1MiB /  24564MiB |      0%      Default |
|                                         |                        |                  N/A |
+-----------------------------------------+------------------------+----------------------+
                                                                                         
+-----------------------------------------------------------------------------------------+
| Processes:                                                                              |
|  GPU   GI   CI        PID   Type   Process name                              GPU Memory |
|        ID   ID                                                               Usage      |
|=========================================================================================|
|  No running processes found                                                             |
+-----------------------------------------------------------------------------------------+
Python 3.12.8
Fri Apr 18 20:13:49 2025       
+-----------------------------------------------------------------------------------------+
| NVIDIA-SMI 550.144.03             Driver Version: 550.144.03     CUDA Version: 12.4     |
|-----------------------------------------+------------------------+----------------------+
| GPU  Name                 Persistence-M | Bus-Id          Disp.A | Volatile Uncorr. ECC |
| Fan  Temp   Perf          Pwr:Usage/Cap |           Memory-Usage | GPU-Util  Compute M. |
|                                         |                        |               MIG M. |
|=========================================+========================+======================|
|   0  NVIDIA RTX A5000               Off |   00000000:01:00.0 Off |                  Off |
| 30%   47C    P0             N/A /  230W |       1MiB /  24564MiB |      0%      Default |
|                                         |                        |                  N/A |
+-----------------------------------------+------------------------+----------------------+
                                                                                         
+-----------------------------------------------------------------------------------------+
| Processes:                                                                              |
|  GPU   GI   CI        PID   Type   Process name                              GPU Memory |
|        ID   ID                                                               Usage      |
|=========================================================================================|
|  No running processes found                                                             |
+-----------------------------------------------------------------------------------------+
Command line arguments:
number_of_gpus: 1
algorithm: neggem
alpha: 0
learn_mem_strength: 0.5
learn_batch_size: 10
unlearn_mem_strength: 0.5
unlearn_batch_size: 8
average_over_n_runs: 3
salun: 1
salun_strength: 0.5
./cifar-100-python/train
./cifar-100-python/test
Number of GPUs visible:  1
Available GPUs:  1
Python 3.12.8
Fri Apr 18 20:14:49 2025       
+-----------------------------------------------------------------------------------------+
| NVIDIA-SMI 550.144.03             Driver Version: 550.144.03     CUDA Version: 12.4     |
|-----------------------------------------+------------------------+----------------------+
| GPU  Name                 Persistence-M | Bus-Id          Disp.A | Volatile Uncorr. ECC |
| Fan  Temp   Perf          Pwr:Usage/Cap |           Memory-Usage | GPU-Util  Compute M. |
|                                         |                        |               MIG M. |
|=========================================+========================+======================|
|   0  NVIDIA RTX A5000               Off |   00000000:01:00.0 Off |                  Off |
| 30%   50C    P0             N/A /  230W |       1MiB /  24564MiB |      0%      Default |
|                                         |                        |                  N/A |
+-----------------------------------------+------------------------+----------------------+
                                                                                         
+-----------------------------------------------------------------------------------------+
| Processes:                                                                              |
|  GPU   GI   CI        PID   Type   Process name                              GPU Memory |
|        ID   ID                                                               Usage      |
|=========================================================================================|
|  No running processes found                                                             |
+-----------------------------------------------------------------------------------------+
Command line arguments:
number_of_gpus: 1
algorithm: negagem
alpha: 0
learn_mem_strength: 0.5
learn_batch_size: 10
unlearn_mem_strength: 0.5
unlearn_batch_size: 8
average_over_n_runs: 3
salun: 1
salun_strength: 0.5
./cifar-100-python/train
./cifar-100-python/test
Number of GPUs visible:  1
Available GPUs:  1
Python 3.12.8
Fri Apr 18 20:15:48 2025       
+-----------------------------------------------------------------------------------------+
| NVIDIA-SMI 550.144.03             Driver Version: 550.144.03     CUDA Version: 12.4     |
|-----------------------------------------+------------------------+----------------------+
| GPU  Name                 Persistence-M | Bus-Id          Disp.A | Volatile Uncorr. ECC |
| Fan  Temp   Perf          Pwr:Usage/Cap |           Memory-Usage | GPU-Util  Compute M. |
|                                         |                        |               MIG M. |
|=========================================+========================+======================|
|   0  NVIDIA RTX A5000               Off |   00000000:01:00.0 Off |                  Off |
| 30%   52C    P0             N/A /  230W |       1MiB /  24564MiB |      0%      Default |
|                                         |                        |                  N/A |
+-----------------------------------------+------------------------+----------------------+
                                                                                         
+-----------------------------------------------------------------------------------------+
| Processes:                                                                              |
|  GPU   GI   CI        PID   Type   Process name                              GPU Memory |
|        ID   ID                                                               Usage      |
|=========================================================================================|
|  No running processes found                                                             |
+-----------------------------------------------------------------------------------------+
Command line arguments:
number_of_gpus: 1
algorithm: RL-GEM
alpha: 0
learn_mem_strength: 0.5
learn_batch_size: 10
unlearn_mem_strength: 0.5
unlearn_batch_size: 8
average_over_n_runs: 3
salun: 1
salun_strength: 0.5
./cifar-100-python/train
./cifar-100-python/test
Number of GPUs visible:  1
Available GPUs:  1
Python 3.12.8
Fri Apr 18 20:16:46 2025       
+-----------------------------------------------------------------------------------------+
| NVIDIA-SMI 550.144.03             Driver Version: 550.144.03     CUDA Version: 12.4     |
|-----------------------------------------+------------------------+----------------------+
| GPU  Name                 Persistence-M | Bus-Id          Disp.A | Volatile Uncorr. ECC |
| Fan  Temp   Perf          Pwr:Usage/Cap |           Memory-Usage | GPU-Util  Compute M. |
|                                         |                        |               MIG M. |
|=========================================+========================+======================|
|   0  NVIDIA RTX A5000               Off |   00000000:01:00.0 Off |                  Off |
| 30%   53C    P0             N/A /  230W |       1MiB /  24564MiB |      0%      Default |
|                                         |                        |                  N/A |
+-----------------------------------------+------------------------+----------------------+
                                                                                         
+-----------------------------------------------------------------------------------------+
| Processes:                                                                              |
|  GPU   GI   CI        PID   Type   Process name                              GPU Memory |
|        ID   ID                                                               Usage      |
|=========================================================================================|
|  No running processes found                                                             |
+-----------------------------------------------------------------------------------------+
Command line arguments:
number_of_gpus: 1
algorithm: RL-AGEM
alpha: 0
learn_mem_strength: 0.5
learn_batch_size: 10
unlearn_mem_strength: 0.5
unlearn_batch_size: 8
average_over_n_runs: 3
salun: 1
salun_strength: 0.5
./cifar-100-python/train
./cifar-100-python/test
Number of GPUs visible:  1
Available GPUs:  1
Python 3.12.8
Fri Apr 18 20:17:46 2025       
+-----------------------------------------------------------------------------------------+
| NVIDIA-SMI 550.144.03             Driver Version: 550.144.03     CUDA Version: 12.4     |
|-----------------------------------------+------------------------+----------------------+
| GPU  Name                 Persistence-M | Bus-Id          Disp.A | Volatile Uncorr. ECC |
| Fan  Temp   Perf          Pwr:Usage/Cap |           Memory-Usage | GPU-Util  Compute M. |
|                                         |                        |               MIG M. |
|=========================================+========================+======================|
|   0  NVIDIA RTX A5000               Off |   00000000:01:00.0 Off |                  Off |
| 30%   54C    P0             N/A /  230W |       1MiB /  24564MiB |      0%      Default |
|                                         |                        |                  N/A |
+-----------------------------------------+------------------------+----------------------+
                                                                                         
+-----------------------------------------------------------------------------------------+
| Processes:                                                                              |
|  GPU   GI   CI        PID   Type   Process name                              GPU Memory |
|        ID   ID                                                               Usage      |
|=========================================================================================|
|  No running processes found                                                             |
+-----------------------------------------------------------------------------------------+
Command line arguments:
number_of_gpus: 1
algorithm: ALT-NEGGEM
alpha: 0
learn_mem_strength: 0.5
learn_batch_size: 10
unlearn_mem_strength: 0.5
unlearn_batch_size: 8
average_over_n_runs: 3
salun: 1
salun_strength: 0.5
./cifar-100-python/train
./cifar-100-python/test
Number of GPUs visible:  1
Available GPUs:  1
Python 3.12.8
Fri Apr 18 20:18:46 2025       
+-----------------------------------------------------------------------------------------+
| NVIDIA-SMI 550.144.03             Driver Version: 550.144.03     CUDA Version: 12.4     |
|-----------------------------------------+------------------------+----------------------+
| GPU  Name                 Persistence-M | Bus-Id          Disp.A | Volatile Uncorr. ECC |
| Fan  Temp   Perf          Pwr:Usage/Cap |           Memory-Usage | GPU-Util  Compute M. |
|                                         |                        |               MIG M. |
|=========================================+========================+======================|
|   0  NVIDIA RTX A5000               Off |   00000000:01:00.0 Off |                  Off |
| 30%   54C    P0             N/A /  230W |       1MiB /  24564MiB |      0%      Default |
|                                         |                        |                  N/A |
+-----------------------------------------+------------------------+----------------------+
                                                                                         
+-----------------------------------------------------------------------------------------+
| Processes:                                                                              |
|  GPU   GI   CI        PID   Type   Process name                              GPU Memory |
|        ID   ID                                                               Usage      |
|=========================================================================================|
|  No running processes found                                                             |
+-----------------------------------------------------------------------------------------+
Command line arguments:
number_of_gpus: 1
algorithm: neggrad
alpha: 0.5
learn_mem_strength: 0.5
learn_batch_size: 10
unlearn_mem_strength: 0.5
unlearn_batch_size: 8
average_over_n_runs: 3
salun: 1
salun_strength: 0.5
./cifar-100-python/train
./cifar-100-python/test
Number of GPUs visible:  1
Available GPUs:  1
