Requirement already satisfied: pyyaml in /usr/lib64/python3.12/site-packages (6.0.1)
Requirement already satisfied: setuptools in /usr/lib/python3.12/site-packages (68.2.2)
Requirement already satisfied: matplotlib in /dcs/21/u2145461/.local/lib/python3.12/site-packages (3.10.1)
Requirement already satisfied: contourpy>=1.0.1 in /dcs/21/u2145461/.local/lib/python3.12/site-packages (from matplotlib) (1.3.1)
Requirement already satisfied: cycler>=0.10 in /dcs/21/u2145461/.local/lib/python3.12/site-packages (from matplotlib) (0.12.1)
Requirement already satisfied: fonttools>=4.22.0 in /dcs/21/u2145461/.local/lib/python3.12/site-packages (from matplotlib) (4.56.0)
Requirement already satisfied: kiwisolver>=1.3.1 in /dcs/21/u2145461/.local/lib/python3.12/site-packages (from matplotlib) (1.4.8)
Requirement already satisfied: numpy>=1.23 in /dcs/21/u2145461/.local/lib/python3.12/site-packages (from matplotlib) (2.2.3)
Requirement already satisfied: packaging>=20.0 in /dcs/21/u2145461/.local/lib/python3.12/site-packages (from matplotlib) (24.2)
Requirement already satisfied: pillow>=8 in /dcs/21/u2145461/.local/lib/python3.12/site-packages (from matplotlib) (11.0.0)
Requirement already satisfied: pyparsing>=2.3.1 in /dcs/21/u2145461/.local/lib/python3.12/site-packages (from matplotlib) (3.2.1)
Requirement already satisfied: python-dateutil>=2.7 in /dcs/21/u2145461/.local/lib/python3.12/site-packages (from matplotlib) (2.9.0.post0)
Requirement already satisfied: six>=1.5 in /dcs/21/u2145461/.local/lib/python3.12/site-packages (from python-dateutil>=2.7->matplotlib) (1.17.0)
Requirement already satisfied: quadprog in /dcs/21/u2145461/.local/lib/python3.12/site-packages (0.1.13)
Requirement already satisfied: numpy in /dcs/21/u2145461/.local/lib/python3.12/site-packages (from quadprog) (2.2.3)
Requirement already satisfied: pyparsing in /dcs/21/u2145461/.local/lib/python3.12/site-packages (3.2.1)
Requirement already satisfied: pandas in /dcs/21/u2145461/.local/lib/python3.12/site-packages (2.2.3)
Requirement already satisfied: numpy>=1.26.0 in /dcs/21/u2145461/.local/lib/python3.12/site-packages (from pandas) (2.2.3)
Requirement already satisfied: python-dateutil>=2.8.2 in /dcs/21/u2145461/.local/lib/python3.12/site-packages (from pandas) (2.9.0.post0)
Requirement already satisfied: pytz>=2020.1 in /dcs/21/u2145461/.local/lib/python3.12/site-packages (from pandas) (2025.1)
Requirement already satisfied: tzdata>=2022.7 in /dcs/21/u2145461/.local/lib/python3.12/site-packages (from pandas) (2025.1)
Requirement already satisfied: six>=1.5 in /dcs/21/u2145461/.local/lib/python3.12/site-packages (from python-dateutil>=2.8.2->pandas) (1.17.0)
Requirement already satisfied: numpy in /dcs/21/u2145461/.local/lib/python3.12/site-packages (2.2.3)
Sun Apr  6 18:00:36 2025       
+-----------------------------------------------------------------------------------------+
| NVIDIA-SMI 550.144.03             Driver Version: 550.144.03     CUDA Version: 12.4     |
|-----------------------------------------+------------------------+----------------------+
| GPU  Name                 Persistence-M | Bus-Id          Disp.A | Volatile Uncorr. ECC |
| Fan  Temp   Perf          Pwr:Usage/Cap |           Memory-Usage | GPU-Util  Compute M. |
|                                         |                        |               MIG M. |
|=========================================+========================+======================|
|   0  NVIDIA A10                     On  |   00000000:81:00.0 Off |                    0 |
|  0%   23C    P8             14W /  150W |       1MiB /  23028MiB |      0%      Default |
|                                         |                        |                  N/A |
+-----------------------------------------+------------------------+----------------------+
                                                                                         
+-----------------------------------------------------------------------------------------+
| Processes:                                                                              |
|  GPU   GI   CI        PID   Type   Process name                              GPU Memory |
|        ID   ID                                                               Usage      |
|=========================================================================================|
|  No running processes found                                                             |
+-----------------------------------------------------------------------------------------+
Python 3.12.8
./cifar-100-python/train
./cifar-100-python/test
Unlearn Batch Size:  16
Unlearn MEM Strength:  0.6
cifar-100-python/train
cifar-100-python/test
new ordering of classes:  ['man', 'chair', 'mushrooms', 'bridge', 'hamster', 'cockroach', 'mountain', 'crab', 'lobster', 'butterfly', 'bed', 'plain', 'turtle', 'house', 'sunflowers', 'possum', 'dinosaur', 'whale', 'cans', 'elephant', 'sweet peppers', 'dolphin', 'oak', 'pickup truck', 'wolf', 'motorcycle', 'couch', 'crocodile', 'snail', 'pears', 'bus', 'squirrel', 'skyscraper', 'apples', 'flatfish', 'clock', 'camel', 'woman', 'tank', 'porcupine', 'aquarium fish', 'tulips', 'mouse', 'beaver', 'palm', 'lizard', 'computer keyboard', 'bottles', 'telephone', 'wardrobe', 'tractor', 'forest', 'bowls', 'orchids', 'bee', 'maple', 'worm', 'train', 'girl', 'pine', 'shark', 'fox', 'baby', 'trout', 'ray', 'spider', 'caterpillar', 'roses', 'beetle', 'willow', 'tiger', 'poppies', 'leopard', 'cattle', 'cloud', 'lamp', 'kangaroo', 'boy', 'lawn-mower', 'streetcar', 'road', 'cups', 'chimpanzee', 'seal', 'bear', 'sea', 'raccoon', 'lion', 'rocket', 'shrew', 'television', 'snake', 'oranges', 'table', 'skunk', 'castle', 'otter', 'plates', 'rabbit', 'bicycle']
Training task:  1
[0.658, 0.106, 0.196, 0.174, 0.138, 0.27, 0.212, 0.196, 0.132, 0.2, 0.266, 0.198, 0.168, 0.158, 0.162, 0.238, 0.18, 0.2, 0.222, 0.248]
Training task:  2
[0.538, 0.662, 0.192, 0.242, 0.192, 0.158, 0.124, 0.164, 0.178, 0.208, 0.182, 0.2, 0.134, 0.144, 0.206, 0.278, 0.246, 0.2, 0.29, 0.234]
Training task:  3
[0.534, 0.626, 0.834, 0.172, 0.196, 0.214, 0.166, 0.2, 0.21, 0.206, 0.196, 0.18, 0.208, 0.208, 0.22, 0.186, 0.18, 0.208, 0.252, 0.27]
Training task:  4
[0.462, 0.576, 0.658, 0.564, 0.196, 0.232, 0.132, 0.178, 0.116, 0.19, 0.176, 0.198, 0.168, 0.226, 0.198, 0.206, 0.128, 0.334, 0.162, 0.248]
Training task:  5
[0.58, 0.674, 0.78, 0.602, 0.84, 0.19, 0.116, 0.146, 0.15, 0.198, 0.22, 0.204, 0.112, 0.218, 0.168, 0.27, 0.182, 0.31, 0.224, 0.188]
Training task:  6
[0.552, 0.652, 0.72, 0.566, 0.788, 0.788, 0.12, 0.218, 0.166, 0.21, 0.268, 0.202, 0.142, 0.202, 0.188, 0.194, 0.21, 0.252, 0.238, 0.234]
Training task:  7
[0.6, 0.658, 0.738, 0.54, 0.804, 0.732, 0.876, 0.21, 0.128, 0.23, 0.252, 0.226, 0.154, 0.276, 0.174, 0.168, 0.186, 0.196, 0.258, 0.236]
Training task:  8
[0.626, 0.644, 0.728, 0.558, 0.782, 0.712, 0.812, 0.734, 0.148, 0.206, 0.19, 0.23, 0.162, 0.208, 0.15, 0.156, 0.218, 0.214, 0.282, 0.206]
Training task:  9
[0.568, 0.642, 0.714, 0.534, 0.758, 0.642, 0.804, 0.664, 0.756, 0.226, 0.192, 0.21, 0.15, 0.226, 0.18, 0.17, 0.196, 0.252, 0.28, 0.228]
Training task:  10
[0.53, 0.654, 0.738, 0.5, 0.716, 0.628, 0.78, 0.62, 0.64, 0.752, 0.152, 0.212, 0.156, 0.19, 0.146, 0.166, 0.208, 0.214, 0.198, 0.256]
Training task:  11
[0.574, 0.614, 0.73, 0.514, 0.712, 0.656, 0.79, 0.628, 0.65, 0.636, 0.744, 0.198, 0.17, 0.164, 0.152, 0.246, 0.21, 0.21, 0.172, 0.252]
Training task:  12
[0.556, 0.598, 0.724, 0.53, 0.76, 0.646, 0.774, 0.614, 0.648, 0.616, 0.686, 0.782, 0.182, 0.228, 0.164, 0.268, 0.238, 0.218, 0.246, 0.266]
Training task:  13
[0.546, 0.606, 0.686, 0.488, 0.71, 0.572, 0.764, 0.618, 0.616, 0.582, 0.612, 0.652, 0.64, 0.192, 0.194, 0.204, 0.208, 0.198, 0.282, 0.24]
Training task:  14
[0.536, 0.598, 0.72, 0.528, 0.744, 0.582, 0.752, 0.606, 0.618, 0.582, 0.638, 0.682, 0.578, 0.742, 0.172, 0.266, 0.222, 0.222, 0.304, 0.232]
Training task:  15
[0.556, 0.61, 0.736, 0.506, 0.748, 0.59, 0.784, 0.622, 0.614, 0.588, 0.65, 0.632, 0.554, 0.688, 0.776, 0.21, 0.212, 0.22, 0.242, 0.248]
Training task:  16
[0.586, 0.614, 0.686, 0.528, 0.74, 0.59, 0.758, 0.616, 0.606, 0.554, 0.656, 0.656, 0.54, 0.684, 0.708, 0.79, 0.21, 0.246, 0.234, 0.29]
Training task:  17
[0.572, 0.602, 0.704, 0.502, 0.75, 0.576, 0.764, 0.574, 0.618, 0.552, 0.626, 0.646, 0.57, 0.648, 0.676, 0.716, 0.66, 0.312, 0.198, 0.264]
Training task:  18
[0.56, 0.606, 0.69, 0.518, 0.76, 0.57, 0.774, 0.584, 0.582, 0.572, 0.602, 0.636, 0.576, 0.662, 0.692, 0.662, 0.616, 0.776, 0.2, 0.26]
Training task:  19
[0.522, 0.58, 0.674, 0.502, 0.726, 0.62, 0.748, 0.596, 0.608, 0.562, 0.61, 0.584, 0.546, 0.658, 0.682, 0.666, 0.604, 0.72, 0.786, 0.234]
Training task:  20
[0.554, 0.61, 0.684, 0.532, 0.742, 0.604, 0.774, 0.636, 0.582, 0.576, 0.596, 0.598, 0.548, 0.636, 0.688, 0.672, 0.584, 0.714, 0.722, 0.764]
Unlearning task:  20
Total correct retain:  1562  Total retain:  2500
Total correct forget:  36328  Total forget:  47500
Total correct test:  277  Total test:  500
Total correct forget test:  6131  Total test forget:  9500
[0.554]
[0.554, 0.61]
[0.554, 0.61, 0.684]
[0.554, 0.61, 0.684, 0.532]
[0.554, 0.61, 0.684, 0.532, 0.742]
[0.554, 0.61, 0.684, 0.532, 0.742, 0.604]
[0.554, 0.61, 0.684, 0.532, 0.742, 0.604, 0.774]
[0.554, 0.61, 0.684, 0.532, 0.742, 0.604, 0.774, 0.636]
[0.554, 0.61, 0.684, 0.532, 0.742, 0.604, 0.774, 0.636, 0.582]
[0.554, 0.61, 0.684, 0.532, 0.742, 0.604, 0.774, 0.636, 0.582, 0.576]
[0.554, 0.61, 0.684, 0.532, 0.742, 0.604, 0.774, 0.636, 0.582, 0.576, 0.596]
[0.554, 0.61, 0.684, 0.532, 0.742, 0.604, 0.774, 0.636, 0.582, 0.576, 0.596, 0.598]
[0.554, 0.61, 0.684, 0.532, 0.742, 0.604, 0.774, 0.636, 0.582, 0.576, 0.596, 0.598, 0.548]
[0.554, 0.61, 0.684, 0.532, 0.742, 0.604, 0.774, 0.636, 0.582, 0.576, 0.596, 0.598, 0.548, 0.636]
[0.554, 0.61, 0.684, 0.532, 0.742, 0.604, 0.774, 0.636, 0.582, 0.576, 0.596, 0.598, 0.548, 0.636, 0.688]
[0.554, 0.61, 0.684, 0.532, 0.742, 0.604, 0.774, 0.636, 0.582, 0.576, 0.596, 0.598, 0.548, 0.636, 0.688, 0.672]
[0.554, 0.61, 0.684, 0.532, 0.742, 0.604, 0.774, 0.636, 0.582, 0.576, 0.596, 0.598, 0.548, 0.636, 0.688, 0.672, 0.584]
[0.554, 0.61, 0.684, 0.532, 0.742, 0.604, 0.774, 0.636, 0.582, 0.576, 0.596, 0.598, 0.548, 0.636, 0.688, 0.672, 0.584, 0.714]
[0.554, 0.61, 0.684, 0.532, 0.742, 0.604, 0.774, 0.636, 0.582, 0.576, 0.596, 0.598, 0.548, 0.636, 0.688, 0.672, 0.584, 0.714, 0.722]
[0.554, 0.61, 0.684, 0.532, 0.742, 0.604, 0.774, 0.636, 0.582, 0.576, 0.596, 0.598, 0.548, 0.636, 0.688, 0.672, 0.584, 0.714, 0.722, 0.764]
Python 3.12.8
