/dcs/large/u2145461/cs407/Machine-Unlearning-x-Continual-Learning-neggem/negGemGrad.py:453: UserWarning: The torch.cuda.*DtypeTensor constructors are no longer recommended. It's best to use methods such as torch.tensor(data, dtype=*, device='cuda') to create tensors. (Triggered internally at /pytorch/torch/csrc/tensor/python_tensor.cpp:78.)
  indx = torch.cuda.LongTensor(self.observed_tasks[:-1]) if self.gpu \

real	63m41.502s
user	224m45.628s
sys	17m25.216s
/dcs/large/u2145461/cs407/Machine-Unlearning-x-Continual-Learning-neggem/negGemGrad.py:453: UserWarning: The torch.cuda.*DtypeTensor constructors are no longer recommended. It's best to use methods such as torch.tensor(data, dtype=*, device='cuda') to create tensors. (Triggered internally at /pytorch/torch/csrc/tensor/python_tensor.cpp:78.)
  indx = torch.cuda.LongTensor(self.observed_tasks[:-1]) if self.gpu \

real	63m46.656s
user	225m21.133s
sys	17m14.369s
/dcs/large/u2145461/cs407/Machine-Unlearning-x-Continual-Learning-neggem/negGemGrad.py:453: UserWarning: The torch.cuda.*DtypeTensor constructors are no longer recommended. It's best to use methods such as torch.tensor(data, dtype=*, device='cuda') to create tensors. (Triggered internally at /pytorch/torch/csrc/tensor/python_tensor.cpp:78.)
  indx = torch.cuda.LongTensor(self.observed_tasks[:-1]) if self.gpu \

real	63m13.247s
user	220m55.530s
sys	17m21.226s
/dcs/large/u2145461/cs407/Machine-Unlearning-x-Continual-Learning-neggem/negGemGrad.py:453: UserWarning: The torch.cuda.*DtypeTensor constructors are no longer recommended. It's best to use methods such as torch.tensor(data, dtype=*, device='cuda') to create tensors. (Triggered internally at /pytorch/torch/csrc/tensor/python_tensor.cpp:78.)
  indx = torch.cuda.LongTensor(self.observed_tasks[:-1]) if self.gpu \

real	62m32.251s
user	211m53.555s
sys	16m58.724s
/dcs/large/u2145461/cs407/Machine-Unlearning-x-Continual-Learning-neggem/negGemGrad.py:453: UserWarning: The torch.cuda.*DtypeTensor constructors are no longer recommended. It's best to use methods such as torch.tensor(data, dtype=*, device='cuda') to create tensors. (Triggered internally at /pytorch/torch/csrc/tensor/python_tensor.cpp:78.)
  indx = torch.cuda.LongTensor(self.observed_tasks[:-1]) if self.gpu \

real	63m25.192s
user	224m13.792s
sys	17m19.552s
/dcs/large/u2145461/cs407/Machine-Unlearning-x-Continual-Learning-neggem/negGemGrad.py:453: UserWarning: The torch.cuda.*DtypeTensor constructors are no longer recommended. It's best to use methods such as torch.tensor(data, dtype=*, device='cuda') to create tensors. (Triggered internally at /pytorch/torch/csrc/tensor/python_tensor.cpp:78.)
  indx = torch.cuda.LongTensor(self.observed_tasks[:-1]) if self.gpu \

real	63m27.485s
user	221m57.253s
sys	17m9.908s
/dcs/large/u2145461/cs407/Machine-Unlearning-x-Continual-Learning-neggem/negGemGrad.py:453: UserWarning: The torch.cuda.*DtypeTensor constructors are no longer recommended. It's best to use methods such as torch.tensor(data, dtype=*, device='cuda') to create tensors. (Triggered internally at /pytorch/torch/csrc/tensor/python_tensor.cpp:78.)
  indx = torch.cuda.LongTensor(self.observed_tasks[:-1]) if self.gpu \

real	63m8.580s
user	219m46.787s
sys	17m0.902s
