Requirement already satisfied: pyyaml in /usr/lib64/python3.12/site-packages (6.0.1)
Requirement already satisfied: setuptools in /usr/lib/python3.12/site-packages (68.2.2)
Requirement already satisfied: matplotlib in /dcs/21/u2140671/.local/lib/python3.12/site-packages (3.10.1)
Requirement already satisfied: contourpy>=1.0.1 in /dcs/21/u2140671/.local/lib/python3.12/site-packages (from matplotlib) (1.3.1)
Requirement already satisfied: cycler>=0.10 in /dcs/21/u2140671/.local/lib/python3.12/site-packages (from matplotlib) (0.12.1)
Requirement already satisfied: fonttools>=4.22.0 in /dcs/21/u2140671/.local/lib/python3.12/site-packages (from matplotlib) (4.57.0)
Requirement already satisfied: kiwisolver>=1.3.1 in /dcs/21/u2140671/.local/lib/python3.12/site-packages (from matplotlib) (1.4.8)
Requirement already satisfied: numpy>=1.23 in /dcs/21/u2140671/.local/lib/python3.12/site-packages (from matplotlib) (2.2.4)
Requirement already satisfied: packaging>=20.0 in /dcs/21/u2140671/.local/lib/python3.12/site-packages (from matplotlib) (24.1)
Requirement already satisfied: pillow>=8 in /dcs/21/u2140671/.local/lib/python3.12/site-packages (from matplotlib) (11.1.0)
Requirement already satisfied: pyparsing>=2.3.1 in /dcs/21/u2140671/.local/lib/python3.12/site-packages (from matplotlib) (3.2.3)
Requirement already satisfied: python-dateutil>=2.7 in /dcs/21/u2140671/.local/lib/python3.12/site-packages (from matplotlib) (2.9.0.post0)
Requirement already satisfied: six>=1.5 in /dcs/21/u2140671/.local/lib/python3.12/site-packages (from python-dateutil>=2.7->matplotlib) (1.16.0)
Requirement already satisfied: quadprog in /dcs/21/u2140671/.local/lib/python3.12/site-packages (0.1.13)
Requirement already satisfied: numpy in /dcs/21/u2140671/.local/lib/python3.12/site-packages (from quadprog) (2.2.4)
Requirement already satisfied: pyparsing in /dcs/21/u2140671/.local/lib/python3.12/site-packages (3.2.3)
Requirement already satisfied: pandas in /dcs/21/u2140671/.local/lib/python3.12/site-packages (2.2.3)
Requirement already satisfied: numpy>=1.26.0 in /dcs/21/u2140671/.local/lib/python3.12/site-packages (from pandas) (2.2.4)
Requirement already satisfied: python-dateutil>=2.8.2 in /dcs/21/u2140671/.local/lib/python3.12/site-packages (from pandas) (2.9.0.post0)
Requirement already satisfied: pytz>=2020.1 in /dcs/21/u2140671/.local/lib/python3.12/site-packages (from pandas) (2025.2)
Requirement already satisfied: tzdata>=2022.7 in /dcs/21/u2140671/.local/lib/python3.12/site-packages (from pandas) (2025.2)
Requirement already satisfied: six>=1.5 in /dcs/21/u2140671/.local/lib/python3.12/site-packages (from python-dateutil>=2.8.2->pandas) (1.16.0)
Requirement already satisfied: numpy in /dcs/21/u2140671/.local/lib/python3.12/site-packages (2.2.4)
Fri Apr 11 21:45:50 2025       
+-----------------------------------------------------------------------------------------+
| NVIDIA-SMI 550.144.03             Driver Version: 550.144.03     CUDA Version: 12.4     |
|-----------------------------------------+------------------------+----------------------+
| GPU  Name                 Persistence-M | Bus-Id          Disp.A | Volatile Uncorr. ECC |
| Fan  Temp   Perf          Pwr:Usage/Cap |           Memory-Usage | GPU-Util  Compute M. |
|                                         |                        |               MIG M. |
|=========================================+========================+======================|
|   0  NVIDIA RTX A5000               Off |   00000000:01:00.0 Off |                  Off |
| 30%   55C    P0             N/A /  230W |       1MiB /  24564MiB |      0%      Default |
|                                         |                        |                  N/A |
+-----------------------------------------+------------------------+----------------------+
                                                                                         
+-----------------------------------------------------------------------------------------+
| Processes:                                                                              |
|  GPU   GI   CI        PID   Type   Process name                              GPU Memory |
|        ID   ID                                                               Usage      |
|=========================================================================================|
|  No running processes found                                                             |
+-----------------------------------------------------------------------------------------+
Python 3.12.8
Fri Apr 11 21:46:01 2025       
+-----------------------------------------------------------------------------------------+
| NVIDIA-SMI 550.144.03             Driver Version: 550.144.03     CUDA Version: 12.4     |
|-----------------------------------------+------------------------+----------------------+
| GPU  Name                 Persistence-M | Bus-Id          Disp.A | Volatile Uncorr. ECC |
| Fan  Temp   Perf          Pwr:Usage/Cap |           Memory-Usage | GPU-Util  Compute M. |
|                                         |                        |               MIG M. |
|=========================================+========================+======================|
|   0  NVIDIA RTX A5000               Off |   00000000:01:00.0 Off |                  Off |
| 30%   55C    P0             N/A /  230W |       1MiB /  24564MiB |      0%      Default |
|                                         |                        |                  N/A |
+-----------------------------------------+------------------------+----------------------+
                                                                                         
+-----------------------------------------------------------------------------------------+
| Processes:                                                                              |
|  GPU   GI   CI        PID   Type   Process name                              GPU Memory |
|        ID   ID                                                               Usage      |
|=========================================================================================|
|  No running processes found                                                             |
+-----------------------------------------------------------------------------------------+
0.6
100
1
0
0.2
0
0.1
most
hi
Number of GPUs visible:  1
Available GPUs: 3. Will distribute runs among them.
20
20
Plot  0  Done
Average Retain Accuracies:  [0.704, 0.7068, 0.7044, 0.7224, 0.7232, 0.7148, 0.7304, 0.7208, 0.7236, 0.7264, 0.722, 0.7148, 0.7208, 0.7188, 0.7336, 0.7288, 0.7036, 0.6892, 0.7148, 0.7108]
Average Forget Accuracies:  [0.7248842105263158, 0.7248421052631578, 0.723178947368421, 0.7268421052631578, 0.7229052631578947, 0.7220210526315789, 0.7260421052631579, 0.7297052631578947, 0.7262315789473685, 0.7265263157894737, 0.7276421052631579, 0.723221052631579, 0.7285894736842106, 0.7039157894736842, 0.7306526315789473, 0.7289052631578947, 0.7100421052631579, 0.7085684210526316, 0.7171578947368421, 0.7235578947368421]
Average Retain Test Accuracies:  [0.654, 0.656, 0.658, 0.678, 0.68, 0.674, 0.694, 0.69, 0.674, 0.698, 0.672, 0.664, 0.678, 0.66, 0.688, 0.696, 0.648, 0.636, 0.676, 0.668]
Average Forget Test Accuracies:  [0.6374736842105263, 0.637578947368421, 0.6312631578947369, 0.6385263157894737, 0.6365263157894737, 0.6341052631578947, 0.6386315789473684, 0.6428421052631579, 0.6410526315789473, 0.6361052631578947, 0.6369473684210526, 0.6349473684210526, 0.6386315789473684, 0.6216842105263158, 0.642, 0.6397894736842106, 0.6283157894736842, 0.6211578947368421, 0.6303157894736842, 0.6378947368421053]
Done
