Requirement already satisfied: pyyaml in /usr/lib64/python3.12/site-packages (6.0.1)
Requirement already satisfied: setuptools in /usr/lib/python3.12/site-packages (68.2.2)
Requirement already satisfied: matplotlib in /dcs/21/u2145461/.local/lib/python3.12/site-packages (3.10.1)
Requirement already satisfied: contourpy>=1.0.1 in /dcs/21/u2145461/.local/lib/python3.12/site-packages (from matplotlib) (1.3.1)
Requirement already satisfied: cycler>=0.10 in /dcs/21/u2145461/.local/lib/python3.12/site-packages (from matplotlib) (0.12.1)
Requirement already satisfied: fonttools>=4.22.0 in /dcs/21/u2145461/.local/lib/python3.12/site-packages (from matplotlib) (4.56.0)
Requirement already satisfied: kiwisolver>=1.3.1 in /dcs/21/u2145461/.local/lib/python3.12/site-packages (from matplotlib) (1.4.8)
Requirement already satisfied: numpy>=1.23 in /dcs/21/u2145461/.local/lib/python3.12/site-packages (from matplotlib) (2.2.3)
Requirement already satisfied: packaging>=20.0 in /dcs/21/u2145461/.local/lib/python3.12/site-packages (from matplotlib) (24.2)
Requirement already satisfied: pillow>=8 in /dcs/21/u2145461/.local/lib/python3.12/site-packages (from matplotlib) (11.0.0)
Requirement already satisfied: pyparsing>=2.3.1 in /dcs/21/u2145461/.local/lib/python3.12/site-packages (from matplotlib) (3.2.1)
Requirement already satisfied: python-dateutil>=2.7 in /dcs/21/u2145461/.local/lib/python3.12/site-packages (from matplotlib) (2.9.0.post0)
Requirement already satisfied: six>=1.5 in /dcs/21/u2145461/.local/lib/python3.12/site-packages (from python-dateutil>=2.7->matplotlib) (1.17.0)
Requirement already satisfied: quadprog in /dcs/21/u2145461/.local/lib/python3.12/site-packages (0.1.13)
Requirement already satisfied: numpy in /dcs/21/u2145461/.local/lib/python3.12/site-packages (from quadprog) (2.2.3)
Requirement already satisfied: pyparsing in /dcs/21/u2145461/.local/lib/python3.12/site-packages (3.2.1)
Requirement already satisfied: pandas in /dcs/21/u2145461/.local/lib/python3.12/site-packages (2.2.3)
Requirement already satisfied: numpy>=1.26.0 in /dcs/21/u2145461/.local/lib/python3.12/site-packages (from pandas) (2.2.3)
Requirement already satisfied: python-dateutil>=2.8.2 in /dcs/21/u2145461/.local/lib/python3.12/site-packages (from pandas) (2.9.0.post0)
Requirement already satisfied: pytz>=2020.1 in /dcs/21/u2145461/.local/lib/python3.12/site-packages (from pandas) (2025.1)
Requirement already satisfied: tzdata>=2022.7 in /dcs/21/u2145461/.local/lib/python3.12/site-packages (from pandas) (2025.1)
Requirement already satisfied: six>=1.5 in /dcs/21/u2145461/.local/lib/python3.12/site-packages (from python-dateutil>=2.8.2->pandas) (1.17.0)
Requirement already satisfied: numpy in /dcs/21/u2145461/.local/lib/python3.12/site-packages (2.2.3)
Sat Apr  5 21:37:15 2025       
+-----------------------------------------------------------------------------------------+
| NVIDIA-SMI 550.144.03             Driver Version: 550.144.03     CUDA Version: 12.4     |
|-----------------------------------------+------------------------+----------------------+
| GPU  Name                 Persistence-M | Bus-Id          Disp.A | Volatile Uncorr. ECC |
| Fan  Temp   Perf          Pwr:Usage/Cap |           Memory-Usage | GPU-Util  Compute M. |
|                                         |                        |               MIG M. |
|=========================================+========================+======================|
|   0  NVIDIA A10                     On  |   00000000:81:00.0 Off |                    0 |
|  0%   27C    P8             16W /  150W |       1MiB /  23028MiB |      0%      Default |
|                                         |                        |                  N/A |
+-----------------------------------------+------------------------+----------------------+
                                                                                         
+-----------------------------------------------------------------------------------------+
| Processes:                                                                              |
|  GPU   GI   CI        PID   Type   Process name                              GPU Memory |
|        ID   ID                                                               Usage      |
|=========================================================================================|
|  No running processes found                                                             |
+-----------------------------------------------------------------------------------------+
Python 3.12.8
./cifar-100-python/train
./cifar-100-python/test
Unlearn Batch Size:  16
Unlearn MEM Strength:  0.6
cifar-100-python/train
cifar-100-python/test
new ordering of classes:  ['woman', 'cockroach', 'streetcar', 'house', 'flatfish', 'tractor', 'otter', 'train', 'castle', 'bus', 'bridge', 'lobster', 'squirrel', 'elephant', 'mouse', 'pine', 'roses', 'pears', 'camel', 'computer keyboard', 'wardrobe', 'plain', 'oak', 'chair', 'ray', 'kangaroo', 'seal', 'shark', 'baby', 'crocodile', 'beetle', 'willow', 'rocket', 'dolphin', 'porcupine', 'man', 'telephone', 'tulips', 'bear', 'bed', 'chimpanzee', 'lawn-mower', 'turtle', 'snail', 'skyscraper', 'cattle', 'television', 'aquarium fish', 'palm', 'hamster', 'lion', 'motorcycle', 'caterpillar', 'possum', 'trout', 'bowls', 'spider', 'forest', 'couch', 'poppies', 'apples', 'sea', 'orchids', 'bicycle', 'beaver', 'tiger', 'tank', 'clock', 'sunflowers', 'skunk', 'lizard', 'snake', 'rabbit', 'mushrooms', 'raccoon', 'butterfly', 'shrew', 'pickup truck', 'lamp', 'road', 'bottles', 'cans', 'oranges', 'sweet peppers', 'wolf', 'crab', 'dinosaur', 'maple', 'fox', 'leopard', 'bee', 'cups', 'mountain', 'worm', 'plates', 'whale', 'boy', 'girl', 'cloud', 'table']
Training task:  1
[0.644, 0.204, 0.2, 0.2, 0.124, 0.278, 0.284, 0.2, 0.196, 0.266, 0.2, 0.156, 0.14, 0.246, 0.242, 0.202, 0.158, 0.15, 0.21, 0.226]
Training task:  2
[0.332, 0.322, 0.2, 0.246, 0.188, 0.144, 0.23, 0.2, 0.198, 0.21, 0.2, 0.174, 0.156, 0.236, 0.192, 0.17, 0.168, 0.264, 0.15, 0.13]
Training task:  3
[0.692, 0.524, 0.598, 0.222, 0.184, 0.18, 0.23, 0.2, 0.192, 0.302, 0.2, 0.102, 0.098, 0.2, 0.236, 0.196, 0.116, 0.216, 0.206, 0.2]
Training task:  4
[0.652, 0.426, 0.5, 0.592, 0.084, 0.148, 0.292, 0.2, 0.2, 0.312, 0.208, 0.236, 0.176, 0.248, 0.2, 0.186, 0.18, 0.238, 0.264, 0.154]
Training task:  5
[0.686, 0.536, 0.556, 0.65, 0.91, 0.18, 0.316, 0.192, 0.196, 0.212, 0.2, 0.216, 0.122, 0.252, 0.236, 0.31, 0.226, 0.092, 0.25, 0.158]
Training task:  6
[0.642, 0.452, 0.486, 0.624, 0.85, 0.644, 0.294, 0.196, 0.232, 0.258, 0.2, 0.204, 0.2, 0.288, 0.204, 0.33, 0.226, 0.148, 0.228, 0.148]
Training task:  7
[0.544, 0.488, 0.418, 0.568, 0.768, 0.512, 0.66, 0.194, 0.19, 0.166, 0.204, 0.154, 0.148, 0.108, 0.252, 0.3, 0.18, 0.224, 0.258, 0.126]
Training task:  8
[0.63, 0.442, 0.472, 0.602, 0.824, 0.52, 0.636, 0.604, 0.198, 0.23, 0.196, 0.286, 0.096, 0.132, 0.226, 0.272, 0.162, 0.136, 0.266, 0.138]
Training task:  9
[0.698, 0.524, 0.536, 0.628, 0.868, 0.602, 0.68, 0.62, 0.804, 0.158, 0.212, 0.218, 0.14, 0.132, 0.22, 0.262, 0.162, 0.172, 0.25, 0.146]
Training task:  10
[0.682, 0.506, 0.51, 0.656, 0.866, 0.586, 0.67, 0.608, 0.714, 0.748, 0.208, 0.192, 0.122, 0.14, 0.244, 0.28, 0.188, 0.132, 0.238, 0.152]
Training task:  11
[0.654, 0.482, 0.532, 0.674, 0.83, 0.554, 0.66, 0.6, 0.694, 0.684, 0.756, 0.17, 0.178, 0.124, 0.266, 0.29, 0.162, 0.142, 0.202, 0.152]
Training task:  12
[0.634, 0.482, 0.456, 0.686, 0.794, 0.552, 0.63, 0.65, 0.654, 0.662, 0.662, 0.664, 0.194, 0.086, 0.242, 0.302, 0.23, 0.126, 0.216, 0.166]
Training task:  13
[0.644, 0.446, 0.512, 0.686, 0.834, 0.55, 0.636, 0.688, 0.652, 0.646, 0.642, 0.556, 0.808, 0.114, 0.204, 0.282, 0.22, 0.148, 0.232, 0.16]
Training task:  14
[0.682, 0.466, 0.512, 0.718, 0.848, 0.586, 0.664, 0.67, 0.686, 0.656, 0.67, 0.562, 0.784, 0.798, 0.198, 0.286, 0.27, 0.11, 0.204, 0.162]
Training task:  15
[0.632, 0.46, 0.482, 0.67, 0.836, 0.568, 0.638, 0.634, 0.682, 0.642, 0.562, 0.53, 0.758, 0.724, 0.512, 0.266, 0.296, 0.106, 0.202, 0.164]
Training task:  16
[0.664, 0.494, 0.5, 0.68, 0.84, 0.59, 0.644, 0.632, 0.7, 0.656, 0.634, 0.538, 0.754, 0.714, 0.504, 0.762, 0.256, 0.1, 0.19, 0.164]
Training task:  17
[0.632, 0.456, 0.49, 0.698, 0.822, 0.55, 0.644, 0.644, 0.652, 0.64, 0.598, 0.568, 0.77, 0.688, 0.484, 0.704, 0.732, 0.114, 0.178, 0.144]
Training task:  18
[0.658, 0.468, 0.482, 0.654, 0.828, 0.562, 0.656, 0.614, 0.662, 0.63, 0.64, 0.488, 0.76, 0.708, 0.464, 0.672, 0.672, 0.774, 0.18, 0.138]
Training task:  19
[0.624, 0.468, 0.484, 0.666, 0.838, 0.554, 0.628, 0.616, 0.64, 0.636, 0.612, 0.504, 0.732, 0.662, 0.426, 0.686, 0.666, 0.688, 0.714, 0.138]
Training task:  20
[0.632, 0.352, 0.48, 0.534, 0.722, 0.472, 0.55, 0.522, 0.53, 0.504, 0.504, 0.448, 0.614, 0.62, 0.372, 0.518, 0.442, 0.514, 0.472, 0.436]
Unlearning task:  20
Total correct retain:  1598  Total retain:  2500
Total correct forget:  24230  Total forget:  47500
Total correct test:  316  Total test:  500
Total correct forget test:  4803  Total test forget:  9500
[0.632]
[0.632, 0.352]
[0.632, 0.352, 0.48]
[0.632, 0.352, 0.48, 0.534]
[0.632, 0.352, 0.48, 0.534, 0.722]
[0.632, 0.352, 0.48, 0.534, 0.722, 0.472]
[0.632, 0.352, 0.48, 0.534, 0.722, 0.472, 0.55]
[0.632, 0.352, 0.48, 0.534, 0.722, 0.472, 0.55, 0.522]
[0.632, 0.352, 0.48, 0.534, 0.722, 0.472, 0.55, 0.522, 0.53]
[0.632, 0.352, 0.48, 0.534, 0.722, 0.472, 0.55, 0.522, 0.53, 0.504]
[0.632, 0.352, 0.48, 0.534, 0.722, 0.472, 0.55, 0.522, 0.53, 0.504, 0.504]
[0.632, 0.352, 0.48, 0.534, 0.722, 0.472, 0.55, 0.522, 0.53, 0.504, 0.504, 0.448]
[0.632, 0.352, 0.48, 0.534, 0.722, 0.472, 0.55, 0.522, 0.53, 0.504, 0.504, 0.448, 0.614]
[0.632, 0.352, 0.48, 0.534, 0.722, 0.472, 0.55, 0.522, 0.53, 0.504, 0.504, 0.448, 0.614, 0.62]
[0.632, 0.352, 0.48, 0.534, 0.722, 0.472, 0.55, 0.522, 0.53, 0.504, 0.504, 0.448, 0.614, 0.62, 0.372]
[0.632, 0.352, 0.48, 0.534, 0.722, 0.472, 0.55, 0.522, 0.53, 0.504, 0.504, 0.448, 0.614, 0.62, 0.372, 0.518]
[0.632, 0.352, 0.48, 0.534, 0.722, 0.472, 0.55, 0.522, 0.53, 0.504, 0.504, 0.448, 0.614, 0.62, 0.372, 0.518, 0.442]
[0.632, 0.352, 0.48, 0.534, 0.722, 0.472, 0.55, 0.522, 0.53, 0.504, 0.504, 0.448, 0.614, 0.62, 0.372, 0.518, 0.442, 0.514]
[0.632, 0.352, 0.48, 0.534, 0.722, 0.472, 0.55, 0.522, 0.53, 0.504, 0.504, 0.448, 0.614, 0.62, 0.372, 0.518, 0.442, 0.514, 0.472]
[0.632, 0.352, 0.48, 0.534, 0.722, 0.472, 0.55, 0.522, 0.53, 0.504, 0.504, 0.448, 0.614, 0.62, 0.372, 0.518, 0.442, 0.514, 0.472, 0.436]
broken out of loop
Total correct retain:  1624  Total retain:  2500
Total correct forget:  24755  Total forget:  47500
Total correct test:  314  Total test:  500
Total correct forget test:  4881  Total test forget:  9500
[0.628]
[0.628, 0.364]
[0.628, 0.364, 0.474]
[0.628, 0.364, 0.474, 0.572]
[0.628, 0.364, 0.474, 0.572, 0.736]
[0.628, 0.364, 0.474, 0.572, 0.736, 0.492]
[0.628, 0.364, 0.474, 0.572, 0.736, 0.492, 0.558]
[0.628, 0.364, 0.474, 0.572, 0.736, 0.492, 0.558, 0.522]
[0.628, 0.364, 0.474, 0.572, 0.736, 0.492, 0.558, 0.522, 0.524]
[0.628, 0.364, 0.474, 0.572, 0.736, 0.492, 0.558, 0.522, 0.524, 0.524]
[0.628, 0.364, 0.474, 0.572, 0.736, 0.492, 0.558, 0.522, 0.524, 0.524, 0.514]
[0.628, 0.364, 0.474, 0.572, 0.736, 0.492, 0.558, 0.522, 0.524, 0.524, 0.514, 0.442]
[0.628, 0.364, 0.474, 0.572, 0.736, 0.492, 0.558, 0.522, 0.524, 0.524, 0.514, 0.442, 0.608]
[0.628, 0.364, 0.474, 0.572, 0.736, 0.492, 0.558, 0.522, 0.524, 0.524, 0.514, 0.442, 0.608, 0.642]
[0.628, 0.364, 0.474, 0.572, 0.736, 0.492, 0.558, 0.522, 0.524, 0.524, 0.514, 0.442, 0.608, 0.642, 0.37]
[0.628, 0.364, 0.474, 0.572, 0.736, 0.492, 0.558, 0.522, 0.524, 0.524, 0.514, 0.442, 0.608, 0.642, 0.37, 0.54]
[0.628, 0.364, 0.474, 0.572, 0.736, 0.492, 0.558, 0.522, 0.524, 0.524, 0.514, 0.442, 0.608, 0.642, 0.37, 0.54, 0.478]
[0.628, 0.364, 0.474, 0.572, 0.736, 0.492, 0.558, 0.522, 0.524, 0.524, 0.514, 0.442, 0.608, 0.642, 0.37, 0.54, 0.478, 0.514]
[0.628, 0.364, 0.474, 0.572, 0.736, 0.492, 0.558, 0.522, 0.524, 0.524, 0.514, 0.442, 0.608, 0.642, 0.37, 0.54, 0.478, 0.514, 0.482]
[0.628, 0.364, 0.474, 0.572, 0.736, 0.492, 0.558, 0.522, 0.524, 0.524, 0.514, 0.442, 0.608, 0.642, 0.37, 0.54, 0.478, 0.514, 0.482, 0.406]
Total correct retain:  1751  Total retain:  2500
Total correct forget:  27191  Total forget:  47500
Total correct test:  337  Total test:  500
Total correct forget test:  5343  Total test forget:  9500
[0.674]
[0.674, 0.43]
[0.674, 0.43, 0.52]
[0.674, 0.43, 0.52, 0.61]
[0.674, 0.43, 0.52, 0.61, 0.806]
[0.674, 0.43, 0.52, 0.61, 0.806, 0.538]
[0.674, 0.43, 0.52, 0.61, 0.806, 0.538, 0.618]
[0.674, 0.43, 0.52, 0.61, 0.806, 0.538, 0.618, 0.578]
[0.674, 0.43, 0.52, 0.61, 0.806, 0.538, 0.618, 0.578, 0.628]
[0.674, 0.43, 0.52, 0.61, 0.806, 0.538, 0.618, 0.578, 0.628, 0.58]
[0.674, 0.43, 0.52, 0.61, 0.806, 0.538, 0.618, 0.578, 0.628, 0.58, 0.546]
[0.674, 0.43, 0.52, 0.61, 0.806, 0.538, 0.618, 0.578, 0.628, 0.58, 0.546, 0.494]
[0.674, 0.43, 0.52, 0.61, 0.806, 0.538, 0.618, 0.578, 0.628, 0.58, 0.546, 0.494, 0.644]
[0.674, 0.43, 0.52, 0.61, 0.806, 0.538, 0.618, 0.578, 0.628, 0.58, 0.546, 0.494, 0.644, 0.672]
[0.674, 0.43, 0.52, 0.61, 0.806, 0.538, 0.618, 0.578, 0.628, 0.58, 0.546, 0.494, 0.644, 0.672, 0.41]
[0.674, 0.43, 0.52, 0.61, 0.806, 0.538, 0.618, 0.578, 0.628, 0.58, 0.546, 0.494, 0.644, 0.672, 0.41, 0.648]
[0.674, 0.43, 0.52, 0.61, 0.806, 0.538, 0.618, 0.578, 0.628, 0.58, 0.546, 0.494, 0.644, 0.672, 0.41, 0.648, 0.546]
[0.674, 0.43, 0.52, 0.61, 0.806, 0.538, 0.618, 0.578, 0.628, 0.58, 0.546, 0.494, 0.644, 0.672, 0.41, 0.648, 0.546, 0.606]
[0.674, 0.43, 0.52, 0.61, 0.806, 0.538, 0.618, 0.578, 0.628, 0.58, 0.546, 0.494, 0.644, 0.672, 0.41, 0.648, 0.546, 0.606, 0.484]
[0.674, 0.43, 0.52, 0.61, 0.806, 0.538, 0.618, 0.578, 0.628, 0.58, 0.546, 0.494, 0.644, 0.672, 0.41, 0.648, 0.546, 0.606, 0.484, 0.328]
Total correct retain:  1805  Total retain:  2500
Total correct forget:  28585  Total forget:  47500
Total correct test:  337  Total test:  500
Total correct forget test:  5519  Total test forget:  9500
[0.674]
[0.674, 0.482]
[0.674, 0.482, 0.496]
[0.674, 0.482, 0.496, 0.656]
[0.674, 0.482, 0.496, 0.656, 0.848]
[0.674, 0.482, 0.496, 0.656, 0.848, 0.52]
[0.674, 0.482, 0.496, 0.656, 0.848, 0.52, 0.602]
[0.674, 0.482, 0.496, 0.656, 0.848, 0.52, 0.602, 0.654]
[0.674, 0.482, 0.496, 0.656, 0.848, 0.52, 0.602, 0.654, 0.63]
[0.674, 0.482, 0.496, 0.656, 0.848, 0.52, 0.602, 0.654, 0.63, 0.6]
[0.674, 0.482, 0.496, 0.656, 0.848, 0.52, 0.602, 0.654, 0.63, 0.6, 0.564]
[0.674, 0.482, 0.496, 0.656, 0.848, 0.52, 0.602, 0.654, 0.63, 0.6, 0.564, 0.574]
[0.674, 0.482, 0.496, 0.656, 0.848, 0.52, 0.602, 0.654, 0.63, 0.6, 0.564, 0.574, 0.676]
[0.674, 0.482, 0.496, 0.656, 0.848, 0.52, 0.602, 0.654, 0.63, 0.6, 0.564, 0.574, 0.676, 0.694]
[0.674, 0.482, 0.496, 0.656, 0.848, 0.52, 0.602, 0.654, 0.63, 0.6, 0.564, 0.574, 0.676, 0.694, 0.416]
[0.674, 0.482, 0.496, 0.656, 0.848, 0.52, 0.602, 0.654, 0.63, 0.6, 0.564, 0.574, 0.676, 0.694, 0.416, 0.638]
[0.674, 0.482, 0.496, 0.656, 0.848, 0.52, 0.602, 0.654, 0.63, 0.6, 0.564, 0.574, 0.676, 0.694, 0.416, 0.638, 0.604]
[0.674, 0.482, 0.496, 0.656, 0.848, 0.52, 0.602, 0.654, 0.63, 0.6, 0.564, 0.574, 0.676, 0.694, 0.416, 0.638, 0.604, 0.63]
[0.674, 0.482, 0.496, 0.656, 0.848, 0.52, 0.602, 0.654, 0.63, 0.6, 0.564, 0.574, 0.676, 0.694, 0.416, 0.638, 0.604, 0.63, 0.42]
[0.674, 0.482, 0.496, 0.656, 0.848, 0.52, 0.602, 0.654, 0.63, 0.6, 0.564, 0.574, 0.676, 0.694, 0.416, 0.638, 0.604, 0.63, 0.42, 0.334]
broken out of loop
Total correct retain:  695  Total retain:  2500
Total correct forget:  10429  Total forget:  47500
Total correct test:  134  Total test:  500
Total correct forget test:  2043  Total test forget:  9500
[0.268]
[0.268, 0.23]
[0.268, 0.23, 0.152]
[0.268, 0.23, 0.152, 0.22]
[0.268, 0.23, 0.152, 0.22, 0.204]
[0.268, 0.23, 0.152, 0.22, 0.204, 0.22]
[0.268, 0.23, 0.152, 0.22, 0.204, 0.22, 0.26]
[0.268, 0.23, 0.152, 0.22, 0.204, 0.22, 0.26, 0.24]
[0.268, 0.23, 0.152, 0.22, 0.204, 0.22, 0.26, 0.24, 0.248]
[0.268, 0.23, 0.152, 0.22, 0.204, 0.22, 0.26, 0.24, 0.248, 0.124]
[0.268, 0.23, 0.152, 0.22, 0.204, 0.22, 0.26, 0.24, 0.248, 0.124, 0.146]
[0.268, 0.23, 0.152, 0.22, 0.204, 0.22, 0.26, 0.24, 0.248, 0.124, 0.146, 0.224]
[0.268, 0.23, 0.152, 0.22, 0.204, 0.22, 0.26, 0.24, 0.248, 0.124, 0.146, 0.224, 0.212]
[0.268, 0.23, 0.152, 0.22, 0.204, 0.22, 0.26, 0.24, 0.248, 0.124, 0.146, 0.224, 0.212, 0.16]
[0.268, 0.23, 0.152, 0.22, 0.204, 0.22, 0.26, 0.24, 0.248, 0.124, 0.146, 0.224, 0.212, 0.16, 0.248]
[0.268, 0.23, 0.152, 0.22, 0.204, 0.22, 0.26, 0.24, 0.248, 0.124, 0.146, 0.224, 0.212, 0.16, 0.248, 0.23]
[0.268, 0.23, 0.152, 0.22, 0.204, 0.22, 0.26, 0.24, 0.248, 0.124, 0.146, 0.224, 0.212, 0.16, 0.248, 0.23, 0.226]
[0.268, 0.23, 0.152, 0.22, 0.204, 0.22, 0.26, 0.24, 0.248, 0.124, 0.146, 0.224, 0.212, 0.16, 0.248, 0.23, 0.226, 0.29]
[0.268, 0.23, 0.152, 0.22, 0.204, 0.22, 0.26, 0.24, 0.248, 0.124, 0.146, 0.224, 0.212, 0.16, 0.248, 0.23, 0.226, 0.29, 0.202]
[0.268, 0.23, 0.152, 0.22, 0.204, 0.22, 0.26, 0.24, 0.248, 0.124, 0.146, 0.224, 0.212, 0.16, 0.248, 0.23, 0.226, 0.29, 0.202, 0.25]
broken out of loop
Total correct retain:  736  Total retain:  2500
Total correct forget:  10933  Total forget:  47500
Total correct test:  138  Total test:  500
Total correct forget test:  2144  Total test forget:  9500
[0.276]
[0.276, 0.238]
[0.276, 0.238, 0.156]
[0.276, 0.238, 0.156, 0.24]
[0.276, 0.238, 0.156, 0.24, 0.212]
[0.276, 0.238, 0.156, 0.24, 0.212, 0.22]
[0.276, 0.238, 0.156, 0.24, 0.212, 0.22, 0.29]
[0.276, 0.238, 0.156, 0.24, 0.212, 0.22, 0.29, 0.25]
[0.276, 0.238, 0.156, 0.24, 0.212, 0.22, 0.29, 0.25, 0.25]
[0.276, 0.238, 0.156, 0.24, 0.212, 0.22, 0.29, 0.25, 0.25, 0.138]
[0.276, 0.238, 0.156, 0.24, 0.212, 0.22, 0.29, 0.25, 0.25, 0.138, 0.16]
[0.276, 0.238, 0.156, 0.24, 0.212, 0.22, 0.29, 0.25, 0.25, 0.138, 0.16, 0.244]
[0.276, 0.238, 0.156, 0.24, 0.212, 0.22, 0.29, 0.25, 0.25, 0.138, 0.16, 0.244, 0.214]
[0.276, 0.238, 0.156, 0.24, 0.212, 0.22, 0.29, 0.25, 0.25, 0.138, 0.16, 0.244, 0.214, 0.158]
[0.276, 0.238, 0.156, 0.24, 0.212, 0.22, 0.29, 0.25, 0.25, 0.138, 0.16, 0.244, 0.214, 0.158, 0.244]
[0.276, 0.238, 0.156, 0.24, 0.212, 0.22, 0.29, 0.25, 0.25, 0.138, 0.16, 0.244, 0.214, 0.158, 0.244, 0.282]
[0.276, 0.238, 0.156, 0.24, 0.212, 0.22, 0.29, 0.25, 0.25, 0.138, 0.16, 0.244, 0.214, 0.158, 0.244, 0.282, 0.214]
[0.276, 0.238, 0.156, 0.24, 0.212, 0.22, 0.29, 0.25, 0.25, 0.138, 0.16, 0.244, 0.214, 0.158, 0.244, 0.282, 0.214, 0.314]
[0.276, 0.238, 0.156, 0.24, 0.212, 0.22, 0.29, 0.25, 0.25, 0.138, 0.16, 0.244, 0.214, 0.158, 0.244, 0.282, 0.214, 0.314, 0.202]
[0.276, 0.238, 0.156, 0.24, 0.212, 0.22, 0.29, 0.25, 0.25, 0.138, 0.16, 0.244, 0.214, 0.158, 0.244, 0.282, 0.214, 0.314, 0.202, 0.262]
broken out of loop
Total correct retain:  756  Total retain:  2500
Total correct forget:  11441  Total forget:  47500
Total correct test:  148  Total test:  500
Total correct forget test:  2229  Total test forget:  9500
[0.296]
[0.296, 0.234]
[0.296, 0.234, 0.168]
[0.296, 0.234, 0.168, 0.244]
[0.296, 0.234, 0.168, 0.244, 0.22]
[0.296, 0.234, 0.168, 0.244, 0.22, 0.216]
[0.296, 0.234, 0.168, 0.244, 0.22, 0.216, 0.314]
[0.296, 0.234, 0.168, 0.244, 0.22, 0.216, 0.314, 0.25]
[0.296, 0.234, 0.168, 0.244, 0.22, 0.216, 0.314, 0.25, 0.268]
[0.296, 0.234, 0.168, 0.244, 0.22, 0.216, 0.314, 0.25, 0.268, 0.146]
[0.296, 0.234, 0.168, 0.244, 0.22, 0.216, 0.314, 0.25, 0.268, 0.146, 0.21]
[0.296, 0.234, 0.168, 0.244, 0.22, 0.216, 0.314, 0.25, 0.268, 0.146, 0.21, 0.248]
[0.296, 0.234, 0.168, 0.244, 0.22, 0.216, 0.314, 0.25, 0.268, 0.146, 0.21, 0.248, 0.216]
[0.296, 0.234, 0.168, 0.244, 0.22, 0.216, 0.314, 0.25, 0.268, 0.146, 0.21, 0.248, 0.216, 0.168]
[0.296, 0.234, 0.168, 0.244, 0.22, 0.216, 0.314, 0.25, 0.268, 0.146, 0.21, 0.248, 0.216, 0.168, 0.238]
[0.296, 0.234, 0.168, 0.244, 0.22, 0.216, 0.314, 0.25, 0.268, 0.146, 0.21, 0.248, 0.216, 0.168, 0.238, 0.304]
[0.296, 0.234, 0.168, 0.244, 0.22, 0.216, 0.314, 0.25, 0.268, 0.146, 0.21, 0.248, 0.216, 0.168, 0.238, 0.304, 0.212]
[0.296, 0.234, 0.168, 0.244, 0.22, 0.216, 0.314, 0.25, 0.268, 0.146, 0.21, 0.248, 0.216, 0.168, 0.238, 0.304, 0.212, 0.324]
[0.296, 0.234, 0.168, 0.244, 0.22, 0.216, 0.314, 0.25, 0.268, 0.146, 0.21, 0.248, 0.216, 0.168, 0.238, 0.304, 0.212, 0.324, 0.204]
[0.296, 0.234, 0.168, 0.244, 0.22, 0.216, 0.314, 0.25, 0.268, 0.146, 0.21, 0.248, 0.216, 0.168, 0.238, 0.304, 0.212, 0.324, 0.204, 0.274]
broken out of loop
Total correct retain:  769  Total retain:  2500
Total correct forget:  11982  Total forget:  47500
Total correct test:  154  Total test:  500
Total correct forget test:  2332  Total test forget:  9500
[0.308]
[0.308, 0.264]
[0.308, 0.264, 0.186]
[0.308, 0.264, 0.186, 0.256]
[0.308, 0.264, 0.186, 0.256, 0.242]
[0.308, 0.264, 0.186, 0.256, 0.242, 0.218]
[0.308, 0.264, 0.186, 0.256, 0.242, 0.218, 0.328]
[0.308, 0.264, 0.186, 0.256, 0.242, 0.218, 0.328, 0.26]
[0.308, 0.264, 0.186, 0.256, 0.242, 0.218, 0.328, 0.26, 0.276]
[0.308, 0.264, 0.186, 0.256, 0.242, 0.218, 0.328, 0.26, 0.276, 0.164]
[0.308, 0.264, 0.186, 0.256, 0.242, 0.218, 0.328, 0.26, 0.276, 0.164, 0.226]
[0.308, 0.264, 0.186, 0.256, 0.242, 0.218, 0.328, 0.26, 0.276, 0.164, 0.226, 0.246]
[0.308, 0.264, 0.186, 0.256, 0.242, 0.218, 0.328, 0.26, 0.276, 0.164, 0.226, 0.246, 0.214]
[0.308, 0.264, 0.186, 0.256, 0.242, 0.218, 0.328, 0.26, 0.276, 0.164, 0.226, 0.246, 0.214, 0.194]
[0.308, 0.264, 0.186, 0.256, 0.242, 0.218, 0.328, 0.26, 0.276, 0.164, 0.226, 0.246, 0.214, 0.194, 0.246]
[0.308, 0.264, 0.186, 0.256, 0.242, 0.218, 0.328, 0.26, 0.276, 0.164, 0.226, 0.246, 0.214, 0.194, 0.246, 0.304]
[0.308, 0.264, 0.186, 0.256, 0.242, 0.218, 0.328, 0.26, 0.276, 0.164, 0.226, 0.246, 0.214, 0.194, 0.246, 0.304, 0.206]
[0.308, 0.264, 0.186, 0.256, 0.242, 0.218, 0.328, 0.26, 0.276, 0.164, 0.226, 0.246, 0.214, 0.194, 0.246, 0.304, 0.206, 0.35]
[0.308, 0.264, 0.186, 0.256, 0.242, 0.218, 0.328, 0.26, 0.276, 0.164, 0.226, 0.246, 0.214, 0.194, 0.246, 0.304, 0.206, 0.35, 0.206]
[0.308, 0.264, 0.186, 0.256, 0.242, 0.218, 0.328, 0.26, 0.276, 0.164, 0.226, 0.246, 0.214, 0.194, 0.246, 0.304, 0.206, 0.35, 0.206, 0.278]
broken out of loop
Total correct retain:  772  Total retain:  2500
Total correct forget:  12519  Total forget:  47500
Total correct test:  157  Total test:  500
Total correct forget test:  2436  Total test forget:  9500
[0.314]
[0.314, 0.278]
[0.314, 0.278, 0.206]
[0.314, 0.278, 0.206, 0.264]
[0.314, 0.278, 0.206, 0.264, 0.244]
[0.314, 0.278, 0.206, 0.264, 0.244, 0.218]
[0.314, 0.278, 0.206, 0.264, 0.244, 0.218, 0.35]
[0.314, 0.278, 0.206, 0.264, 0.244, 0.218, 0.35, 0.274]
[0.314, 0.278, 0.206, 0.264, 0.244, 0.218, 0.35, 0.274, 0.288]
[0.314, 0.278, 0.206, 0.264, 0.244, 0.218, 0.35, 0.274, 0.288, 0.192]
[0.314, 0.278, 0.206, 0.264, 0.244, 0.218, 0.35, 0.274, 0.288, 0.192, 0.236]
[0.314, 0.278, 0.206, 0.264, 0.244, 0.218, 0.35, 0.274, 0.288, 0.192, 0.236, 0.262]
[0.314, 0.278, 0.206, 0.264, 0.244, 0.218, 0.35, 0.274, 0.288, 0.192, 0.236, 0.262, 0.212]
[0.314, 0.278, 0.206, 0.264, 0.244, 0.218, 0.35, 0.274, 0.288, 0.192, 0.236, 0.262, 0.212, 0.22]
[0.314, 0.278, 0.206, 0.264, 0.244, 0.218, 0.35, 0.274, 0.288, 0.192, 0.236, 0.262, 0.212, 0.22, 0.252]
[0.314, 0.278, 0.206, 0.264, 0.244, 0.218, 0.35, 0.274, 0.288, 0.192, 0.236, 0.262, 0.212, 0.22, 0.252, 0.322]
[0.314, 0.278, 0.206, 0.264, 0.244, 0.218, 0.35, 0.274, 0.288, 0.192, 0.236, 0.262, 0.212, 0.22, 0.252, 0.322, 0.204]
[0.314, 0.278, 0.206, 0.264, 0.244, 0.218, 0.35, 0.274, 0.288, 0.192, 0.236, 0.262, 0.212, 0.22, 0.252, 0.322, 0.204, 0.364]
[0.314, 0.278, 0.206, 0.264, 0.244, 0.218, 0.35, 0.274, 0.288, 0.192, 0.236, 0.262, 0.212, 0.22, 0.252, 0.322, 0.204, 0.364, 0.206]
[0.314, 0.278, 0.206, 0.264, 0.244, 0.218, 0.35, 0.274, 0.288, 0.192, 0.236, 0.262, 0.212, 0.22, 0.252, 0.322, 0.204, 0.364, 0.206, 0.28]
broken out of loop
Total correct retain:  785  Total retain:  2500
Total correct forget:  12941  Total forget:  47500
Total correct test:  154  Total test:  500
Total correct forget test:  2535  Total test forget:  9500
[0.308]
[0.308, 0.308]
[0.308, 0.308, 0.22]
[0.308, 0.308, 0.22, 0.274]
[0.308, 0.308, 0.22, 0.274, 0.25]
[0.308, 0.308, 0.22, 0.274, 0.25, 0.202]
[0.308, 0.308, 0.22, 0.274, 0.25, 0.202, 0.388]
[0.308, 0.308, 0.22, 0.274, 0.25, 0.202, 0.388, 0.284]
[0.308, 0.308, 0.22, 0.274, 0.25, 0.202, 0.388, 0.284, 0.298]
[0.308, 0.308, 0.22, 0.274, 0.25, 0.202, 0.388, 0.284, 0.298, 0.204]
[0.308, 0.308, 0.22, 0.274, 0.25, 0.202, 0.388, 0.284, 0.298, 0.204, 0.244]
[0.308, 0.308, 0.22, 0.274, 0.25, 0.202, 0.388, 0.284, 0.298, 0.204, 0.244, 0.252]
[0.308, 0.308, 0.22, 0.274, 0.25, 0.202, 0.388, 0.284, 0.298, 0.204, 0.244, 0.252, 0.224]
[0.308, 0.308, 0.22, 0.274, 0.25, 0.202, 0.388, 0.284, 0.298, 0.204, 0.244, 0.252, 0.224, 0.26]
[0.308, 0.308, 0.22, 0.274, 0.25, 0.202, 0.388, 0.284, 0.298, 0.204, 0.244, 0.252, 0.224, 0.26, 0.26]
[0.308, 0.308, 0.22, 0.274, 0.25, 0.202, 0.388, 0.284, 0.298, 0.204, 0.244, 0.252, 0.224, 0.26, 0.26, 0.33]
[0.308, 0.308, 0.22, 0.274, 0.25, 0.202, 0.388, 0.284, 0.298, 0.204, 0.244, 0.252, 0.224, 0.26, 0.26, 0.33, 0.2]
[0.308, 0.308, 0.22, 0.274, 0.25, 0.202, 0.388, 0.284, 0.298, 0.204, 0.244, 0.252, 0.224, 0.26, 0.26, 0.33, 0.2, 0.372]
[0.308, 0.308, 0.22, 0.274, 0.25, 0.202, 0.388, 0.284, 0.298, 0.204, 0.244, 0.252, 0.224, 0.26, 0.26, 0.33, 0.2, 0.372, 0.22]
[0.308, 0.308, 0.22, 0.274, 0.25, 0.202, 0.388, 0.284, 0.298, 0.204, 0.244, 0.252, 0.224, 0.26, 0.26, 0.33, 0.2, 0.372, 0.22, 0.28]
broken out of loop
Total correct retain:  777  Total retain:  2500
Total correct forget:  13299  Total forget:  47500
Total correct test:  151  Total test:  500
Total correct forget test:  2624  Total test forget:  9500
[0.302]
[0.302, 0.308]
[0.302, 0.308, 0.244]
[0.302, 0.308, 0.244, 0.288]
[0.302, 0.308, 0.244, 0.288, 0.272]
[0.302, 0.308, 0.244, 0.288, 0.272, 0.206]
[0.302, 0.308, 0.244, 0.288, 0.272, 0.206, 0.41]
[0.302, 0.308, 0.244, 0.288, 0.272, 0.206, 0.41, 0.302]
[0.302, 0.308, 0.244, 0.288, 0.272, 0.206, 0.41, 0.302, 0.312]
[0.302, 0.308, 0.244, 0.288, 0.272, 0.206, 0.41, 0.302, 0.312, 0.214]
[0.302, 0.308, 0.244, 0.288, 0.272, 0.206, 0.41, 0.302, 0.312, 0.214, 0.244]
[0.302, 0.308, 0.244, 0.288, 0.272, 0.206, 0.41, 0.302, 0.312, 0.214, 0.244, 0.26]
[0.302, 0.308, 0.244, 0.288, 0.272, 0.206, 0.41, 0.302, 0.312, 0.214, 0.244, 0.26, 0.214]
[0.302, 0.308, 0.244, 0.288, 0.272, 0.206, 0.41, 0.302, 0.312, 0.214, 0.244, 0.26, 0.214, 0.274]
[0.302, 0.308, 0.244, 0.288, 0.272, 0.206, 0.41, 0.302, 0.312, 0.214, 0.244, 0.26, 0.214, 0.274, 0.268]
[0.302, 0.308, 0.244, 0.288, 0.272, 0.206, 0.41, 0.302, 0.312, 0.214, 0.244, 0.26, 0.214, 0.274, 0.268, 0.336]
[0.302, 0.308, 0.244, 0.288, 0.272, 0.206, 0.41, 0.302, 0.312, 0.214, 0.244, 0.26, 0.214, 0.274, 0.268, 0.336, 0.214]
[0.302, 0.308, 0.244, 0.288, 0.272, 0.206, 0.41, 0.302, 0.312, 0.214, 0.244, 0.26, 0.214, 0.274, 0.268, 0.336, 0.214, 0.376]
[0.302, 0.308, 0.244, 0.288, 0.272, 0.206, 0.41, 0.302, 0.312, 0.214, 0.244, 0.26, 0.214, 0.274, 0.268, 0.336, 0.214, 0.376, 0.224]
[0.302, 0.308, 0.244, 0.288, 0.272, 0.206, 0.41, 0.302, 0.312, 0.214, 0.244, 0.26, 0.214, 0.274, 0.268, 0.336, 0.214, 0.376, 0.224, 0.282]
broken out of loop
Total correct retain:  775  Total retain:  2500
Total correct forget:  13608  Total forget:  47500
Total correct test:  150  Total test:  500
Total correct forget test:  2659  Total test forget:  9500
[0.3]
[0.3, 0.312]
[0.3, 0.312, 0.264]
[0.3, 0.312, 0.264, 0.28]
[0.3, 0.312, 0.264, 0.28, 0.284]
[0.3, 0.312, 0.264, 0.28, 0.284, 0.208]
[0.3, 0.312, 0.264, 0.28, 0.284, 0.208, 0.418]
[0.3, 0.312, 0.264, 0.28, 0.284, 0.208, 0.418, 0.304]
[0.3, 0.312, 0.264, 0.28, 0.284, 0.208, 0.418, 0.304, 0.318]
[0.3, 0.312, 0.264, 0.28, 0.284, 0.208, 0.418, 0.304, 0.318, 0.22]
[0.3, 0.312, 0.264, 0.28, 0.284, 0.208, 0.418, 0.304, 0.318, 0.22, 0.25]
[0.3, 0.312, 0.264, 0.28, 0.284, 0.208, 0.418, 0.304, 0.318, 0.22, 0.25, 0.26]
[0.3, 0.312, 0.264, 0.28, 0.284, 0.208, 0.418, 0.304, 0.318, 0.22, 0.25, 0.26, 0.214]
[0.3, 0.312, 0.264, 0.28, 0.284, 0.208, 0.418, 0.304, 0.318, 0.22, 0.25, 0.26, 0.214, 0.276]
[0.3, 0.312, 0.264, 0.28, 0.284, 0.208, 0.418, 0.304, 0.318, 0.22, 0.25, 0.26, 0.214, 0.276, 0.278]
[0.3, 0.312, 0.264, 0.28, 0.284, 0.208, 0.418, 0.304, 0.318, 0.22, 0.25, 0.26, 0.214, 0.276, 0.278, 0.334]
[0.3, 0.312, 0.264, 0.28, 0.284, 0.208, 0.418, 0.304, 0.318, 0.22, 0.25, 0.26, 0.214, 0.276, 0.278, 0.334, 0.218]
[0.3, 0.312, 0.264, 0.28, 0.284, 0.208, 0.418, 0.304, 0.318, 0.22, 0.25, 0.26, 0.214, 0.276, 0.278, 0.334, 0.218, 0.372]
[0.3, 0.312, 0.264, 0.28, 0.284, 0.208, 0.418, 0.304, 0.318, 0.22, 0.25, 0.26, 0.214, 0.276, 0.278, 0.334, 0.218, 0.372, 0.226]
[0.3, 0.312, 0.264, 0.28, 0.284, 0.208, 0.418, 0.304, 0.318, 0.22, 0.25, 0.26, 0.214, 0.276, 0.278, 0.334, 0.218, 0.372, 0.226, 0.282]
broken out of loop
Total correct retain:  759  Total retain:  2500
Total correct forget:  13901  Total forget:  47500
Total correct test:  145  Total test:  500
Total correct forget test:  2737  Total test forget:  9500
[0.29]
[0.29, 0.32]
[0.29, 0.32, 0.274]
[0.29, 0.32, 0.274, 0.29]
[0.29, 0.32, 0.274, 0.29, 0.3]
[0.29, 0.32, 0.274, 0.29, 0.3, 0.208]
[0.29, 0.32, 0.274, 0.29, 0.3, 0.208, 0.432]
[0.29, 0.32, 0.274, 0.29, 0.3, 0.208, 0.432, 0.318]
[0.29, 0.32, 0.274, 0.29, 0.3, 0.208, 0.432, 0.318, 0.334]
[0.29, 0.32, 0.274, 0.29, 0.3, 0.208, 0.432, 0.318, 0.334, 0.24]
[0.29, 0.32, 0.274, 0.29, 0.3, 0.208, 0.432, 0.318, 0.334, 0.24, 0.252]
[0.29, 0.32, 0.274, 0.29, 0.3, 0.208, 0.432, 0.318, 0.334, 0.24, 0.252, 0.264]
[0.29, 0.32, 0.274, 0.29, 0.3, 0.208, 0.432, 0.318, 0.334, 0.24, 0.252, 0.264, 0.216]
[0.29, 0.32, 0.274, 0.29, 0.3, 0.208, 0.432, 0.318, 0.334, 0.24, 0.252, 0.264, 0.216, 0.304]
[0.29, 0.32, 0.274, 0.29, 0.3, 0.208, 0.432, 0.318, 0.334, 0.24, 0.252, 0.264, 0.216, 0.304, 0.27]
[0.29, 0.32, 0.274, 0.29, 0.3, 0.208, 0.432, 0.318, 0.334, 0.24, 0.252, 0.264, 0.216, 0.304, 0.27, 0.334]
[0.29, 0.32, 0.274, 0.29, 0.3, 0.208, 0.432, 0.318, 0.334, 0.24, 0.252, 0.264, 0.216, 0.304, 0.27, 0.334, 0.22]
[0.29, 0.32, 0.274, 0.29, 0.3, 0.208, 0.432, 0.318, 0.334, 0.24, 0.252, 0.264, 0.216, 0.304, 0.27, 0.334, 0.22, 0.386]
[0.29, 0.32, 0.274, 0.29, 0.3, 0.208, 0.432, 0.318, 0.334, 0.24, 0.252, 0.264, 0.216, 0.304, 0.27, 0.334, 0.22, 0.386, 0.224]
[0.29, 0.32, 0.274, 0.29, 0.3, 0.208, 0.432, 0.318, 0.334, 0.24, 0.252, 0.264, 0.216, 0.304, 0.27, 0.334, 0.22, 0.386, 0.224, 0.288]
broken out of loop
Total correct retain:  747  Total retain:  2500
Total correct forget:  14158  Total forget:  47500
Total correct test:  144  Total test:  500
Total correct forget test:  2794  Total test forget:  9500
[0.288]
[0.288, 0.324]
[0.288, 0.324, 0.288]
[0.288, 0.324, 0.288, 0.292]
[0.288, 0.324, 0.288, 0.292, 0.306]
[0.288, 0.324, 0.288, 0.292, 0.306, 0.204]
[0.288, 0.324, 0.288, 0.292, 0.306, 0.204, 0.438]
[0.288, 0.324, 0.288, 0.292, 0.306, 0.204, 0.438, 0.334]
[0.288, 0.324, 0.288, 0.292, 0.306, 0.204, 0.438, 0.334, 0.334]
[0.288, 0.324, 0.288, 0.292, 0.306, 0.204, 0.438, 0.334, 0.334, 0.258]
[0.288, 0.324, 0.288, 0.292, 0.306, 0.204, 0.438, 0.334, 0.334, 0.258, 0.266]
[0.288, 0.324, 0.288, 0.292, 0.306, 0.204, 0.438, 0.334, 0.334, 0.258, 0.266, 0.276]
[0.288, 0.324, 0.288, 0.292, 0.306, 0.204, 0.438, 0.334, 0.334, 0.258, 0.266, 0.276, 0.218]
[0.288, 0.324, 0.288, 0.292, 0.306, 0.204, 0.438, 0.334, 0.334, 0.258, 0.266, 0.276, 0.218, 0.326]
[0.288, 0.324, 0.288, 0.292, 0.306, 0.204, 0.438, 0.334, 0.334, 0.258, 0.266, 0.276, 0.218, 0.326, 0.276]
[0.288, 0.324, 0.288, 0.292, 0.306, 0.204, 0.438, 0.334, 0.334, 0.258, 0.266, 0.276, 0.218, 0.326, 0.276, 0.336]
[0.288, 0.324, 0.288, 0.292, 0.306, 0.204, 0.438, 0.334, 0.334, 0.258, 0.266, 0.276, 0.218, 0.326, 0.276, 0.336, 0.216]
[0.288, 0.324, 0.288, 0.292, 0.306, 0.204, 0.438, 0.334, 0.334, 0.258, 0.266, 0.276, 0.218, 0.326, 0.276, 0.336, 0.216, 0.368]
[0.288, 0.324, 0.288, 0.292, 0.306, 0.204, 0.438, 0.334, 0.334, 0.258, 0.266, 0.276, 0.218, 0.326, 0.276, 0.336, 0.216, 0.368, 0.234]
[0.288, 0.324, 0.288, 0.292, 0.306, 0.204, 0.438, 0.334, 0.334, 0.258, 0.266, 0.276, 0.218, 0.326, 0.276, 0.336, 0.216, 0.368, 0.234, 0.294]
broken out of loop
Total correct retain:  746  Total retain:  2500
Total correct forget:  14368  Total forget:  47500
Total correct test:  140  Total test:  500
Total correct forget test:  2850  Total test forget:  9500
[0.28]
[0.28, 0.336]
[0.28, 0.336, 0.306]
[0.28, 0.336, 0.306, 0.3]
[0.28, 0.336, 0.306, 0.3, 0.304]
[0.28, 0.336, 0.306, 0.3, 0.304, 0.208]
[0.28, 0.336, 0.306, 0.3, 0.304, 0.208, 0.45]
[0.28, 0.336, 0.306, 0.3, 0.304, 0.208, 0.45, 0.344]
[0.28, 0.336, 0.306, 0.3, 0.304, 0.208, 0.45, 0.344, 0.34]
[0.28, 0.336, 0.306, 0.3, 0.304, 0.208, 0.45, 0.344, 0.34, 0.272]
[0.28, 0.336, 0.306, 0.3, 0.304, 0.208, 0.45, 0.344, 0.34, 0.272, 0.262]
[0.28, 0.336, 0.306, 0.3, 0.304, 0.208, 0.45, 0.344, 0.34, 0.272, 0.262, 0.272]
[0.28, 0.336, 0.306, 0.3, 0.304, 0.208, 0.45, 0.344, 0.34, 0.272, 0.262, 0.272, 0.214]
[0.28, 0.336, 0.306, 0.3, 0.304, 0.208, 0.45, 0.344, 0.34, 0.272, 0.262, 0.272, 0.214, 0.328]
[0.28, 0.336, 0.306, 0.3, 0.304, 0.208, 0.45, 0.344, 0.34, 0.272, 0.262, 0.272, 0.214, 0.328, 0.278]
[0.28, 0.336, 0.306, 0.3, 0.304, 0.208, 0.45, 0.344, 0.34, 0.272, 0.262, 0.272, 0.214, 0.328, 0.278, 0.34]
[0.28, 0.336, 0.306, 0.3, 0.304, 0.208, 0.45, 0.344, 0.34, 0.272, 0.262, 0.272, 0.214, 0.328, 0.278, 0.34, 0.236]
[0.28, 0.336, 0.306, 0.3, 0.304, 0.208, 0.45, 0.344, 0.34, 0.272, 0.262, 0.272, 0.214, 0.328, 0.278, 0.34, 0.236, 0.372]
[0.28, 0.336, 0.306, 0.3, 0.304, 0.208, 0.45, 0.344, 0.34, 0.272, 0.262, 0.272, 0.214, 0.328, 0.278, 0.34, 0.236, 0.372, 0.234]
[0.28, 0.336, 0.306, 0.3, 0.304, 0.208, 0.45, 0.344, 0.34, 0.272, 0.262, 0.272, 0.214, 0.328, 0.278, 0.34, 0.236, 0.372, 0.234, 0.304]
broken out of loop
Total correct retain:  726  Total retain:  2500
Total correct forget:  14613  Total forget:  47500
Total correct test:  133  Total test:  500
Total correct forget test:  2893  Total test forget:  9500
[0.266]
[0.266, 0.348]
[0.266, 0.348, 0.304]
[0.266, 0.348, 0.304, 0.308]
[0.266, 0.348, 0.304, 0.308, 0.33]
[0.266, 0.348, 0.304, 0.308, 0.33, 0.216]
[0.266, 0.348, 0.304, 0.308, 0.33, 0.216, 0.448]
[0.266, 0.348, 0.304, 0.308, 0.33, 0.216, 0.448, 0.344]
[0.266, 0.348, 0.304, 0.308, 0.33, 0.216, 0.448, 0.344, 0.346]
[0.266, 0.348, 0.304, 0.308, 0.33, 0.216, 0.448, 0.344, 0.346, 0.276]
[0.266, 0.348, 0.304, 0.308, 0.33, 0.216, 0.448, 0.344, 0.346, 0.276, 0.266]
[0.266, 0.348, 0.304, 0.308, 0.33, 0.216, 0.448, 0.344, 0.346, 0.276, 0.266, 0.274]
[0.266, 0.348, 0.304, 0.308, 0.33, 0.216, 0.448, 0.344, 0.346, 0.276, 0.266, 0.274, 0.222]
[0.266, 0.348, 0.304, 0.308, 0.33, 0.216, 0.448, 0.344, 0.346, 0.276, 0.266, 0.274, 0.222, 0.336]
[0.266, 0.348, 0.304, 0.308, 0.33, 0.216, 0.448, 0.344, 0.346, 0.276, 0.266, 0.274, 0.222, 0.336, 0.27]
[0.266, 0.348, 0.304, 0.308, 0.33, 0.216, 0.448, 0.344, 0.346, 0.276, 0.266, 0.274, 0.222, 0.336, 0.27, 0.338]
[0.266, 0.348, 0.304, 0.308, 0.33, 0.216, 0.448, 0.344, 0.346, 0.276, 0.266, 0.274, 0.222, 0.336, 0.27, 0.338, 0.244]
[0.266, 0.348, 0.304, 0.308, 0.33, 0.216, 0.448, 0.344, 0.346, 0.276, 0.266, 0.274, 0.222, 0.336, 0.27, 0.338, 0.244, 0.368]
[0.266, 0.348, 0.304, 0.308, 0.33, 0.216, 0.448, 0.344, 0.346, 0.276, 0.266, 0.274, 0.222, 0.336, 0.27, 0.338, 0.244, 0.368, 0.242]
[0.266, 0.348, 0.304, 0.308, 0.33, 0.216, 0.448, 0.344, 0.346, 0.276, 0.266, 0.274, 0.222, 0.336, 0.27, 0.338, 0.244, 0.368, 0.242, 0.306]
broken out of loop
Total correct retain:  698  Total retain:  2500
Total correct forget:  14739  Total forget:  47500
Total correct test:  130  Total test:  500
Total correct forget test:  2922  Total test forget:  9500
[0.26]
[0.26, 0.352]
[0.26, 0.352, 0.312]
[0.26, 0.352, 0.312, 0.312]
[0.26, 0.352, 0.312, 0.312, 0.332]
[0.26, 0.352, 0.312, 0.312, 0.332, 0.218]
[0.26, 0.352, 0.312, 0.312, 0.332, 0.218, 0.454]
[0.26, 0.352, 0.312, 0.312, 0.332, 0.218, 0.454, 0.35]
[0.26, 0.352, 0.312, 0.312, 0.332, 0.218, 0.454, 0.35, 0.35]
[0.26, 0.352, 0.312, 0.312, 0.332, 0.218, 0.454, 0.35, 0.35, 0.272]
[0.26, 0.352, 0.312, 0.312, 0.332, 0.218, 0.454, 0.35, 0.35, 0.272, 0.268]
[0.26, 0.352, 0.312, 0.312, 0.332, 0.218, 0.454, 0.35, 0.35, 0.272, 0.268, 0.276]
[0.26, 0.352, 0.312, 0.312, 0.332, 0.218, 0.454, 0.35, 0.35, 0.272, 0.268, 0.276, 0.228]
[0.26, 0.352, 0.312, 0.312, 0.332, 0.218, 0.454, 0.35, 0.35, 0.272, 0.268, 0.276, 0.228, 0.348]
[0.26, 0.352, 0.312, 0.312, 0.332, 0.218, 0.454, 0.35, 0.35, 0.272, 0.268, 0.276, 0.228, 0.348, 0.268]
[0.26, 0.352, 0.312, 0.312, 0.332, 0.218, 0.454, 0.35, 0.35, 0.272, 0.268, 0.276, 0.228, 0.348, 0.268, 0.322]
[0.26, 0.352, 0.312, 0.312, 0.332, 0.218, 0.454, 0.35, 0.35, 0.272, 0.268, 0.276, 0.228, 0.348, 0.268, 0.322, 0.246]
[0.26, 0.352, 0.312, 0.312, 0.332, 0.218, 0.454, 0.35, 0.35, 0.272, 0.268, 0.276, 0.228, 0.348, 0.268, 0.322, 0.246, 0.372]
[0.26, 0.352, 0.312, 0.312, 0.332, 0.218, 0.454, 0.35, 0.35, 0.272, 0.268, 0.276, 0.228, 0.348, 0.268, 0.322, 0.246, 0.372, 0.254]
[0.26, 0.352, 0.312, 0.312, 0.332, 0.218, 0.454, 0.35, 0.35, 0.272, 0.268, 0.276, 0.228, 0.348, 0.268, 0.322, 0.246, 0.372, 0.254, 0.31]
broken out of loop
Total correct retain:  698  Total retain:  2500
Total correct forget:  14868  Total forget:  47500
Total correct test:  132  Total test:  500
Total correct forget test:  2964  Total test forget:  9500
[0.264]
[0.264, 0.352]
[0.264, 0.352, 0.322]
[0.264, 0.352, 0.322, 0.318]
[0.264, 0.352, 0.322, 0.318, 0.332]
[0.264, 0.352, 0.322, 0.318, 0.332, 0.216]
[0.264, 0.352, 0.322, 0.318, 0.332, 0.216, 0.454]
[0.264, 0.352, 0.322, 0.318, 0.332, 0.216, 0.454, 0.354]
[0.264, 0.352, 0.322, 0.318, 0.332, 0.216, 0.454, 0.354, 0.36]
[0.264, 0.352, 0.322, 0.318, 0.332, 0.216, 0.454, 0.354, 0.36, 0.28]
[0.264, 0.352, 0.322, 0.318, 0.332, 0.216, 0.454, 0.354, 0.36, 0.28, 0.272]
[0.264, 0.352, 0.322, 0.318, 0.332, 0.216, 0.454, 0.354, 0.36, 0.28, 0.272, 0.284]
[0.264, 0.352, 0.322, 0.318, 0.332, 0.216, 0.454, 0.354, 0.36, 0.28, 0.272, 0.284, 0.232]
[0.264, 0.352, 0.322, 0.318, 0.332, 0.216, 0.454, 0.354, 0.36, 0.28, 0.272, 0.284, 0.232, 0.37]
[0.264, 0.352, 0.322, 0.318, 0.332, 0.216, 0.454, 0.354, 0.36, 0.28, 0.272, 0.284, 0.232, 0.37, 0.274]
[0.264, 0.352, 0.322, 0.318, 0.332, 0.216, 0.454, 0.354, 0.36, 0.28, 0.272, 0.284, 0.232, 0.37, 0.274, 0.32]
[0.264, 0.352, 0.322, 0.318, 0.332, 0.216, 0.454, 0.354, 0.36, 0.28, 0.272, 0.284, 0.232, 0.37, 0.274, 0.32, 0.252]
[0.264, 0.352, 0.322, 0.318, 0.332, 0.216, 0.454, 0.354, 0.36, 0.28, 0.272, 0.284, 0.232, 0.37, 0.274, 0.32, 0.252, 0.368]
[0.264, 0.352, 0.322, 0.318, 0.332, 0.216, 0.454, 0.354, 0.36, 0.28, 0.272, 0.284, 0.232, 0.37, 0.274, 0.32, 0.252, 0.368, 0.26]
[0.264, 0.352, 0.322, 0.318, 0.332, 0.216, 0.454, 0.354, 0.36, 0.28, 0.272, 0.284, 0.232, 0.37, 0.274, 0.32, 0.252, 0.368, 0.26, 0.308]
broken out of loop
Total correct retain:  702  Total retain:  2500
Total correct forget:  14979  Total forget:  47500
Total correct test:  131  Total test:  500
Total correct forget test:  2972  Total test forget:  9500
[0.262]
[0.262, 0.352]
[0.262, 0.352, 0.324]
[0.262, 0.352, 0.324, 0.33]
[0.262, 0.352, 0.324, 0.33, 0.336]
[0.262, 0.352, 0.324, 0.33, 0.336, 0.22]
[0.262, 0.352, 0.324, 0.33, 0.336, 0.22, 0.454]
[0.262, 0.352, 0.324, 0.33, 0.336, 0.22, 0.454, 0.352]
[0.262, 0.352, 0.324, 0.33, 0.336, 0.22, 0.454, 0.352, 0.36]
[0.262, 0.352, 0.324, 0.33, 0.336, 0.22, 0.454, 0.352, 0.36, 0.288]
[0.262, 0.352, 0.324, 0.33, 0.336, 0.22, 0.454, 0.352, 0.36, 0.288, 0.278]
[0.262, 0.352, 0.324, 0.33, 0.336, 0.22, 0.454, 0.352, 0.36, 0.288, 0.278, 0.28]
[0.262, 0.352, 0.324, 0.33, 0.336, 0.22, 0.454, 0.352, 0.36, 0.288, 0.278, 0.28, 0.224]
[0.262, 0.352, 0.324, 0.33, 0.336, 0.22, 0.454, 0.352, 0.36, 0.288, 0.278, 0.28, 0.224, 0.37]
[0.262, 0.352, 0.324, 0.33, 0.336, 0.22, 0.454, 0.352, 0.36, 0.288, 0.278, 0.28, 0.224, 0.37, 0.274]
[0.262, 0.352, 0.324, 0.33, 0.336, 0.22, 0.454, 0.352, 0.36, 0.288, 0.278, 0.28, 0.224, 0.37, 0.274, 0.324]
[0.262, 0.352, 0.324, 0.33, 0.336, 0.22, 0.454, 0.352, 0.36, 0.288, 0.278, 0.28, 0.224, 0.37, 0.274, 0.324, 0.248]
[0.262, 0.352, 0.324, 0.33, 0.336, 0.22, 0.454, 0.352, 0.36, 0.288, 0.278, 0.28, 0.224, 0.37, 0.274, 0.324, 0.248, 0.362]
[0.262, 0.352, 0.324, 0.33, 0.336, 0.22, 0.454, 0.352, 0.36, 0.288, 0.278, 0.28, 0.224, 0.37, 0.274, 0.324, 0.248, 0.362, 0.258]
[0.262, 0.352, 0.324, 0.33, 0.336, 0.22, 0.454, 0.352, 0.36, 0.288, 0.278, 0.28, 0.224, 0.37, 0.274, 0.324, 0.248, 0.362, 0.258, 0.31]
broken out of loop
Total correct retain:  700  Total retain:  2500
Total correct forget:  15094  Total forget:  47500
Total correct test:  130  Total test:  500
Total correct forget test:  2974  Total test forget:  9500
[0.26]
[0.26, 0.348]
[0.26, 0.348, 0.326]
[0.26, 0.348, 0.326, 0.334]
[0.26, 0.348, 0.326, 0.334, 0.336]
[0.26, 0.348, 0.326, 0.334, 0.336, 0.212]
[0.26, 0.348, 0.326, 0.334, 0.336, 0.212, 0.454]
[0.26, 0.348, 0.326, 0.334, 0.336, 0.212, 0.454, 0.36]
[0.26, 0.348, 0.326, 0.334, 0.336, 0.212, 0.454, 0.36, 0.362]
[0.26, 0.348, 0.326, 0.334, 0.336, 0.212, 0.454, 0.36, 0.362, 0.292]
[0.26, 0.348, 0.326, 0.334, 0.336, 0.212, 0.454, 0.36, 0.362, 0.292, 0.274]
[0.26, 0.348, 0.326, 0.334, 0.336, 0.212, 0.454, 0.36, 0.362, 0.292, 0.274, 0.276]
[0.26, 0.348, 0.326, 0.334, 0.336, 0.212, 0.454, 0.36, 0.362, 0.292, 0.274, 0.276, 0.222]
[0.26, 0.348, 0.326, 0.334, 0.336, 0.212, 0.454, 0.36, 0.362, 0.292, 0.274, 0.276, 0.222, 0.38]
[0.26, 0.348, 0.326, 0.334, 0.336, 0.212, 0.454, 0.36, 0.362, 0.292, 0.274, 0.276, 0.222, 0.38, 0.278]
[0.26, 0.348, 0.326, 0.334, 0.336, 0.212, 0.454, 0.36, 0.362, 0.292, 0.274, 0.276, 0.222, 0.38, 0.278, 0.322]
[0.26, 0.348, 0.326, 0.334, 0.336, 0.212, 0.454, 0.36, 0.362, 0.292, 0.274, 0.276, 0.222, 0.38, 0.278, 0.322, 0.244]
[0.26, 0.348, 0.326, 0.334, 0.336, 0.212, 0.454, 0.36, 0.362, 0.292, 0.274, 0.276, 0.222, 0.38, 0.278, 0.322, 0.244, 0.36]
[0.26, 0.348, 0.326, 0.334, 0.336, 0.212, 0.454, 0.36, 0.362, 0.292, 0.274, 0.276, 0.222, 0.38, 0.278, 0.322, 0.244, 0.36, 0.258]
[0.26, 0.348, 0.326, 0.334, 0.336, 0.212, 0.454, 0.36, 0.362, 0.292, 0.274, 0.276, 0.222, 0.38, 0.278, 0.322, 0.244, 0.36, 0.258, 0.31]
[[0.632, 0.352, 0.48, 0.534, 0.722, 0.472, 0.55, 0.522, 0.53, 0.504, 0.504, 0.448, 0.614, 0.62, 0.372, 0.518, 0.442, 0.514, 0.472, 0.436], [0.628, 0.364, 0.474, 0.572, 0.736, 0.492, 0.558, 0.522, 0.524, 0.524, 0.514, 0.442, 0.608, 0.642, 0.37, 0.54, 0.478, 0.514, 0.482, 0.406], [0.674, 0.43, 0.52, 0.61, 0.806, 0.538, 0.618, 0.578, 0.628, 0.58, 0.546, 0.494, 0.644, 0.672, 0.41, 0.648, 0.546, 0.606, 0.484, 0.328], [0.674, 0.482, 0.496, 0.656, 0.848, 0.52, 0.602, 0.654, 0.63, 0.6, 0.564, 0.574, 0.676, 0.694, 0.416, 0.638, 0.604, 0.63, 0.42, 0.334], [0.268, 0.23, 0.152, 0.22, 0.204, 0.22, 0.26, 0.24, 0.248, 0.124, 0.146, 0.224, 0.212, 0.16, 0.248, 0.23, 0.226, 0.29, 0.202, 0.25], [0.276, 0.238, 0.156, 0.24, 0.212, 0.22, 0.29, 0.25, 0.25, 0.138, 0.16, 0.244, 0.214, 0.158, 0.244, 0.282, 0.214, 0.314, 0.202, 0.262], [0.296, 0.234, 0.168, 0.244, 0.22, 0.216, 0.314, 0.25, 0.268, 0.146, 0.21, 0.248, 0.216, 0.168, 0.238, 0.304, 0.212, 0.324, 0.204, 0.274], [0.308, 0.264, 0.186, 0.256, 0.242, 0.218, 0.328, 0.26, 0.276, 0.164, 0.226, 0.246, 0.214, 0.194, 0.246, 0.304, 0.206, 0.35, 0.206, 0.278], [0.314, 0.278, 0.206, 0.264, 0.244, 0.218, 0.35, 0.274, 0.288, 0.192, 0.236, 0.262, 0.212, 0.22, 0.252, 0.322, 0.204, 0.364, 0.206, 0.28], [0.308, 0.308, 0.22, 0.274, 0.25, 0.202, 0.388, 0.284, 0.298, 0.204, 0.244, 0.252, 0.224, 0.26, 0.26, 0.33, 0.2, 0.372, 0.22, 0.28], [0.302, 0.308, 0.244, 0.288, 0.272, 0.206, 0.41, 0.302, 0.312, 0.214, 0.244, 0.26, 0.214, 0.274, 0.268, 0.336, 0.214, 0.376, 0.224, 0.282], [0.3, 0.312, 0.264, 0.28, 0.284, 0.208, 0.418, 0.304, 0.318, 0.22, 0.25, 0.26, 0.214, 0.276, 0.278, 0.334, 0.218, 0.372, 0.226, 0.282], [0.29, 0.32, 0.274, 0.29, 0.3, 0.208, 0.432, 0.318, 0.334, 0.24, 0.252, 0.264, 0.216, 0.304, 0.27, 0.334, 0.22, 0.386, 0.224, 0.288], [0.288, 0.324, 0.288, 0.292, 0.306, 0.204, 0.438, 0.334, 0.334, 0.258, 0.266, 0.276, 0.218, 0.326, 0.276, 0.336, 0.216, 0.368, 0.234, 0.294], [0.28, 0.336, 0.306, 0.3, 0.304, 0.208, 0.45, 0.344, 0.34, 0.272, 0.262, 0.272, 0.214, 0.328, 0.278, 0.34, 0.236, 0.372, 0.234, 0.304], [0.266, 0.348, 0.304, 0.308, 0.33, 0.216, 0.448, 0.344, 0.346, 0.276, 0.266, 0.274, 0.222, 0.336, 0.27, 0.338, 0.244, 0.368, 0.242, 0.306], [0.26, 0.352, 0.312, 0.312, 0.332, 0.218, 0.454, 0.35, 0.35, 0.272, 0.268, 0.276, 0.228, 0.348, 0.268, 0.322, 0.246, 0.372, 0.254, 0.31], [0.264, 0.352, 0.322, 0.318, 0.332, 0.216, 0.454, 0.354, 0.36, 0.28, 0.272, 0.284, 0.232, 0.37, 0.274, 0.32, 0.252, 0.368, 0.26, 0.308], [0.262, 0.352, 0.324, 0.33, 0.336, 0.22, 0.454, 0.352, 0.36, 0.288, 0.278, 0.28, 0.224, 0.37, 0.274, 0.324, 0.248, 0.362, 0.258, 0.31], [0.26, 0.348, 0.326, 0.334, 0.336, 0.212, 0.454, 0.36, 0.362, 0.292, 0.274, 0.276, 0.222, 0.38, 0.278, 0.322, 0.244, 0.36, 0.258, 0.31]]
20
20
Plot  0  Done
Average Retain Accuracies:  [0.6392, 0.6496, 0.7004, 0.722, 0.278, 0.2944, 0.3024, 0.3076, 0.3088, 0.314, 0.3108, 0.31, 0.3036, 0.2988, 0.2984, 0.2904, 0.2792, 0.2792, 0.2808, 0.28]
Average Forget Accuracies:  [0.5101052631578947, 0.5211578947368422, 0.5724421052631579, 0.6017894736842105, 0.21955789473684212, 0.23016842105263158, 0.24086315789473683, 0.2522526315789474, 0.2635578947368421, 0.2724421052631579, 0.27997894736842105, 0.2864842105263158, 0.2926526315789474, 0.29806315789473686, 0.3024842105263158, 0.3076421052631579, 0.3102947368421053, 0.31301052631578946, 0.31534736842105265, 0.3177684210526316]
Average Retain Test Accuracies:  [0.632, 0.628, 0.674, 0.674, 0.268, 0.276, 0.296, 0.308, 0.314, 0.308, 0.302, 0.3, 0.29, 0.288, 0.28, 0.266, 0.26, 0.264, 0.262, 0.26]
Average Forget Test Accuracies:  [0.505578947368421, 0.5137894736842106, 0.5624210526315789, 0.5809473684210527, 0.21505263157894736, 0.2256842105263158, 0.2346315789473684, 0.24547368421052632, 0.25642105263157894, 0.2668421052631579, 0.27621052631578946, 0.27989473684210525, 0.28810526315789475, 0.29410526315789476, 0.3, 0.3045263157894737, 0.30757894736842106, 0.312, 0.3128421052631579, 0.31305263157894736]
Done
