Requirement already satisfied: pyyaml in /usr/lib64/python3.12/site-packages (6.0.1)
Requirement already satisfied: setuptools in /usr/lib/python3.12/site-packages (68.2.2)
Requirement already satisfied: matplotlib in /dcs/21/u2145461/.local/lib/python3.12/site-packages (3.10.1)
Requirement already satisfied: contourpy>=1.0.1 in /dcs/21/u2145461/.local/lib/python3.12/site-packages (from matplotlib) (1.3.1)
Requirement already satisfied: cycler>=0.10 in /dcs/21/u2145461/.local/lib/python3.12/site-packages (from matplotlib) (0.12.1)
Requirement already satisfied: fonttools>=4.22.0 in /dcs/21/u2145461/.local/lib/python3.12/site-packages (from matplotlib) (4.56.0)
Requirement already satisfied: kiwisolver>=1.3.1 in /dcs/21/u2145461/.local/lib/python3.12/site-packages (from matplotlib) (1.4.8)
Requirement already satisfied: numpy>=1.23 in /dcs/21/u2145461/.local/lib/python3.12/site-packages (from matplotlib) (2.2.3)
Requirement already satisfied: packaging>=20.0 in /dcs/21/u2145461/.local/lib/python3.12/site-packages (from matplotlib) (24.2)
Requirement already satisfied: pillow>=8 in /dcs/21/u2145461/.local/lib/python3.12/site-packages (from matplotlib) (11.0.0)
Requirement already satisfied: pyparsing>=2.3.1 in /dcs/21/u2145461/.local/lib/python3.12/site-packages (from matplotlib) (3.2.1)
Requirement already satisfied: python-dateutil>=2.7 in /dcs/21/u2145461/.local/lib/python3.12/site-packages (from matplotlib) (2.9.0.post0)
Requirement already satisfied: six>=1.5 in /dcs/21/u2145461/.local/lib/python3.12/site-packages (from python-dateutil>=2.7->matplotlib) (1.17.0)
Requirement already satisfied: quadprog in /dcs/21/u2145461/.local/lib/python3.12/site-packages (0.1.13)
Requirement already satisfied: numpy in /dcs/21/u2145461/.local/lib/python3.12/site-packages (from quadprog) (2.2.3)
Requirement already satisfied: pyparsing in /dcs/21/u2145461/.local/lib/python3.12/site-packages (3.2.1)
Requirement already satisfied: pandas in /dcs/21/u2145461/.local/lib/python3.12/site-packages (2.2.3)
Requirement already satisfied: numpy>=1.26.0 in /dcs/21/u2145461/.local/lib/python3.12/site-packages (from pandas) (2.2.3)
Requirement already satisfied: python-dateutil>=2.8.2 in /dcs/21/u2145461/.local/lib/python3.12/site-packages (from pandas) (2.9.0.post0)
Requirement already satisfied: pytz>=2020.1 in /dcs/21/u2145461/.local/lib/python3.12/site-packages (from pandas) (2025.1)
Requirement already satisfied: tzdata>=2022.7 in /dcs/21/u2145461/.local/lib/python3.12/site-packages (from pandas) (2025.1)
Requirement already satisfied: six>=1.5 in /dcs/21/u2145461/.local/lib/python3.12/site-packages (from python-dateutil>=2.8.2->pandas) (1.17.0)
Requirement already satisfied: numpy in /dcs/21/u2145461/.local/lib/python3.12/site-packages (2.2.3)
Sun Apr  6 23:17:37 2025       
+-----------------------------------------------------------------------------------------+
| NVIDIA-SMI 550.144.03             Driver Version: 550.144.03     CUDA Version: 12.4     |
|-----------------------------------------+------------------------+----------------------+
| GPU  Name                 Persistence-M | Bus-Id          Disp.A | Volatile Uncorr. ECC |
| Fan  Temp   Perf          Pwr:Usage/Cap |           Memory-Usage | GPU-Util  Compute M. |
|                                         |                        |               MIG M. |
|=========================================+========================+======================|
|   0  NVIDIA RTX A5000               Off |   00000000:01:00.0 Off |                  Off |
| 30%   56C    P0             N/A /  230W |       1MiB /  24564MiB |      0%      Default |
|                                         |                        |                  N/A |
+-----------------------------------------+------------------------+----------------------+
                                                                                         
+-----------------------------------------------------------------------------------------+
| Processes:                                                                              |
|  GPU   GI   CI        PID   Type   Process name                              GPU Memory |
|        ID   ID                                                               Usage      |
|=========================================================================================|
|  No running processes found                                                             |
+-----------------------------------------------------------------------------------------+
Python 3.12.8
./cifar-100-python/train
./cifar-100-python/test
Unlearn Batch Size:  16
Unlearn MEM Strength:  0.6
cifar-100-python/train
cifar-100-python/test
new ordering of classes:  ['palm', 'beaver', 'lawn-mower', 'mushrooms', 'camel', 'skyscraper', 'crab', 'couch', 'pears', 'cans', 'sea', 'roses', 'fox', 'shrew', 'flatfish', 'bicycle', 'television', 'castle', 'bee', 'cloud', 'woman', 'sweet peppers', 'lizard', 'snail', 'bus', 'train', 'plain', 'crocodile', 'computer keyboard', 'road', 'bottles', 'clock', 'wolf', 'elephant', 'cups', 'streetcar', 'willow', 'seal', 'butterfly', 'boy', 'plates', 'cockroach', 'pickup truck', 'whale', 'lion', 'dinosaur', 'motorcycle', 'man', 'cattle', 'kangaroo', 'tractor', 'oak', 'spider', 'bear', 'bed', 'lobster', 'forest', 'tiger', 'bowls', 'shark', 'chimpanzee', 'mountain', 'sunflowers', 'raccoon', 'house', 'worm', 'mouse', 'otter', 'trout', 'aquarium fish', 'beetle', 'oranges', 'leopard', 'tulips', 'telephone', 'chair', 'turtle', 'skunk', 'dolphin', 'lamp', 'squirrel', 'poppies', 'pine', 'rabbit', 'girl', 'table', 'maple', 'tank', 'ray', 'rocket', 'orchids', 'snake', 'caterpillar', 'hamster', 'possum', 'apples', 'baby', 'porcupine', 'bridge', 'wardrobe']
Training task:  1
[0.616, 0.11, 0.232, 0.2, 0.238, 0.122, 0.192, 0.208, 0.284, 0.176, 0.24, 0.224, 0.172, 0.212, 0.196, 0.162, 0.156, 0.174, 0.204, 0.238]
Training task:  2
[0.49, 0.696, 0.288, 0.2, 0.154, 0.13, 0.152, 0.21, 0.218, 0.136, 0.238, 0.126, 0.206, 0.2, 0.158, 0.204, 0.3, 0.252, 0.188, 0.188]
Training task:  3
[0.612, 0.704, 0.834, 0.2, 0.164, 0.142, 0.172, 0.148, 0.216, 0.16, 0.17, 0.18, 0.156, 0.202, 0.166, 0.2, 0.198, 0.182, 0.222, 0.198]
Training task:  4
[0.588, 0.728, 0.812, 0.866, 0.176, 0.144, 0.172, 0.122, 0.254, 0.134, 0.134, 0.114, 0.196, 0.204, 0.192, 0.208, 0.234, 0.15, 0.206, 0.144]
Training task:  5
[0.552, 0.676, 0.79, 0.76, 0.76, 0.156, 0.17, 0.11, 0.24, 0.192, 0.128, 0.148, 0.088, 0.192, 0.152, 0.204, 0.202, 0.172, 0.172, 0.174]
Training task:  6
[0.552, 0.71, 0.768, 0.778, 0.654, 0.81, 0.11, 0.168, 0.286, 0.178, 0.138, 0.144, 0.122, 0.208, 0.152, 0.196, 0.256, 0.148, 0.182, 0.218]
Training task:  7
[0.502, 0.634, 0.686, 0.762, 0.568, 0.684, 0.702, 0.168, 0.306, 0.17, 0.12, 0.162, 0.094, 0.216, 0.22, 0.188, 0.174, 0.134, 0.182, 0.22]
Training task:  8
[0.618, 0.698, 0.802, 0.77, 0.714, 0.736, 0.648, 0.832, 0.3, 0.232, 0.146, 0.168, 0.122, 0.22, 0.252, 0.192, 0.194, 0.166, 0.116, 0.22]
Training task:  9
[0.606, 0.724, 0.786, 0.75, 0.688, 0.714, 0.636, 0.764, 0.902, 0.186, 0.148, 0.156, 0.126, 0.236, 0.184, 0.226, 0.218, 0.128, 0.148, 0.212]
Training task:  10
[0.592, 0.702, 0.796, 0.728, 0.726, 0.688, 0.598, 0.754, 0.824, 0.81, 0.174, 0.208, 0.16, 0.22, 0.21, 0.208, 0.192, 0.172, 0.172, 0.216]
Training task:  11
[0.606, 0.69, 0.778, 0.768, 0.682, 0.732, 0.576, 0.766, 0.806, 0.758, 0.848, 0.164, 0.174, 0.2, 0.236, 0.202, 0.236, 0.188, 0.208, 0.246]
Training task:  12
[0.584, 0.688, 0.732, 0.752, 0.666, 0.7, 0.58, 0.73, 0.836, 0.748, 0.726, 0.72, 0.084, 0.2, 0.264, 0.216, 0.172, 0.158, 0.198, 0.186]
Training task:  13
[0.588, 0.684, 0.768, 0.774, 0.664, 0.69, 0.576, 0.712, 0.784, 0.726, 0.782, 0.686, 0.834, 0.188, 0.246, 0.214, 0.124, 0.16, 0.188, 0.216]
Training task:  14
[0.506, 0.664, 0.69, 0.726, 0.612, 0.624, 0.55, 0.614, 0.738, 0.668, 0.686, 0.584, 0.716, 0.606, 0.192, 0.202, 0.182, 0.2, 0.204, 0.256]
Training task:  15
[0.554, 0.646, 0.72, 0.698, 0.636, 0.64, 0.542, 0.64, 0.78, 0.658, 0.66, 0.608, 0.71, 0.668, 0.808, 0.17, 0.192, 0.148, 0.144, 0.264]
Training task:  16
[0.574, 0.654, 0.73, 0.722, 0.6, 0.672, 0.554, 0.646, 0.778, 0.694, 0.66, 0.594, 0.724, 0.66, 0.766, 0.78, 0.206, 0.194, 0.194, 0.192]
Training task:  17
[0.556, 0.66, 0.75, 0.696, 0.626, 0.634, 0.554, 0.614, 0.74, 0.648, 0.666, 0.584, 0.702, 0.594, 0.732, 0.722, 0.732, 0.194, 0.2, 0.238]
Training task:  18
[0.574, 0.676, 0.76, 0.75, 0.626, 0.702, 0.528, 0.656, 0.77, 0.65, 0.706, 0.58, 0.704, 0.614, 0.72, 0.69, 0.684, 0.818, 0.228, 0.23]
Training task:  19
[0.592, 0.686, 0.78, 0.734, 0.666, 0.668, 0.546, 0.652, 0.752, 0.678, 0.67, 0.584, 0.674, 0.604, 0.726, 0.682, 0.706, 0.784, 0.758, 0.296]
Training task:  20
[0.54, 0.68, 0.768, 0.75, 0.636, 0.67, 0.562, 0.698, 0.766, 0.672, 0.666, 0.614, 0.684, 0.624, 0.748, 0.702, 0.69, 0.77, 0.744, 0.876]
Unlearning task:  20
Total correct retain:  1500  Total retain:  2500
Total correct forget:  37456  Total forget:  47500
Total correct test:  270  Total test:  500
Total correct forget test:  6660  Total test forget:  9500
[0.54]
[0.54, 0.68]
[0.54, 0.68, 0.768]
[0.54, 0.68, 0.768, 0.75]
[0.54, 0.68, 0.768, 0.75, 0.636]
[0.54, 0.68, 0.768, 0.75, 0.636, 0.67]
[0.54, 0.68, 0.768, 0.75, 0.636, 0.67, 0.562]
[0.54, 0.68, 0.768, 0.75, 0.636, 0.67, 0.562, 0.698]
[0.54, 0.68, 0.768, 0.75, 0.636, 0.67, 0.562, 0.698, 0.766]
[0.54, 0.68, 0.768, 0.75, 0.636, 0.67, 0.562, 0.698, 0.766, 0.672]
[0.54, 0.68, 0.768, 0.75, 0.636, 0.67, 0.562, 0.698, 0.766, 0.672, 0.666]
[0.54, 0.68, 0.768, 0.75, 0.636, 0.67, 0.562, 0.698, 0.766, 0.672, 0.666, 0.614]
[0.54, 0.68, 0.768, 0.75, 0.636, 0.67, 0.562, 0.698, 0.766, 0.672, 0.666, 0.614, 0.684]
[0.54, 0.68, 0.768, 0.75, 0.636, 0.67, 0.562, 0.698, 0.766, 0.672, 0.666, 0.614, 0.684, 0.624]
[0.54, 0.68, 0.768, 0.75, 0.636, 0.67, 0.562, 0.698, 0.766, 0.672, 0.666, 0.614, 0.684, 0.624, 0.748]
[0.54, 0.68, 0.768, 0.75, 0.636, 0.67, 0.562, 0.698, 0.766, 0.672, 0.666, 0.614, 0.684, 0.624, 0.748, 0.702]
[0.54, 0.68, 0.768, 0.75, 0.636, 0.67, 0.562, 0.698, 0.766, 0.672, 0.666, 0.614, 0.684, 0.624, 0.748, 0.702, 0.69]
[0.54, 0.68, 0.768, 0.75, 0.636, 0.67, 0.562, 0.698, 0.766, 0.672, 0.666, 0.614, 0.684, 0.624, 0.748, 0.702, 0.69, 0.77]
[0.54, 0.68, 0.768, 0.75, 0.636, 0.67, 0.562, 0.698, 0.766, 0.672, 0.666, 0.614, 0.684, 0.624, 0.748, 0.702, 0.69, 0.77, 0.744]
[0.54, 0.68, 0.768, 0.75, 0.636, 0.67, 0.562, 0.698, 0.766, 0.672, 0.666, 0.614, 0.684, 0.624, 0.748, 0.702, 0.69, 0.77, 0.744, 0.876]
broken out of loop
Total correct retain:  538  Total retain:  2500
Total correct forget:  10928  Total forget:  47500
Total correct test:  104  Total test:  500
Total correct forget test:  2232  Total test forget:  9500
[0.208]
[0.208, 0.288]
[0.208, 0.288, 0.252]
[0.208, 0.288, 0.252, 0.246]
[0.208, 0.288, 0.252, 0.246, 0.206]
[0.208, 0.288, 0.252, 0.246, 0.206, 0.23]
[0.208, 0.288, 0.252, 0.246, 0.206, 0.23, 0.228]
[0.208, 0.288, 0.252, 0.246, 0.206, 0.23, 0.228, 0.214]
[0.208, 0.288, 0.252, 0.246, 0.206, 0.23, 0.228, 0.214, 0.31]
[0.208, 0.288, 0.252, 0.246, 0.206, 0.23, 0.228, 0.214, 0.31, 0.296]
[0.208, 0.288, 0.252, 0.246, 0.206, 0.23, 0.228, 0.214, 0.31, 0.296, 0.192]
[0.208, 0.288, 0.252, 0.246, 0.206, 0.23, 0.228, 0.214, 0.31, 0.296, 0.192, 0.28]
[0.208, 0.288, 0.252, 0.246, 0.206, 0.23, 0.228, 0.214, 0.31, 0.296, 0.192, 0.28, 0.272]
[0.208, 0.288, 0.252, 0.246, 0.206, 0.23, 0.228, 0.214, 0.31, 0.296, 0.192, 0.28, 0.272, 0.158]
[0.208, 0.288, 0.252, 0.246, 0.206, 0.23, 0.228, 0.214, 0.31, 0.296, 0.192, 0.28, 0.272, 0.158, 0.134]
[0.208, 0.288, 0.252, 0.246, 0.206, 0.23, 0.228, 0.214, 0.31, 0.296, 0.192, 0.28, 0.272, 0.158, 0.134, 0.18]
[0.208, 0.288, 0.252, 0.246, 0.206, 0.23, 0.228, 0.214, 0.31, 0.296, 0.192, 0.28, 0.272, 0.158, 0.134, 0.18, 0.268]
[0.208, 0.288, 0.252, 0.246, 0.206, 0.23, 0.228, 0.214, 0.31, 0.296, 0.192, 0.28, 0.272, 0.158, 0.134, 0.18, 0.268, 0.198]
[0.208, 0.288, 0.252, 0.246, 0.206, 0.23, 0.228, 0.214, 0.31, 0.296, 0.192, 0.28, 0.272, 0.158, 0.134, 0.18, 0.268, 0.198, 0.23]
[0.208, 0.288, 0.252, 0.246, 0.206, 0.23, 0.228, 0.214, 0.31, 0.296, 0.192, 0.28, 0.272, 0.158, 0.134, 0.18, 0.268, 0.198, 0.23, 0.282]
broken out of loop
Total correct retain:  780  Total retain:  2500
Total correct forget:  8734  Total forget:  47500
Total correct test:  146  Total test:  500
Total correct forget test:  1720  Total test forget:  9500
[0.292]
[0.292, 0.232]
[0.292, 0.232, 0.174]
[0.292, 0.232, 0.174, 0.2]
[0.292, 0.232, 0.174, 0.2, 0.188]
[0.292, 0.232, 0.174, 0.2, 0.188, 0.214]
[0.292, 0.232, 0.174, 0.2, 0.188, 0.214, 0.204]
[0.292, 0.232, 0.174, 0.2, 0.188, 0.214, 0.204, 0.152]
[0.292, 0.232, 0.174, 0.2, 0.188, 0.214, 0.204, 0.152, 0.214]
[0.292, 0.232, 0.174, 0.2, 0.188, 0.214, 0.204, 0.152, 0.214, 0.164]
[0.292, 0.232, 0.174, 0.2, 0.188, 0.214, 0.204, 0.152, 0.214, 0.164, 0.146]
[0.292, 0.232, 0.174, 0.2, 0.188, 0.214, 0.204, 0.152, 0.214, 0.164, 0.146, 0.168]
[0.292, 0.232, 0.174, 0.2, 0.188, 0.214, 0.204, 0.152, 0.214, 0.164, 0.146, 0.168, 0.158]
[0.292, 0.232, 0.174, 0.2, 0.188, 0.214, 0.204, 0.152, 0.214, 0.164, 0.146, 0.168, 0.158, 0.176]
[0.292, 0.232, 0.174, 0.2, 0.188, 0.214, 0.204, 0.152, 0.214, 0.164, 0.146, 0.168, 0.158, 0.176, 0.204]
[0.292, 0.232, 0.174, 0.2, 0.188, 0.214, 0.204, 0.152, 0.214, 0.164, 0.146, 0.168, 0.158, 0.176, 0.204, 0.08]
[0.292, 0.232, 0.174, 0.2, 0.188, 0.214, 0.204, 0.152, 0.214, 0.164, 0.146, 0.168, 0.158, 0.176, 0.204, 0.08, 0.18]
[0.292, 0.232, 0.174, 0.2, 0.188, 0.214, 0.204, 0.152, 0.214, 0.164, 0.146, 0.168, 0.158, 0.176, 0.204, 0.08, 0.18, 0.188]
[0.292, 0.232, 0.174, 0.2, 0.188, 0.214, 0.204, 0.152, 0.214, 0.164, 0.146, 0.168, 0.158, 0.176, 0.204, 0.08, 0.18, 0.188, 0.196]
[0.292, 0.232, 0.174, 0.2, 0.188, 0.214, 0.204, 0.152, 0.214, 0.164, 0.146, 0.168, 0.158, 0.176, 0.204, 0.08, 0.18, 0.188, 0.196, 0.202]
broken out of loop
Total correct retain:  766  Total retain:  2500
Total correct forget:  8669  Total forget:  47500
Total correct test:  143  Total test:  500
Total correct forget test:  1689  Total test forget:  9500
[0.286]
[0.286, 0.232]
[0.286, 0.232, 0.176]
[0.286, 0.232, 0.176, 0.192]
[0.286, 0.232, 0.176, 0.192, 0.186]
[0.286, 0.232, 0.176, 0.192, 0.186, 0.208]
[0.286, 0.232, 0.176, 0.192, 0.186, 0.208, 0.204]
[0.286, 0.232, 0.176, 0.192, 0.186, 0.208, 0.204, 0.152]
[0.286, 0.232, 0.176, 0.192, 0.186, 0.208, 0.204, 0.152, 0.214]
[0.286, 0.232, 0.176, 0.192, 0.186, 0.208, 0.204, 0.152, 0.214, 0.156]
[0.286, 0.232, 0.176, 0.192, 0.186, 0.208, 0.204, 0.152, 0.214, 0.156, 0.138]
[0.286, 0.232, 0.176, 0.192, 0.186, 0.208, 0.204, 0.152, 0.214, 0.156, 0.138, 0.172]
[0.286, 0.232, 0.176, 0.192, 0.186, 0.208, 0.204, 0.152, 0.214, 0.156, 0.138, 0.172, 0.152]
[0.286, 0.232, 0.176, 0.192, 0.186, 0.208, 0.204, 0.152, 0.214, 0.156, 0.138, 0.172, 0.152, 0.172]
[0.286, 0.232, 0.176, 0.192, 0.186, 0.208, 0.204, 0.152, 0.214, 0.156, 0.138, 0.172, 0.152, 0.172, 0.202]
[0.286, 0.232, 0.176, 0.192, 0.186, 0.208, 0.204, 0.152, 0.214, 0.156, 0.138, 0.172, 0.152, 0.172, 0.202, 0.082]
[0.286, 0.232, 0.176, 0.192, 0.186, 0.208, 0.204, 0.152, 0.214, 0.156, 0.138, 0.172, 0.152, 0.172, 0.202, 0.082, 0.174]
[0.286, 0.232, 0.176, 0.192, 0.186, 0.208, 0.204, 0.152, 0.214, 0.156, 0.138, 0.172, 0.152, 0.172, 0.202, 0.082, 0.174, 0.168]
[0.286, 0.232, 0.176, 0.192, 0.186, 0.208, 0.204, 0.152, 0.214, 0.156, 0.138, 0.172, 0.152, 0.172, 0.202, 0.082, 0.174, 0.168, 0.196]
[0.286, 0.232, 0.176, 0.192, 0.186, 0.208, 0.204, 0.152, 0.214, 0.156, 0.138, 0.172, 0.152, 0.172, 0.202, 0.082, 0.174, 0.168, 0.196, 0.202]
broken out of loop
Total correct retain:  753  Total retain:  2500
Total correct forget:  8721  Total forget:  47500
Total correct test:  147  Total test:  500
Total correct forget test:  1693  Total test forget:  9500
[0.294]
[0.294, 0.254]
[0.294, 0.254, 0.17]
[0.294, 0.254, 0.17, 0.192]
[0.294, 0.254, 0.17, 0.192, 0.174]
[0.294, 0.254, 0.17, 0.192, 0.174, 0.198]
[0.294, 0.254, 0.17, 0.192, 0.174, 0.198, 0.206]
[0.294, 0.254, 0.17, 0.192, 0.174, 0.198, 0.206, 0.152]
[0.294, 0.254, 0.17, 0.192, 0.174, 0.198, 0.206, 0.152, 0.216]
[0.294, 0.254, 0.17, 0.192, 0.174, 0.198, 0.206, 0.152, 0.216, 0.16]
[0.294, 0.254, 0.17, 0.192, 0.174, 0.198, 0.206, 0.152, 0.216, 0.16, 0.142]
[0.294, 0.254, 0.17, 0.192, 0.174, 0.198, 0.206, 0.152, 0.216, 0.16, 0.142, 0.178]
[0.294, 0.254, 0.17, 0.192, 0.174, 0.198, 0.206, 0.152, 0.216, 0.16, 0.142, 0.178, 0.138]
[0.294, 0.254, 0.17, 0.192, 0.174, 0.198, 0.206, 0.152, 0.216, 0.16, 0.142, 0.178, 0.138, 0.168]
[0.294, 0.254, 0.17, 0.192, 0.174, 0.198, 0.206, 0.152, 0.216, 0.16, 0.142, 0.178, 0.138, 0.168, 0.202]
[0.294, 0.254, 0.17, 0.192, 0.174, 0.198, 0.206, 0.152, 0.216, 0.16, 0.142, 0.178, 0.138, 0.168, 0.202, 0.102]
[0.294, 0.254, 0.17, 0.192, 0.174, 0.198, 0.206, 0.152, 0.216, 0.16, 0.142, 0.178, 0.138, 0.168, 0.202, 0.102, 0.17]
[0.294, 0.254, 0.17, 0.192, 0.174, 0.198, 0.206, 0.152, 0.216, 0.16, 0.142, 0.178, 0.138, 0.168, 0.202, 0.102, 0.17, 0.162]
[0.294, 0.254, 0.17, 0.192, 0.174, 0.198, 0.206, 0.152, 0.216, 0.16, 0.142, 0.178, 0.138, 0.168, 0.202, 0.102, 0.17, 0.162, 0.198]
[0.294, 0.254, 0.17, 0.192, 0.174, 0.198, 0.206, 0.152, 0.216, 0.16, 0.142, 0.178, 0.138, 0.168, 0.202, 0.102, 0.17, 0.162, 0.198, 0.204]
broken out of loop
Total correct retain:  744  Total retain:  2500
Total correct forget:  8672  Total forget:  47500
Total correct test:  137  Total test:  500
Total correct forget test:  1691  Total test forget:  9500
[0.274]
[0.274, 0.264]
[0.274, 0.264, 0.174]
[0.274, 0.264, 0.174, 0.19]
[0.274, 0.264, 0.174, 0.19, 0.174]
[0.274, 0.264, 0.174, 0.19, 0.174, 0.178]
[0.274, 0.264, 0.174, 0.19, 0.174, 0.178, 0.208]
[0.274, 0.264, 0.174, 0.19, 0.174, 0.178, 0.208, 0.152]
[0.274, 0.264, 0.174, 0.19, 0.174, 0.178, 0.208, 0.152, 0.21]
[0.274, 0.264, 0.174, 0.19, 0.174, 0.178, 0.208, 0.152, 0.21, 0.172]
[0.274, 0.264, 0.174, 0.19, 0.174, 0.178, 0.208, 0.152, 0.21, 0.172, 0.142]
[0.274, 0.264, 0.174, 0.19, 0.174, 0.178, 0.208, 0.152, 0.21, 0.172, 0.142, 0.176]
[0.274, 0.264, 0.174, 0.19, 0.174, 0.178, 0.208, 0.152, 0.21, 0.172, 0.142, 0.176, 0.136]
[0.274, 0.264, 0.174, 0.19, 0.174, 0.178, 0.208, 0.152, 0.21, 0.172, 0.142, 0.176, 0.136, 0.162]
[0.274, 0.264, 0.174, 0.19, 0.174, 0.178, 0.208, 0.152, 0.21, 0.172, 0.142, 0.176, 0.136, 0.162, 0.22]
[0.274, 0.264, 0.174, 0.19, 0.174, 0.178, 0.208, 0.152, 0.21, 0.172, 0.142, 0.176, 0.136, 0.162, 0.22, 0.112]
[0.274, 0.264, 0.174, 0.19, 0.174, 0.178, 0.208, 0.152, 0.21, 0.172, 0.142, 0.176, 0.136, 0.162, 0.22, 0.112, 0.162]
[0.274, 0.264, 0.174, 0.19, 0.174, 0.178, 0.208, 0.152, 0.21, 0.172, 0.142, 0.176, 0.136, 0.162, 0.22, 0.112, 0.162, 0.144]
[0.274, 0.264, 0.174, 0.19, 0.174, 0.178, 0.208, 0.152, 0.21, 0.172, 0.142, 0.176, 0.136, 0.162, 0.22, 0.112, 0.162, 0.144, 0.194]
[0.274, 0.264, 0.174, 0.19, 0.174, 0.178, 0.208, 0.152, 0.21, 0.172, 0.142, 0.176, 0.136, 0.162, 0.22, 0.112, 0.162, 0.144, 0.194, 0.212]
broken out of loop
Total correct retain:  732  Total retain:  2500
Total correct forget:  8675  Total forget:  47500
Total correct test:  137  Total test:  500
Total correct forget test:  1697  Total test forget:  9500
[0.274]
[0.274, 0.272]
[0.274, 0.272, 0.168]
[0.274, 0.272, 0.168, 0.186]
[0.274, 0.272, 0.168, 0.186, 0.172]
[0.274, 0.272, 0.168, 0.186, 0.172, 0.176]
[0.274, 0.272, 0.168, 0.186, 0.172, 0.176, 0.212]
[0.274, 0.272, 0.168, 0.186, 0.172, 0.176, 0.212, 0.146]
[0.274, 0.272, 0.168, 0.186, 0.172, 0.176, 0.212, 0.146, 0.206]
[0.274, 0.272, 0.168, 0.186, 0.172, 0.176, 0.212, 0.146, 0.206, 0.188]
[0.274, 0.272, 0.168, 0.186, 0.172, 0.176, 0.212, 0.146, 0.206, 0.188, 0.142]
[0.274, 0.272, 0.168, 0.186, 0.172, 0.176, 0.212, 0.146, 0.206, 0.188, 0.142, 0.178]
[0.274, 0.272, 0.168, 0.186, 0.172, 0.176, 0.212, 0.146, 0.206, 0.188, 0.142, 0.178, 0.14]
[0.274, 0.272, 0.168, 0.186, 0.172, 0.176, 0.212, 0.146, 0.206, 0.188, 0.142, 0.178, 0.14, 0.168]
[0.274, 0.272, 0.168, 0.186, 0.172, 0.176, 0.212, 0.146, 0.206, 0.188, 0.142, 0.178, 0.14, 0.168, 0.216]
[0.274, 0.272, 0.168, 0.186, 0.172, 0.176, 0.212, 0.146, 0.206, 0.188, 0.142, 0.178, 0.14, 0.168, 0.216, 0.122]
[0.274, 0.272, 0.168, 0.186, 0.172, 0.176, 0.212, 0.146, 0.206, 0.188, 0.142, 0.178, 0.14, 0.168, 0.216, 0.122, 0.156]
[0.274, 0.272, 0.168, 0.186, 0.172, 0.176, 0.212, 0.146, 0.206, 0.188, 0.142, 0.178, 0.14, 0.168, 0.216, 0.122, 0.156, 0.134]
[0.274, 0.272, 0.168, 0.186, 0.172, 0.176, 0.212, 0.146, 0.206, 0.188, 0.142, 0.178, 0.14, 0.168, 0.216, 0.122, 0.156, 0.134, 0.2]
[0.274, 0.272, 0.168, 0.186, 0.172, 0.176, 0.212, 0.146, 0.206, 0.188, 0.142, 0.178, 0.14, 0.168, 0.216, 0.122, 0.156, 0.134, 0.2, 0.212]
broken out of loop
Total correct retain:  695  Total retain:  2500
Total correct forget:  8711  Total forget:  47500
Total correct test:  130  Total test:  500
Total correct forget test:  1723  Total test forget:  9500
[0.26]
[0.26, 0.28]
[0.26, 0.28, 0.18]
[0.26, 0.28, 0.18, 0.186]
[0.26, 0.28, 0.18, 0.186, 0.156]
[0.26, 0.28, 0.18, 0.186, 0.156, 0.176]
[0.26, 0.28, 0.18, 0.186, 0.156, 0.176, 0.216]
[0.26, 0.28, 0.18, 0.186, 0.156, 0.176, 0.216, 0.152]
[0.26, 0.28, 0.18, 0.186, 0.156, 0.176, 0.216, 0.152, 0.21]
[0.26, 0.28, 0.18, 0.186, 0.156, 0.176, 0.216, 0.152, 0.21, 0.192]
[0.26, 0.28, 0.18, 0.186, 0.156, 0.176, 0.216, 0.152, 0.21, 0.192, 0.148]
[0.26, 0.28, 0.18, 0.186, 0.156, 0.176, 0.216, 0.152, 0.21, 0.192, 0.148, 0.186]
[0.26, 0.28, 0.18, 0.186, 0.156, 0.176, 0.216, 0.152, 0.21, 0.192, 0.148, 0.186, 0.14]
[0.26, 0.28, 0.18, 0.186, 0.156, 0.176, 0.216, 0.152, 0.21, 0.192, 0.148, 0.186, 0.14, 0.176]
[0.26, 0.28, 0.18, 0.186, 0.156, 0.176, 0.216, 0.152, 0.21, 0.192, 0.148, 0.186, 0.14, 0.176, 0.208]
[0.26, 0.28, 0.18, 0.186, 0.156, 0.176, 0.216, 0.152, 0.21, 0.192, 0.148, 0.186, 0.14, 0.176, 0.208, 0.126]
[0.26, 0.28, 0.18, 0.186, 0.156, 0.176, 0.216, 0.152, 0.21, 0.192, 0.148, 0.186, 0.14, 0.176, 0.208, 0.126, 0.158]
[0.26, 0.28, 0.18, 0.186, 0.156, 0.176, 0.216, 0.152, 0.21, 0.192, 0.148, 0.186, 0.14, 0.176, 0.208, 0.126, 0.158, 0.138]
[0.26, 0.28, 0.18, 0.186, 0.156, 0.176, 0.216, 0.152, 0.21, 0.192, 0.148, 0.186, 0.14, 0.176, 0.208, 0.126, 0.158, 0.138, 0.192]
[0.26, 0.28, 0.18, 0.186, 0.156, 0.176, 0.216, 0.152, 0.21, 0.192, 0.148, 0.186, 0.14, 0.176, 0.208, 0.126, 0.158, 0.138, 0.192, 0.226]
broken out of loop
Total correct retain:  694  Total retain:  2500
Total correct forget:  8727  Total forget:  47500
Total correct test:  131  Total test:  500
Total correct forget test:  1715  Total test forget:  9500
[0.262]
[0.262, 0.278]
[0.262, 0.278, 0.178]
[0.262, 0.278, 0.178, 0.17]
[0.262, 0.278, 0.178, 0.17, 0.148]
[0.262, 0.278, 0.178, 0.17, 0.148, 0.172]
[0.262, 0.278, 0.178, 0.17, 0.148, 0.172, 0.226]
[0.262, 0.278, 0.178, 0.17, 0.148, 0.172, 0.226, 0.148]
[0.262, 0.278, 0.178, 0.17, 0.148, 0.172, 0.226, 0.148, 0.216]
[0.262, 0.278, 0.178, 0.17, 0.148, 0.172, 0.226, 0.148, 0.216, 0.198]
[0.262, 0.278, 0.178, 0.17, 0.148, 0.172, 0.226, 0.148, 0.216, 0.198, 0.15]
[0.262, 0.278, 0.178, 0.17, 0.148, 0.172, 0.226, 0.148, 0.216, 0.198, 0.15, 0.188]
[0.262, 0.278, 0.178, 0.17, 0.148, 0.172, 0.226, 0.148, 0.216, 0.198, 0.15, 0.188, 0.14]
[0.262, 0.278, 0.178, 0.17, 0.148, 0.172, 0.226, 0.148, 0.216, 0.198, 0.15, 0.188, 0.14, 0.168]
[0.262, 0.278, 0.178, 0.17, 0.148, 0.172, 0.226, 0.148, 0.216, 0.198, 0.15, 0.188, 0.14, 0.168, 0.202]
[0.262, 0.278, 0.178, 0.17, 0.148, 0.172, 0.226, 0.148, 0.216, 0.198, 0.15, 0.188, 0.14, 0.168, 0.202, 0.136]
[0.262, 0.278, 0.178, 0.17, 0.148, 0.172, 0.226, 0.148, 0.216, 0.198, 0.15, 0.188, 0.14, 0.168, 0.202, 0.136, 0.158]
[0.262, 0.278, 0.178, 0.17, 0.148, 0.172, 0.226, 0.148, 0.216, 0.198, 0.15, 0.188, 0.14, 0.168, 0.202, 0.136, 0.158, 0.134]
[0.262, 0.278, 0.178, 0.17, 0.148, 0.172, 0.226, 0.148, 0.216, 0.198, 0.15, 0.188, 0.14, 0.168, 0.202, 0.136, 0.158, 0.134, 0.194]
[0.262, 0.278, 0.178, 0.17, 0.148, 0.172, 0.226, 0.148, 0.216, 0.198, 0.15, 0.188, 0.14, 0.168, 0.202, 0.136, 0.158, 0.134, 0.194, 0.226]
broken out of loop
Total correct retain:  681  Total retain:  2500
Total correct forget:  8833  Total forget:  47500
Total correct test:  133  Total test:  500
Total correct forget test:  1735  Total test forget:  9500
[0.266]
[0.266, 0.28]
[0.266, 0.28, 0.168]
[0.266, 0.28, 0.168, 0.18]
[0.266, 0.28, 0.168, 0.18, 0.142]
[0.266, 0.28, 0.168, 0.18, 0.142, 0.172]
[0.266, 0.28, 0.168, 0.18, 0.142, 0.172, 0.232]
[0.266, 0.28, 0.168, 0.18, 0.142, 0.172, 0.232, 0.148]
[0.266, 0.28, 0.168, 0.18, 0.142, 0.172, 0.232, 0.148, 0.216]
[0.266, 0.28, 0.168, 0.18, 0.142, 0.172, 0.232, 0.148, 0.216, 0.202]
[0.266, 0.28, 0.168, 0.18, 0.142, 0.172, 0.232, 0.148, 0.216, 0.202, 0.148]
[0.266, 0.28, 0.168, 0.18, 0.142, 0.172, 0.232, 0.148, 0.216, 0.202, 0.148, 0.192]
[0.266, 0.28, 0.168, 0.18, 0.142, 0.172, 0.232, 0.148, 0.216, 0.202, 0.148, 0.192, 0.154]
[0.266, 0.28, 0.168, 0.18, 0.142, 0.172, 0.232, 0.148, 0.216, 0.202, 0.148, 0.192, 0.154, 0.168]
[0.266, 0.28, 0.168, 0.18, 0.142, 0.172, 0.232, 0.148, 0.216, 0.202, 0.148, 0.192, 0.154, 0.168, 0.192]
[0.266, 0.28, 0.168, 0.18, 0.142, 0.172, 0.232, 0.148, 0.216, 0.202, 0.148, 0.192, 0.154, 0.168, 0.192, 0.15]
[0.266, 0.28, 0.168, 0.18, 0.142, 0.172, 0.232, 0.148, 0.216, 0.202, 0.148, 0.192, 0.154, 0.168, 0.192, 0.15, 0.166]
[0.266, 0.28, 0.168, 0.18, 0.142, 0.172, 0.232, 0.148, 0.216, 0.202, 0.148, 0.192, 0.154, 0.168, 0.192, 0.15, 0.166, 0.132]
[0.266, 0.28, 0.168, 0.18, 0.142, 0.172, 0.232, 0.148, 0.216, 0.202, 0.148, 0.192, 0.154, 0.168, 0.192, 0.15, 0.166, 0.132, 0.192]
[0.266, 0.28, 0.168, 0.18, 0.142, 0.172, 0.232, 0.148, 0.216, 0.202, 0.148, 0.192, 0.154, 0.168, 0.192, 0.15, 0.166, 0.132, 0.192, 0.236]
broken out of loop
Total correct retain:  668  Total retain:  2500
Total correct forget:  8934  Total forget:  47500
Total correct test:  135  Total test:  500
Total correct forget test:  1753  Total test forget:  9500
[0.27]
[0.27, 0.282]
[0.27, 0.282, 0.164]
[0.27, 0.282, 0.164, 0.178]
[0.27, 0.282, 0.164, 0.178, 0.136]
[0.27, 0.282, 0.164, 0.178, 0.136, 0.176]
[0.27, 0.282, 0.164, 0.178, 0.136, 0.176, 0.238]
[0.27, 0.282, 0.164, 0.178, 0.136, 0.176, 0.238, 0.15]
[0.27, 0.282, 0.164, 0.178, 0.136, 0.176, 0.238, 0.15, 0.214]
[0.27, 0.282, 0.164, 0.178, 0.136, 0.176, 0.238, 0.15, 0.214, 0.208]
[0.27, 0.282, 0.164, 0.178, 0.136, 0.176, 0.238, 0.15, 0.214, 0.208, 0.154]
[0.27, 0.282, 0.164, 0.178, 0.136, 0.176, 0.238, 0.15, 0.214, 0.208, 0.154, 0.194]
[0.27, 0.282, 0.164, 0.178, 0.136, 0.176, 0.238, 0.15, 0.214, 0.208, 0.154, 0.194, 0.152]
[0.27, 0.282, 0.164, 0.178, 0.136, 0.176, 0.238, 0.15, 0.214, 0.208, 0.154, 0.194, 0.152, 0.158]
[0.27, 0.282, 0.164, 0.178, 0.136, 0.176, 0.238, 0.15, 0.214, 0.208, 0.154, 0.194, 0.152, 0.158, 0.194]
[0.27, 0.282, 0.164, 0.178, 0.136, 0.176, 0.238, 0.15, 0.214, 0.208, 0.154, 0.194, 0.152, 0.158, 0.194, 0.158]
[0.27, 0.282, 0.164, 0.178, 0.136, 0.176, 0.238, 0.15, 0.214, 0.208, 0.154, 0.194, 0.152, 0.158, 0.194, 0.158, 0.168]
[0.27, 0.282, 0.164, 0.178, 0.136, 0.176, 0.238, 0.15, 0.214, 0.208, 0.154, 0.194, 0.152, 0.158, 0.194, 0.158, 0.168, 0.13]
[0.27, 0.282, 0.164, 0.178, 0.136, 0.176, 0.238, 0.15, 0.214, 0.208, 0.154, 0.194, 0.152, 0.158, 0.194, 0.158, 0.168, 0.13, 0.2]
[0.27, 0.282, 0.164, 0.178, 0.136, 0.176, 0.238, 0.15, 0.214, 0.208, 0.154, 0.194, 0.152, 0.158, 0.194, 0.158, 0.168, 0.13, 0.2, 0.252]
broken out of loop
Total correct retain:  659  Total retain:  2500
Total correct forget:  9006  Total forget:  47500
Total correct test:  133  Total test:  500
Total correct forget test:  1770  Total test forget:  9500
[0.266]
[0.266, 0.272]
[0.266, 0.272, 0.172]
[0.266, 0.272, 0.172, 0.178]
[0.266, 0.272, 0.172, 0.178, 0.126]
[0.266, 0.272, 0.172, 0.178, 0.126, 0.184]
[0.266, 0.272, 0.172, 0.178, 0.126, 0.184, 0.238]
[0.266, 0.272, 0.172, 0.178, 0.126, 0.184, 0.238, 0.14]
[0.266, 0.272, 0.172, 0.178, 0.126, 0.184, 0.238, 0.14, 0.214]
[0.266, 0.272, 0.172, 0.178, 0.126, 0.184, 0.238, 0.14, 0.214, 0.216]
[0.266, 0.272, 0.172, 0.178, 0.126, 0.184, 0.238, 0.14, 0.214, 0.216, 0.17]
[0.266, 0.272, 0.172, 0.178, 0.126, 0.184, 0.238, 0.14, 0.214, 0.216, 0.17, 0.19]
[0.266, 0.272, 0.172, 0.178, 0.126, 0.184, 0.238, 0.14, 0.214, 0.216, 0.17, 0.19, 0.158]
[0.266, 0.272, 0.172, 0.178, 0.126, 0.184, 0.238, 0.14, 0.214, 0.216, 0.17, 0.19, 0.158, 0.158]
[0.266, 0.272, 0.172, 0.178, 0.126, 0.184, 0.238, 0.14, 0.214, 0.216, 0.17, 0.19, 0.158, 0.158, 0.182]
[0.266, 0.272, 0.172, 0.178, 0.126, 0.184, 0.238, 0.14, 0.214, 0.216, 0.17, 0.19, 0.158, 0.158, 0.182, 0.166]
[0.266, 0.272, 0.172, 0.178, 0.126, 0.184, 0.238, 0.14, 0.214, 0.216, 0.17, 0.19, 0.158, 0.158, 0.182, 0.166, 0.18]
[0.266, 0.272, 0.172, 0.178, 0.126, 0.184, 0.238, 0.14, 0.214, 0.216, 0.17, 0.19, 0.158, 0.158, 0.182, 0.166, 0.18, 0.142]
[0.266, 0.272, 0.172, 0.178, 0.126, 0.184, 0.238, 0.14, 0.214, 0.216, 0.17, 0.19, 0.158, 0.158, 0.182, 0.166, 0.18, 0.142, 0.202]
[0.266, 0.272, 0.172, 0.178, 0.126, 0.184, 0.238, 0.14, 0.214, 0.216, 0.17, 0.19, 0.158, 0.158, 0.182, 0.166, 0.18, 0.142, 0.202, 0.252]
broken out of loop
Total correct retain:  652  Total retain:  2500
Total correct forget:  9144  Total forget:  47500
Total correct test:  132  Total test:  500
Total correct forget test:  1774  Total test forget:  9500
[0.264]
[0.264, 0.266]
[0.264, 0.266, 0.164]
[0.264, 0.266, 0.164, 0.182]
[0.264, 0.266, 0.164, 0.182, 0.13]
[0.264, 0.266, 0.164, 0.182, 0.13, 0.192]
[0.264, 0.266, 0.164, 0.182, 0.13, 0.192, 0.24]
[0.264, 0.266, 0.164, 0.182, 0.13, 0.192, 0.24, 0.142]
[0.264, 0.266, 0.164, 0.182, 0.13, 0.192, 0.24, 0.142, 0.208]
[0.264, 0.266, 0.164, 0.182, 0.13, 0.192, 0.24, 0.142, 0.208, 0.216]
[0.264, 0.266, 0.164, 0.182, 0.13, 0.192, 0.24, 0.142, 0.208, 0.216, 0.18]
[0.264, 0.266, 0.164, 0.182, 0.13, 0.192, 0.24, 0.142, 0.208, 0.216, 0.18, 0.19]
[0.264, 0.266, 0.164, 0.182, 0.13, 0.192, 0.24, 0.142, 0.208, 0.216, 0.18, 0.19, 0.168]
[0.264, 0.266, 0.164, 0.182, 0.13, 0.192, 0.24, 0.142, 0.208, 0.216, 0.18, 0.19, 0.168, 0.144]
[0.264, 0.266, 0.164, 0.182, 0.13, 0.192, 0.24, 0.142, 0.208, 0.216, 0.18, 0.19, 0.168, 0.144, 0.178]
[0.264, 0.266, 0.164, 0.182, 0.13, 0.192, 0.24, 0.142, 0.208, 0.216, 0.18, 0.19, 0.168, 0.144, 0.178, 0.168]
[0.264, 0.266, 0.164, 0.182, 0.13, 0.192, 0.24, 0.142, 0.208, 0.216, 0.18, 0.19, 0.168, 0.144, 0.178, 0.168, 0.182]
[0.264, 0.266, 0.164, 0.182, 0.13, 0.192, 0.24, 0.142, 0.208, 0.216, 0.18, 0.19, 0.168, 0.144, 0.178, 0.168, 0.182, 0.144]
[0.264, 0.266, 0.164, 0.182, 0.13, 0.192, 0.24, 0.142, 0.208, 0.216, 0.18, 0.19, 0.168, 0.144, 0.178, 0.168, 0.182, 0.144, 0.196]
[0.264, 0.266, 0.164, 0.182, 0.13, 0.192, 0.24, 0.142, 0.208, 0.216, 0.18, 0.19, 0.168, 0.144, 0.178, 0.168, 0.182, 0.144, 0.196, 0.258]
broken out of loop
Total correct retain:  647  Total retain:  2500
Total correct forget:  9279  Total forget:  47500
Total correct test:  130  Total test:  500
Total correct forget test:  1813  Total test forget:  9500
[0.26]
[0.26, 0.268]
[0.26, 0.268, 0.166]
[0.26, 0.268, 0.166, 0.188]
[0.26, 0.268, 0.166, 0.188, 0.126]
[0.26, 0.268, 0.166, 0.188, 0.126, 0.194]
[0.26, 0.268, 0.166, 0.188, 0.126, 0.194, 0.248]
[0.26, 0.268, 0.166, 0.188, 0.126, 0.194, 0.248, 0.15]
[0.26, 0.268, 0.166, 0.188, 0.126, 0.194, 0.248, 0.15, 0.216]
[0.26, 0.268, 0.166, 0.188, 0.126, 0.194, 0.248, 0.15, 0.216, 0.224]
[0.26, 0.268, 0.166, 0.188, 0.126, 0.194, 0.248, 0.15, 0.216, 0.224, 0.186]
[0.26, 0.268, 0.166, 0.188, 0.126, 0.194, 0.248, 0.15, 0.216, 0.224, 0.186, 0.192]
[0.26, 0.268, 0.166, 0.188, 0.126, 0.194, 0.248, 0.15, 0.216, 0.224, 0.186, 0.192, 0.172]
[0.26, 0.268, 0.166, 0.188, 0.126, 0.194, 0.248, 0.15, 0.216, 0.224, 0.186, 0.192, 0.172, 0.15]
[0.26, 0.268, 0.166, 0.188, 0.126, 0.194, 0.248, 0.15, 0.216, 0.224, 0.186, 0.192, 0.172, 0.15, 0.174]
[0.26, 0.268, 0.166, 0.188, 0.126, 0.194, 0.248, 0.15, 0.216, 0.224, 0.186, 0.192, 0.172, 0.15, 0.174, 0.174]
[0.26, 0.268, 0.166, 0.188, 0.126, 0.194, 0.248, 0.15, 0.216, 0.224, 0.186, 0.192, 0.172, 0.15, 0.174, 0.174, 0.188]
[0.26, 0.268, 0.166, 0.188, 0.126, 0.194, 0.248, 0.15, 0.216, 0.224, 0.186, 0.192, 0.172, 0.15, 0.174, 0.174, 0.188, 0.142]
[0.26, 0.268, 0.166, 0.188, 0.126, 0.194, 0.248, 0.15, 0.216, 0.224, 0.186, 0.192, 0.172, 0.15, 0.174, 0.174, 0.188, 0.142, 0.2]
[0.26, 0.268, 0.166, 0.188, 0.126, 0.194, 0.248, 0.15, 0.216, 0.224, 0.186, 0.192, 0.172, 0.15, 0.174, 0.174, 0.188, 0.142, 0.2, 0.268]
broken out of loop
Total correct retain:  645  Total retain:  2500
Total correct forget:  9369  Total forget:  47500
Total correct test:  131  Total test:  500
Total correct forget test:  1841  Total test forget:  9500
[0.262]
[0.262, 0.262]
[0.262, 0.262, 0.174]
[0.262, 0.262, 0.174, 0.196]
[0.262, 0.262, 0.174, 0.196, 0.126]
[0.262, 0.262, 0.174, 0.196, 0.126, 0.194]
[0.262, 0.262, 0.174, 0.196, 0.126, 0.194, 0.248]
[0.262, 0.262, 0.174, 0.196, 0.126, 0.194, 0.248, 0.156]
[0.262, 0.262, 0.174, 0.196, 0.126, 0.194, 0.248, 0.156, 0.214]
[0.262, 0.262, 0.174, 0.196, 0.126, 0.194, 0.248, 0.156, 0.214, 0.224]
[0.262, 0.262, 0.174, 0.196, 0.126, 0.194, 0.248, 0.156, 0.214, 0.224, 0.192]
[0.262, 0.262, 0.174, 0.196, 0.126, 0.194, 0.248, 0.156, 0.214, 0.224, 0.192, 0.196]
[0.262, 0.262, 0.174, 0.196, 0.126, 0.194, 0.248, 0.156, 0.214, 0.224, 0.192, 0.196, 0.178]
[0.262, 0.262, 0.174, 0.196, 0.126, 0.194, 0.248, 0.156, 0.214, 0.224, 0.192, 0.196, 0.178, 0.15]
[0.262, 0.262, 0.174, 0.196, 0.126, 0.194, 0.248, 0.156, 0.214, 0.224, 0.192, 0.196, 0.178, 0.15, 0.17]
[0.262, 0.262, 0.174, 0.196, 0.126, 0.194, 0.248, 0.156, 0.214, 0.224, 0.192, 0.196, 0.178, 0.15, 0.17, 0.174]
[0.262, 0.262, 0.174, 0.196, 0.126, 0.194, 0.248, 0.156, 0.214, 0.224, 0.192, 0.196, 0.178, 0.15, 0.17, 0.174, 0.188]
[0.262, 0.262, 0.174, 0.196, 0.126, 0.194, 0.248, 0.156, 0.214, 0.224, 0.192, 0.196, 0.178, 0.15, 0.17, 0.174, 0.188, 0.152]
[0.262, 0.262, 0.174, 0.196, 0.126, 0.194, 0.248, 0.156, 0.214, 0.224, 0.192, 0.196, 0.178, 0.15, 0.17, 0.174, 0.188, 0.152, 0.204]
[0.262, 0.262, 0.174, 0.196, 0.126, 0.194, 0.248, 0.156, 0.214, 0.224, 0.192, 0.196, 0.178, 0.15, 0.17, 0.174, 0.188, 0.152, 0.204, 0.284]
broken out of loop
Total correct retain:  643  Total retain:  2500
Total correct forget:  9467  Total forget:  47500
Total correct test:  130  Total test:  500
Total correct forget test:  1873  Total test forget:  9500
[0.26]
[0.26, 0.266]
[0.26, 0.266, 0.176]
[0.26, 0.266, 0.176, 0.2]
[0.26, 0.266, 0.176, 0.2, 0.126]
[0.26, 0.266, 0.176, 0.2, 0.126, 0.198]
[0.26, 0.266, 0.176, 0.2, 0.126, 0.198, 0.258]
[0.26, 0.266, 0.176, 0.2, 0.126, 0.198, 0.258, 0.158]
[0.26, 0.266, 0.176, 0.2, 0.126, 0.198, 0.258, 0.158, 0.218]
[0.26, 0.266, 0.176, 0.2, 0.126, 0.198, 0.258, 0.158, 0.218, 0.232]
[0.26, 0.266, 0.176, 0.2, 0.126, 0.198, 0.258, 0.158, 0.218, 0.232, 0.198]
[0.26, 0.266, 0.176, 0.2, 0.126, 0.198, 0.258, 0.158, 0.218, 0.232, 0.198, 0.192]
[0.26, 0.266, 0.176, 0.2, 0.126, 0.198, 0.258, 0.158, 0.218, 0.232, 0.198, 0.192, 0.176]
[0.26, 0.266, 0.176, 0.2, 0.126, 0.198, 0.258, 0.158, 0.218, 0.232, 0.198, 0.192, 0.176, 0.15]
[0.26, 0.266, 0.176, 0.2, 0.126, 0.198, 0.258, 0.158, 0.218, 0.232, 0.198, 0.192, 0.176, 0.15, 0.168]
[0.26, 0.266, 0.176, 0.2, 0.126, 0.198, 0.258, 0.158, 0.218, 0.232, 0.198, 0.192, 0.176, 0.15, 0.168, 0.184]
[0.26, 0.266, 0.176, 0.2, 0.126, 0.198, 0.258, 0.158, 0.218, 0.232, 0.198, 0.192, 0.176, 0.15, 0.168, 0.184, 0.194]
[0.26, 0.266, 0.176, 0.2, 0.126, 0.198, 0.258, 0.158, 0.218, 0.232, 0.198, 0.192, 0.176, 0.15, 0.168, 0.184, 0.194, 0.156]
[0.26, 0.266, 0.176, 0.2, 0.126, 0.198, 0.258, 0.158, 0.218, 0.232, 0.198, 0.192, 0.176, 0.15, 0.168, 0.184, 0.194, 0.156, 0.21]
[0.26, 0.266, 0.176, 0.2, 0.126, 0.198, 0.258, 0.158, 0.218, 0.232, 0.198, 0.192, 0.176, 0.15, 0.168, 0.184, 0.194, 0.156, 0.21, 0.286]
broken out of loop
Total correct retain:  652  Total retain:  2500
Total correct forget:  9608  Total forget:  47500
Total correct test:  130  Total test:  500
Total correct forget test:  1923  Total test forget:  9500
[0.26]
[0.26, 0.27]
[0.26, 0.27, 0.178]
[0.26, 0.27, 0.178, 0.212]
[0.26, 0.27, 0.178, 0.212, 0.118]
[0.26, 0.27, 0.178, 0.212, 0.118, 0.204]
[0.26, 0.27, 0.178, 0.212, 0.118, 0.204, 0.258]
[0.26, 0.27, 0.178, 0.212, 0.118, 0.204, 0.258, 0.156]
[0.26, 0.27, 0.178, 0.212, 0.118, 0.204, 0.258, 0.156, 0.222]
[0.26, 0.27, 0.178, 0.212, 0.118, 0.204, 0.258, 0.156, 0.222, 0.24]
[0.26, 0.27, 0.178, 0.212, 0.118, 0.204, 0.258, 0.156, 0.222, 0.24, 0.216]
[0.26, 0.27, 0.178, 0.212, 0.118, 0.204, 0.258, 0.156, 0.222, 0.24, 0.216, 0.206]
[0.26, 0.27, 0.178, 0.212, 0.118, 0.204, 0.258, 0.156, 0.222, 0.24, 0.216, 0.206, 0.19]
[0.26, 0.27, 0.178, 0.212, 0.118, 0.204, 0.258, 0.156, 0.222, 0.24, 0.216, 0.206, 0.19, 0.158]
[0.26, 0.27, 0.178, 0.212, 0.118, 0.204, 0.258, 0.156, 0.222, 0.24, 0.216, 0.206, 0.19, 0.158, 0.164]
[0.26, 0.27, 0.178, 0.212, 0.118, 0.204, 0.258, 0.156, 0.222, 0.24, 0.216, 0.206, 0.19, 0.158, 0.164, 0.196]
[0.26, 0.27, 0.178, 0.212, 0.118, 0.204, 0.258, 0.156, 0.222, 0.24, 0.216, 0.206, 0.19, 0.158, 0.164, 0.196, 0.192]
[0.26, 0.27, 0.178, 0.212, 0.118, 0.204, 0.258, 0.156, 0.222, 0.24, 0.216, 0.206, 0.19, 0.158, 0.164, 0.196, 0.192, 0.158]
[0.26, 0.27, 0.178, 0.212, 0.118, 0.204, 0.258, 0.156, 0.222, 0.24, 0.216, 0.206, 0.19, 0.158, 0.164, 0.196, 0.192, 0.158, 0.21]
[0.26, 0.27, 0.178, 0.212, 0.118, 0.204, 0.258, 0.156, 0.222, 0.24, 0.216, 0.206, 0.19, 0.158, 0.164, 0.196, 0.192, 0.158, 0.21, 0.298]
broken out of loop
Total correct retain:  652  Total retain:  2500
Total correct forget:  9659  Total forget:  47500
Total correct test:  129  Total test:  500
Total correct forget test:  1946  Total test forget:  9500
[0.258]
[0.258, 0.274]
[0.258, 0.274, 0.174]
[0.258, 0.274, 0.174, 0.214]
[0.258, 0.274, 0.174, 0.214, 0.124]
[0.258, 0.274, 0.174, 0.214, 0.124, 0.198]
[0.258, 0.274, 0.174, 0.214, 0.124, 0.198, 0.264]
[0.258, 0.274, 0.174, 0.214, 0.124, 0.198, 0.264, 0.168]
[0.258, 0.274, 0.174, 0.214, 0.124, 0.198, 0.264, 0.168, 0.226]
[0.258, 0.274, 0.174, 0.214, 0.124, 0.198, 0.264, 0.168, 0.226, 0.242]
[0.258, 0.274, 0.174, 0.214, 0.124, 0.198, 0.264, 0.168, 0.226, 0.242, 0.216]
[0.258, 0.274, 0.174, 0.214, 0.124, 0.198, 0.264, 0.168, 0.226, 0.242, 0.216, 0.21]
[0.258, 0.274, 0.174, 0.214, 0.124, 0.198, 0.264, 0.168, 0.226, 0.242, 0.216, 0.21, 0.192]
[0.258, 0.274, 0.174, 0.214, 0.124, 0.198, 0.264, 0.168, 0.226, 0.242, 0.216, 0.21, 0.192, 0.152]
[0.258, 0.274, 0.174, 0.214, 0.124, 0.198, 0.264, 0.168, 0.226, 0.242, 0.216, 0.21, 0.192, 0.152, 0.17]
[0.258, 0.274, 0.174, 0.214, 0.124, 0.198, 0.264, 0.168, 0.226, 0.242, 0.216, 0.21, 0.192, 0.152, 0.17, 0.198]
[0.258, 0.274, 0.174, 0.214, 0.124, 0.198, 0.264, 0.168, 0.226, 0.242, 0.216, 0.21, 0.192, 0.152, 0.17, 0.198, 0.192]
[0.258, 0.274, 0.174, 0.214, 0.124, 0.198, 0.264, 0.168, 0.226, 0.242, 0.216, 0.21, 0.192, 0.152, 0.17, 0.198, 0.192, 0.164]
[0.258, 0.274, 0.174, 0.214, 0.124, 0.198, 0.264, 0.168, 0.226, 0.242, 0.216, 0.21, 0.192, 0.152, 0.17, 0.198, 0.192, 0.164, 0.22]
[0.258, 0.274, 0.174, 0.214, 0.124, 0.198, 0.264, 0.168, 0.226, 0.242, 0.216, 0.21, 0.192, 0.152, 0.17, 0.198, 0.192, 0.164, 0.22, 0.294]
broken out of loop
Total correct retain:  637  Total retain:  2500
Total correct forget:  9809  Total forget:  47500
Total correct test:  131  Total test:  500
Total correct forget test:  1973  Total test forget:  9500
[0.262]
[0.262, 0.29]
[0.262, 0.29, 0.186]
[0.262, 0.29, 0.186, 0.218]
[0.262, 0.29, 0.186, 0.218, 0.122]
[0.262, 0.29, 0.186, 0.218, 0.122, 0.19]
[0.262, 0.29, 0.186, 0.218, 0.122, 0.19, 0.268]
[0.262, 0.29, 0.186, 0.218, 0.122, 0.19, 0.268, 0.168]
[0.262, 0.29, 0.186, 0.218, 0.122, 0.19, 0.268, 0.168, 0.218]
[0.262, 0.29, 0.186, 0.218, 0.122, 0.19, 0.268, 0.168, 0.218, 0.246]
[0.262, 0.29, 0.186, 0.218, 0.122, 0.19, 0.268, 0.168, 0.218, 0.246, 0.222]
[0.262, 0.29, 0.186, 0.218, 0.122, 0.19, 0.268, 0.168, 0.218, 0.246, 0.222, 0.216]
[0.262, 0.29, 0.186, 0.218, 0.122, 0.19, 0.268, 0.168, 0.218, 0.246, 0.222, 0.216, 0.186]
[0.262, 0.29, 0.186, 0.218, 0.122, 0.19, 0.268, 0.168, 0.218, 0.246, 0.222, 0.216, 0.186, 0.148]
[0.262, 0.29, 0.186, 0.218, 0.122, 0.19, 0.268, 0.168, 0.218, 0.246, 0.222, 0.216, 0.186, 0.148, 0.17]
[0.262, 0.29, 0.186, 0.218, 0.122, 0.19, 0.268, 0.168, 0.218, 0.246, 0.222, 0.216, 0.186, 0.148, 0.17, 0.204]
[0.262, 0.29, 0.186, 0.218, 0.122, 0.19, 0.268, 0.168, 0.218, 0.246, 0.222, 0.216, 0.186, 0.148, 0.17, 0.204, 0.204]
[0.262, 0.29, 0.186, 0.218, 0.122, 0.19, 0.268, 0.168, 0.218, 0.246, 0.222, 0.216, 0.186, 0.148, 0.17, 0.204, 0.204, 0.166]
[0.262, 0.29, 0.186, 0.218, 0.122, 0.19, 0.268, 0.168, 0.218, 0.246, 0.222, 0.216, 0.186, 0.148, 0.17, 0.204, 0.204, 0.166, 0.222]
[0.262, 0.29, 0.186, 0.218, 0.122, 0.19, 0.268, 0.168, 0.218, 0.246, 0.222, 0.216, 0.186, 0.148, 0.17, 0.204, 0.204, 0.166, 0.222, 0.302]
broken out of loop
Total correct retain:  646  Total retain:  2500
Total correct forget:  9884  Total forget:  47500
Total correct test:  131  Total test:  500
Total correct forget test:  1973  Total test forget:  9500
[0.262]
[0.262, 0.282]
[0.262, 0.282, 0.194]
[0.262, 0.282, 0.194, 0.218]
[0.262, 0.282, 0.194, 0.218, 0.128]
[0.262, 0.282, 0.194, 0.218, 0.128, 0.192]
[0.262, 0.282, 0.194, 0.218, 0.128, 0.192, 0.268]
[0.262, 0.282, 0.194, 0.218, 0.128, 0.192, 0.268, 0.168]
[0.262, 0.282, 0.194, 0.218, 0.128, 0.192, 0.268, 0.168, 0.216]
[0.262, 0.282, 0.194, 0.218, 0.128, 0.192, 0.268, 0.168, 0.216, 0.246]
[0.262, 0.282, 0.194, 0.218, 0.128, 0.192, 0.268, 0.168, 0.216, 0.246, 0.218]
[0.262, 0.282, 0.194, 0.218, 0.128, 0.192, 0.268, 0.168, 0.216, 0.246, 0.218, 0.214]
[0.262, 0.282, 0.194, 0.218, 0.128, 0.192, 0.268, 0.168, 0.216, 0.246, 0.218, 0.214, 0.186]
[0.262, 0.282, 0.194, 0.218, 0.128, 0.192, 0.268, 0.168, 0.216, 0.246, 0.218, 0.214, 0.186, 0.148]
[0.262, 0.282, 0.194, 0.218, 0.128, 0.192, 0.268, 0.168, 0.216, 0.246, 0.218, 0.214, 0.186, 0.148, 0.164]
[0.262, 0.282, 0.194, 0.218, 0.128, 0.192, 0.268, 0.168, 0.216, 0.246, 0.218, 0.214, 0.186, 0.148, 0.164, 0.206]
[0.262, 0.282, 0.194, 0.218, 0.128, 0.192, 0.268, 0.168, 0.216, 0.246, 0.218, 0.214, 0.186, 0.148, 0.164, 0.206, 0.2]
[0.262, 0.282, 0.194, 0.218, 0.128, 0.192, 0.268, 0.168, 0.216, 0.246, 0.218, 0.214, 0.186, 0.148, 0.164, 0.206, 0.2, 0.164]
[0.262, 0.282, 0.194, 0.218, 0.128, 0.192, 0.268, 0.168, 0.216, 0.246, 0.218, 0.214, 0.186, 0.148, 0.164, 0.206, 0.2, 0.164, 0.226]
[0.262, 0.282, 0.194, 0.218, 0.128, 0.192, 0.268, 0.168, 0.216, 0.246, 0.218, 0.214, 0.186, 0.148, 0.164, 0.206, 0.2, 0.164, 0.226, 0.308]
[[0.54, 0.68, 0.768, 0.75, 0.636, 0.67, 0.562, 0.698, 0.766, 0.672, 0.666, 0.614, 0.684, 0.624, 0.748, 0.702, 0.69, 0.77, 0.744, 0.876], [0.208, 0.288, 0.252, 0.246, 0.206, 0.23, 0.228, 0.214, 0.31, 0.296, 0.192, 0.28, 0.272, 0.158, 0.134, 0.18, 0.268, 0.198, 0.23, 0.282], [0.292, 0.232, 0.174, 0.2, 0.188, 0.214, 0.204, 0.152, 0.214, 0.164, 0.146, 0.168, 0.158, 0.176, 0.204, 0.08, 0.18, 0.188, 0.196, 0.202], [0.286, 0.232, 0.176, 0.192, 0.186, 0.208, 0.204, 0.152, 0.214, 0.156, 0.138, 0.172, 0.152, 0.172, 0.202, 0.082, 0.174, 0.168, 0.196, 0.202], [0.294, 0.254, 0.17, 0.192, 0.174, 0.198, 0.206, 0.152, 0.216, 0.16, 0.142, 0.178, 0.138, 0.168, 0.202, 0.102, 0.17, 0.162, 0.198, 0.204], [0.274, 0.264, 0.174, 0.19, 0.174, 0.178, 0.208, 0.152, 0.21, 0.172, 0.142, 0.176, 0.136, 0.162, 0.22, 0.112, 0.162, 0.144, 0.194, 0.212], [0.274, 0.272, 0.168, 0.186, 0.172, 0.176, 0.212, 0.146, 0.206, 0.188, 0.142, 0.178, 0.14, 0.168, 0.216, 0.122, 0.156, 0.134, 0.2, 0.212], [0.26, 0.28, 0.18, 0.186, 0.156, 0.176, 0.216, 0.152, 0.21, 0.192, 0.148, 0.186, 0.14, 0.176, 0.208, 0.126, 0.158, 0.138, 0.192, 0.226], [0.262, 0.278, 0.178, 0.17, 0.148, 0.172, 0.226, 0.148, 0.216, 0.198, 0.15, 0.188, 0.14, 0.168, 0.202, 0.136, 0.158, 0.134, 0.194, 0.226], [0.266, 0.28, 0.168, 0.18, 0.142, 0.172, 0.232, 0.148, 0.216, 0.202, 0.148, 0.192, 0.154, 0.168, 0.192, 0.15, 0.166, 0.132, 0.192, 0.236], [0.27, 0.282, 0.164, 0.178, 0.136, 0.176, 0.238, 0.15, 0.214, 0.208, 0.154, 0.194, 0.152, 0.158, 0.194, 0.158, 0.168, 0.13, 0.2, 0.252], [0.266, 0.272, 0.172, 0.178, 0.126, 0.184, 0.238, 0.14, 0.214, 0.216, 0.17, 0.19, 0.158, 0.158, 0.182, 0.166, 0.18, 0.142, 0.202, 0.252], [0.264, 0.266, 0.164, 0.182, 0.13, 0.192, 0.24, 0.142, 0.208, 0.216, 0.18, 0.19, 0.168, 0.144, 0.178, 0.168, 0.182, 0.144, 0.196, 0.258], [0.26, 0.268, 0.166, 0.188, 0.126, 0.194, 0.248, 0.15, 0.216, 0.224, 0.186, 0.192, 0.172, 0.15, 0.174, 0.174, 0.188, 0.142, 0.2, 0.268], [0.262, 0.262, 0.174, 0.196, 0.126, 0.194, 0.248, 0.156, 0.214, 0.224, 0.192, 0.196, 0.178, 0.15, 0.17, 0.174, 0.188, 0.152, 0.204, 0.284], [0.26, 0.266, 0.176, 0.2, 0.126, 0.198, 0.258, 0.158, 0.218, 0.232, 0.198, 0.192, 0.176, 0.15, 0.168, 0.184, 0.194, 0.156, 0.21, 0.286], [0.26, 0.27, 0.178, 0.212, 0.118, 0.204, 0.258, 0.156, 0.222, 0.24, 0.216, 0.206, 0.19, 0.158, 0.164, 0.196, 0.192, 0.158, 0.21, 0.298], [0.258, 0.274, 0.174, 0.214, 0.124, 0.198, 0.264, 0.168, 0.226, 0.242, 0.216, 0.21, 0.192, 0.152, 0.17, 0.198, 0.192, 0.164, 0.22, 0.294], [0.262, 0.29, 0.186, 0.218, 0.122, 0.19, 0.268, 0.168, 0.218, 0.246, 0.222, 0.216, 0.186, 0.148, 0.17, 0.204, 0.204, 0.166, 0.222, 0.302], [0.262, 0.282, 0.194, 0.218, 0.128, 0.192, 0.268, 0.168, 0.216, 0.246, 0.218, 0.214, 0.186, 0.148, 0.164, 0.206, 0.2, 0.164, 0.226, 0.308]]
20
20
Plot  0  Done
Average Retain Accuracies:  [0.6, 0.2152, 0.312, 0.3064, 0.3012, 0.2976, 0.2928, 0.278, 0.2776, 0.2724, 0.2672, 0.2636, 0.2608, 0.2588, 0.258, 0.2572, 0.2608, 0.2608, 0.2548, 0.2584]
Average Forget Accuracies:  [0.7885473684210527, 0.23006315789473683, 0.18387368421052633, 0.18250526315789473, 0.1836, 0.18256842105263157, 0.18263157894736842, 0.18338947368421052, 0.18372631578947368, 0.1859578947368421, 0.1880842105263158, 0.1896, 0.19250526315789473, 0.19534736842105263, 0.19724210526315789, 0.19930526315789474, 0.20227368421052633, 0.20334736842105264, 0.20650526315789475, 0.2080842105263158]
Average Retain Test Accuracies:  [0.54, 0.208, 0.292, 0.286, 0.294, 0.274, 0.274, 0.26, 0.262, 0.266, 0.27, 0.266, 0.264, 0.26, 0.262, 0.26, 0.26, 0.258, 0.262, 0.262]
Average Forget Test Accuracies:  [0.7010526315789474, 0.23494736842105263, 0.18105263157894738, 0.17778947368421052, 0.17821052631578949, 0.178, 0.17863157894736842, 0.18136842105263157, 0.18052631578947367, 0.18263157894736842, 0.18452631578947368, 0.1863157894736842, 0.18673684210526315, 0.1908421052631579, 0.19378947368421054, 0.19715789473684212, 0.20242105263157895, 0.20484210526315788, 0.20768421052631578, 0.20768421052631578]
Done
Python 3.12.8
./cifar-100-python/train
./cifar-100-python/test
Unlearn Batch Size:  16
Unlearn MEM Strength:  0.6
cifar-100-python/train
cifar-100-python/test
new ordering of classes:  ['bus', 'chair', 'streetcar', 'bear', 'leopard', 'tank', 'girl', 'cloud', 'bicycle', 'aquarium fish', 'porcupine', 'whale', 'rocket', 'boy', 'lamp', 'pears', 'bottles', 'sunflowers', 'bowls', 'turtle', 'spider', 'crab', 'kangaroo', 'poppies', 'bed', 'apples', 'road', 'couch', 'otter', 'computer keyboard', 'beetle', 'mushrooms', 'cans', 'shrew', 'bee', 'baby', 'worm', 'woman', 'cattle', 'lawn-mower', 'lobster', 'bridge', 'man', 'tractor', 'hamster', 'house', 'cockroach', 'telephone', 'camel', 'beaver', 'raccoon', 'possum', 'orchids', 'wolf', 'snail', 'tiger', 'lion', 'tulips', 'dinosaur', 'dolphin', 'television', 'motorcycle', 'pine', 'plain', 'table', 'snake', 'caterpillar', 'elephant', 'chimpanzee', 'crocodile', 'skunk', 'lizard', 'mountain', 'cups', 'oranges', 'castle', 'flatfish', 'squirrel', 'skyscraper', 'maple', 'seal', 'oak', 'clock', 'fox', 'plates', 'willow', 'sweet peppers', 'forest', 'ray', 'rabbit', 'pickup truck', 'sea', 'shark', 'palm', 'butterfly', 'mouse', 'trout', 'roses', 'train', 'wardrobe']
Training task:  1
[0.682, 0.162, 0.142, 0.198, 0.18, 0.258, 0.194, 0.202, 0.206, 0.206, 0.186, 0.254, 0.21, 0.208, 0.148, 0.178, 0.104, 0.15, 0.196, 0.266]
Training task:  2
[0.566, 0.796, 0.154, 0.188, 0.194, 0.25, 0.182, 0.222, 0.19, 0.148, 0.168, 0.27, 0.244, 0.238, 0.216, 0.162, 0.13, 0.204, 0.214, 0.302]
Training task:  3
[0.556, 0.598, 0.726, 0.178, 0.182, 0.234, 0.176, 0.184, 0.168, 0.202, 0.196, 0.288, 0.218, 0.196, 0.18, 0.112, 0.188, 0.194, 0.24, 0.36]
Training task:  4
[0.632, 0.726, 0.65, 0.734, 0.168, 0.18, 0.094, 0.216, 0.156, 0.18, 0.22, 0.378, 0.214, 0.314, 0.168, 0.15, 0.168, 0.164, 0.226, 0.238]
Training task:  5
[0.614, 0.63, 0.606, 0.62, 0.788, 0.184, 0.128, 0.256, 0.166, 0.23, 0.172, 0.29, 0.322, 0.214, 0.2, 0.152, 0.184, 0.182, 0.256, 0.224]
Training task:  6
[0.646, 0.714, 0.63, 0.682, 0.758, 0.81, 0.128, 0.246, 0.13, 0.204, 0.186, 0.338, 0.234, 0.266, 0.19, 0.118, 0.152, 0.192, 0.228, 0.26]
Training task:  7
[0.606, 0.672, 0.594, 0.698, 0.724, 0.726, 0.698, 0.254, 0.146, 0.248, 0.164, 0.338, 0.232, 0.28, 0.17, 0.084, 0.122, 0.164, 0.204, 0.196]
Training task:  8
[0.626, 0.68, 0.642, 0.626, 0.68, 0.71, 0.62, 0.72, 0.16, 0.244, 0.168, 0.258, 0.294, 0.168, 0.196, 0.118, 0.16, 0.142, 0.198, 0.25]
Training task:  9
[0.59, 0.68, 0.634, 0.602, 0.668, 0.7, 0.594, 0.684, 0.702, 0.23, 0.192, 0.268, 0.308, 0.232, 0.178, 0.106, 0.13, 0.162, 0.22, 0.272]
Training task:  10
[0.586, 0.672, 0.634, 0.632, 0.658, 0.654, 0.61, 0.652, 0.6, 0.734, 0.158, 0.266, 0.282, 0.232, 0.184, 0.172, 0.108, 0.174, 0.23, 0.272]
Training task:  11
[0.54, 0.656, 0.576, 0.614, 0.668, 0.684, 0.562, 0.618, 0.596, 0.684, 0.578, 0.32, 0.294, 0.202, 0.224, 0.176, 0.116, 0.16, 0.218, 0.23]
Training task:  12
[0.548, 0.668, 0.588, 0.618, 0.666, 0.682, 0.572, 0.606, 0.598, 0.652, 0.52, 0.796, 0.272, 0.232, 0.214, 0.158, 0.136, 0.14, 0.228, 0.214]
Training task:  13
[0.582, 0.746, 0.668, 0.584, 0.668, 0.706, 0.57, 0.592, 0.558, 0.65, 0.464, 0.756, 0.85, 0.316, 0.164, 0.164, 0.112, 0.166, 0.202, 0.228]
Training task:  14
[0.606, 0.67, 0.624, 0.608, 0.68, 0.714, 0.536, 0.61, 0.582, 0.612, 0.478, 0.706, 0.782, 0.76, 0.198, 0.178, 0.17, 0.166, 0.194, 0.26]
Training task:  15
[0.564, 0.66, 0.62, 0.612, 0.656, 0.718, 0.536, 0.604, 0.53, 0.622, 0.486, 0.702, 0.776, 0.72, 0.828, 0.18, 0.138, 0.186, 0.184, 0.262]
Training task:  16
[0.534, 0.68, 0.612, 0.59, 0.65, 0.686, 0.522, 0.558, 0.564, 0.562, 0.466, 0.706, 0.782, 0.624, 0.774, 0.808, 0.162, 0.156, 0.184, 0.298]
Training task:  17
[0.56, 0.67, 0.638, 0.598, 0.632, 0.692, 0.538, 0.59, 0.564, 0.58, 0.446, 0.706, 0.78, 0.628, 0.748, 0.74, 0.772, 0.14, 0.174, 0.252]
Training task:  18
[0.572, 0.69, 0.612, 0.59, 0.68, 0.692, 0.506, 0.584, 0.582, 0.596, 0.424, 0.666, 0.77, 0.576, 0.728, 0.696, 0.648, 0.748, 0.208, 0.22]
Training task:  19
[0.596, 0.708, 0.636, 0.612, 0.672, 0.656, 0.532, 0.59, 0.598, 0.594, 0.412, 0.67, 0.782, 0.592, 0.742, 0.684, 0.656, 0.744, 0.842, 0.282]
Training task:  20
[0.612, 0.694, 0.656, 0.63, 0.678, 0.694, 0.528, 0.594, 0.604, 0.592, 0.446, 0.666, 0.78, 0.592, 0.748, 0.666, 0.644, 0.7, 0.784, 0.83]
Unlearning task:  20
Total correct retain:  1660  Total retain:  2500
Total correct forget:  34878  Total forget:  47500
Total correct test:  306  Total test:  500
Total correct forget test:  6263  Total test forget:  9500
[0.612]
[0.612, 0.694]
[0.612, 0.694, 0.656]
[0.612, 0.694, 0.656, 0.63]
[0.612, 0.694, 0.656, 0.63, 0.678]
[0.612, 0.694, 0.656, 0.63, 0.678, 0.694]
[0.612, 0.694, 0.656, 0.63, 0.678, 0.694, 0.528]
[0.612, 0.694, 0.656, 0.63, 0.678, 0.694, 0.528, 0.594]
[0.612, 0.694, 0.656, 0.63, 0.678, 0.694, 0.528, 0.594, 0.604]
[0.612, 0.694, 0.656, 0.63, 0.678, 0.694, 0.528, 0.594, 0.604, 0.592]
[0.612, 0.694, 0.656, 0.63, 0.678, 0.694, 0.528, 0.594, 0.604, 0.592, 0.446]
[0.612, 0.694, 0.656, 0.63, 0.678, 0.694, 0.528, 0.594, 0.604, 0.592, 0.446, 0.666]
[0.612, 0.694, 0.656, 0.63, 0.678, 0.694, 0.528, 0.594, 0.604, 0.592, 0.446, 0.666, 0.78]
[0.612, 0.694, 0.656, 0.63, 0.678, 0.694, 0.528, 0.594, 0.604, 0.592, 0.446, 0.666, 0.78, 0.592]
[0.612, 0.694, 0.656, 0.63, 0.678, 0.694, 0.528, 0.594, 0.604, 0.592, 0.446, 0.666, 0.78, 0.592, 0.748]
[0.612, 0.694, 0.656, 0.63, 0.678, 0.694, 0.528, 0.594, 0.604, 0.592, 0.446, 0.666, 0.78, 0.592, 0.748, 0.666]
[0.612, 0.694, 0.656, 0.63, 0.678, 0.694, 0.528, 0.594, 0.604, 0.592, 0.446, 0.666, 0.78, 0.592, 0.748, 0.666, 0.644]
[0.612, 0.694, 0.656, 0.63, 0.678, 0.694, 0.528, 0.594, 0.604, 0.592, 0.446, 0.666, 0.78, 0.592, 0.748, 0.666, 0.644, 0.7]
[0.612, 0.694, 0.656, 0.63, 0.678, 0.694, 0.528, 0.594, 0.604, 0.592, 0.446, 0.666, 0.78, 0.592, 0.748, 0.666, 0.644, 0.7, 0.784]
[0.612, 0.694, 0.656, 0.63, 0.678, 0.694, 0.528, 0.594, 0.604, 0.592, 0.446, 0.666, 0.78, 0.592, 0.748, 0.666, 0.644, 0.7, 0.784, 0.83]
Total correct retain:  1460  Total retain:  2500
Total correct forget:  30755  Total forget:  47500
Total correct test:  258  Total test:  500
Total correct forget test:  5597  Total test forget:  9500
[0.516]
[0.516, 0.59]
[0.516, 0.59, 0.614]
[0.516, 0.59, 0.614, 0.498]
[0.516, 0.59, 0.614, 0.498, 0.636]
[0.516, 0.59, 0.614, 0.498, 0.636, 0.634]
[0.516, 0.59, 0.614, 0.498, 0.636, 0.634, 0.456]
[0.516, 0.59, 0.614, 0.498, 0.636, 0.634, 0.456, 0.552]
[0.516, 0.59, 0.614, 0.498, 0.636, 0.634, 0.456, 0.552, 0.538]
[0.516, 0.59, 0.614, 0.498, 0.636, 0.634, 0.456, 0.552, 0.538, 0.548]
[0.516, 0.59, 0.614, 0.498, 0.636, 0.634, 0.456, 0.552, 0.538, 0.548, 0.414]
[0.516, 0.59, 0.614, 0.498, 0.636, 0.634, 0.456, 0.552, 0.538, 0.548, 0.414, 0.606]
[0.516, 0.59, 0.614, 0.498, 0.636, 0.634, 0.456, 0.552, 0.538, 0.548, 0.414, 0.606, 0.754]
[0.516, 0.59, 0.614, 0.498, 0.636, 0.634, 0.456, 0.552, 0.538, 0.548, 0.414, 0.606, 0.754, 0.538]
[0.516, 0.59, 0.614, 0.498, 0.636, 0.634, 0.456, 0.552, 0.538, 0.548, 0.414, 0.606, 0.754, 0.538, 0.612]
[0.516, 0.59, 0.614, 0.498, 0.636, 0.634, 0.456, 0.552, 0.538, 0.548, 0.414, 0.606, 0.754, 0.538, 0.612, 0.528]
[0.516, 0.59, 0.614, 0.498, 0.636, 0.634, 0.456, 0.552, 0.538, 0.548, 0.414, 0.606, 0.754, 0.538, 0.612, 0.528, 0.644]
[0.516, 0.59, 0.614, 0.498, 0.636, 0.634, 0.456, 0.552, 0.538, 0.548, 0.414, 0.606, 0.754, 0.538, 0.612, 0.528, 0.644, 0.632]
[0.516, 0.59, 0.614, 0.498, 0.636, 0.634, 0.456, 0.552, 0.538, 0.548, 0.414, 0.606, 0.754, 0.538, 0.612, 0.528, 0.644, 0.632, 0.698]
[0.516, 0.59, 0.614, 0.498, 0.636, 0.634, 0.456, 0.552, 0.538, 0.548, 0.414, 0.606, 0.754, 0.538, 0.612, 0.528, 0.644, 0.632, 0.698, 0.702]
Total correct retain:  1433  Total retain:  2500
Total correct forget:  30815  Total forget:  47500
Total correct test:  272  Total test:  500
Total correct forget test:  5571  Total test forget:  9500
[0.544]
[0.544, 0.642]
[0.544, 0.642, 0.612]
[0.544, 0.642, 0.612, 0.548]
[0.544, 0.642, 0.612, 0.548, 0.602]
[0.544, 0.642, 0.612, 0.548, 0.602, 0.606]
[0.544, 0.642, 0.612, 0.548, 0.602, 0.606, 0.466]
[0.544, 0.642, 0.612, 0.548, 0.602, 0.606, 0.466, 0.494]
[0.544, 0.642, 0.612, 0.548, 0.602, 0.606, 0.466, 0.494, 0.472]
[0.544, 0.642, 0.612, 0.548, 0.602, 0.606, 0.466, 0.494, 0.472, 0.526]
[0.544, 0.642, 0.612, 0.548, 0.602, 0.606, 0.466, 0.494, 0.472, 0.526, 0.45]
[0.544, 0.642, 0.612, 0.548, 0.602, 0.606, 0.466, 0.494, 0.472, 0.526, 0.45, 0.646]
[0.544, 0.642, 0.612, 0.548, 0.602, 0.606, 0.466, 0.494, 0.472, 0.526, 0.45, 0.646, 0.706]
[0.544, 0.642, 0.612, 0.548, 0.602, 0.606, 0.466, 0.494, 0.472, 0.526, 0.45, 0.646, 0.706, 0.546]
[0.544, 0.642, 0.612, 0.548, 0.602, 0.606, 0.466, 0.494, 0.472, 0.526, 0.45, 0.646, 0.706, 0.546, 0.65]
[0.544, 0.642, 0.612, 0.548, 0.602, 0.606, 0.466, 0.494, 0.472, 0.526, 0.45, 0.646, 0.706, 0.546, 0.65, 0.59]
[0.544, 0.642, 0.612, 0.548, 0.602, 0.606, 0.466, 0.494, 0.472, 0.526, 0.45, 0.646, 0.706, 0.546, 0.65, 0.59, 0.578]
[0.544, 0.642, 0.612, 0.548, 0.602, 0.606, 0.466, 0.494, 0.472, 0.526, 0.45, 0.646, 0.706, 0.546, 0.65, 0.59, 0.578, 0.648]
[0.544, 0.642, 0.612, 0.548, 0.602, 0.606, 0.466, 0.494, 0.472, 0.526, 0.45, 0.646, 0.706, 0.546, 0.65, 0.59, 0.578, 0.648, 0.684]
[0.544, 0.642, 0.612, 0.548, 0.602, 0.606, 0.466, 0.494, 0.472, 0.526, 0.45, 0.646, 0.706, 0.546, 0.65, 0.59, 0.578, 0.648, 0.684, 0.676]
broken out of loop
Total correct retain:  506  Total retain:  2500
Total correct forget:  9978  Total forget:  47500
Total correct test:  102  Total test:  500
Total correct forget test:  1985  Total test forget:  9500
[0.204]
[0.204, 0.2]
[0.204, 0.2, 0.202]
[0.204, 0.2, 0.202, 0.2]
[0.204, 0.2, 0.202, 0.2, 0.23]
[0.204, 0.2, 0.202, 0.2, 0.23, 0.204]
[0.204, 0.2, 0.202, 0.2, 0.23, 0.204, 0.202]
[0.204, 0.2, 0.202, 0.2, 0.23, 0.204, 0.202, 0.25]
[0.204, 0.2, 0.202, 0.2, 0.23, 0.204, 0.202, 0.25, 0.202]
[0.204, 0.2, 0.202, 0.2, 0.23, 0.204, 0.202, 0.25, 0.202, 0.214]
[0.204, 0.2, 0.202, 0.2, 0.23, 0.204, 0.202, 0.25, 0.202, 0.214, 0.2]
[0.204, 0.2, 0.202, 0.2, 0.23, 0.204, 0.202, 0.25, 0.202, 0.214, 0.2, 0.2]
[0.204, 0.2, 0.202, 0.2, 0.23, 0.204, 0.202, 0.25, 0.202, 0.214, 0.2, 0.2, 0.244]
[0.204, 0.2, 0.202, 0.2, 0.23, 0.204, 0.202, 0.25, 0.202, 0.214, 0.2, 0.2, 0.244, 0.2]
[0.204, 0.2, 0.202, 0.2, 0.23, 0.204, 0.202, 0.25, 0.202, 0.214, 0.2, 0.2, 0.244, 0.2, 0.174]
[0.204, 0.2, 0.202, 0.2, 0.23, 0.204, 0.202, 0.25, 0.202, 0.214, 0.2, 0.2, 0.244, 0.2, 0.174, 0.202]
[0.204, 0.2, 0.202, 0.2, 0.23, 0.204, 0.202, 0.25, 0.202, 0.214, 0.2, 0.2, 0.244, 0.2, 0.174, 0.202, 0.208]
[0.204, 0.2, 0.202, 0.2, 0.23, 0.204, 0.202, 0.25, 0.202, 0.214, 0.2, 0.2, 0.244, 0.2, 0.174, 0.202, 0.208, 0.202]
[0.204, 0.2, 0.202, 0.2, 0.23, 0.204, 0.202, 0.25, 0.202, 0.214, 0.2, 0.2, 0.244, 0.2, 0.174, 0.202, 0.208, 0.202, 0.204]
[0.204, 0.2, 0.202, 0.2, 0.23, 0.204, 0.202, 0.25, 0.202, 0.214, 0.2, 0.2, 0.244, 0.2, 0.174, 0.202, 0.208, 0.202, 0.204, 0.232]
broken out of loop
Total correct retain:  527  Total retain:  2500
Total correct forget:  10275  Total forget:  47500
Total correct test:  107  Total test:  500
Total correct forget test:  2044  Total test forget:  9500
[0.214]
[0.214, 0.2]
[0.214, 0.2, 0.226]
[0.214, 0.2, 0.226, 0.2]
[0.214, 0.2, 0.226, 0.2, 0.222]
[0.214, 0.2, 0.226, 0.2, 0.222, 0.226]
[0.214, 0.2, 0.226, 0.2, 0.222, 0.226, 0.216]
[0.214, 0.2, 0.226, 0.2, 0.222, 0.226, 0.216, 0.288]
[0.214, 0.2, 0.226, 0.2, 0.222, 0.226, 0.216, 0.288, 0.202]
[0.214, 0.2, 0.226, 0.2, 0.222, 0.226, 0.216, 0.288, 0.202, 0.222]
[0.214, 0.2, 0.226, 0.2, 0.222, 0.226, 0.216, 0.288, 0.202, 0.222, 0.194]
[0.214, 0.2, 0.226, 0.2, 0.222, 0.226, 0.216, 0.288, 0.202, 0.222, 0.194, 0.2]
[0.214, 0.2, 0.226, 0.2, 0.222, 0.226, 0.216, 0.288, 0.202, 0.222, 0.194, 0.2, 0.248]
[0.214, 0.2, 0.226, 0.2, 0.222, 0.226, 0.216, 0.288, 0.202, 0.222, 0.194, 0.2, 0.248, 0.202]
[0.214, 0.2, 0.226, 0.2, 0.222, 0.226, 0.216, 0.288, 0.202, 0.222, 0.194, 0.2, 0.248, 0.202, 0.15]
[0.214, 0.2, 0.226, 0.2, 0.222, 0.226, 0.216, 0.288, 0.202, 0.222, 0.194, 0.2, 0.248, 0.202, 0.15, 0.204]
[0.214, 0.2, 0.226, 0.2, 0.222, 0.226, 0.216, 0.288, 0.202, 0.222, 0.194, 0.2, 0.248, 0.202, 0.15, 0.204, 0.21]
[0.214, 0.2, 0.226, 0.2, 0.222, 0.226, 0.216, 0.288, 0.202, 0.222, 0.194, 0.2, 0.248, 0.202, 0.15, 0.204, 0.21, 0.224]
[0.214, 0.2, 0.226, 0.2, 0.222, 0.226, 0.216, 0.288, 0.202, 0.222, 0.194, 0.2, 0.248, 0.202, 0.15, 0.204, 0.21, 0.224, 0.21]
[0.214, 0.2, 0.226, 0.2, 0.222, 0.226, 0.216, 0.288, 0.202, 0.222, 0.194, 0.2, 0.248, 0.202, 0.15, 0.204, 0.21, 0.224, 0.21, 0.244]
broken out of loop
Total correct retain:  583  Total retain:  2500
Total correct forget:  10615  Total forget:  47500
Total correct test:  112  Total test:  500
Total correct forget test:  2088  Total test forget:  9500
[0.224]
[0.224, 0.208]
[0.224, 0.208, 0.252]
[0.224, 0.208, 0.252, 0.198]
[0.224, 0.208, 0.252, 0.198, 0.216]
[0.224, 0.208, 0.252, 0.198, 0.216, 0.228]
[0.224, 0.208, 0.252, 0.198, 0.216, 0.228, 0.226]
[0.224, 0.208, 0.252, 0.198, 0.216, 0.228, 0.226, 0.296]
[0.224, 0.208, 0.252, 0.198, 0.216, 0.228, 0.226, 0.296, 0.2]
[0.224, 0.208, 0.252, 0.198, 0.216, 0.228, 0.226, 0.296, 0.2, 0.24]
[0.224, 0.208, 0.252, 0.198, 0.216, 0.228, 0.226, 0.296, 0.2, 0.24, 0.18]
[0.224, 0.208, 0.252, 0.198, 0.216, 0.228, 0.226, 0.296, 0.2, 0.24, 0.18, 0.198]
[0.224, 0.208, 0.252, 0.198, 0.216, 0.228, 0.226, 0.296, 0.2, 0.24, 0.18, 0.198, 0.246]
[0.224, 0.208, 0.252, 0.198, 0.216, 0.228, 0.226, 0.296, 0.2, 0.24, 0.18, 0.198, 0.246, 0.206]
[0.224, 0.208, 0.252, 0.198, 0.216, 0.228, 0.226, 0.296, 0.2, 0.24, 0.18, 0.198, 0.246, 0.206, 0.148]
[0.224, 0.208, 0.252, 0.198, 0.216, 0.228, 0.226, 0.296, 0.2, 0.24, 0.18, 0.198, 0.246, 0.206, 0.148, 0.21]
[0.224, 0.208, 0.252, 0.198, 0.216, 0.228, 0.226, 0.296, 0.2, 0.24, 0.18, 0.198, 0.246, 0.206, 0.148, 0.21, 0.214]
[0.224, 0.208, 0.252, 0.198, 0.216, 0.228, 0.226, 0.296, 0.2, 0.24, 0.18, 0.198, 0.246, 0.206, 0.148, 0.21, 0.214, 0.232]
[0.224, 0.208, 0.252, 0.198, 0.216, 0.228, 0.226, 0.296, 0.2, 0.24, 0.18, 0.198, 0.246, 0.206, 0.148, 0.21, 0.214, 0.232, 0.228]
[0.224, 0.208, 0.252, 0.198, 0.216, 0.228, 0.226, 0.296, 0.2, 0.24, 0.18, 0.198, 0.246, 0.206, 0.148, 0.21, 0.214, 0.232, 0.228, 0.25]
broken out of loop
Total correct retain:  637  Total retain:  2500
Total correct forget:  11109  Total forget:  47500
Total correct test:  126  Total test:  500
Total correct forget test:  2179  Total test forget:  9500
[0.252]
[0.252, 0.226]
[0.252, 0.226, 0.272]
[0.252, 0.226, 0.272, 0.2]
[0.252, 0.226, 0.272, 0.2, 0.228]
[0.252, 0.226, 0.272, 0.2, 0.228, 0.25]
[0.252, 0.226, 0.272, 0.2, 0.228, 0.25, 0.226]
[0.252, 0.226, 0.272, 0.2, 0.228, 0.25, 0.226, 0.306]
[0.252, 0.226, 0.272, 0.2, 0.228, 0.25, 0.226, 0.306, 0.2]
[0.252, 0.226, 0.272, 0.2, 0.228, 0.25, 0.226, 0.306, 0.2, 0.274]
[0.252, 0.226, 0.272, 0.2, 0.228, 0.25, 0.226, 0.306, 0.2, 0.274, 0.172]
[0.252, 0.226, 0.272, 0.2, 0.228, 0.25, 0.226, 0.306, 0.2, 0.274, 0.172, 0.206]
[0.252, 0.226, 0.272, 0.2, 0.228, 0.25, 0.226, 0.306, 0.2, 0.274, 0.172, 0.206, 0.246]
[0.252, 0.226, 0.272, 0.2, 0.228, 0.25, 0.226, 0.306, 0.2, 0.274, 0.172, 0.206, 0.246, 0.206]
[0.252, 0.226, 0.272, 0.2, 0.228, 0.25, 0.226, 0.306, 0.2, 0.274, 0.172, 0.206, 0.246, 0.206, 0.17]
[0.252, 0.226, 0.272, 0.2, 0.228, 0.25, 0.226, 0.306, 0.2, 0.274, 0.172, 0.206, 0.246, 0.206, 0.17, 0.214]
[0.252, 0.226, 0.272, 0.2, 0.228, 0.25, 0.226, 0.306, 0.2, 0.274, 0.172, 0.206, 0.246, 0.206, 0.17, 0.214, 0.228]
[0.252, 0.226, 0.272, 0.2, 0.228, 0.25, 0.226, 0.306, 0.2, 0.274, 0.172, 0.206, 0.246, 0.206, 0.17, 0.214, 0.228, 0.23]
[0.252, 0.226, 0.272, 0.2, 0.228, 0.25, 0.226, 0.306, 0.2, 0.274, 0.172, 0.206, 0.246, 0.206, 0.17, 0.214, 0.228, 0.23, 0.26]
[0.252, 0.226, 0.272, 0.2, 0.228, 0.25, 0.226, 0.306, 0.2, 0.274, 0.172, 0.206, 0.246, 0.206, 0.17, 0.214, 0.228, 0.23, 0.26, 0.244]
broken out of loop
Total correct retain:  692  Total retain:  2500
Total correct forget:  11568  Total forget:  47500
Total correct test:  140  Total test:  500
Total correct forget test:  2252  Total test forget:  9500
[0.28]
[0.28, 0.26]
[0.28, 0.26, 0.286]
[0.28, 0.26, 0.286, 0.218]
[0.28, 0.26, 0.286, 0.218, 0.224]
[0.28, 0.26, 0.286, 0.218, 0.224, 0.242]
[0.28, 0.26, 0.286, 0.218, 0.224, 0.242, 0.228]
[0.28, 0.26, 0.286, 0.218, 0.224, 0.242, 0.228, 0.316]
[0.28, 0.26, 0.286, 0.218, 0.224, 0.242, 0.228, 0.316, 0.202]
[0.28, 0.26, 0.286, 0.218, 0.224, 0.242, 0.228, 0.316, 0.202, 0.284]
[0.28, 0.26, 0.286, 0.218, 0.224, 0.242, 0.228, 0.316, 0.202, 0.284, 0.176]
[0.28, 0.26, 0.286, 0.218, 0.224, 0.242, 0.228, 0.316, 0.202, 0.284, 0.176, 0.214]
[0.28, 0.26, 0.286, 0.218, 0.224, 0.242, 0.228, 0.316, 0.202, 0.284, 0.176, 0.214, 0.262]
[0.28, 0.26, 0.286, 0.218, 0.224, 0.242, 0.228, 0.316, 0.202, 0.284, 0.176, 0.214, 0.262, 0.2]
[0.28, 0.26, 0.286, 0.218, 0.224, 0.242, 0.228, 0.316, 0.202, 0.284, 0.176, 0.214, 0.262, 0.2, 0.182]
[0.28, 0.26, 0.286, 0.218, 0.224, 0.242, 0.228, 0.316, 0.202, 0.284, 0.176, 0.214, 0.262, 0.2, 0.182, 0.22]
[0.28, 0.26, 0.286, 0.218, 0.224, 0.242, 0.228, 0.316, 0.202, 0.284, 0.176, 0.214, 0.262, 0.2, 0.182, 0.22, 0.246]
[0.28, 0.26, 0.286, 0.218, 0.224, 0.242, 0.228, 0.316, 0.202, 0.284, 0.176, 0.214, 0.262, 0.2, 0.182, 0.22, 0.246, 0.238]
[0.28, 0.26, 0.286, 0.218, 0.224, 0.242, 0.228, 0.316, 0.202, 0.284, 0.176, 0.214, 0.262, 0.2, 0.182, 0.22, 0.246, 0.238, 0.264]
[0.28, 0.26, 0.286, 0.218, 0.224, 0.242, 0.228, 0.316, 0.202, 0.284, 0.176, 0.214, 0.262, 0.2, 0.182, 0.22, 0.246, 0.238, 0.264, 0.242]
broken out of loop
Total correct retain:  712  Total retain:  2500
Total correct forget:  11983  Total forget:  47500
Total correct test:  143  Total test:  500
Total correct forget test:  2323  Total test forget:  9500
[0.286]
[0.286, 0.268]
[0.286, 0.268, 0.288]
[0.286, 0.268, 0.288, 0.222]
[0.286, 0.268, 0.288, 0.222, 0.216]
[0.286, 0.268, 0.288, 0.222, 0.216, 0.238]
[0.286, 0.268, 0.288, 0.222, 0.216, 0.238, 0.276]
[0.286, 0.268, 0.288, 0.222, 0.216, 0.238, 0.276, 0.304]
[0.286, 0.268, 0.288, 0.222, 0.216, 0.238, 0.276, 0.304, 0.218]
[0.286, 0.268, 0.288, 0.222, 0.216, 0.238, 0.276, 0.304, 0.218, 0.302]
[0.286, 0.268, 0.288, 0.222, 0.216, 0.238, 0.276, 0.304, 0.218, 0.302, 0.174]
[0.286, 0.268, 0.288, 0.222, 0.216, 0.238, 0.276, 0.304, 0.218, 0.302, 0.174, 0.218]
[0.286, 0.268, 0.288, 0.222, 0.216, 0.238, 0.276, 0.304, 0.218, 0.302, 0.174, 0.218, 0.266]
[0.286, 0.268, 0.288, 0.222, 0.216, 0.238, 0.276, 0.304, 0.218, 0.302, 0.174, 0.218, 0.266, 0.19]
[0.286, 0.268, 0.288, 0.222, 0.216, 0.238, 0.276, 0.304, 0.218, 0.302, 0.174, 0.218, 0.266, 0.19, 0.196]
[0.286, 0.268, 0.288, 0.222, 0.216, 0.238, 0.276, 0.304, 0.218, 0.302, 0.174, 0.218, 0.266, 0.19, 0.196, 0.23]
[0.286, 0.268, 0.288, 0.222, 0.216, 0.238, 0.276, 0.304, 0.218, 0.302, 0.174, 0.218, 0.266, 0.19, 0.196, 0.23, 0.252]
[0.286, 0.268, 0.288, 0.222, 0.216, 0.238, 0.276, 0.304, 0.218, 0.302, 0.174, 0.218, 0.266, 0.19, 0.196, 0.23, 0.252, 0.24]
[0.286, 0.268, 0.288, 0.222, 0.216, 0.238, 0.276, 0.304, 0.218, 0.302, 0.174, 0.218, 0.266, 0.19, 0.196, 0.23, 0.252, 0.24, 0.294]
[0.286, 0.268, 0.288, 0.222, 0.216, 0.238, 0.276, 0.304, 0.218, 0.302, 0.174, 0.218, 0.266, 0.19, 0.196, 0.23, 0.252, 0.24, 0.294, 0.254]
broken out of loop
Total correct retain:  718  Total retain:  2500
Total correct forget:  12345  Total forget:  47500
Total correct test:  147  Total test:  500
Total correct forget test:  2390  Total test forget:  9500
[0.294]
[0.294, 0.282]
[0.294, 0.282, 0.294]
[0.294, 0.282, 0.294, 0.228]
[0.294, 0.282, 0.294, 0.228, 0.218]
[0.294, 0.282, 0.294, 0.228, 0.218, 0.252]
[0.294, 0.282, 0.294, 0.228, 0.218, 0.252, 0.29]
[0.294, 0.282, 0.294, 0.228, 0.218, 0.252, 0.29, 0.3]
[0.294, 0.282, 0.294, 0.228, 0.218, 0.252, 0.29, 0.3, 0.218]
[0.294, 0.282, 0.294, 0.228, 0.218, 0.252, 0.29, 0.3, 0.218, 0.322]
[0.294, 0.282, 0.294, 0.228, 0.218, 0.252, 0.29, 0.3, 0.218, 0.322, 0.174]
[0.294, 0.282, 0.294, 0.228, 0.218, 0.252, 0.29, 0.3, 0.218, 0.322, 0.174, 0.226]
[0.294, 0.282, 0.294, 0.228, 0.218, 0.252, 0.29, 0.3, 0.218, 0.322, 0.174, 0.226, 0.278]
[0.294, 0.282, 0.294, 0.228, 0.218, 0.252, 0.29, 0.3, 0.218, 0.322, 0.174, 0.226, 0.278, 0.2]
[0.294, 0.282, 0.294, 0.228, 0.218, 0.252, 0.29, 0.3, 0.218, 0.322, 0.174, 0.226, 0.278, 0.2, 0.206]
[0.294, 0.282, 0.294, 0.228, 0.218, 0.252, 0.29, 0.3, 0.218, 0.322, 0.174, 0.226, 0.278, 0.2, 0.206, 0.232]
[0.294, 0.282, 0.294, 0.228, 0.218, 0.252, 0.29, 0.3, 0.218, 0.322, 0.174, 0.226, 0.278, 0.2, 0.206, 0.232, 0.256]
[0.294, 0.282, 0.294, 0.228, 0.218, 0.252, 0.29, 0.3, 0.218, 0.322, 0.174, 0.226, 0.278, 0.2, 0.206, 0.232, 0.256, 0.234]
[0.294, 0.282, 0.294, 0.228, 0.218, 0.252, 0.29, 0.3, 0.218, 0.322, 0.174, 0.226, 0.278, 0.2, 0.206, 0.232, 0.256, 0.234, 0.3]
[0.294, 0.282, 0.294, 0.228, 0.218, 0.252, 0.29, 0.3, 0.218, 0.322, 0.174, 0.226, 0.278, 0.2, 0.206, 0.232, 0.256, 0.234, 0.3, 0.27]
broken out of loop
Total correct retain:  713  Total retain:  2500
Total correct forget:  12616  Total forget:  47500
Total correct test:  154  Total test:  500
Total correct forget test:  2437  Total test forget:  9500
[0.308]
[0.308, 0.282]
[0.308, 0.282, 0.29]
[0.308, 0.282, 0.29, 0.238]
[0.308, 0.282, 0.29, 0.238, 0.22]
[0.308, 0.282, 0.29, 0.238, 0.22, 0.28]
[0.308, 0.282, 0.29, 0.238, 0.22, 0.28, 0.292]
[0.308, 0.282, 0.29, 0.238, 0.22, 0.28, 0.292, 0.288]
[0.308, 0.282, 0.29, 0.238, 0.22, 0.28, 0.292, 0.288, 0.216]
[0.308, 0.282, 0.29, 0.238, 0.22, 0.28, 0.292, 0.288, 0.216, 0.328]
[0.308, 0.282, 0.29, 0.238, 0.22, 0.28, 0.292, 0.288, 0.216, 0.328, 0.172]
[0.308, 0.282, 0.29, 0.238, 0.22, 0.28, 0.292, 0.288, 0.216, 0.328, 0.172, 0.222]
[0.308, 0.282, 0.29, 0.238, 0.22, 0.28, 0.292, 0.288, 0.216, 0.328, 0.172, 0.222, 0.286]
[0.308, 0.282, 0.29, 0.238, 0.22, 0.28, 0.292, 0.288, 0.216, 0.328, 0.172, 0.222, 0.286, 0.21]
[0.308, 0.282, 0.29, 0.238, 0.22, 0.28, 0.292, 0.288, 0.216, 0.328, 0.172, 0.222, 0.286, 0.21, 0.216]
[0.308, 0.282, 0.29, 0.238, 0.22, 0.28, 0.292, 0.288, 0.216, 0.328, 0.172, 0.222, 0.286, 0.21, 0.216, 0.246]
[0.308, 0.282, 0.29, 0.238, 0.22, 0.28, 0.292, 0.288, 0.216, 0.328, 0.172, 0.222, 0.286, 0.21, 0.216, 0.246, 0.258]
[0.308, 0.282, 0.29, 0.238, 0.22, 0.28, 0.292, 0.288, 0.216, 0.328, 0.172, 0.222, 0.286, 0.21, 0.216, 0.246, 0.258, 0.256]
[0.308, 0.282, 0.29, 0.238, 0.22, 0.28, 0.292, 0.288, 0.216, 0.328, 0.172, 0.222, 0.286, 0.21, 0.216, 0.246, 0.258, 0.256, 0.308]
[0.308, 0.282, 0.29, 0.238, 0.22, 0.28, 0.292, 0.288, 0.216, 0.328, 0.172, 0.222, 0.286, 0.21, 0.216, 0.246, 0.258, 0.256, 0.308, 0.266]
broken out of loop
Total correct retain:  709  Total retain:  2500
Total correct forget:  12900  Total forget:  47500
Total correct test:  147  Total test:  500
Total correct forget test:  2501  Total test forget:  9500
[0.294]
[0.294, 0.284]
[0.294, 0.284, 0.29]
[0.294, 0.284, 0.29, 0.246]
[0.294, 0.284, 0.29, 0.246, 0.23]
[0.294, 0.284, 0.29, 0.246, 0.23, 0.294]
[0.294, 0.284, 0.29, 0.246, 0.23, 0.294, 0.284]
[0.294, 0.284, 0.29, 0.246, 0.23, 0.294, 0.284, 0.298]
[0.294, 0.284, 0.29, 0.246, 0.23, 0.294, 0.284, 0.298, 0.228]
[0.294, 0.284, 0.29, 0.246, 0.23, 0.294, 0.284, 0.298, 0.228, 0.34]
[0.294, 0.284, 0.29, 0.246, 0.23, 0.294, 0.284, 0.298, 0.228, 0.34, 0.17]
[0.294, 0.284, 0.29, 0.246, 0.23, 0.294, 0.284, 0.298, 0.228, 0.34, 0.17, 0.244]
[0.294, 0.284, 0.29, 0.246, 0.23, 0.294, 0.284, 0.298, 0.228, 0.34, 0.17, 0.244, 0.292]
[0.294, 0.284, 0.29, 0.246, 0.23, 0.294, 0.284, 0.298, 0.228, 0.34, 0.17, 0.244, 0.292, 0.204]
[0.294, 0.284, 0.29, 0.246, 0.23, 0.294, 0.284, 0.298, 0.228, 0.34, 0.17, 0.244, 0.292, 0.204, 0.222]
[0.294, 0.284, 0.29, 0.246, 0.23, 0.294, 0.284, 0.298, 0.228, 0.34, 0.17, 0.244, 0.292, 0.204, 0.222, 0.25]
[0.294, 0.284, 0.29, 0.246, 0.23, 0.294, 0.284, 0.298, 0.228, 0.34, 0.17, 0.244, 0.292, 0.204, 0.222, 0.25, 0.266]
[0.294, 0.284, 0.29, 0.246, 0.23, 0.294, 0.284, 0.298, 0.228, 0.34, 0.17, 0.244, 0.292, 0.204, 0.222, 0.25, 0.266, 0.268]
[0.294, 0.284, 0.29, 0.246, 0.23, 0.294, 0.284, 0.298, 0.228, 0.34, 0.17, 0.244, 0.292, 0.204, 0.222, 0.25, 0.266, 0.268, 0.32]
[0.294, 0.284, 0.29, 0.246, 0.23, 0.294, 0.284, 0.298, 0.228, 0.34, 0.17, 0.244, 0.292, 0.204, 0.222, 0.25, 0.266, 0.268, 0.32, 0.272]
broken out of loop
Total correct retain:  708  Total retain:  2500
Total correct forget:  13167  Total forget:  47500
Total correct test:  143  Total test:  500
Total correct forget test:  2510  Total test forget:  9500
[0.286]
[0.286, 0.282]
[0.286, 0.282, 0.286]
[0.286, 0.282, 0.286, 0.25]
[0.286, 0.282, 0.286, 0.25, 0.23]
[0.286, 0.282, 0.286, 0.25, 0.23, 0.296]
[0.286, 0.282, 0.286, 0.25, 0.23, 0.296, 0.306]
[0.286, 0.282, 0.286, 0.25, 0.23, 0.296, 0.306, 0.298]
[0.286, 0.282, 0.286, 0.25, 0.23, 0.296, 0.306, 0.298, 0.236]
[0.286, 0.282, 0.286, 0.25, 0.23, 0.296, 0.306, 0.298, 0.236, 0.338]
[0.286, 0.282, 0.286, 0.25, 0.23, 0.296, 0.306, 0.298, 0.236, 0.338, 0.162]
[0.286, 0.282, 0.286, 0.25, 0.23, 0.296, 0.306, 0.298, 0.236, 0.338, 0.162, 0.232]
[0.286, 0.282, 0.286, 0.25, 0.23, 0.296, 0.306, 0.298, 0.236, 0.338, 0.162, 0.232, 0.298]
[0.286, 0.282, 0.286, 0.25, 0.23, 0.296, 0.306, 0.298, 0.236, 0.338, 0.162, 0.232, 0.298, 0.2]
[0.286, 0.282, 0.286, 0.25, 0.23, 0.296, 0.306, 0.298, 0.236, 0.338, 0.162, 0.232, 0.298, 0.2, 0.23]
[0.286, 0.282, 0.286, 0.25, 0.23, 0.296, 0.306, 0.298, 0.236, 0.338, 0.162, 0.232, 0.298, 0.2, 0.23, 0.25]
[0.286, 0.282, 0.286, 0.25, 0.23, 0.296, 0.306, 0.298, 0.236, 0.338, 0.162, 0.232, 0.298, 0.2, 0.23, 0.25, 0.266]
[0.286, 0.282, 0.286, 0.25, 0.23, 0.296, 0.306, 0.298, 0.236, 0.338, 0.162, 0.232, 0.298, 0.2, 0.23, 0.25, 0.266, 0.268]
[0.286, 0.282, 0.286, 0.25, 0.23, 0.296, 0.306, 0.298, 0.236, 0.338, 0.162, 0.232, 0.298, 0.2, 0.23, 0.25, 0.266, 0.268, 0.33]
[0.286, 0.282, 0.286, 0.25, 0.23, 0.296, 0.306, 0.298, 0.236, 0.338, 0.162, 0.232, 0.298, 0.2, 0.23, 0.25, 0.266, 0.268, 0.33, 0.262]
broken out of loop
Total correct retain:  721  Total retain:  2500
Total correct forget:  13481  Total forget:  47500
Total correct test:  136  Total test:  500
Total correct forget test:  2547  Total test forget:  9500
[0.272]
[0.272, 0.28]
[0.272, 0.28, 0.294]
[0.272, 0.28, 0.294, 0.266]
[0.272, 0.28, 0.294, 0.266, 0.24]
[0.272, 0.28, 0.294, 0.266, 0.24, 0.294]
[0.272, 0.28, 0.294, 0.266, 0.24, 0.294, 0.306]
[0.272, 0.28, 0.294, 0.266, 0.24, 0.294, 0.306, 0.292]
[0.272, 0.28, 0.294, 0.266, 0.24, 0.294, 0.306, 0.292, 0.24]
[0.272, 0.28, 0.294, 0.266, 0.24, 0.294, 0.306, 0.292, 0.24, 0.346]
[0.272, 0.28, 0.294, 0.266, 0.24, 0.294, 0.306, 0.292, 0.24, 0.346, 0.176]
[0.272, 0.28, 0.294, 0.266, 0.24, 0.294, 0.306, 0.292, 0.24, 0.346, 0.176, 0.238]
[0.272, 0.28, 0.294, 0.266, 0.24, 0.294, 0.306, 0.292, 0.24, 0.346, 0.176, 0.238, 0.294]
[0.272, 0.28, 0.294, 0.266, 0.24, 0.294, 0.306, 0.292, 0.24, 0.346, 0.176, 0.238, 0.294, 0.202]
[0.272, 0.28, 0.294, 0.266, 0.24, 0.294, 0.306, 0.292, 0.24, 0.346, 0.176, 0.238, 0.294, 0.202, 0.23]
[0.272, 0.28, 0.294, 0.266, 0.24, 0.294, 0.306, 0.292, 0.24, 0.346, 0.176, 0.238, 0.294, 0.202, 0.23, 0.24]
[0.272, 0.28, 0.294, 0.266, 0.24, 0.294, 0.306, 0.292, 0.24, 0.346, 0.176, 0.238, 0.294, 0.202, 0.23, 0.24, 0.276]
[0.272, 0.28, 0.294, 0.266, 0.24, 0.294, 0.306, 0.292, 0.24, 0.346, 0.176, 0.238, 0.294, 0.202, 0.23, 0.24, 0.276, 0.262]
[0.272, 0.28, 0.294, 0.266, 0.24, 0.294, 0.306, 0.292, 0.24, 0.346, 0.176, 0.238, 0.294, 0.202, 0.23, 0.24, 0.276, 0.262, 0.344]
[0.272, 0.28, 0.294, 0.266, 0.24, 0.294, 0.306, 0.292, 0.24, 0.346, 0.176, 0.238, 0.294, 0.202, 0.23, 0.24, 0.276, 0.262, 0.344, 0.274]
broken out of loop
Total correct retain:  694  Total retain:  2500
Total correct forget:  13673  Total forget:  47500
Total correct test:  133  Total test:  500
Total correct forget test:  2582  Total test forget:  9500
[0.266]
[0.266, 0.284]
[0.266, 0.284, 0.282]
[0.266, 0.284, 0.282, 0.28]
[0.266, 0.284, 0.282, 0.28, 0.248]
[0.266, 0.284, 0.282, 0.28, 0.248, 0.314]
[0.266, 0.284, 0.282, 0.28, 0.248, 0.314, 0.294]
[0.266, 0.284, 0.282, 0.28, 0.248, 0.314, 0.294, 0.288]
[0.266, 0.284, 0.282, 0.28, 0.248, 0.314, 0.294, 0.288, 0.25]
[0.266, 0.284, 0.282, 0.28, 0.248, 0.314, 0.294, 0.288, 0.25, 0.354]
[0.266, 0.284, 0.282, 0.28, 0.248, 0.314, 0.294, 0.288, 0.25, 0.354, 0.174]
[0.266, 0.284, 0.282, 0.28, 0.248, 0.314, 0.294, 0.288, 0.25, 0.354, 0.174, 0.232]
[0.266, 0.284, 0.282, 0.28, 0.248, 0.314, 0.294, 0.288, 0.25, 0.354, 0.174, 0.232, 0.308]
[0.266, 0.284, 0.282, 0.28, 0.248, 0.314, 0.294, 0.288, 0.25, 0.354, 0.174, 0.232, 0.308, 0.196]
[0.266, 0.284, 0.282, 0.28, 0.248, 0.314, 0.294, 0.288, 0.25, 0.354, 0.174, 0.232, 0.308, 0.196, 0.234]
[0.266, 0.284, 0.282, 0.28, 0.248, 0.314, 0.294, 0.288, 0.25, 0.354, 0.174, 0.232, 0.308, 0.196, 0.234, 0.242]
[0.266, 0.284, 0.282, 0.28, 0.248, 0.314, 0.294, 0.288, 0.25, 0.354, 0.174, 0.232, 0.308, 0.196, 0.234, 0.242, 0.284]
[0.266, 0.284, 0.282, 0.28, 0.248, 0.314, 0.294, 0.288, 0.25, 0.354, 0.174, 0.232, 0.308, 0.196, 0.234, 0.242, 0.284, 0.268]
[0.266, 0.284, 0.282, 0.28, 0.248, 0.314, 0.294, 0.288, 0.25, 0.354, 0.174, 0.232, 0.308, 0.196, 0.234, 0.242, 0.284, 0.268, 0.356]
[0.266, 0.284, 0.282, 0.28, 0.248, 0.314, 0.294, 0.288, 0.25, 0.354, 0.174, 0.232, 0.308, 0.196, 0.234, 0.242, 0.284, 0.268, 0.356, 0.276]
broken out of loop
Total correct retain:  673  Total retain:  2500
Total correct forget:  13799  Total forget:  47500
Total correct test:  133  Total test:  500
Total correct forget test:  2625  Total test forget:  9500
[0.266]
[0.266, 0.282]
[0.266, 0.282, 0.278]
[0.266, 0.282, 0.278, 0.282]
[0.266, 0.282, 0.278, 0.282, 0.254]
[0.266, 0.282, 0.278, 0.282, 0.254, 0.332]
[0.266, 0.282, 0.278, 0.282, 0.254, 0.332, 0.3]
[0.266, 0.282, 0.278, 0.282, 0.254, 0.332, 0.3, 0.282]
[0.266, 0.282, 0.278, 0.282, 0.254, 0.332, 0.3, 0.282, 0.254]
[0.266, 0.282, 0.278, 0.282, 0.254, 0.332, 0.3, 0.282, 0.254, 0.342]
[0.266, 0.282, 0.278, 0.282, 0.254, 0.332, 0.3, 0.282, 0.254, 0.342, 0.18]
[0.266, 0.282, 0.278, 0.282, 0.254, 0.332, 0.3, 0.282, 0.254, 0.342, 0.18, 0.228]
[0.266, 0.282, 0.278, 0.282, 0.254, 0.332, 0.3, 0.282, 0.254, 0.342, 0.18, 0.228, 0.324]
[0.266, 0.282, 0.278, 0.282, 0.254, 0.332, 0.3, 0.282, 0.254, 0.342, 0.18, 0.228, 0.324, 0.204]
[0.266, 0.282, 0.278, 0.282, 0.254, 0.332, 0.3, 0.282, 0.254, 0.342, 0.18, 0.228, 0.324, 0.204, 0.236]
[0.266, 0.282, 0.278, 0.282, 0.254, 0.332, 0.3, 0.282, 0.254, 0.342, 0.18, 0.228, 0.324, 0.204, 0.236, 0.252]
[0.266, 0.282, 0.278, 0.282, 0.254, 0.332, 0.3, 0.282, 0.254, 0.342, 0.18, 0.228, 0.324, 0.204, 0.236, 0.252, 0.278]
[0.266, 0.282, 0.278, 0.282, 0.254, 0.332, 0.3, 0.282, 0.254, 0.342, 0.18, 0.228, 0.324, 0.204, 0.236, 0.252, 0.278, 0.274]
[0.266, 0.282, 0.278, 0.282, 0.254, 0.332, 0.3, 0.282, 0.254, 0.342, 0.18, 0.228, 0.324, 0.204, 0.236, 0.252, 0.278, 0.274, 0.378]
[0.266, 0.282, 0.278, 0.282, 0.254, 0.332, 0.3, 0.282, 0.254, 0.342, 0.18, 0.228, 0.324, 0.204, 0.236, 0.252, 0.278, 0.274, 0.378, 0.29]
broken out of loop
Total correct retain:  662  Total retain:  2500
Total correct forget:  13992  Total forget:  47500
Total correct test:  130  Total test:  500
Total correct forget test:  2657  Total test forget:  9500
[0.26]
[0.26, 0.284]
[0.26, 0.284, 0.284]
[0.26, 0.284, 0.284, 0.29]
[0.26, 0.284, 0.284, 0.29, 0.264]
[0.26, 0.284, 0.284, 0.29, 0.264, 0.336]
[0.26, 0.284, 0.284, 0.29, 0.264, 0.336, 0.292]
[0.26, 0.284, 0.284, 0.29, 0.264, 0.336, 0.292, 0.274]
[0.26, 0.284, 0.284, 0.29, 0.264, 0.336, 0.292, 0.274, 0.262]
[0.26, 0.284, 0.284, 0.29, 0.264, 0.336, 0.292, 0.274, 0.262, 0.336]
[0.26, 0.284, 0.284, 0.29, 0.264, 0.336, 0.292, 0.274, 0.262, 0.336, 0.19]
[0.26, 0.284, 0.284, 0.29, 0.264, 0.336, 0.292, 0.274, 0.262, 0.336, 0.19, 0.226]
[0.26, 0.284, 0.284, 0.29, 0.264, 0.336, 0.292, 0.274, 0.262, 0.336, 0.19, 0.226, 0.332]
[0.26, 0.284, 0.284, 0.29, 0.264, 0.336, 0.292, 0.274, 0.262, 0.336, 0.19, 0.226, 0.332, 0.212]
[0.26, 0.284, 0.284, 0.29, 0.264, 0.336, 0.292, 0.274, 0.262, 0.336, 0.19, 0.226, 0.332, 0.212, 0.232]
[0.26, 0.284, 0.284, 0.29, 0.264, 0.336, 0.292, 0.274, 0.262, 0.336, 0.19, 0.226, 0.332, 0.212, 0.232, 0.256]
[0.26, 0.284, 0.284, 0.29, 0.264, 0.336, 0.292, 0.274, 0.262, 0.336, 0.19, 0.226, 0.332, 0.212, 0.232, 0.256, 0.276]
[0.26, 0.284, 0.284, 0.29, 0.264, 0.336, 0.292, 0.274, 0.262, 0.336, 0.19, 0.226, 0.332, 0.212, 0.232, 0.256, 0.276, 0.278]
[0.26, 0.284, 0.284, 0.29, 0.264, 0.336, 0.292, 0.274, 0.262, 0.336, 0.19, 0.226, 0.332, 0.212, 0.232, 0.256, 0.276, 0.278, 0.392]
[0.26, 0.284, 0.284, 0.29, 0.264, 0.336, 0.292, 0.274, 0.262, 0.336, 0.19, 0.226, 0.332, 0.212, 0.232, 0.256, 0.276, 0.278, 0.392, 0.298]
broken out of loop
Total correct retain:  668  Total retain:  2500
Total correct forget:  14105  Total forget:  47500
Total correct test:  136  Total test:  500
Total correct forget test:  2677  Total test forget:  9500
[0.272]
[0.272, 0.29]
[0.272, 0.29, 0.274]
[0.272, 0.29, 0.274, 0.306]
[0.272, 0.29, 0.274, 0.306, 0.264]
[0.272, 0.29, 0.274, 0.306, 0.264, 0.332]
[0.272, 0.29, 0.274, 0.306, 0.264, 0.332, 0.298]
[0.272, 0.29, 0.274, 0.306, 0.264, 0.332, 0.298, 0.276]
[0.272, 0.29, 0.274, 0.306, 0.264, 0.332, 0.298, 0.276, 0.256]
[0.272, 0.29, 0.274, 0.306, 0.264, 0.332, 0.298, 0.276, 0.256, 0.332]
[0.272, 0.29, 0.274, 0.306, 0.264, 0.332, 0.298, 0.276, 0.256, 0.332, 0.198]
[0.272, 0.29, 0.274, 0.306, 0.264, 0.332, 0.298, 0.276, 0.256, 0.332, 0.198, 0.228]
[0.272, 0.29, 0.274, 0.306, 0.264, 0.332, 0.298, 0.276, 0.256, 0.332, 0.198, 0.228, 0.33]
[0.272, 0.29, 0.274, 0.306, 0.264, 0.332, 0.298, 0.276, 0.256, 0.332, 0.198, 0.228, 0.33, 0.214]
[0.272, 0.29, 0.274, 0.306, 0.264, 0.332, 0.298, 0.276, 0.256, 0.332, 0.198, 0.228, 0.33, 0.214, 0.248]
[0.272, 0.29, 0.274, 0.306, 0.264, 0.332, 0.298, 0.276, 0.256, 0.332, 0.198, 0.228, 0.33, 0.214, 0.248, 0.26]
[0.272, 0.29, 0.274, 0.306, 0.264, 0.332, 0.298, 0.276, 0.256, 0.332, 0.198, 0.228, 0.33, 0.214, 0.248, 0.26, 0.276]
[0.272, 0.29, 0.274, 0.306, 0.264, 0.332, 0.298, 0.276, 0.256, 0.332, 0.198, 0.228, 0.33, 0.214, 0.248, 0.26, 0.276, 0.272]
[0.272, 0.29, 0.274, 0.306, 0.264, 0.332, 0.298, 0.276, 0.256, 0.332, 0.198, 0.228, 0.33, 0.214, 0.248, 0.26, 0.276, 0.272, 0.402]
[0.272, 0.29, 0.274, 0.306, 0.264, 0.332, 0.298, 0.276, 0.256, 0.332, 0.198, 0.228, 0.33, 0.214, 0.248, 0.26, 0.276, 0.272, 0.402, 0.298]
broken out of loop
Total correct retain:  672  Total retain:  2500
Total correct forget:  14128  Total forget:  47500
Total correct test:  135  Total test:  500
Total correct forget test:  2688  Total test forget:  9500
[0.27]
[0.27, 0.282]
[0.27, 0.282, 0.274]
[0.27, 0.282, 0.274, 0.308]
[0.27, 0.282, 0.274, 0.308, 0.27]
[0.27, 0.282, 0.274, 0.308, 0.27, 0.332]
[0.27, 0.282, 0.274, 0.308, 0.27, 0.332, 0.296]
[0.27, 0.282, 0.274, 0.308, 0.27, 0.332, 0.296, 0.282]
[0.27, 0.282, 0.274, 0.308, 0.27, 0.332, 0.296, 0.282, 0.25]
[0.27, 0.282, 0.274, 0.308, 0.27, 0.332, 0.296, 0.282, 0.25, 0.334]
[0.27, 0.282, 0.274, 0.308, 0.27, 0.332, 0.296, 0.282, 0.25, 0.334, 0.2]
[0.27, 0.282, 0.274, 0.308, 0.27, 0.332, 0.296, 0.282, 0.25, 0.334, 0.2, 0.23]
[0.27, 0.282, 0.274, 0.308, 0.27, 0.332, 0.296, 0.282, 0.25, 0.334, 0.2, 0.23, 0.336]
[0.27, 0.282, 0.274, 0.308, 0.27, 0.332, 0.296, 0.282, 0.25, 0.334, 0.2, 0.23, 0.336, 0.22]
[0.27, 0.282, 0.274, 0.308, 0.27, 0.332, 0.296, 0.282, 0.25, 0.334, 0.2, 0.23, 0.336, 0.22, 0.252]
[0.27, 0.282, 0.274, 0.308, 0.27, 0.332, 0.296, 0.282, 0.25, 0.334, 0.2, 0.23, 0.336, 0.22, 0.252, 0.266]
[0.27, 0.282, 0.274, 0.308, 0.27, 0.332, 0.296, 0.282, 0.25, 0.334, 0.2, 0.23, 0.336, 0.22, 0.252, 0.266, 0.268]
[0.27, 0.282, 0.274, 0.308, 0.27, 0.332, 0.296, 0.282, 0.25, 0.334, 0.2, 0.23, 0.336, 0.22, 0.252, 0.266, 0.268, 0.268]
[0.27, 0.282, 0.274, 0.308, 0.27, 0.332, 0.296, 0.282, 0.25, 0.334, 0.2, 0.23, 0.336, 0.22, 0.252, 0.266, 0.268, 0.268, 0.406]
[0.27, 0.282, 0.274, 0.308, 0.27, 0.332, 0.296, 0.282, 0.25, 0.334, 0.2, 0.23, 0.336, 0.22, 0.252, 0.266, 0.268, 0.268, 0.406, 0.302]
broken out of loop
Total correct retain:  662  Total retain:  2500
Total correct forget:  14270  Total forget:  47500
Total correct test:  136  Total test:  500
Total correct forget test:  2691  Total test forget:  9500
[0.272]
[0.272, 0.288]
[0.272, 0.288, 0.272]
[0.272, 0.288, 0.272, 0.308]
[0.272, 0.288, 0.272, 0.308, 0.266]
[0.272, 0.288, 0.272, 0.308, 0.266, 0.33]
[0.272, 0.288, 0.272, 0.308, 0.266, 0.33, 0.294]
[0.272, 0.288, 0.272, 0.308, 0.266, 0.33, 0.294, 0.278]
[0.272, 0.288, 0.272, 0.308, 0.266, 0.33, 0.294, 0.278, 0.254]
[0.272, 0.288, 0.272, 0.308, 0.266, 0.33, 0.294, 0.278, 0.254, 0.338]
[0.272, 0.288, 0.272, 0.308, 0.266, 0.33, 0.294, 0.278, 0.254, 0.338, 0.208]
[0.272, 0.288, 0.272, 0.308, 0.266, 0.33, 0.294, 0.278, 0.254, 0.338, 0.208, 0.22]
[0.272, 0.288, 0.272, 0.308, 0.266, 0.33, 0.294, 0.278, 0.254, 0.338, 0.208, 0.22, 0.346]
[0.272, 0.288, 0.272, 0.308, 0.266, 0.33, 0.294, 0.278, 0.254, 0.338, 0.208, 0.22, 0.346, 0.226]
[0.272, 0.288, 0.272, 0.308, 0.266, 0.33, 0.294, 0.278, 0.254, 0.338, 0.208, 0.22, 0.346, 0.226, 0.242]
[0.272, 0.288, 0.272, 0.308, 0.266, 0.33, 0.294, 0.278, 0.254, 0.338, 0.208, 0.22, 0.346, 0.226, 0.242, 0.272]
[0.272, 0.288, 0.272, 0.308, 0.266, 0.33, 0.294, 0.278, 0.254, 0.338, 0.208, 0.22, 0.346, 0.226, 0.242, 0.272, 0.264]
[0.272, 0.288, 0.272, 0.308, 0.266, 0.33, 0.294, 0.278, 0.254, 0.338, 0.208, 0.22, 0.346, 0.226, 0.242, 0.272, 0.264, 0.266]
[0.272, 0.288, 0.272, 0.308, 0.266, 0.33, 0.294, 0.278, 0.254, 0.338, 0.208, 0.22, 0.346, 0.226, 0.242, 0.272, 0.264, 0.266, 0.412]
[0.272, 0.288, 0.272, 0.308, 0.266, 0.33, 0.294, 0.278, 0.254, 0.338, 0.208, 0.22, 0.346, 0.226, 0.242, 0.272, 0.264, 0.266, 0.412, 0.298]
[[0.612, 0.694, 0.656, 0.63, 0.678, 0.694, 0.528, 0.594, 0.604, 0.592, 0.446, 0.666, 0.78, 0.592, 0.748, 0.666, 0.644, 0.7, 0.784, 0.83], [0.516, 0.59, 0.614, 0.498, 0.636, 0.634, 0.456, 0.552, 0.538, 0.548, 0.414, 0.606, 0.754, 0.538, 0.612, 0.528, 0.644, 0.632, 0.698, 0.702], [0.544, 0.642, 0.612, 0.548, 0.602, 0.606, 0.466, 0.494, 0.472, 0.526, 0.45, 0.646, 0.706, 0.546, 0.65, 0.59, 0.578, 0.648, 0.684, 0.676], [0.204, 0.2, 0.202, 0.2, 0.23, 0.204, 0.202, 0.25, 0.202, 0.214, 0.2, 0.2, 0.244, 0.2, 0.174, 0.202, 0.208, 0.202, 0.204, 0.232], [0.214, 0.2, 0.226, 0.2, 0.222, 0.226, 0.216, 0.288, 0.202, 0.222, 0.194, 0.2, 0.248, 0.202, 0.15, 0.204, 0.21, 0.224, 0.21, 0.244], [0.224, 0.208, 0.252, 0.198, 0.216, 0.228, 0.226, 0.296, 0.2, 0.24, 0.18, 0.198, 0.246, 0.206, 0.148, 0.21, 0.214, 0.232, 0.228, 0.25], [0.252, 0.226, 0.272, 0.2, 0.228, 0.25, 0.226, 0.306, 0.2, 0.274, 0.172, 0.206, 0.246, 0.206, 0.17, 0.214, 0.228, 0.23, 0.26, 0.244], [0.28, 0.26, 0.286, 0.218, 0.224, 0.242, 0.228, 0.316, 0.202, 0.284, 0.176, 0.214, 0.262, 0.2, 0.182, 0.22, 0.246, 0.238, 0.264, 0.242], [0.286, 0.268, 0.288, 0.222, 0.216, 0.238, 0.276, 0.304, 0.218, 0.302, 0.174, 0.218, 0.266, 0.19, 0.196, 0.23, 0.252, 0.24, 0.294, 0.254], [0.294, 0.282, 0.294, 0.228, 0.218, 0.252, 0.29, 0.3, 0.218, 0.322, 0.174, 0.226, 0.278, 0.2, 0.206, 0.232, 0.256, 0.234, 0.3, 0.27], [0.308, 0.282, 0.29, 0.238, 0.22, 0.28, 0.292, 0.288, 0.216, 0.328, 0.172, 0.222, 0.286, 0.21, 0.216, 0.246, 0.258, 0.256, 0.308, 0.266], [0.294, 0.284, 0.29, 0.246, 0.23, 0.294, 0.284, 0.298, 0.228, 0.34, 0.17, 0.244, 0.292, 0.204, 0.222, 0.25, 0.266, 0.268, 0.32, 0.272], [0.286, 0.282, 0.286, 0.25, 0.23, 0.296, 0.306, 0.298, 0.236, 0.338, 0.162, 0.232, 0.298, 0.2, 0.23, 0.25, 0.266, 0.268, 0.33, 0.262], [0.272, 0.28, 0.294, 0.266, 0.24, 0.294, 0.306, 0.292, 0.24, 0.346, 0.176, 0.238, 0.294, 0.202, 0.23, 0.24, 0.276, 0.262, 0.344, 0.274], [0.266, 0.284, 0.282, 0.28, 0.248, 0.314, 0.294, 0.288, 0.25, 0.354, 0.174, 0.232, 0.308, 0.196, 0.234, 0.242, 0.284, 0.268, 0.356, 0.276], [0.266, 0.282, 0.278, 0.282, 0.254, 0.332, 0.3, 0.282, 0.254, 0.342, 0.18, 0.228, 0.324, 0.204, 0.236, 0.252, 0.278, 0.274, 0.378, 0.29], [0.26, 0.284, 0.284, 0.29, 0.264, 0.336, 0.292, 0.274, 0.262, 0.336, 0.19, 0.226, 0.332, 0.212, 0.232, 0.256, 0.276, 0.278, 0.392, 0.298], [0.272, 0.29, 0.274, 0.306, 0.264, 0.332, 0.298, 0.276, 0.256, 0.332, 0.198, 0.228, 0.33, 0.214, 0.248, 0.26, 0.276, 0.272, 0.402, 0.298], [0.27, 0.282, 0.274, 0.308, 0.27, 0.332, 0.296, 0.282, 0.25, 0.334, 0.2, 0.23, 0.336, 0.22, 0.252, 0.266, 0.268, 0.268, 0.406, 0.302], [0.272, 0.288, 0.272, 0.308, 0.266, 0.33, 0.294, 0.278, 0.254, 0.338, 0.208, 0.22, 0.346, 0.226, 0.242, 0.272, 0.264, 0.266, 0.412, 0.298]]
20
20
Plot  0  Done
Average Retain Accuracies:  [0.664, 0.584, 0.5732, 0.2024, 0.2108, 0.2332, 0.2548, 0.2768, 0.2848, 0.2872, 0.2852, 0.2836, 0.2832, 0.2884, 0.2776, 0.2692, 0.2648, 0.2672, 0.2688, 0.2648]
Average Forget Accuracies:  [0.7342736842105263, 0.6474736842105263, 0.6487368421052632, 0.21006315789473684, 0.2163157894736842, 0.22347368421052632, 0.23387368421052632, 0.24353684210526316, 0.2522736842105263, 0.2598947368421053, 0.2656, 0.27157894736842103, 0.2772, 0.28381052631578946, 0.28785263157894736, 0.2905052631578947, 0.2945684210526316, 0.2969473684210526, 0.29743157894736844, 0.3004210526315789]
Average Retain Test Accuracies:  [0.612, 0.516, 0.544, 0.204, 0.214, 0.224, 0.252, 0.28, 0.286, 0.294, 0.308, 0.294, 0.286, 0.272, 0.266, 0.266, 0.26, 0.272, 0.27, 0.272]
Average Forget Test Accuracies:  [0.6592631578947369, 0.5891578947368421, 0.586421052631579, 0.20894736842105263, 0.2151578947368421, 0.21978947368421053, 0.22936842105263158, 0.23705263157894738, 0.24452631578947367, 0.25157894736842107, 0.25652631578947366, 0.26326315789473687, 0.26421052631578945, 0.26810526315789474, 0.2717894736842105, 0.27631578947368424, 0.2796842105263158, 0.28178947368421053, 0.2829473684210526, 0.28326315789473683]
Done
