Requirement already satisfied: pyyaml in /usr/lib64/python3.12/site-packages (6.0.1)
Requirement already satisfied: setuptools in /usr/lib/python3.12/site-packages (68.2.2)
Requirement already satisfied: matplotlib in /dcs/21/u2145461/.local/lib/python3.12/site-packages (3.10.1)
Requirement already satisfied: contourpy>=1.0.1 in /dcs/21/u2145461/.local/lib/python3.12/site-packages (from matplotlib) (1.3.1)
Requirement already satisfied: cycler>=0.10 in /dcs/21/u2145461/.local/lib/python3.12/site-packages (from matplotlib) (0.12.1)
Requirement already satisfied: fonttools>=4.22.0 in /dcs/21/u2145461/.local/lib/python3.12/site-packages (from matplotlib) (4.56.0)
Requirement already satisfied: kiwisolver>=1.3.1 in /dcs/21/u2145461/.local/lib/python3.12/site-packages (from matplotlib) (1.4.8)
Requirement already satisfied: numpy>=1.23 in /dcs/21/u2145461/.local/lib/python3.12/site-packages (from matplotlib) (2.2.3)
Requirement already satisfied: packaging>=20.0 in /dcs/21/u2145461/.local/lib/python3.12/site-packages (from matplotlib) (24.2)
Requirement already satisfied: pillow>=8 in /dcs/21/u2145461/.local/lib/python3.12/site-packages (from matplotlib) (11.0.0)
Requirement already satisfied: pyparsing>=2.3.1 in /dcs/21/u2145461/.local/lib/python3.12/site-packages (from matplotlib) (3.2.1)
Requirement already satisfied: python-dateutil>=2.7 in /dcs/21/u2145461/.local/lib/python3.12/site-packages (from matplotlib) (2.9.0.post0)
Requirement already satisfied: six>=1.5 in /dcs/21/u2145461/.local/lib/python3.12/site-packages (from python-dateutil>=2.7->matplotlib) (1.17.0)
Requirement already satisfied: quadprog in /dcs/21/u2145461/.local/lib/python3.12/site-packages (0.1.13)
Requirement already satisfied: numpy in /dcs/21/u2145461/.local/lib/python3.12/site-packages (from quadprog) (2.2.3)
Requirement already satisfied: pyparsing in /dcs/21/u2145461/.local/lib/python3.12/site-packages (3.2.1)
Requirement already satisfied: pandas in /dcs/21/u2145461/.local/lib/python3.12/site-packages (2.2.3)
Requirement already satisfied: numpy>=1.26.0 in /dcs/21/u2145461/.local/lib/python3.12/site-packages (from pandas) (2.2.3)
Requirement already satisfied: python-dateutil>=2.8.2 in /dcs/21/u2145461/.local/lib/python3.12/site-packages (from pandas) (2.9.0.post0)
Requirement already satisfied: pytz>=2020.1 in /dcs/21/u2145461/.local/lib/python3.12/site-packages (from pandas) (2025.1)
Requirement already satisfied: tzdata>=2022.7 in /dcs/21/u2145461/.local/lib/python3.12/site-packages (from pandas) (2025.1)
Requirement already satisfied: six>=1.5 in /dcs/21/u2145461/.local/lib/python3.12/site-packages (from python-dateutil>=2.8.2->pandas) (1.17.0)
Requirement already satisfied: numpy in /dcs/21/u2145461/.local/lib/python3.12/site-packages (2.2.3)
Mon Mar 10 00:43:54 2025       
+-----------------------------------------------------------------------------------------+
| NVIDIA-SMI 550.144.03             Driver Version: 550.144.03     CUDA Version: 12.4     |
|-----------------------------------------+------------------------+----------------------+
| GPU  Name                 Persistence-M | Bus-Id          Disp.A | Volatile Uncorr. ECC |
| Fan  Temp   Perf          Pwr:Usage/Cap |           Memory-Usage | GPU-Util  Compute M. |
|                                         |                        |               MIG M. |
|=========================================+========================+======================|
|   0  NVIDIA GeForce RTX 2080 Ti     Off |   00000000:01:00.0 Off |                  N/A |
| 13%   63C    P0             N/A /  250W |       1MiB /  11264MiB |      0%      Default |
|                                         |                        |                  N/A |
+-----------------------------------------+------------------------+----------------------+
                                                                                         
+-----------------------------------------------------------------------------------------+
| Processes:                                                                              |
|  GPU   GI   CI        PID   Type   Process name                              GPU Memory |
|        ID   ID                                                               Usage      |
|=========================================================================================|
|  No running processes found                                                             |
+-----------------------------------------------------------------------------------------+
Python 3.12.8
./cifar-100-python/train
./cifar-100-python/test
Unlearn Batch Size:  16
Unlearn MEM Strength:  0.6
cifar-100-python/train
cifar-100-python/test
new ordering of classes:  ['shark', 'beaver', 'porcupine', 'tulips', 'mountain', 'seal', 'shrew', 'turtle', 'camel', 'kangaroo', 'chair', 'squirrel', 'forest', 'skunk', 'cans', 'television', 'chimpanzee', 'beetle', 'telephone', 'flatfish', 'cups', 'train', 'girl', 'plates', 'elephant', 'tiger', 'tank', 'sunflowers', 'fox', 'clock', 'palm', 'pickup truck', 'crocodile', 'computer keyboard', 'sea', 'lamp', 'ray', 'road', 'mouse', 'spider', 'snail', 'couch', 'raccoon', 'cloud', 'woman', 'house', 'rabbit', 'pears', 'wardrobe', 'possum', 'oranges', 'worm', 'bicycle', 'wolf', 'butterfly', 'maple', 'tractor', 'sweet peppers', 'cattle', 'table', 'aquarium fish', 'orchids', 'hamster', 'trout', 'crab', 'bottles', 'oak', 'leopard', 'lawn-mower', 'pine', 'skyscraper', 'bus', 'lion', 'dolphin', 'bowls', 'rocket', 'plain', 'dinosaur', 'baby', 'bed', 'whale', 'lizard', 'castle', 'caterpillar', 'otter', 'willow', 'bee', 'man', 'lobster', 'roses', 'apples', 'snake', 'cockroach', 'mushrooms', 'boy', 'streetcar', 'bear', 'poppies', 'motorcycle', 'bridge']
Training task:  1
Training task:  2
Training task:  3
Training task:  4
Training task:  5
Training task:  6
Training task:  7
Training task:  8
Training task:  9
Training task:  10
Training task:  11
Training task:  12
Training task:  13
Training task:  14
Training task:  15
Training task:  16
Training task:  17
Training task:  18
Training task:  19
Training task:  20
Unlearning task:  20
Total correct retain:  1764  Total retain:  2500
Total correct forget:  35361  Total forget:  47500
Total correct test:  328  Total test:  500
Total correct forget test:  6250  Total test forget:  9500
Total correct retain:  1770  Total retain:  2500
Total correct forget:  35382  Total forget:  47500
Total correct test:  336  Total test:  500
Total correct forget test:  6239  Total test forget:  9500
[0.672]
[0.672, 0.404]
[0.672, 0.404, 0.64]
[0.672, 0.404, 0.64, 0.652]
[0.672, 0.404, 0.64, 0.652, 0.624]
[0.672, 0.404, 0.64, 0.652, 0.624, 0.734]
[0.672, 0.404, 0.64, 0.652, 0.624, 0.734, 0.67]
[0.672, 0.404, 0.64, 0.652, 0.624, 0.734, 0.67, 0.592]
[0.672, 0.404, 0.64, 0.652, 0.624, 0.734, 0.67, 0.592, 0.62]
[0.672, 0.404, 0.64, 0.652, 0.624, 0.734, 0.67, 0.592, 0.62, 0.496]
[0.672, 0.404, 0.64, 0.652, 0.624, 0.734, 0.67, 0.592, 0.62, 0.496, 0.662]
[0.672, 0.404, 0.64, 0.652, 0.624, 0.734, 0.67, 0.592, 0.62, 0.496, 0.662, 0.718]
[0.672, 0.404, 0.64, 0.652, 0.624, 0.734, 0.67, 0.592, 0.62, 0.496, 0.662, 0.718, 0.652]
[0.672, 0.404, 0.64, 0.652, 0.624, 0.734, 0.67, 0.592, 0.62, 0.496, 0.662, 0.718, 0.652, 0.68]
[0.672, 0.404, 0.64, 0.652, 0.624, 0.734, 0.67, 0.592, 0.62, 0.496, 0.662, 0.718, 0.652, 0.68, 0.756]
[0.672, 0.404, 0.64, 0.652, 0.624, 0.734, 0.67, 0.592, 0.62, 0.496, 0.662, 0.718, 0.652, 0.68, 0.756, 0.736]
[0.672, 0.404, 0.64, 0.652, 0.624, 0.734, 0.67, 0.592, 0.62, 0.496, 0.662, 0.718, 0.652, 0.68, 0.756, 0.736, 0.58]
[0.672, 0.404, 0.64, 0.652, 0.624, 0.734, 0.67, 0.592, 0.62, 0.496, 0.662, 0.718, 0.652, 0.68, 0.756, 0.736, 0.58, 0.724]
[0.672, 0.404, 0.64, 0.652, 0.624, 0.734, 0.67, 0.592, 0.62, 0.496, 0.662, 0.718, 0.652, 0.68, 0.756, 0.736, 0.58, 0.724, 0.752]
[0.672, 0.404, 0.64, 0.652, 0.624, 0.734, 0.67, 0.592, 0.62, 0.496, 0.662, 0.718, 0.652, 0.68, 0.756, 0.736, 0.58, 0.724, 0.752, 0.786]
Total correct retain:  1754  Total retain:  2500
Total correct forget:  35151  Total forget:  47500
Total correct test:  328  Total test:  500
Total correct forget test:  6228  Total test forget:  9500
[0.656]
[0.656, 0.4]
[0.656, 0.4, 0.64]
[0.656, 0.4, 0.64, 0.644]
[0.656, 0.4, 0.64, 0.644, 0.64]
[0.656, 0.4, 0.64, 0.644, 0.64, 0.72]
[0.656, 0.4, 0.64, 0.644, 0.64, 0.72, 0.656]
[0.656, 0.4, 0.64, 0.644, 0.64, 0.72, 0.656, 0.596]
[0.656, 0.4, 0.64, 0.644, 0.64, 0.72, 0.656, 0.596, 0.626]
[0.656, 0.4, 0.64, 0.644, 0.64, 0.72, 0.656, 0.596, 0.626, 0.522]
[0.656, 0.4, 0.64, 0.644, 0.64, 0.72, 0.656, 0.596, 0.626, 0.522, 0.656]
[0.656, 0.4, 0.64, 0.644, 0.64, 0.72, 0.656, 0.596, 0.626, 0.522, 0.656, 0.734]
[0.656, 0.4, 0.64, 0.644, 0.64, 0.72, 0.656, 0.596, 0.626, 0.522, 0.656, 0.734, 0.662]
[0.656, 0.4, 0.64, 0.644, 0.64, 0.72, 0.656, 0.596, 0.626, 0.522, 0.656, 0.734, 0.662, 0.664]
[0.656, 0.4, 0.64, 0.644, 0.64, 0.72, 0.656, 0.596, 0.626, 0.522, 0.656, 0.734, 0.662, 0.664, 0.758]
[0.656, 0.4, 0.64, 0.644, 0.64, 0.72, 0.656, 0.596, 0.626, 0.522, 0.656, 0.734, 0.662, 0.664, 0.758, 0.716]
[0.656, 0.4, 0.64, 0.644, 0.64, 0.72, 0.656, 0.596, 0.626, 0.522, 0.656, 0.734, 0.662, 0.664, 0.758, 0.716, 0.598]
[0.656, 0.4, 0.64, 0.644, 0.64, 0.72, 0.656, 0.596, 0.626, 0.522, 0.656, 0.734, 0.662, 0.664, 0.758, 0.716, 0.598, 0.706]
[0.656, 0.4, 0.64, 0.644, 0.64, 0.72, 0.656, 0.596, 0.626, 0.522, 0.656, 0.734, 0.662, 0.664, 0.758, 0.716, 0.598, 0.706, 0.75]
[0.656, 0.4, 0.64, 0.644, 0.64, 0.72, 0.656, 0.596, 0.626, 0.522, 0.656, 0.734, 0.662, 0.664, 0.758, 0.716, 0.598, 0.706, 0.75, 0.768]
Total correct retain:  1786  Total retain:  2500
Total correct forget:  35088  Total forget:  47500
Total correct test:  336  Total test:  500
Total correct forget test:  6195  Total test forget:  9500
[0.672]
[0.672, 0.404]
[0.672, 0.404, 0.622]
[0.672, 0.404, 0.622, 0.634]
[0.672, 0.404, 0.622, 0.634, 0.624]
[0.672, 0.404, 0.622, 0.634, 0.624, 0.708]
[0.672, 0.404, 0.622, 0.634, 0.624, 0.708, 0.662]
[0.672, 0.404, 0.622, 0.634, 0.624, 0.708, 0.662, 0.602]
[0.672, 0.404, 0.622, 0.634, 0.624, 0.708, 0.662, 0.602, 0.616]
[0.672, 0.404, 0.622, 0.634, 0.624, 0.708, 0.662, 0.602, 0.616, 0.508]
[0.672, 0.404, 0.622, 0.634, 0.624, 0.708, 0.662, 0.602, 0.616, 0.508, 0.64]
[0.672, 0.404, 0.622, 0.634, 0.624, 0.708, 0.662, 0.602, 0.616, 0.508, 0.64, 0.732]
[0.672, 0.404, 0.622, 0.634, 0.624, 0.708, 0.662, 0.602, 0.616, 0.508, 0.64, 0.732, 0.65]
[0.672, 0.404, 0.622, 0.634, 0.624, 0.708, 0.662, 0.602, 0.616, 0.508, 0.64, 0.732, 0.65, 0.692]
[0.672, 0.404, 0.622, 0.634, 0.624, 0.708, 0.662, 0.602, 0.616, 0.508, 0.64, 0.732, 0.65, 0.692, 0.768]
[0.672, 0.404, 0.622, 0.634, 0.624, 0.708, 0.662, 0.602, 0.616, 0.508, 0.64, 0.732, 0.65, 0.692, 0.768, 0.74]
[0.672, 0.404, 0.622, 0.634, 0.624, 0.708, 0.662, 0.602, 0.616, 0.508, 0.64, 0.732, 0.65, 0.692, 0.768, 0.74, 0.572]
[0.672, 0.404, 0.622, 0.634, 0.624, 0.708, 0.662, 0.602, 0.616, 0.508, 0.64, 0.732, 0.65, 0.692, 0.768, 0.74, 0.572, 0.698]
[0.672, 0.404, 0.622, 0.634, 0.624, 0.708, 0.662, 0.602, 0.616, 0.508, 0.64, 0.732, 0.65, 0.692, 0.768, 0.74, 0.572, 0.698, 0.726]
[0.672, 0.404, 0.622, 0.634, 0.624, 0.708, 0.662, 0.602, 0.616, 0.508, 0.64, 0.732, 0.65, 0.692, 0.768, 0.74, 0.572, 0.698, 0.726, 0.792]
Total correct retain:  1815  Total retain:  2500
Total correct forget:  34674  Total forget:  47500
Total correct test:  344  Total test:  500
Total correct forget test:  6169  Total test forget:  9500
[0.688]
[0.688, 0.454]
[0.688, 0.454, 0.64]
[0.688, 0.454, 0.64, 0.626]
[0.688, 0.454, 0.64, 0.626, 0.626]
[0.688, 0.454, 0.64, 0.626, 0.626, 0.71]
[0.688, 0.454, 0.64, 0.626, 0.626, 0.71, 0.68]
[0.688, 0.454, 0.64, 0.626, 0.626, 0.71, 0.68, 0.622]
[0.688, 0.454, 0.64, 0.626, 0.626, 0.71, 0.68, 0.622, 0.616]
[0.688, 0.454, 0.64, 0.626, 0.626, 0.71, 0.68, 0.622, 0.616, 0.492]
[0.688, 0.454, 0.64, 0.626, 0.626, 0.71, 0.68, 0.622, 0.616, 0.492, 0.618]
[0.688, 0.454, 0.64, 0.626, 0.626, 0.71, 0.68, 0.622, 0.616, 0.492, 0.618, 0.72]
[0.688, 0.454, 0.64, 0.626, 0.626, 0.71, 0.68, 0.622, 0.616, 0.492, 0.618, 0.72, 0.64]
[0.688, 0.454, 0.64, 0.626, 0.626, 0.71, 0.68, 0.622, 0.616, 0.492, 0.618, 0.72, 0.64, 0.692]
[0.688, 0.454, 0.64, 0.626, 0.626, 0.71, 0.68, 0.622, 0.616, 0.492, 0.618, 0.72, 0.64, 0.692, 0.764]
[0.688, 0.454, 0.64, 0.626, 0.626, 0.71, 0.68, 0.622, 0.616, 0.492, 0.618, 0.72, 0.64, 0.692, 0.764, 0.772]
[0.688, 0.454, 0.64, 0.626, 0.626, 0.71, 0.68, 0.622, 0.616, 0.492, 0.618, 0.72, 0.64, 0.692, 0.764, 0.772, 0.576]
[0.688, 0.454, 0.64, 0.626, 0.626, 0.71, 0.68, 0.622, 0.616, 0.492, 0.618, 0.72, 0.64, 0.692, 0.764, 0.772, 0.576, 0.636]
[0.688, 0.454, 0.64, 0.626, 0.626, 0.71, 0.68, 0.622, 0.616, 0.492, 0.618, 0.72, 0.64, 0.692, 0.764, 0.772, 0.576, 0.636, 0.692]
[0.688, 0.454, 0.64, 0.626, 0.626, 0.71, 0.68, 0.622, 0.616, 0.492, 0.618, 0.72, 0.64, 0.692, 0.764, 0.772, 0.576, 0.636, 0.692, 0.762]
Total correct retain:  1822  Total retain:  2500
Total correct forget:  34679  Total forget:  47500
Total correct test:  344  Total test:  500
Total correct forget test:  6150  Total test forget:  9500
[0.688]
[0.688, 0.426]
[0.688, 0.426, 0.632]
[0.688, 0.426, 0.632, 0.606]
[0.688, 0.426, 0.632, 0.606, 0.624]
[0.688, 0.426, 0.632, 0.606, 0.624, 0.71]
[0.688, 0.426, 0.632, 0.606, 0.624, 0.71, 0.706]
[0.688, 0.426, 0.632, 0.606, 0.624, 0.71, 0.706, 0.584]
[0.688, 0.426, 0.632, 0.606, 0.624, 0.71, 0.706, 0.584, 0.616]
[0.688, 0.426, 0.632, 0.606, 0.624, 0.71, 0.706, 0.584, 0.616, 0.494]
[0.688, 0.426, 0.632, 0.606, 0.624, 0.71, 0.706, 0.584, 0.616, 0.494, 0.632]
[0.688, 0.426, 0.632, 0.606, 0.624, 0.71, 0.706, 0.584, 0.616, 0.494, 0.632, 0.728]
[0.688, 0.426, 0.632, 0.606, 0.624, 0.71, 0.706, 0.584, 0.616, 0.494, 0.632, 0.728, 0.658]
[0.688, 0.426, 0.632, 0.606, 0.624, 0.71, 0.706, 0.584, 0.616, 0.494, 0.632, 0.728, 0.658, 0.682]
[0.688, 0.426, 0.632, 0.606, 0.624, 0.71, 0.706, 0.584, 0.616, 0.494, 0.632, 0.728, 0.658, 0.682, 0.762]
[0.688, 0.426, 0.632, 0.606, 0.624, 0.71, 0.706, 0.584, 0.616, 0.494, 0.632, 0.728, 0.658, 0.682, 0.762, 0.764]
[0.688, 0.426, 0.632, 0.606, 0.624, 0.71, 0.706, 0.584, 0.616, 0.494, 0.632, 0.728, 0.658, 0.682, 0.762, 0.764, 0.556]
[0.688, 0.426, 0.632, 0.606, 0.624, 0.71, 0.706, 0.584, 0.616, 0.494, 0.632, 0.728, 0.658, 0.682, 0.762, 0.764, 0.556, 0.666]
[0.688, 0.426, 0.632, 0.606, 0.624, 0.71, 0.706, 0.584, 0.616, 0.494, 0.632, 0.728, 0.658, 0.682, 0.762, 0.764, 0.556, 0.666, 0.698]
[0.688, 0.426, 0.632, 0.606, 0.624, 0.71, 0.706, 0.584, 0.616, 0.494, 0.632, 0.728, 0.658, 0.682, 0.762, 0.764, 0.556, 0.666, 0.698, 0.756]
Total correct retain:  1766  Total retain:  2500
Total correct forget:  34403  Total forget:  47500
Total correct test:  341  Total test:  500
Total correct forget test:  6084  Total test forget:  9500
[0.682]
[0.682, 0.402]
[0.682, 0.402, 0.64]
[0.682, 0.402, 0.64, 0.614]
[0.682, 0.402, 0.64, 0.614, 0.622]
[0.682, 0.402, 0.64, 0.614, 0.622, 0.712]
[0.682, 0.402, 0.64, 0.614, 0.622, 0.712, 0.666]
[0.682, 0.402, 0.64, 0.614, 0.622, 0.712, 0.666, 0.59]
[0.682, 0.402, 0.64, 0.614, 0.622, 0.712, 0.666, 0.59, 0.622]
[0.682, 0.402, 0.64, 0.614, 0.622, 0.712, 0.666, 0.59, 0.622, 0.5]
[0.682, 0.402, 0.64, 0.614, 0.622, 0.712, 0.666, 0.59, 0.622, 0.5, 0.616]
[0.682, 0.402, 0.64, 0.614, 0.622, 0.712, 0.666, 0.59, 0.622, 0.5, 0.616, 0.724]
[0.682, 0.402, 0.64, 0.614, 0.622, 0.712, 0.666, 0.59, 0.622, 0.5, 0.616, 0.724, 0.65]
[0.682, 0.402, 0.64, 0.614, 0.622, 0.712, 0.666, 0.59, 0.622, 0.5, 0.616, 0.724, 0.65, 0.678]
[0.682, 0.402, 0.64, 0.614, 0.622, 0.712, 0.666, 0.59, 0.622, 0.5, 0.616, 0.724, 0.65, 0.678, 0.742]
[0.682, 0.402, 0.64, 0.614, 0.622, 0.712, 0.666, 0.59, 0.622, 0.5, 0.616, 0.724, 0.65, 0.678, 0.742, 0.742]
[0.682, 0.402, 0.64, 0.614, 0.622, 0.712, 0.666, 0.59, 0.622, 0.5, 0.616, 0.724, 0.65, 0.678, 0.742, 0.742, 0.536]
[0.682, 0.402, 0.64, 0.614, 0.622, 0.712, 0.666, 0.59, 0.622, 0.5, 0.616, 0.724, 0.65, 0.678, 0.742, 0.742, 0.536, 0.654]
[0.682, 0.402, 0.64, 0.614, 0.622, 0.712, 0.666, 0.59, 0.622, 0.5, 0.616, 0.724, 0.65, 0.678, 0.742, 0.742, 0.536, 0.654, 0.714]
[0.682, 0.402, 0.64, 0.614, 0.622, 0.712, 0.666, 0.59, 0.622, 0.5, 0.616, 0.724, 0.65, 0.678, 0.742, 0.742, 0.536, 0.654, 0.714, 0.744]
Total correct retain:  1748  Total retain:  2500
Total correct forget:  34269  Total forget:  47500
Total correct test:  333  Total test:  500
Total correct forget test:  6064  Total test forget:  9500
[0.666]
[0.666, 0.402]
[0.666, 0.402, 0.626]
[0.666, 0.402, 0.626, 0.606]
[0.666, 0.402, 0.626, 0.606, 0.626]
[0.666, 0.402, 0.626, 0.606, 0.626, 0.716]
[0.666, 0.402, 0.626, 0.606, 0.626, 0.716, 0.67]
[0.666, 0.402, 0.626, 0.606, 0.626, 0.716, 0.67, 0.582]
[0.666, 0.402, 0.626, 0.606, 0.626, 0.716, 0.67, 0.582, 0.608]
[0.666, 0.402, 0.626, 0.606, 0.626, 0.716, 0.67, 0.582, 0.608, 0.508]
[0.666, 0.402, 0.626, 0.606, 0.626, 0.716, 0.67, 0.582, 0.608, 0.508, 0.62]
[0.666, 0.402, 0.626, 0.606, 0.626, 0.716, 0.67, 0.582, 0.608, 0.508, 0.62, 0.726]
[0.666, 0.402, 0.626, 0.606, 0.626, 0.716, 0.67, 0.582, 0.608, 0.508, 0.62, 0.726, 0.65]
[0.666, 0.402, 0.626, 0.606, 0.626, 0.716, 0.67, 0.582, 0.608, 0.508, 0.62, 0.726, 0.65, 0.656]
[0.666, 0.402, 0.626, 0.606, 0.626, 0.716, 0.67, 0.582, 0.608, 0.508, 0.62, 0.726, 0.65, 0.656, 0.732]
[0.666, 0.402, 0.626, 0.606, 0.626, 0.716, 0.67, 0.582, 0.608, 0.508, 0.62, 0.726, 0.65, 0.656, 0.732, 0.744]
[0.666, 0.402, 0.626, 0.606, 0.626, 0.716, 0.67, 0.582, 0.608, 0.508, 0.62, 0.726, 0.65, 0.656, 0.732, 0.744, 0.53]
[0.666, 0.402, 0.626, 0.606, 0.626, 0.716, 0.67, 0.582, 0.608, 0.508, 0.62, 0.726, 0.65, 0.656, 0.732, 0.744, 0.53, 0.656]
[0.666, 0.402, 0.626, 0.606, 0.626, 0.716, 0.67, 0.582, 0.608, 0.508, 0.62, 0.726, 0.65, 0.656, 0.732, 0.744, 0.53, 0.656, 0.716]
[0.666, 0.402, 0.626, 0.606, 0.626, 0.716, 0.67, 0.582, 0.608, 0.508, 0.62, 0.726, 0.65, 0.656, 0.732, 0.744, 0.53, 0.656, 0.716, 0.754]
Total correct retain:  1749  Total retain:  2500
Total correct forget:  34311  Total forget:  47500
Total correct test:  334  Total test:  500
Total correct forget test:  6149  Total test forget:  9500
[0.668]
[0.668, 0.4]
[0.668, 0.4, 0.642]
[0.668, 0.4, 0.642, 0.644]
[0.668, 0.4, 0.642, 0.644, 0.622]
[0.668, 0.4, 0.642, 0.644, 0.622, 0.712]
[0.668, 0.4, 0.642, 0.644, 0.622, 0.712, 0.69]
[0.668, 0.4, 0.642, 0.644, 0.622, 0.712, 0.69, 0.59]
[0.668, 0.4, 0.642, 0.644, 0.622, 0.712, 0.69, 0.59, 0.614]
[0.668, 0.4, 0.642, 0.644, 0.622, 0.712, 0.69, 0.59, 0.614, 0.518]
[0.668, 0.4, 0.642, 0.644, 0.622, 0.712, 0.69, 0.59, 0.614, 0.518, 0.646]
[0.668, 0.4, 0.642, 0.644, 0.622, 0.712, 0.69, 0.59, 0.614, 0.518, 0.646, 0.738]
[0.668, 0.4, 0.642, 0.644, 0.622, 0.712, 0.69, 0.59, 0.614, 0.518, 0.646, 0.738, 0.642]
[0.668, 0.4, 0.642, 0.644, 0.622, 0.712, 0.69, 0.59, 0.614, 0.518, 0.646, 0.738, 0.642, 0.656]
[0.668, 0.4, 0.642, 0.644, 0.622, 0.712, 0.69, 0.59, 0.614, 0.518, 0.646, 0.738, 0.642, 0.656, 0.724]
[0.668, 0.4, 0.642, 0.644, 0.622, 0.712, 0.69, 0.59, 0.614, 0.518, 0.646, 0.738, 0.642, 0.656, 0.724, 0.742]
[0.668, 0.4, 0.642, 0.644, 0.622, 0.712, 0.69, 0.59, 0.614, 0.518, 0.646, 0.738, 0.642, 0.656, 0.724, 0.742, 0.542]
[0.668, 0.4, 0.642, 0.644, 0.622, 0.712, 0.69, 0.59, 0.614, 0.518, 0.646, 0.738, 0.642, 0.656, 0.724, 0.742, 0.542, 0.676]
[0.668, 0.4, 0.642, 0.644, 0.622, 0.712, 0.69, 0.59, 0.614, 0.518, 0.646, 0.738, 0.642, 0.656, 0.724, 0.742, 0.542, 0.676, 0.73]
[0.668, 0.4, 0.642, 0.644, 0.622, 0.712, 0.69, 0.59, 0.614, 0.518, 0.646, 0.738, 0.642, 0.656, 0.724, 0.742, 0.542, 0.676, 0.73, 0.77]
Total correct retain:  1748  Total retain:  2500
Total correct forget:  33681  Total forget:  47500
Total correct test:  331  Total test:  500
Total correct forget test:  6042  Total test forget:  9500
[0.662]
[0.662, 0.408]
[0.662, 0.408, 0.644]
[0.662, 0.408, 0.644, 0.628]
[0.662, 0.408, 0.644, 0.628, 0.614]
[0.662, 0.408, 0.644, 0.628, 0.614, 0.71]
[0.662, 0.408, 0.644, 0.628, 0.614, 0.71, 0.658]
[0.662, 0.408, 0.644, 0.628, 0.614, 0.71, 0.658, 0.578]
[0.662, 0.408, 0.644, 0.628, 0.614, 0.71, 0.658, 0.578, 0.624]
[0.662, 0.408, 0.644, 0.628, 0.614, 0.71, 0.658, 0.578, 0.624, 0.518]
[0.662, 0.408, 0.644, 0.628, 0.614, 0.71, 0.658, 0.578, 0.624, 0.518, 0.634]
[0.662, 0.408, 0.644, 0.628, 0.614, 0.71, 0.658, 0.578, 0.624, 0.518, 0.634, 0.7]
[0.662, 0.408, 0.644, 0.628, 0.614, 0.71, 0.658, 0.578, 0.624, 0.518, 0.634, 0.7, 0.626]
[0.662, 0.408, 0.644, 0.628, 0.614, 0.71, 0.658, 0.578, 0.624, 0.518, 0.634, 0.7, 0.626, 0.632]
[0.662, 0.408, 0.644, 0.628, 0.614, 0.71, 0.658, 0.578, 0.624, 0.518, 0.634, 0.7, 0.626, 0.632, 0.724]
[0.662, 0.408, 0.644, 0.628, 0.614, 0.71, 0.658, 0.578, 0.624, 0.518, 0.634, 0.7, 0.626, 0.632, 0.724, 0.764]
[0.662, 0.408, 0.644, 0.628, 0.614, 0.71, 0.658, 0.578, 0.624, 0.518, 0.634, 0.7, 0.626, 0.632, 0.724, 0.764, 0.508]
[0.662, 0.408, 0.644, 0.628, 0.614, 0.71, 0.658, 0.578, 0.624, 0.518, 0.634, 0.7, 0.626, 0.632, 0.724, 0.764, 0.508, 0.65]
[0.662, 0.408, 0.644, 0.628, 0.614, 0.71, 0.658, 0.578, 0.624, 0.518, 0.634, 0.7, 0.626, 0.632, 0.724, 0.764, 0.508, 0.65, 0.708]
[0.662, 0.408, 0.644, 0.628, 0.614, 0.71, 0.658, 0.578, 0.624, 0.518, 0.634, 0.7, 0.626, 0.632, 0.724, 0.764, 0.508, 0.65, 0.708, 0.756]
Total correct retain:  1616  Total retain:  2500
Total correct forget:  32138  Total forget:  47500
Total correct test:  324  Total test:  500
Total correct forget test:  5749  Total test forget:  9500
[0.648]
[0.648, 0.392]
[0.648, 0.392, 0.62]
[0.648, 0.392, 0.62, 0.638]
[0.648, 0.392, 0.62, 0.638, 0.59]
[0.648, 0.392, 0.62, 0.638, 0.59, 0.68]
[0.648, 0.392, 0.62, 0.638, 0.59, 0.68, 0.63]
[0.648, 0.392, 0.62, 0.638, 0.59, 0.68, 0.63, 0.52]
[0.648, 0.392, 0.62, 0.638, 0.59, 0.68, 0.63, 0.52, 0.584]
[0.648, 0.392, 0.62, 0.638, 0.59, 0.68, 0.63, 0.52, 0.584, 0.536]
[0.648, 0.392, 0.62, 0.638, 0.59, 0.68, 0.63, 0.52, 0.584, 0.536, 0.554]
[0.648, 0.392, 0.62, 0.638, 0.59, 0.68, 0.63, 0.52, 0.584, 0.536, 0.554, 0.64]
[0.648, 0.392, 0.62, 0.638, 0.59, 0.68, 0.63, 0.52, 0.584, 0.536, 0.554, 0.64, 0.614]
[0.648, 0.392, 0.62, 0.638, 0.59, 0.68, 0.63, 0.52, 0.584, 0.536, 0.554, 0.64, 0.614, 0.546]
[0.648, 0.392, 0.62, 0.638, 0.59, 0.68, 0.63, 0.52, 0.584, 0.536, 0.554, 0.64, 0.614, 0.546, 0.652]
[0.648, 0.392, 0.62, 0.638, 0.59, 0.68, 0.63, 0.52, 0.584, 0.536, 0.554, 0.64, 0.614, 0.546, 0.652, 0.726]
[0.648, 0.392, 0.62, 0.638, 0.59, 0.68, 0.63, 0.52, 0.584, 0.536, 0.554, 0.64, 0.614, 0.546, 0.652, 0.726, 0.466]
[0.648, 0.392, 0.62, 0.638, 0.59, 0.68, 0.63, 0.52, 0.584, 0.536, 0.554, 0.64, 0.614, 0.546, 0.652, 0.726, 0.466, 0.66]
[0.648, 0.392, 0.62, 0.638, 0.59, 0.68, 0.63, 0.52, 0.584, 0.536, 0.554, 0.64, 0.614, 0.546, 0.652, 0.726, 0.466, 0.66, 0.72]
[0.648, 0.392, 0.62, 0.638, 0.59, 0.68, 0.63, 0.52, 0.584, 0.536, 0.554, 0.64, 0.614, 0.546, 0.652, 0.726, 0.466, 0.66, 0.72, 0.73]
Total correct retain:  1575  Total retain:  2500
Total correct forget:  29819  Total forget:  47500
Total correct test:  305  Total test:  500
Total correct forget test:  5335  Total test forget:  9500
[0.61]
[0.61, 0.388]
[0.61, 0.388, 0.568]
[0.61, 0.388, 0.568, 0.604]
[0.61, 0.388, 0.568, 0.604, 0.558]
[0.61, 0.388, 0.568, 0.604, 0.558, 0.674]
[0.61, 0.388, 0.568, 0.604, 0.558, 0.674, 0.572]
[0.61, 0.388, 0.568, 0.604, 0.558, 0.674, 0.572, 0.554]
[0.61, 0.388, 0.568, 0.604, 0.558, 0.674, 0.572, 0.554, 0.556]
[0.61, 0.388, 0.568, 0.604, 0.558, 0.674, 0.572, 0.554, 0.556, 0.342]
[0.61, 0.388, 0.568, 0.604, 0.558, 0.674, 0.572, 0.554, 0.556, 0.342, 0.502]
[0.61, 0.388, 0.568, 0.604, 0.558, 0.674, 0.572, 0.554, 0.556, 0.342, 0.502, 0.516]
[0.61, 0.388, 0.568, 0.604, 0.558, 0.674, 0.572, 0.554, 0.556, 0.342, 0.502, 0.516, 0.586]
[0.61, 0.388, 0.568, 0.604, 0.558, 0.674, 0.572, 0.554, 0.556, 0.342, 0.502, 0.516, 0.586, 0.548]
[0.61, 0.388, 0.568, 0.604, 0.558, 0.674, 0.572, 0.554, 0.556, 0.342, 0.502, 0.516, 0.586, 0.548, 0.678]
[0.61, 0.388, 0.568, 0.604, 0.558, 0.674, 0.572, 0.554, 0.556, 0.342, 0.502, 0.516, 0.586, 0.548, 0.678, 0.648]
[0.61, 0.388, 0.568, 0.604, 0.558, 0.674, 0.572, 0.554, 0.556, 0.342, 0.502, 0.516, 0.586, 0.548, 0.678, 0.648, 0.434]
[0.61, 0.388, 0.568, 0.604, 0.558, 0.674, 0.572, 0.554, 0.556, 0.342, 0.502, 0.516, 0.586, 0.548, 0.678, 0.648, 0.434, 0.608]
[0.61, 0.388, 0.568, 0.604, 0.558, 0.674, 0.572, 0.554, 0.556, 0.342, 0.502, 0.516, 0.586, 0.548, 0.678, 0.648, 0.434, 0.608, 0.63]
[0.61, 0.388, 0.568, 0.604, 0.558, 0.674, 0.572, 0.554, 0.556, 0.342, 0.502, 0.516, 0.586, 0.548, 0.678, 0.648, 0.434, 0.608, 0.63, 0.704]
Total correct retain:  1544  Total retain:  2500
Total correct forget:  28469  Total forget:  47500
Total correct test:  288  Total test:  500
Total correct forget test:  5128  Total test forget:  9500
[0.576]
[0.576, 0.336]
[0.576, 0.336, 0.556]
[0.576, 0.336, 0.556, 0.57]
[0.576, 0.336, 0.556, 0.57, 0.598]
[0.576, 0.336, 0.556, 0.57, 0.598, 0.632]
[0.576, 0.336, 0.556, 0.57, 0.598, 0.632, 0.516]
[0.576, 0.336, 0.556, 0.57, 0.598, 0.632, 0.516, 0.514]
[0.576, 0.336, 0.556, 0.57, 0.598, 0.632, 0.516, 0.514, 0.312]
[0.576, 0.336, 0.556, 0.57, 0.598, 0.632, 0.516, 0.514, 0.312, 0.356]
[0.576, 0.336, 0.556, 0.57, 0.598, 0.632, 0.516, 0.514, 0.312, 0.356, 0.526]
[0.576, 0.336, 0.556, 0.57, 0.598, 0.632, 0.516, 0.514, 0.312, 0.356, 0.526, 0.53]
[0.576, 0.336, 0.556, 0.57, 0.598, 0.632, 0.516, 0.514, 0.312, 0.356, 0.526, 0.53, 0.582]
[0.576, 0.336, 0.556, 0.57, 0.598, 0.632, 0.516, 0.514, 0.312, 0.356, 0.526, 0.53, 0.582, 0.532]
[0.576, 0.336, 0.556, 0.57, 0.598, 0.632, 0.516, 0.514, 0.312, 0.356, 0.526, 0.53, 0.582, 0.532, 0.634]
[0.576, 0.336, 0.556, 0.57, 0.598, 0.632, 0.516, 0.514, 0.312, 0.356, 0.526, 0.53, 0.582, 0.532, 0.634, 0.66]
[0.576, 0.336, 0.556, 0.57, 0.598, 0.632, 0.516, 0.514, 0.312, 0.356, 0.526, 0.53, 0.582, 0.532, 0.634, 0.66, 0.454]
[0.576, 0.336, 0.556, 0.57, 0.598, 0.632, 0.516, 0.514, 0.312, 0.356, 0.526, 0.53, 0.582, 0.532, 0.634, 0.66, 0.454, 0.596]
[0.576, 0.336, 0.556, 0.57, 0.598, 0.632, 0.516, 0.514, 0.312, 0.356, 0.526, 0.53, 0.582, 0.532, 0.634, 0.66, 0.454, 0.596, 0.654]
[0.576, 0.336, 0.556, 0.57, 0.598, 0.632, 0.516, 0.514, 0.312, 0.356, 0.526, 0.53, 0.582, 0.532, 0.634, 0.66, 0.454, 0.596, 0.654, 0.698]
Total correct retain:  1516  Total retain:  2500
Total correct forget:  25941  Total forget:  47500
Total correct test:  287  Total test:  500
Total correct forget test:  4680  Total test forget:  9500
[0.574]
[0.574, 0.346]
[0.574, 0.346, 0.576]
[0.574, 0.346, 0.576, 0.558]
[0.574, 0.346, 0.576, 0.558, 0.526]
[0.574, 0.346, 0.576, 0.558, 0.526, 0.588]
[0.574, 0.346, 0.576, 0.558, 0.526, 0.588, 0.53]
[0.574, 0.346, 0.576, 0.558, 0.526, 0.588, 0.53, 0.342]
[0.574, 0.346, 0.576, 0.558, 0.526, 0.588, 0.53, 0.342, 0.26]
[0.574, 0.346, 0.576, 0.558, 0.526, 0.588, 0.53, 0.342, 0.26, 0.3]
[0.574, 0.346, 0.576, 0.558, 0.526, 0.588, 0.53, 0.342, 0.26, 0.3, 0.486]
[0.574, 0.346, 0.576, 0.558, 0.526, 0.588, 0.53, 0.342, 0.26, 0.3, 0.486, 0.438]
[0.574, 0.346, 0.576, 0.558, 0.526, 0.588, 0.53, 0.342, 0.26, 0.3, 0.486, 0.438, 0.53]
[0.574, 0.346, 0.576, 0.558, 0.526, 0.588, 0.53, 0.342, 0.26, 0.3, 0.486, 0.438, 0.53, 0.502]
[0.574, 0.346, 0.576, 0.558, 0.526, 0.588, 0.53, 0.342, 0.26, 0.3, 0.486, 0.438, 0.53, 0.502, 0.604]
[0.574, 0.346, 0.576, 0.558, 0.526, 0.588, 0.53, 0.342, 0.26, 0.3, 0.486, 0.438, 0.53, 0.502, 0.604, 0.568]
[0.574, 0.346, 0.576, 0.558, 0.526, 0.588, 0.53, 0.342, 0.26, 0.3, 0.486, 0.438, 0.53, 0.502, 0.604, 0.568, 0.43]
[0.574, 0.346, 0.576, 0.558, 0.526, 0.588, 0.53, 0.342, 0.26, 0.3, 0.486, 0.438, 0.53, 0.502, 0.604, 0.568, 0.43, 0.546]
[0.574, 0.346, 0.576, 0.558, 0.526, 0.588, 0.53, 0.342, 0.26, 0.3, 0.486, 0.438, 0.53, 0.502, 0.604, 0.568, 0.43, 0.546, 0.56]
[0.574, 0.346, 0.576, 0.558, 0.526, 0.588, 0.53, 0.342, 0.26, 0.3, 0.486, 0.438, 0.53, 0.502, 0.604, 0.568, 0.43, 0.546, 0.56, 0.67]
broken out of loop
Total correct retain:  1357  Total retain:  2500
Total correct forget:  24629  Total forget:  47500
Total correct test:  254  Total test:  500
Total correct forget test:  4446  Total test forget:  9500
[0.508]
[0.508, 0.352]
[0.508, 0.352, 0.582]
[0.508, 0.352, 0.582, 0.598]
[0.508, 0.352, 0.582, 0.598, 0.542]
[0.508, 0.352, 0.582, 0.598, 0.542, 0.614]
[0.508, 0.352, 0.582, 0.598, 0.542, 0.614, 0.268]
[0.508, 0.352, 0.582, 0.598, 0.542, 0.614, 0.268, 0.244]
[0.508, 0.352, 0.582, 0.598, 0.542, 0.614, 0.268, 0.244, 0.276]
[0.508, 0.352, 0.582, 0.598, 0.542, 0.614, 0.268, 0.244, 0.276, 0.344]
[0.508, 0.352, 0.582, 0.598, 0.542, 0.614, 0.268, 0.244, 0.276, 0.344, 0.5]
[0.508, 0.352, 0.582, 0.598, 0.542, 0.614, 0.268, 0.244, 0.276, 0.344, 0.5, 0.482]
[0.508, 0.352, 0.582, 0.598, 0.542, 0.614, 0.268, 0.244, 0.276, 0.344, 0.5, 0.482, 0.522]
[0.508, 0.352, 0.582, 0.598, 0.542, 0.614, 0.268, 0.244, 0.276, 0.344, 0.5, 0.482, 0.522, 0.51]
[0.508, 0.352, 0.582, 0.598, 0.542, 0.614, 0.268, 0.244, 0.276, 0.344, 0.5, 0.482, 0.522, 0.51, 0.55]
[0.508, 0.352, 0.582, 0.598, 0.542, 0.614, 0.268, 0.244, 0.276, 0.344, 0.5, 0.482, 0.522, 0.51, 0.55, 0.352]
[0.508, 0.352, 0.582, 0.598, 0.542, 0.614, 0.268, 0.244, 0.276, 0.344, 0.5, 0.482, 0.522, 0.51, 0.55, 0.352, 0.392]
[0.508, 0.352, 0.582, 0.598, 0.542, 0.614, 0.268, 0.244, 0.276, 0.344, 0.5, 0.482, 0.522, 0.51, 0.55, 0.352, 0.392, 0.554]
[0.508, 0.352, 0.582, 0.598, 0.542, 0.614, 0.268, 0.244, 0.276, 0.344, 0.5, 0.482, 0.522, 0.51, 0.55, 0.352, 0.392, 0.554, 0.618]
[0.508, 0.352, 0.582, 0.598, 0.542, 0.614, 0.268, 0.244, 0.276, 0.344, 0.5, 0.482, 0.522, 0.51, 0.55, 0.352, 0.392, 0.554, 0.618, 0.592]
broken out of loop
Total correct retain:  1257  Total retain:  2500
Total correct forget:  21320  Total forget:  47500
Total correct test:  246  Total test:  500
Total correct forget test:  3863  Total test forget:  9500
[0.492]
[0.492, 0.356]
[0.492, 0.356, 0.566]
[0.492, 0.356, 0.566, 0.542]
[0.492, 0.356, 0.566, 0.542, 0.516]
[0.492, 0.356, 0.566, 0.542, 0.516, 0.366]
[0.492, 0.356, 0.566, 0.542, 0.516, 0.366, 0.22]
[0.492, 0.356, 0.566, 0.542, 0.516, 0.366, 0.22, 0.224]
[0.492, 0.356, 0.566, 0.542, 0.516, 0.366, 0.22, 0.224, 0.206]
[0.492, 0.356, 0.566, 0.542, 0.516, 0.366, 0.22, 0.224, 0.206, 0.282]
[0.492, 0.356, 0.566, 0.542, 0.516, 0.366, 0.22, 0.224, 0.206, 0.282, 0.44]
[0.492, 0.356, 0.566, 0.542, 0.516, 0.366, 0.22, 0.224, 0.206, 0.282, 0.44, 0.428]
[0.492, 0.356, 0.566, 0.542, 0.516, 0.366, 0.22, 0.224, 0.206, 0.282, 0.44, 0.428, 0.446]
[0.492, 0.356, 0.566, 0.542, 0.516, 0.366, 0.22, 0.224, 0.206, 0.282, 0.44, 0.428, 0.446, 0.436]
[0.492, 0.356, 0.566, 0.542, 0.516, 0.366, 0.22, 0.224, 0.206, 0.282, 0.44, 0.428, 0.446, 0.436, 0.516]
[0.492, 0.356, 0.566, 0.542, 0.516, 0.366, 0.22, 0.224, 0.206, 0.282, 0.44, 0.428, 0.446, 0.436, 0.516, 0.26]
[0.492, 0.356, 0.566, 0.542, 0.516, 0.366, 0.22, 0.224, 0.206, 0.282, 0.44, 0.428, 0.446, 0.436, 0.516, 0.26, 0.336]
[0.492, 0.356, 0.566, 0.542, 0.516, 0.366, 0.22, 0.224, 0.206, 0.282, 0.44, 0.428, 0.446, 0.436, 0.516, 0.26, 0.336, 0.522]
[0.492, 0.356, 0.566, 0.542, 0.516, 0.366, 0.22, 0.224, 0.206, 0.282, 0.44, 0.428, 0.446, 0.436, 0.516, 0.26, 0.336, 0.522, 0.496]
[0.492, 0.356, 0.566, 0.542, 0.516, 0.366, 0.22, 0.224, 0.206, 0.282, 0.44, 0.428, 0.446, 0.436, 0.516, 0.26, 0.336, 0.522, 0.496, 0.568]
broken out of loop
Total correct retain:  1395  Total retain:  2500
Total correct forget:  20870  Total forget:  47500
Total correct test:  246  Total test:  500
Total correct forget test:  3877  Total test forget:  9500
[0.492]
[0.492, 0.382]
[0.492, 0.382, 0.594]
[0.492, 0.382, 0.594, 0.55]
[0.492, 0.382, 0.594, 0.55, 0.382]
[0.492, 0.382, 0.594, 0.55, 0.382, 0.39]
[0.492, 0.382, 0.594, 0.55, 0.382, 0.39, 0.222]
[0.492, 0.382, 0.594, 0.55, 0.382, 0.39, 0.222, 0.246]
[0.492, 0.382, 0.594, 0.55, 0.382, 0.39, 0.222, 0.246, 0.222]
[0.492, 0.382, 0.594, 0.55, 0.382, 0.39, 0.222, 0.246, 0.222, 0.278]
[0.492, 0.382, 0.594, 0.55, 0.382, 0.39, 0.222, 0.246, 0.222, 0.278, 0.458]
[0.492, 0.382, 0.594, 0.55, 0.382, 0.39, 0.222, 0.246, 0.222, 0.278, 0.458, 0.452]
[0.492, 0.382, 0.594, 0.55, 0.382, 0.39, 0.222, 0.246, 0.222, 0.278, 0.458, 0.452, 0.422]
[0.492, 0.382, 0.594, 0.55, 0.382, 0.39, 0.222, 0.246, 0.222, 0.278, 0.458, 0.452, 0.422, 0.396]
[0.492, 0.382, 0.594, 0.55, 0.382, 0.39, 0.222, 0.246, 0.222, 0.278, 0.458, 0.452, 0.422, 0.396, 0.494]
[0.492, 0.382, 0.594, 0.55, 0.382, 0.39, 0.222, 0.246, 0.222, 0.278, 0.458, 0.452, 0.422, 0.396, 0.494, 0.284]
[0.492, 0.382, 0.594, 0.55, 0.382, 0.39, 0.222, 0.246, 0.222, 0.278, 0.458, 0.452, 0.422, 0.396, 0.494, 0.284, 0.392]
[0.492, 0.382, 0.594, 0.55, 0.382, 0.39, 0.222, 0.246, 0.222, 0.278, 0.458, 0.452, 0.422, 0.396, 0.494, 0.284, 0.392, 0.47]
[0.492, 0.382, 0.594, 0.55, 0.382, 0.39, 0.222, 0.246, 0.222, 0.278, 0.458, 0.452, 0.422, 0.396, 0.494, 0.284, 0.392, 0.47, 0.512]
[0.492, 0.382, 0.594, 0.55, 0.382, 0.39, 0.222, 0.246, 0.222, 0.278, 0.458, 0.452, 0.422, 0.396, 0.494, 0.284, 0.392, 0.47, 0.512, 0.608]
broken out of loop
Total correct retain:  1469  Total retain:  2500
Total correct forget:  18727  Total forget:  47500
Total correct test:  293  Total test:  500
Total correct forget test:  3481  Total test forget:  9500
[0.586]
[0.586, 0.374]
[0.586, 0.374, 0.588]
[0.586, 0.374, 0.588, 0.346]
[0.586, 0.374, 0.588, 0.346, 0.294]
[0.586, 0.374, 0.588, 0.346, 0.294, 0.348]
[0.586, 0.374, 0.588, 0.346, 0.294, 0.348, 0.234]
[0.586, 0.374, 0.588, 0.346, 0.294, 0.348, 0.234, 0.27]
[0.586, 0.374, 0.588, 0.346, 0.294, 0.348, 0.234, 0.27, 0.192]
[0.586, 0.374, 0.588, 0.346, 0.294, 0.348, 0.234, 0.27, 0.192, 0.208]
[0.586, 0.374, 0.588, 0.346, 0.294, 0.348, 0.234, 0.27, 0.192, 0.208, 0.384]
[0.586, 0.374, 0.588, 0.346, 0.294, 0.348, 0.234, 0.27, 0.192, 0.208, 0.384, 0.37]
[0.586, 0.374, 0.588, 0.346, 0.294, 0.348, 0.234, 0.27, 0.192, 0.208, 0.384, 0.37, 0.384]
[0.586, 0.374, 0.588, 0.346, 0.294, 0.348, 0.234, 0.27, 0.192, 0.208, 0.384, 0.37, 0.384, 0.43]
[0.586, 0.374, 0.588, 0.346, 0.294, 0.348, 0.234, 0.27, 0.192, 0.208, 0.384, 0.37, 0.384, 0.43, 0.486]
[0.586, 0.374, 0.588, 0.346, 0.294, 0.348, 0.234, 0.27, 0.192, 0.208, 0.384, 0.37, 0.384, 0.43, 0.486, 0.338]
[0.586, 0.374, 0.588, 0.346, 0.294, 0.348, 0.234, 0.27, 0.192, 0.208, 0.384, 0.37, 0.384, 0.43, 0.486, 0.338, 0.376]
[0.586, 0.374, 0.588, 0.346, 0.294, 0.348, 0.234, 0.27, 0.192, 0.208, 0.384, 0.37, 0.384, 0.43, 0.486, 0.338, 0.376, 0.382]
[0.586, 0.374, 0.588, 0.346, 0.294, 0.348, 0.234, 0.27, 0.192, 0.208, 0.384, 0.37, 0.384, 0.43, 0.486, 0.338, 0.376, 0.382, 0.432]
[0.586, 0.374, 0.588, 0.346, 0.294, 0.348, 0.234, 0.27, 0.192, 0.208, 0.384, 0.37, 0.384, 0.43, 0.486, 0.338, 0.376, 0.382, 0.432, 0.526]
broken out of loop
Total correct retain:  1406  Total retain:  2500
Total correct forget:  15923  Total forget:  47500
Total correct test:  269  Total test:  500
Total correct forget test:  2976  Total test forget:  9500
[0.538]
[0.538, 0.372]
[0.538, 0.372, 0.398]
[0.538, 0.372, 0.398, 0.24]
[0.538, 0.372, 0.398, 0.24, 0.246]
[0.538, 0.372, 0.398, 0.24, 0.246, 0.304]
[0.538, 0.372, 0.398, 0.24, 0.246, 0.304, 0.22]
[0.538, 0.372, 0.398, 0.24, 0.246, 0.304, 0.22, 0.276]
[0.538, 0.372, 0.398, 0.24, 0.246, 0.304, 0.22, 0.276, 0.164]
[0.538, 0.372, 0.398, 0.24, 0.246, 0.304, 0.22, 0.276, 0.164, 0.17]
[0.538, 0.372, 0.398, 0.24, 0.246, 0.304, 0.22, 0.276, 0.164, 0.17, 0.336]
[0.538, 0.372, 0.398, 0.24, 0.246, 0.304, 0.22, 0.276, 0.164, 0.17, 0.336, 0.304]
[0.538, 0.372, 0.398, 0.24, 0.246, 0.304, 0.22, 0.276, 0.164, 0.17, 0.336, 0.304, 0.352]
[0.538, 0.372, 0.398, 0.24, 0.246, 0.304, 0.22, 0.276, 0.164, 0.17, 0.336, 0.304, 0.352, 0.346]
[0.538, 0.372, 0.398, 0.24, 0.246, 0.304, 0.22, 0.276, 0.164, 0.17, 0.336, 0.304, 0.352, 0.346, 0.428]
[0.538, 0.372, 0.398, 0.24, 0.246, 0.304, 0.22, 0.276, 0.164, 0.17, 0.336, 0.304, 0.352, 0.346, 0.428, 0.29]
[0.538, 0.372, 0.398, 0.24, 0.246, 0.304, 0.22, 0.276, 0.164, 0.17, 0.336, 0.304, 0.352, 0.346, 0.428, 0.29, 0.35]
[0.538, 0.372, 0.398, 0.24, 0.246, 0.304, 0.22, 0.276, 0.164, 0.17, 0.336, 0.304, 0.352, 0.346, 0.428, 0.29, 0.35, 0.274]
[0.538, 0.372, 0.398, 0.24, 0.246, 0.304, 0.22, 0.276, 0.164, 0.17, 0.336, 0.304, 0.352, 0.346, 0.428, 0.29, 0.35, 0.274, 0.392]
[0.538, 0.372, 0.398, 0.24, 0.246, 0.304, 0.22, 0.276, 0.164, 0.17, 0.336, 0.304, 0.352, 0.346, 0.428, 0.29, 0.35, 0.274, 0.392, 0.49]
broken out of loop
Total correct retain:  1523  Total retain:  2500
Total correct forget:  15736  Total forget:  47500
Total correct test:  287  Total test:  500
Total correct forget test:  2958  Total test forget:  9500
[0.574]
[0.574, 0.276]
[0.574, 0.276, 0.376]
[0.574, 0.276, 0.376, 0.238]
[0.574, 0.276, 0.376, 0.238, 0.27]
[0.574, 0.276, 0.376, 0.238, 0.27, 0.276]
[0.574, 0.276, 0.376, 0.238, 0.27, 0.276, 0.202]
[0.574, 0.276, 0.376, 0.238, 0.27, 0.276, 0.202, 0.282]
[0.574, 0.276, 0.376, 0.238, 0.27, 0.276, 0.202, 0.282, 0.17]
[0.574, 0.276, 0.376, 0.238, 0.27, 0.276, 0.202, 0.282, 0.17, 0.19]
[0.574, 0.276, 0.376, 0.238, 0.27, 0.276, 0.202, 0.282, 0.17, 0.19, 0.358]
[0.574, 0.276, 0.376, 0.238, 0.27, 0.276, 0.202, 0.282, 0.17, 0.19, 0.358, 0.334]
[0.574, 0.276, 0.376, 0.238, 0.27, 0.276, 0.202, 0.282, 0.17, 0.19, 0.358, 0.334, 0.342]
[0.574, 0.276, 0.376, 0.238, 0.27, 0.276, 0.202, 0.282, 0.17, 0.19, 0.358, 0.334, 0.342, 0.346]
[0.574, 0.276, 0.376, 0.238, 0.27, 0.276, 0.202, 0.282, 0.17, 0.19, 0.358, 0.334, 0.342, 0.346, 0.49]
[0.574, 0.276, 0.376, 0.238, 0.27, 0.276, 0.202, 0.282, 0.17, 0.19, 0.358, 0.334, 0.342, 0.346, 0.49, 0.252]
[0.574, 0.276, 0.376, 0.238, 0.27, 0.276, 0.202, 0.282, 0.17, 0.19, 0.358, 0.334, 0.342, 0.346, 0.49, 0.252, 0.372]
[0.574, 0.276, 0.376, 0.238, 0.27, 0.276, 0.202, 0.282, 0.17, 0.19, 0.358, 0.334, 0.342, 0.346, 0.49, 0.252, 0.372, 0.226]
[0.574, 0.276, 0.376, 0.238, 0.27, 0.276, 0.202, 0.282, 0.17, 0.19, 0.358, 0.334, 0.342, 0.346, 0.49, 0.252, 0.372, 0.226, 0.36]
[0.574, 0.276, 0.376, 0.238, 0.27, 0.276, 0.202, 0.282, 0.17, 0.19, 0.358, 0.334, 0.342, 0.346, 0.49, 0.252, 0.372, 0.226, 0.36, 0.556]
[[0.672, 0.404, 0.64, 0.652, 0.624, 0.734, 0.67, 0.592, 0.62, 0.496, 0.662, 0.718, 0.652, 0.68, 0.756, 0.736, 0.58, 0.724, 0.752, 0.786], [0.656, 0.4, 0.64, 0.644, 0.64, 0.72, 0.656, 0.596, 0.626, 0.522, 0.656, 0.734, 0.662, 0.664, 0.758, 0.716, 0.598, 0.706, 0.75, 0.768], [0.672, 0.404, 0.622, 0.634, 0.624, 0.708, 0.662, 0.602, 0.616, 0.508, 0.64, 0.732, 0.65, 0.692, 0.768, 0.74, 0.572, 0.698, 0.726, 0.792], [0.688, 0.454, 0.64, 0.626, 0.626, 0.71, 0.68, 0.622, 0.616, 0.492, 0.618, 0.72, 0.64, 0.692, 0.764, 0.772, 0.576, 0.636, 0.692, 0.762], [0.688, 0.426, 0.632, 0.606, 0.624, 0.71, 0.706, 0.584, 0.616, 0.494, 0.632, 0.728, 0.658, 0.682, 0.762, 0.764, 0.556, 0.666, 0.698, 0.756], [0.682, 0.402, 0.64, 0.614, 0.622, 0.712, 0.666, 0.59, 0.622, 0.5, 0.616, 0.724, 0.65, 0.678, 0.742, 0.742, 0.536, 0.654, 0.714, 0.744], [0.666, 0.402, 0.626, 0.606, 0.626, 0.716, 0.67, 0.582, 0.608, 0.508, 0.62, 0.726, 0.65, 0.656, 0.732, 0.744, 0.53, 0.656, 0.716, 0.754], [0.668, 0.4, 0.642, 0.644, 0.622, 0.712, 0.69, 0.59, 0.614, 0.518, 0.646, 0.738, 0.642, 0.656, 0.724, 0.742, 0.542, 0.676, 0.73, 0.77], [0.662, 0.408, 0.644, 0.628, 0.614, 0.71, 0.658, 0.578, 0.624, 0.518, 0.634, 0.7, 0.626, 0.632, 0.724, 0.764, 0.508, 0.65, 0.708, 0.756], [0.648, 0.392, 0.62, 0.638, 0.59, 0.68, 0.63, 0.52, 0.584, 0.536, 0.554, 0.64, 0.614, 0.546, 0.652, 0.726, 0.466, 0.66, 0.72, 0.73], [0.61, 0.388, 0.568, 0.604, 0.558, 0.674, 0.572, 0.554, 0.556, 0.342, 0.502, 0.516, 0.586, 0.548, 0.678, 0.648, 0.434, 0.608, 0.63, 0.704], [0.576, 0.336, 0.556, 0.57, 0.598, 0.632, 0.516, 0.514, 0.312, 0.356, 0.526, 0.53, 0.582, 0.532, 0.634, 0.66, 0.454, 0.596, 0.654, 0.698], [0.574, 0.346, 0.576, 0.558, 0.526, 0.588, 0.53, 0.342, 0.26, 0.3, 0.486, 0.438, 0.53, 0.502, 0.604, 0.568, 0.43, 0.546, 0.56, 0.67], [0.508, 0.352, 0.582, 0.598, 0.542, 0.614, 0.268, 0.244, 0.276, 0.344, 0.5, 0.482, 0.522, 0.51, 0.55, 0.352, 0.392, 0.554, 0.618, 0.592], [0.492, 0.356, 0.566, 0.542, 0.516, 0.366, 0.22, 0.224, 0.206, 0.282, 0.44, 0.428, 0.446, 0.436, 0.516, 0.26, 0.336, 0.522, 0.496, 0.568], [0.492, 0.382, 0.594, 0.55, 0.382, 0.39, 0.222, 0.246, 0.222, 0.278, 0.458, 0.452, 0.422, 0.396, 0.494, 0.284, 0.392, 0.47, 0.512, 0.608], [0.586, 0.374, 0.588, 0.346, 0.294, 0.348, 0.234, 0.27, 0.192, 0.208, 0.384, 0.37, 0.384, 0.43, 0.486, 0.338, 0.376, 0.382, 0.432, 0.526], [0.538, 0.372, 0.398, 0.24, 0.246, 0.304, 0.22, 0.276, 0.164, 0.17, 0.336, 0.304, 0.352, 0.346, 0.428, 0.29, 0.35, 0.274, 0.392, 0.49], [0.574, 0.276, 0.376, 0.238, 0.27, 0.276, 0.202, 0.282, 0.17, 0.19, 0.358, 0.334, 0.342, 0.346, 0.49, 0.252, 0.372, 0.226, 0.36, 0.556]]
Plot  0  Done
Average Retain Accuracies:  [0.7056, 0.708, 0.7016, 0.7144, 0.726, 0.7288, 0.7064, 0.6992, 0.6996, 0.6992, 0.6464, 0.63, 0.6176, 0.6064, 0.5428, 0.5028, 0.558, 0.5876, 0.5624, 0.6092]
Average Forget Accuracies:  [0.7444421052631579, 0.7448842105263158, 0.7400210526315789, 0.7386947368421053, 0.7299789473684211, 0.7300842105263158, 0.7242736842105263, 0.7214526315789473, 0.7223368421052632, 0.7090736842105263, 0.6765894736842105, 0.6277684210526315, 0.5993473684210526, 0.5461263157894737, 0.5185052631578947, 0.4488421052631579, 0.4393684210526316, 0.39425263157894735, 0.3352210526315789, 0.3312842105263158]
Average Retain Test Accuracies:  [0.656, 0.672, 0.656, 0.672, 0.688, 0.688, 0.682, 0.666, 0.668, 0.662, 0.648, 0.61, 0.576, 0.574, 0.508, 0.492, 0.492, 0.586, 0.538, 0.574]
Average Forget Test Accuracies:  [0.6578947368421053, 0.6567368421052632, 0.655578947368421, 0.6521052631578947, 0.6493684210526316, 0.6473684210526316, 0.640421052631579, 0.6383157894736842, 0.6472631578947369, 0.636, 0.6051578947368421, 0.5615789473684211, 0.5397894736842105, 0.4926315789473684, 0.468, 0.4066315789473684, 0.40810526315789475, 0.3664210526315789, 0.31326315789473685, 0.31136842105263157]
Done
