Requirement already satisfied: pyyaml in /usr/lib64/python3.12/site-packages (6.0.1)
Requirement already satisfied: setuptools in /usr/lib/python3.12/site-packages (68.2.2)
Requirement already satisfied: matplotlib in /dcs/21/u2145461/.local/lib/python3.12/site-packages (3.10.1)
Requirement already satisfied: contourpy>=1.0.1 in /dcs/21/u2145461/.local/lib/python3.12/site-packages (from matplotlib) (1.3.1)
Requirement already satisfied: cycler>=0.10 in /dcs/21/u2145461/.local/lib/python3.12/site-packages (from matplotlib) (0.12.1)
Requirement already satisfied: fonttools>=4.22.0 in /dcs/21/u2145461/.local/lib/python3.12/site-packages (from matplotlib) (4.56.0)
Requirement already satisfied: kiwisolver>=1.3.1 in /dcs/21/u2145461/.local/lib/python3.12/site-packages (from matplotlib) (1.4.8)
Requirement already satisfied: numpy>=1.23 in /dcs/21/u2145461/.local/lib/python3.12/site-packages (from matplotlib) (2.2.3)
Requirement already satisfied: packaging>=20.0 in /dcs/21/u2145461/.local/lib/python3.12/site-packages (from matplotlib) (24.2)
Requirement already satisfied: pillow>=8 in /dcs/21/u2145461/.local/lib/python3.12/site-packages (from matplotlib) (11.0.0)
Requirement already satisfied: pyparsing>=2.3.1 in /dcs/21/u2145461/.local/lib/python3.12/site-packages (from matplotlib) (3.2.1)
Requirement already satisfied: python-dateutil>=2.7 in /dcs/21/u2145461/.local/lib/python3.12/site-packages (from matplotlib) (2.9.0.post0)
Requirement already satisfied: six>=1.5 in /dcs/21/u2145461/.local/lib/python3.12/site-packages (from python-dateutil>=2.7->matplotlib) (1.17.0)
Requirement already satisfied: quadprog in /dcs/21/u2145461/.local/lib/python3.12/site-packages (0.1.13)
Requirement already satisfied: numpy in /dcs/21/u2145461/.local/lib/python3.12/site-packages (from quadprog) (2.2.3)
Requirement already satisfied: pyparsing in /dcs/21/u2145461/.local/lib/python3.12/site-packages (3.2.1)
Wed Mar  5 21:16:12 2025       
+-----------------------------------------------------------------------------------------+
| NVIDIA-SMI 550.144.03             Driver Version: 550.144.03     CUDA Version: 12.4     |
|-----------------------------------------+------------------------+----------------------+
| GPU  Name                 Persistence-M | Bus-Id          Disp.A | Volatile Uncorr. ECC |
| Fan  Temp   Perf          Pwr:Usage/Cap |           Memory-Usage | GPU-Util  Compute M. |
|                                         |                        |               MIG M. |
|=========================================+========================+======================|
|   0  NVIDIA A10                     On  |   00000000:25:00.0 Off |                    0 |
|  0%   33C    P8             15W /  150W |       1MiB /  23028MiB |      0%      Default |
|                                         |                        |                  N/A |
+-----------------------------------------+------------------------+----------------------+
                                                                                         
+-----------------------------------------------------------------------------------------+
| Processes:                                                                              |
|  GPU   GI   CI        PID   Type   Process name                              GPU Memory |
|        ID   ID                                                               Usage      |
|=========================================================================================|
|  No running processes found                                                             |
+-----------------------------------------------------------------------------------------+
Python 3.12.8
./cifar-100-python/train
./cifar-100-python/test
100
cifar-100-python/train
cifar-100-python/test
new ordering of classes:  ['orchids', 'oranges', 'sweet peppers', 'boy', 'pickup truck', 'ray', 'bottles', 'mushrooms', 'train', 'clock', 'leopard', 'trout', 'lizard', 'porcupine', 'squirrel', 'whale', 'mouse', 'cattle', 'otter', 'snail', 'beaver', 'telephone', 'maple', 'cockroach', 'poppies', 'pears', 'bus', 'bear', 'turtle', 'seal', 'cloud', 'flatfish', 'possum', 'worm', 'road', 'tractor', 'wolf', 'wardrobe', 'girl', 'spider', 'camel', 'lamp', 'table', 'tulips', 'sea', 'roses', 'television', 'couch', 'rocket', 'bowls', 'crab', 'snake', 'chair', 'castle', 'bed', 'shark', 'cups', 'lion', 'bee', 'sunflowers', 'raccoon', 'baby', 'dolphin', 'mountain', 'tiger', 'forest', 'pine', 'skunk', 'skyscraper', 'tank', 'fox', 'chimpanzee', 'crocodile', 'lawn-mower', 'willow', 'streetcar', 'hamster', 'dinosaur', 'man', 'plain', 'house', 'butterfly', 'bicycle', 'cans', 'apples', 'motorcycle', 'elephant', 'rabbit', 'lobster', 'plates', 'aquarium fish', 'kangaroo', 'woman', 'palm', 'beetle', 'bridge', 'caterpillar', 'oak', 'shrew', 'computer keyboard']
Training task:  1
Training task:  2
Training task:  3
Training task:  4
Training task:  5
Training task:  6
Training task:  7
Training task:  8
Training task:  9
Training task:  10
Training task:  11
Training task:  12
Training task:  13
Training task:  14
Training task:  15
Training task:  16
Training task:  17
Training task:  18
Training task:  19
Training task:  20
Unlearning task:  20
Total correct retain:  1538  Total retain:  2500
Total correct forget:  36669  Total forget:  47500
Total correct test:  301  Total test:  500
Total correct forget test:  6460  Total test forget:  9500
Total correct retain:  377  Total retain:  2500
Total correct forget:  10037  Total forget:  47500
Total correct test:  76  Total test:  500
Total correct forget test:  2004  Total test forget:  9500
Total correct retain:  482  Total retain:  2500
Total correct forget:  9789  Total forget:  47500
Total correct test:  102  Total test:  500
Total correct forget test:  1967  Total test forget:  9500
Total correct retain:  500  Total retain:  2500
Total correct forget:  9500  Total forget:  47500
Total correct test:  100  Total test:  500
Total correct forget test:  1900  Total test forget:  9500
Total correct retain:  505  Total retain:  2500
Total correct forget:  9423  Total forget:  47500
Total correct test:  102  Total test:  500
Total correct forget test:  1882  Total test forget:  9500
Total correct retain:  500  Total retain:  2500
Total correct forget:  9500  Total forget:  47500
Total correct test:  100  Total test:  500
Total correct forget test:  1900  Total test forget:  9500
Total correct retain:  500  Total retain:  2500
Total correct forget:  9500  Total forget:  47500
Total correct test:  100  Total test:  500
Total correct forget test:  1900  Total test forget:  9500
