Requirement already satisfied: pyyaml in /usr/lib64/python3.12/site-packages (6.0.1)
Requirement already satisfied: setuptools in /usr/lib/python3.12/site-packages (68.2.2)
Requirement already satisfied: matplotlib in /dcs/21/u2145461/.local/lib/python3.12/site-packages (3.10.1)
Requirement already satisfied: contourpy>=1.0.1 in /dcs/21/u2145461/.local/lib/python3.12/site-packages (from matplotlib) (1.3.1)
Requirement already satisfied: cycler>=0.10 in /dcs/21/u2145461/.local/lib/python3.12/site-packages (from matplotlib) (0.12.1)
Requirement already satisfied: fonttools>=4.22.0 in /dcs/21/u2145461/.local/lib/python3.12/site-packages (from matplotlib) (4.56.0)
Requirement already satisfied: kiwisolver>=1.3.1 in /dcs/21/u2145461/.local/lib/python3.12/site-packages (from matplotlib) (1.4.8)
Requirement already satisfied: numpy>=1.23 in /dcs/21/u2145461/.local/lib/python3.12/site-packages (from matplotlib) (2.2.3)
Requirement already satisfied: packaging>=20.0 in /dcs/21/u2145461/.local/lib/python3.12/site-packages (from matplotlib) (24.2)
Requirement already satisfied: pillow>=8 in /dcs/21/u2145461/.local/lib/python3.12/site-packages (from matplotlib) (11.0.0)
Requirement already satisfied: pyparsing>=2.3.1 in /dcs/21/u2145461/.local/lib/python3.12/site-packages (from matplotlib) (3.2.1)
Requirement already satisfied: python-dateutil>=2.7 in /dcs/21/u2145461/.local/lib/python3.12/site-packages (from matplotlib) (2.9.0.post0)
Requirement already satisfied: six>=1.5 in /dcs/21/u2145461/.local/lib/python3.12/site-packages (from python-dateutil>=2.7->matplotlib) (1.17.0)
Requirement already satisfied: quadprog in /dcs/21/u2145461/.local/lib/python3.12/site-packages (0.1.13)
Requirement already satisfied: numpy in /dcs/21/u2145461/.local/lib/python3.12/site-packages (from quadprog) (2.2.3)
Requirement already satisfied: pyparsing in /dcs/21/u2145461/.local/lib/python3.12/site-packages (3.2.1)
Requirement already satisfied: pandas in /dcs/21/u2145461/.local/lib/python3.12/site-packages (2.2.3)
Requirement already satisfied: numpy>=1.26.0 in /dcs/21/u2145461/.local/lib/python3.12/site-packages (from pandas) (2.2.3)
Requirement already satisfied: python-dateutil>=2.8.2 in /dcs/21/u2145461/.local/lib/python3.12/site-packages (from pandas) (2.9.0.post0)
Requirement already satisfied: pytz>=2020.1 in /dcs/21/u2145461/.local/lib/python3.12/site-packages (from pandas) (2025.1)
Requirement already satisfied: tzdata>=2022.7 in /dcs/21/u2145461/.local/lib/python3.12/site-packages (from pandas) (2025.1)
Requirement already satisfied: six>=1.5 in /dcs/21/u2145461/.local/lib/python3.12/site-packages (from python-dateutil>=2.8.2->pandas) (1.17.0)
Requirement already satisfied: numpy in /dcs/21/u2145461/.local/lib/python3.12/site-packages (2.2.3)
Sat Apr  5 21:04:41 2025       
+-----------------------------------------------------------------------------------------+
| NVIDIA-SMI 550.144.03             Driver Version: 550.144.03     CUDA Version: 12.4     |
|-----------------------------------------+------------------------+----------------------+
| GPU  Name                 Persistence-M | Bus-Id          Disp.A | Volatile Uncorr. ECC |
| Fan  Temp   Perf          Pwr:Usage/Cap |           Memory-Usage | GPU-Util  Compute M. |
|                                         |                        |               MIG M. |
|=========================================+========================+======================|
|   0  NVIDIA A10                     On  |   00000000:25:00.0 Off |                    0 |
|  0%   23C    P8             15W /  150W |       1MiB /  23028MiB |      0%      Default |
|                                         |                        |                  N/A |
+-----------------------------------------+------------------------+----------------------+
                                                                                         
+-----------------------------------------------------------------------------------------+
| Processes:                                                                              |
|  GPU   GI   CI        PID   Type   Process name                              GPU Memory |
|        ID   ID                                                               Usage      |
|=========================================================================================|
|  No running processes found                                                             |
+-----------------------------------------------------------------------------------------+
Python 3.12.8
./cifar-100-python/train
./cifar-100-python/test
Unlearn Batch Size:  16
Unlearn MEM Strength:  0.6
cifar-100-python/train
cifar-100-python/test
new ordering of classes:  ['trout', 'bed', 'lion', 'willow', 'pears', 'roses', 'turtle', 'hamster', 'apples', 'cockroach', 'oak', 'caterpillar', 'computer keyboard', 'bicycle', 'lamp', 'elephant', 'castle', 'flatfish', 'snake', 'chair', 'cattle', 'crocodile', 'shrew', 'wolf', 'skyscraper', 'whale', 'oranges', 'cloud', 'bear', 'bottles', 'tractor', 'bus', 'motorcycle', 'tulips', 'skunk', 'mushrooms', 'bee', 'baby', 'tiger', 'mountain', 'forest', 'plates', 'television', 'bridge', 'lobster', 'girl', 'pickup truck', 'dolphin', 'squirrel', 'pine', 'train', 'possum', 'leopard', 'crab', 'butterfly', 'raccoon', 'road', 'rabbit', 'streetcar', 'chimpanzee', 'orchids', 'cans', 'rocket', 'kangaroo', 'fox', 'plain', 'camel', 'boy', 'sea', 'wardrobe', 'man', 'clock', 'porcupine', 'lizard', 'ray', 'worm', 'dinosaur', 'woman', 'table', 'palm', 'sweet peppers', 'tank', 'otter', 'mouse', 'sunflowers', 'spider', 'house', 'poppies', 'shark', 'beetle', 'telephone', 'beaver', 'maple', 'couch', 'lawn-mower', 'bowls', 'seal', 'aquarium fish', 'cups', 'snail']
Training task:  1
[0.59, 0.198, 0.158, 0.072, 0.216, 0.118, 0.252, 0.124, 0.212, 0.174, 0.2, 0.204, 0.216, 0.186, 0.158, 0.206, 0.22, 0.148, 0.192, 0.236]
Training task:  2
[0.514, 0.702, 0.174, 0.138, 0.184, 0.224, 0.17, 0.212, 0.246, 0.2, 0.2, 0.216, 0.162, 0.216, 0.236, 0.176, 0.128, 0.158, 0.23, 0.166]
Training task:  3
[0.42, 0.478, 0.45, 0.184, 0.212, 0.138, 0.146, 0.144, 0.276, 0.202, 0.2, 0.198, 0.246, 0.226, 0.202, 0.182, 0.202, 0.092, 0.222, 0.19]
Training task:  4
[0.618, 0.644, 0.626, 0.692, 0.142, 0.208, 0.19, 0.154, 0.224, 0.18, 0.2, 0.18, 0.164, 0.308, 0.242, 0.186, 0.154, 0.094, 0.254, 0.206]
Training task:  5
[0.584, 0.62, 0.658, 0.672, 0.684, 0.144, 0.204, 0.096, 0.234, 0.176, 0.2, 0.168, 0.244, 0.232, 0.224, 0.234, 0.176, 0.132, 0.27, 0.212]
Training task:  6
[0.676, 0.706, 0.646, 0.604, 0.642, 0.838, 0.29, 0.16, 0.276, 0.184, 0.2, 0.17, 0.222, 0.258, 0.236, 0.228, 0.15, 0.056, 0.264, 0.198]
Training task:  7
[0.68, 0.71, 0.694, 0.658, 0.672, 0.768, 0.768, 0.172, 0.264, 0.176, 0.2, 0.196, 0.276, 0.208, 0.196, 0.178, 0.152, 0.062, 0.32, 0.2]
Training task:  8
[0.542, 0.61, 0.546, 0.562, 0.576, 0.604, 0.594, 0.65, 0.214, 0.184, 0.2, 0.276, 0.19, 0.242, 0.26, 0.198, 0.192, 0.074, 0.292, 0.186]
Training task:  9
[0.654, 0.748, 0.652, 0.658, 0.634, 0.776, 0.676, 0.648, 0.672, 0.184, 0.2, 0.168, 0.18, 0.264, 0.228, 0.2, 0.194, 0.054, 0.288, 0.204]
Training task:  10
[0.69, 0.714, 0.658, 0.672, 0.654, 0.762, 0.646, 0.64, 0.67, 0.708, 0.2, 0.198, 0.202, 0.196, 0.208, 0.252, 0.228, 0.062, 0.312, 0.166]
Training task:  11
[0.632, 0.584, 0.62, 0.598, 0.604, 0.684, 0.628, 0.584, 0.572, 0.606, 0.596, 0.168, 0.222, 0.232, 0.242, 0.226, 0.19, 0.12, 0.316, 0.228]
Training task:  12
[0.606, 0.604, 0.644, 0.594, 0.576, 0.648, 0.628, 0.618, 0.58, 0.666, 0.53, 0.712, 0.218, 0.198, 0.234, 0.24, 0.164, 0.122, 0.316, 0.196]
Training task:  13
[0.66, 0.712, 0.648, 0.63, 0.654, 0.752, 0.638, 0.62, 0.602, 0.634, 0.584, 0.646, 0.714, 0.25, 0.236, 0.214, 0.19, 0.068, 0.23, 0.21]
Training task:  14
[0.684, 0.696, 0.678, 0.688, 0.65, 0.794, 0.656, 0.64, 0.666, 0.658, 0.544, 0.672, 0.688, 0.786, 0.234, 0.246, 0.21, 0.058, 0.236, 0.176]
Training task:  15
[0.66, 0.682, 0.656, 0.642, 0.646, 0.758, 0.608, 0.614, 0.652, 0.652, 0.5, 0.65, 0.642, 0.756, 0.64, 0.244, 0.196, 0.082, 0.248, 0.17]
Training task:  16
[0.676, 0.708, 0.672, 0.622, 0.596, 0.756, 0.588, 0.632, 0.634, 0.612, 0.526, 0.638, 0.594, 0.588, 0.594, 0.674, 0.158, 0.082, 0.276, 0.19]
Training task:  17
[0.63, 0.698, 0.64, 0.64, 0.644, 0.748, 0.624, 0.612, 0.634, 0.68, 0.534, 0.642, 0.686, 0.736, 0.616, 0.64, 0.73, 0.096, 0.274, 0.188]
Training task:  18
[0.632, 0.676, 0.648, 0.564, 0.638, 0.754, 0.576, 0.572, 0.602, 0.618, 0.51, 0.608, 0.634, 0.706, 0.592, 0.638, 0.65, 0.762, 0.288, 0.186]
Training task:  19
[0.676, 0.694, 0.65, 0.61, 0.62, 0.746, 0.606, 0.602, 0.612, 0.644, 0.504, 0.614, 0.652, 0.724, 0.584, 0.658, 0.694, 0.706, 0.742, 0.174]
Training task:  20
[0.614, 0.684, 0.648, 0.564, 0.556, 0.746, 0.606, 0.558, 0.616, 0.598, 0.438, 0.592, 0.664, 0.678, 0.542, 0.614, 0.61, 0.668, 0.688, 0.642]
Unlearning task:  20
Total correct retain:  1740  Total retain:  2500
Total correct forget:  34135  Total forget:  47500
Total correct test:  307  Total test:  500
Total correct forget test:  5856  Total test forget:  9500
[0.614]
[0.614, 0.684]
[0.614, 0.684, 0.648]
[0.614, 0.684, 0.648, 0.564]
[0.614, 0.684, 0.648, 0.564, 0.556]
[0.614, 0.684, 0.648, 0.564, 0.556, 0.746]
[0.614, 0.684, 0.648, 0.564, 0.556, 0.746, 0.606]
[0.614, 0.684, 0.648, 0.564, 0.556, 0.746, 0.606, 0.558]
[0.614, 0.684, 0.648, 0.564, 0.556, 0.746, 0.606, 0.558, 0.616]
[0.614, 0.684, 0.648, 0.564, 0.556, 0.746, 0.606, 0.558, 0.616, 0.598]
[0.614, 0.684, 0.648, 0.564, 0.556, 0.746, 0.606, 0.558, 0.616, 0.598, 0.438]
[0.614, 0.684, 0.648, 0.564, 0.556, 0.746, 0.606, 0.558, 0.616, 0.598, 0.438, 0.592]
[0.614, 0.684, 0.648, 0.564, 0.556, 0.746, 0.606, 0.558, 0.616, 0.598, 0.438, 0.592, 0.664]
[0.614, 0.684, 0.648, 0.564, 0.556, 0.746, 0.606, 0.558, 0.616, 0.598, 0.438, 0.592, 0.664, 0.678]
[0.614, 0.684, 0.648, 0.564, 0.556, 0.746, 0.606, 0.558, 0.616, 0.598, 0.438, 0.592, 0.664, 0.678, 0.542]
[0.614, 0.684, 0.648, 0.564, 0.556, 0.746, 0.606, 0.558, 0.616, 0.598, 0.438, 0.592, 0.664, 0.678, 0.542, 0.614]
[0.614, 0.684, 0.648, 0.564, 0.556, 0.746, 0.606, 0.558, 0.616, 0.598, 0.438, 0.592, 0.664, 0.678, 0.542, 0.614, 0.61]
[0.614, 0.684, 0.648, 0.564, 0.556, 0.746, 0.606, 0.558, 0.616, 0.598, 0.438, 0.592, 0.664, 0.678, 0.542, 0.614, 0.61, 0.668]
[0.614, 0.684, 0.648, 0.564, 0.556, 0.746, 0.606, 0.558, 0.616, 0.598, 0.438, 0.592, 0.664, 0.678, 0.542, 0.614, 0.61, 0.668, 0.688]
[0.614, 0.684, 0.648, 0.564, 0.556, 0.746, 0.606, 0.558, 0.616, 0.598, 0.438, 0.592, 0.664, 0.678, 0.542, 0.614, 0.61, 0.668, 0.688, 0.642]
broken out of loop
Total correct retain:  1576  Total retain:  2500
Total correct forget:  28445  Total forget:  47500
Total correct test:  278  Total test:  500
Total correct forget test:  5239  Total test forget:  9500
[0.556]
[0.556, 0.618]
[0.556, 0.618, 0.552]
[0.556, 0.618, 0.552, 0.486]
[0.556, 0.618, 0.552, 0.486, 0.586]
[0.556, 0.618, 0.552, 0.486, 0.586, 0.78]
[0.556, 0.618, 0.552, 0.486, 0.586, 0.78, 0.54]
[0.556, 0.618, 0.552, 0.486, 0.586, 0.78, 0.54, 0.536]
[0.556, 0.618, 0.552, 0.486, 0.586, 0.78, 0.54, 0.536, 0.544]
[0.556, 0.618, 0.552, 0.486, 0.586, 0.78, 0.54, 0.536, 0.544, 0.49]
[0.556, 0.618, 0.552, 0.486, 0.586, 0.78, 0.54, 0.536, 0.544, 0.49, 0.432]
[0.556, 0.618, 0.552, 0.486, 0.586, 0.78, 0.54, 0.536, 0.544, 0.49, 0.432, 0.544]
[0.556, 0.618, 0.552, 0.486, 0.586, 0.78, 0.54, 0.536, 0.544, 0.49, 0.432, 0.544, 0.566]
[0.556, 0.618, 0.552, 0.486, 0.586, 0.78, 0.54, 0.536, 0.544, 0.49, 0.432, 0.544, 0.566, 0.636]
[0.556, 0.618, 0.552, 0.486, 0.586, 0.78, 0.54, 0.536, 0.544, 0.49, 0.432, 0.544, 0.566, 0.636, 0.504]
[0.556, 0.618, 0.552, 0.486, 0.586, 0.78, 0.54, 0.536, 0.544, 0.49, 0.432, 0.544, 0.566, 0.636, 0.504, 0.548]
[0.556, 0.618, 0.552, 0.486, 0.586, 0.78, 0.54, 0.536, 0.544, 0.49, 0.432, 0.544, 0.566, 0.636, 0.504, 0.548, 0.536]
[0.556, 0.618, 0.552, 0.486, 0.586, 0.78, 0.54, 0.536, 0.544, 0.49, 0.432, 0.544, 0.566, 0.636, 0.504, 0.548, 0.536, 0.582]
[0.556, 0.618, 0.552, 0.486, 0.586, 0.78, 0.54, 0.536, 0.544, 0.49, 0.432, 0.544, 0.566, 0.636, 0.504, 0.548, 0.536, 0.582, 0.588]
[0.556, 0.618, 0.552, 0.486, 0.586, 0.78, 0.54, 0.536, 0.544, 0.49, 0.432, 0.544, 0.566, 0.636, 0.504, 0.548, 0.536, 0.582, 0.588, 0.41]
broken out of loop
Total correct retain:  1618  Total retain:  2500
Total correct forget:  27564  Total forget:  47500
Total correct test:  297  Total test:  500
Total correct forget test:  5296  Total test forget:  9500
[0.594]
[0.594, 0.642]
[0.594, 0.642, 0.566]
[0.594, 0.642, 0.566, 0.594]
[0.594, 0.642, 0.566, 0.594, 0.616]
[0.594, 0.642, 0.566, 0.594, 0.616, 0.73]
[0.594, 0.642, 0.566, 0.594, 0.616, 0.73, 0.618]
[0.594, 0.642, 0.566, 0.594, 0.616, 0.73, 0.618, 0.566]
[0.594, 0.642, 0.566, 0.594, 0.616, 0.73, 0.618, 0.566, 0.578]
[0.594, 0.642, 0.566, 0.594, 0.616, 0.73, 0.618, 0.566, 0.578, 0.526]
[0.594, 0.642, 0.566, 0.594, 0.616, 0.73, 0.618, 0.566, 0.578, 0.526, 0.474]
[0.594, 0.642, 0.566, 0.594, 0.616, 0.73, 0.618, 0.566, 0.578, 0.526, 0.474, 0.55]
[0.594, 0.642, 0.566, 0.594, 0.616, 0.73, 0.618, 0.566, 0.578, 0.526, 0.474, 0.55, 0.56]
[0.594, 0.642, 0.566, 0.594, 0.616, 0.73, 0.618, 0.566, 0.578, 0.526, 0.474, 0.55, 0.56, 0.616]
[0.594, 0.642, 0.566, 0.594, 0.616, 0.73, 0.618, 0.566, 0.578, 0.526, 0.474, 0.55, 0.56, 0.616, 0.51]
[0.594, 0.642, 0.566, 0.594, 0.616, 0.73, 0.618, 0.566, 0.578, 0.526, 0.474, 0.55, 0.56, 0.616, 0.51, 0.526]
[0.594, 0.642, 0.566, 0.594, 0.616, 0.73, 0.618, 0.566, 0.578, 0.526, 0.474, 0.55, 0.56, 0.616, 0.51, 0.526, 0.602]
[0.594, 0.642, 0.566, 0.594, 0.616, 0.73, 0.618, 0.566, 0.578, 0.526, 0.474, 0.55, 0.56, 0.616, 0.51, 0.526, 0.602, 0.566]
[0.594, 0.642, 0.566, 0.594, 0.616, 0.73, 0.618, 0.566, 0.578, 0.526, 0.474, 0.55, 0.56, 0.616, 0.51, 0.526, 0.602, 0.566, 0.412]
[0.594, 0.642, 0.566, 0.594, 0.616, 0.73, 0.618, 0.566, 0.578, 0.526, 0.474, 0.55, 0.56, 0.616, 0.51, 0.526, 0.602, 0.566, 0.412, 0.34]
Total correct retain:  1559  Total retain:  2500
Total correct forget:  26720  Total forget:  47500
Total correct test:  285  Total test:  500
Total correct forget test:  5087  Total test forget:  9500
[0.57]
[0.57, 0.676]
[0.57, 0.676, 0.53]
[0.57, 0.676, 0.53, 0.578]
[0.57, 0.676, 0.53, 0.578, 0.568]
[0.57, 0.676, 0.53, 0.578, 0.568, 0.702]
[0.57, 0.676, 0.53, 0.578, 0.568, 0.702, 0.586]
[0.57, 0.676, 0.53, 0.578, 0.568, 0.702, 0.586, 0.552]
[0.57, 0.676, 0.53, 0.578, 0.568, 0.702, 0.586, 0.552, 0.514]
[0.57, 0.676, 0.53, 0.578, 0.568, 0.702, 0.586, 0.552, 0.514, 0.502]
[0.57, 0.676, 0.53, 0.578, 0.568, 0.702, 0.586, 0.552, 0.514, 0.502, 0.476]
[0.57, 0.676, 0.53, 0.578, 0.568, 0.702, 0.586, 0.552, 0.514, 0.502, 0.476, 0.59]
[0.57, 0.676, 0.53, 0.578, 0.568, 0.702, 0.586, 0.552, 0.514, 0.502, 0.476, 0.59, 0.562]
[0.57, 0.676, 0.53, 0.578, 0.568, 0.702, 0.586, 0.552, 0.514, 0.502, 0.476, 0.59, 0.562, 0.658]
[0.57, 0.676, 0.53, 0.578, 0.568, 0.702, 0.586, 0.552, 0.514, 0.502, 0.476, 0.59, 0.562, 0.658, 0.502]
[0.57, 0.676, 0.53, 0.578, 0.568, 0.702, 0.586, 0.552, 0.514, 0.502, 0.476, 0.59, 0.562, 0.658, 0.502, 0.564]
[0.57, 0.676, 0.53, 0.578, 0.568, 0.702, 0.586, 0.552, 0.514, 0.502, 0.476, 0.59, 0.562, 0.658, 0.502, 0.564, 0.61]
[0.57, 0.676, 0.53, 0.578, 0.568, 0.702, 0.586, 0.552, 0.514, 0.502, 0.476, 0.59, 0.562, 0.658, 0.502, 0.564, 0.61, 0.498]
[0.57, 0.676, 0.53, 0.578, 0.568, 0.702, 0.586, 0.552, 0.514, 0.502, 0.476, 0.59, 0.562, 0.658, 0.502, 0.564, 0.61, 0.498, 0.236]
[0.57, 0.676, 0.53, 0.578, 0.568, 0.702, 0.586, 0.552, 0.514, 0.502, 0.476, 0.59, 0.562, 0.658, 0.502, 0.564, 0.61, 0.498, 0.236, 0.27]
Total correct retain:  1407  Total retain:  2500
Total correct forget:  24116  Total forget:  47500
Total correct test:  275  Total test:  500
Total correct forget test:  4698  Total test forget:  9500
[0.55]
[0.55, 0.56]
[0.55, 0.56, 0.524]
[0.55, 0.56, 0.524, 0.53]
[0.55, 0.56, 0.524, 0.53, 0.496]
[0.55, 0.56, 0.524, 0.53, 0.496, 0.632]
[0.55, 0.56, 0.524, 0.53, 0.496, 0.632, 0.55]
[0.55, 0.56, 0.524, 0.53, 0.496, 0.632, 0.55, 0.584]
[0.55, 0.56, 0.524, 0.53, 0.496, 0.632, 0.55, 0.584, 0.548]
[0.55, 0.56, 0.524, 0.53, 0.496, 0.632, 0.55, 0.584, 0.548, 0.464]
[0.55, 0.56, 0.524, 0.53, 0.496, 0.632, 0.55, 0.584, 0.548, 0.464, 0.48]
[0.55, 0.56, 0.524, 0.53, 0.496, 0.632, 0.55, 0.584, 0.548, 0.464, 0.48, 0.528]
[0.55, 0.56, 0.524, 0.53, 0.496, 0.632, 0.55, 0.584, 0.548, 0.464, 0.48, 0.528, 0.52]
[0.55, 0.56, 0.524, 0.53, 0.496, 0.632, 0.55, 0.584, 0.548, 0.464, 0.48, 0.528, 0.52, 0.58]
[0.55, 0.56, 0.524, 0.53, 0.496, 0.632, 0.55, 0.584, 0.548, 0.464, 0.48, 0.528, 0.52, 0.58, 0.508]
[0.55, 0.56, 0.524, 0.53, 0.496, 0.632, 0.55, 0.584, 0.548, 0.464, 0.48, 0.528, 0.52, 0.58, 0.508, 0.51]
[0.55, 0.56, 0.524, 0.53, 0.496, 0.632, 0.55, 0.584, 0.548, 0.464, 0.48, 0.528, 0.52, 0.58, 0.508, 0.51, 0.44]
[0.55, 0.56, 0.524, 0.53, 0.496, 0.632, 0.55, 0.584, 0.548, 0.464, 0.48, 0.528, 0.52, 0.58, 0.508, 0.51, 0.44, 0.478]
[0.55, 0.56, 0.524, 0.53, 0.496, 0.632, 0.55, 0.584, 0.548, 0.464, 0.48, 0.528, 0.52, 0.58, 0.508, 0.51, 0.44, 0.478, 0.2]
[0.55, 0.56, 0.524, 0.53, 0.496, 0.632, 0.55, 0.584, 0.548, 0.464, 0.48, 0.528, 0.52, 0.58, 0.508, 0.51, 0.44, 0.478, 0.2, 0.264]
Total correct retain:  1473  Total retain:  2500
Total correct forget:  22952  Total forget:  47500
Total correct test:  280  Total test:  500
Total correct forget test:  4525  Total test forget:  9500
[0.56]
[0.56, 0.564]
[0.56, 0.564, 0.508]
[0.56, 0.564, 0.508, 0.604]
[0.56, 0.564, 0.508, 0.604, 0.546]
[0.56, 0.564, 0.508, 0.604, 0.546, 0.612]
[0.56, 0.564, 0.508, 0.604, 0.546, 0.612, 0.546]
[0.56, 0.564, 0.508, 0.604, 0.546, 0.612, 0.546, 0.55]
[0.56, 0.564, 0.508, 0.604, 0.546, 0.612, 0.546, 0.55, 0.54]
[0.56, 0.564, 0.508, 0.604, 0.546, 0.612, 0.546, 0.55, 0.54, 0.54]
[0.56, 0.564, 0.508, 0.604, 0.546, 0.612, 0.546, 0.55, 0.54, 0.54, 0.44]
[0.56, 0.564, 0.508, 0.604, 0.546, 0.612, 0.546, 0.55, 0.54, 0.54, 0.44, 0.554]
[0.56, 0.564, 0.508, 0.604, 0.546, 0.612, 0.546, 0.55, 0.54, 0.54, 0.44, 0.554, 0.434]
[0.56, 0.564, 0.508, 0.604, 0.546, 0.612, 0.546, 0.55, 0.54, 0.54, 0.44, 0.554, 0.434, 0.58]
[0.56, 0.564, 0.508, 0.604, 0.546, 0.612, 0.546, 0.55, 0.54, 0.54, 0.44, 0.554, 0.434, 0.58, 0.494]
[0.56, 0.564, 0.508, 0.604, 0.546, 0.612, 0.546, 0.55, 0.54, 0.54, 0.44, 0.554, 0.434, 0.58, 0.494, 0.382]
[0.56, 0.564, 0.508, 0.604, 0.546, 0.612, 0.546, 0.55, 0.54, 0.54, 0.44, 0.554, 0.434, 0.58, 0.494, 0.382, 0.34]
[0.56, 0.564, 0.508, 0.604, 0.546, 0.612, 0.546, 0.55, 0.54, 0.54, 0.44, 0.554, 0.434, 0.58, 0.494, 0.382, 0.34, 0.374]
[0.56, 0.564, 0.508, 0.604, 0.546, 0.612, 0.546, 0.55, 0.54, 0.54, 0.44, 0.554, 0.434, 0.58, 0.494, 0.382, 0.34, 0.374, 0.2]
[0.56, 0.564, 0.508, 0.604, 0.546, 0.612, 0.546, 0.55, 0.54, 0.54, 0.44, 0.554, 0.434, 0.58, 0.494, 0.382, 0.34, 0.374, 0.2, 0.242]
Total correct retain:  1477  Total retain:  2500
Total correct forget:  22788  Total forget:  47500
Total correct test:  265  Total test:  500
Total correct forget test:  4435  Total test forget:  9500
[0.53]
[0.53, 0.584]
[0.53, 0.584, 0.504]
[0.53, 0.584, 0.504, 0.568]
[0.53, 0.584, 0.504, 0.568, 0.534]
[0.53, 0.584, 0.504, 0.568, 0.534, 0.628]
[0.53, 0.584, 0.504, 0.568, 0.534, 0.628, 0.538]
[0.53, 0.584, 0.504, 0.568, 0.534, 0.628, 0.538, 0.562]
[0.53, 0.584, 0.504, 0.568, 0.534, 0.628, 0.538, 0.562, 0.532]
[0.53, 0.584, 0.504, 0.568, 0.534, 0.628, 0.538, 0.562, 0.532, 0.5]
[0.53, 0.584, 0.504, 0.568, 0.534, 0.628, 0.538, 0.562, 0.532, 0.5, 0.432]
[0.53, 0.584, 0.504, 0.568, 0.534, 0.628, 0.538, 0.562, 0.532, 0.5, 0.432, 0.556]
[0.53, 0.584, 0.504, 0.568, 0.534, 0.628, 0.538, 0.562, 0.532, 0.5, 0.432, 0.556, 0.452]
[0.53, 0.584, 0.504, 0.568, 0.534, 0.628, 0.538, 0.562, 0.532, 0.5, 0.432, 0.556, 0.452, 0.61]
[0.53, 0.584, 0.504, 0.568, 0.534, 0.628, 0.538, 0.562, 0.532, 0.5, 0.432, 0.556, 0.452, 0.61, 0.446]
[0.53, 0.584, 0.504, 0.568, 0.534, 0.628, 0.538, 0.562, 0.532, 0.5, 0.432, 0.556, 0.452, 0.61, 0.446, 0.33]
[0.53, 0.584, 0.504, 0.568, 0.534, 0.628, 0.538, 0.562, 0.532, 0.5, 0.432, 0.556, 0.452, 0.61, 0.446, 0.33, 0.272]
[0.53, 0.584, 0.504, 0.568, 0.534, 0.628, 0.538, 0.562, 0.532, 0.5, 0.432, 0.556, 0.452, 0.61, 0.446, 0.33, 0.272, 0.366]
[0.53, 0.584, 0.504, 0.568, 0.534, 0.628, 0.538, 0.562, 0.532, 0.5, 0.432, 0.556, 0.452, 0.61, 0.446, 0.33, 0.272, 0.366, 0.2]
[0.53, 0.584, 0.504, 0.568, 0.534, 0.628, 0.538, 0.562, 0.532, 0.5, 0.432, 0.556, 0.452, 0.61, 0.446, 0.33, 0.272, 0.366, 0.2, 0.256]
Total correct retain:  1491  Total retain:  2500
Total correct forget:  22709  Total forget:  47500
Total correct test:  275  Total test:  500
Total correct forget test:  4439  Total test forget:  9500
[0.55]
[0.55, 0.552]
[0.55, 0.552, 0.498]
[0.55, 0.552, 0.498, 0.624]
[0.55, 0.552, 0.498, 0.624, 0.544]
[0.55, 0.552, 0.498, 0.624, 0.544, 0.632]
[0.55, 0.552, 0.498, 0.624, 0.544, 0.632, 0.566]
[0.55, 0.552, 0.498, 0.624, 0.544, 0.632, 0.566, 0.602]
[0.55, 0.552, 0.498, 0.624, 0.544, 0.632, 0.566, 0.602, 0.588]
[0.55, 0.552, 0.498, 0.624, 0.544, 0.632, 0.566, 0.602, 0.588, 0.53]
[0.55, 0.552, 0.498, 0.624, 0.544, 0.632, 0.566, 0.602, 0.588, 0.53, 0.512]
[0.55, 0.552, 0.498, 0.624, 0.544, 0.632, 0.566, 0.602, 0.588, 0.53, 0.512, 0.598]
[0.55, 0.552, 0.498, 0.624, 0.544, 0.632, 0.566, 0.602, 0.588, 0.53, 0.512, 0.598, 0.484]
[0.55, 0.552, 0.498, 0.624, 0.544, 0.632, 0.566, 0.602, 0.588, 0.53, 0.512, 0.598, 0.484, 0.51]
[0.55, 0.552, 0.498, 0.624, 0.544, 0.632, 0.566, 0.602, 0.588, 0.53, 0.512, 0.598, 0.484, 0.51, 0.33]
[0.55, 0.552, 0.498, 0.624, 0.544, 0.632, 0.566, 0.602, 0.588, 0.53, 0.512, 0.598, 0.484, 0.51, 0.33, 0.284]
[0.55, 0.552, 0.498, 0.624, 0.544, 0.632, 0.566, 0.602, 0.588, 0.53, 0.512, 0.598, 0.484, 0.51, 0.33, 0.284, 0.21]
[0.55, 0.552, 0.498, 0.624, 0.544, 0.632, 0.566, 0.602, 0.588, 0.53, 0.512, 0.598, 0.484, 0.51, 0.33, 0.284, 0.21, 0.362]
[0.55, 0.552, 0.498, 0.624, 0.544, 0.632, 0.566, 0.602, 0.588, 0.53, 0.512, 0.598, 0.484, 0.51, 0.33, 0.284, 0.21, 0.362, 0.2]
[0.55, 0.552, 0.498, 0.624, 0.544, 0.632, 0.566, 0.602, 0.588, 0.53, 0.512, 0.598, 0.484, 0.51, 0.33, 0.284, 0.21, 0.362, 0.2, 0.252]
Total correct retain:  1571  Total retain:  2500
Total correct forget:  22721  Total forget:  47500
Total correct test:  288  Total test:  500
Total correct forget test:  4422  Total test forget:  9500
[0.576]
[0.576, 0.566]
[0.576, 0.566, 0.53]
[0.576, 0.566, 0.53, 0.608]
[0.576, 0.566, 0.53, 0.608, 0.546]
[0.576, 0.566, 0.53, 0.608, 0.546, 0.642]
[0.576, 0.566, 0.53, 0.608, 0.546, 0.642, 0.572]
[0.576, 0.566, 0.53, 0.608, 0.546, 0.642, 0.572, 0.622]
[0.576, 0.566, 0.53, 0.608, 0.546, 0.642, 0.572, 0.622, 0.588]
[0.576, 0.566, 0.53, 0.608, 0.546, 0.642, 0.572, 0.622, 0.588, 0.554]
[0.576, 0.566, 0.53, 0.608, 0.546, 0.642, 0.572, 0.622, 0.588, 0.554, 0.5]
[0.576, 0.566, 0.53, 0.608, 0.546, 0.642, 0.572, 0.622, 0.588, 0.554, 0.5, 0.604]
[0.576, 0.566, 0.53, 0.608, 0.546, 0.642, 0.572, 0.622, 0.588, 0.554, 0.5, 0.604, 0.476]
[0.576, 0.566, 0.53, 0.608, 0.546, 0.642, 0.572, 0.622, 0.588, 0.554, 0.5, 0.604, 0.476, 0.452]
[0.576, 0.566, 0.53, 0.608, 0.546, 0.642, 0.572, 0.622, 0.588, 0.554, 0.5, 0.604, 0.476, 0.452, 0.278]
[0.576, 0.566, 0.53, 0.608, 0.546, 0.642, 0.572, 0.622, 0.588, 0.554, 0.5, 0.604, 0.476, 0.452, 0.278, 0.276]
[0.576, 0.566, 0.53, 0.608, 0.546, 0.642, 0.572, 0.622, 0.588, 0.554, 0.5, 0.604, 0.476, 0.452, 0.278, 0.276, 0.2]
[0.576, 0.566, 0.53, 0.608, 0.546, 0.642, 0.572, 0.622, 0.588, 0.554, 0.5, 0.604, 0.476, 0.452, 0.278, 0.276, 0.2, 0.36]
[0.576, 0.566, 0.53, 0.608, 0.546, 0.642, 0.572, 0.622, 0.588, 0.554, 0.5, 0.604, 0.476, 0.452, 0.278, 0.276, 0.2, 0.36, 0.2]
[0.576, 0.566, 0.53, 0.608, 0.546, 0.642, 0.572, 0.622, 0.588, 0.554, 0.5, 0.604, 0.476, 0.452, 0.278, 0.276, 0.2, 0.36, 0.2, 0.27]
Total correct retain:  1558  Total retain:  2500
Total correct forget:  22458  Total forget:  47500
Total correct test:  287  Total test:  500
Total correct forget test:  4272  Total test forget:  9500
[0.574]
[0.574, 0.542]
[0.574, 0.542, 0.578]
[0.574, 0.542, 0.578, 0.594]
[0.574, 0.542, 0.578, 0.594, 0.54]
[0.574, 0.542, 0.578, 0.594, 0.54, 0.674]
[0.574, 0.542, 0.578, 0.594, 0.54, 0.674, 0.538]
[0.574, 0.542, 0.578, 0.594, 0.54, 0.674, 0.538, 0.584]
[0.574, 0.542, 0.578, 0.594, 0.54, 0.674, 0.538, 0.584, 0.55]
[0.574, 0.542, 0.578, 0.594, 0.54, 0.674, 0.538, 0.584, 0.55, 0.53]
[0.574, 0.542, 0.578, 0.594, 0.54, 0.674, 0.538, 0.584, 0.55, 0.53, 0.476]
[0.574, 0.542, 0.578, 0.594, 0.54, 0.674, 0.538, 0.584, 0.55, 0.53, 0.476, 0.504]
[0.574, 0.542, 0.578, 0.594, 0.54, 0.674, 0.538, 0.584, 0.55, 0.53, 0.476, 0.504, 0.482]
[0.574, 0.542, 0.578, 0.594, 0.54, 0.674, 0.538, 0.584, 0.55, 0.53, 0.476, 0.504, 0.482, 0.472]
[0.574, 0.542, 0.578, 0.594, 0.54, 0.674, 0.538, 0.584, 0.55, 0.53, 0.476, 0.504, 0.482, 0.472, 0.258]
[0.574, 0.542, 0.578, 0.594, 0.54, 0.674, 0.538, 0.584, 0.55, 0.53, 0.476, 0.504, 0.482, 0.472, 0.258, 0.236]
[0.574, 0.542, 0.578, 0.594, 0.54, 0.674, 0.538, 0.584, 0.55, 0.53, 0.476, 0.504, 0.482, 0.472, 0.258, 0.236, 0.2]
[0.574, 0.542, 0.578, 0.594, 0.54, 0.674, 0.538, 0.584, 0.55, 0.53, 0.476, 0.504, 0.482, 0.472, 0.258, 0.236, 0.2, 0.358]
[0.574, 0.542, 0.578, 0.594, 0.54, 0.674, 0.538, 0.584, 0.55, 0.53, 0.476, 0.504, 0.482, 0.472, 0.258, 0.236, 0.2, 0.358, 0.2]
[0.574, 0.542, 0.578, 0.594, 0.54, 0.674, 0.538, 0.584, 0.55, 0.53, 0.476, 0.504, 0.482, 0.472, 0.258, 0.236, 0.2, 0.358, 0.2, 0.228]
broken out of loop
Total correct retain:  1581  Total retain:  2500
Total correct forget:  22055  Total forget:  47500
Total correct test:  290  Total test:  500
Total correct forget test:  4209  Total test forget:  9500
[0.58]
[0.58, 0.568]
[0.58, 0.568, 0.57]
[0.58, 0.568, 0.57, 0.56]
[0.58, 0.568, 0.57, 0.56, 0.546]
[0.58, 0.568, 0.57, 0.56, 0.546, 0.66]
[0.58, 0.568, 0.57, 0.56, 0.546, 0.66, 0.522]
[0.58, 0.568, 0.57, 0.56, 0.546, 0.66, 0.522, 0.6]
[0.58, 0.568, 0.57, 0.56, 0.546, 0.66, 0.522, 0.6, 0.572]
[0.58, 0.568, 0.57, 0.56, 0.546, 0.66, 0.522, 0.6, 0.572, 0.55]
[0.58, 0.568, 0.57, 0.56, 0.546, 0.66, 0.522, 0.6, 0.572, 0.55, 0.334]
[0.58, 0.568, 0.57, 0.56, 0.546, 0.66, 0.522, 0.6, 0.572, 0.55, 0.334, 0.486]
[0.58, 0.568, 0.57, 0.56, 0.546, 0.66, 0.522, 0.6, 0.572, 0.55, 0.334, 0.486, 0.486]
[0.58, 0.568, 0.57, 0.56, 0.546, 0.66, 0.522, 0.6, 0.572, 0.55, 0.334, 0.486, 0.486, 0.484]
[0.58, 0.568, 0.57, 0.56, 0.546, 0.66, 0.522, 0.6, 0.572, 0.55, 0.334, 0.486, 0.486, 0.484, 0.24]
[0.58, 0.568, 0.57, 0.56, 0.546, 0.66, 0.522, 0.6, 0.572, 0.55, 0.334, 0.486, 0.486, 0.484, 0.24, 0.258]
[0.58, 0.568, 0.57, 0.56, 0.546, 0.66, 0.522, 0.6, 0.572, 0.55, 0.334, 0.486, 0.486, 0.484, 0.24, 0.258, 0.2]
[0.58, 0.568, 0.57, 0.56, 0.546, 0.66, 0.522, 0.6, 0.572, 0.55, 0.334, 0.486, 0.486, 0.484, 0.24, 0.258, 0.2, 0.354]
[0.58, 0.568, 0.57, 0.56, 0.546, 0.66, 0.522, 0.6, 0.572, 0.55, 0.334, 0.486, 0.486, 0.484, 0.24, 0.258, 0.2, 0.354, 0.2]
[0.58, 0.568, 0.57, 0.56, 0.546, 0.66, 0.522, 0.6, 0.572, 0.55, 0.334, 0.486, 0.486, 0.484, 0.24, 0.258, 0.2, 0.354, 0.2, 0.228]
Total correct retain:  1432  Total retain:  2500
Total correct forget:  20781  Total forget:  47500
Total correct test:  268  Total test:  500
Total correct forget test:  4015  Total test forget:  9500
[0.536]
[0.536, 0.644]
[0.536, 0.644, 0.554]
[0.536, 0.644, 0.554, 0.584]
[0.536, 0.644, 0.554, 0.584, 0.506]
[0.536, 0.644, 0.554, 0.584, 0.506, 0.658]
[0.536, 0.644, 0.554, 0.584, 0.506, 0.658, 0.542]
[0.536, 0.644, 0.554, 0.584, 0.506, 0.658, 0.542, 0.604]
[0.536, 0.644, 0.554, 0.584, 0.506, 0.658, 0.542, 0.604, 0.544]
[0.536, 0.644, 0.554, 0.584, 0.506, 0.658, 0.542, 0.604, 0.544, 0.37]
[0.536, 0.644, 0.554, 0.584, 0.506, 0.658, 0.542, 0.604, 0.544, 0.37, 0.26]
[0.536, 0.644, 0.554, 0.584, 0.506, 0.658, 0.542, 0.604, 0.544, 0.37, 0.26, 0.44]
[0.536, 0.644, 0.554, 0.584, 0.506, 0.658, 0.542, 0.604, 0.544, 0.37, 0.26, 0.44, 0.416]
[0.536, 0.644, 0.554, 0.584, 0.506, 0.658, 0.542, 0.604, 0.544, 0.37, 0.26, 0.44, 0.416, 0.494]
[0.536, 0.644, 0.554, 0.584, 0.506, 0.658, 0.542, 0.604, 0.544, 0.37, 0.26, 0.44, 0.416, 0.494, 0.238]
[0.536, 0.644, 0.554, 0.584, 0.506, 0.658, 0.542, 0.604, 0.544, 0.37, 0.26, 0.44, 0.416, 0.494, 0.238, 0.2]
[0.536, 0.644, 0.554, 0.584, 0.506, 0.658, 0.542, 0.604, 0.544, 0.37, 0.26, 0.44, 0.416, 0.494, 0.238, 0.2, 0.2]
[0.536, 0.644, 0.554, 0.584, 0.506, 0.658, 0.542, 0.604, 0.544, 0.37, 0.26, 0.44, 0.416, 0.494, 0.238, 0.2, 0.2, 0.358]
[0.536, 0.644, 0.554, 0.584, 0.506, 0.658, 0.542, 0.604, 0.544, 0.37, 0.26, 0.44, 0.416, 0.494, 0.238, 0.2, 0.2, 0.358, 0.2]
[0.536, 0.644, 0.554, 0.584, 0.506, 0.658, 0.542, 0.604, 0.544, 0.37, 0.26, 0.44, 0.416, 0.494, 0.238, 0.2, 0.2, 0.358, 0.2, 0.218]
broken out of loop
Total correct retain:  1378  Total retain:  2500
Total correct forget:  19893  Total forget:  47500
Total correct test:  277  Total test:  500
Total correct forget test:  3802  Total test forget:  9500
[0.554]
[0.554, 0.614]
[0.554, 0.614, 0.524]
[0.554, 0.614, 0.524, 0.604]
[0.554, 0.614, 0.524, 0.604, 0.488]
[0.554, 0.614, 0.524, 0.604, 0.488, 0.666]
[0.554, 0.614, 0.524, 0.604, 0.488, 0.666, 0.478]
[0.554, 0.614, 0.524, 0.604, 0.488, 0.666, 0.478, 0.592]
[0.554, 0.614, 0.524, 0.604, 0.488, 0.666, 0.478, 0.592, 0.36]
[0.554, 0.614, 0.524, 0.604, 0.488, 0.666, 0.478, 0.592, 0.36, 0.294]
[0.554, 0.614, 0.524, 0.604, 0.488, 0.666, 0.478, 0.592, 0.36, 0.294, 0.266]
[0.554, 0.614, 0.524, 0.604, 0.488, 0.666, 0.478, 0.592, 0.36, 0.294, 0.266, 0.37]
[0.554, 0.614, 0.524, 0.604, 0.488, 0.666, 0.478, 0.592, 0.36, 0.294, 0.266, 0.37, 0.43]
[0.554, 0.614, 0.524, 0.604, 0.488, 0.666, 0.478, 0.592, 0.36, 0.294, 0.266, 0.37, 0.43, 0.478]
[0.554, 0.614, 0.524, 0.604, 0.488, 0.666, 0.478, 0.592, 0.36, 0.294, 0.266, 0.37, 0.43, 0.478, 0.25]
[0.554, 0.614, 0.524, 0.604, 0.488, 0.666, 0.478, 0.592, 0.36, 0.294, 0.266, 0.37, 0.43, 0.478, 0.25, 0.234]
[0.554, 0.614, 0.524, 0.604, 0.488, 0.666, 0.478, 0.592, 0.36, 0.294, 0.266, 0.37, 0.43, 0.478, 0.25, 0.234, 0.2]
[0.554, 0.614, 0.524, 0.604, 0.488, 0.666, 0.478, 0.592, 0.36, 0.294, 0.266, 0.37, 0.43, 0.478, 0.25, 0.234, 0.2, 0.342]
[0.554, 0.614, 0.524, 0.604, 0.488, 0.666, 0.478, 0.592, 0.36, 0.294, 0.266, 0.37, 0.43, 0.478, 0.25, 0.234, 0.2, 0.342, 0.2]
[0.554, 0.614, 0.524, 0.604, 0.488, 0.666, 0.478, 0.592, 0.36, 0.294, 0.266, 0.37, 0.43, 0.478, 0.25, 0.234, 0.2, 0.342, 0.2, 0.214]
broken out of loop
Total correct retain:  500  Total retain:  2500
Total correct forget:  9500  Total forget:  47500
Total correct test:  100  Total test:  500
Total correct forget test:  1900  Total test forget:  9500
[0.2]
[0.2, 0.2]
[0.2, 0.2, 0.2]
[0.2, 0.2, 0.2, 0.2]
[0.2, 0.2, 0.2, 0.2, 0.2]
[0.2, 0.2, 0.2, 0.2, 0.2, 0.2]
[0.2, 0.2, 0.2, 0.2, 0.2, 0.2, 0.2]
[0.2, 0.2, 0.2, 0.2, 0.2, 0.2, 0.2, 0.2]
[0.2, 0.2, 0.2, 0.2, 0.2, 0.2, 0.2, 0.2, 0.2]
[0.2, 0.2, 0.2, 0.2, 0.2, 0.2, 0.2, 0.2, 0.2, 0.2]
[0.2, 0.2, 0.2, 0.2, 0.2, 0.2, 0.2, 0.2, 0.2, 0.2, 0.2]
[0.2, 0.2, 0.2, 0.2, 0.2, 0.2, 0.2, 0.2, 0.2, 0.2, 0.2, 0.2]
[0.2, 0.2, 0.2, 0.2, 0.2, 0.2, 0.2, 0.2, 0.2, 0.2, 0.2, 0.2, 0.2]
[0.2, 0.2, 0.2, 0.2, 0.2, 0.2, 0.2, 0.2, 0.2, 0.2, 0.2, 0.2, 0.2, 0.2]
[0.2, 0.2, 0.2, 0.2, 0.2, 0.2, 0.2, 0.2, 0.2, 0.2, 0.2, 0.2, 0.2, 0.2, 0.2]
[0.2, 0.2, 0.2, 0.2, 0.2, 0.2, 0.2, 0.2, 0.2, 0.2, 0.2, 0.2, 0.2, 0.2, 0.2, 0.2]
[0.2, 0.2, 0.2, 0.2, 0.2, 0.2, 0.2, 0.2, 0.2, 0.2, 0.2, 0.2, 0.2, 0.2, 0.2, 0.2, 0.2]
[0.2, 0.2, 0.2, 0.2, 0.2, 0.2, 0.2, 0.2, 0.2, 0.2, 0.2, 0.2, 0.2, 0.2, 0.2, 0.2, 0.2, 0.2]
[0.2, 0.2, 0.2, 0.2, 0.2, 0.2, 0.2, 0.2, 0.2, 0.2, 0.2, 0.2, 0.2, 0.2, 0.2, 0.2, 0.2, 0.2, 0.2]
[0.2, 0.2, 0.2, 0.2, 0.2, 0.2, 0.2, 0.2, 0.2, 0.2, 0.2, 0.2, 0.2, 0.2, 0.2, 0.2, 0.2, 0.2, 0.2, 0.2]
broken out of loop
Total correct retain:  500  Total retain:  2500
Total correct forget:  9500  Total forget:  47500
Total correct test:  100  Total test:  500
Total correct forget test:  1900  Total test forget:  9500
[0.2]
[0.2, 0.2]
[0.2, 0.2, 0.2]
[0.2, 0.2, 0.2, 0.2]
[0.2, 0.2, 0.2, 0.2, 0.2]
[0.2, 0.2, 0.2, 0.2, 0.2, 0.2]
[0.2, 0.2, 0.2, 0.2, 0.2, 0.2, 0.2]
[0.2, 0.2, 0.2, 0.2, 0.2, 0.2, 0.2, 0.2]
[0.2, 0.2, 0.2, 0.2, 0.2, 0.2, 0.2, 0.2, 0.2]
[0.2, 0.2, 0.2, 0.2, 0.2, 0.2, 0.2, 0.2, 0.2, 0.2]
[0.2, 0.2, 0.2, 0.2, 0.2, 0.2, 0.2, 0.2, 0.2, 0.2, 0.2]
[0.2, 0.2, 0.2, 0.2, 0.2, 0.2, 0.2, 0.2, 0.2, 0.2, 0.2, 0.2]
[0.2, 0.2, 0.2, 0.2, 0.2, 0.2, 0.2, 0.2, 0.2, 0.2, 0.2, 0.2, 0.2]
[0.2, 0.2, 0.2, 0.2, 0.2, 0.2, 0.2, 0.2, 0.2, 0.2, 0.2, 0.2, 0.2, 0.2]
[0.2, 0.2, 0.2, 0.2, 0.2, 0.2, 0.2, 0.2, 0.2, 0.2, 0.2, 0.2, 0.2, 0.2, 0.2]
[0.2, 0.2, 0.2, 0.2, 0.2, 0.2, 0.2, 0.2, 0.2, 0.2, 0.2, 0.2, 0.2, 0.2, 0.2, 0.2]
[0.2, 0.2, 0.2, 0.2, 0.2, 0.2, 0.2, 0.2, 0.2, 0.2, 0.2, 0.2, 0.2, 0.2, 0.2, 0.2, 0.2]
[0.2, 0.2, 0.2, 0.2, 0.2, 0.2, 0.2, 0.2, 0.2, 0.2, 0.2, 0.2, 0.2, 0.2, 0.2, 0.2, 0.2, 0.2]
[0.2, 0.2, 0.2, 0.2, 0.2, 0.2, 0.2, 0.2, 0.2, 0.2, 0.2, 0.2, 0.2, 0.2, 0.2, 0.2, 0.2, 0.2, 0.2]
[0.2, 0.2, 0.2, 0.2, 0.2, 0.2, 0.2, 0.2, 0.2, 0.2, 0.2, 0.2, 0.2, 0.2, 0.2, 0.2, 0.2, 0.2, 0.2, 0.2]
broken out of loop
Total correct retain:  500  Total retain:  2500
Total correct forget:  9500  Total forget:  47500
Total correct test:  100  Total test:  500
Total correct forget test:  1900  Total test forget:  9500
[0.2]
[0.2, 0.2]
[0.2, 0.2, 0.2]
[0.2, 0.2, 0.2, 0.2]
[0.2, 0.2, 0.2, 0.2, 0.2]
[0.2, 0.2, 0.2, 0.2, 0.2, 0.2]
[0.2, 0.2, 0.2, 0.2, 0.2, 0.2, 0.2]
[0.2, 0.2, 0.2, 0.2, 0.2, 0.2, 0.2, 0.2]
[0.2, 0.2, 0.2, 0.2, 0.2, 0.2, 0.2, 0.2, 0.2]
[0.2, 0.2, 0.2, 0.2, 0.2, 0.2, 0.2, 0.2, 0.2, 0.2]
[0.2, 0.2, 0.2, 0.2, 0.2, 0.2, 0.2, 0.2, 0.2, 0.2, 0.2]
[0.2, 0.2, 0.2, 0.2, 0.2, 0.2, 0.2, 0.2, 0.2, 0.2, 0.2, 0.2]
[0.2, 0.2, 0.2, 0.2, 0.2, 0.2, 0.2, 0.2, 0.2, 0.2, 0.2, 0.2, 0.2]
[0.2, 0.2, 0.2, 0.2, 0.2, 0.2, 0.2, 0.2, 0.2, 0.2, 0.2, 0.2, 0.2, 0.2]
[0.2, 0.2, 0.2, 0.2, 0.2, 0.2, 0.2, 0.2, 0.2, 0.2, 0.2, 0.2, 0.2, 0.2, 0.2]
[0.2, 0.2, 0.2, 0.2, 0.2, 0.2, 0.2, 0.2, 0.2, 0.2, 0.2, 0.2, 0.2, 0.2, 0.2, 0.2]
[0.2, 0.2, 0.2, 0.2, 0.2, 0.2, 0.2, 0.2, 0.2, 0.2, 0.2, 0.2, 0.2, 0.2, 0.2, 0.2, 0.2]
[0.2, 0.2, 0.2, 0.2, 0.2, 0.2, 0.2, 0.2, 0.2, 0.2, 0.2, 0.2, 0.2, 0.2, 0.2, 0.2, 0.2, 0.2]
[0.2, 0.2, 0.2, 0.2, 0.2, 0.2, 0.2, 0.2, 0.2, 0.2, 0.2, 0.2, 0.2, 0.2, 0.2, 0.2, 0.2, 0.2, 0.2]
[0.2, 0.2, 0.2, 0.2, 0.2, 0.2, 0.2, 0.2, 0.2, 0.2, 0.2, 0.2, 0.2, 0.2, 0.2, 0.2, 0.2, 0.2, 0.2, 0.2]
broken out of loop
Total correct retain:  500  Total retain:  2500
Total correct forget:  9500  Total forget:  47500
Total correct test:  100  Total test:  500
Total correct forget test:  1900  Total test forget:  9500
[0.2]
[0.2, 0.2]
[0.2, 0.2, 0.2]
[0.2, 0.2, 0.2, 0.2]
[0.2, 0.2, 0.2, 0.2, 0.2]
[0.2, 0.2, 0.2, 0.2, 0.2, 0.2]
[0.2, 0.2, 0.2, 0.2, 0.2, 0.2, 0.2]
[0.2, 0.2, 0.2, 0.2, 0.2, 0.2, 0.2, 0.2]
[0.2, 0.2, 0.2, 0.2, 0.2, 0.2, 0.2, 0.2, 0.2]
[0.2, 0.2, 0.2, 0.2, 0.2, 0.2, 0.2, 0.2, 0.2, 0.2]
[0.2, 0.2, 0.2, 0.2, 0.2, 0.2, 0.2, 0.2, 0.2, 0.2, 0.2]
[0.2, 0.2, 0.2, 0.2, 0.2, 0.2, 0.2, 0.2, 0.2, 0.2, 0.2, 0.2]
[0.2, 0.2, 0.2, 0.2, 0.2, 0.2, 0.2, 0.2, 0.2, 0.2, 0.2, 0.2, 0.2]
[0.2, 0.2, 0.2, 0.2, 0.2, 0.2, 0.2, 0.2, 0.2, 0.2, 0.2, 0.2, 0.2, 0.2]
[0.2, 0.2, 0.2, 0.2, 0.2, 0.2, 0.2, 0.2, 0.2, 0.2, 0.2, 0.2, 0.2, 0.2, 0.2]
[0.2, 0.2, 0.2, 0.2, 0.2, 0.2, 0.2, 0.2, 0.2, 0.2, 0.2, 0.2, 0.2, 0.2, 0.2, 0.2]
[0.2, 0.2, 0.2, 0.2, 0.2, 0.2, 0.2, 0.2, 0.2, 0.2, 0.2, 0.2, 0.2, 0.2, 0.2, 0.2, 0.2]
[0.2, 0.2, 0.2, 0.2, 0.2, 0.2, 0.2, 0.2, 0.2, 0.2, 0.2, 0.2, 0.2, 0.2, 0.2, 0.2, 0.2, 0.2]
[0.2, 0.2, 0.2, 0.2, 0.2, 0.2, 0.2, 0.2, 0.2, 0.2, 0.2, 0.2, 0.2, 0.2, 0.2, 0.2, 0.2, 0.2, 0.2]
[0.2, 0.2, 0.2, 0.2, 0.2, 0.2, 0.2, 0.2, 0.2, 0.2, 0.2, 0.2, 0.2, 0.2, 0.2, 0.2, 0.2, 0.2, 0.2, 0.2]
broken out of loop
Total correct retain:  500  Total retain:  2500
Total correct forget:  9500  Total forget:  47500
Total correct test:  100  Total test:  500
Total correct forget test:  1900  Total test forget:  9500
[0.2]
[0.2, 0.2]
[0.2, 0.2, 0.2]
[0.2, 0.2, 0.2, 0.2]
[0.2, 0.2, 0.2, 0.2, 0.2]
[0.2, 0.2, 0.2, 0.2, 0.2, 0.2]
[0.2, 0.2, 0.2, 0.2, 0.2, 0.2, 0.2]
[0.2, 0.2, 0.2, 0.2, 0.2, 0.2, 0.2, 0.2]
[0.2, 0.2, 0.2, 0.2, 0.2, 0.2, 0.2, 0.2, 0.2]
[0.2, 0.2, 0.2, 0.2, 0.2, 0.2, 0.2, 0.2, 0.2, 0.2]
[0.2, 0.2, 0.2, 0.2, 0.2, 0.2, 0.2, 0.2, 0.2, 0.2, 0.2]
[0.2, 0.2, 0.2, 0.2, 0.2, 0.2, 0.2, 0.2, 0.2, 0.2, 0.2, 0.2]
[0.2, 0.2, 0.2, 0.2, 0.2, 0.2, 0.2, 0.2, 0.2, 0.2, 0.2, 0.2, 0.2]
[0.2, 0.2, 0.2, 0.2, 0.2, 0.2, 0.2, 0.2, 0.2, 0.2, 0.2, 0.2, 0.2, 0.2]
[0.2, 0.2, 0.2, 0.2, 0.2, 0.2, 0.2, 0.2, 0.2, 0.2, 0.2, 0.2, 0.2, 0.2, 0.2]
[0.2, 0.2, 0.2, 0.2, 0.2, 0.2, 0.2, 0.2, 0.2, 0.2, 0.2, 0.2, 0.2, 0.2, 0.2, 0.2]
[0.2, 0.2, 0.2, 0.2, 0.2, 0.2, 0.2, 0.2, 0.2, 0.2, 0.2, 0.2, 0.2, 0.2, 0.2, 0.2, 0.2]
[0.2, 0.2, 0.2, 0.2, 0.2, 0.2, 0.2, 0.2, 0.2, 0.2, 0.2, 0.2, 0.2, 0.2, 0.2, 0.2, 0.2, 0.2]
[0.2, 0.2, 0.2, 0.2, 0.2, 0.2, 0.2, 0.2, 0.2, 0.2, 0.2, 0.2, 0.2, 0.2, 0.2, 0.2, 0.2, 0.2, 0.2]
[0.2, 0.2, 0.2, 0.2, 0.2, 0.2, 0.2, 0.2, 0.2, 0.2, 0.2, 0.2, 0.2, 0.2, 0.2, 0.2, 0.2, 0.2, 0.2, 0.2]
broken out of loop
Total correct retain:  500  Total retain:  2500
Total correct forget:  9500  Total forget:  47500
Total correct test:  100  Total test:  500
Total correct forget test:  1900  Total test forget:  9500
[0.2]
[0.2, 0.2]
[0.2, 0.2, 0.2]
[0.2, 0.2, 0.2, 0.2]
[0.2, 0.2, 0.2, 0.2, 0.2]
[0.2, 0.2, 0.2, 0.2, 0.2, 0.2]
[0.2, 0.2, 0.2, 0.2, 0.2, 0.2, 0.2]
[0.2, 0.2, 0.2, 0.2, 0.2, 0.2, 0.2, 0.2]
[0.2, 0.2, 0.2, 0.2, 0.2, 0.2, 0.2, 0.2, 0.2]
[0.2, 0.2, 0.2, 0.2, 0.2, 0.2, 0.2, 0.2, 0.2, 0.2]
[0.2, 0.2, 0.2, 0.2, 0.2, 0.2, 0.2, 0.2, 0.2, 0.2, 0.2]
[0.2, 0.2, 0.2, 0.2, 0.2, 0.2, 0.2, 0.2, 0.2, 0.2, 0.2, 0.2]
[0.2, 0.2, 0.2, 0.2, 0.2, 0.2, 0.2, 0.2, 0.2, 0.2, 0.2, 0.2, 0.2]
[0.2, 0.2, 0.2, 0.2, 0.2, 0.2, 0.2, 0.2, 0.2, 0.2, 0.2, 0.2, 0.2, 0.2]
[0.2, 0.2, 0.2, 0.2, 0.2, 0.2, 0.2, 0.2, 0.2, 0.2, 0.2, 0.2, 0.2, 0.2, 0.2]
[0.2, 0.2, 0.2, 0.2, 0.2, 0.2, 0.2, 0.2, 0.2, 0.2, 0.2, 0.2, 0.2, 0.2, 0.2, 0.2]
[0.2, 0.2, 0.2, 0.2, 0.2, 0.2, 0.2, 0.2, 0.2, 0.2, 0.2, 0.2, 0.2, 0.2, 0.2, 0.2, 0.2]
[0.2, 0.2, 0.2, 0.2, 0.2, 0.2, 0.2, 0.2, 0.2, 0.2, 0.2, 0.2, 0.2, 0.2, 0.2, 0.2, 0.2, 0.2]
[0.2, 0.2, 0.2, 0.2, 0.2, 0.2, 0.2, 0.2, 0.2, 0.2, 0.2, 0.2, 0.2, 0.2, 0.2, 0.2, 0.2, 0.2, 0.2]
[0.2, 0.2, 0.2, 0.2, 0.2, 0.2, 0.2, 0.2, 0.2, 0.2, 0.2, 0.2, 0.2, 0.2, 0.2, 0.2, 0.2, 0.2, 0.2, 0.2]
broken out of loop
Total correct retain:  500  Total retain:  2500
Total correct forget:  9500  Total forget:  47500
Total correct test:  100  Total test:  500
Total correct forget test:  1900  Total test forget:  9500
[0.2]
[0.2, 0.2]
[0.2, 0.2, 0.2]
[0.2, 0.2, 0.2, 0.2]
[0.2, 0.2, 0.2, 0.2, 0.2]
[0.2, 0.2, 0.2, 0.2, 0.2, 0.2]
[0.2, 0.2, 0.2, 0.2, 0.2, 0.2, 0.2]
[0.2, 0.2, 0.2, 0.2, 0.2, 0.2, 0.2, 0.2]
[0.2, 0.2, 0.2, 0.2, 0.2, 0.2, 0.2, 0.2, 0.2]
[0.2, 0.2, 0.2, 0.2, 0.2, 0.2, 0.2, 0.2, 0.2, 0.2]
[0.2, 0.2, 0.2, 0.2, 0.2, 0.2, 0.2, 0.2, 0.2, 0.2, 0.2]
[0.2, 0.2, 0.2, 0.2, 0.2, 0.2, 0.2, 0.2, 0.2, 0.2, 0.2, 0.2]
[0.2, 0.2, 0.2, 0.2, 0.2, 0.2, 0.2, 0.2, 0.2, 0.2, 0.2, 0.2, 0.2]
[0.2, 0.2, 0.2, 0.2, 0.2, 0.2, 0.2, 0.2, 0.2, 0.2, 0.2, 0.2, 0.2, 0.2]
[0.2, 0.2, 0.2, 0.2, 0.2, 0.2, 0.2, 0.2, 0.2, 0.2, 0.2, 0.2, 0.2, 0.2, 0.2]
[0.2, 0.2, 0.2, 0.2, 0.2, 0.2, 0.2, 0.2, 0.2, 0.2, 0.2, 0.2, 0.2, 0.2, 0.2, 0.2]
[0.2, 0.2, 0.2, 0.2, 0.2, 0.2, 0.2, 0.2, 0.2, 0.2, 0.2, 0.2, 0.2, 0.2, 0.2, 0.2, 0.2]
[0.2, 0.2, 0.2, 0.2, 0.2, 0.2, 0.2, 0.2, 0.2, 0.2, 0.2, 0.2, 0.2, 0.2, 0.2, 0.2, 0.2, 0.2]
[0.2, 0.2, 0.2, 0.2, 0.2, 0.2, 0.2, 0.2, 0.2, 0.2, 0.2, 0.2, 0.2, 0.2, 0.2, 0.2, 0.2, 0.2, 0.2]
[0.2, 0.2, 0.2, 0.2, 0.2, 0.2, 0.2, 0.2, 0.2, 0.2, 0.2, 0.2, 0.2, 0.2, 0.2, 0.2, 0.2, 0.2, 0.2, 0.2]
[[0.614, 0.684, 0.648, 0.564, 0.556, 0.746, 0.606, 0.558, 0.616, 0.598, 0.438, 0.592, 0.664, 0.678, 0.542, 0.614, 0.61, 0.668, 0.688, 0.642], [0.556, 0.618, 0.552, 0.486, 0.586, 0.78, 0.54, 0.536, 0.544, 0.49, 0.432, 0.544, 0.566, 0.636, 0.504, 0.548, 0.536, 0.582, 0.588, 0.41], [0.594, 0.642, 0.566, 0.594, 0.616, 0.73, 0.618, 0.566, 0.578, 0.526, 0.474, 0.55, 0.56, 0.616, 0.51, 0.526, 0.602, 0.566, 0.412, 0.34], [0.57, 0.676, 0.53, 0.578, 0.568, 0.702, 0.586, 0.552, 0.514, 0.502, 0.476, 0.59, 0.562, 0.658, 0.502, 0.564, 0.61, 0.498, 0.236, 0.27], [0.55, 0.56, 0.524, 0.53, 0.496, 0.632, 0.55, 0.584, 0.548, 0.464, 0.48, 0.528, 0.52, 0.58, 0.508, 0.51, 0.44, 0.478, 0.2, 0.264], [0.56, 0.564, 0.508, 0.604, 0.546, 0.612, 0.546, 0.55, 0.54, 0.54, 0.44, 0.554, 0.434, 0.58, 0.494, 0.382, 0.34, 0.374, 0.2, 0.242], [0.53, 0.584, 0.504, 0.568, 0.534, 0.628, 0.538, 0.562, 0.532, 0.5, 0.432, 0.556, 0.452, 0.61, 0.446, 0.33, 0.272, 0.366, 0.2, 0.256], [0.55, 0.552, 0.498, 0.624, 0.544, 0.632, 0.566, 0.602, 0.588, 0.53, 0.512, 0.598, 0.484, 0.51, 0.33, 0.284, 0.21, 0.362, 0.2, 0.252], [0.576, 0.566, 0.53, 0.608, 0.546, 0.642, 0.572, 0.622, 0.588, 0.554, 0.5, 0.604, 0.476, 0.452, 0.278, 0.276, 0.2, 0.36, 0.2, 0.27], [0.574, 0.542, 0.578, 0.594, 0.54, 0.674, 0.538, 0.584, 0.55, 0.53, 0.476, 0.504, 0.482, 0.472, 0.258, 0.236, 0.2, 0.358, 0.2, 0.228], [0.58, 0.568, 0.57, 0.56, 0.546, 0.66, 0.522, 0.6, 0.572, 0.55, 0.334, 0.486, 0.486, 0.484, 0.24, 0.258, 0.2, 0.354, 0.2, 0.228], [0.536, 0.644, 0.554, 0.584, 0.506, 0.658, 0.542, 0.604, 0.544, 0.37, 0.26, 0.44, 0.416, 0.494, 0.238, 0.2, 0.2, 0.358, 0.2, 0.218], [0.554, 0.614, 0.524, 0.604, 0.488, 0.666, 0.478, 0.592, 0.36, 0.294, 0.266, 0.37, 0.43, 0.478, 0.25, 0.234, 0.2, 0.342, 0.2, 0.214], [0.2, 0.2, 0.2, 0.2, 0.2, 0.2, 0.2, 0.2, 0.2, 0.2, 0.2, 0.2, 0.2, 0.2, 0.2, 0.2, 0.2, 0.2, 0.2, 0.2], [0.2, 0.2, 0.2, 0.2, 0.2, 0.2, 0.2, 0.2, 0.2, 0.2, 0.2, 0.2, 0.2, 0.2, 0.2, 0.2, 0.2, 0.2, 0.2, 0.2], [0.2, 0.2, 0.2, 0.2, 0.2, 0.2, 0.2, 0.2, 0.2, 0.2, 0.2, 0.2, 0.2, 0.2, 0.2, 0.2, 0.2, 0.2, 0.2, 0.2], [0.2, 0.2, 0.2, 0.2, 0.2, 0.2, 0.2, 0.2, 0.2, 0.2, 0.2, 0.2, 0.2, 0.2, 0.2, 0.2, 0.2, 0.2, 0.2, 0.2], [0.2, 0.2, 0.2, 0.2, 0.2, 0.2, 0.2, 0.2, 0.2, 0.2, 0.2, 0.2, 0.2, 0.2, 0.2, 0.2, 0.2, 0.2, 0.2, 0.2], [0.2, 0.2, 0.2, 0.2, 0.2, 0.2, 0.2, 0.2, 0.2, 0.2, 0.2, 0.2, 0.2, 0.2, 0.2, 0.2, 0.2, 0.2, 0.2, 0.2], [0.2, 0.2, 0.2, 0.2, 0.2, 0.2, 0.2, 0.2, 0.2, 0.2, 0.2, 0.2, 0.2, 0.2, 0.2, 0.2, 0.2, 0.2, 0.2, 0.2]]
20
20
Plot  0  Done
Average Retain Accuracies:  [0.696, 0.6304, 0.6472, 0.6236, 0.5628, 0.5892, 0.5908, 0.5964, 0.6284, 0.6232, 0.6324, 0.5728, 0.5512, 0.2, 0.2, 0.2, 0.2, 0.2, 0.2, 0.2]
Average Forget Accuracies:  [0.7186315789473684, 0.5988421052631578, 0.5802947368421053, 0.5625263157894737, 0.5077052631578948, 0.4832, 0.47974736842105264, 0.4780842105263158, 0.47833684210526317, 0.4728, 0.46431578947368424, 0.43749473684210527, 0.4188, 0.2, 0.2, 0.2, 0.2, 0.2, 0.2, 0.2]
Average Retain Test Accuracies:  [0.614, 0.556, 0.594, 0.57, 0.55, 0.56, 0.53, 0.55, 0.576, 0.574, 0.58, 0.536, 0.554, 0.2, 0.2, 0.2, 0.2, 0.2, 0.2, 0.2]
Average Forget Test Accuracies:  [0.616421052631579, 0.5514736842105263, 0.5574736842105263, 0.5354736842105263, 0.4945263157894737, 0.4763157894736842, 0.4668421052631579, 0.4672631578947368, 0.4654736842105263, 0.4496842105263158, 0.44305263157894736, 0.4226315789473684, 0.40021052631578946, 0.2, 0.2, 0.2, 0.2, 0.2, 0.2, 0.2]
Done
