/dcs/large/u2145461/cs407/Machine-Unlearning-x-Continual-Learning-neggem/negGemGrad.py:446: UserWarning: The torch.cuda.*DtypeTensor constructors are no longer recommended. It's best to use methods such as torch.tensor(data, dtype=*, device='cuda') to create tensors. (Triggered internally at /pytorch/torch/csrc/tensor/python_tensor.cpp:78.)
  indx = torch.cuda.LongTensor(self.observed_tasks[:-1]) if self.gpu \

real	182m19.988s
user	1120m51.292s
sys	43m18.768s
/dcs/large/u2145461/cs407/Machine-Unlearning-x-Continual-Learning-neggem/negGemGrad.py:446: UserWarning: The torch.cuda.*DtypeTensor constructors are no longer recommended. It's best to use methods such as torch.tensor(data, dtype=*, device='cuda') to create tensors. (Triggered internally at /pytorch/torch/csrc/tensor/python_tensor.cpp:78.)
  indx = torch.cuda.LongTensor(self.observed_tasks[:-1]) if self.gpu \

real	117m18.072s
user	635m37.536s
sys	29m11.392s
/dcs/large/u2145461/cs407/Machine-Unlearning-x-Continual-Learning-neggem/negGemGrad.py:446: UserWarning: The torch.cuda.*DtypeTensor constructors are no longer recommended. It's best to use methods such as torch.tensor(data, dtype=*, device='cuda') to create tensors. (Triggered internally at /pytorch/torch/csrc/tensor/python_tensor.cpp:78.)
  indx = torch.cuda.LongTensor(self.observed_tasks[:-1]) if self.gpu \

real	84m41.934s
user	391m46.253s
sys	21m56.734s
/dcs/large/u2145461/cs407/Machine-Unlearning-x-Continual-Learning-neggem/negGemGrad.py:446: UserWarning: The torch.cuda.*DtypeTensor constructors are no longer recommended. It's best to use methods such as torch.tensor(data, dtype=*, device='cuda') to create tensors. (Triggered internally at /pytorch/torch/csrc/tensor/python_tensor.cpp:78.)
  indx = torch.cuda.LongTensor(self.observed_tasks[:-1]) if self.gpu \

real	60m32.649s
user	216m55.376s
sys	16m19.985s
/dcs/large/u2145461/cs407/Machine-Unlearning-x-Continual-Learning-neggem/negGemGrad.py:446: UserWarning: The torch.cuda.*DtypeTensor constructors are no longer recommended. It's best to use methods such as torch.tensor(data, dtype=*, device='cuda') to create tensors. (Triggered internally at /pytorch/torch/csrc/tensor/python_tensor.cpp:78.)
  indx = torch.cuda.LongTensor(self.observed_tasks[:-1]) if self.gpu \

real	56m32.058s
user	187m21.286s
sys	15m26.728s
/dcs/large/u2145461/cs407/Machine-Unlearning-x-Continual-Learning-neggem/negGemGrad.py:446: UserWarning: The torch.cuda.*DtypeTensor constructors are no longer recommended. It's best to use methods such as torch.tensor(data, dtype=*, device='cuda') to create tensors. (Triggered internally at /pytorch/torch/csrc/tensor/python_tensor.cpp:78.)
  indx = torch.cuda.LongTensor(self.observed_tasks[:-1]) if self.gpu \
Traceback (most recent call last):
  File "/dcs/large/u2145461/cs407/Machine-Unlearning-x-Continual-Learning-neggem/negGemGrad.py", line 1112, in <module>
    import pandas as pd
ModuleNotFoundError: No module named 'pandas'

real	54m20.974s
user	167m31.690s
sys	14m57.283s
/dcs/large/u2145461/cs407/Machine-Unlearning-x-Continual-Learning-neggem/negGemGrad.py:446: UserWarning: The torch.cuda.*DtypeTensor constructors are no longer recommended. It's best to use methods such as torch.tensor(data, dtype=*, device='cuda') to create tensors. (Triggered internally at /pytorch/torch/csrc/tensor/python_tensor.cpp:78.)
  indx = torch.cuda.LongTensor(self.observed_tasks[:-1]) if self.gpu \
Traceback (most recent call last):
  File "/dcs/large/u2145461/cs407/Machine-Unlearning-x-Continual-Learning-neggem/negGemGrad.py", line 1112, in <module>
    # save all the accuracies using pandas
    ^^^^^^^^^^^^^^^^^^^
ModuleNotFoundError: No module named 'pandas'

real	53m19.522s
user	160m48.643s
sys	14m52.912s
