Requirement already satisfied: pyyaml in /usr/lib64/python3.12/site-packages (6.0.1)
Requirement already satisfied: setuptools in /usr/lib/python3.12/site-packages (68.2.2)
Requirement already satisfied: matplotlib in /dcs/21/u2145461/.local/lib/python3.12/site-packages (3.10.1)
Requirement already satisfied: contourpy>=1.0.1 in /dcs/21/u2145461/.local/lib/python3.12/site-packages (from matplotlib) (1.3.1)
Requirement already satisfied: cycler>=0.10 in /dcs/21/u2145461/.local/lib/python3.12/site-packages (from matplotlib) (0.12.1)
Requirement already satisfied: fonttools>=4.22.0 in /dcs/21/u2145461/.local/lib/python3.12/site-packages (from matplotlib) (4.56.0)
Requirement already satisfied: kiwisolver>=1.3.1 in /dcs/21/u2145461/.local/lib/python3.12/site-packages (from matplotlib) (1.4.8)
Requirement already satisfied: numpy>=1.23 in /dcs/21/u2145461/.local/lib/python3.12/site-packages (from matplotlib) (2.2.3)
Requirement already satisfied: packaging>=20.0 in /dcs/21/u2145461/.local/lib/python3.12/site-packages (from matplotlib) (24.2)
Requirement already satisfied: pillow>=8 in /dcs/21/u2145461/.local/lib/python3.12/site-packages (from matplotlib) (11.0.0)
Requirement already satisfied: pyparsing>=2.3.1 in /dcs/21/u2145461/.local/lib/python3.12/site-packages (from matplotlib) (3.2.1)
Requirement already satisfied: python-dateutil>=2.7 in /dcs/21/u2145461/.local/lib/python3.12/site-packages (from matplotlib) (2.9.0.post0)
Requirement already satisfied: six>=1.5 in /dcs/21/u2145461/.local/lib/python3.12/site-packages (from python-dateutil>=2.7->matplotlib) (1.17.0)
Requirement already satisfied: quadprog in /dcs/21/u2145461/.local/lib/python3.12/site-packages (0.1.13)
Requirement already satisfied: numpy in /dcs/21/u2145461/.local/lib/python3.12/site-packages (from quadprog) (2.2.3)
Requirement already satisfied: pyparsing in /dcs/21/u2145461/.local/lib/python3.12/site-packages (3.2.1)
Requirement already satisfied: pandas in /dcs/21/u2145461/.local/lib/python3.12/site-packages (2.2.3)
Requirement already satisfied: numpy>=1.26.0 in /dcs/21/u2145461/.local/lib/python3.12/site-packages (from pandas) (2.2.3)
Requirement already satisfied: python-dateutil>=2.8.2 in /dcs/21/u2145461/.local/lib/python3.12/site-packages (from pandas) (2.9.0.post0)
Requirement already satisfied: pytz>=2020.1 in /dcs/21/u2145461/.local/lib/python3.12/site-packages (from pandas) (2025.1)
Requirement already satisfied: tzdata>=2022.7 in /dcs/21/u2145461/.local/lib/python3.12/site-packages (from pandas) (2025.1)
Requirement already satisfied: six>=1.5 in /dcs/21/u2145461/.local/lib/python3.12/site-packages (from python-dateutil>=2.8.2->pandas) (1.17.0)
Requirement already satisfied: numpy in /dcs/21/u2145461/.local/lib/python3.12/site-packages (2.2.3)
Sat Apr  5 00:18:29 2025       
+-----------------------------------------------------------------------------------------+
| NVIDIA-SMI 550.144.03             Driver Version: 550.144.03     CUDA Version: 12.4     |
|-----------------------------------------+------------------------+----------------------+
| GPU  Name                 Persistence-M | Bus-Id          Disp.A | Volatile Uncorr. ECC |
| Fan  Temp   Perf          Pwr:Usage/Cap |           Memory-Usage | GPU-Util  Compute M. |
|                                         |                        |               MIG M. |
|=========================================+========================+======================|
|   0  NVIDIA A10                     On  |   00000000:25:00.0 Off |                    0 |
|  0%   57C    P8             16W /  150W |       1MiB /  23028MiB |      0%      Default |
|                                         |                        |                  N/A |
+-----------------------------------------+------------------------+----------------------+
                                                                                         
+-----------------------------------------------------------------------------------------+
| Processes:                                                                              |
|  GPU   GI   CI        PID   Type   Process name                              GPU Memory |
|        ID   ID                                                               Usage      |
|=========================================================================================|
|  No running processes found                                                             |
+-----------------------------------------------------------------------------------------+
Python 3.12.8
./cifar-100-python/train
./cifar-100-python/test
Unlearn Batch Size:  16
Unlearn MEM Strength:  0.6
cifar-100-python/train
cifar-100-python/test
new ordering of classes:  ['camel', 'leopard', 'skunk', 'possum', 'rabbit', 'snail', 'bear', 'streetcar', 'spider', 'chimpanzee', 'beaver', 'bee', 'lion', 'porcupine', 'palm', 'lobster', 'castle', 'butterfly', 'telephone', 'road', 'pears', 'train', 'pine', 'bicycle', 'cans', 'dolphin', 'cattle', 'crab', 'crocodile', 'tank', 'squirrel', 'bowls', 'seal', 'wardrobe', 'tulips', 'skyscraper', 'boy', 'snake', 'forest', 'dinosaur', 'plates', 'whale', 'couch', 'hamster', 'bus', 'bridge', 'lawn-mower', 'maple', 'table', 'sea', 'rocket', 'aquarium fish', 'fox', 'woman', 'pickup truck', 'mushrooms', 'orchids', 'tiger', 'man', 'ray', 'lizard', 'wolf', 'bottles', 'otter', 'girl', 'cockroach', 'worm', 'plain', 'motorcycle', 'television', 'roses', 'raccoon', 'beetle', 'baby', 'cloud', 'cups', 'apples', 'shark', 'tractor', 'willow', 'oak', 'sunflowers', 'shrew', 'trout', 'flatfish', 'computer keyboard', 'turtle', 'kangaroo', 'elephant', 'lamp', 'chair', 'bed', 'house', 'sweet peppers', 'mouse', 'oranges', 'poppies', 'caterpillar', 'clock', 'mountain']
Training task:  1
[0.482, 0.272, 0.246, 0.2, 0.272, 0.192, 0.228, 0.206, 0.216, 0.182, 0.202, 0.19, 0.164, 0.186, 0.11, 0.25, 0.24, 0.182, 0.208, 0.312]
Training task:  2
[0.472, 0.576, 0.206, 0.2, 0.194, 0.216, 0.228, 0.208, 0.214, 0.148, 0.196, 0.212, 0.226, 0.2, 0.226, 0.206, 0.206, 0.172, 0.198, 0.238]
Training task:  3
[0.422, 0.47, 0.51, 0.2, 0.196, 0.23, 0.208, 0.148, 0.182, 0.164, 0.25, 0.168, 0.26, 0.242, 0.138, 0.16, 0.206, 0.178, 0.21, 0.326]
Training task:  4
[0.454, 0.48, 0.546, 0.714, 0.156, 0.22, 0.218, 0.156, 0.18, 0.17, 0.238, 0.112, 0.16, 0.2, 0.21, 0.226, 0.2, 0.188, 0.158, 0.262]
Training task:  5
[0.384, 0.438, 0.576, 0.662, 0.672, 0.216, 0.22, 0.174, 0.21, 0.182, 0.34, 0.162, 0.222, 0.214, 0.126, 0.248, 0.152, 0.234, 0.148, 0.132]
Training task:  6
[0.478, 0.526, 0.558, 0.722, 0.666, 0.686, 0.234, 0.186, 0.238, 0.242, 0.34, 0.17, 0.2, 0.174, 0.074, 0.242, 0.218, 0.206, 0.182, 0.196]
Training task:  7
[0.414, 0.506, 0.536, 0.678, 0.618, 0.63, 0.726, 0.25, 0.196, 0.196, 0.264, 0.14, 0.23, 0.206, 0.182, 0.226, 0.116, 0.172, 0.164, 0.194]
Training task:  8
[0.432, 0.516, 0.538, 0.678, 0.662, 0.632, 0.668, 0.668, 0.174, 0.172, 0.282, 0.192, 0.198, 0.23, 0.154, 0.354, 0.232, 0.22, 0.158, 0.218]
Training task:  9
[0.452, 0.54, 0.534, 0.69, 0.646, 0.632, 0.698, 0.7, 0.804, 0.198, 0.296, 0.13, 0.156, 0.196, 0.132, 0.284, 0.218, 0.232, 0.168, 0.26]
Training task:  10
[0.428, 0.514, 0.544, 0.706, 0.654, 0.62, 0.634, 0.72, 0.754, 0.82, 0.242, 0.196, 0.138, 0.148, 0.164, 0.286, 0.188, 0.204, 0.192, 0.144]
Training task:  11
[0.462, 0.502, 0.5, 0.702, 0.646, 0.608, 0.622, 0.678, 0.728, 0.76, 0.68, 0.104, 0.156, 0.172, 0.172, 0.248, 0.204, 0.244, 0.204, 0.182]
Training task:  12
[0.468, 0.544, 0.492, 0.722, 0.654, 0.596, 0.67, 0.676, 0.734, 0.758, 0.694, 0.738, 0.18, 0.182, 0.222, 0.328, 0.186, 0.206, 0.192, 0.134]
Training task:  13
[0.44, 0.564, 0.536, 0.696, 0.672, 0.61, 0.684, 0.72, 0.742, 0.746, 0.702, 0.692, 0.68, 0.192, 0.164, 0.28, 0.208, 0.22, 0.178, 0.204]
Training task:  14
[0.44, 0.59, 0.536, 0.704, 0.676, 0.648, 0.682, 0.728, 0.768, 0.746, 0.678, 0.676, 0.652, 0.886, 0.166, 0.244, 0.22, 0.228, 0.18, 0.166]
Training task:  15
[0.444, 0.586, 0.52, 0.676, 0.66, 0.616, 0.66, 0.728, 0.71, 0.73, 0.696, 0.682, 0.656, 0.842, 0.794, 0.318, 0.184, 0.268, 0.194, 0.188]
Training task:  16
[0.466, 0.572, 0.542, 0.686, 0.674, 0.634, 0.648, 0.734, 0.742, 0.724, 0.692, 0.694, 0.636, 0.842, 0.812, 0.826, 0.122, 0.202, 0.222, 0.204]
Training task:  17
[0.456, 0.55, 0.56, 0.672, 0.686, 0.656, 0.616, 0.696, 0.694, 0.748, 0.676, 0.67, 0.652, 0.866, 0.78, 0.822, 0.846, 0.188, 0.194, 0.122]
Training task:  18
[0.414, 0.534, 0.55, 0.686, 0.66, 0.642, 0.654, 0.7, 0.718, 0.69, 0.708, 0.644, 0.614, 0.842, 0.746, 0.814, 0.766, 0.662, 0.206, 0.152]
Training task:  19
[0.414, 0.516, 0.558, 0.672, 0.69, 0.652, 0.66, 0.674, 0.718, 0.696, 0.706, 0.67, 0.602, 0.828, 0.738, 0.802, 0.778, 0.628, 0.78, 0.216]
Training task:  20
[0.4, 0.502, 0.534, 0.7, 0.68, 0.636, 0.72, 0.688, 0.708, 0.714, 0.694, 0.658, 0.592, 0.82, 0.8, 0.782, 0.758, 0.6, 0.742, 0.866]
Unlearning task:  20
Total correct retain:  1181  Total retain:  2500
Total correct forget:  36935  Total forget:  47500
Total correct test:  200  Total test:  500
Total correct forget test:  6597  Total test forget:  9500
[0.4]
[0.4, 0.502]
[0.4, 0.502, 0.534]
[0.4, 0.502, 0.534, 0.7]
[0.4, 0.502, 0.534, 0.7, 0.68]
[0.4, 0.502, 0.534, 0.7, 0.68, 0.636]
[0.4, 0.502, 0.534, 0.7, 0.68, 0.636, 0.72]
[0.4, 0.502, 0.534, 0.7, 0.68, 0.636, 0.72, 0.688]
[0.4, 0.502, 0.534, 0.7, 0.68, 0.636, 0.72, 0.688, 0.708]
[0.4, 0.502, 0.534, 0.7, 0.68, 0.636, 0.72, 0.688, 0.708, 0.714]
[0.4, 0.502, 0.534, 0.7, 0.68, 0.636, 0.72, 0.688, 0.708, 0.714, 0.694]
[0.4, 0.502, 0.534, 0.7, 0.68, 0.636, 0.72, 0.688, 0.708, 0.714, 0.694, 0.658]
[0.4, 0.502, 0.534, 0.7, 0.68, 0.636, 0.72, 0.688, 0.708, 0.714, 0.694, 0.658, 0.592]
[0.4, 0.502, 0.534, 0.7, 0.68, 0.636, 0.72, 0.688, 0.708, 0.714, 0.694, 0.658, 0.592, 0.82]
[0.4, 0.502, 0.534, 0.7, 0.68, 0.636, 0.72, 0.688, 0.708, 0.714, 0.694, 0.658, 0.592, 0.82, 0.8]
[0.4, 0.502, 0.534, 0.7, 0.68, 0.636, 0.72, 0.688, 0.708, 0.714, 0.694, 0.658, 0.592, 0.82, 0.8, 0.782]
[0.4, 0.502, 0.534, 0.7, 0.68, 0.636, 0.72, 0.688, 0.708, 0.714, 0.694, 0.658, 0.592, 0.82, 0.8, 0.782, 0.758]
[0.4, 0.502, 0.534, 0.7, 0.68, 0.636, 0.72, 0.688, 0.708, 0.714, 0.694, 0.658, 0.592, 0.82, 0.8, 0.782, 0.758, 0.6]
[0.4, 0.502, 0.534, 0.7, 0.68, 0.636, 0.72, 0.688, 0.708, 0.714, 0.694, 0.658, 0.592, 0.82, 0.8, 0.782, 0.758, 0.6, 0.742]
[0.4, 0.502, 0.534, 0.7, 0.68, 0.636, 0.72, 0.688, 0.708, 0.714, 0.694, 0.658, 0.592, 0.82, 0.8, 0.782, 0.758, 0.6, 0.742, 0.866]
broken out of loop
Total correct retain:  899  Total retain:  2500
Total correct forget:  19217  Total forget:  47500
Total correct test:  171  Total test:  500
Total correct forget test:  3625  Total test forget:  9500
[0.342]
[0.342, 0.312]
[0.342, 0.312, 0.352]
[0.342, 0.312, 0.352, 0.362]
[0.342, 0.312, 0.352, 0.362, 0.414]
[0.342, 0.312, 0.352, 0.362, 0.414, 0.342]
[0.342, 0.312, 0.352, 0.362, 0.414, 0.342, 0.478]
[0.342, 0.312, 0.352, 0.362, 0.414, 0.342, 0.478, 0.34]
[0.342, 0.312, 0.352, 0.362, 0.414, 0.342, 0.478, 0.34, 0.338]
[0.342, 0.312, 0.352, 0.362, 0.414, 0.342, 0.478, 0.34, 0.338, 0.288]
[0.342, 0.312, 0.352, 0.362, 0.414, 0.342, 0.478, 0.34, 0.338, 0.288, 0.508]
[0.342, 0.312, 0.352, 0.362, 0.414, 0.342, 0.478, 0.34, 0.338, 0.288, 0.508, 0.5]
[0.342, 0.312, 0.352, 0.362, 0.414, 0.342, 0.478, 0.34, 0.338, 0.288, 0.508, 0.5, 0.286]
[0.342, 0.312, 0.352, 0.362, 0.414, 0.342, 0.478, 0.34, 0.338, 0.288, 0.508, 0.5, 0.286, 0.322]
[0.342, 0.312, 0.352, 0.362, 0.414, 0.342, 0.478, 0.34, 0.338, 0.288, 0.508, 0.5, 0.286, 0.322, 0.334]
[0.342, 0.312, 0.352, 0.362, 0.414, 0.342, 0.478, 0.34, 0.338, 0.288, 0.508, 0.5, 0.286, 0.322, 0.334, 0.45]
[0.342, 0.312, 0.352, 0.362, 0.414, 0.342, 0.478, 0.34, 0.338, 0.288, 0.508, 0.5, 0.286, 0.322, 0.334, 0.45, 0.508]
[0.342, 0.312, 0.352, 0.362, 0.414, 0.342, 0.478, 0.34, 0.338, 0.288, 0.508, 0.5, 0.286, 0.322, 0.334, 0.45, 0.508, 0.37]
[0.342, 0.312, 0.352, 0.362, 0.414, 0.342, 0.478, 0.34, 0.338, 0.288, 0.508, 0.5, 0.286, 0.322, 0.334, 0.45, 0.508, 0.37, 0.448]
[0.342, 0.312, 0.352, 0.362, 0.414, 0.342, 0.478, 0.34, 0.338, 0.288, 0.508, 0.5, 0.286, 0.322, 0.334, 0.45, 0.508, 0.37, 0.448, 0.298]
broken out of loop
Total correct retain:  929  Total retain:  2500
Total correct forget:  19748  Total forget:  47500
Total correct test:  155  Total test:  500
Total correct forget test:  3776  Total test forget:  9500
[0.31]
[0.31, 0.394]
[0.31, 0.394, 0.316]
[0.31, 0.394, 0.316, 0.41]
[0.31, 0.394, 0.316, 0.41, 0.526]
[0.31, 0.394, 0.316, 0.41, 0.526, 0.326]
[0.31, 0.394, 0.316, 0.41, 0.526, 0.326, 0.316]
[0.31, 0.394, 0.316, 0.41, 0.526, 0.326, 0.316, 0.516]
[0.31, 0.394, 0.316, 0.41, 0.526, 0.326, 0.316, 0.516, 0.478]
[0.31, 0.394, 0.316, 0.41, 0.526, 0.326, 0.316, 0.516, 0.478, 0.39]
[0.31, 0.394, 0.316, 0.41, 0.526, 0.326, 0.316, 0.516, 0.478, 0.39, 0.562]
[0.31, 0.394, 0.316, 0.41, 0.526, 0.326, 0.316, 0.516, 0.478, 0.39, 0.562, 0.378]
[0.31, 0.394, 0.316, 0.41, 0.526, 0.326, 0.316, 0.516, 0.478, 0.39, 0.562, 0.378, 0.292]
[0.31, 0.394, 0.316, 0.41, 0.526, 0.326, 0.316, 0.516, 0.478, 0.39, 0.562, 0.378, 0.292, 0.514]
[0.31, 0.394, 0.316, 0.41, 0.526, 0.326, 0.316, 0.516, 0.478, 0.39, 0.562, 0.378, 0.292, 0.514, 0.268]
[0.31, 0.394, 0.316, 0.41, 0.526, 0.326, 0.316, 0.516, 0.478, 0.39, 0.562, 0.378, 0.292, 0.514, 0.268, 0.524]
[0.31, 0.394, 0.316, 0.41, 0.526, 0.326, 0.316, 0.516, 0.478, 0.39, 0.562, 0.378, 0.292, 0.514, 0.268, 0.524, 0.428]
[0.31, 0.394, 0.316, 0.41, 0.526, 0.326, 0.316, 0.516, 0.478, 0.39, 0.562, 0.378, 0.292, 0.514, 0.268, 0.524, 0.428, 0.416]
[0.31, 0.394, 0.316, 0.41, 0.526, 0.326, 0.316, 0.516, 0.478, 0.39, 0.562, 0.378, 0.292, 0.514, 0.268, 0.524, 0.428, 0.416, 0.268]
[0.31, 0.394, 0.316, 0.41, 0.526, 0.326, 0.316, 0.516, 0.478, 0.39, 0.562, 0.378, 0.292, 0.514, 0.268, 0.524, 0.428, 0.416, 0.268, 0.23]
broken out of loop
Total correct retain:  960  Total retain:  2500
Total correct forget:  21832  Total forget:  47500
Total correct test:  167  Total test:  500
Total correct forget test:  4207  Total test forget:  9500
[0.334]
[0.334, 0.424]
[0.334, 0.424, 0.396]
[0.334, 0.424, 0.396, 0.418]
[0.334, 0.424, 0.396, 0.418, 0.52]
[0.334, 0.424, 0.396, 0.418, 0.52, 0.422]
[0.334, 0.424, 0.396, 0.418, 0.52, 0.422, 0.43]
[0.334, 0.424, 0.396, 0.418, 0.52, 0.422, 0.43, 0.548]
[0.334, 0.424, 0.396, 0.418, 0.52, 0.422, 0.43, 0.548, 0.558]
[0.334, 0.424, 0.396, 0.418, 0.52, 0.422, 0.43, 0.548, 0.558, 0.46]
[0.334, 0.424, 0.396, 0.418, 0.52, 0.422, 0.43, 0.548, 0.558, 0.46, 0.58]
[0.334, 0.424, 0.396, 0.418, 0.52, 0.422, 0.43, 0.548, 0.558, 0.46, 0.58, 0.486]
[0.334, 0.424, 0.396, 0.418, 0.52, 0.422, 0.43, 0.548, 0.558, 0.46, 0.58, 0.486, 0.284]
[0.334, 0.424, 0.396, 0.418, 0.52, 0.422, 0.43, 0.548, 0.558, 0.46, 0.58, 0.486, 0.284, 0.558]
[0.334, 0.424, 0.396, 0.418, 0.52, 0.422, 0.43, 0.548, 0.558, 0.46, 0.58, 0.486, 0.284, 0.558, 0.334]
[0.334, 0.424, 0.396, 0.418, 0.52, 0.422, 0.43, 0.548, 0.558, 0.46, 0.58, 0.486, 0.284, 0.558, 0.334, 0.64]
[0.334, 0.424, 0.396, 0.418, 0.52, 0.422, 0.43, 0.548, 0.558, 0.46, 0.58, 0.486, 0.284, 0.558, 0.334, 0.64, 0.474]
[0.334, 0.424, 0.396, 0.418, 0.52, 0.422, 0.43, 0.548, 0.558, 0.46, 0.58, 0.486, 0.284, 0.558, 0.334, 0.64, 0.474, 0.31]
[0.334, 0.424, 0.396, 0.418, 0.52, 0.422, 0.43, 0.548, 0.558, 0.46, 0.58, 0.486, 0.284, 0.558, 0.334, 0.64, 0.474, 0.31, 0.308]
[0.334, 0.424, 0.396, 0.418, 0.52, 0.422, 0.43, 0.548, 0.558, 0.46, 0.58, 0.486, 0.284, 0.558, 0.334, 0.64, 0.474, 0.31, 0.308, 0.264]
broken out of loop
Total correct retain:  794  Total retain:  2500
Total correct forget:  17474  Total forget:  47500
Total correct test:  146  Total test:  500
Total correct forget test:  3371  Total test forget:  9500
[0.292]
[0.292, 0.298]
[0.292, 0.298, 0.336]
[0.292, 0.298, 0.336, 0.318]
[0.292, 0.298, 0.336, 0.318, 0.362]
[0.292, 0.298, 0.336, 0.318, 0.362, 0.342]
[0.292, 0.298, 0.336, 0.318, 0.362, 0.342, 0.398]
[0.292, 0.298, 0.336, 0.318, 0.362, 0.342, 0.398, 0.388]
[0.292, 0.298, 0.336, 0.318, 0.362, 0.342, 0.398, 0.388, 0.438]
[0.292, 0.298, 0.336, 0.318, 0.362, 0.342, 0.398, 0.388, 0.438, 0.348]
[0.292, 0.298, 0.336, 0.318, 0.362, 0.342, 0.398, 0.388, 0.438, 0.348, 0.494]
[0.292, 0.298, 0.336, 0.318, 0.362, 0.342, 0.398, 0.388, 0.438, 0.348, 0.494, 0.424]
[0.292, 0.298, 0.336, 0.318, 0.362, 0.342, 0.398, 0.388, 0.438, 0.348, 0.494, 0.424, 0.266]
[0.292, 0.298, 0.336, 0.318, 0.362, 0.342, 0.398, 0.388, 0.438, 0.348, 0.494, 0.424, 0.266, 0.422]
[0.292, 0.298, 0.336, 0.318, 0.362, 0.342, 0.398, 0.388, 0.438, 0.348, 0.494, 0.424, 0.266, 0.422, 0.3]
[0.292, 0.298, 0.336, 0.318, 0.362, 0.342, 0.398, 0.388, 0.438, 0.348, 0.494, 0.424, 0.266, 0.422, 0.3, 0.468]
[0.292, 0.298, 0.336, 0.318, 0.362, 0.342, 0.398, 0.388, 0.438, 0.348, 0.494, 0.424, 0.266, 0.422, 0.3, 0.468, 0.324]
[0.292, 0.298, 0.336, 0.318, 0.362, 0.342, 0.398, 0.388, 0.438, 0.348, 0.494, 0.424, 0.266, 0.422, 0.3, 0.468, 0.324, 0.268]
[0.292, 0.298, 0.336, 0.318, 0.362, 0.342, 0.398, 0.388, 0.438, 0.348, 0.494, 0.424, 0.266, 0.422, 0.3, 0.468, 0.324, 0.268, 0.288]
[0.292, 0.298, 0.336, 0.318, 0.362, 0.342, 0.398, 0.388, 0.438, 0.348, 0.494, 0.424, 0.266, 0.422, 0.3, 0.468, 0.324, 0.268, 0.288, 0.26]
broken out of loop
Total correct retain:  809  Total retain:  2500
Total correct forget:  17247  Total forget:  47500
Total correct test:  143  Total test:  500
Total correct forget test:  3402  Total test forget:  9500
[0.286]
[0.286, 0.326]
[0.286, 0.326, 0.384]
[0.286, 0.326, 0.384, 0.438]
[0.286, 0.326, 0.384, 0.438, 0.432]
[0.286, 0.326, 0.384, 0.438, 0.432, 0.336]
[0.286, 0.326, 0.384, 0.438, 0.432, 0.336, 0.302]
[0.286, 0.326, 0.384, 0.438, 0.432, 0.336, 0.302, 0.386]
[0.286, 0.326, 0.384, 0.438, 0.432, 0.336, 0.302, 0.386, 0.528]
[0.286, 0.326, 0.384, 0.438, 0.432, 0.336, 0.302, 0.386, 0.528, 0.314]
[0.286, 0.326, 0.384, 0.438, 0.432, 0.336, 0.302, 0.386, 0.528, 0.314, 0.42]
[0.286, 0.326, 0.384, 0.438, 0.432, 0.336, 0.302, 0.386, 0.528, 0.314, 0.42, 0.336]
[0.286, 0.326, 0.384, 0.438, 0.432, 0.336, 0.302, 0.386, 0.528, 0.314, 0.42, 0.336, 0.346]
[0.286, 0.326, 0.384, 0.438, 0.432, 0.336, 0.302, 0.386, 0.528, 0.314, 0.42, 0.336, 0.346, 0.504]
[0.286, 0.326, 0.384, 0.438, 0.432, 0.336, 0.302, 0.386, 0.528, 0.314, 0.42, 0.336, 0.346, 0.504, 0.294]
[0.286, 0.326, 0.384, 0.438, 0.432, 0.336, 0.302, 0.386, 0.528, 0.314, 0.42, 0.336, 0.346, 0.504, 0.294, 0.38]
[0.286, 0.326, 0.384, 0.438, 0.432, 0.336, 0.302, 0.386, 0.528, 0.314, 0.42, 0.336, 0.346, 0.504, 0.294, 0.38, 0.29]
[0.286, 0.326, 0.384, 0.438, 0.432, 0.336, 0.302, 0.386, 0.528, 0.314, 0.42, 0.336, 0.346, 0.504, 0.294, 0.38, 0.29, 0.292]
[0.286, 0.326, 0.384, 0.438, 0.432, 0.336, 0.302, 0.386, 0.528, 0.314, 0.42, 0.336, 0.346, 0.504, 0.294, 0.38, 0.29, 0.292, 0.248]
[0.286, 0.326, 0.384, 0.438, 0.432, 0.336, 0.302, 0.386, 0.528, 0.314, 0.42, 0.336, 0.346, 0.504, 0.294, 0.38, 0.29, 0.292, 0.248, 0.248]
broken out of loop
Total correct retain:  857  Total retain:  2500
Total correct forget:  17146  Total forget:  47500
Total correct test:  147  Total test:  500
Total correct forget test:  3363  Total test forget:  9500
[0.294]
[0.294, 0.34]
[0.294, 0.34, 0.382]
[0.294, 0.34, 0.382, 0.38]
[0.294, 0.34, 0.382, 0.38, 0.422]
[0.294, 0.34, 0.382, 0.38, 0.422, 0.388]
[0.294, 0.34, 0.382, 0.38, 0.422, 0.388, 0.374]
[0.294, 0.34, 0.382, 0.38, 0.422, 0.388, 0.374, 0.364]
[0.294, 0.34, 0.382, 0.38, 0.422, 0.388, 0.374, 0.364, 0.548]
[0.294, 0.34, 0.382, 0.38, 0.422, 0.388, 0.374, 0.364, 0.548, 0.32]
[0.294, 0.34, 0.382, 0.38, 0.422, 0.388, 0.374, 0.364, 0.548, 0.32, 0.394]
[0.294, 0.34, 0.382, 0.38, 0.422, 0.388, 0.374, 0.364, 0.548, 0.32, 0.394, 0.332]
[0.294, 0.34, 0.382, 0.38, 0.422, 0.388, 0.374, 0.364, 0.548, 0.32, 0.394, 0.332, 0.336]
[0.294, 0.34, 0.382, 0.38, 0.422, 0.388, 0.374, 0.364, 0.548, 0.32, 0.394, 0.332, 0.336, 0.492]
[0.294, 0.34, 0.382, 0.38, 0.422, 0.388, 0.374, 0.364, 0.548, 0.32, 0.394, 0.332, 0.336, 0.492, 0.252]
[0.294, 0.34, 0.382, 0.38, 0.422, 0.388, 0.374, 0.364, 0.548, 0.32, 0.394, 0.332, 0.336, 0.492, 0.252, 0.372]
[0.294, 0.34, 0.382, 0.38, 0.422, 0.388, 0.374, 0.364, 0.548, 0.32, 0.394, 0.332, 0.336, 0.492, 0.252, 0.372, 0.274]
[0.294, 0.34, 0.382, 0.38, 0.422, 0.388, 0.374, 0.364, 0.548, 0.32, 0.394, 0.332, 0.336, 0.492, 0.252, 0.372, 0.274, 0.284]
[0.294, 0.34, 0.382, 0.38, 0.422, 0.388, 0.374, 0.364, 0.548, 0.32, 0.394, 0.332, 0.336, 0.492, 0.252, 0.372, 0.274, 0.284, 0.248]
[0.294, 0.34, 0.382, 0.38, 0.422, 0.388, 0.374, 0.364, 0.548, 0.32, 0.394, 0.332, 0.336, 0.492, 0.252, 0.372, 0.274, 0.284, 0.248, 0.224]
broken out of loop
Total correct retain:  776  Total retain:  2500
Total correct forget:  15357  Total forget:  47500
Total correct test:  154  Total test:  500
Total correct forget test:  3005  Total test forget:  9500
[0.308]
[0.308, 0.314]
[0.308, 0.314, 0.316]
[0.308, 0.314, 0.316, 0.402]
[0.308, 0.314, 0.316, 0.402, 0.366]
[0.308, 0.314, 0.316, 0.402, 0.366, 0.372]
[0.308, 0.314, 0.316, 0.402, 0.366, 0.372, 0.288]
[0.308, 0.314, 0.316, 0.402, 0.366, 0.372, 0.288, 0.304]
[0.308, 0.314, 0.316, 0.402, 0.366, 0.372, 0.288, 0.304, 0.53]
[0.308, 0.314, 0.316, 0.402, 0.366, 0.372, 0.288, 0.304, 0.53, 0.296]
[0.308, 0.314, 0.316, 0.402, 0.366, 0.372, 0.288, 0.304, 0.53, 0.296, 0.37]
[0.308, 0.314, 0.316, 0.402, 0.366, 0.372, 0.288, 0.304, 0.53, 0.296, 0.37, 0.296]
[0.308, 0.314, 0.316, 0.402, 0.366, 0.372, 0.288, 0.304, 0.53, 0.296, 0.37, 0.296, 0.286]
[0.308, 0.314, 0.316, 0.402, 0.366, 0.372, 0.288, 0.304, 0.53, 0.296, 0.37, 0.296, 0.286, 0.374]
[0.308, 0.314, 0.316, 0.402, 0.366, 0.372, 0.288, 0.304, 0.53, 0.296, 0.37, 0.296, 0.286, 0.374, 0.178]
[0.308, 0.314, 0.316, 0.402, 0.366, 0.372, 0.288, 0.304, 0.53, 0.296, 0.37, 0.296, 0.286, 0.374, 0.178, 0.37]
[0.308, 0.314, 0.316, 0.402, 0.366, 0.372, 0.288, 0.304, 0.53, 0.296, 0.37, 0.296, 0.286, 0.374, 0.178, 0.37, 0.19]
[0.308, 0.314, 0.316, 0.402, 0.366, 0.372, 0.288, 0.304, 0.53, 0.296, 0.37, 0.296, 0.286, 0.374, 0.178, 0.37, 0.19, 0.316]
[0.308, 0.314, 0.316, 0.402, 0.366, 0.372, 0.288, 0.304, 0.53, 0.296, 0.37, 0.296, 0.286, 0.374, 0.178, 0.37, 0.19, 0.316, 0.178]
[0.308, 0.314, 0.316, 0.402, 0.366, 0.372, 0.288, 0.304, 0.53, 0.296, 0.37, 0.296, 0.286, 0.374, 0.178, 0.37, 0.19, 0.316, 0.178, 0.264]
broken out of loop
Total correct retain:  743  Total retain:  2500
Total correct forget:  16352  Total forget:  47500
Total correct test:  132  Total test:  500
Total correct forget test:  3257  Total test forget:  9500
[0.264]
[0.264, 0.346]
[0.264, 0.346, 0.35]
[0.264, 0.346, 0.35, 0.424]
[0.264, 0.346, 0.35, 0.424, 0.436]
[0.264, 0.346, 0.35, 0.424, 0.436, 0.424]
[0.264, 0.346, 0.35, 0.424, 0.436, 0.424, 0.404]
[0.264, 0.346, 0.35, 0.424, 0.436, 0.424, 0.404, 0.432]
[0.264, 0.346, 0.35, 0.424, 0.436, 0.424, 0.404, 0.432, 0.548]
[0.264, 0.346, 0.35, 0.424, 0.436, 0.424, 0.404, 0.432, 0.548, 0.246]
[0.264, 0.346, 0.35, 0.424, 0.436, 0.424, 0.404, 0.432, 0.548, 0.246, 0.412]
[0.264, 0.346, 0.35, 0.424, 0.436, 0.424, 0.404, 0.432, 0.548, 0.246, 0.412, 0.358]
[0.264, 0.346, 0.35, 0.424, 0.436, 0.424, 0.404, 0.432, 0.548, 0.246, 0.412, 0.358, 0.234]
[0.264, 0.346, 0.35, 0.424, 0.436, 0.424, 0.404, 0.432, 0.548, 0.246, 0.412, 0.358, 0.234, 0.318]
[0.264, 0.346, 0.35, 0.424, 0.436, 0.424, 0.404, 0.432, 0.548, 0.246, 0.412, 0.358, 0.234, 0.318, 0.164]
[0.264, 0.346, 0.35, 0.424, 0.436, 0.424, 0.404, 0.432, 0.548, 0.246, 0.412, 0.358, 0.234, 0.318, 0.164, 0.388]
[0.264, 0.346, 0.35, 0.424, 0.436, 0.424, 0.404, 0.432, 0.548, 0.246, 0.412, 0.358, 0.234, 0.318, 0.164, 0.388, 0.218]
[0.264, 0.346, 0.35, 0.424, 0.436, 0.424, 0.404, 0.432, 0.548, 0.246, 0.412, 0.358, 0.234, 0.318, 0.164, 0.388, 0.218, 0.298]
[0.264, 0.346, 0.35, 0.424, 0.436, 0.424, 0.404, 0.432, 0.548, 0.246, 0.412, 0.358, 0.234, 0.318, 0.164, 0.388, 0.218, 0.298, 0.244]
[0.264, 0.346, 0.35, 0.424, 0.436, 0.424, 0.404, 0.432, 0.548, 0.246, 0.412, 0.358, 0.234, 0.318, 0.164, 0.388, 0.218, 0.298, 0.244, 0.27]
broken out of loop
Total correct retain:  798  Total retain:  2500
Total correct forget:  16195  Total forget:  47500
Total correct test:  159  Total test:  500
Total correct forget test:  3192  Total test forget:  9500
[0.318]
[0.318, 0.364]
[0.318, 0.364, 0.348]
[0.318, 0.364, 0.348, 0.462]
[0.318, 0.364, 0.348, 0.462, 0.448]
[0.318, 0.364, 0.348, 0.462, 0.448, 0.428]
[0.318, 0.364, 0.348, 0.462, 0.448, 0.428, 0.396]
[0.318, 0.364, 0.348, 0.462, 0.448, 0.428, 0.396, 0.428]
[0.318, 0.364, 0.348, 0.462, 0.448, 0.428, 0.396, 0.428, 0.542]
[0.318, 0.364, 0.348, 0.462, 0.448, 0.428, 0.396, 0.428, 0.542, 0.272]
[0.318, 0.364, 0.348, 0.462, 0.448, 0.428, 0.396, 0.428, 0.542, 0.272, 0.438]
[0.318, 0.364, 0.348, 0.462, 0.448, 0.428, 0.396, 0.428, 0.542, 0.272, 0.438, 0.246]
[0.318, 0.364, 0.348, 0.462, 0.448, 0.428, 0.396, 0.428, 0.542, 0.272, 0.438, 0.246, 0.266]
[0.318, 0.364, 0.348, 0.462, 0.448, 0.428, 0.396, 0.428, 0.542, 0.272, 0.438, 0.246, 0.266, 0.336]
[0.318, 0.364, 0.348, 0.462, 0.448, 0.428, 0.396, 0.428, 0.542, 0.272, 0.438, 0.246, 0.266, 0.336, 0.182]
[0.318, 0.364, 0.348, 0.462, 0.448, 0.428, 0.396, 0.428, 0.542, 0.272, 0.438, 0.246, 0.266, 0.336, 0.182, 0.314]
[0.318, 0.364, 0.348, 0.462, 0.448, 0.428, 0.396, 0.428, 0.542, 0.272, 0.438, 0.246, 0.266, 0.336, 0.182, 0.314, 0.224]
[0.318, 0.364, 0.348, 0.462, 0.448, 0.428, 0.396, 0.428, 0.542, 0.272, 0.438, 0.246, 0.266, 0.336, 0.182, 0.314, 0.224, 0.262]
[0.318, 0.364, 0.348, 0.462, 0.448, 0.428, 0.396, 0.428, 0.542, 0.272, 0.438, 0.246, 0.266, 0.336, 0.182, 0.314, 0.224, 0.262, 0.212]
[0.318, 0.364, 0.348, 0.462, 0.448, 0.428, 0.396, 0.428, 0.542, 0.272, 0.438, 0.246, 0.266, 0.336, 0.182, 0.314, 0.224, 0.262, 0.212, 0.216]
broken out of loop
Total correct retain:  865  Total retain:  2500
Total correct forget:  15401  Total forget:  47500
Total correct test:  162  Total test:  500
Total correct forget test:  2991  Total test forget:  9500
[0.324]
[0.324, 0.26]
[0.324, 0.26, 0.328]
[0.324, 0.26, 0.328, 0.456]
[0.324, 0.26, 0.328, 0.456, 0.478]
[0.324, 0.26, 0.328, 0.456, 0.478, 0.466]
[0.324, 0.26, 0.328, 0.456, 0.478, 0.466, 0.298]
[0.324, 0.26, 0.328, 0.456, 0.478, 0.466, 0.298, 0.29]
[0.324, 0.26, 0.328, 0.456, 0.478, 0.466, 0.298, 0.29, 0.534]
[0.324, 0.26, 0.328, 0.456, 0.478, 0.466, 0.298, 0.29, 0.534, 0.28]
[0.324, 0.26, 0.328, 0.456, 0.478, 0.466, 0.298, 0.29, 0.534, 0.28, 0.296]
[0.324, 0.26, 0.328, 0.456, 0.478, 0.466, 0.298, 0.29, 0.534, 0.28, 0.296, 0.248]
[0.324, 0.26, 0.328, 0.456, 0.478, 0.466, 0.298, 0.29, 0.534, 0.28, 0.296, 0.248, 0.296]
[0.324, 0.26, 0.328, 0.456, 0.478, 0.466, 0.298, 0.29, 0.534, 0.28, 0.296, 0.248, 0.296, 0.296]
[0.324, 0.26, 0.328, 0.456, 0.478, 0.466, 0.298, 0.29, 0.534, 0.28, 0.296, 0.248, 0.296, 0.296, 0.164]
[0.324, 0.26, 0.328, 0.456, 0.478, 0.466, 0.298, 0.29, 0.534, 0.28, 0.296, 0.248, 0.296, 0.296, 0.164, 0.32]
[0.324, 0.26, 0.328, 0.456, 0.478, 0.466, 0.298, 0.29, 0.534, 0.28, 0.296, 0.248, 0.296, 0.296, 0.164, 0.32, 0.21]
[0.324, 0.26, 0.328, 0.456, 0.478, 0.466, 0.298, 0.29, 0.534, 0.28, 0.296, 0.248, 0.296, 0.296, 0.164, 0.32, 0.21, 0.268]
[0.324, 0.26, 0.328, 0.456, 0.478, 0.466, 0.298, 0.29, 0.534, 0.28, 0.296, 0.248, 0.296, 0.296, 0.164, 0.32, 0.21, 0.268, 0.25]
[0.324, 0.26, 0.328, 0.456, 0.478, 0.466, 0.298, 0.29, 0.534, 0.28, 0.296, 0.248, 0.296, 0.296, 0.164, 0.32, 0.21, 0.268, 0.25, 0.244]
broken out of loop
Total correct retain:  857  Total retain:  2500
Total correct forget:  15360  Total forget:  47500
Total correct test:  166  Total test:  500
Total correct forget test:  3036  Total test forget:  9500
[0.332]
[0.332, 0.306]
[0.332, 0.306, 0.362]
[0.332, 0.306, 0.362, 0.424]
[0.332, 0.306, 0.362, 0.424, 0.508]
[0.332, 0.306, 0.362, 0.424, 0.508, 0.458]
[0.332, 0.306, 0.362, 0.424, 0.508, 0.458, 0.294]
[0.332, 0.306, 0.362, 0.424, 0.508, 0.458, 0.294, 0.284]
[0.332, 0.306, 0.362, 0.424, 0.508, 0.458, 0.294, 0.284, 0.4]
[0.332, 0.306, 0.362, 0.424, 0.508, 0.458, 0.294, 0.284, 0.4, 0.206]
[0.332, 0.306, 0.362, 0.424, 0.508, 0.458, 0.294, 0.284, 0.4, 0.206, 0.314]
[0.332, 0.306, 0.362, 0.424, 0.508, 0.458, 0.294, 0.284, 0.4, 0.206, 0.314, 0.248]
[0.332, 0.306, 0.362, 0.424, 0.508, 0.458, 0.294, 0.284, 0.4, 0.206, 0.314, 0.248, 0.322]
[0.332, 0.306, 0.362, 0.424, 0.508, 0.458, 0.294, 0.284, 0.4, 0.206, 0.314, 0.248, 0.322, 0.3]
[0.332, 0.306, 0.362, 0.424, 0.508, 0.458, 0.294, 0.284, 0.4, 0.206, 0.314, 0.248, 0.322, 0.3, 0.21]
[0.332, 0.306, 0.362, 0.424, 0.508, 0.458, 0.294, 0.284, 0.4, 0.206, 0.314, 0.248, 0.322, 0.3, 0.21, 0.392]
[0.332, 0.306, 0.362, 0.424, 0.508, 0.458, 0.294, 0.284, 0.4, 0.206, 0.314, 0.248, 0.322, 0.3, 0.21, 0.392, 0.216]
[0.332, 0.306, 0.362, 0.424, 0.508, 0.458, 0.294, 0.284, 0.4, 0.206, 0.314, 0.248, 0.322, 0.3, 0.21, 0.392, 0.216, 0.278]
[0.332, 0.306, 0.362, 0.424, 0.508, 0.458, 0.294, 0.284, 0.4, 0.206, 0.314, 0.248, 0.322, 0.3, 0.21, 0.392, 0.216, 0.278, 0.236]
[0.332, 0.306, 0.362, 0.424, 0.508, 0.458, 0.294, 0.284, 0.4, 0.206, 0.314, 0.248, 0.322, 0.3, 0.21, 0.392, 0.216, 0.278, 0.236, 0.314]
broken out of loop
Total correct retain:  858  Total retain:  2500
Total correct forget:  14379  Total forget:  47500
Total correct test:  158  Total test:  500
Total correct forget test:  2841  Total test forget:  9500
[0.316]
[0.316, 0.288]
[0.316, 0.288, 0.39]
[0.316, 0.288, 0.39, 0.384]
[0.316, 0.288, 0.39, 0.384, 0.462]
[0.316, 0.288, 0.39, 0.384, 0.462, 0.352]
[0.316, 0.288, 0.39, 0.384, 0.462, 0.352, 0.352]
[0.316, 0.288, 0.39, 0.384, 0.462, 0.352, 0.352, 0.31]
[0.316, 0.288, 0.39, 0.384, 0.462, 0.352, 0.352, 0.31, 0.23]
[0.316, 0.288, 0.39, 0.384, 0.462, 0.352, 0.352, 0.31, 0.23, 0.16]
[0.316, 0.288, 0.39, 0.384, 0.462, 0.352, 0.352, 0.31, 0.23, 0.16, 0.266]
[0.316, 0.288, 0.39, 0.384, 0.462, 0.352, 0.352, 0.31, 0.23, 0.16, 0.266, 0.24]
[0.316, 0.288, 0.39, 0.384, 0.462, 0.352, 0.352, 0.31, 0.23, 0.16, 0.266, 0.24, 0.31]
[0.316, 0.288, 0.39, 0.384, 0.462, 0.352, 0.352, 0.31, 0.23, 0.16, 0.266, 0.24, 0.31, 0.264]
[0.316, 0.288, 0.39, 0.384, 0.462, 0.352, 0.352, 0.31, 0.23, 0.16, 0.266, 0.24, 0.31, 0.264, 0.21]
[0.316, 0.288, 0.39, 0.384, 0.462, 0.352, 0.352, 0.31, 0.23, 0.16, 0.266, 0.24, 0.31, 0.264, 0.21, 0.354]
[0.316, 0.288, 0.39, 0.384, 0.462, 0.352, 0.352, 0.31, 0.23, 0.16, 0.266, 0.24, 0.31, 0.264, 0.21, 0.354, 0.262]
[0.316, 0.288, 0.39, 0.384, 0.462, 0.352, 0.352, 0.31, 0.23, 0.16, 0.266, 0.24, 0.31, 0.264, 0.21, 0.354, 0.262, 0.268]
[0.316, 0.288, 0.39, 0.384, 0.462, 0.352, 0.352, 0.31, 0.23, 0.16, 0.266, 0.24, 0.31, 0.264, 0.21, 0.354, 0.262, 0.268, 0.264]
[0.316, 0.288, 0.39, 0.384, 0.462, 0.352, 0.352, 0.31, 0.23, 0.16, 0.266, 0.24, 0.31, 0.264, 0.21, 0.354, 0.262, 0.268, 0.264, 0.316]
broken out of loop
Total correct retain:  912  Total retain:  2500
Total correct forget:  13377  Total forget:  47500
Total correct test:  183  Total test:  500
Total correct forget test:  2613  Total test forget:  9500
[0.366]
[0.366, 0.276]
[0.366, 0.276, 0.324]
[0.366, 0.276, 0.324, 0.324]
[0.366, 0.276, 0.324, 0.324, 0.47]
[0.366, 0.276, 0.324, 0.324, 0.47, 0.382]
[0.366, 0.276, 0.324, 0.324, 0.47, 0.382, 0.346]
[0.366, 0.276, 0.324, 0.324, 0.47, 0.382, 0.346, 0.222]
[0.366, 0.276, 0.324, 0.324, 0.47, 0.382, 0.346, 0.222, 0.264]
[0.366, 0.276, 0.324, 0.324, 0.47, 0.382, 0.346, 0.222, 0.264, 0.126]
[0.366, 0.276, 0.324, 0.324, 0.47, 0.382, 0.346, 0.222, 0.264, 0.126, 0.26]
[0.366, 0.276, 0.324, 0.324, 0.47, 0.382, 0.346, 0.222, 0.264, 0.126, 0.26, 0.202]
[0.366, 0.276, 0.324, 0.324, 0.47, 0.382, 0.346, 0.222, 0.264, 0.126, 0.26, 0.202, 0.27]
[0.366, 0.276, 0.324, 0.324, 0.47, 0.382, 0.346, 0.222, 0.264, 0.126, 0.26, 0.202, 0.27, 0.244]
[0.366, 0.276, 0.324, 0.324, 0.47, 0.382, 0.346, 0.222, 0.264, 0.126, 0.26, 0.202, 0.27, 0.244, 0.16]
[0.366, 0.276, 0.324, 0.324, 0.47, 0.382, 0.346, 0.222, 0.264, 0.126, 0.26, 0.202, 0.27, 0.244, 0.16, 0.342]
[0.366, 0.276, 0.324, 0.324, 0.47, 0.382, 0.346, 0.222, 0.264, 0.126, 0.26, 0.202, 0.27, 0.244, 0.16, 0.342, 0.206]
[0.366, 0.276, 0.324, 0.324, 0.47, 0.382, 0.346, 0.222, 0.264, 0.126, 0.26, 0.202, 0.27, 0.244, 0.16, 0.342, 0.206, 0.268]
[0.366, 0.276, 0.324, 0.324, 0.47, 0.382, 0.346, 0.222, 0.264, 0.126, 0.26, 0.202, 0.27, 0.244, 0.16, 0.342, 0.206, 0.268, 0.232]
[0.366, 0.276, 0.324, 0.324, 0.47, 0.382, 0.346, 0.222, 0.264, 0.126, 0.26, 0.202, 0.27, 0.244, 0.16, 0.342, 0.206, 0.268, 0.232, 0.308]
broken out of loop
Total correct retain:  921  Total retain:  2500
Total correct forget:  13547  Total forget:  47500
Total correct test:  175  Total test:  500
Total correct forget test:  2668  Total test forget:  9500
[0.35]
[0.35, 0.242]
[0.35, 0.242, 0.376]
[0.35, 0.242, 0.376, 0.414]
[0.35, 0.242, 0.376, 0.414, 0.45]
[0.35, 0.242, 0.376, 0.414, 0.45, 0.43]
[0.35, 0.242, 0.376, 0.414, 0.45, 0.43, 0.35]
[0.35, 0.242, 0.376, 0.414, 0.45, 0.43, 0.35, 0.22]
[0.35, 0.242, 0.376, 0.414, 0.45, 0.43, 0.35, 0.22, 0.25]
[0.35, 0.242, 0.376, 0.414, 0.45, 0.43, 0.35, 0.22, 0.25, 0.164]
[0.35, 0.242, 0.376, 0.414, 0.45, 0.43, 0.35, 0.22, 0.25, 0.164, 0.266]
[0.35, 0.242, 0.376, 0.414, 0.45, 0.43, 0.35, 0.22, 0.25, 0.164, 0.266, 0.202]
[0.35, 0.242, 0.376, 0.414, 0.45, 0.43, 0.35, 0.22, 0.25, 0.164, 0.266, 0.202, 0.296]
[0.35, 0.242, 0.376, 0.414, 0.45, 0.43, 0.35, 0.22, 0.25, 0.164, 0.266, 0.202, 0.296, 0.266]
[0.35, 0.242, 0.376, 0.414, 0.45, 0.43, 0.35, 0.22, 0.25, 0.164, 0.266, 0.202, 0.296, 0.266, 0.162]
[0.35, 0.242, 0.376, 0.414, 0.45, 0.43, 0.35, 0.22, 0.25, 0.164, 0.266, 0.202, 0.296, 0.266, 0.162, 0.32]
[0.35, 0.242, 0.376, 0.414, 0.45, 0.43, 0.35, 0.22, 0.25, 0.164, 0.266, 0.202, 0.296, 0.266, 0.162, 0.32, 0.218]
[0.35, 0.242, 0.376, 0.414, 0.45, 0.43, 0.35, 0.22, 0.25, 0.164, 0.266, 0.202, 0.296, 0.266, 0.162, 0.32, 0.218, 0.248]
[0.35, 0.242, 0.376, 0.414, 0.45, 0.43, 0.35, 0.22, 0.25, 0.164, 0.266, 0.202, 0.296, 0.266, 0.162, 0.32, 0.218, 0.248, 0.218]
[0.35, 0.242, 0.376, 0.414, 0.45, 0.43, 0.35, 0.22, 0.25, 0.164, 0.266, 0.202, 0.296, 0.266, 0.162, 0.32, 0.218, 0.248, 0.218, 0.244]
broken out of loop
Total correct retain:  1012  Total retain:  2500
Total correct forget:  13897  Total forget:  47500
Total correct test:  193  Total test:  500
Total correct forget test:  2753  Total test forget:  9500
[0.386]
[0.386, 0.32]
[0.386, 0.32, 0.376]
[0.386, 0.32, 0.376, 0.43]
[0.386, 0.32, 0.376, 0.43, 0.45]
[0.386, 0.32, 0.376, 0.43, 0.45, 0.236]
[0.386, 0.32, 0.376, 0.43, 0.45, 0.236, 0.328]
[0.386, 0.32, 0.376, 0.43, 0.45, 0.236, 0.328, 0.266]
[0.386, 0.32, 0.376, 0.43, 0.45, 0.236, 0.328, 0.266, 0.25]
[0.386, 0.32, 0.376, 0.43, 0.45, 0.236, 0.328, 0.266, 0.25, 0.176]
[0.386, 0.32, 0.376, 0.43, 0.45, 0.236, 0.328, 0.266, 0.25, 0.176, 0.26]
[0.386, 0.32, 0.376, 0.43, 0.45, 0.236, 0.328, 0.266, 0.25, 0.176, 0.26, 0.206]
[0.386, 0.32, 0.376, 0.43, 0.45, 0.236, 0.328, 0.266, 0.25, 0.176, 0.26, 0.206, 0.254]
[0.386, 0.32, 0.376, 0.43, 0.45, 0.236, 0.328, 0.266, 0.25, 0.176, 0.26, 0.206, 0.254, 0.26]
[0.386, 0.32, 0.376, 0.43, 0.45, 0.236, 0.328, 0.266, 0.25, 0.176, 0.26, 0.206, 0.254, 0.26, 0.22]
[0.386, 0.32, 0.376, 0.43, 0.45, 0.236, 0.328, 0.266, 0.25, 0.176, 0.26, 0.206, 0.254, 0.26, 0.22, 0.358]
[0.386, 0.32, 0.376, 0.43, 0.45, 0.236, 0.328, 0.266, 0.25, 0.176, 0.26, 0.206, 0.254, 0.26, 0.22, 0.358, 0.3]
[0.386, 0.32, 0.376, 0.43, 0.45, 0.236, 0.328, 0.266, 0.25, 0.176, 0.26, 0.206, 0.254, 0.26, 0.22, 0.358, 0.3, 0.26]
[0.386, 0.32, 0.376, 0.43, 0.45, 0.236, 0.328, 0.266, 0.25, 0.176, 0.26, 0.206, 0.254, 0.26, 0.22, 0.358, 0.3, 0.26, 0.242]
[0.386, 0.32, 0.376, 0.43, 0.45, 0.236, 0.328, 0.266, 0.25, 0.176, 0.26, 0.206, 0.254, 0.26, 0.22, 0.358, 0.3, 0.26, 0.242, 0.314]
broken out of loop
Total correct retain:  715  Total retain:  2500
Total correct forget:  12522  Total forget:  47500
Total correct test:  140  Total test:  500
Total correct forget test:  2492  Total test forget:  9500
[0.28]
[0.28, 0.312]
[0.28, 0.312, 0.378]
[0.28, 0.312, 0.378, 0.382]
[0.28, 0.312, 0.378, 0.382, 0.264]
[0.28, 0.312, 0.378, 0.382, 0.264, 0.194]
[0.28, 0.312, 0.378, 0.382, 0.264, 0.194, 0.284]
[0.28, 0.312, 0.378, 0.382, 0.264, 0.194, 0.284, 0.238]
[0.28, 0.312, 0.378, 0.382, 0.264, 0.194, 0.284, 0.238, 0.18]
[0.28, 0.312, 0.378, 0.382, 0.264, 0.194, 0.284, 0.238, 0.18, 0.128]
[0.28, 0.312, 0.378, 0.382, 0.264, 0.194, 0.284, 0.238, 0.18, 0.128, 0.238]
[0.28, 0.312, 0.378, 0.382, 0.264, 0.194, 0.284, 0.238, 0.18, 0.128, 0.238, 0.246]
[0.28, 0.312, 0.378, 0.382, 0.264, 0.194, 0.284, 0.238, 0.18, 0.128, 0.238, 0.246, 0.264]
[0.28, 0.312, 0.378, 0.382, 0.264, 0.194, 0.284, 0.238, 0.18, 0.128, 0.238, 0.246, 0.264, 0.26]
[0.28, 0.312, 0.378, 0.382, 0.264, 0.194, 0.284, 0.238, 0.18, 0.128, 0.238, 0.246, 0.264, 0.26, 0.226]
[0.28, 0.312, 0.378, 0.382, 0.264, 0.194, 0.284, 0.238, 0.18, 0.128, 0.238, 0.246, 0.264, 0.26, 0.226, 0.318]
[0.28, 0.312, 0.378, 0.382, 0.264, 0.194, 0.284, 0.238, 0.18, 0.128, 0.238, 0.246, 0.264, 0.26, 0.226, 0.318, 0.262]
[0.28, 0.312, 0.378, 0.382, 0.264, 0.194, 0.284, 0.238, 0.18, 0.128, 0.238, 0.246, 0.264, 0.26, 0.226, 0.318, 0.262, 0.262]
[0.28, 0.312, 0.378, 0.382, 0.264, 0.194, 0.284, 0.238, 0.18, 0.128, 0.238, 0.246, 0.264, 0.26, 0.226, 0.318, 0.262, 0.262, 0.242]
[0.28, 0.312, 0.378, 0.382, 0.264, 0.194, 0.284, 0.238, 0.18, 0.128, 0.238, 0.246, 0.264, 0.26, 0.226, 0.318, 0.262, 0.262, 0.242, 0.306]
broken out of loop
Total correct retain:  808  Total retain:  2500
Total correct forget:  12327  Total forget:  47500
Total correct test:  164  Total test:  500
Total correct forget test:  2430  Total test forget:  9500
[0.328]
[0.328, 0.364]
[0.328, 0.364, 0.386]
[0.328, 0.364, 0.386, 0.258]
[0.328, 0.364, 0.386, 0.258, 0.316]
[0.328, 0.364, 0.386, 0.258, 0.316, 0.214]
[0.328, 0.364, 0.386, 0.258, 0.316, 0.214, 0.252]
[0.328, 0.364, 0.386, 0.258, 0.316, 0.214, 0.252, 0.22]
[0.328, 0.364, 0.386, 0.258, 0.316, 0.214, 0.252, 0.22, 0.198]
[0.328, 0.364, 0.386, 0.258, 0.316, 0.214, 0.252, 0.22, 0.198, 0.128]
[0.328, 0.364, 0.386, 0.258, 0.316, 0.214, 0.252, 0.22, 0.198, 0.128, 0.228]
[0.328, 0.364, 0.386, 0.258, 0.316, 0.214, 0.252, 0.22, 0.198, 0.128, 0.228, 0.258]
[0.328, 0.364, 0.386, 0.258, 0.316, 0.214, 0.252, 0.22, 0.198, 0.128, 0.228, 0.258, 0.296]
[0.328, 0.364, 0.386, 0.258, 0.316, 0.214, 0.252, 0.22, 0.198, 0.128, 0.228, 0.258, 0.296, 0.27]
[0.328, 0.364, 0.386, 0.258, 0.316, 0.214, 0.252, 0.22, 0.198, 0.128, 0.228, 0.258, 0.296, 0.27, 0.176]
[0.328, 0.364, 0.386, 0.258, 0.316, 0.214, 0.252, 0.22, 0.198, 0.128, 0.228, 0.258, 0.296, 0.27, 0.176, 0.264]
[0.328, 0.364, 0.386, 0.258, 0.316, 0.214, 0.252, 0.22, 0.198, 0.128, 0.228, 0.258, 0.296, 0.27, 0.176, 0.264, 0.202]
[0.328, 0.364, 0.386, 0.258, 0.316, 0.214, 0.252, 0.22, 0.198, 0.128, 0.228, 0.258, 0.296, 0.27, 0.176, 0.264, 0.202, 0.294]
[0.328, 0.364, 0.386, 0.258, 0.316, 0.214, 0.252, 0.22, 0.198, 0.128, 0.228, 0.258, 0.296, 0.27, 0.176, 0.264, 0.202, 0.294, 0.222]
[0.328, 0.364, 0.386, 0.258, 0.316, 0.214, 0.252, 0.22, 0.198, 0.128, 0.228, 0.258, 0.296, 0.27, 0.176, 0.264, 0.202, 0.294, 0.222, 0.314]
broken out of loop
Total correct retain:  800  Total retain:  2500
Total correct forget:  10448  Total forget:  47500
Total correct test:  164  Total test:  500
Total correct forget test:  2107  Total test forget:  9500
[0.328]
[0.328, 0.272]
[0.328, 0.272, 0.306]
[0.328, 0.272, 0.306, 0.24]
[0.328, 0.272, 0.306, 0.24, 0.27]
[0.328, 0.272, 0.306, 0.24, 0.27, 0.224]
[0.328, 0.272, 0.306, 0.24, 0.27, 0.224, 0.252]
[0.328, 0.272, 0.306, 0.24, 0.27, 0.224, 0.252, 0.22]
[0.328, 0.272, 0.306, 0.24, 0.27, 0.224, 0.252, 0.22, 0.144]
[0.328, 0.272, 0.306, 0.24, 0.27, 0.224, 0.252, 0.22, 0.144, 0.108]
[0.328, 0.272, 0.306, 0.24, 0.27, 0.224, 0.252, 0.22, 0.144, 0.108, 0.16]
[0.328, 0.272, 0.306, 0.24, 0.27, 0.224, 0.252, 0.22, 0.144, 0.108, 0.16, 0.206]
[0.328, 0.272, 0.306, 0.24, 0.27, 0.224, 0.252, 0.22, 0.144, 0.108, 0.16, 0.206, 0.282]
[0.328, 0.272, 0.306, 0.24, 0.27, 0.224, 0.252, 0.22, 0.144, 0.108, 0.16, 0.206, 0.282, 0.232]
[0.328, 0.272, 0.306, 0.24, 0.27, 0.224, 0.252, 0.22, 0.144, 0.108, 0.16, 0.206, 0.282, 0.232, 0.17]
[0.328, 0.272, 0.306, 0.24, 0.27, 0.224, 0.252, 0.22, 0.144, 0.108, 0.16, 0.206, 0.282, 0.232, 0.17, 0.278]
[0.328, 0.272, 0.306, 0.24, 0.27, 0.224, 0.252, 0.22, 0.144, 0.108, 0.16, 0.206, 0.282, 0.232, 0.17, 0.278, 0.17]
[0.328, 0.272, 0.306, 0.24, 0.27, 0.224, 0.252, 0.22, 0.144, 0.108, 0.16, 0.206, 0.282, 0.232, 0.17, 0.278, 0.17, 0.258]
[0.328, 0.272, 0.306, 0.24, 0.27, 0.224, 0.252, 0.22, 0.144, 0.108, 0.16, 0.206, 0.282, 0.232, 0.17, 0.278, 0.17, 0.258, 0.18]
[0.328, 0.272, 0.306, 0.24, 0.27, 0.224, 0.252, 0.22, 0.144, 0.108, 0.16, 0.206, 0.282, 0.232, 0.17, 0.278, 0.17, 0.258, 0.18, 0.242]
broken out of loop
Total correct retain:  994  Total retain:  2500
Total correct forget:  10247  Total forget:  47500
Total correct test:  178  Total test:  500
Total correct forget test:  2045  Total test forget:  9500
[0.356]
[0.356, 0.202]
[0.356, 0.202, 0.306]
[0.356, 0.202, 0.306, 0.162]
[0.356, 0.202, 0.306, 0.162, 0.254]
[0.356, 0.202, 0.306, 0.162, 0.254, 0.222]
[0.356, 0.202, 0.306, 0.162, 0.254, 0.222, 0.226]
[0.356, 0.202, 0.306, 0.162, 0.254, 0.222, 0.226, 0.23]
[0.356, 0.202, 0.306, 0.162, 0.254, 0.222, 0.226, 0.23, 0.136]
[0.356, 0.202, 0.306, 0.162, 0.254, 0.222, 0.226, 0.23, 0.136, 0.126]
[0.356, 0.202, 0.306, 0.162, 0.254, 0.222, 0.226, 0.23, 0.136, 0.126, 0.168]
[0.356, 0.202, 0.306, 0.162, 0.254, 0.222, 0.226, 0.23, 0.136, 0.126, 0.168, 0.206]
[0.356, 0.202, 0.306, 0.162, 0.254, 0.222, 0.226, 0.23, 0.136, 0.126, 0.168, 0.206, 0.23]
[0.356, 0.202, 0.306, 0.162, 0.254, 0.222, 0.226, 0.23, 0.136, 0.126, 0.168, 0.206, 0.23, 0.224]
[0.356, 0.202, 0.306, 0.162, 0.254, 0.222, 0.226, 0.23, 0.136, 0.126, 0.168, 0.206, 0.23, 0.224, 0.2]
[0.356, 0.202, 0.306, 0.162, 0.254, 0.222, 0.226, 0.23, 0.136, 0.126, 0.168, 0.206, 0.23, 0.224, 0.2, 0.292]
[0.356, 0.202, 0.306, 0.162, 0.254, 0.222, 0.226, 0.23, 0.136, 0.126, 0.168, 0.206, 0.23, 0.224, 0.2, 0.292, 0.176]
[0.356, 0.202, 0.306, 0.162, 0.254, 0.222, 0.226, 0.23, 0.136, 0.126, 0.168, 0.206, 0.23, 0.224, 0.2, 0.292, 0.176, 0.248]
[0.356, 0.202, 0.306, 0.162, 0.254, 0.222, 0.226, 0.23, 0.136, 0.126, 0.168, 0.206, 0.23, 0.224, 0.2, 0.292, 0.176, 0.248, 0.196]
[0.356, 0.202, 0.306, 0.162, 0.254, 0.222, 0.226, 0.23, 0.136, 0.126, 0.168, 0.206, 0.23, 0.224, 0.2, 0.292, 0.176, 0.248, 0.196, 0.286]
[[0.4, 0.502, 0.534, 0.7, 0.68, 0.636, 0.72, 0.688, 0.708, 0.714, 0.694, 0.658, 0.592, 0.82, 0.8, 0.782, 0.758, 0.6, 0.742, 0.866], [0.342, 0.312, 0.352, 0.362, 0.414, 0.342, 0.478, 0.34, 0.338, 0.288, 0.508, 0.5, 0.286, 0.322, 0.334, 0.45, 0.508, 0.37, 0.448, 0.298], [0.31, 0.394, 0.316, 0.41, 0.526, 0.326, 0.316, 0.516, 0.478, 0.39, 0.562, 0.378, 0.292, 0.514, 0.268, 0.524, 0.428, 0.416, 0.268, 0.23], [0.334, 0.424, 0.396, 0.418, 0.52, 0.422, 0.43, 0.548, 0.558, 0.46, 0.58, 0.486, 0.284, 0.558, 0.334, 0.64, 0.474, 0.31, 0.308, 0.264], [0.292, 0.298, 0.336, 0.318, 0.362, 0.342, 0.398, 0.388, 0.438, 0.348, 0.494, 0.424, 0.266, 0.422, 0.3, 0.468, 0.324, 0.268, 0.288, 0.26], [0.286, 0.326, 0.384, 0.438, 0.432, 0.336, 0.302, 0.386, 0.528, 0.314, 0.42, 0.336, 0.346, 0.504, 0.294, 0.38, 0.29, 0.292, 0.248, 0.248], [0.294, 0.34, 0.382, 0.38, 0.422, 0.388, 0.374, 0.364, 0.548, 0.32, 0.394, 0.332, 0.336, 0.492, 0.252, 0.372, 0.274, 0.284, 0.248, 0.224], [0.308, 0.314, 0.316, 0.402, 0.366, 0.372, 0.288, 0.304, 0.53, 0.296, 0.37, 0.296, 0.286, 0.374, 0.178, 0.37, 0.19, 0.316, 0.178, 0.264], [0.264, 0.346, 0.35, 0.424, 0.436, 0.424, 0.404, 0.432, 0.548, 0.246, 0.412, 0.358, 0.234, 0.318, 0.164, 0.388, 0.218, 0.298, 0.244, 0.27], [0.318, 0.364, 0.348, 0.462, 0.448, 0.428, 0.396, 0.428, 0.542, 0.272, 0.438, 0.246, 0.266, 0.336, 0.182, 0.314, 0.224, 0.262, 0.212, 0.216], [0.324, 0.26, 0.328, 0.456, 0.478, 0.466, 0.298, 0.29, 0.534, 0.28, 0.296, 0.248, 0.296, 0.296, 0.164, 0.32, 0.21, 0.268, 0.25, 0.244], [0.332, 0.306, 0.362, 0.424, 0.508, 0.458, 0.294, 0.284, 0.4, 0.206, 0.314, 0.248, 0.322, 0.3, 0.21, 0.392, 0.216, 0.278, 0.236, 0.314], [0.316, 0.288, 0.39, 0.384, 0.462, 0.352, 0.352, 0.31, 0.23, 0.16, 0.266, 0.24, 0.31, 0.264, 0.21, 0.354, 0.262, 0.268, 0.264, 0.316], [0.366, 0.276, 0.324, 0.324, 0.47, 0.382, 0.346, 0.222, 0.264, 0.126, 0.26, 0.202, 0.27, 0.244, 0.16, 0.342, 0.206, 0.268, 0.232, 0.308], [0.35, 0.242, 0.376, 0.414, 0.45, 0.43, 0.35, 0.22, 0.25, 0.164, 0.266, 0.202, 0.296, 0.266, 0.162, 0.32, 0.218, 0.248, 0.218, 0.244], [0.386, 0.32, 0.376, 0.43, 0.45, 0.236, 0.328, 0.266, 0.25, 0.176, 0.26, 0.206, 0.254, 0.26, 0.22, 0.358, 0.3, 0.26, 0.242, 0.314], [0.28, 0.312, 0.378, 0.382, 0.264, 0.194, 0.284, 0.238, 0.18, 0.128, 0.238, 0.246, 0.264, 0.26, 0.226, 0.318, 0.262, 0.262, 0.242, 0.306], [0.328, 0.364, 0.386, 0.258, 0.316, 0.214, 0.252, 0.22, 0.198, 0.128, 0.228, 0.258, 0.296, 0.27, 0.176, 0.264, 0.202, 0.294, 0.222, 0.314], [0.328, 0.272, 0.306, 0.24, 0.27, 0.224, 0.252, 0.22, 0.144, 0.108, 0.16, 0.206, 0.282, 0.232, 0.17, 0.278, 0.17, 0.258, 0.18, 0.242], [0.356, 0.202, 0.306, 0.162, 0.254, 0.222, 0.226, 0.23, 0.136, 0.126, 0.168, 0.206, 0.23, 0.224, 0.2, 0.292, 0.176, 0.248, 0.196, 0.286]]
20
20
Plot  0  Done
Average Retain Accuracies:  [0.4724, 0.3596, 0.3716, 0.384, 0.3176, 0.3236, 0.3428, 0.3104, 0.2972, 0.3192, 0.346, 0.3428, 0.3432, 0.3648, 0.3684, 0.4048, 0.286, 0.3232, 0.32, 0.3976]
Average Forget Accuracies:  [0.777578947368421, 0.4045684210526316, 0.41574736842105264, 0.45962105263157893, 0.3678736842105263, 0.36309473684210525, 0.3609684210526316, 0.32330526315789476, 0.34425263157894737, 0.3409473684210526, 0.3242315789473684, 0.3233684210526316, 0.3027157894736842, 0.28162105263157894, 0.2852, 0.2925684210526316, 0.2636210526315789, 0.2595157894736842, 0.2199578947368421, 0.21572631578947368]
Average Retain Test Accuracies:  [0.4, 0.342, 0.31, 0.334, 0.292, 0.286, 0.294, 0.308, 0.264, 0.318, 0.324, 0.332, 0.316, 0.366, 0.35, 0.386, 0.28, 0.328, 0.328, 0.356]
Average Forget Test Accuracies:  [0.6944210526315789, 0.3815789473684211, 0.3974736842105263, 0.44284210526315787, 0.3548421052631579, 0.35810526315789476, 0.354, 0.3163157894736842, 0.3428421052631579, 0.336, 0.31484210526315787, 0.3195789473684211, 0.29905263157894735, 0.2750526315789474, 0.2808421052631579, 0.28978947368421054, 0.2623157894736842, 0.2557894736842105, 0.22178947368421054, 0.21526315789473685]
Done
