Requirement already satisfied: pyyaml in /usr/lib64/python3.12/site-packages (6.0.1)
Requirement already satisfied: setuptools in /usr/lib/python3.12/site-packages (68.2.2)
Requirement already satisfied: matplotlib in /dcs/21/u2145461/.local/lib/python3.12/site-packages (3.10.1)
Requirement already satisfied: contourpy>=1.0.1 in /dcs/21/u2145461/.local/lib/python3.12/site-packages (from matplotlib) (1.3.1)
Requirement already satisfied: cycler>=0.10 in /dcs/21/u2145461/.local/lib/python3.12/site-packages (from matplotlib) (0.12.1)
Requirement already satisfied: fonttools>=4.22.0 in /dcs/21/u2145461/.local/lib/python3.12/site-packages (from matplotlib) (4.56.0)
Requirement already satisfied: kiwisolver>=1.3.1 in /dcs/21/u2145461/.local/lib/python3.12/site-packages (from matplotlib) (1.4.8)
Requirement already satisfied: numpy>=1.23 in /dcs/21/u2145461/.local/lib/python3.12/site-packages (from matplotlib) (2.2.3)
Requirement already satisfied: packaging>=20.0 in /dcs/21/u2145461/.local/lib/python3.12/site-packages (from matplotlib) (24.2)
Requirement already satisfied: pillow>=8 in /dcs/21/u2145461/.local/lib/python3.12/site-packages (from matplotlib) (11.0.0)
Requirement already satisfied: pyparsing>=2.3.1 in /dcs/21/u2145461/.local/lib/python3.12/site-packages (from matplotlib) (3.2.1)
Requirement already satisfied: python-dateutil>=2.7 in /dcs/21/u2145461/.local/lib/python3.12/site-packages (from matplotlib) (2.9.0.post0)
Requirement already satisfied: six>=1.5 in /dcs/21/u2145461/.local/lib/python3.12/site-packages (from python-dateutil>=2.7->matplotlib) (1.17.0)
Requirement already satisfied: quadprog in /dcs/21/u2145461/.local/lib/python3.12/site-packages (0.1.13)
Requirement already satisfied: numpy in /dcs/21/u2145461/.local/lib/python3.12/site-packages (from quadprog) (2.2.3)
Requirement already satisfied: pyparsing in /dcs/21/u2145461/.local/lib/python3.12/site-packages (3.2.1)
Requirement already satisfied: pandas in /dcs/21/u2145461/.local/lib/python3.12/site-packages (2.2.3)
Requirement already satisfied: numpy>=1.26.0 in /dcs/21/u2145461/.local/lib/python3.12/site-packages (from pandas) (2.2.3)
Requirement already satisfied: python-dateutil>=2.8.2 in /dcs/21/u2145461/.local/lib/python3.12/site-packages (from pandas) (2.9.0.post0)
Requirement already satisfied: pytz>=2020.1 in /dcs/21/u2145461/.local/lib/python3.12/site-packages (from pandas) (2025.1)
Requirement already satisfied: tzdata>=2022.7 in /dcs/21/u2145461/.local/lib/python3.12/site-packages (from pandas) (2025.1)
Requirement already satisfied: six>=1.5 in /dcs/21/u2145461/.local/lib/python3.12/site-packages (from python-dateutil>=2.8.2->pandas) (1.17.0)
Requirement already satisfied: numpy in /dcs/21/u2145461/.local/lib/python3.12/site-packages (2.2.3)
Sun Apr  6 18:13:19 2025       
+-----------------------------------------------------------------------------------------+
| NVIDIA-SMI 550.144.03             Driver Version: 550.144.03     CUDA Version: 12.4     |
|-----------------------------------------+------------------------+----------------------+
| GPU  Name                 Persistence-M | Bus-Id          Disp.A | Volatile Uncorr. ECC |
| Fan  Temp   Perf          Pwr:Usage/Cap |           Memory-Usage | GPU-Util  Compute M. |
|                                         |                        |               MIG M. |
|=========================================+========================+======================|
|   0  NVIDIA A10                     On  |   00000000:81:00.0 Off |                    0 |
|  0%   44C    P8             16W /  150W |       1MiB /  23028MiB |      0%      Default |
|                                         |                        |                  N/A |
+-----------------------------------------+------------------------+----------------------+
                                                                                         
+-----------------------------------------------------------------------------------------+
| Processes:                                                                              |
|  GPU   GI   CI        PID   Type   Process name                              GPU Memory |
|        ID   ID                                                               Usage      |
|=========================================================================================|
|  No running processes found                                                             |
+-----------------------------------------------------------------------------------------+
Python 3.12.8
./cifar-100-python/train
./cifar-100-python/test
Unlearn Batch Size:  16
Unlearn MEM Strength:  0.6
cifar-100-python/train
cifar-100-python/test
new ordering of classes:  ['road', 'boy', 'spider', 'lobster', 'television', 'mushrooms', 'crab', 'girl', 'kangaroo', 'caterpillar', 'motorcycle', 'cups', 'whale', 'sweet peppers', 'palm', 'beetle', 'orchids', 'tiger', 'dolphin', 'train', 'tractor', 'cattle', 'bottles', 'willow', 'trout', 'oranges', 'beaver', 'rocket', 'maple', 'bear', 'castle', 'wardrobe', 'mountain', 'bus', 'pears', 'bicycle', 'possum', 'computer keyboard', 'cloud', 'worm', 'clock', 'woman', 'hamster', 'snail', 'plain', 'sunflowers', 'dinosaur', 'ray', 'oak', 'shark', 'plates', 'cans', 'lizard', 'apples', 'camel', 'lawn-mower', 'man', 'couch', 'chimpanzee', 'snake', 'house', 'poppies', 'porcupine', 'raccoon', 'roses', 'tank', 'leopard', 'bed', 'tulips', 'rabbit', 'lion', 'skunk', 'telephone', 'bowls', 'elephant', 'wolf', 'streetcar', 'turtle', 'bee', 'aquarium fish', 'fox', 'baby', 'sea', 'squirrel', 'pickup truck', 'lamp', 'shrew', 'mouse', 'flatfish', 'skyscraper', 'crocodile', 'cockroach', 'seal', 'butterfly', 'bridge', 'chair', 'forest', 'otter', 'table', 'pine']
Training task:  1
[0.708, 0.176, 0.214, 0.148, 0.132, 0.21, 0.156, 0.21, 0.18, 0.196, 0.232, 0.256, 0.162, 0.144, 0.148, 0.148, 0.188, 0.204, 0.206, 0.21]
Training task:  2
[0.534, 0.642, 0.224, 0.262, 0.156, 0.194, 0.15, 0.21, 0.166, 0.198, 0.224, 0.208, 0.2, 0.052, 0.174, 0.126, 0.238, 0.23, 0.206, 0.148]
Training task:  3
[0.662, 0.652, 0.88, 0.196, 0.248, 0.25, 0.178, 0.198, 0.192, 0.192, 0.276, 0.23, 0.218, 0.214, 0.236, 0.152, 0.178, 0.272, 0.282, 0.106]
Training task:  4
[0.666, 0.586, 0.762, 0.804, 0.118, 0.218, 0.174, 0.188, 0.188, 0.198, 0.25, 0.212, 0.3, 0.214, 0.222, 0.14, 0.138, 0.218, 0.27, 0.152]
Training task:  5
[0.678, 0.54, 0.78, 0.716, 0.806, 0.234, 0.204, 0.17, 0.226, 0.176, 0.224, 0.212, 0.254, 0.194, 0.196, 0.16, 0.154, 0.23, 0.292, 0.096]
Training task:  6
[0.658, 0.542, 0.758, 0.674, 0.75, 0.85, 0.262, 0.188, 0.216, 0.174, 0.192, 0.14, 0.304, 0.12, 0.202, 0.144, 0.148, 0.182, 0.26, 0.116]
Training task:  7
[0.678, 0.528, 0.728, 0.648, 0.726, 0.764, 0.888, 0.186, 0.2, 0.134, 0.26, 0.162, 0.256, 0.108, 0.214, 0.162, 0.186, 0.244, 0.268, 0.102]
Training task:  8
[0.678, 0.562, 0.752, 0.622, 0.692, 0.744, 0.834, 0.778, 0.186, 0.138, 0.236, 0.178, 0.238, 0.132, 0.216, 0.184, 0.206, 0.164, 0.24, 0.122]
Training task:  9
[0.698, 0.53, 0.704, 0.596, 0.67, 0.724, 0.784, 0.72, 0.8, 0.094, 0.204, 0.168, 0.24, 0.144, 0.206, 0.196, 0.214, 0.18, 0.218, 0.136]
Training task:  10
[0.628, 0.544, 0.702, 0.56, 0.696, 0.718, 0.776, 0.692, 0.76, 0.734, 0.23, 0.16, 0.338, 0.124, 0.206, 0.22, 0.214, 0.164, 0.214, 0.112]
Training task:  11
[0.68, 0.532, 0.73, 0.564, 0.664, 0.686, 0.79, 0.662, 0.738, 0.688, 0.8, 0.164, 0.342, 0.094, 0.122, 0.17, 0.192, 0.17, 0.212, 0.164]
Training task:  12
[0.68, 0.514, 0.7, 0.574, 0.618, 0.714, 0.754, 0.664, 0.706, 0.698, 0.742, 0.718, 0.336, 0.1, 0.17, 0.18, 0.194, 0.234, 0.234, 0.136]
Training task:  13
[0.644, 0.532, 0.71, 0.558, 0.614, 0.72, 0.754, 0.572, 0.69, 0.66, 0.726, 0.636, 0.682, 0.062, 0.178, 0.2, 0.216, 0.22, 0.25, 0.158]
Training task:  14
[0.638, 0.534, 0.716, 0.622, 0.658, 0.75, 0.78, 0.652, 0.666, 0.656, 0.71, 0.634, 0.604, 0.806, 0.166, 0.186, 0.236, 0.194, 0.23, 0.154]
Training task:  15
[0.64, 0.542, 0.728, 0.61, 0.65, 0.714, 0.774, 0.642, 0.678, 0.678, 0.722, 0.584, 0.59, 0.734, 0.778, 0.18, 0.272, 0.206, 0.208, 0.16]
Training task:  16
[0.67, 0.544, 0.736, 0.636, 0.632, 0.708, 0.76, 0.64, 0.698, 0.664, 0.714, 0.594, 0.58, 0.726, 0.722, 0.802, 0.236, 0.202, 0.258, 0.162]
Training task:  17
[0.702, 0.528, 0.748, 0.604, 0.61, 0.71, 0.776, 0.664, 0.73, 0.644, 0.726, 0.574, 0.558, 0.716, 0.67, 0.744, 0.764, 0.234, 0.222, 0.158]
Training task:  18
[0.678, 0.5, 0.724, 0.578, 0.662, 0.71, 0.77, 0.602, 0.726, 0.678, 0.722, 0.54, 0.53, 0.666, 0.68, 0.72, 0.692, 0.708, 0.24, 0.124]
Training task:  19
[0.678, 0.512, 0.724, 0.598, 0.636, 0.698, 0.758, 0.628, 0.718, 0.656, 0.724, 0.532, 0.546, 0.686, 0.664, 0.742, 0.716, 0.628, 0.798, 0.142]
Training task:  20
[0.662, 0.53, 0.744, 0.64, 0.672, 0.726, 0.774, 0.646, 0.726, 0.646, 0.706, 0.57, 0.514, 0.692, 0.674, 0.67, 0.71, 0.602, 0.77, 0.758]
Unlearning task:  20
Total correct retain:  1737  Total retain:  2500
Total correct forget:  37412  Total forget:  47500
Total correct test:  331  Total test:  500
Total correct forget test:  6385  Total test forget:  9500
[0.662]
[0.662, 0.53]
[0.662, 0.53, 0.744]
[0.662, 0.53, 0.744, 0.64]
[0.662, 0.53, 0.744, 0.64, 0.672]
[0.662, 0.53, 0.744, 0.64, 0.672, 0.726]
[0.662, 0.53, 0.744, 0.64, 0.672, 0.726, 0.774]
[0.662, 0.53, 0.744, 0.64, 0.672, 0.726, 0.774, 0.646]
[0.662, 0.53, 0.744, 0.64, 0.672, 0.726, 0.774, 0.646, 0.726]
[0.662, 0.53, 0.744, 0.64, 0.672, 0.726, 0.774, 0.646, 0.726, 0.646]
[0.662, 0.53, 0.744, 0.64, 0.672, 0.726, 0.774, 0.646, 0.726, 0.646, 0.706]
[0.662, 0.53, 0.744, 0.64, 0.672, 0.726, 0.774, 0.646, 0.726, 0.646, 0.706, 0.57]
[0.662, 0.53, 0.744, 0.64, 0.672, 0.726, 0.774, 0.646, 0.726, 0.646, 0.706, 0.57, 0.514]
[0.662, 0.53, 0.744, 0.64, 0.672, 0.726, 0.774, 0.646, 0.726, 0.646, 0.706, 0.57, 0.514, 0.692]
[0.662, 0.53, 0.744, 0.64, 0.672, 0.726, 0.774, 0.646, 0.726, 0.646, 0.706, 0.57, 0.514, 0.692, 0.674]
[0.662, 0.53, 0.744, 0.64, 0.672, 0.726, 0.774, 0.646, 0.726, 0.646, 0.706, 0.57, 0.514, 0.692, 0.674, 0.67]
[0.662, 0.53, 0.744, 0.64, 0.672, 0.726, 0.774, 0.646, 0.726, 0.646, 0.706, 0.57, 0.514, 0.692, 0.674, 0.67, 0.71]
[0.662, 0.53, 0.744, 0.64, 0.672, 0.726, 0.774, 0.646, 0.726, 0.646, 0.706, 0.57, 0.514, 0.692, 0.674, 0.67, 0.71, 0.602]
[0.662, 0.53, 0.744, 0.64, 0.672, 0.726, 0.774, 0.646, 0.726, 0.646, 0.706, 0.57, 0.514, 0.692, 0.674, 0.67, 0.71, 0.602, 0.77]
[0.662, 0.53, 0.744, 0.64, 0.672, 0.726, 0.774, 0.646, 0.726, 0.646, 0.706, 0.57, 0.514, 0.692, 0.674, 0.67, 0.71, 0.602, 0.77, 0.758]
broken out of loop
Total correct retain:  1627  Total retain:  2500
Total correct forget:  29322  Total forget:  47500
Total correct test:  305  Total test:  500
Total correct forget test:  5142  Total test forget:  9500
[0.61]
[0.61, 0.404]
[0.61, 0.404, 0.632]
[0.61, 0.404, 0.632, 0.506]
[0.61, 0.404, 0.632, 0.506, 0.516]
[0.61, 0.404, 0.632, 0.506, 0.516, 0.57]
[0.61, 0.404, 0.632, 0.506, 0.516, 0.57, 0.694]
[0.61, 0.404, 0.632, 0.506, 0.516, 0.57, 0.694, 0.506]
[0.61, 0.404, 0.632, 0.506, 0.516, 0.57, 0.694, 0.506, 0.578]
[0.61, 0.404, 0.632, 0.506, 0.516, 0.57, 0.694, 0.506, 0.578, 0.566]
[0.61, 0.404, 0.632, 0.506, 0.516, 0.57, 0.694, 0.506, 0.578, 0.566, 0.638]
[0.61, 0.404, 0.632, 0.506, 0.516, 0.57, 0.694, 0.506, 0.578, 0.566, 0.638, 0.478]
[0.61, 0.404, 0.632, 0.506, 0.516, 0.57, 0.694, 0.506, 0.578, 0.566, 0.638, 0.478, 0.486]
[0.61, 0.404, 0.632, 0.506, 0.516, 0.57, 0.694, 0.506, 0.578, 0.566, 0.638, 0.478, 0.486, 0.562]
[0.61, 0.404, 0.632, 0.506, 0.516, 0.57, 0.694, 0.506, 0.578, 0.566, 0.638, 0.478, 0.486, 0.562, 0.528]
[0.61, 0.404, 0.632, 0.506, 0.516, 0.57, 0.694, 0.506, 0.578, 0.566, 0.638, 0.478, 0.486, 0.562, 0.528, 0.552]
[0.61, 0.404, 0.632, 0.506, 0.516, 0.57, 0.694, 0.506, 0.578, 0.566, 0.638, 0.478, 0.486, 0.562, 0.528, 0.552, 0.666]
[0.61, 0.404, 0.632, 0.506, 0.516, 0.57, 0.694, 0.506, 0.578, 0.566, 0.638, 0.478, 0.486, 0.562, 0.528, 0.552, 0.666, 0.488]
[0.61, 0.404, 0.632, 0.506, 0.516, 0.57, 0.694, 0.506, 0.578, 0.566, 0.638, 0.478, 0.486, 0.562, 0.528, 0.552, 0.666, 0.488, 0.616]
[0.61, 0.404, 0.632, 0.506, 0.516, 0.57, 0.694, 0.506, 0.578, 0.566, 0.638, 0.478, 0.486, 0.562, 0.528, 0.552, 0.666, 0.488, 0.616, 0.298]
broken out of loop
Total correct retain:  1566  Total retain:  2500
Total correct forget:  28551  Total forget:  47500
Total correct test:  293  Total test:  500
Total correct forget test:  4966  Total test forget:  9500
[0.586]
[0.586, 0.444]
[0.586, 0.444, 0.608]
[0.586, 0.444, 0.608, 0.452]
[0.586, 0.444, 0.608, 0.452, 0.536]
[0.586, 0.444, 0.608, 0.452, 0.536, 0.614]
[0.586, 0.444, 0.608, 0.452, 0.536, 0.614, 0.596]
[0.586, 0.444, 0.608, 0.452, 0.536, 0.614, 0.596, 0.532]
[0.586, 0.444, 0.608, 0.452, 0.536, 0.614, 0.596, 0.532, 0.552]
[0.586, 0.444, 0.608, 0.452, 0.536, 0.614, 0.596, 0.532, 0.552, 0.586]
[0.586, 0.444, 0.608, 0.452, 0.536, 0.614, 0.596, 0.532, 0.552, 0.586, 0.614]
[0.586, 0.444, 0.608, 0.452, 0.536, 0.614, 0.596, 0.532, 0.552, 0.586, 0.614, 0.402]
[0.586, 0.444, 0.608, 0.452, 0.536, 0.614, 0.596, 0.532, 0.552, 0.586, 0.614, 0.402, 0.524]
[0.586, 0.444, 0.608, 0.452, 0.536, 0.614, 0.596, 0.532, 0.552, 0.586, 0.614, 0.402, 0.524, 0.566]
[0.586, 0.444, 0.608, 0.452, 0.536, 0.614, 0.596, 0.532, 0.552, 0.586, 0.614, 0.402, 0.524, 0.566, 0.56]
[0.586, 0.444, 0.608, 0.452, 0.536, 0.614, 0.596, 0.532, 0.552, 0.586, 0.614, 0.402, 0.524, 0.566, 0.56, 0.588]
[0.586, 0.444, 0.608, 0.452, 0.536, 0.614, 0.596, 0.532, 0.552, 0.586, 0.614, 0.402, 0.524, 0.566, 0.56, 0.588, 0.662]
[0.586, 0.444, 0.608, 0.452, 0.536, 0.614, 0.596, 0.532, 0.552, 0.586, 0.614, 0.402, 0.524, 0.566, 0.56, 0.588, 0.662, 0.516]
[0.586, 0.444, 0.608, 0.452, 0.536, 0.614, 0.596, 0.532, 0.552, 0.586, 0.614, 0.402, 0.524, 0.566, 0.56, 0.588, 0.662, 0.516, 0.216]
[0.586, 0.444, 0.608, 0.452, 0.536, 0.614, 0.596, 0.532, 0.552, 0.586, 0.614, 0.402, 0.524, 0.566, 0.56, 0.588, 0.662, 0.516, 0.216, 0.364]
broken out of loop
Total correct retain:  1402  Total retain:  2500
Total correct forget:  26016  Total forget:  47500
Total correct test:  256  Total test:  500
Total correct forget test:  4640  Total test forget:  9500
[0.512]
[0.512, 0.454]
[0.512, 0.454, 0.462]
[0.512, 0.454, 0.462, 0.488]
[0.512, 0.454, 0.462, 0.488, 0.498]
[0.512, 0.454, 0.462, 0.488, 0.498, 0.618]
[0.512, 0.454, 0.462, 0.488, 0.498, 0.618, 0.638]
[0.512, 0.454, 0.462, 0.488, 0.498, 0.618, 0.638, 0.516]
[0.512, 0.454, 0.462, 0.488, 0.498, 0.618, 0.638, 0.516, 0.574]
[0.512, 0.454, 0.462, 0.488, 0.498, 0.618, 0.638, 0.516, 0.574, 0.544]
[0.512, 0.454, 0.462, 0.488, 0.498, 0.618, 0.638, 0.516, 0.574, 0.544, 0.616]
[0.512, 0.454, 0.462, 0.488, 0.498, 0.618, 0.638, 0.516, 0.574, 0.544, 0.616, 0.44]
[0.512, 0.454, 0.462, 0.488, 0.498, 0.618, 0.638, 0.516, 0.574, 0.544, 0.616, 0.44, 0.488]
[0.512, 0.454, 0.462, 0.488, 0.498, 0.618, 0.638, 0.516, 0.574, 0.544, 0.616, 0.44, 0.488, 0.598]
[0.512, 0.454, 0.462, 0.488, 0.498, 0.618, 0.638, 0.516, 0.574, 0.544, 0.616, 0.44, 0.488, 0.598, 0.504]
[0.512, 0.454, 0.462, 0.488, 0.498, 0.618, 0.638, 0.516, 0.574, 0.544, 0.616, 0.44, 0.488, 0.598, 0.504, 0.51]
[0.512, 0.454, 0.462, 0.488, 0.498, 0.618, 0.638, 0.516, 0.574, 0.544, 0.616, 0.44, 0.488, 0.598, 0.504, 0.51, 0.586]
[0.512, 0.454, 0.462, 0.488, 0.498, 0.618, 0.638, 0.516, 0.574, 0.544, 0.616, 0.44, 0.488, 0.598, 0.504, 0.51, 0.586, 0.166]
[0.512, 0.454, 0.462, 0.488, 0.498, 0.618, 0.638, 0.516, 0.574, 0.544, 0.616, 0.44, 0.488, 0.598, 0.504, 0.51, 0.586, 0.166, 0.29]
[0.512, 0.454, 0.462, 0.488, 0.498, 0.618, 0.638, 0.516, 0.574, 0.544, 0.616, 0.44, 0.488, 0.598, 0.504, 0.51, 0.586, 0.166, 0.29, 0.29]
broken out of loop
Total correct retain:  1398  Total retain:  2500
Total correct forget:  25949  Total forget:  47500
Total correct test:  272  Total test:  500
Total correct forget test:  4598  Total test forget:  9500
[0.544]
[0.544, 0.506]
[0.544, 0.506, 0.578]
[0.544, 0.506, 0.578, 0.494]
[0.544, 0.506, 0.578, 0.494, 0.544]
[0.544, 0.506, 0.578, 0.494, 0.544, 0.632]
[0.544, 0.506, 0.578, 0.494, 0.544, 0.632, 0.596]
[0.544, 0.506, 0.578, 0.494, 0.544, 0.632, 0.596, 0.5]
[0.544, 0.506, 0.578, 0.494, 0.544, 0.632, 0.596, 0.5, 0.578]
[0.544, 0.506, 0.578, 0.494, 0.544, 0.632, 0.596, 0.5, 0.578, 0.622]
[0.544, 0.506, 0.578, 0.494, 0.544, 0.632, 0.596, 0.5, 0.578, 0.622, 0.61]
[0.544, 0.506, 0.578, 0.494, 0.544, 0.632, 0.596, 0.5, 0.578, 0.622, 0.61, 0.382]
[0.544, 0.506, 0.578, 0.494, 0.544, 0.632, 0.596, 0.5, 0.578, 0.622, 0.61, 0.382, 0.466]
[0.544, 0.506, 0.578, 0.494, 0.544, 0.632, 0.596, 0.5, 0.578, 0.622, 0.61, 0.382, 0.466, 0.598]
[0.544, 0.506, 0.578, 0.494, 0.544, 0.632, 0.596, 0.5, 0.578, 0.622, 0.61, 0.382, 0.466, 0.598, 0.496]
[0.544, 0.506, 0.578, 0.494, 0.544, 0.632, 0.596, 0.5, 0.578, 0.622, 0.61, 0.382, 0.466, 0.598, 0.496, 0.464]
[0.544, 0.506, 0.578, 0.494, 0.544, 0.632, 0.596, 0.5, 0.578, 0.622, 0.61, 0.382, 0.466, 0.598, 0.496, 0.464, 0.202]
[0.544, 0.506, 0.578, 0.494, 0.544, 0.632, 0.596, 0.5, 0.578, 0.622, 0.61, 0.382, 0.466, 0.598, 0.496, 0.464, 0.202, 0.29]
[0.544, 0.506, 0.578, 0.494, 0.544, 0.632, 0.596, 0.5, 0.578, 0.622, 0.61, 0.382, 0.466, 0.598, 0.496, 0.464, 0.202, 0.29, 0.276]
[0.544, 0.506, 0.578, 0.494, 0.544, 0.632, 0.596, 0.5, 0.578, 0.622, 0.61, 0.382, 0.466, 0.598, 0.496, 0.464, 0.202, 0.29, 0.276, 0.362]
broken out of loop
Total correct retain:  1431  Total retain:  2500
Total correct forget:  24200  Total forget:  47500
Total correct test:  273  Total test:  500
Total correct forget test:  4311  Total test forget:  9500
[0.546]
[0.546, 0.478]
[0.546, 0.478, 0.61]
[0.546, 0.478, 0.61, 0.418]
[0.546, 0.478, 0.61, 0.418, 0.538]
[0.546, 0.478, 0.61, 0.418, 0.538, 0.646]
[0.546, 0.478, 0.61, 0.418, 0.538, 0.646, 0.536]
[0.546, 0.478, 0.61, 0.418, 0.538, 0.646, 0.536, 0.486]
[0.546, 0.478, 0.61, 0.418, 0.538, 0.646, 0.536, 0.486, 0.578]
[0.546, 0.478, 0.61, 0.418, 0.538, 0.646, 0.536, 0.486, 0.578, 0.62]
[0.546, 0.478, 0.61, 0.418, 0.538, 0.646, 0.536, 0.486, 0.578, 0.62, 0.552]
[0.546, 0.478, 0.61, 0.418, 0.538, 0.646, 0.536, 0.486, 0.578, 0.62, 0.552, 0.448]
[0.546, 0.478, 0.61, 0.418, 0.538, 0.646, 0.536, 0.486, 0.578, 0.62, 0.552, 0.448, 0.44]
[0.546, 0.478, 0.61, 0.418, 0.538, 0.646, 0.536, 0.486, 0.578, 0.62, 0.552, 0.448, 0.44, 0.548]
[0.546, 0.478, 0.61, 0.418, 0.538, 0.646, 0.536, 0.486, 0.578, 0.62, 0.552, 0.448, 0.44, 0.548, 0.472]
[0.546, 0.478, 0.61, 0.418, 0.538, 0.646, 0.536, 0.486, 0.578, 0.62, 0.552, 0.448, 0.44, 0.548, 0.472, 0.17]
[0.546, 0.478, 0.61, 0.418, 0.538, 0.646, 0.536, 0.486, 0.578, 0.62, 0.552, 0.448, 0.44, 0.548, 0.472, 0.17, 0.19]
[0.546, 0.478, 0.61, 0.418, 0.538, 0.646, 0.536, 0.486, 0.578, 0.62, 0.552, 0.448, 0.44, 0.548, 0.472, 0.17, 0.19, 0.29]
[0.546, 0.478, 0.61, 0.418, 0.538, 0.646, 0.536, 0.486, 0.578, 0.62, 0.552, 0.448, 0.44, 0.548, 0.472, 0.17, 0.19, 0.29, 0.264]
[0.546, 0.478, 0.61, 0.418, 0.538, 0.646, 0.536, 0.486, 0.578, 0.62, 0.552, 0.448, 0.44, 0.548, 0.472, 0.17, 0.19, 0.29, 0.264, 0.338]
broken out of loop
Total correct retain:  1526  Total retain:  2500
Total correct forget:  23220  Total forget:  47500
Total correct test:  289  Total test:  500
Total correct forget test:  4240  Total test forget:  9500
[0.578]
[0.578, 0.49]
[0.578, 0.49, 0.634]
[0.578, 0.49, 0.634, 0.43]
[0.578, 0.49, 0.634, 0.43, 0.594]
[0.578, 0.49, 0.634, 0.43, 0.594, 0.644]
[0.578, 0.49, 0.634, 0.43, 0.594, 0.644, 0.642]
[0.578, 0.49, 0.634, 0.43, 0.594, 0.644, 0.642, 0.474]
[0.578, 0.49, 0.634, 0.43, 0.594, 0.644, 0.642, 0.474, 0.556]
[0.578, 0.49, 0.634, 0.43, 0.594, 0.644, 0.642, 0.474, 0.556, 0.634]
[0.578, 0.49, 0.634, 0.43, 0.594, 0.644, 0.642, 0.474, 0.556, 0.634, 0.49]
[0.578, 0.49, 0.634, 0.43, 0.594, 0.644, 0.642, 0.474, 0.556, 0.634, 0.49, 0.394]
[0.578, 0.49, 0.634, 0.43, 0.594, 0.644, 0.642, 0.474, 0.556, 0.634, 0.49, 0.394, 0.456]
[0.578, 0.49, 0.634, 0.43, 0.594, 0.644, 0.642, 0.474, 0.556, 0.634, 0.49, 0.394, 0.456, 0.558]
[0.578, 0.49, 0.634, 0.43, 0.594, 0.644, 0.642, 0.474, 0.556, 0.634, 0.49, 0.394, 0.456, 0.558, 0.182]
[0.578, 0.49, 0.634, 0.43, 0.594, 0.644, 0.642, 0.474, 0.556, 0.634, 0.49, 0.394, 0.456, 0.558, 0.182, 0.216]
[0.578, 0.49, 0.634, 0.43, 0.594, 0.644, 0.642, 0.474, 0.556, 0.634, 0.49, 0.394, 0.456, 0.558, 0.182, 0.216, 0.21]
[0.578, 0.49, 0.634, 0.43, 0.594, 0.644, 0.642, 0.474, 0.556, 0.634, 0.49, 0.394, 0.456, 0.558, 0.182, 0.216, 0.21, 0.304]
[0.578, 0.49, 0.634, 0.43, 0.594, 0.644, 0.642, 0.474, 0.556, 0.634, 0.49, 0.394, 0.456, 0.558, 0.182, 0.216, 0.21, 0.304, 0.238]
[0.578, 0.49, 0.634, 0.43, 0.594, 0.644, 0.642, 0.474, 0.556, 0.634, 0.49, 0.394, 0.456, 0.558, 0.182, 0.216, 0.21, 0.304, 0.238, 0.334]
broken out of loop
Total correct retain:  1573  Total retain:  2500
Total correct forget:  22950  Total forget:  47500
Total correct test:  290  Total test:  500
Total correct forget test:  4128  Total test forget:  9500
[0.58]
[0.58, 0.466]
[0.58, 0.466, 0.62]
[0.58, 0.466, 0.62, 0.424]
[0.58, 0.466, 0.62, 0.424, 0.502]
[0.58, 0.466, 0.62, 0.424, 0.502, 0.676]
[0.58, 0.466, 0.62, 0.424, 0.502, 0.676, 0.644]
[0.58, 0.466, 0.62, 0.424, 0.502, 0.676, 0.644, 0.46]
[0.58, 0.466, 0.62, 0.424, 0.502, 0.676, 0.644, 0.46, 0.58]
[0.58, 0.466, 0.62, 0.424, 0.502, 0.676, 0.644, 0.46, 0.58, 0.562]
[0.58, 0.466, 0.62, 0.424, 0.502, 0.676, 0.644, 0.46, 0.58, 0.562, 0.59]
[0.58, 0.466, 0.62, 0.424, 0.502, 0.676, 0.644, 0.46, 0.58, 0.562, 0.59, 0.448]
[0.58, 0.466, 0.62, 0.424, 0.502, 0.676, 0.644, 0.46, 0.58, 0.562, 0.59, 0.448, 0.464]
[0.58, 0.466, 0.62, 0.424, 0.502, 0.676, 0.644, 0.46, 0.58, 0.562, 0.59, 0.448, 0.464, 0.31]
[0.58, 0.466, 0.62, 0.424, 0.502, 0.676, 0.644, 0.46, 0.58, 0.562, 0.59, 0.448, 0.464, 0.31, 0.21]
[0.58, 0.466, 0.62, 0.424, 0.502, 0.676, 0.644, 0.46, 0.58, 0.562, 0.59, 0.448, 0.464, 0.31, 0.21, 0.242]
[0.58, 0.466, 0.62, 0.424, 0.502, 0.676, 0.644, 0.46, 0.58, 0.562, 0.59, 0.448, 0.464, 0.31, 0.21, 0.242, 0.182]
[0.58, 0.466, 0.62, 0.424, 0.502, 0.676, 0.644, 0.46, 0.58, 0.562, 0.59, 0.448, 0.464, 0.31, 0.21, 0.242, 0.182, 0.292]
[0.58, 0.466, 0.62, 0.424, 0.502, 0.676, 0.644, 0.46, 0.58, 0.562, 0.59, 0.448, 0.464, 0.31, 0.21, 0.242, 0.182, 0.292, 0.26]
[0.58, 0.466, 0.62, 0.424, 0.502, 0.676, 0.644, 0.46, 0.58, 0.562, 0.59, 0.448, 0.464, 0.31, 0.21, 0.242, 0.182, 0.292, 0.26, 0.324]
broken out of loop
Total correct retain:  1423  Total retain:  2500
Total correct forget:  19977  Total forget:  47500
Total correct test:  261  Total test:  500
Total correct forget test:  3608  Total test forget:  9500
[0.522]
[0.522, 0.456]
[0.522, 0.456, 0.548]
[0.522, 0.456, 0.548, 0.366]
[0.522, 0.456, 0.548, 0.366, 0.566]
[0.522, 0.456, 0.548, 0.366, 0.566, 0.572]
[0.522, 0.456, 0.548, 0.366, 0.566, 0.572, 0.616]
[0.522, 0.456, 0.548, 0.366, 0.566, 0.572, 0.616, 0.438]
[0.522, 0.456, 0.548, 0.366, 0.566, 0.572, 0.616, 0.438, 0.554]
[0.522, 0.456, 0.548, 0.366, 0.566, 0.572, 0.616, 0.438, 0.554, 0.46]
[0.522, 0.456, 0.548, 0.366, 0.566, 0.572, 0.616, 0.438, 0.554, 0.46, 0.476]
[0.522, 0.456, 0.548, 0.366, 0.566, 0.572, 0.616, 0.438, 0.554, 0.46, 0.476, 0.404]
[0.522, 0.456, 0.548, 0.366, 0.566, 0.572, 0.616, 0.438, 0.554, 0.46, 0.476, 0.404, 0.116]
[0.522, 0.456, 0.548, 0.366, 0.566, 0.572, 0.616, 0.438, 0.554, 0.46, 0.476, 0.404, 0.116, 0.202]
[0.522, 0.456, 0.548, 0.366, 0.566, 0.572, 0.616, 0.438, 0.554, 0.46, 0.476, 0.404, 0.116, 0.202, 0.224]
[0.522, 0.456, 0.548, 0.366, 0.566, 0.572, 0.616, 0.438, 0.554, 0.46, 0.476, 0.404, 0.116, 0.202, 0.224, 0.178]
[0.522, 0.456, 0.548, 0.366, 0.566, 0.572, 0.616, 0.438, 0.554, 0.46, 0.476, 0.404, 0.116, 0.202, 0.224, 0.178, 0.196]
[0.522, 0.456, 0.548, 0.366, 0.566, 0.572, 0.616, 0.438, 0.554, 0.46, 0.476, 0.404, 0.116, 0.202, 0.224, 0.178, 0.196, 0.274]
[0.522, 0.456, 0.548, 0.366, 0.566, 0.572, 0.616, 0.438, 0.554, 0.46, 0.476, 0.404, 0.116, 0.202, 0.224, 0.178, 0.196, 0.274, 0.254]
[0.522, 0.456, 0.548, 0.366, 0.566, 0.572, 0.616, 0.438, 0.554, 0.46, 0.476, 0.404, 0.116, 0.202, 0.224, 0.178, 0.196, 0.274, 0.254, 0.316]
broken out of loop
Total correct retain:  1572  Total retain:  2500
Total correct forget:  19819  Total forget:  47500
Total correct test:  295  Total test:  500
Total correct forget test:  3652  Total test forget:  9500
[0.59]
[0.59, 0.398]
[0.59, 0.398, 0.592]
[0.59, 0.398, 0.592, 0.438]
[0.59, 0.398, 0.592, 0.438, 0.574]
[0.59, 0.398, 0.592, 0.438, 0.574, 0.61]
[0.59, 0.398, 0.592, 0.438, 0.574, 0.61, 0.706]
[0.59, 0.398, 0.592, 0.438, 0.574, 0.61, 0.706, 0.486]
[0.59, 0.398, 0.592, 0.438, 0.574, 0.61, 0.706, 0.486, 0.632]
[0.59, 0.398, 0.592, 0.438, 0.574, 0.61, 0.706, 0.486, 0.632, 0.526]
[0.59, 0.398, 0.592, 0.438, 0.574, 0.61, 0.706, 0.486, 0.632, 0.526, 0.53]
[0.59, 0.398, 0.592, 0.438, 0.574, 0.61, 0.706, 0.486, 0.632, 0.526, 0.53, 0.112]
[0.59, 0.398, 0.592, 0.438, 0.574, 0.61, 0.706, 0.486, 0.632, 0.526, 0.53, 0.112, 0.13]
[0.59, 0.398, 0.592, 0.438, 0.574, 0.61, 0.706, 0.486, 0.632, 0.526, 0.53, 0.112, 0.13, 0.2]
[0.59, 0.398, 0.592, 0.438, 0.574, 0.61, 0.706, 0.486, 0.632, 0.526, 0.53, 0.112, 0.13, 0.2, 0.232]
[0.59, 0.398, 0.592, 0.438, 0.574, 0.61, 0.706, 0.486, 0.632, 0.526, 0.53, 0.112, 0.13, 0.2, 0.232, 0.136]
[0.59, 0.398, 0.592, 0.438, 0.574, 0.61, 0.706, 0.486, 0.632, 0.526, 0.53, 0.112, 0.13, 0.2, 0.232, 0.136, 0.144]
[0.59, 0.398, 0.592, 0.438, 0.574, 0.61, 0.706, 0.486, 0.632, 0.526, 0.53, 0.112, 0.13, 0.2, 0.232, 0.136, 0.144, 0.264]
[0.59, 0.398, 0.592, 0.438, 0.574, 0.61, 0.706, 0.486, 0.632, 0.526, 0.53, 0.112, 0.13, 0.2, 0.232, 0.136, 0.144, 0.264, 0.252]
[0.59, 0.398, 0.592, 0.438, 0.574, 0.61, 0.706, 0.486, 0.632, 0.526, 0.53, 0.112, 0.13, 0.2, 0.232, 0.136, 0.144, 0.264, 0.252, 0.342]
broken out of loop
Total correct retain:  1319  Total retain:  2500
Total correct forget:  16539  Total forget:  47500
Total correct test:  241  Total test:  500
Total correct forget test:  3115  Total test forget:  9500
[0.482]
[0.482, 0.422]
[0.482, 0.422, 0.556]
[0.482, 0.422, 0.556, 0.412]
[0.482, 0.422, 0.556, 0.412, 0.514]
[0.482, 0.422, 0.556, 0.412, 0.514, 0.484]
[0.482, 0.422, 0.556, 0.412, 0.514, 0.484, 0.626]
[0.482, 0.422, 0.556, 0.412, 0.514, 0.484, 0.626, 0.388]
[0.482, 0.422, 0.556, 0.412, 0.514, 0.484, 0.626, 0.388, 0.524]
[0.482, 0.422, 0.556, 0.412, 0.514, 0.484, 0.626, 0.388, 0.524, 0.528]
[0.482, 0.422, 0.556, 0.412, 0.514, 0.484, 0.626, 0.388, 0.524, 0.528, 0.192]
[0.482, 0.422, 0.556, 0.412, 0.514, 0.484, 0.626, 0.388, 0.524, 0.528, 0.192, 0.12]
[0.482, 0.422, 0.556, 0.412, 0.514, 0.484, 0.626, 0.388, 0.524, 0.528, 0.192, 0.12, 0.128]
[0.482, 0.422, 0.556, 0.412, 0.514, 0.484, 0.626, 0.388, 0.524, 0.528, 0.192, 0.12, 0.128, 0.176]
[0.482, 0.422, 0.556, 0.412, 0.514, 0.484, 0.626, 0.388, 0.524, 0.528, 0.192, 0.12, 0.128, 0.176, 0.178]
[0.482, 0.422, 0.556, 0.412, 0.514, 0.484, 0.626, 0.388, 0.524, 0.528, 0.192, 0.12, 0.128, 0.176, 0.178, 0.156]
[0.482, 0.422, 0.556, 0.412, 0.514, 0.484, 0.626, 0.388, 0.524, 0.528, 0.192, 0.12, 0.128, 0.176, 0.178, 0.156, 0.152]
[0.482, 0.422, 0.556, 0.412, 0.514, 0.484, 0.626, 0.388, 0.524, 0.528, 0.192, 0.12, 0.128, 0.176, 0.178, 0.156, 0.152, 0.16]
[0.482, 0.422, 0.556, 0.412, 0.514, 0.484, 0.626, 0.388, 0.524, 0.528, 0.192, 0.12, 0.128, 0.176, 0.178, 0.156, 0.152, 0.16, 0.196]
[0.482, 0.422, 0.556, 0.412, 0.514, 0.484, 0.626, 0.388, 0.524, 0.528, 0.192, 0.12, 0.128, 0.176, 0.178, 0.156, 0.152, 0.16, 0.196, 0.318]
broken out of loop
Total correct retain:  1282  Total retain:  2500
Total correct forget:  16522  Total forget:  47500
Total correct test:  243  Total test:  500
Total correct forget test:  3022  Total test forget:  9500
[0.486]
[0.486, 0.392]
[0.486, 0.392, 0.438]
[0.486, 0.392, 0.438, 0.388]
[0.486, 0.392, 0.438, 0.388, 0.464]
[0.486, 0.392, 0.438, 0.388, 0.464, 0.446]
[0.486, 0.392, 0.438, 0.388, 0.464, 0.446, 0.6]
[0.486, 0.392, 0.438, 0.388, 0.464, 0.446, 0.6, 0.55]
[0.486, 0.392, 0.438, 0.388, 0.464, 0.446, 0.6, 0.55, 0.522]
[0.486, 0.392, 0.438, 0.388, 0.464, 0.446, 0.6, 0.55, 0.522, 0.196]
[0.486, 0.392, 0.438, 0.388, 0.464, 0.446, 0.6, 0.55, 0.522, 0.196, 0.222]
[0.486, 0.392, 0.438, 0.388, 0.464, 0.446, 0.6, 0.55, 0.522, 0.196, 0.222, 0.18]
[0.486, 0.392, 0.438, 0.388, 0.464, 0.446, 0.6, 0.55, 0.522, 0.196, 0.222, 0.18, 0.178]
[0.486, 0.392, 0.438, 0.388, 0.464, 0.446, 0.6, 0.55, 0.522, 0.196, 0.222, 0.18, 0.178, 0.242]
[0.486, 0.392, 0.438, 0.388, 0.464, 0.446, 0.6, 0.55, 0.522, 0.196, 0.222, 0.18, 0.178, 0.242, 0.198]
[0.486, 0.392, 0.438, 0.388, 0.464, 0.446, 0.6, 0.55, 0.522, 0.196, 0.222, 0.18, 0.178, 0.242, 0.198, 0.174]
[0.486, 0.392, 0.438, 0.388, 0.464, 0.446, 0.6, 0.55, 0.522, 0.196, 0.222, 0.18, 0.178, 0.242, 0.198, 0.174, 0.202]
[0.486, 0.392, 0.438, 0.388, 0.464, 0.446, 0.6, 0.55, 0.522, 0.196, 0.222, 0.18, 0.178, 0.242, 0.198, 0.174, 0.202, 0.186]
[0.486, 0.392, 0.438, 0.388, 0.464, 0.446, 0.6, 0.55, 0.522, 0.196, 0.222, 0.18, 0.178, 0.242, 0.198, 0.174, 0.202, 0.186, 0.204]
[0.486, 0.392, 0.438, 0.388, 0.464, 0.446, 0.6, 0.55, 0.522, 0.196, 0.222, 0.18, 0.178, 0.242, 0.198, 0.174, 0.202, 0.186, 0.204, 0.262]
broken out of loop
Total correct retain:  1291  Total retain:  2500
Total correct forget:  17290  Total forget:  47500
Total correct test:  240  Total test:  500
Total correct forget test:  3246  Total test forget:  9500
[0.48]
[0.48, 0.47]
[0.48, 0.47, 0.602]
[0.48, 0.47, 0.602, 0.468]
[0.48, 0.47, 0.602, 0.468, 0.548]
[0.48, 0.47, 0.602, 0.468, 0.548, 0.638]
[0.48, 0.47, 0.602, 0.468, 0.548, 0.638, 0.612]
[0.48, 0.47, 0.602, 0.468, 0.548, 0.638, 0.612, 0.348]
[0.48, 0.47, 0.602, 0.468, 0.548, 0.638, 0.612, 0.348, 0.198]
[0.48, 0.47, 0.602, 0.468, 0.548, 0.638, 0.612, 0.348, 0.198, 0.222]
[0.48, 0.47, 0.602, 0.468, 0.548, 0.638, 0.612, 0.348, 0.198, 0.222, 0.266]
[0.48, 0.47, 0.602, 0.468, 0.548, 0.638, 0.612, 0.348, 0.198, 0.222, 0.266, 0.206]
[0.48, 0.47, 0.602, 0.468, 0.548, 0.638, 0.612, 0.348, 0.198, 0.222, 0.266, 0.206, 0.256]
[0.48, 0.47, 0.602, 0.468, 0.548, 0.638, 0.612, 0.348, 0.198, 0.222, 0.266, 0.206, 0.256, 0.274]
[0.48, 0.47, 0.602, 0.468, 0.548, 0.638, 0.612, 0.348, 0.198, 0.222, 0.266, 0.206, 0.256, 0.274, 0.206]
[0.48, 0.47, 0.602, 0.468, 0.548, 0.638, 0.612, 0.348, 0.198, 0.222, 0.266, 0.206, 0.256, 0.274, 0.206, 0.208]
[0.48, 0.47, 0.602, 0.468, 0.548, 0.638, 0.612, 0.348, 0.198, 0.222, 0.266, 0.206, 0.256, 0.274, 0.206, 0.208, 0.192]
[0.48, 0.47, 0.602, 0.468, 0.548, 0.638, 0.612, 0.348, 0.198, 0.222, 0.266, 0.206, 0.256, 0.274, 0.206, 0.208, 0.192, 0.234]
[0.48, 0.47, 0.602, 0.468, 0.548, 0.638, 0.612, 0.348, 0.198, 0.222, 0.266, 0.206, 0.256, 0.274, 0.206, 0.208, 0.192, 0.234, 0.256]
[0.48, 0.47, 0.602, 0.468, 0.548, 0.638, 0.612, 0.348, 0.198, 0.222, 0.266, 0.206, 0.256, 0.274, 0.206, 0.208, 0.192, 0.234, 0.256, 0.288]
broken out of loop
Total correct retain:  1450  Total retain:  2500
Total correct forget:  15293  Total forget:  47500
Total correct test:  278  Total test:  500
Total correct forget test:  2949  Total test forget:  9500
[0.556]
[0.556, 0.434]
[0.556, 0.434, 0.588]
[0.556, 0.434, 0.588, 0.464]
[0.556, 0.434, 0.588, 0.464, 0.488]
[0.556, 0.434, 0.588, 0.464, 0.488, 0.554]
[0.556, 0.434, 0.588, 0.464, 0.488, 0.554, 0.584]
[0.556, 0.434, 0.588, 0.464, 0.488, 0.554, 0.584, 0.13]
[0.556, 0.434, 0.588, 0.464, 0.488, 0.554, 0.584, 0.13, 0.21]
[0.556, 0.434, 0.588, 0.464, 0.488, 0.554, 0.584, 0.13, 0.21, 0.344]
[0.556, 0.434, 0.588, 0.464, 0.488, 0.554, 0.584, 0.13, 0.21, 0.344, 0.24]
[0.556, 0.434, 0.588, 0.464, 0.488, 0.554, 0.584, 0.13, 0.21, 0.344, 0.24, 0.186]
[0.556, 0.434, 0.588, 0.464, 0.488, 0.554, 0.584, 0.13, 0.21, 0.344, 0.24, 0.186, 0.116]
[0.556, 0.434, 0.588, 0.464, 0.488, 0.554, 0.584, 0.13, 0.21, 0.344, 0.24, 0.186, 0.116, 0.246]
[0.556, 0.434, 0.588, 0.464, 0.488, 0.554, 0.584, 0.13, 0.21, 0.344, 0.24, 0.186, 0.116, 0.246, 0.168]
[0.556, 0.434, 0.588, 0.464, 0.488, 0.554, 0.584, 0.13, 0.21, 0.344, 0.24, 0.186, 0.116, 0.246, 0.168, 0.216]
[0.556, 0.434, 0.588, 0.464, 0.488, 0.554, 0.584, 0.13, 0.21, 0.344, 0.24, 0.186, 0.116, 0.246, 0.168, 0.216, 0.172]
[0.556, 0.434, 0.588, 0.464, 0.488, 0.554, 0.584, 0.13, 0.21, 0.344, 0.24, 0.186, 0.116, 0.246, 0.168, 0.216, 0.172, 0.208]
[0.556, 0.434, 0.588, 0.464, 0.488, 0.554, 0.584, 0.13, 0.21, 0.344, 0.24, 0.186, 0.116, 0.246, 0.168, 0.216, 0.172, 0.208, 0.25]
[0.556, 0.434, 0.588, 0.464, 0.488, 0.554, 0.584, 0.13, 0.21, 0.344, 0.24, 0.186, 0.116, 0.246, 0.168, 0.216, 0.172, 0.208, 0.25, 0.3]
broken out of loop
Total correct retain:  1167  Total retain:  2500
Total correct forget:  14343  Total forget:  47500
Total correct test:  225  Total test:  500
Total correct forget test:  2710  Total test forget:  9500
[0.45]
[0.45, 0.432]
[0.45, 0.432, 0.552]
[0.45, 0.432, 0.552, 0.412]
[0.45, 0.432, 0.552, 0.412, 0.51]
[0.45, 0.432, 0.552, 0.412, 0.51, 0.54]
[0.45, 0.432, 0.552, 0.412, 0.51, 0.54, 0.174]
[0.45, 0.432, 0.552, 0.412, 0.51, 0.54, 0.174, 0.12]
[0.45, 0.432, 0.552, 0.412, 0.51, 0.54, 0.174, 0.12, 0.21]
[0.45, 0.432, 0.552, 0.412, 0.51, 0.54, 0.174, 0.12, 0.21, 0.33]
[0.45, 0.432, 0.552, 0.412, 0.51, 0.54, 0.174, 0.12, 0.21, 0.33, 0.206]
[0.45, 0.432, 0.552, 0.412, 0.51, 0.54, 0.174, 0.12, 0.21, 0.33, 0.206, 0.206]
[0.45, 0.432, 0.552, 0.412, 0.51, 0.54, 0.174, 0.12, 0.21, 0.33, 0.206, 0.206, 0.242]
[0.45, 0.432, 0.552, 0.412, 0.51, 0.54, 0.174, 0.12, 0.21, 0.33, 0.206, 0.206, 0.242, 0.25]
[0.45, 0.432, 0.552, 0.412, 0.51, 0.54, 0.174, 0.12, 0.21, 0.33, 0.206, 0.206, 0.242, 0.25, 0.172]
[0.45, 0.432, 0.552, 0.412, 0.51, 0.54, 0.174, 0.12, 0.21, 0.33, 0.206, 0.206, 0.242, 0.25, 0.172, 0.2]
[0.45, 0.432, 0.552, 0.412, 0.51, 0.54, 0.174, 0.12, 0.21, 0.33, 0.206, 0.206, 0.242, 0.25, 0.172, 0.2, 0.176]
[0.45, 0.432, 0.552, 0.412, 0.51, 0.54, 0.174, 0.12, 0.21, 0.33, 0.206, 0.206, 0.242, 0.25, 0.172, 0.2, 0.176, 0.202]
[0.45, 0.432, 0.552, 0.412, 0.51, 0.54, 0.174, 0.12, 0.21, 0.33, 0.206, 0.206, 0.242, 0.25, 0.172, 0.2, 0.176, 0.202, 0.208]
[0.45, 0.432, 0.552, 0.412, 0.51, 0.54, 0.174, 0.12, 0.21, 0.33, 0.206, 0.206, 0.242, 0.25, 0.172, 0.2, 0.176, 0.202, 0.208, 0.278]
broken out of loop
Total correct retain:  1086  Total retain:  2500
Total correct forget:  13816  Total forget:  47500
Total correct test:  206  Total test:  500
Total correct forget test:  2632  Total test forget:  9500
[0.412]
[0.412, 0.392]
[0.412, 0.392, 0.476]
[0.412, 0.392, 0.476, 0.354]
[0.412, 0.392, 0.476, 0.354, 0.454]
[0.412, 0.392, 0.476, 0.354, 0.454, 0.132]
[0.412, 0.392, 0.476, 0.354, 0.454, 0.132, 0.16]
[0.412, 0.392, 0.476, 0.354, 0.454, 0.132, 0.16, 0.17]
[0.412, 0.392, 0.476, 0.354, 0.454, 0.132, 0.16, 0.17, 0.218]
[0.412, 0.392, 0.476, 0.354, 0.454, 0.132, 0.16, 0.17, 0.218, 0.284]
[0.412, 0.392, 0.476, 0.354, 0.454, 0.132, 0.16, 0.17, 0.218, 0.284, 0.292]
[0.412, 0.392, 0.476, 0.354, 0.454, 0.132, 0.16, 0.17, 0.218, 0.284, 0.292, 0.24]
[0.412, 0.392, 0.476, 0.354, 0.454, 0.132, 0.16, 0.17, 0.218, 0.284, 0.292, 0.24, 0.4]
[0.412, 0.392, 0.476, 0.354, 0.454, 0.132, 0.16, 0.17, 0.218, 0.284, 0.292, 0.24, 0.4, 0.31]
[0.412, 0.392, 0.476, 0.354, 0.454, 0.132, 0.16, 0.17, 0.218, 0.284, 0.292, 0.24, 0.4, 0.31, 0.192]
[0.412, 0.392, 0.476, 0.354, 0.454, 0.132, 0.16, 0.17, 0.218, 0.284, 0.292, 0.24, 0.4, 0.31, 0.192, 0.232]
[0.412, 0.392, 0.476, 0.354, 0.454, 0.132, 0.16, 0.17, 0.218, 0.284, 0.292, 0.24, 0.4, 0.31, 0.192, 0.232, 0.228]
[0.412, 0.392, 0.476, 0.354, 0.454, 0.132, 0.16, 0.17, 0.218, 0.284, 0.292, 0.24, 0.4, 0.31, 0.192, 0.232, 0.228, 0.266]
[0.412, 0.392, 0.476, 0.354, 0.454, 0.132, 0.16, 0.17, 0.218, 0.284, 0.292, 0.24, 0.4, 0.31, 0.192, 0.232, 0.228, 0.266, 0.222]
[0.412, 0.392, 0.476, 0.354, 0.454, 0.132, 0.16, 0.17, 0.218, 0.284, 0.292, 0.24, 0.4, 0.31, 0.192, 0.232, 0.228, 0.266, 0.222, 0.242]
broken out of loop
Total correct retain:  1439  Total retain:  2500
Total correct forget:  13115  Total forget:  47500
Total correct test:  274  Total test:  500
Total correct forget test:  2497  Total test forget:  9500
[0.548]
[0.548, 0.404]
[0.548, 0.404, 0.49]
[0.548, 0.404, 0.49, 0.452]
[0.548, 0.404, 0.49, 0.452, 0.128]
[0.548, 0.404, 0.49, 0.452, 0.128, 0.132]
[0.548, 0.404, 0.49, 0.452, 0.128, 0.132, 0.274]
[0.548, 0.404, 0.49, 0.452, 0.128, 0.132, 0.274, 0.196]
[0.548, 0.404, 0.49, 0.452, 0.128, 0.132, 0.274, 0.196, 0.196]
[0.548, 0.404, 0.49, 0.452, 0.128, 0.132, 0.274, 0.196, 0.196, 0.15]
[0.548, 0.404, 0.49, 0.452, 0.128, 0.132, 0.274, 0.196, 0.196, 0.15, 0.278]
[0.548, 0.404, 0.49, 0.452, 0.128, 0.132, 0.274, 0.196, 0.196, 0.15, 0.278, 0.22]
[0.548, 0.404, 0.49, 0.452, 0.128, 0.132, 0.274, 0.196, 0.196, 0.15, 0.278, 0.22, 0.37]
[0.548, 0.404, 0.49, 0.452, 0.128, 0.132, 0.274, 0.196, 0.196, 0.15, 0.278, 0.22, 0.37, 0.374]
[0.548, 0.404, 0.49, 0.452, 0.128, 0.132, 0.274, 0.196, 0.196, 0.15, 0.278, 0.22, 0.37, 0.374, 0.204]
[0.548, 0.404, 0.49, 0.452, 0.128, 0.132, 0.274, 0.196, 0.196, 0.15, 0.278, 0.22, 0.37, 0.374, 0.204, 0.216]
[0.548, 0.404, 0.49, 0.452, 0.128, 0.132, 0.274, 0.196, 0.196, 0.15, 0.278, 0.22, 0.37, 0.374, 0.204, 0.216, 0.22]
[0.548, 0.404, 0.49, 0.452, 0.128, 0.132, 0.274, 0.196, 0.196, 0.15, 0.278, 0.22, 0.37, 0.374, 0.204, 0.216, 0.22, 0.248]
[0.548, 0.404, 0.49, 0.452, 0.128, 0.132, 0.274, 0.196, 0.196, 0.15, 0.278, 0.22, 0.37, 0.374, 0.204, 0.216, 0.22, 0.248, 0.202]
[0.548, 0.404, 0.49, 0.452, 0.128, 0.132, 0.274, 0.196, 0.196, 0.15, 0.278, 0.22, 0.37, 0.374, 0.204, 0.216, 0.22, 0.248, 0.202, 0.24]
broken out of loop
Total correct retain:  1349  Total retain:  2500
Total correct forget:  12764  Total forget:  47500
Total correct test:  244  Total test:  500
Total correct forget test:  2504  Total test forget:  9500
[0.488]
[0.488, 0.416]
[0.488, 0.416, 0.474]
[0.488, 0.416, 0.474, 0.14]
[0.488, 0.416, 0.474, 0.14, 0.102]
[0.488, 0.416, 0.474, 0.14, 0.102, 0.096]
[0.488, 0.416, 0.474, 0.14, 0.102, 0.096, 0.252]
[0.488, 0.416, 0.474, 0.14, 0.102, 0.096, 0.252, 0.28]
[0.488, 0.416, 0.474, 0.14, 0.102, 0.096, 0.252, 0.28, 0.254]
[0.488, 0.416, 0.474, 0.14, 0.102, 0.096, 0.252, 0.28, 0.254, 0.238]
[0.488, 0.416, 0.474, 0.14, 0.102, 0.096, 0.252, 0.28, 0.254, 0.238, 0.294]
[0.488, 0.416, 0.474, 0.14, 0.102, 0.096, 0.252, 0.28, 0.254, 0.238, 0.294, 0.316]
[0.488, 0.416, 0.474, 0.14, 0.102, 0.096, 0.252, 0.28, 0.254, 0.238, 0.294, 0.316, 0.358]
[0.488, 0.416, 0.474, 0.14, 0.102, 0.096, 0.252, 0.28, 0.254, 0.238, 0.294, 0.316, 0.358, 0.242]
[0.488, 0.416, 0.474, 0.14, 0.102, 0.096, 0.252, 0.28, 0.254, 0.238, 0.294, 0.316, 0.358, 0.242, 0.232]
[0.488, 0.416, 0.474, 0.14, 0.102, 0.096, 0.252, 0.28, 0.254, 0.238, 0.294, 0.316, 0.358, 0.242, 0.232, 0.326]
[0.488, 0.416, 0.474, 0.14, 0.102, 0.096, 0.252, 0.28, 0.254, 0.238, 0.294, 0.316, 0.358, 0.242, 0.232, 0.326, 0.25]
[0.488, 0.416, 0.474, 0.14, 0.102, 0.096, 0.252, 0.28, 0.254, 0.238, 0.294, 0.316, 0.358, 0.242, 0.232, 0.326, 0.25, 0.25]
[0.488, 0.416, 0.474, 0.14, 0.102, 0.096, 0.252, 0.28, 0.254, 0.238, 0.294, 0.316, 0.358, 0.242, 0.232, 0.326, 0.25, 0.25, 0.214]
[0.488, 0.416, 0.474, 0.14, 0.102, 0.096, 0.252, 0.28, 0.254, 0.238, 0.294, 0.316, 0.358, 0.242, 0.232, 0.326, 0.25, 0.25, 0.214, 0.274]
broken out of loop
Total correct retain:  1082  Total retain:  2500
Total correct forget:  10152  Total forget:  47500
Total correct test:  224  Total test:  500
Total correct forget test:  2000  Total test forget:  9500
[0.448]
[0.448, 0.34]
[0.448, 0.34, 0.126]
[0.448, 0.34, 0.126, 0.24]
[0.448, 0.34, 0.126, 0.24, 0.15]
[0.448, 0.34, 0.126, 0.24, 0.15, 0.116]
[0.448, 0.34, 0.126, 0.24, 0.15, 0.116, 0.254]
[0.448, 0.34, 0.126, 0.24, 0.15, 0.116, 0.254, 0.144]
[0.448, 0.34, 0.126, 0.24, 0.15, 0.116, 0.254, 0.144, 0.236]
[0.448, 0.34, 0.126, 0.24, 0.15, 0.116, 0.254, 0.144, 0.236, 0.086]
[0.448, 0.34, 0.126, 0.24, 0.15, 0.116, 0.254, 0.144, 0.236, 0.086, 0.216]
[0.448, 0.34, 0.126, 0.24, 0.15, 0.116, 0.254, 0.144, 0.236, 0.086, 0.216, 0.216]
[0.448, 0.34, 0.126, 0.24, 0.15, 0.116, 0.254, 0.144, 0.236, 0.086, 0.216, 0.216, 0.284]
[0.448, 0.34, 0.126, 0.24, 0.15, 0.116, 0.254, 0.144, 0.236, 0.086, 0.216, 0.216, 0.284, 0.21]
[0.448, 0.34, 0.126, 0.24, 0.15, 0.116, 0.254, 0.144, 0.236, 0.086, 0.216, 0.216, 0.284, 0.21, 0.242]
[0.448, 0.34, 0.126, 0.24, 0.15, 0.116, 0.254, 0.144, 0.236, 0.086, 0.216, 0.216, 0.284, 0.21, 0.242, 0.256]
[0.448, 0.34, 0.126, 0.24, 0.15, 0.116, 0.254, 0.144, 0.236, 0.086, 0.216, 0.216, 0.284, 0.21, 0.242, 0.256, 0.224]
[0.448, 0.34, 0.126, 0.24, 0.15, 0.116, 0.254, 0.144, 0.236, 0.086, 0.216, 0.216, 0.284, 0.21, 0.242, 0.256, 0.224, 0.178]
[0.448, 0.34, 0.126, 0.24, 0.15, 0.116, 0.254, 0.144, 0.236, 0.086, 0.216, 0.216, 0.284, 0.21, 0.242, 0.256, 0.224, 0.178, 0.242]
[0.448, 0.34, 0.126, 0.24, 0.15, 0.116, 0.254, 0.144, 0.236, 0.086, 0.216, 0.216, 0.284, 0.21, 0.242, 0.256, 0.224, 0.178, 0.242, 0.24]
broken out of loop
Total correct retain:  1140  Total retain:  2500
Total correct forget:  9612  Total forget:  47500
Total correct test:  246  Total test:  500
Total correct forget test:  1898  Total test forget:  9500
[0.492]
[0.492, 0.15]
[0.492, 0.15, 0.176]
[0.492, 0.15, 0.176, 0.158]
[0.492, 0.15, 0.176, 0.158, 0.116]
[0.492, 0.15, 0.176, 0.158, 0.116, 0.122]
[0.492, 0.15, 0.176, 0.158, 0.116, 0.122, 0.268]
[0.492, 0.15, 0.176, 0.158, 0.116, 0.122, 0.268, 0.206]
[0.492, 0.15, 0.176, 0.158, 0.116, 0.122, 0.268, 0.206, 0.224]
[0.492, 0.15, 0.176, 0.158, 0.116, 0.122, 0.268, 0.206, 0.224, 0.092]
[0.492, 0.15, 0.176, 0.158, 0.116, 0.122, 0.268, 0.206, 0.224, 0.092, 0.242]
[0.492, 0.15, 0.176, 0.158, 0.116, 0.122, 0.268, 0.206, 0.224, 0.092, 0.242, 0.216]
[0.492, 0.15, 0.176, 0.158, 0.116, 0.122, 0.268, 0.206, 0.224, 0.092, 0.242, 0.216, 0.302]
[0.492, 0.15, 0.176, 0.158, 0.116, 0.122, 0.268, 0.206, 0.224, 0.092, 0.242, 0.216, 0.302, 0.166]
[0.492, 0.15, 0.176, 0.158, 0.116, 0.122, 0.268, 0.206, 0.224, 0.092, 0.242, 0.216, 0.302, 0.166, 0.168]
[0.492, 0.15, 0.176, 0.158, 0.116, 0.122, 0.268, 0.206, 0.224, 0.092, 0.242, 0.216, 0.302, 0.166, 0.168, 0.22]
[0.492, 0.15, 0.176, 0.158, 0.116, 0.122, 0.268, 0.206, 0.224, 0.092, 0.242, 0.216, 0.302, 0.166, 0.168, 0.22, 0.182]
[0.492, 0.15, 0.176, 0.158, 0.116, 0.122, 0.268, 0.206, 0.224, 0.092, 0.242, 0.216, 0.302, 0.166, 0.168, 0.22, 0.182, 0.236]
[0.492, 0.15, 0.176, 0.158, 0.116, 0.122, 0.268, 0.206, 0.224, 0.092, 0.242, 0.216, 0.302, 0.166, 0.168, 0.22, 0.182, 0.236, 0.296]
[0.492, 0.15, 0.176, 0.158, 0.116, 0.122, 0.268, 0.206, 0.224, 0.092, 0.242, 0.216, 0.302, 0.166, 0.168, 0.22, 0.182, 0.236, 0.296, 0.256]
[[0.662, 0.53, 0.744, 0.64, 0.672, 0.726, 0.774, 0.646, 0.726, 0.646, 0.706, 0.57, 0.514, 0.692, 0.674, 0.67, 0.71, 0.602, 0.77, 0.758], [0.61, 0.404, 0.632, 0.506, 0.516, 0.57, 0.694, 0.506, 0.578, 0.566, 0.638, 0.478, 0.486, 0.562, 0.528, 0.552, 0.666, 0.488, 0.616, 0.298], [0.586, 0.444, 0.608, 0.452, 0.536, 0.614, 0.596, 0.532, 0.552, 0.586, 0.614, 0.402, 0.524, 0.566, 0.56, 0.588, 0.662, 0.516, 0.216, 0.364], [0.512, 0.454, 0.462, 0.488, 0.498, 0.618, 0.638, 0.516, 0.574, 0.544, 0.616, 0.44, 0.488, 0.598, 0.504, 0.51, 0.586, 0.166, 0.29, 0.29], [0.544, 0.506, 0.578, 0.494, 0.544, 0.632, 0.596, 0.5, 0.578, 0.622, 0.61, 0.382, 0.466, 0.598, 0.496, 0.464, 0.202, 0.29, 0.276, 0.362], [0.546, 0.478, 0.61, 0.418, 0.538, 0.646, 0.536, 0.486, 0.578, 0.62, 0.552, 0.448, 0.44, 0.548, 0.472, 0.17, 0.19, 0.29, 0.264, 0.338], [0.578, 0.49, 0.634, 0.43, 0.594, 0.644, 0.642, 0.474, 0.556, 0.634, 0.49, 0.394, 0.456, 0.558, 0.182, 0.216, 0.21, 0.304, 0.238, 0.334], [0.58, 0.466, 0.62, 0.424, 0.502, 0.676, 0.644, 0.46, 0.58, 0.562, 0.59, 0.448, 0.464, 0.31, 0.21, 0.242, 0.182, 0.292, 0.26, 0.324], [0.522, 0.456, 0.548, 0.366, 0.566, 0.572, 0.616, 0.438, 0.554, 0.46, 0.476, 0.404, 0.116, 0.202, 0.224, 0.178, 0.196, 0.274, 0.254, 0.316], [0.59, 0.398, 0.592, 0.438, 0.574, 0.61, 0.706, 0.486, 0.632, 0.526, 0.53, 0.112, 0.13, 0.2, 0.232, 0.136, 0.144, 0.264, 0.252, 0.342], [0.482, 0.422, 0.556, 0.412, 0.514, 0.484, 0.626, 0.388, 0.524, 0.528, 0.192, 0.12, 0.128, 0.176, 0.178, 0.156, 0.152, 0.16, 0.196, 0.318], [0.486, 0.392, 0.438, 0.388, 0.464, 0.446, 0.6, 0.55, 0.522, 0.196, 0.222, 0.18, 0.178, 0.242, 0.198, 0.174, 0.202, 0.186, 0.204, 0.262], [0.48, 0.47, 0.602, 0.468, 0.548, 0.638, 0.612, 0.348, 0.198, 0.222, 0.266, 0.206, 0.256, 0.274, 0.206, 0.208, 0.192, 0.234, 0.256, 0.288], [0.556, 0.434, 0.588, 0.464, 0.488, 0.554, 0.584, 0.13, 0.21, 0.344, 0.24, 0.186, 0.116, 0.246, 0.168, 0.216, 0.172, 0.208, 0.25, 0.3], [0.45, 0.432, 0.552, 0.412, 0.51, 0.54, 0.174, 0.12, 0.21, 0.33, 0.206, 0.206, 0.242, 0.25, 0.172, 0.2, 0.176, 0.202, 0.208, 0.278], [0.412, 0.392, 0.476, 0.354, 0.454, 0.132, 0.16, 0.17, 0.218, 0.284, 0.292, 0.24, 0.4, 0.31, 0.192, 0.232, 0.228, 0.266, 0.222, 0.242], [0.548, 0.404, 0.49, 0.452, 0.128, 0.132, 0.274, 0.196, 0.196, 0.15, 0.278, 0.22, 0.37, 0.374, 0.204, 0.216, 0.22, 0.248, 0.202, 0.24], [0.488, 0.416, 0.474, 0.14, 0.102, 0.096, 0.252, 0.28, 0.254, 0.238, 0.294, 0.316, 0.358, 0.242, 0.232, 0.326, 0.25, 0.25, 0.214, 0.274], [0.448, 0.34, 0.126, 0.24, 0.15, 0.116, 0.254, 0.144, 0.236, 0.086, 0.216, 0.216, 0.284, 0.21, 0.242, 0.256, 0.224, 0.178, 0.242, 0.24], [0.492, 0.15, 0.176, 0.158, 0.116, 0.122, 0.268, 0.206, 0.224, 0.092, 0.242, 0.216, 0.302, 0.166, 0.168, 0.22, 0.182, 0.236, 0.296, 0.256]]
20
20
Plot  0  Done
Average Retain Accuracies:  [0.6948, 0.6508, 0.6264, 0.5608, 0.5592, 0.5724, 0.6104, 0.6292, 0.5692, 0.6288, 0.5276, 0.5128, 0.5164, 0.58, 0.4668, 0.4344, 0.5756, 0.5396, 0.4328, 0.456]
Average Forget Accuracies:  [0.787621052631579, 0.6173052631578947, 0.6010736842105263, 0.5477052631578947, 0.5462947368421053, 0.5094736842105263, 0.4888421052631579, 0.4831578947368421, 0.4205684210526316, 0.4172421052631579, 0.34818947368421055, 0.34783157894736844, 0.364, 0.3219578947368421, 0.3019578947368421, 0.2908631578947368, 0.27610526315789474, 0.2687157894736842, 0.21372631578947368, 0.2023578947368421]
Average Retain Test Accuracies:  [0.662, 0.61, 0.586, 0.512, 0.544, 0.546, 0.578, 0.58, 0.522, 0.59, 0.482, 0.486, 0.48, 0.556, 0.45, 0.412, 0.548, 0.488, 0.448, 0.492]
Average Forget Test Accuracies:  [0.6721052631578948, 0.5412631578947369, 0.5227368421052632, 0.4884210526315789, 0.484, 0.4537894736842105, 0.4463157894736842, 0.4345263157894737, 0.3797894736842105, 0.38442105263157894, 0.32789473684210524, 0.3181052631578947, 0.3416842105263158, 0.31042105263157893, 0.28526315789473683, 0.2770526315789474, 0.2628421052631579, 0.2635789473684211, 0.21052631578947367, 0.19978947368421052]
Done
Python 3.12.8
./cifar-100-python/train
./cifar-100-python/test
Unlearn Batch Size:  16
Unlearn MEM Strength:  0.6
cifar-100-python/train
cifar-100-python/test
new ordering of classes:  ['road', 'hamster', 'snake', 'chimpanzee', 'television', 'baby', 'skyscraper', 'bottles', 'squirrel', 'clock', 'girl', 'lawn-mower', 'caterpillar', 'spider', 'plates', 'oranges', 'kangaroo', 'raccoon', 'bowls', 'butterfly', 'fox', 'tank', 'ray', 'table', 'lobster', 'cockroach', 'cattle', 'maple', 'bed', 'tiger', 'camel', 'house', 'worm', 'seal', 'sunflowers', 'woman', 'mushrooms', 'elephant', 'bee', 'cloud', 'telephone', 'dinosaur', 'chair', 'lion', 'pears', 'palm', 'pickup truck', 'crab', 'trout', 'oak', 'snail', 'sweet peppers', 'bear', 'dolphin', 'streetcar', 'possum', 'beaver', 'roses', 'otter', 'willow', 'skunk', 'rocket', 'aquarium fish', 'wolf', 'cans', 'boy', 'turtle', 'plain', 'crocodile', 'flatfish', 'lamp', 'sea', 'forest', 'whale', 'leopard', 'man', 'castle', 'train', 'poppies', 'rabbit', 'shrew', 'wardrobe', 'bridge', 'tulips', 'pine', 'shark', 'motorcycle', 'tractor', 'bus', 'mountain', 'bicycle', 'orchids', 'computer keyboard', 'apples', 'couch', 'beetle', 'lizard', 'cups', 'porcupine', 'mouse']
Training task:  1
[0.704, 0.206, 0.158, 0.208, 0.182, 0.2, 0.146, 0.244, 0.174, 0.168, 0.156, 0.21, 0.178, 0.176, 0.204, 0.152, 0.216, 0.204, 0.212, 0.156]
Training task:  2
[0.546, 0.69, 0.268, 0.172, 0.12, 0.192, 0.238, 0.184, 0.216, 0.16, 0.19, 0.2, 0.192, 0.212, 0.21, 0.186, 0.226, 0.18, 0.22, 0.192]
Training task:  3
[0.71, 0.688, 0.752, 0.262, 0.184, 0.202, 0.184, 0.142, 0.172, 0.222, 0.162, 0.194, 0.19, 0.324, 0.198, 0.188, 0.228, 0.194, 0.232, 0.254]
Training task:  4
[0.608, 0.586, 0.666, 0.776, 0.192, 0.182, 0.214, 0.174, 0.138, 0.178, 0.142, 0.198, 0.208, 0.212, 0.2, 0.242, 0.254, 0.234, 0.214, 0.236]
Training task:  5
[0.666, 0.632, 0.654, 0.62, 0.746, 0.164, 0.174, 0.148, 0.156, 0.222, 0.138, 0.202, 0.186, 0.166, 0.204, 0.17, 0.246, 0.238, 0.192, 0.214]
Training task:  6
[0.672, 0.638, 0.64, 0.63, 0.702, 0.826, 0.216, 0.136, 0.166, 0.196, 0.136, 0.212, 0.206, 0.176, 0.19, 0.1, 0.308, 0.226, 0.23, 0.168]
Training task:  7
[0.664, 0.616, 0.664, 0.6, 0.652, 0.744, 0.73, 0.17, 0.188, 0.178, 0.164, 0.2, 0.196, 0.226, 0.186, 0.078, 0.282, 0.166, 0.226, 0.196]
Training task:  8
[0.646, 0.64, 0.642, 0.592, 0.676, 0.734, 0.686, 0.762, 0.208, 0.212, 0.198, 0.228, 0.206, 0.25, 0.186, 0.088, 0.286, 0.208, 0.242, 0.206]
Training task:  9
[0.676, 0.65, 0.662, 0.632, 0.646, 0.732, 0.656, 0.686, 0.846, 0.214, 0.2, 0.248, 0.202, 0.218, 0.176, 0.11, 0.286, 0.18, 0.222, 0.206]
Training task:  10
[0.642, 0.642, 0.65, 0.596, 0.672, 0.732, 0.636, 0.66, 0.788, 0.794, 0.2, 0.236, 0.2, 0.18, 0.156, 0.13, 0.224, 0.182, 0.208, 0.204]
Training task:  11
[0.704, 0.636, 0.646, 0.6, 0.662, 0.714, 0.652, 0.628, 0.784, 0.74, 0.788, 0.232, 0.186, 0.196, 0.172, 0.058, 0.266, 0.202, 0.206, 0.2]
Training task:  12
[0.666, 0.61, 0.622, 0.618, 0.618, 0.698, 0.604, 0.568, 0.756, 0.734, 0.738, 0.698, 0.2, 0.212, 0.172, 0.082, 0.262, 0.188, 0.186, 0.174]
Training task:  13
[0.678, 0.618, 0.644, 0.604, 0.624, 0.72, 0.624, 0.62, 0.782, 0.648, 0.738, 0.652, 0.884, 0.17, 0.154, 0.056, 0.306, 0.2, 0.164, 0.198]
Training task:  14
[0.696, 0.66, 0.642, 0.604, 0.68, 0.696, 0.606, 0.674, 0.746, 0.672, 0.674, 0.622, 0.838, 0.844, 0.16, 0.082, 0.272, 0.208, 0.172, 0.192]
Training task:  15
[0.668, 0.632, 0.646, 0.558, 0.628, 0.706, 0.594, 0.604, 0.734, 0.67, 0.606, 0.608, 0.758, 0.742, 0.806, 0.116, 0.26, 0.22, 0.204, 0.208]
Training task:  16
[0.676, 0.66, 0.628, 0.572, 0.672, 0.688, 0.624, 0.618, 0.75, 0.686, 0.658, 0.642, 0.774, 0.728, 0.734, 0.81, 0.282, 0.22, 0.202, 0.216]
Training task:  17
[0.686, 0.658, 0.644, 0.562, 0.688, 0.694, 0.616, 0.602, 0.756, 0.672, 0.658, 0.64, 0.762, 0.742, 0.706, 0.782, 0.876, 0.216, 0.176, 0.2]
Training task:  18
[0.668, 0.662, 0.592, 0.532, 0.664, 0.714, 0.614, 0.596, 0.756, 0.696, 0.64, 0.62, 0.768, 0.718, 0.73, 0.712, 0.838, 0.826, 0.182, 0.234]
Training task:  19
[0.654, 0.612, 0.618, 0.6, 0.686, 0.676, 0.622, 0.598, 0.774, 0.658, 0.622, 0.582, 0.762, 0.732, 0.682, 0.74, 0.842, 0.774, 0.822, 0.184]
Training task:  20
[0.674, 0.6, 0.626, 0.556, 0.66, 0.692, 0.612, 0.588, 0.75, 0.654, 0.64, 0.588, 0.714, 0.7, 0.692, 0.73, 0.81, 0.716, 0.708, 0.636]
Unlearning task:  20
Total correct retain:  1795  Total retain:  2500
Total correct forget:  36461  Total forget:  47500
Total correct test:  337  Total test:  500
Total correct forget test:  6336  Total test forget:  9500
[0.674]
[0.674, 0.6]
[0.674, 0.6, 0.626]
[0.674, 0.6, 0.626, 0.556]
[0.674, 0.6, 0.626, 0.556, 0.66]
[0.674, 0.6, 0.626, 0.556, 0.66, 0.692]
[0.674, 0.6, 0.626, 0.556, 0.66, 0.692, 0.612]
[0.674, 0.6, 0.626, 0.556, 0.66, 0.692, 0.612, 0.588]
[0.674, 0.6, 0.626, 0.556, 0.66, 0.692, 0.612, 0.588, 0.75]
[0.674, 0.6, 0.626, 0.556, 0.66, 0.692, 0.612, 0.588, 0.75, 0.654]
[0.674, 0.6, 0.626, 0.556, 0.66, 0.692, 0.612, 0.588, 0.75, 0.654, 0.64]
[0.674, 0.6, 0.626, 0.556, 0.66, 0.692, 0.612, 0.588, 0.75, 0.654, 0.64, 0.588]
[0.674, 0.6, 0.626, 0.556, 0.66, 0.692, 0.612, 0.588, 0.75, 0.654, 0.64, 0.588, 0.714]
[0.674, 0.6, 0.626, 0.556, 0.66, 0.692, 0.612, 0.588, 0.75, 0.654, 0.64, 0.588, 0.714, 0.7]
[0.674, 0.6, 0.626, 0.556, 0.66, 0.692, 0.612, 0.588, 0.75, 0.654, 0.64, 0.588, 0.714, 0.7, 0.692]
[0.674, 0.6, 0.626, 0.556, 0.66, 0.692, 0.612, 0.588, 0.75, 0.654, 0.64, 0.588, 0.714, 0.7, 0.692, 0.73]
[0.674, 0.6, 0.626, 0.556, 0.66, 0.692, 0.612, 0.588, 0.75, 0.654, 0.64, 0.588, 0.714, 0.7, 0.692, 0.73, 0.81]
[0.674, 0.6, 0.626, 0.556, 0.66, 0.692, 0.612, 0.588, 0.75, 0.654, 0.64, 0.588, 0.714, 0.7, 0.692, 0.73, 0.81, 0.716]
[0.674, 0.6, 0.626, 0.556, 0.66, 0.692, 0.612, 0.588, 0.75, 0.654, 0.64, 0.588, 0.714, 0.7, 0.692, 0.73, 0.81, 0.716, 0.708]
[0.674, 0.6, 0.626, 0.556, 0.66, 0.692, 0.612, 0.588, 0.75, 0.654, 0.64, 0.588, 0.714, 0.7, 0.692, 0.73, 0.81, 0.716, 0.708, 0.636]
broken out of loop
Total correct retain:  1563  Total retain:  2500
Total correct forget:  30022  Total forget:  47500
Total correct test:  294  Total test:  500
Total correct forget test:  5336  Total test forget:  9500
[0.588]
[0.588, 0.554]
[0.588, 0.554, 0.432]
[0.588, 0.554, 0.432, 0.54]
[0.588, 0.554, 0.432, 0.54, 0.558]
[0.588, 0.554, 0.432, 0.54, 0.558, 0.586]
[0.588, 0.554, 0.432, 0.54, 0.558, 0.586, 0.522]
[0.588, 0.554, 0.432, 0.54, 0.558, 0.586, 0.522, 0.57]
[0.588, 0.554, 0.432, 0.54, 0.558, 0.586, 0.522, 0.57, 0.63]
[0.588, 0.554, 0.432, 0.54, 0.558, 0.586, 0.522, 0.57, 0.63, 0.552]
[0.588, 0.554, 0.432, 0.54, 0.558, 0.586, 0.522, 0.57, 0.63, 0.552, 0.524]
[0.588, 0.554, 0.432, 0.54, 0.558, 0.586, 0.522, 0.57, 0.63, 0.552, 0.524, 0.544]
[0.588, 0.554, 0.432, 0.54, 0.558, 0.586, 0.522, 0.57, 0.63, 0.552, 0.524, 0.544, 0.654]
[0.588, 0.554, 0.432, 0.54, 0.558, 0.586, 0.522, 0.57, 0.63, 0.552, 0.524, 0.544, 0.654, 0.634]
[0.588, 0.554, 0.432, 0.54, 0.558, 0.586, 0.522, 0.57, 0.63, 0.552, 0.524, 0.544, 0.654, 0.634, 0.6]
[0.588, 0.554, 0.432, 0.54, 0.558, 0.586, 0.522, 0.57, 0.63, 0.552, 0.524, 0.544, 0.654, 0.634, 0.6, 0.656]
[0.588, 0.554, 0.432, 0.54, 0.558, 0.586, 0.522, 0.57, 0.63, 0.552, 0.524, 0.544, 0.654, 0.634, 0.6, 0.656, 0.692]
[0.588, 0.554, 0.432, 0.54, 0.558, 0.586, 0.522, 0.57, 0.63, 0.552, 0.524, 0.544, 0.654, 0.634, 0.6, 0.656, 0.692, 0.614]
[0.588, 0.554, 0.432, 0.54, 0.558, 0.586, 0.522, 0.57, 0.63, 0.552, 0.524, 0.544, 0.654, 0.634, 0.6, 0.656, 0.692, 0.614, 0.558]
[0.588, 0.554, 0.432, 0.54, 0.558, 0.586, 0.522, 0.57, 0.63, 0.552, 0.524, 0.544, 0.654, 0.634, 0.6, 0.656, 0.692, 0.614, 0.558, 0.252]
broken out of loop
Total correct retain:  1604  Total retain:  2500
Total correct forget:  29275  Total forget:  47500
Total correct test:  309  Total test:  500
Total correct forget test:  5228  Total test forget:  9500
[0.618]
[0.618, 0.612]
[0.618, 0.612, 0.552]
[0.618, 0.612, 0.552, 0.522]
[0.618, 0.612, 0.552, 0.522, 0.566]
[0.618, 0.612, 0.552, 0.522, 0.566, 0.594]
[0.618, 0.612, 0.552, 0.522, 0.566, 0.594, 0.54]
[0.618, 0.612, 0.552, 0.522, 0.566, 0.594, 0.54, 0.518]
[0.618, 0.612, 0.552, 0.522, 0.566, 0.594, 0.54, 0.518, 0.646]
[0.618, 0.612, 0.552, 0.522, 0.566, 0.594, 0.54, 0.518, 0.646, 0.526]
[0.618, 0.612, 0.552, 0.522, 0.566, 0.594, 0.54, 0.518, 0.646, 0.526, 0.486]
[0.618, 0.612, 0.552, 0.522, 0.566, 0.594, 0.54, 0.518, 0.646, 0.526, 0.486, 0.492]
[0.618, 0.612, 0.552, 0.522, 0.566, 0.594, 0.54, 0.518, 0.646, 0.526, 0.486, 0.492, 0.648]
[0.618, 0.612, 0.552, 0.522, 0.566, 0.594, 0.54, 0.518, 0.646, 0.526, 0.486, 0.492, 0.648, 0.678]
[0.618, 0.612, 0.552, 0.522, 0.566, 0.594, 0.54, 0.518, 0.646, 0.526, 0.486, 0.492, 0.648, 0.678, 0.62]
[0.618, 0.612, 0.552, 0.522, 0.566, 0.594, 0.54, 0.518, 0.646, 0.526, 0.486, 0.492, 0.648, 0.678, 0.62, 0.634]
[0.618, 0.612, 0.552, 0.522, 0.566, 0.594, 0.54, 0.518, 0.646, 0.526, 0.486, 0.492, 0.648, 0.678, 0.62, 0.634, 0.654]
[0.618, 0.612, 0.552, 0.522, 0.566, 0.594, 0.54, 0.518, 0.646, 0.526, 0.486, 0.492, 0.648, 0.678, 0.62, 0.634, 0.654, 0.626]
[0.618, 0.612, 0.552, 0.522, 0.566, 0.594, 0.54, 0.518, 0.646, 0.526, 0.486, 0.492, 0.648, 0.678, 0.62, 0.634, 0.654, 0.626, 0.276]
[0.618, 0.612, 0.552, 0.522, 0.566, 0.594, 0.54, 0.518, 0.646, 0.526, 0.486, 0.492, 0.648, 0.678, 0.62, 0.634, 0.654, 0.626, 0.276, 0.266]
broken out of loop
Total correct retain:  1420  Total retain:  2500
Total correct forget:  26621  Total forget:  47500
Total correct test:  253  Total test:  500
Total correct forget test:  4872  Total test forget:  9500
[0.506]
[0.506, 0.544]
[0.506, 0.544, 0.558]
[0.506, 0.544, 0.558, 0.482]
[0.506, 0.544, 0.558, 0.482, 0.534]
[0.506, 0.544, 0.558, 0.482, 0.534, 0.538]
[0.506, 0.544, 0.558, 0.482, 0.534, 0.538, 0.536]
[0.506, 0.544, 0.558, 0.482, 0.534, 0.538, 0.536, 0.466]
[0.506, 0.544, 0.558, 0.482, 0.534, 0.538, 0.536, 0.466, 0.662]
[0.506, 0.544, 0.558, 0.482, 0.534, 0.538, 0.536, 0.466, 0.662, 0.492]
[0.506, 0.544, 0.558, 0.482, 0.534, 0.538, 0.536, 0.466, 0.662, 0.492, 0.424]
[0.506, 0.544, 0.558, 0.482, 0.534, 0.538, 0.536, 0.466, 0.662, 0.492, 0.424, 0.54]
[0.506, 0.544, 0.558, 0.482, 0.534, 0.538, 0.536, 0.466, 0.662, 0.492, 0.424, 0.54, 0.632]
[0.506, 0.544, 0.558, 0.482, 0.534, 0.538, 0.536, 0.466, 0.662, 0.492, 0.424, 0.54, 0.632, 0.692]
[0.506, 0.544, 0.558, 0.482, 0.534, 0.538, 0.536, 0.466, 0.662, 0.492, 0.424, 0.54, 0.632, 0.692, 0.6]
[0.506, 0.544, 0.558, 0.482, 0.534, 0.538, 0.536, 0.466, 0.662, 0.492, 0.424, 0.54, 0.632, 0.692, 0.6, 0.624]
[0.506, 0.544, 0.558, 0.482, 0.534, 0.538, 0.536, 0.466, 0.662, 0.492, 0.424, 0.54, 0.632, 0.692, 0.6, 0.624, 0.664]
[0.506, 0.544, 0.558, 0.482, 0.534, 0.538, 0.536, 0.466, 0.662, 0.492, 0.424, 0.54, 0.632, 0.692, 0.6, 0.624, 0.664, 0.282]
[0.506, 0.544, 0.558, 0.482, 0.534, 0.538, 0.536, 0.466, 0.662, 0.492, 0.424, 0.54, 0.632, 0.692, 0.6, 0.624, 0.664, 0.282, 0.27]
[0.506, 0.544, 0.558, 0.482, 0.534, 0.538, 0.536, 0.466, 0.662, 0.492, 0.424, 0.54, 0.632, 0.692, 0.6, 0.624, 0.664, 0.282, 0.27, 0.204]
broken out of loop
Total correct retain:  1337  Total retain:  2500
Total correct forget:  23348  Total forget:  47500
Total correct test:  235  Total test:  500
Total correct forget test:  4105  Total test forget:  9500
[0.47]
[0.47, 0.488]
[0.47, 0.488, 0.49]
[0.47, 0.488, 0.49, 0.354]
[0.47, 0.488, 0.49, 0.354, 0.488]
[0.47, 0.488, 0.49, 0.354, 0.488, 0.52]
[0.47, 0.488, 0.49, 0.354, 0.488, 0.52, 0.486]
[0.47, 0.488, 0.49, 0.354, 0.488, 0.52, 0.486, 0.464]
[0.47, 0.488, 0.49, 0.354, 0.488, 0.52, 0.486, 0.464, 0.542]
[0.47, 0.488, 0.49, 0.354, 0.488, 0.52, 0.486, 0.464, 0.542, 0.494]
[0.47, 0.488, 0.49, 0.354, 0.488, 0.52, 0.486, 0.464, 0.542, 0.494, 0.386]
[0.47, 0.488, 0.49, 0.354, 0.488, 0.52, 0.486, 0.464, 0.542, 0.494, 0.386, 0.476]
[0.47, 0.488, 0.49, 0.354, 0.488, 0.52, 0.486, 0.464, 0.542, 0.494, 0.386, 0.476, 0.512]
[0.47, 0.488, 0.49, 0.354, 0.488, 0.52, 0.486, 0.464, 0.542, 0.494, 0.386, 0.476, 0.512, 0.588]
[0.47, 0.488, 0.49, 0.354, 0.488, 0.52, 0.486, 0.464, 0.542, 0.494, 0.386, 0.476, 0.512, 0.588, 0.508]
[0.47, 0.488, 0.49, 0.354, 0.488, 0.52, 0.486, 0.464, 0.542, 0.494, 0.386, 0.476, 0.512, 0.588, 0.508, 0.546]
[0.47, 0.488, 0.49, 0.354, 0.488, 0.52, 0.486, 0.464, 0.542, 0.494, 0.386, 0.476, 0.512, 0.588, 0.508, 0.546, 0.184]
[0.47, 0.488, 0.49, 0.354, 0.488, 0.52, 0.486, 0.464, 0.542, 0.494, 0.386, 0.476, 0.512, 0.588, 0.508, 0.546, 0.184, 0.318]
[0.47, 0.488, 0.49, 0.354, 0.488, 0.52, 0.486, 0.464, 0.542, 0.494, 0.386, 0.476, 0.512, 0.588, 0.508, 0.546, 0.184, 0.318, 0.158]
[0.47, 0.488, 0.49, 0.354, 0.488, 0.52, 0.486, 0.464, 0.542, 0.494, 0.386, 0.476, 0.512, 0.588, 0.508, 0.546, 0.184, 0.318, 0.158, 0.208]
broken out of loop
Total correct retain:  1459  Total retain:  2500
Total correct forget:  23608  Total forget:  47500
Total correct test:  253  Total test:  500
Total correct forget test:  4282  Total test forget:  9500
[0.506]
[0.506, 0.48]
[0.506, 0.48, 0.484]
[0.506, 0.48, 0.484, 0.448]
[0.506, 0.48, 0.484, 0.448, 0.44]
[0.506, 0.48, 0.484, 0.448, 0.44, 0.558]
[0.506, 0.48, 0.484, 0.448, 0.44, 0.558, 0.466]
[0.506, 0.48, 0.484, 0.448, 0.44, 0.558, 0.466, 0.472]
[0.506, 0.48, 0.484, 0.448, 0.44, 0.558, 0.466, 0.472, 0.632]
[0.506, 0.48, 0.484, 0.448, 0.44, 0.558, 0.466, 0.472, 0.632, 0.512]
[0.506, 0.48, 0.484, 0.448, 0.44, 0.558, 0.466, 0.472, 0.632, 0.512, 0.436]
[0.506, 0.48, 0.484, 0.448, 0.44, 0.558, 0.466, 0.472, 0.632, 0.512, 0.436, 0.458]
[0.506, 0.48, 0.484, 0.448, 0.44, 0.558, 0.466, 0.472, 0.632, 0.512, 0.436, 0.458, 0.562]
[0.506, 0.48, 0.484, 0.448, 0.44, 0.558, 0.466, 0.472, 0.632, 0.512, 0.436, 0.458, 0.562, 0.572]
[0.506, 0.48, 0.484, 0.448, 0.44, 0.558, 0.466, 0.472, 0.632, 0.512, 0.436, 0.458, 0.562, 0.572, 0.616]
[0.506, 0.48, 0.484, 0.448, 0.44, 0.558, 0.466, 0.472, 0.632, 0.512, 0.436, 0.458, 0.562, 0.572, 0.616, 0.262]
[0.506, 0.48, 0.484, 0.448, 0.44, 0.558, 0.466, 0.472, 0.632, 0.512, 0.436, 0.458, 0.562, 0.572, 0.616, 0.262, 0.324]
[0.506, 0.48, 0.484, 0.448, 0.44, 0.558, 0.466, 0.472, 0.632, 0.512, 0.436, 0.458, 0.562, 0.572, 0.616, 0.262, 0.324, 0.34]
[0.506, 0.48, 0.484, 0.448, 0.44, 0.558, 0.466, 0.472, 0.632, 0.512, 0.436, 0.458, 0.562, 0.572, 0.616, 0.262, 0.324, 0.34, 0.294]
[0.506, 0.48, 0.484, 0.448, 0.44, 0.558, 0.466, 0.472, 0.632, 0.512, 0.436, 0.458, 0.562, 0.572, 0.616, 0.262, 0.324, 0.34, 0.294, 0.208]
broken out of loop
Total correct retain:  1238  Total retain:  2500
Total correct forget:  21908  Total forget:  47500
Total correct test:  206  Total test:  500
Total correct forget test:  3949  Total test forget:  9500
[0.412]
[0.412, 0.524]
[0.412, 0.524, 0.564]
[0.412, 0.524, 0.564, 0.426]
[0.412, 0.524, 0.564, 0.426, 0.478]
[0.412, 0.524, 0.564, 0.426, 0.478, 0.452]
[0.412, 0.524, 0.564, 0.426, 0.478, 0.452, 0.462]
[0.412, 0.524, 0.564, 0.426, 0.478, 0.452, 0.462, 0.442]
[0.412, 0.524, 0.564, 0.426, 0.478, 0.452, 0.462, 0.442, 0.556]
[0.412, 0.524, 0.564, 0.426, 0.478, 0.452, 0.462, 0.442, 0.556, 0.534]
[0.412, 0.524, 0.564, 0.426, 0.478, 0.452, 0.462, 0.442, 0.556, 0.534, 0.454]
[0.412, 0.524, 0.564, 0.426, 0.478, 0.452, 0.462, 0.442, 0.556, 0.534, 0.454, 0.498]
[0.412, 0.524, 0.564, 0.426, 0.478, 0.452, 0.462, 0.442, 0.556, 0.534, 0.454, 0.498, 0.456]
[0.412, 0.524, 0.564, 0.426, 0.478, 0.452, 0.462, 0.442, 0.556, 0.534, 0.454, 0.498, 0.456, 0.434]
[0.412, 0.524, 0.564, 0.426, 0.478, 0.452, 0.462, 0.442, 0.556, 0.534, 0.454, 0.498, 0.456, 0.434, 0.22]
[0.412, 0.524, 0.564, 0.426, 0.478, 0.452, 0.462, 0.442, 0.556, 0.534, 0.454, 0.498, 0.456, 0.434, 0.22, 0.378]
[0.412, 0.524, 0.564, 0.426, 0.478, 0.452, 0.462, 0.442, 0.556, 0.534, 0.454, 0.498, 0.456, 0.434, 0.22, 0.378, 0.24]
[0.412, 0.524, 0.564, 0.426, 0.478, 0.452, 0.462, 0.442, 0.556, 0.534, 0.454, 0.498, 0.456, 0.434, 0.22, 0.378, 0.24, 0.33]
[0.412, 0.524, 0.564, 0.426, 0.478, 0.452, 0.462, 0.442, 0.556, 0.534, 0.454, 0.498, 0.456, 0.434, 0.22, 0.378, 0.24, 0.33, 0.234]
[0.412, 0.524, 0.564, 0.426, 0.478, 0.452, 0.462, 0.442, 0.556, 0.534, 0.454, 0.498, 0.456, 0.434, 0.22, 0.378, 0.24, 0.33, 0.234, 0.216]
broken out of loop
Total correct retain:  876  Total retain:  2500
Total correct forget:  17019  Total forget:  47500
Total correct test:  174  Total test:  500
Total correct forget test:  3220  Total test forget:  9500
[0.348]
[0.348, 0.374]
[0.348, 0.374, 0.46]
[0.348, 0.374, 0.46, 0.372]
[0.348, 0.374, 0.46, 0.372, 0.418]
[0.348, 0.374, 0.46, 0.372, 0.418, 0.362]
[0.348, 0.374, 0.46, 0.372, 0.418, 0.362, 0.318]
[0.348, 0.374, 0.46, 0.372, 0.418, 0.362, 0.318, 0.376]
[0.348, 0.374, 0.46, 0.372, 0.418, 0.362, 0.318, 0.376, 0.502]
[0.348, 0.374, 0.46, 0.372, 0.418, 0.362, 0.318, 0.376, 0.502, 0.476]
[0.348, 0.374, 0.46, 0.372, 0.418, 0.362, 0.318, 0.376, 0.502, 0.476, 0.424]
[0.348, 0.374, 0.46, 0.372, 0.418, 0.362, 0.318, 0.376, 0.502, 0.476, 0.424, 0.314]
[0.348, 0.374, 0.46, 0.372, 0.418, 0.362, 0.318, 0.376, 0.502, 0.476, 0.424, 0.314, 0.426]
[0.348, 0.374, 0.46, 0.372, 0.418, 0.362, 0.318, 0.376, 0.502, 0.476, 0.424, 0.314, 0.426, 0.062]
[0.348, 0.374, 0.46, 0.372, 0.418, 0.362, 0.318, 0.376, 0.502, 0.476, 0.424, 0.314, 0.426, 0.062, 0.14]
[0.348, 0.374, 0.46, 0.372, 0.418, 0.362, 0.318, 0.376, 0.502, 0.476, 0.424, 0.314, 0.426, 0.062, 0.14, 0.408]
[0.348, 0.374, 0.46, 0.372, 0.418, 0.362, 0.318, 0.376, 0.502, 0.476, 0.424, 0.314, 0.426, 0.062, 0.14, 0.408, 0.212]
[0.348, 0.374, 0.46, 0.372, 0.418, 0.362, 0.318, 0.376, 0.502, 0.476, 0.424, 0.314, 0.426, 0.062, 0.14, 0.408, 0.212, 0.336]
[0.348, 0.374, 0.46, 0.372, 0.418, 0.362, 0.318, 0.376, 0.502, 0.476, 0.424, 0.314, 0.426, 0.062, 0.14, 0.408, 0.212, 0.336, 0.252]
[0.348, 0.374, 0.46, 0.372, 0.418, 0.362, 0.318, 0.376, 0.502, 0.476, 0.424, 0.314, 0.426, 0.062, 0.14, 0.408, 0.212, 0.336, 0.252, 0.208]
broken out of loop
Total correct retain:  1273  Total retain:  2500
Total correct forget:  19799  Total forget:  47500
Total correct test:  245  Total test:  500
Total correct forget test:  3682  Total test forget:  9500
[0.49]
[0.49, 0.478]
[0.49, 0.478, 0.48]
[0.49, 0.478, 0.48, 0.45]
[0.49, 0.478, 0.48, 0.45, 0.548]
[0.49, 0.478, 0.48, 0.45, 0.548, 0.434]
[0.49, 0.478, 0.48, 0.45, 0.548, 0.434, 0.45]
[0.49, 0.478, 0.48, 0.45, 0.548, 0.434, 0.45, 0.384]
[0.49, 0.478, 0.48, 0.45, 0.548, 0.434, 0.45, 0.384, 0.566]
[0.49, 0.478, 0.48, 0.45, 0.548, 0.434, 0.45, 0.384, 0.566, 0.494]
[0.49, 0.478, 0.48, 0.45, 0.548, 0.434, 0.45, 0.384, 0.566, 0.494, 0.466]
[0.49, 0.478, 0.48, 0.45, 0.548, 0.434, 0.45, 0.384, 0.566, 0.494, 0.466, 0.46]
[0.49, 0.478, 0.48, 0.45, 0.548, 0.434, 0.45, 0.384, 0.566, 0.494, 0.466, 0.46, 0.15]
[0.49, 0.478, 0.48, 0.45, 0.548, 0.434, 0.45, 0.384, 0.566, 0.494, 0.466, 0.46, 0.15, 0.28]
[0.49, 0.478, 0.48, 0.45, 0.548, 0.434, 0.45, 0.384, 0.566, 0.494, 0.466, 0.46, 0.15, 0.28, 0.26]
[0.49, 0.478, 0.48, 0.45, 0.548, 0.434, 0.45, 0.384, 0.566, 0.494, 0.466, 0.46, 0.15, 0.28, 0.26, 0.426]
[0.49, 0.478, 0.48, 0.45, 0.548, 0.434, 0.45, 0.384, 0.566, 0.494, 0.466, 0.46, 0.15, 0.28, 0.26, 0.426, 0.26]
[0.49, 0.478, 0.48, 0.45, 0.548, 0.434, 0.45, 0.384, 0.566, 0.494, 0.466, 0.46, 0.15, 0.28, 0.26, 0.426, 0.26, 0.33]
[0.49, 0.478, 0.48, 0.45, 0.548, 0.434, 0.45, 0.384, 0.566, 0.494, 0.466, 0.46, 0.15, 0.28, 0.26, 0.426, 0.26, 0.33, 0.228]
[0.49, 0.478, 0.48, 0.45, 0.548, 0.434, 0.45, 0.384, 0.566, 0.494, 0.466, 0.46, 0.15, 0.28, 0.26, 0.426, 0.26, 0.33, 0.228, 0.22]
broken out of loop
Total correct retain:  1394  Total retain:  2500
Total correct forget:  19114  Total forget:  47500
Total correct test:  256  Total test:  500
Total correct forget test:  3529  Total test forget:  9500
[0.512]
[0.512, 0.534]
[0.512, 0.534, 0.5]
[0.512, 0.534, 0.5, 0.432]
[0.512, 0.534, 0.5, 0.432, 0.54]
[0.512, 0.534, 0.5, 0.432, 0.54, 0.404]
[0.512, 0.534, 0.5, 0.432, 0.54, 0.404, 0.404]
[0.512, 0.534, 0.5, 0.432, 0.54, 0.404, 0.404, 0.506]
[0.512, 0.534, 0.5, 0.432, 0.54, 0.404, 0.404, 0.506, 0.62]
[0.512, 0.534, 0.5, 0.432, 0.54, 0.404, 0.404, 0.506, 0.62, 0.416]
[0.512, 0.534, 0.5, 0.432, 0.54, 0.404, 0.404, 0.506, 0.62, 0.416, 0.434]
[0.512, 0.534, 0.5, 0.432, 0.54, 0.404, 0.404, 0.506, 0.62, 0.416, 0.434, 0.2]
[0.512, 0.534, 0.5, 0.432, 0.54, 0.404, 0.404, 0.506, 0.62, 0.416, 0.434, 0.2, 0.152]
[0.512, 0.534, 0.5, 0.432, 0.54, 0.404, 0.404, 0.506, 0.62, 0.416, 0.434, 0.2, 0.152, 0.222]
[0.512, 0.534, 0.5, 0.432, 0.54, 0.404, 0.404, 0.506, 0.62, 0.416, 0.434, 0.2, 0.152, 0.222, 0.236]
[0.512, 0.534, 0.5, 0.432, 0.54, 0.404, 0.404, 0.506, 0.62, 0.416, 0.434, 0.2, 0.152, 0.222, 0.236, 0.298]
[0.512, 0.534, 0.5, 0.432, 0.54, 0.404, 0.404, 0.506, 0.62, 0.416, 0.434, 0.2, 0.152, 0.222, 0.236, 0.298, 0.334]
[0.512, 0.534, 0.5, 0.432, 0.54, 0.404, 0.404, 0.506, 0.62, 0.416, 0.434, 0.2, 0.152, 0.222, 0.236, 0.298, 0.334, 0.382]
[0.512, 0.534, 0.5, 0.432, 0.54, 0.404, 0.404, 0.506, 0.62, 0.416, 0.434, 0.2, 0.152, 0.222, 0.236, 0.298, 0.334, 0.382, 0.226]
[0.512, 0.534, 0.5, 0.432, 0.54, 0.404, 0.404, 0.506, 0.62, 0.416, 0.434, 0.2, 0.152, 0.222, 0.236, 0.298, 0.334, 0.382, 0.226, 0.218]
broken out of loop
Total correct retain:  1464  Total retain:  2500
Total correct forget:  20539  Total forget:  47500
Total correct test:  259  Total test:  500
Total correct forget test:  3841  Total test forget:  9500
[0.518]
[0.518, 0.5]
[0.518, 0.5, 0.514]
[0.518, 0.5, 0.514, 0.51]
[0.518, 0.5, 0.514, 0.51, 0.566]
[0.518, 0.5, 0.514, 0.51, 0.566, 0.456]
[0.518, 0.5, 0.514, 0.51, 0.566, 0.456, 0.44]
[0.518, 0.5, 0.514, 0.51, 0.566, 0.456, 0.44, 0.526]
[0.518, 0.5, 0.514, 0.51, 0.566, 0.456, 0.44, 0.526, 0.678]
[0.518, 0.5, 0.514, 0.51, 0.566, 0.456, 0.44, 0.526, 0.678, 0.414]
[0.518, 0.5, 0.514, 0.51, 0.566, 0.456, 0.44, 0.526, 0.678, 0.414, 0.244]
[0.518, 0.5, 0.514, 0.51, 0.566, 0.456, 0.44, 0.526, 0.678, 0.414, 0.244, 0.266]
[0.518, 0.5, 0.514, 0.51, 0.566, 0.456, 0.44, 0.526, 0.678, 0.414, 0.244, 0.266, 0.27]
[0.518, 0.5, 0.514, 0.51, 0.566, 0.456, 0.44, 0.526, 0.678, 0.414, 0.244, 0.266, 0.27, 0.352]
[0.518, 0.5, 0.514, 0.51, 0.566, 0.456, 0.44, 0.526, 0.678, 0.414, 0.244, 0.266, 0.27, 0.352, 0.342]
[0.518, 0.5, 0.514, 0.51, 0.566, 0.456, 0.44, 0.526, 0.678, 0.414, 0.244, 0.266, 0.27, 0.352, 0.342, 0.316]
[0.518, 0.5, 0.514, 0.51, 0.566, 0.456, 0.44, 0.526, 0.678, 0.414, 0.244, 0.266, 0.27, 0.352, 0.342, 0.316, 0.402]
[0.518, 0.5, 0.514, 0.51, 0.566, 0.456, 0.44, 0.526, 0.678, 0.414, 0.244, 0.266, 0.27, 0.352, 0.342, 0.316, 0.402, 0.344]
[0.518, 0.5, 0.514, 0.51, 0.566, 0.456, 0.44, 0.526, 0.678, 0.414, 0.244, 0.266, 0.27, 0.352, 0.342, 0.316, 0.402, 0.344, 0.278]
[0.518, 0.5, 0.514, 0.51, 0.566, 0.456, 0.44, 0.526, 0.678, 0.414, 0.244, 0.266, 0.27, 0.352, 0.342, 0.316, 0.402, 0.344, 0.278, 0.264]
broken out of loop
Total correct retain:  1182  Total retain:  2500
Total correct forget:  17644  Total forget:  47500
Total correct test:  209  Total test:  500
Total correct forget test:  3271  Total test forget:  9500
[0.418]
[0.418, 0.408]
[0.418, 0.408, 0.384]
[0.418, 0.408, 0.384, 0.444]
[0.418, 0.408, 0.384, 0.444, 0.47]
[0.418, 0.408, 0.384, 0.444, 0.47, 0.35]
[0.418, 0.408, 0.384, 0.444, 0.47, 0.35, 0.434]
[0.418, 0.408, 0.384, 0.444, 0.47, 0.35, 0.434, 0.48]
[0.418, 0.408, 0.384, 0.444, 0.47, 0.35, 0.434, 0.48, 0.508]
[0.418, 0.408, 0.384, 0.444, 0.47, 0.35, 0.434, 0.48, 0.508, 0.2]
[0.418, 0.408, 0.384, 0.444, 0.47, 0.35, 0.434, 0.48, 0.508, 0.2, 0.232]
[0.418, 0.408, 0.384, 0.444, 0.47, 0.35, 0.434, 0.48, 0.508, 0.2, 0.232, 0.222]
[0.418, 0.408, 0.384, 0.444, 0.47, 0.35, 0.434, 0.48, 0.508, 0.2, 0.232, 0.222, 0.322]
[0.418, 0.408, 0.384, 0.444, 0.47, 0.35, 0.434, 0.48, 0.508, 0.2, 0.232, 0.222, 0.322, 0.296]
[0.418, 0.408, 0.384, 0.444, 0.47, 0.35, 0.434, 0.48, 0.508, 0.2, 0.232, 0.222, 0.322, 0.296, 0.368]
[0.418, 0.408, 0.384, 0.444, 0.47, 0.35, 0.434, 0.48, 0.508, 0.2, 0.232, 0.222, 0.322, 0.296, 0.368, 0.302]
[0.418, 0.408, 0.384, 0.444, 0.47, 0.35, 0.434, 0.48, 0.508, 0.2, 0.232, 0.222, 0.322, 0.296, 0.368, 0.302, 0.314]
[0.418, 0.408, 0.384, 0.444, 0.47, 0.35, 0.434, 0.48, 0.508, 0.2, 0.232, 0.222, 0.322, 0.296, 0.368, 0.302, 0.314, 0.254]
[0.418, 0.408, 0.384, 0.444, 0.47, 0.35, 0.434, 0.48, 0.508, 0.2, 0.232, 0.222, 0.322, 0.296, 0.368, 0.302, 0.314, 0.254, 0.292]
[0.418, 0.408, 0.384, 0.444, 0.47, 0.35, 0.434, 0.48, 0.508, 0.2, 0.232, 0.222, 0.322, 0.296, 0.368, 0.302, 0.314, 0.254, 0.292, 0.262]
broken out of loop
Total correct retain:  1227  Total retain:  2500
Total correct forget:  16718  Total forget:  47500
Total correct test:  220  Total test:  500
Total correct forget test:  3114  Total test forget:  9500
[0.44]
[0.44, 0.546]
[0.44, 0.546, 0.442]
[0.44, 0.546, 0.442, 0.416]
[0.44, 0.546, 0.442, 0.416, 0.476]
[0.44, 0.546, 0.442, 0.416, 0.476, 0.39]
[0.44, 0.546, 0.442, 0.416, 0.476, 0.39, 0.412]
[0.44, 0.546, 0.442, 0.416, 0.476, 0.39, 0.412, 0.5]
[0.44, 0.546, 0.442, 0.416, 0.476, 0.39, 0.412, 0.5, 0.162]
[0.44, 0.546, 0.442, 0.416, 0.476, 0.39, 0.412, 0.5, 0.162, 0.228]
[0.44, 0.546, 0.442, 0.416, 0.476, 0.39, 0.412, 0.5, 0.162, 0.228, 0.248]
[0.44, 0.546, 0.442, 0.416, 0.476, 0.39, 0.412, 0.5, 0.162, 0.228, 0.248, 0.238]
[0.44, 0.546, 0.442, 0.416, 0.476, 0.39, 0.412, 0.5, 0.162, 0.228, 0.248, 0.238, 0.24]
[0.44, 0.546, 0.442, 0.416, 0.476, 0.39, 0.412, 0.5, 0.162, 0.228, 0.248, 0.238, 0.24, 0.28]
[0.44, 0.546, 0.442, 0.416, 0.476, 0.39, 0.412, 0.5, 0.162, 0.228, 0.248, 0.238, 0.24, 0.28, 0.232]
[0.44, 0.546, 0.442, 0.416, 0.476, 0.39, 0.412, 0.5, 0.162, 0.228, 0.248, 0.238, 0.24, 0.28, 0.232, 0.278]
[0.44, 0.546, 0.442, 0.416, 0.476, 0.39, 0.412, 0.5, 0.162, 0.228, 0.248, 0.238, 0.24, 0.28, 0.232, 0.278, 0.304]
[0.44, 0.546, 0.442, 0.416, 0.476, 0.39, 0.412, 0.5, 0.162, 0.228, 0.248, 0.238, 0.24, 0.28, 0.232, 0.278, 0.304, 0.354]
[0.44, 0.546, 0.442, 0.416, 0.476, 0.39, 0.412, 0.5, 0.162, 0.228, 0.248, 0.238, 0.24, 0.28, 0.232, 0.278, 0.304, 0.354, 0.232]
[0.44, 0.546, 0.442, 0.416, 0.476, 0.39, 0.412, 0.5, 0.162, 0.228, 0.248, 0.238, 0.24, 0.28, 0.232, 0.278, 0.304, 0.354, 0.232, 0.25]
broken out of loop
Total correct retain:  1261  Total retain:  2500
Total correct forget:  16613  Total forget:  47500
Total correct test:  219  Total test:  500
Total correct forget test:  3007  Total test forget:  9500
[0.438]
[0.438, 0.536]
[0.438, 0.536, 0.508]
[0.438, 0.536, 0.508, 0.458]
[0.438, 0.536, 0.508, 0.458, 0.462]
[0.438, 0.536, 0.508, 0.458, 0.462, 0.514]
[0.438, 0.536, 0.508, 0.458, 0.462, 0.514, 0.426]
[0.438, 0.536, 0.508, 0.458, 0.462, 0.514, 0.426, 0.202]
[0.438, 0.536, 0.508, 0.458, 0.462, 0.514, 0.426, 0.202, 0.192]
[0.438, 0.536, 0.508, 0.458, 0.462, 0.514, 0.426, 0.202, 0.192, 0.246]
[0.438, 0.536, 0.508, 0.458, 0.462, 0.514, 0.426, 0.202, 0.192, 0.246, 0.254]
[0.438, 0.536, 0.508, 0.458, 0.462, 0.514, 0.426, 0.202, 0.192, 0.246, 0.254, 0.242]
[0.438, 0.536, 0.508, 0.458, 0.462, 0.514, 0.426, 0.202, 0.192, 0.246, 0.254, 0.242, 0.286]
[0.438, 0.536, 0.508, 0.458, 0.462, 0.514, 0.426, 0.202, 0.192, 0.246, 0.254, 0.242, 0.286, 0.212]
[0.438, 0.536, 0.508, 0.458, 0.462, 0.514, 0.426, 0.202, 0.192, 0.246, 0.254, 0.242, 0.286, 0.212, 0.168]
[0.438, 0.536, 0.508, 0.458, 0.462, 0.514, 0.426, 0.202, 0.192, 0.246, 0.254, 0.242, 0.286, 0.212, 0.168, 0.294]
[0.438, 0.536, 0.508, 0.458, 0.462, 0.514, 0.426, 0.202, 0.192, 0.246, 0.254, 0.242, 0.286, 0.212, 0.168, 0.294, 0.354]
[0.438, 0.536, 0.508, 0.458, 0.462, 0.514, 0.426, 0.202, 0.192, 0.246, 0.254, 0.242, 0.286, 0.212, 0.168, 0.294, 0.354, 0.21]
[0.438, 0.536, 0.508, 0.458, 0.462, 0.514, 0.426, 0.202, 0.192, 0.246, 0.254, 0.242, 0.286, 0.212, 0.168, 0.294, 0.354, 0.21, 0.21]
[0.438, 0.536, 0.508, 0.458, 0.462, 0.514, 0.426, 0.202, 0.192, 0.246, 0.254, 0.242, 0.286, 0.212, 0.168, 0.294, 0.354, 0.21, 0.21, 0.24]
broken out of loop
Total correct retain:  1342  Total retain:  2500
Total correct forget:  13939  Total forget:  47500
Total correct test:  225  Total test:  500
Total correct forget test:  2692  Total test forget:  9500
[0.45]
[0.45, 0.496]
[0.45, 0.496, 0.536]
[0.45, 0.496, 0.536, 0.318]
[0.45, 0.496, 0.536, 0.318, 0.366]
[0.45, 0.496, 0.536, 0.318, 0.366, 0.476]
[0.45, 0.496, 0.536, 0.318, 0.366, 0.476, 0.166]
[0.45, 0.496, 0.536, 0.318, 0.366, 0.476, 0.166, 0.186]
[0.45, 0.496, 0.536, 0.318, 0.366, 0.476, 0.166, 0.186, 0.226]
[0.45, 0.496, 0.536, 0.318, 0.366, 0.476, 0.166, 0.186, 0.226, 0.222]
[0.45, 0.496, 0.536, 0.318, 0.366, 0.476, 0.166, 0.186, 0.226, 0.222, 0.184]
[0.45, 0.496, 0.536, 0.318, 0.366, 0.476, 0.166, 0.186, 0.226, 0.222, 0.184, 0.234]
[0.45, 0.496, 0.536, 0.318, 0.366, 0.476, 0.166, 0.186, 0.226, 0.222, 0.184, 0.234, 0.298]
[0.45, 0.496, 0.536, 0.318, 0.366, 0.476, 0.166, 0.186, 0.226, 0.222, 0.184, 0.234, 0.298, 0.288]
[0.45, 0.496, 0.536, 0.318, 0.366, 0.476, 0.166, 0.186, 0.226, 0.222, 0.184, 0.234, 0.298, 0.288, 0.2]
[0.45, 0.496, 0.536, 0.318, 0.366, 0.476, 0.166, 0.186, 0.226, 0.222, 0.184, 0.234, 0.298, 0.288, 0.2, 0.178]
[0.45, 0.496, 0.536, 0.318, 0.366, 0.476, 0.166, 0.186, 0.226, 0.222, 0.184, 0.234, 0.298, 0.288, 0.2, 0.178, 0.316]
[0.45, 0.496, 0.536, 0.318, 0.366, 0.476, 0.166, 0.186, 0.226, 0.222, 0.184, 0.234, 0.298, 0.288, 0.2, 0.178, 0.316, 0.182]
[0.45, 0.496, 0.536, 0.318, 0.366, 0.476, 0.166, 0.186, 0.226, 0.222, 0.184, 0.234, 0.298, 0.288, 0.2, 0.178, 0.316, 0.182, 0.29]
[0.45, 0.496, 0.536, 0.318, 0.366, 0.476, 0.166, 0.186, 0.226, 0.222, 0.184, 0.234, 0.298, 0.288, 0.2, 0.178, 0.316, 0.182, 0.29, 0.222]
broken out of loop
Total correct retain:  1498  Total retain:  2500
Total correct forget:  13864  Total forget:  47500
Total correct test:  270  Total test:  500
Total correct forget test:  2585  Total test forget:  9500
[0.54]
[0.54, 0.554]
[0.54, 0.554, 0.488]
[0.54, 0.554, 0.488, 0.362]
[0.54, 0.554, 0.488, 0.362, 0.374]
[0.54, 0.554, 0.488, 0.362, 0.374, 0.224]
[0.54, 0.554, 0.488, 0.362, 0.374, 0.224, 0.142]
[0.54, 0.554, 0.488, 0.362, 0.374, 0.224, 0.142, 0.168]
[0.54, 0.554, 0.488, 0.362, 0.374, 0.224, 0.142, 0.168, 0.26]
[0.54, 0.554, 0.488, 0.362, 0.374, 0.224, 0.142, 0.168, 0.26, 0.168]
[0.54, 0.554, 0.488, 0.362, 0.374, 0.224, 0.142, 0.168, 0.26, 0.168, 0.188]
[0.54, 0.554, 0.488, 0.362, 0.374, 0.224, 0.142, 0.168, 0.26, 0.168, 0.188, 0.186]
[0.54, 0.554, 0.488, 0.362, 0.374, 0.224, 0.142, 0.168, 0.26, 0.168, 0.188, 0.186, 0.314]
[0.54, 0.554, 0.488, 0.362, 0.374, 0.224, 0.142, 0.168, 0.26, 0.168, 0.188, 0.186, 0.314, 0.332]
[0.54, 0.554, 0.488, 0.362, 0.374, 0.224, 0.142, 0.168, 0.26, 0.168, 0.188, 0.186, 0.314, 0.332, 0.186]
[0.54, 0.554, 0.488, 0.362, 0.374, 0.224, 0.142, 0.168, 0.26, 0.168, 0.188, 0.186, 0.314, 0.332, 0.186, 0.204]
[0.54, 0.554, 0.488, 0.362, 0.374, 0.224, 0.142, 0.168, 0.26, 0.168, 0.188, 0.186, 0.314, 0.332, 0.186, 0.204, 0.298]
[0.54, 0.554, 0.488, 0.362, 0.374, 0.224, 0.142, 0.168, 0.26, 0.168, 0.188, 0.186, 0.314, 0.332, 0.186, 0.204, 0.298, 0.208]
[0.54, 0.554, 0.488, 0.362, 0.374, 0.224, 0.142, 0.168, 0.26, 0.168, 0.188, 0.186, 0.314, 0.332, 0.186, 0.204, 0.298, 0.208, 0.296]
[0.54, 0.554, 0.488, 0.362, 0.374, 0.224, 0.142, 0.168, 0.26, 0.168, 0.188, 0.186, 0.314, 0.332, 0.186, 0.204, 0.298, 0.208, 0.296, 0.218]
broken out of loop
Total correct retain:  1225  Total retain:  2500
Total correct forget:  11846  Total forget:  47500
Total correct test:  238  Total test:  500
Total correct forget test:  2259  Total test forget:  9500
[0.476]
[0.476, 0.476]
[0.476, 0.476, 0.456]
[0.476, 0.476, 0.456, 0.4]
[0.476, 0.476, 0.456, 0.4, 0.166]
[0.476, 0.476, 0.456, 0.4, 0.166, 0.146]
[0.476, 0.476, 0.456, 0.4, 0.166, 0.146, 0.152]
[0.476, 0.476, 0.456, 0.4, 0.166, 0.146, 0.152, 0.218]
[0.476, 0.476, 0.456, 0.4, 0.166, 0.146, 0.152, 0.218, 0.208]
[0.476, 0.476, 0.456, 0.4, 0.166, 0.146, 0.152, 0.218, 0.208, 0.156]
[0.476, 0.476, 0.456, 0.4, 0.166, 0.146, 0.152, 0.218, 0.208, 0.156, 0.19]
[0.476, 0.476, 0.456, 0.4, 0.166, 0.146, 0.152, 0.218, 0.208, 0.156, 0.19, 0.17]
[0.476, 0.476, 0.456, 0.4, 0.166, 0.146, 0.152, 0.218, 0.208, 0.156, 0.19, 0.17, 0.292]
[0.476, 0.476, 0.456, 0.4, 0.166, 0.146, 0.152, 0.218, 0.208, 0.156, 0.19, 0.17, 0.292, 0.254]
[0.476, 0.476, 0.456, 0.4, 0.166, 0.146, 0.152, 0.218, 0.208, 0.156, 0.19, 0.17, 0.292, 0.254, 0.212]
[0.476, 0.476, 0.456, 0.4, 0.166, 0.146, 0.152, 0.218, 0.208, 0.156, 0.19, 0.17, 0.292, 0.254, 0.212, 0.242]
[0.476, 0.476, 0.456, 0.4, 0.166, 0.146, 0.152, 0.218, 0.208, 0.156, 0.19, 0.17, 0.292, 0.254, 0.212, 0.242, 0.168]
[0.476, 0.476, 0.456, 0.4, 0.166, 0.146, 0.152, 0.218, 0.208, 0.156, 0.19, 0.17, 0.292, 0.254, 0.212, 0.242, 0.168, 0.184]
[0.476, 0.476, 0.456, 0.4, 0.166, 0.146, 0.152, 0.218, 0.208, 0.156, 0.19, 0.17, 0.292, 0.254, 0.212, 0.242, 0.168, 0.184, 0.228]
[0.476, 0.476, 0.456, 0.4, 0.166, 0.146, 0.152, 0.218, 0.208, 0.156, 0.19, 0.17, 0.292, 0.254, 0.212, 0.242, 0.168, 0.184, 0.228, 0.2]
broken out of loop
Total correct retain:  1076  Total retain:  2500
Total correct forget:  10257  Total forget:  47500
Total correct test:  176  Total test:  500
Total correct forget test:  1990  Total test forget:  9500
[0.352]
[0.352, 0.476]
[0.352, 0.476, 0.42]
[0.352, 0.476, 0.42, 0.178]
[0.352, 0.476, 0.42, 0.178, 0.162]
[0.352, 0.476, 0.42, 0.178, 0.162, 0.174]
[0.352, 0.476, 0.42, 0.178, 0.162, 0.174, 0.236]
[0.352, 0.476, 0.42, 0.178, 0.162, 0.174, 0.236, 0.226]
[0.352, 0.476, 0.42, 0.178, 0.162, 0.174, 0.236, 0.226, 0.166]
[0.352, 0.476, 0.42, 0.178, 0.162, 0.174, 0.236, 0.226, 0.166, 0.198]
[0.352, 0.476, 0.42, 0.178, 0.162, 0.174, 0.236, 0.226, 0.166, 0.198, 0.21]
[0.352, 0.476, 0.42, 0.178, 0.162, 0.174, 0.236, 0.226, 0.166, 0.198, 0.21, 0.156]
[0.352, 0.476, 0.42, 0.178, 0.162, 0.174, 0.236, 0.226, 0.166, 0.198, 0.21, 0.156, 0.206]
[0.352, 0.476, 0.42, 0.178, 0.162, 0.174, 0.236, 0.226, 0.166, 0.198, 0.21, 0.156, 0.206, 0.172]
[0.352, 0.476, 0.42, 0.178, 0.162, 0.174, 0.236, 0.226, 0.166, 0.198, 0.21, 0.156, 0.206, 0.172, 0.092]
[0.352, 0.476, 0.42, 0.178, 0.162, 0.174, 0.236, 0.226, 0.166, 0.198, 0.21, 0.156, 0.206, 0.172, 0.092, 0.188]
[0.352, 0.476, 0.42, 0.178, 0.162, 0.174, 0.236, 0.226, 0.166, 0.198, 0.21, 0.156, 0.206, 0.172, 0.092, 0.188, 0.152]
[0.352, 0.476, 0.42, 0.178, 0.162, 0.174, 0.236, 0.226, 0.166, 0.198, 0.21, 0.156, 0.206, 0.172, 0.092, 0.188, 0.152, 0.216]
[0.352, 0.476, 0.42, 0.178, 0.162, 0.174, 0.236, 0.226, 0.166, 0.198, 0.21, 0.156, 0.206, 0.172, 0.092, 0.188, 0.152, 0.216, 0.148]
[0.352, 0.476, 0.42, 0.178, 0.162, 0.174, 0.236, 0.226, 0.166, 0.198, 0.21, 0.156, 0.206, 0.172, 0.092, 0.188, 0.152, 0.216, 0.148, 0.204]
broken out of loop
Total correct retain:  1150  Total retain:  2500
Total correct forget:  10163  Total forget:  47500
Total correct test:  214  Total test:  500
Total correct forget test:  1964  Total test forget:  9500
[0.428]
[0.428, 0.446]
[0.428, 0.446, 0.18]
[0.428, 0.446, 0.18, 0.142]
[0.428, 0.446, 0.18, 0.142, 0.162]
[0.428, 0.446, 0.18, 0.142, 0.162, 0.196]
[0.428, 0.446, 0.18, 0.142, 0.162, 0.196, 0.256]
[0.428, 0.446, 0.18, 0.142, 0.162, 0.196, 0.256, 0.21]
[0.428, 0.446, 0.18, 0.142, 0.162, 0.196, 0.256, 0.21, 0.172]
[0.428, 0.446, 0.18, 0.142, 0.162, 0.196, 0.256, 0.21, 0.172, 0.234]
[0.428, 0.446, 0.18, 0.142, 0.162, 0.196, 0.256, 0.21, 0.172, 0.234, 0.248]
[0.428, 0.446, 0.18, 0.142, 0.162, 0.196, 0.256, 0.21, 0.172, 0.234, 0.248, 0.164]
[0.428, 0.446, 0.18, 0.142, 0.162, 0.196, 0.256, 0.21, 0.172, 0.234, 0.248, 0.164, 0.176]
[0.428, 0.446, 0.18, 0.142, 0.162, 0.196, 0.256, 0.21, 0.172, 0.234, 0.248, 0.164, 0.176, 0.2]
[0.428, 0.446, 0.18, 0.142, 0.162, 0.196, 0.256, 0.21, 0.172, 0.234, 0.248, 0.164, 0.176, 0.2, 0.1]
[0.428, 0.446, 0.18, 0.142, 0.162, 0.196, 0.256, 0.21, 0.172, 0.234, 0.248, 0.164, 0.176, 0.2, 0.1, 0.166]
[0.428, 0.446, 0.18, 0.142, 0.162, 0.196, 0.256, 0.21, 0.172, 0.234, 0.248, 0.164, 0.176, 0.2, 0.1, 0.166, 0.284]
[0.428, 0.446, 0.18, 0.142, 0.162, 0.196, 0.256, 0.21, 0.172, 0.234, 0.248, 0.164, 0.176, 0.2, 0.1, 0.166, 0.284, 0.232]
[0.428, 0.446, 0.18, 0.142, 0.162, 0.196, 0.256, 0.21, 0.172, 0.234, 0.248, 0.164, 0.176, 0.2, 0.1, 0.166, 0.284, 0.232, 0.16]
[0.428, 0.446, 0.18, 0.142, 0.162, 0.196, 0.256, 0.21, 0.172, 0.234, 0.248, 0.164, 0.176, 0.2, 0.1, 0.166, 0.284, 0.232, 0.16, 0.2]
broken out of loop
Total correct retain:  1178  Total retain:  2500
Total correct forget:  9923  Total forget:  47500
Total correct test:  217  Total test:  500
Total correct forget test:  1956  Total test forget:  9500
[0.434]
[0.434, 0.24]
[0.434, 0.24, 0.174]
[0.434, 0.24, 0.174, 0.12]
[0.434, 0.24, 0.174, 0.12, 0.218]
[0.434, 0.24, 0.174, 0.12, 0.218, 0.23]
[0.434, 0.24, 0.174, 0.12, 0.218, 0.23, 0.308]
[0.434, 0.24, 0.174, 0.12, 0.218, 0.23, 0.308, 0.198]
[0.434, 0.24, 0.174, 0.12, 0.218, 0.23, 0.308, 0.198, 0.204]
[0.434, 0.24, 0.174, 0.12, 0.218, 0.23, 0.308, 0.198, 0.204, 0.248]
[0.434, 0.24, 0.174, 0.12, 0.218, 0.23, 0.308, 0.198, 0.204, 0.248, 0.216]
[0.434, 0.24, 0.174, 0.12, 0.218, 0.23, 0.308, 0.198, 0.204, 0.248, 0.216, 0.186]
[0.434, 0.24, 0.174, 0.12, 0.218, 0.23, 0.308, 0.198, 0.204, 0.248, 0.216, 0.186, 0.146]
[0.434, 0.24, 0.174, 0.12, 0.218, 0.23, 0.308, 0.198, 0.204, 0.248, 0.216, 0.186, 0.146, 0.194]
[0.434, 0.24, 0.174, 0.12, 0.218, 0.23, 0.308, 0.198, 0.204, 0.248, 0.216, 0.186, 0.146, 0.194, 0.136]
[0.434, 0.24, 0.174, 0.12, 0.218, 0.23, 0.308, 0.198, 0.204, 0.248, 0.216, 0.186, 0.146, 0.194, 0.136, 0.204]
[0.434, 0.24, 0.174, 0.12, 0.218, 0.23, 0.308, 0.198, 0.204, 0.248, 0.216, 0.186, 0.146, 0.194, 0.136, 0.204, 0.312]
[0.434, 0.24, 0.174, 0.12, 0.218, 0.23, 0.308, 0.198, 0.204, 0.248, 0.216, 0.186, 0.146, 0.194, 0.136, 0.204, 0.312, 0.202]
[0.434, 0.24, 0.174, 0.12, 0.218, 0.23, 0.308, 0.198, 0.204, 0.248, 0.216, 0.186, 0.146, 0.194, 0.136, 0.204, 0.312, 0.202, 0.176]
[0.434, 0.24, 0.174, 0.12, 0.218, 0.23, 0.308, 0.198, 0.204, 0.248, 0.216, 0.186, 0.146, 0.194, 0.136, 0.204, 0.312, 0.202, 0.176, 0.2]
[[0.674, 0.6, 0.626, 0.556, 0.66, 0.692, 0.612, 0.588, 0.75, 0.654, 0.64, 0.588, 0.714, 0.7, 0.692, 0.73, 0.81, 0.716, 0.708, 0.636], [0.588, 0.554, 0.432, 0.54, 0.558, 0.586, 0.522, 0.57, 0.63, 0.552, 0.524, 0.544, 0.654, 0.634, 0.6, 0.656, 0.692, 0.614, 0.558, 0.252], [0.618, 0.612, 0.552, 0.522, 0.566, 0.594, 0.54, 0.518, 0.646, 0.526, 0.486, 0.492, 0.648, 0.678, 0.62, 0.634, 0.654, 0.626, 0.276, 0.266], [0.506, 0.544, 0.558, 0.482, 0.534, 0.538, 0.536, 0.466, 0.662, 0.492, 0.424, 0.54, 0.632, 0.692, 0.6, 0.624, 0.664, 0.282, 0.27, 0.204], [0.47, 0.488, 0.49, 0.354, 0.488, 0.52, 0.486, 0.464, 0.542, 0.494, 0.386, 0.476, 0.512, 0.588, 0.508, 0.546, 0.184, 0.318, 0.158, 0.208], [0.506, 0.48, 0.484, 0.448, 0.44, 0.558, 0.466, 0.472, 0.632, 0.512, 0.436, 0.458, 0.562, 0.572, 0.616, 0.262, 0.324, 0.34, 0.294, 0.208], [0.412, 0.524, 0.564, 0.426, 0.478, 0.452, 0.462, 0.442, 0.556, 0.534, 0.454, 0.498, 0.456, 0.434, 0.22, 0.378, 0.24, 0.33, 0.234, 0.216], [0.348, 0.374, 0.46, 0.372, 0.418, 0.362, 0.318, 0.376, 0.502, 0.476, 0.424, 0.314, 0.426, 0.062, 0.14, 0.408, 0.212, 0.336, 0.252, 0.208], [0.49, 0.478, 0.48, 0.45, 0.548, 0.434, 0.45, 0.384, 0.566, 0.494, 0.466, 0.46, 0.15, 0.28, 0.26, 0.426, 0.26, 0.33, 0.228, 0.22], [0.512, 0.534, 0.5, 0.432, 0.54, 0.404, 0.404, 0.506, 0.62, 0.416, 0.434, 0.2, 0.152, 0.222, 0.236, 0.298, 0.334, 0.382, 0.226, 0.218], [0.518, 0.5, 0.514, 0.51, 0.566, 0.456, 0.44, 0.526, 0.678, 0.414, 0.244, 0.266, 0.27, 0.352, 0.342, 0.316, 0.402, 0.344, 0.278, 0.264], [0.418, 0.408, 0.384, 0.444, 0.47, 0.35, 0.434, 0.48, 0.508, 0.2, 0.232, 0.222, 0.322, 0.296, 0.368, 0.302, 0.314, 0.254, 0.292, 0.262], [0.44, 0.546, 0.442, 0.416, 0.476, 0.39, 0.412, 0.5, 0.162, 0.228, 0.248, 0.238, 0.24, 0.28, 0.232, 0.278, 0.304, 0.354, 0.232, 0.25], [0.438, 0.536, 0.508, 0.458, 0.462, 0.514, 0.426, 0.202, 0.192, 0.246, 0.254, 0.242, 0.286, 0.212, 0.168, 0.294, 0.354, 0.21, 0.21, 0.24], [0.45, 0.496, 0.536, 0.318, 0.366, 0.476, 0.166, 0.186, 0.226, 0.222, 0.184, 0.234, 0.298, 0.288, 0.2, 0.178, 0.316, 0.182, 0.29, 0.222], [0.54, 0.554, 0.488, 0.362, 0.374, 0.224, 0.142, 0.168, 0.26, 0.168, 0.188, 0.186, 0.314, 0.332, 0.186, 0.204, 0.298, 0.208, 0.296, 0.218], [0.476, 0.476, 0.456, 0.4, 0.166, 0.146, 0.152, 0.218, 0.208, 0.156, 0.19, 0.17, 0.292, 0.254, 0.212, 0.242, 0.168, 0.184, 0.228, 0.2], [0.352, 0.476, 0.42, 0.178, 0.162, 0.174, 0.236, 0.226, 0.166, 0.198, 0.21, 0.156, 0.206, 0.172, 0.092, 0.188, 0.152, 0.216, 0.148, 0.204], [0.428, 0.446, 0.18, 0.142, 0.162, 0.196, 0.256, 0.21, 0.172, 0.234, 0.248, 0.164, 0.176, 0.2, 0.1, 0.166, 0.284, 0.232, 0.16, 0.2], [0.434, 0.24, 0.174, 0.12, 0.218, 0.23, 0.308, 0.198, 0.204, 0.248, 0.216, 0.186, 0.146, 0.194, 0.136, 0.204, 0.312, 0.202, 0.176, 0.2]]
20
20
Plot  0  Done
Average Retain Accuracies:  [0.718, 0.6252, 0.6416, 0.568, 0.5348, 0.5836, 0.4952, 0.3504, 0.5092, 0.5576, 0.5856, 0.4728, 0.4908, 0.5044, 0.5368, 0.5992, 0.49, 0.4304, 0.46, 0.4712]
Average Forget Accuracies:  [0.7676, 0.6320421052631578, 0.6163157894736843, 0.5604421052631579, 0.49153684210526316, 0.49701052631578946, 0.4612210526315789, 0.3582947368421053, 0.4168210526315789, 0.4024, 0.4324, 0.37145263157894737, 0.3519578947368421, 0.34974736842105264, 0.29345263157894735, 0.29187368421052634, 0.24938947368421052, 0.21593684210526315, 0.2139578947368421, 0.20890526315789473]
Average Retain Test Accuracies:  [0.674, 0.588, 0.618, 0.506, 0.47, 0.506, 0.412, 0.348, 0.49, 0.512, 0.518, 0.418, 0.44, 0.438, 0.45, 0.54, 0.476, 0.352, 0.428, 0.434]
Average Forget Test Accuracies:  [0.6669473684210526, 0.5616842105263158, 0.5503157894736842, 0.5128421052631579, 0.4321052631578947, 0.45073684210526316, 0.41568421052631577, 0.3389473684210526, 0.3875789473684211, 0.3714736842105263, 0.4043157894736842, 0.3443157894736842, 0.3277894736842105, 0.3165263157894737, 0.2833684210526316, 0.27210526315789474, 0.23778947368421052, 0.2094736842105263, 0.20673684210526316, 0.20589473684210527]
Done
