Requirement already satisfied: pyyaml in /usr/lib64/python3.12/site-packages (6.0.1)
Requirement already satisfied: setuptools in /usr/lib/python3.12/site-packages (68.2.2)
Requirement already satisfied: matplotlib in /dcs/21/u2145461/.local/lib/python3.12/site-packages (3.10.1)
Requirement already satisfied: contourpy>=1.0.1 in /dcs/21/u2145461/.local/lib/python3.12/site-packages (from matplotlib) (1.3.1)
Requirement already satisfied: cycler>=0.10 in /dcs/21/u2145461/.local/lib/python3.12/site-packages (from matplotlib) (0.12.1)
Requirement already satisfied: fonttools>=4.22.0 in /dcs/21/u2145461/.local/lib/python3.12/site-packages (from matplotlib) (4.56.0)
Requirement already satisfied: kiwisolver>=1.3.1 in /dcs/21/u2145461/.local/lib/python3.12/site-packages (from matplotlib) (1.4.8)
Requirement already satisfied: numpy>=1.23 in /dcs/21/u2145461/.local/lib/python3.12/site-packages (from matplotlib) (2.2.3)
Requirement already satisfied: packaging>=20.0 in /dcs/21/u2145461/.local/lib/python3.12/site-packages (from matplotlib) (24.2)
Requirement already satisfied: pillow>=8 in /dcs/21/u2145461/.local/lib/python3.12/site-packages (from matplotlib) (11.0.0)
Requirement already satisfied: pyparsing>=2.3.1 in /dcs/21/u2145461/.local/lib/python3.12/site-packages (from matplotlib) (3.2.1)
Requirement already satisfied: python-dateutil>=2.7 in /dcs/21/u2145461/.local/lib/python3.12/site-packages (from matplotlib) (2.9.0.post0)
Requirement already satisfied: six>=1.5 in /dcs/21/u2145461/.local/lib/python3.12/site-packages (from python-dateutil>=2.7->matplotlib) (1.17.0)
Requirement already satisfied: quadprog in /dcs/21/u2145461/.local/lib/python3.12/site-packages (0.1.13)
Requirement already satisfied: numpy in /dcs/21/u2145461/.local/lib/python3.12/site-packages (from quadprog) (2.2.3)
Requirement already satisfied: pyparsing in /dcs/21/u2145461/.local/lib/python3.12/site-packages (3.2.1)
Requirement already satisfied: pandas in /dcs/21/u2145461/.local/lib/python3.12/site-packages (2.2.3)
Requirement already satisfied: numpy>=1.26.0 in /dcs/21/u2145461/.local/lib/python3.12/site-packages (from pandas) (2.2.3)
Requirement already satisfied: python-dateutil>=2.8.2 in /dcs/21/u2145461/.local/lib/python3.12/site-packages (from pandas) (2.9.0.post0)
Requirement already satisfied: pytz>=2020.1 in /dcs/21/u2145461/.local/lib/python3.12/site-packages (from pandas) (2025.1)
Requirement already satisfied: tzdata>=2022.7 in /dcs/21/u2145461/.local/lib/python3.12/site-packages (from pandas) (2025.1)
Requirement already satisfied: six>=1.5 in /dcs/21/u2145461/.local/lib/python3.12/site-packages (from python-dateutil>=2.8.2->pandas) (1.17.0)
Requirement already satisfied: numpy in /dcs/21/u2145461/.local/lib/python3.12/site-packages (2.2.3)
Sun Apr  6 17:34:43 2025       
+-----------------------------------------------------------------------------------------+
| NVIDIA-SMI 550.144.03             Driver Version: 550.144.03     CUDA Version: 12.4     |
|-----------------------------------------+------------------------+----------------------+
| GPU  Name                 Persistence-M | Bus-Id          Disp.A | Volatile Uncorr. ECC |
| Fan  Temp   Perf          Pwr:Usage/Cap |           Memory-Usage | GPU-Util  Compute M. |
|                                         |                        |               MIG M. |
|=========================================+========================+======================|
|   0  NVIDIA A10                     On  |   00000000:81:00.0 Off |                    0 |
|  0%   22C    P8             16W /  150W |       1MiB /  23028MiB |      0%      Default |
|                                         |                        |                  N/A |
+-----------------------------------------+------------------------+----------------------+
                                                                                         
+-----------------------------------------------------------------------------------------+
| Processes:                                                                              |
|  GPU   GI   CI        PID   Type   Process name                              GPU Memory |
|        ID   ID                                                               Usage      |
|=========================================================================================|
|  No running processes found                                                             |
+-----------------------------------------------------------------------------------------+
Python 3.12.8
./cifar-100-python/train
./cifar-100-python/test
Unlearn Batch Size:  16
Unlearn MEM Strength:  0.6
cifar-100-python/train
cifar-100-python/test
new ordering of classes:  ['sunflowers', 'telephone', 'snake', 'snail', 'wardrobe', 'bus', 'bridge', 'bottles', 'house', 'flatfish', 'cattle', 'chimpanzee', 'road', 'bee', 'television', 'clock', 'table', 'forest', 'rabbit', 'cockroach', 'porcupine', 'streetcar', 'mountain', 'caterpillar', 'beetle', 'cups', 'worm', 'trout', 'tank', 'man', 'ray', 'poppies', 'rocket', 'beaver', 'plain', 'girl', 'crocodile', 'lobster', 'tiger', 'bear', 'dinosaur', 'castle', 'sweet peppers', 'baby', 'skunk', 'butterfly', 'seal', 'pine', 'tractor', 'train', 'cans', 'pickup truck', 'lawn-mower', 'dolphin', 'sea', 'apples', 'pears', 'elephant', 'boy', 'squirrel', 'orchids', 'aquarium fish', 'possum', 'skyscraper', 'wolf', 'shrew', 'lizard', 'camel', 'otter', 'tulips', 'roses', 'shark', 'plates', 'cloud', 'computer keyboard', 'bed', 'crab', 'mushrooms', 'turtle', 'bicycle', 'whale', 'woman', 'couch', 'bowls', 'oranges', 'oak', 'raccoon', 'mouse', 'maple', 'chair', 'palm', 'kangaroo', 'lamp', 'willow', 'leopard', 'fox', 'lion', 'motorcycle', 'hamster', 'spider']
Training task:  1
[0.692, 0.204, 0.204, 0.174, 0.226, 0.192, 0.162, 0.186, 0.184, 0.254, 0.2, 0.214, 0.156, 0.152, 0.2, 0.23, 0.222, 0.246, 0.266, 0.282]
Training task:  2
[0.662, 0.7, 0.278, 0.224, 0.23, 0.194, 0.126, 0.19, 0.184, 0.242, 0.284, 0.226, 0.164, 0.144, 0.282, 0.206, 0.108, 0.232, 0.22, 0.146]
Training task:  3
[0.502, 0.574, 0.704, 0.208, 0.2, 0.212, 0.142, 0.232, 0.108, 0.29, 0.29, 0.174, 0.174, 0.194, 0.138, 0.17, 0.112, 0.166, 0.226, 0.2]
Training task:  4
[0.642, 0.668, 0.724, 0.7, 0.208, 0.196, 0.124, 0.214, 0.126, 0.192, 0.252, 0.16, 0.194, 0.178, 0.236, 0.168, 0.15, 0.252, 0.242, 0.136]
Training task:  5
[0.64, 0.676, 0.712, 0.678, 0.808, 0.222, 0.202, 0.206, 0.118, 0.172, 0.316, 0.164, 0.202, 0.188, 0.25, 0.156, 0.086, 0.156, 0.236, 0.194]
Training task:  6
[0.662, 0.634, 0.718, 0.592, 0.696, 0.734, 0.17, 0.242, 0.132, 0.154, 0.294, 0.15, 0.22, 0.212, 0.296, 0.15, 0.128, 0.152, 0.234, 0.202]
Training task:  7
[0.666, 0.618, 0.654, 0.602, 0.718, 0.668, 0.87, 0.254, 0.176, 0.13, 0.252, 0.146, 0.234, 0.184, 0.284, 0.182, 0.126, 0.158, 0.208, 0.2]
Training task:  8
[0.63, 0.628, 0.692, 0.596, 0.674, 0.63, 0.778, 0.72, 0.19, 0.2, 0.302, 0.16, 0.196, 0.18, 0.298, 0.158, 0.154, 0.15, 0.206, 0.198]
Training task:  9
[0.644, 0.628, 0.708, 0.59, 0.708, 0.656, 0.808, 0.672, 0.89, 0.174, 0.284, 0.17, 0.18, 0.156, 0.294, 0.164, 0.17, 0.158, 0.218, 0.22]
Training task:  10
[0.612, 0.66, 0.728, 0.582, 0.708, 0.608, 0.8, 0.64, 0.85, 0.694, 0.29, 0.164, 0.178, 0.192, 0.27, 0.19, 0.182, 0.178, 0.222, 0.198]
Training task:  11
[0.632, 0.648, 0.708, 0.592, 0.738, 0.614, 0.79, 0.61, 0.84, 0.666, 0.878, 0.162, 0.17, 0.168, 0.252, 0.15, 0.15, 0.168, 0.222, 0.19]
Training task:  12
[0.644, 0.622, 0.664, 0.564, 0.682, 0.584, 0.794, 0.612, 0.834, 0.594, 0.786, 0.708, 0.232, 0.128, 0.308, 0.194, 0.136, 0.172, 0.216, 0.208]
Training task:  13
[0.652, 0.644, 0.664, 0.546, 0.698, 0.57, 0.766, 0.588, 0.812, 0.586, 0.79, 0.644, 0.748, 0.182, 0.302, 0.176, 0.122, 0.132, 0.208, 0.202]
Training task:  14
[0.624, 0.616, 0.652, 0.522, 0.696, 0.566, 0.756, 0.542, 0.822, 0.58, 0.764, 0.616, 0.694, 0.66, 0.298, 0.156, 0.12, 0.13, 0.242, 0.194]
Training task:  15
[0.628, 0.606, 0.674, 0.54, 0.696, 0.572, 0.794, 0.518, 0.788, 0.546, 0.736, 0.566, 0.636, 0.548, 0.84, 0.132, 0.12, 0.192, 0.218, 0.202]
Training task:  16
[0.61, 0.626, 0.692, 0.54, 0.674, 0.562, 0.78, 0.53, 0.798, 0.582, 0.726, 0.548, 0.636, 0.532, 0.836, 0.694, 0.146, 0.14, 0.216, 0.172]
Training task:  17
[0.616, 0.63, 0.69, 0.562, 0.672, 0.574, 0.776, 0.542, 0.82, 0.576, 0.722, 0.596, 0.646, 0.53, 0.82, 0.618, 0.782, 0.14, 0.24, 0.19]
Training task:  18
[0.644, 0.65, 0.692, 0.566, 0.676, 0.572, 0.78, 0.584, 0.812, 0.544, 0.746, 0.538, 0.638, 0.522, 0.798, 0.654, 0.716, 0.734, 0.264, 0.216]
Training task:  19
[0.636, 0.652, 0.706, 0.536, 0.678, 0.586, 0.82, 0.534, 0.806, 0.602, 0.73, 0.548, 0.632, 0.56, 0.806, 0.614, 0.71, 0.694, 0.734, 0.202]
Training task:  20
[0.634, 0.674, 0.694, 0.552, 0.702, 0.596, 0.786, 0.55, 0.856, 0.582, 0.726, 0.576, 0.62, 0.552, 0.778, 0.61, 0.694, 0.638, 0.67, 0.834]
Unlearning task:  20
Total correct retain:  1713  Total retain:  2500
Total correct forget:  36768  Total forget:  47500
Total correct test:  317  Total test:  500
Total correct forget test:  6345  Total test forget:  9500
[0.634]
[0.634, 0.674]
[0.634, 0.674, 0.694]
[0.634, 0.674, 0.694, 0.552]
[0.634, 0.674, 0.694, 0.552, 0.702]
[0.634, 0.674, 0.694, 0.552, 0.702, 0.596]
[0.634, 0.674, 0.694, 0.552, 0.702, 0.596, 0.786]
[0.634, 0.674, 0.694, 0.552, 0.702, 0.596, 0.786, 0.55]
[0.634, 0.674, 0.694, 0.552, 0.702, 0.596, 0.786, 0.55, 0.856]
[0.634, 0.674, 0.694, 0.552, 0.702, 0.596, 0.786, 0.55, 0.856, 0.582]
[0.634, 0.674, 0.694, 0.552, 0.702, 0.596, 0.786, 0.55, 0.856, 0.582, 0.726]
[0.634, 0.674, 0.694, 0.552, 0.702, 0.596, 0.786, 0.55, 0.856, 0.582, 0.726, 0.576]
[0.634, 0.674, 0.694, 0.552, 0.702, 0.596, 0.786, 0.55, 0.856, 0.582, 0.726, 0.576, 0.62]
[0.634, 0.674, 0.694, 0.552, 0.702, 0.596, 0.786, 0.55, 0.856, 0.582, 0.726, 0.576, 0.62, 0.552]
[0.634, 0.674, 0.694, 0.552, 0.702, 0.596, 0.786, 0.55, 0.856, 0.582, 0.726, 0.576, 0.62, 0.552, 0.778]
[0.634, 0.674, 0.694, 0.552, 0.702, 0.596, 0.786, 0.55, 0.856, 0.582, 0.726, 0.576, 0.62, 0.552, 0.778, 0.61]
[0.634, 0.674, 0.694, 0.552, 0.702, 0.596, 0.786, 0.55, 0.856, 0.582, 0.726, 0.576, 0.62, 0.552, 0.778, 0.61, 0.694]
[0.634, 0.674, 0.694, 0.552, 0.702, 0.596, 0.786, 0.55, 0.856, 0.582, 0.726, 0.576, 0.62, 0.552, 0.778, 0.61, 0.694, 0.638]
[0.634, 0.674, 0.694, 0.552, 0.702, 0.596, 0.786, 0.55, 0.856, 0.582, 0.726, 0.576, 0.62, 0.552, 0.778, 0.61, 0.694, 0.638, 0.67]
[0.634, 0.674, 0.694, 0.552, 0.702, 0.596, 0.786, 0.55, 0.856, 0.582, 0.726, 0.576, 0.62, 0.552, 0.778, 0.61, 0.694, 0.638, 0.67, 0.834]
Python 3.12.8
./cifar-100-python/train
./cifar-100-python/test
Unlearn Batch Size:  16
Unlearn MEM Strength:  0.6
cifar-100-python/train
cifar-100-python/test
new ordering of classes:  ['lamp', 'bottles', 'computer keyboard', 'cattle', 'tiger', 'tank', 'forest', 'road', 'raccoon', 'wolf', 'possum', 'plates', 'sweet peppers', 'shark', 'otter', 'telephone', 'willow', 'worm', 'pine', 'sea', 'seal', 'beaver', 'poppies', 'wardrobe', 'snake', 'oak', 'leopard', 'man', 'tractor', 'plain', 'whale', 'palm', 'mountain', 'lawn-mower', 'ray', 'streetcar', 'porcupine', 'lobster', 'woman', 'lizard', 'bus', 'chimpanzee', 'aquarium fish', 'rocket', 'table', 'sunflowers', 'bear', 'bicycle', 'girl', 'fox', 'bee', 'dinosaur', 'skyscraper', 'oranges', 'flatfish', 'snail', 'spider', 'cloud', 'hamster', 'cans', 'maple', 'bridge', 'crab', 'orchids', 'apples', 'crocodile', 'skunk', 'lion', 'bowls', 'elephant', 'mushrooms', 'kangaroo', 'butterfly', 'castle', 'television', 'bed', 'baby', 'roses', 'beetle', 'squirrel', 'rabbit', 'trout', 'motorcycle', 'boy', 'clock', 'tulips', 'mouse', 'shrew', 'couch', 'house', 'dolphin', 'pickup truck', 'cups', 'camel', 'chair', 'pears', 'train', 'cockroach', 'caterpillar', 'turtle']
Training task:  1
[0.592, 0.222, 0.136, 0.19, 0.134, 0.124, 0.2, 0.228, 0.2, 0.154, 0.2, 0.186, 0.148, 0.138, 0.202, 0.21, 0.162, 0.21, 0.206, 0.216]
Training task:  2
[0.41, 0.594, 0.246, 0.22, 0.144, 0.154, 0.2, 0.144, 0.194, 0.206, 0.2, 0.196, 0.136, 0.206, 0.168, 0.202, 0.218, 0.156, 0.22, 0.268]
Training task:  3
[0.502, 0.514, 0.68, 0.228, 0.184, 0.106, 0.2, 0.146, 0.22, 0.282, 0.2, 0.152, 0.174, 0.158, 0.192, 0.222, 0.148, 0.202, 0.2, 0.254]
Training task:  4
[0.504, 0.59, 0.628, 0.776, 0.152, 0.098, 0.198, 0.19, 0.226, 0.2, 0.2, 0.08, 0.12, 0.174, 0.144, 0.202, 0.142, 0.182, 0.2, 0.208]
Training task:  5
[0.582, 0.558, 0.674, 0.686, 0.736, 0.092, 0.198, 0.192, 0.206, 0.274, 0.2, 0.088, 0.2, 0.156, 0.124, 0.218, 0.206, 0.184, 0.206, 0.242]
Training task:  6
[0.564, 0.57, 0.636, 0.726, 0.642, 0.844, 0.182, 0.142, 0.214, 0.196, 0.2, 0.064, 0.244, 0.152, 0.152, 0.22, 0.218, 0.168, 0.194, 0.228]
Training task:  7
[0.56, 0.52, 0.632, 0.724, 0.594, 0.788, 0.834, 0.162, 0.2, 0.198, 0.196, 0.074, 0.248, 0.146, 0.126, 0.204, 0.184, 0.192, 0.204, 0.25]
Training task:  8
[0.612, 0.592, 0.616, 0.706, 0.654, 0.774, 0.706, 0.696, 0.214, 0.246, 0.196, 0.084, 0.154, 0.156, 0.188, 0.17, 0.244, 0.188, 0.21, 0.296]
Training task:  9
[0.558, 0.59, 0.624, 0.692, 0.644, 0.77, 0.656, 0.66, 0.862, 0.236, 0.2, 0.106, 0.2, 0.148, 0.184, 0.196, 0.244, 0.198, 0.2, 0.278]
Training task:  10
[0.568, 0.556, 0.648, 0.682, 0.654, 0.746, 0.618, 0.634, 0.822, 0.774, 0.198, 0.118, 0.182, 0.186, 0.212, 0.18, 0.222, 0.184, 0.196, 0.294]
Training task:  11
[0.58, 0.544, 0.646, 0.694, 0.654, 0.734, 0.624, 0.616, 0.812, 0.724, 0.9, 0.102, 0.162, 0.174, 0.182, 0.206, 0.24, 0.168, 0.2, 0.31]
Training task:  12
[0.574, 0.568, 0.652, 0.704, 0.634, 0.728, 0.646, 0.596, 0.81, 0.678, 0.85, 0.81, 0.15, 0.156, 0.142, 0.212, 0.21, 0.172, 0.204, 0.294]
Training task:  13
[0.552, 0.532, 0.64, 0.71, 0.642, 0.774, 0.63, 0.634, 0.758, 0.674, 0.832, 0.78, 0.884, 0.202, 0.138, 0.196, 0.23, 0.18, 0.202, 0.288]
Training task:  14
[0.57, 0.504, 0.668, 0.648, 0.604, 0.716, 0.652, 0.6, 0.734, 0.674, 0.806, 0.742, 0.814, 0.768, 0.148, 0.206, 0.202, 0.17, 0.202, 0.302]
Training task:  15
[0.574, 0.518, 0.646, 0.666, 0.614, 0.682, 0.634, 0.606, 0.73, 0.672, 0.832, 0.746, 0.832, 0.694, 0.836, 0.208, 0.222, 0.15, 0.202, 0.322]
Training task:  16
[0.604, 0.508, 0.658, 0.68, 0.634, 0.712, 0.63, 0.65, 0.72, 0.672, 0.822, 0.72, 0.816, 0.67, 0.75, 0.806, 0.198, 0.188, 0.208, 0.312]
Training task:  17
[0.582, 0.532, 0.666, 0.68, 0.63, 0.706, 0.634, 0.634, 0.758, 0.668, 0.81, 0.694, 0.802, 0.664, 0.724, 0.752, 0.774, 0.226, 0.204, 0.276]
Training task:  18
[0.566, 0.522, 0.68, 0.662, 0.626, 0.698, 0.616, 0.662, 0.718, 0.676, 0.766, 0.698, 0.774, 0.63, 0.714, 0.714, 0.73, 0.66, 0.204, 0.284]
Training task:  19
[0.6, 0.49, 0.662, 0.656, 0.608, 0.714, 0.622, 0.65, 0.74, 0.668, 0.8, 0.706, 0.776, 0.638, 0.734, 0.698, 0.7, 0.588, 0.738, 0.284]
Training task:  20
[0.576, 0.496, 0.664, 0.658, 0.578, 0.7, 0.612, 0.668, 0.724, 0.668, 0.808, 0.69, 0.756, 0.636, 0.72, 0.684, 0.71, 0.578, 0.702, 0.806]
Unlearning task:  20
Total correct retain:  1499  Total retain:  2500
Total correct forget:  37351  Total forget:  47500
Total correct test:  288  Total test:  500
Total correct forget test:  6429  Total test forget:  9500
[0.576]
[0.576, 0.496]
[0.576, 0.496, 0.664]
[0.576, 0.496, 0.664, 0.658]
[0.576, 0.496, 0.664, 0.658, 0.578]
[0.576, 0.496, 0.664, 0.658, 0.578, 0.7]
[0.576, 0.496, 0.664, 0.658, 0.578, 0.7, 0.612]
[0.576, 0.496, 0.664, 0.658, 0.578, 0.7, 0.612, 0.668]
[0.576, 0.496, 0.664, 0.658, 0.578, 0.7, 0.612, 0.668, 0.724]
[0.576, 0.496, 0.664, 0.658, 0.578, 0.7, 0.612, 0.668, 0.724, 0.668]
[0.576, 0.496, 0.664, 0.658, 0.578, 0.7, 0.612, 0.668, 0.724, 0.668, 0.808]
[0.576, 0.496, 0.664, 0.658, 0.578, 0.7, 0.612, 0.668, 0.724, 0.668, 0.808, 0.69]
[0.576, 0.496, 0.664, 0.658, 0.578, 0.7, 0.612, 0.668, 0.724, 0.668, 0.808, 0.69, 0.756]
[0.576, 0.496, 0.664, 0.658, 0.578, 0.7, 0.612, 0.668, 0.724, 0.668, 0.808, 0.69, 0.756, 0.636]
[0.576, 0.496, 0.664, 0.658, 0.578, 0.7, 0.612, 0.668, 0.724, 0.668, 0.808, 0.69, 0.756, 0.636, 0.72]
[0.576, 0.496, 0.664, 0.658, 0.578, 0.7, 0.612, 0.668, 0.724, 0.668, 0.808, 0.69, 0.756, 0.636, 0.72, 0.684]
[0.576, 0.496, 0.664, 0.658, 0.578, 0.7, 0.612, 0.668, 0.724, 0.668, 0.808, 0.69, 0.756, 0.636, 0.72, 0.684, 0.71]
[0.576, 0.496, 0.664, 0.658, 0.578, 0.7, 0.612, 0.668, 0.724, 0.668, 0.808, 0.69, 0.756, 0.636, 0.72, 0.684, 0.71, 0.578]
[0.576, 0.496, 0.664, 0.658, 0.578, 0.7, 0.612, 0.668, 0.724, 0.668, 0.808, 0.69, 0.756, 0.636, 0.72, 0.684, 0.71, 0.578, 0.702]
[0.576, 0.496, 0.664, 0.658, 0.578, 0.7, 0.612, 0.668, 0.724, 0.668, 0.808, 0.69, 0.756, 0.636, 0.72, 0.684, 0.71, 0.578, 0.702, 0.806]
