Requirement already satisfied: pyyaml in /usr/lib64/python3.12/site-packages (6.0.1)
Requirement already satisfied: setuptools in /usr/lib/python3.12/site-packages (68.2.2)
Requirement already satisfied: matplotlib in /dcs/21/u2145461/.local/lib/python3.12/site-packages (3.10.1)
Requirement already satisfied: contourpy>=1.0.1 in /dcs/21/u2145461/.local/lib/python3.12/site-packages (from matplotlib) (1.3.1)
Requirement already satisfied: cycler>=0.10 in /dcs/21/u2145461/.local/lib/python3.12/site-packages (from matplotlib) (0.12.1)
Requirement already satisfied: fonttools>=4.22.0 in /dcs/21/u2145461/.local/lib/python3.12/site-packages (from matplotlib) (4.56.0)
Requirement already satisfied: kiwisolver>=1.3.1 in /dcs/21/u2145461/.local/lib/python3.12/site-packages (from matplotlib) (1.4.8)
Requirement already satisfied: numpy>=1.23 in /dcs/21/u2145461/.local/lib/python3.12/site-packages (from matplotlib) (2.2.3)
Requirement already satisfied: packaging>=20.0 in /dcs/21/u2145461/.local/lib/python3.12/site-packages (from matplotlib) (24.2)
Requirement already satisfied: pillow>=8 in /dcs/21/u2145461/.local/lib/python3.12/site-packages (from matplotlib) (11.0.0)
Requirement already satisfied: pyparsing>=2.3.1 in /dcs/21/u2145461/.local/lib/python3.12/site-packages (from matplotlib) (3.2.1)
Requirement already satisfied: python-dateutil>=2.7 in /dcs/21/u2145461/.local/lib/python3.12/site-packages (from matplotlib) (2.9.0.post0)
Requirement already satisfied: six>=1.5 in /dcs/21/u2145461/.local/lib/python3.12/site-packages (from python-dateutil>=2.7->matplotlib) (1.17.0)
Requirement already satisfied: quadprog in /dcs/21/u2145461/.local/lib/python3.12/site-packages (0.1.13)
Requirement already satisfied: numpy in /dcs/21/u2145461/.local/lib/python3.12/site-packages (from quadprog) (2.2.3)
Requirement already satisfied: pyparsing in /dcs/21/u2145461/.local/lib/python3.12/site-packages (3.2.1)
Requirement already satisfied: pandas in /dcs/21/u2145461/.local/lib/python3.12/site-packages (2.2.3)
Requirement already satisfied: numpy>=1.26.0 in /dcs/21/u2145461/.local/lib/python3.12/site-packages (from pandas) (2.2.3)
Requirement already satisfied: python-dateutil>=2.8.2 in /dcs/21/u2145461/.local/lib/python3.12/site-packages (from pandas) (2.9.0.post0)
Requirement already satisfied: pytz>=2020.1 in /dcs/21/u2145461/.local/lib/python3.12/site-packages (from pandas) (2025.1)
Requirement already satisfied: tzdata>=2022.7 in /dcs/21/u2145461/.local/lib/python3.12/site-packages (from pandas) (2025.1)
Requirement already satisfied: six>=1.5 in /dcs/21/u2145461/.local/lib/python3.12/site-packages (from python-dateutil>=2.8.2->pandas) (1.17.0)
Requirement already satisfied: numpy in /dcs/21/u2145461/.local/lib/python3.12/site-packages (2.2.3)
Fri Apr  4 20:21:34 2025       
+-----------------------------------------------------------------------------------------+
| NVIDIA-SMI 550.144.03             Driver Version: 550.144.03     CUDA Version: 12.4     |
|-----------------------------------------+------------------------+----------------------+
| GPU  Name                 Persistence-M | Bus-Id          Disp.A | Volatile Uncorr. ECC |
| Fan  Temp   Perf          Pwr:Usage/Cap |           Memory-Usage | GPU-Util  Compute M. |
|                                         |                        |               MIG M. |
|=========================================+========================+======================|
|   0  NVIDIA A10                     On  |   00000000:E1:00.0 Off |                    0 |
|  0%   25C    P8             15W /  150W |       1MiB /  23028MiB |      0%      Default |
|                                         |                        |                  N/A |
+-----------------------------------------+------------------------+----------------------+
                                                                                         
+-----------------------------------------------------------------------------------------+
| Processes:                                                                              |
|  GPU   GI   CI        PID   Type   Process name                              GPU Memory |
|        ID   ID                                                               Usage      |
|=========================================================================================|
|  No running processes found                                                             |
+-----------------------------------------------------------------------------------------+
Python 3.12.8
./cifar-100-python/train
./cifar-100-python/test
Unlearn Batch Size:  16
Unlearn MEM Strength:  0.6
cifar-100-python/train
cifar-100-python/test
new ordering of classes:  ['cockroach', 'snail', 'couch', 'spider', 'rabbit', 'bridge', 'streetcar', 'bear', 'sea', 'possum', 'wolf', 'maple', 'tractor', 'lawn-mower', 'plain', 'television', 'chimpanzee', 'pears', 'ray', 'bus', 'squirrel', 'mushrooms', 'trout', 'leopard', 'lizard', 'train', 'telephone', 'castle', 'lion', 'tiger', 'porcupine', 'turtle', 'lobster', 'cups', 'bed', 'elephant', 'butterfly', 'mouse', 'pine', 'forest', 'seal', 'computer keyboard', 'poppies', 'motorcycle', 'lamp', 'beetle', 'wardrobe', 'plates', 'girl', 'dolphin', 'tulips', 'boy', 'sunflowers', 'dinosaur', 'whale', 'oranges', 'caterpillar', 'worm', 'bottles', 'kangaroo', 'rocket', 'clock', 'cloud', 'pickup truck', 'bee', 'shrew', 'house', 'willow', 'chair', 'snake', 'mountain', 'man', 'crab', 'shark', 'bowls', 'apples', 'cattle', 'fox', 'raccoon', 'palm', 'sweet peppers', 'oak', 'skyscraper', 'skunk', 'bicycle', 'hamster', 'table', 'cans', 'aquarium fish', 'crocodile', 'tank', 'baby', 'otter', 'beaver', 'camel', 'woman', 'orchids', 'flatfish', 'roses', 'road']
Training task:  1
[0.26, 0.2, 0.2, 0.2, 0.208, 0.196, 0.2, 0.2, 0.198, 0.252, 0.202, 0.178, 0.198, 0.172, 0.2, 0.16, 0.196, 0.206, 0.208, 0.154]
Training task:  2
[0.23, 0.468, 0.2, 0.178, 0.182, 0.196, 0.178, 0.186, 0.198, 0.198, 0.24, 0.17, 0.236, 0.188, 0.168, 0.204, 0.196, 0.12, 0.31, 0.214]
Training task:  3
[0.346, 0.522, 0.64, 0.246, 0.158, 0.196, 0.15, 0.14, 0.196, 0.226, 0.212, 0.174, 0.238, 0.192, 0.152, 0.246, 0.1, 0.252, 0.252, 0.124]
Training task:  4
[0.41, 0.58, 0.516, 0.66, 0.196, 0.176, 0.13, 0.146, 0.18, 0.2, 0.19, 0.35, 0.25, 0.208, 0.198, 0.224, 0.128, 0.16, 0.274, 0.19]
Training task:  5
[0.434, 0.626, 0.728, 0.666, 0.486, 0.182, 0.12, 0.146, 0.208, 0.238, 0.198, 0.252, 0.254, 0.214, 0.224, 0.208, 0.102, 0.19, 0.264, 0.242]
Training task:  6
[0.408, 0.634, 0.712, 0.692, 0.51, 0.634, 0.148, 0.15, 0.19, 0.16, 0.214, 0.182, 0.186, 0.188, 0.202, 0.228, 0.112, 0.178, 0.316, 0.208]
Training task:  7
[0.454, 0.604, 0.664, 0.712, 0.456, 0.608, 0.504, 0.166, 0.186, 0.252, 0.194, 0.258, 0.234, 0.208, 0.216, 0.18, 0.112, 0.154, 0.34, 0.296]
Training task:  8
[0.444, 0.62, 0.694, 0.654, 0.536, 0.61, 0.506, 0.516, 0.19, 0.152, 0.192, 0.29, 0.206, 0.246, 0.24, 0.196, 0.232, 0.19, 0.268, 0.178]
Training task:  9
[0.456, 0.672, 0.766, 0.696, 0.486, 0.572, 0.534, 0.5, 0.694, 0.2, 0.19, 0.268, 0.208, 0.2, 0.238, 0.186, 0.13, 0.12, 0.316, 0.238]
Training task:  10
[0.416, 0.594, 0.686, 0.588, 0.49, 0.616, 0.466, 0.51, 0.6, 0.588, 0.184, 0.204, 0.194, 0.23, 0.226, 0.184, 0.096, 0.182, 0.296, 0.162]
Training task:  11
[0.448, 0.63, 0.72, 0.72, 0.492, 0.638, 0.5, 0.462, 0.604, 0.586, 0.518, 0.35, 0.326, 0.22, 0.094, 0.194, 0.118, 0.208, 0.294, 0.256]
Training task:  12
[0.442, 0.526, 0.702, 0.634, 0.424, 0.598, 0.448, 0.45, 0.638, 0.578, 0.626, 0.666, 0.158, 0.288, 0.192, 0.178, 0.128, 0.17, 0.276, 0.18]
Training task:  13
[0.47, 0.652, 0.748, 0.73, 0.472, 0.638, 0.57, 0.538, 0.648, 0.586, 0.6, 0.634, 0.8, 0.248, 0.176, 0.164, 0.096, 0.134, 0.24, 0.29]
Training task:  14
[0.282, 0.572, 0.45, 0.586, 0.39, 0.516, 0.374, 0.402, 0.404, 0.516, 0.406, 0.444, 0.594, 0.466, 0.188, 0.158, 0.092, 0.188, 0.23, 0.26]
Training task:  15
[0.454, 0.618, 0.762, 0.69, 0.466, 0.592, 0.514, 0.468, 0.624, 0.658, 0.552, 0.626, 0.712, 0.614, 0.61, 0.23, 0.114, 0.154, 0.262, 0.254]
Training task:  16
[0.48, 0.658, 0.724, 0.668, 0.49, 0.586, 0.53, 0.494, 0.614, 0.64, 0.554, 0.604, 0.73, 0.574, 0.648, 0.562, 0.148, 0.164, 0.262, 0.224]
Training task:  17
[0.502, 0.686, 0.778, 0.72, 0.47, 0.592, 0.562, 0.534, 0.656, 0.662, 0.618, 0.626, 0.724, 0.598, 0.622, 0.606, 0.864, 0.15, 0.23, 0.26]
Training task:  18
[0.462, 0.62, 0.696, 0.632, 0.426, 0.57, 0.52, 0.412, 0.588, 0.678, 0.522, 0.596, 0.714, 0.598, 0.546, 0.582, 0.65, 0.558, 0.302, 0.208]
Training task:  19
[0.44, 0.564, 0.74, 0.704, 0.448, 0.568, 0.502, 0.484, 0.606, 0.636, 0.534, 0.592, 0.68, 0.556, 0.546, 0.57, 0.724, 0.58, 0.488, 0.234]
Training task:  20
[0.456, 0.652, 0.734, 0.714, 0.46, 0.598, 0.53, 0.498, 0.662, 0.646, 0.578, 0.62, 0.618, 0.61, 0.562, 0.602, 0.774, 0.596, 0.486, 0.706]
Unlearning task:  20
Total correct retain:  1355  Total retain:  2500
Total correct forget:  31173  Total forget:  47500
Total correct test:  228  Total test:  500
Total correct forget test:  5823  Total test forget:  9500
[0.456]
[0.456, 0.652]
[0.456, 0.652, 0.734]
[0.456, 0.652, 0.734, 0.714]
[0.456, 0.652, 0.734, 0.714, 0.46]
[0.456, 0.652, 0.734, 0.714, 0.46, 0.598]
[0.456, 0.652, 0.734, 0.714, 0.46, 0.598, 0.53]
[0.456, 0.652, 0.734, 0.714, 0.46, 0.598, 0.53, 0.498]
[0.456, 0.652, 0.734, 0.714, 0.46, 0.598, 0.53, 0.498, 0.662]
[0.456, 0.652, 0.734, 0.714, 0.46, 0.598, 0.53, 0.498, 0.662, 0.646]
[0.456, 0.652, 0.734, 0.714, 0.46, 0.598, 0.53, 0.498, 0.662, 0.646, 0.578]
[0.456, 0.652, 0.734, 0.714, 0.46, 0.598, 0.53, 0.498, 0.662, 0.646, 0.578, 0.62]
[0.456, 0.652, 0.734, 0.714, 0.46, 0.598, 0.53, 0.498, 0.662, 0.646, 0.578, 0.62, 0.618]
[0.456, 0.652, 0.734, 0.714, 0.46, 0.598, 0.53, 0.498, 0.662, 0.646, 0.578, 0.62, 0.618, 0.61]
[0.456, 0.652, 0.734, 0.714, 0.46, 0.598, 0.53, 0.498, 0.662, 0.646, 0.578, 0.62, 0.618, 0.61, 0.562]
[0.456, 0.652, 0.734, 0.714, 0.46, 0.598, 0.53, 0.498, 0.662, 0.646, 0.578, 0.62, 0.618, 0.61, 0.562, 0.602]
[0.456, 0.652, 0.734, 0.714, 0.46, 0.598, 0.53, 0.498, 0.662, 0.646, 0.578, 0.62, 0.618, 0.61, 0.562, 0.602, 0.774]
[0.456, 0.652, 0.734, 0.714, 0.46, 0.598, 0.53, 0.498, 0.662, 0.646, 0.578, 0.62, 0.618, 0.61, 0.562, 0.602, 0.774, 0.596]
[0.456, 0.652, 0.734, 0.714, 0.46, 0.598, 0.53, 0.498, 0.662, 0.646, 0.578, 0.62, 0.618, 0.61, 0.562, 0.602, 0.774, 0.596, 0.486]
[0.456, 0.652, 0.734, 0.714, 0.46, 0.598, 0.53, 0.498, 0.662, 0.646, 0.578, 0.62, 0.618, 0.61, 0.562, 0.602, 0.774, 0.596, 0.486, 0.706]
Total correct retain:  1351  Total retain:  2500
Total correct forget:  31344  Total forget:  47500
Total correct test:  229  Total test:  500
Total correct forget test:  5881  Total test forget:  9500
[0.458]
[0.458, 0.646]
[0.458, 0.646, 0.75]
[0.458, 0.646, 0.75, 0.708]
[0.458, 0.646, 0.75, 0.708, 0.464]
[0.458, 0.646, 0.75, 0.708, 0.464, 0.6]
[0.458, 0.646, 0.75, 0.708, 0.464, 0.6, 0.546]
[0.458, 0.646, 0.75, 0.708, 0.464, 0.6, 0.546, 0.506]
[0.458, 0.646, 0.75, 0.708, 0.464, 0.6, 0.546, 0.506, 0.65]
[0.458, 0.646, 0.75, 0.708, 0.464, 0.6, 0.546, 0.506, 0.65, 0.658]
[0.458, 0.646, 0.75, 0.708, 0.464, 0.6, 0.546, 0.506, 0.65, 0.658, 0.582]
[0.458, 0.646, 0.75, 0.708, 0.464, 0.6, 0.546, 0.506, 0.65, 0.658, 0.582, 0.634]
[0.458, 0.646, 0.75, 0.708, 0.464, 0.6, 0.546, 0.506, 0.65, 0.658, 0.582, 0.634, 0.65]
[0.458, 0.646, 0.75, 0.708, 0.464, 0.6, 0.546, 0.506, 0.65, 0.658, 0.582, 0.634, 0.65, 0.604]
[0.458, 0.646, 0.75, 0.708, 0.464, 0.6, 0.546, 0.506, 0.65, 0.658, 0.582, 0.634, 0.65, 0.604, 0.58]
[0.458, 0.646, 0.75, 0.708, 0.464, 0.6, 0.546, 0.506, 0.65, 0.658, 0.582, 0.634, 0.65, 0.604, 0.58, 0.602]
[0.458, 0.646, 0.75, 0.708, 0.464, 0.6, 0.546, 0.506, 0.65, 0.658, 0.582, 0.634, 0.65, 0.604, 0.58, 0.602, 0.766]
[0.458, 0.646, 0.75, 0.708, 0.464, 0.6, 0.546, 0.506, 0.65, 0.658, 0.582, 0.634, 0.65, 0.604, 0.58, 0.602, 0.766, 0.626]
[0.458, 0.646, 0.75, 0.708, 0.464, 0.6, 0.546, 0.506, 0.65, 0.658, 0.582, 0.634, 0.65, 0.604, 0.58, 0.602, 0.766, 0.626, 0.494]
[0.458, 0.646, 0.75, 0.708, 0.464, 0.6, 0.546, 0.506, 0.65, 0.658, 0.582, 0.634, 0.65, 0.604, 0.58, 0.602, 0.766, 0.626, 0.494, 0.696]
Total correct retain:  1353  Total retain:  2500
Total correct forget:  31377  Total forget:  47500
Total correct test:  233  Total test:  500
Total correct forget test:  5860  Total test forget:  9500
[0.466]
[0.466, 0.644]
[0.466, 0.644, 0.752]
[0.466, 0.644, 0.752, 0.714]
[0.466, 0.644, 0.752, 0.714, 0.456]
[0.466, 0.644, 0.752, 0.714, 0.456, 0.6]
[0.466, 0.644, 0.752, 0.714, 0.456, 0.6, 0.544]
[0.466, 0.644, 0.752, 0.714, 0.456, 0.6, 0.544, 0.498]
[0.466, 0.644, 0.752, 0.714, 0.456, 0.6, 0.544, 0.498, 0.642]
[0.466, 0.644, 0.752, 0.714, 0.456, 0.6, 0.544, 0.498, 0.642, 0.65]
[0.466, 0.644, 0.752, 0.714, 0.456, 0.6, 0.544, 0.498, 0.642, 0.65, 0.582]
[0.466, 0.644, 0.752, 0.714, 0.456, 0.6, 0.544, 0.498, 0.642, 0.65, 0.582, 0.638]
[0.466, 0.644, 0.752, 0.714, 0.456, 0.6, 0.544, 0.498, 0.642, 0.65, 0.582, 0.638, 0.646]
[0.466, 0.644, 0.752, 0.714, 0.456, 0.6, 0.544, 0.498, 0.642, 0.65, 0.582, 0.638, 0.646, 0.598]
[0.466, 0.644, 0.752, 0.714, 0.456, 0.6, 0.544, 0.498, 0.642, 0.65, 0.582, 0.638, 0.646, 0.598, 0.58]
[0.466, 0.644, 0.752, 0.714, 0.456, 0.6, 0.544, 0.498, 0.642, 0.65, 0.582, 0.638, 0.646, 0.598, 0.58, 0.598]
[0.466, 0.644, 0.752, 0.714, 0.456, 0.6, 0.544, 0.498, 0.642, 0.65, 0.582, 0.638, 0.646, 0.598, 0.58, 0.598, 0.762]
[0.466, 0.644, 0.752, 0.714, 0.456, 0.6, 0.544, 0.498, 0.642, 0.65, 0.582, 0.638, 0.646, 0.598, 0.58, 0.598, 0.762, 0.63]
[0.466, 0.644, 0.752, 0.714, 0.456, 0.6, 0.544, 0.498, 0.642, 0.65, 0.582, 0.638, 0.646, 0.598, 0.58, 0.598, 0.762, 0.63, 0.496]
[0.466, 0.644, 0.752, 0.714, 0.456, 0.6, 0.544, 0.498, 0.642, 0.65, 0.582, 0.638, 0.646, 0.598, 0.58, 0.598, 0.762, 0.63, 0.496, 0.69]
Total correct retain:  1350  Total retain:  2500
Total correct forget:  31391  Total forget:  47500
Total correct test:  231  Total test:  500
Total correct forget test:  5857  Total test forget:  9500
[0.462]
[0.462, 0.648]
[0.462, 0.648, 0.76]
[0.462, 0.648, 0.76, 0.706]
[0.462, 0.648, 0.76, 0.706, 0.456]
[0.462, 0.648, 0.76, 0.706, 0.456, 0.598]
[0.462, 0.648, 0.76, 0.706, 0.456, 0.598, 0.538]
[0.462, 0.648, 0.76, 0.706, 0.456, 0.598, 0.538, 0.498]
[0.462, 0.648, 0.76, 0.706, 0.456, 0.598, 0.538, 0.498, 0.648]
[0.462, 0.648, 0.76, 0.706, 0.456, 0.598, 0.538, 0.498, 0.648, 0.64]
[0.462, 0.648, 0.76, 0.706, 0.456, 0.598, 0.538, 0.498, 0.648, 0.64, 0.584]
[0.462, 0.648, 0.76, 0.706, 0.456, 0.598, 0.538, 0.498, 0.648, 0.64, 0.584, 0.634]
[0.462, 0.648, 0.76, 0.706, 0.456, 0.598, 0.538, 0.498, 0.648, 0.64, 0.584, 0.634, 0.648]
[0.462, 0.648, 0.76, 0.706, 0.456, 0.598, 0.538, 0.498, 0.648, 0.64, 0.584, 0.634, 0.648, 0.59]
[0.462, 0.648, 0.76, 0.706, 0.456, 0.598, 0.538, 0.498, 0.648, 0.64, 0.584, 0.634, 0.648, 0.59, 0.586]
[0.462, 0.648, 0.76, 0.706, 0.456, 0.598, 0.538, 0.498, 0.648, 0.64, 0.584, 0.634, 0.648, 0.59, 0.586, 0.6]
[0.462, 0.648, 0.76, 0.706, 0.456, 0.598, 0.538, 0.498, 0.648, 0.64, 0.584, 0.634, 0.648, 0.59, 0.586, 0.6, 0.758]
[0.462, 0.648, 0.76, 0.706, 0.456, 0.598, 0.538, 0.498, 0.648, 0.64, 0.584, 0.634, 0.648, 0.59, 0.586, 0.6, 0.758, 0.628]
[0.462, 0.648, 0.76, 0.706, 0.456, 0.598, 0.538, 0.498, 0.648, 0.64, 0.584, 0.634, 0.648, 0.59, 0.586, 0.6, 0.758, 0.628, 0.496]
[0.462, 0.648, 0.76, 0.706, 0.456, 0.598, 0.538, 0.498, 0.648, 0.64, 0.584, 0.634, 0.648, 0.59, 0.586, 0.6, 0.758, 0.628, 0.496, 0.698]
Total correct retain:  1362  Total retain:  2500
Total correct forget:  31347  Total forget:  47500
Total correct test:  232  Total test:  500
Total correct forget test:  5864  Total test forget:  9500
[0.464]
[0.464, 0.646]
[0.464, 0.646, 0.762]
[0.464, 0.646, 0.762, 0.704]
[0.464, 0.646, 0.762, 0.704, 0.452]
[0.464, 0.646, 0.762, 0.704, 0.452, 0.6]
[0.464, 0.646, 0.762, 0.704, 0.452, 0.6, 0.544]
[0.464, 0.646, 0.762, 0.704, 0.452, 0.6, 0.544, 0.494]
[0.464, 0.646, 0.762, 0.704, 0.452, 0.6, 0.544, 0.494, 0.646]
[0.464, 0.646, 0.762, 0.704, 0.452, 0.6, 0.544, 0.494, 0.646, 0.656]
[0.464, 0.646, 0.762, 0.704, 0.452, 0.6, 0.544, 0.494, 0.646, 0.656, 0.59]
[0.464, 0.646, 0.762, 0.704, 0.452, 0.6, 0.544, 0.494, 0.646, 0.656, 0.59, 0.634]
[0.464, 0.646, 0.762, 0.704, 0.452, 0.6, 0.544, 0.494, 0.646, 0.656, 0.59, 0.634, 0.654]
[0.464, 0.646, 0.762, 0.704, 0.452, 0.6, 0.544, 0.494, 0.646, 0.656, 0.59, 0.634, 0.654, 0.596]
[0.464, 0.646, 0.762, 0.704, 0.452, 0.6, 0.544, 0.494, 0.646, 0.656, 0.59, 0.634, 0.654, 0.596, 0.58]
[0.464, 0.646, 0.762, 0.704, 0.452, 0.6, 0.544, 0.494, 0.646, 0.656, 0.59, 0.634, 0.654, 0.596, 0.58, 0.592]
[0.464, 0.646, 0.762, 0.704, 0.452, 0.6, 0.544, 0.494, 0.646, 0.656, 0.59, 0.634, 0.654, 0.596, 0.58, 0.592, 0.766]
[0.464, 0.646, 0.762, 0.704, 0.452, 0.6, 0.544, 0.494, 0.646, 0.656, 0.59, 0.634, 0.654, 0.596, 0.58, 0.592, 0.766, 0.624]
[0.464, 0.646, 0.762, 0.704, 0.452, 0.6, 0.544, 0.494, 0.646, 0.656, 0.59, 0.634, 0.654, 0.596, 0.58, 0.592, 0.766, 0.624, 0.494]
[0.464, 0.646, 0.762, 0.704, 0.452, 0.6, 0.544, 0.494, 0.646, 0.656, 0.59, 0.634, 0.654, 0.596, 0.58, 0.592, 0.766, 0.624, 0.494, 0.694]
Total correct retain:  1358  Total retain:  2500
Total correct forget:  31306  Total forget:  47500
Total correct test:  230  Total test:  500
Total correct forget test:  5849  Total test forget:  9500
[0.46]
[0.46, 0.642]
[0.46, 0.642, 0.756]
[0.46, 0.642, 0.756, 0.698]
[0.46, 0.642, 0.756, 0.698, 0.452]
[0.46, 0.642, 0.756, 0.698, 0.452, 0.592]
[0.46, 0.642, 0.756, 0.698, 0.452, 0.592, 0.538]
[0.46, 0.642, 0.756, 0.698, 0.452, 0.592, 0.538, 0.5]
[0.46, 0.642, 0.756, 0.698, 0.452, 0.592, 0.538, 0.5, 0.644]
[0.46, 0.642, 0.756, 0.698, 0.452, 0.592, 0.538, 0.5, 0.644, 0.654]
[0.46, 0.642, 0.756, 0.698, 0.452, 0.592, 0.538, 0.5, 0.644, 0.654, 0.586]
[0.46, 0.642, 0.756, 0.698, 0.452, 0.592, 0.538, 0.5, 0.644, 0.654, 0.586, 0.634]
[0.46, 0.642, 0.756, 0.698, 0.452, 0.592, 0.538, 0.5, 0.644, 0.654, 0.586, 0.634, 0.652]
[0.46, 0.642, 0.756, 0.698, 0.452, 0.592, 0.538, 0.5, 0.644, 0.654, 0.586, 0.634, 0.652, 0.598]
[0.46, 0.642, 0.756, 0.698, 0.452, 0.592, 0.538, 0.5, 0.644, 0.654, 0.586, 0.634, 0.652, 0.598, 0.584]
[0.46, 0.642, 0.756, 0.698, 0.452, 0.592, 0.538, 0.5, 0.644, 0.654, 0.586, 0.634, 0.652, 0.598, 0.584, 0.61]
[0.46, 0.642, 0.756, 0.698, 0.452, 0.592, 0.538, 0.5, 0.644, 0.654, 0.586, 0.634, 0.652, 0.598, 0.584, 0.61, 0.752]
[0.46, 0.642, 0.756, 0.698, 0.452, 0.592, 0.538, 0.5, 0.644, 0.654, 0.586, 0.634, 0.652, 0.598, 0.584, 0.61, 0.752, 0.62]
[0.46, 0.642, 0.756, 0.698, 0.452, 0.592, 0.538, 0.5, 0.644, 0.654, 0.586, 0.634, 0.652, 0.598, 0.584, 0.61, 0.752, 0.62, 0.486]
[0.46, 0.642, 0.756, 0.698, 0.452, 0.592, 0.538, 0.5, 0.644, 0.654, 0.586, 0.634, 0.652, 0.598, 0.584, 0.61, 0.752, 0.62, 0.486, 0.7]
Total correct retain:  1350  Total retain:  2500
Total correct forget:  31340  Total forget:  47500
Total correct test:  233  Total test:  500
Total correct forget test:  5873  Total test forget:  9500
[0.466]
[0.466, 0.644]
[0.466, 0.644, 0.756]
[0.466, 0.644, 0.756, 0.706]
[0.466, 0.644, 0.756, 0.706, 0.456]
[0.466, 0.644, 0.756, 0.706, 0.456, 0.598]
[0.466, 0.644, 0.756, 0.706, 0.456, 0.598, 0.544]
[0.466, 0.644, 0.756, 0.706, 0.456, 0.598, 0.544, 0.492]
[0.466, 0.644, 0.756, 0.706, 0.456, 0.598, 0.544, 0.492, 0.658]
[0.466, 0.644, 0.756, 0.706, 0.456, 0.598, 0.544, 0.492, 0.658, 0.66]
[0.466, 0.644, 0.756, 0.706, 0.456, 0.598, 0.544, 0.492, 0.658, 0.66, 0.586]
[0.466, 0.644, 0.756, 0.706, 0.456, 0.598, 0.544, 0.492, 0.658, 0.66, 0.586, 0.634]
[0.466, 0.644, 0.756, 0.706, 0.456, 0.598, 0.544, 0.492, 0.658, 0.66, 0.586, 0.634, 0.656]
[0.466, 0.644, 0.756, 0.706, 0.456, 0.598, 0.544, 0.492, 0.658, 0.66, 0.586, 0.634, 0.656, 0.602]
[0.466, 0.644, 0.756, 0.706, 0.456, 0.598, 0.544, 0.492, 0.658, 0.66, 0.586, 0.634, 0.656, 0.602, 0.584]
[0.466, 0.644, 0.756, 0.706, 0.456, 0.598, 0.544, 0.492, 0.658, 0.66, 0.586, 0.634, 0.656, 0.602, 0.584, 0.602]
[0.466, 0.644, 0.756, 0.706, 0.456, 0.598, 0.544, 0.492, 0.658, 0.66, 0.586, 0.634, 0.656, 0.602, 0.584, 0.602, 0.758]
[0.466, 0.644, 0.756, 0.706, 0.456, 0.598, 0.544, 0.492, 0.658, 0.66, 0.586, 0.634, 0.656, 0.602, 0.584, 0.602, 0.758, 0.626]
[0.466, 0.644, 0.756, 0.706, 0.456, 0.598, 0.544, 0.492, 0.658, 0.66, 0.586, 0.634, 0.656, 0.602, 0.584, 0.602, 0.758, 0.626, 0.49]
[0.466, 0.644, 0.756, 0.706, 0.456, 0.598, 0.544, 0.492, 0.658, 0.66, 0.586, 0.634, 0.656, 0.602, 0.584, 0.602, 0.758, 0.626, 0.49, 0.694]
Total correct retain:  1363  Total retain:  2500
Total correct forget:  31276  Total forget:  47500
Total correct test:  234  Total test:  500
Total correct forget test:  5867  Total test forget:  9500
[0.468]
[0.468, 0.646]
[0.468, 0.646, 0.754]
[0.468, 0.646, 0.754, 0.706]
[0.468, 0.646, 0.754, 0.706, 0.448]
[0.468, 0.646, 0.754, 0.706, 0.448, 0.59]
[0.468, 0.646, 0.754, 0.706, 0.448, 0.59, 0.546]
[0.468, 0.646, 0.754, 0.706, 0.448, 0.59, 0.546, 0.504]
[0.468, 0.646, 0.754, 0.706, 0.448, 0.59, 0.546, 0.504, 0.644]
[0.468, 0.646, 0.754, 0.706, 0.448, 0.59, 0.546, 0.504, 0.644, 0.662]
[0.468, 0.646, 0.754, 0.706, 0.448, 0.59, 0.546, 0.504, 0.644, 0.662, 0.588]
[0.468, 0.646, 0.754, 0.706, 0.448, 0.59, 0.546, 0.504, 0.644, 0.662, 0.588, 0.636]
[0.468, 0.646, 0.754, 0.706, 0.448, 0.59, 0.546, 0.504, 0.644, 0.662, 0.588, 0.636, 0.642]
[0.468, 0.646, 0.754, 0.706, 0.448, 0.59, 0.546, 0.504, 0.644, 0.662, 0.588, 0.636, 0.642, 0.604]
[0.468, 0.646, 0.754, 0.706, 0.448, 0.59, 0.546, 0.504, 0.644, 0.662, 0.588, 0.636, 0.642, 0.604, 0.582]
[0.468, 0.646, 0.754, 0.706, 0.448, 0.59, 0.546, 0.504, 0.644, 0.662, 0.588, 0.636, 0.642, 0.604, 0.582, 0.602]
[0.468, 0.646, 0.754, 0.706, 0.448, 0.59, 0.546, 0.504, 0.644, 0.662, 0.588, 0.636, 0.642, 0.604, 0.582, 0.602, 0.758]
[0.468, 0.646, 0.754, 0.706, 0.448, 0.59, 0.546, 0.504, 0.644, 0.662, 0.588, 0.636, 0.642, 0.604, 0.582, 0.602, 0.758, 0.636]
[0.468, 0.646, 0.754, 0.706, 0.448, 0.59, 0.546, 0.504, 0.644, 0.662, 0.588, 0.636, 0.642, 0.604, 0.582, 0.602, 0.758, 0.636, 0.492]
[0.468, 0.646, 0.754, 0.706, 0.448, 0.59, 0.546, 0.504, 0.644, 0.662, 0.588, 0.636, 0.642, 0.604, 0.582, 0.602, 0.758, 0.636, 0.492, 0.694]
Total correct retain:  1366  Total retain:  2500
Total correct forget:  31265  Total forget:  47500
Total correct test:  233  Total test:  500
Total correct forget test:  5835  Total test forget:  9500
[0.466]
[0.466, 0.642]
[0.466, 0.642, 0.754]
[0.466, 0.642, 0.754, 0.696]
[0.466, 0.642, 0.754, 0.696, 0.446]
[0.466, 0.642, 0.754, 0.696, 0.446, 0.59]
[0.466, 0.642, 0.754, 0.696, 0.446, 0.59, 0.538]
[0.466, 0.642, 0.754, 0.696, 0.446, 0.59, 0.538, 0.49]
[0.466, 0.642, 0.754, 0.696, 0.446, 0.59, 0.538, 0.49, 0.652]
[0.466, 0.642, 0.754, 0.696, 0.446, 0.59, 0.538, 0.49, 0.652, 0.658]
[0.466, 0.642, 0.754, 0.696, 0.446, 0.59, 0.538, 0.49, 0.652, 0.658, 0.584]
[0.466, 0.642, 0.754, 0.696, 0.446, 0.59, 0.538, 0.49, 0.652, 0.658, 0.584, 0.634]
[0.466, 0.642, 0.754, 0.696, 0.446, 0.59, 0.538, 0.49, 0.652, 0.658, 0.584, 0.634, 0.66]
[0.466, 0.642, 0.754, 0.696, 0.446, 0.59, 0.538, 0.49, 0.652, 0.658, 0.584, 0.634, 0.66, 0.602]
[0.466, 0.642, 0.754, 0.696, 0.446, 0.59, 0.538, 0.49, 0.652, 0.658, 0.584, 0.634, 0.66, 0.602, 0.58]
[0.466, 0.642, 0.754, 0.696, 0.446, 0.59, 0.538, 0.49, 0.652, 0.658, 0.584, 0.634, 0.66, 0.602, 0.58, 0.596]
[0.466, 0.642, 0.754, 0.696, 0.446, 0.59, 0.538, 0.49, 0.652, 0.658, 0.584, 0.634, 0.66, 0.602, 0.58, 0.596, 0.754]
[0.466, 0.642, 0.754, 0.696, 0.446, 0.59, 0.538, 0.49, 0.652, 0.658, 0.584, 0.634, 0.66, 0.602, 0.58, 0.596, 0.754, 0.618]
[0.466, 0.642, 0.754, 0.696, 0.446, 0.59, 0.538, 0.49, 0.652, 0.658, 0.584, 0.634, 0.66, 0.602, 0.58, 0.596, 0.754, 0.618, 0.488]
[0.466, 0.642, 0.754, 0.696, 0.446, 0.59, 0.538, 0.49, 0.652, 0.658, 0.584, 0.634, 0.66, 0.602, 0.58, 0.596, 0.754, 0.618, 0.488, 0.688]
Total correct retain:  1372  Total retain:  2500
Total correct forget:  31134  Total forget:  47500
Total correct test:  235  Total test:  500
Total correct forget test:  5833  Total test forget:  9500
[0.47]
[0.47, 0.64]
[0.47, 0.64, 0.748]
[0.47, 0.64, 0.748, 0.7]
[0.47, 0.64, 0.748, 0.7, 0.448]
[0.47, 0.64, 0.748, 0.7, 0.448, 0.584]
[0.47, 0.64, 0.748, 0.7, 0.448, 0.584, 0.538]
[0.47, 0.64, 0.748, 0.7, 0.448, 0.584, 0.538, 0.494]
[0.47, 0.64, 0.748, 0.7, 0.448, 0.584, 0.538, 0.494, 0.65]
[0.47, 0.64, 0.748, 0.7, 0.448, 0.584, 0.538, 0.494, 0.65, 0.664]
[0.47, 0.64, 0.748, 0.7, 0.448, 0.584, 0.538, 0.494, 0.65, 0.664, 0.582]
[0.47, 0.64, 0.748, 0.7, 0.448, 0.584, 0.538, 0.494, 0.65, 0.664, 0.582, 0.632]
[0.47, 0.64, 0.748, 0.7, 0.448, 0.584, 0.538, 0.494, 0.65, 0.664, 0.582, 0.632, 0.64]
[0.47, 0.64, 0.748, 0.7, 0.448, 0.584, 0.538, 0.494, 0.65, 0.664, 0.582, 0.632, 0.64, 0.606]
[0.47, 0.64, 0.748, 0.7, 0.448, 0.584, 0.538, 0.494, 0.65, 0.664, 0.582, 0.632, 0.64, 0.606, 0.576]
[0.47, 0.64, 0.748, 0.7, 0.448, 0.584, 0.538, 0.494, 0.65, 0.664, 0.582, 0.632, 0.64, 0.606, 0.576, 0.602]
[0.47, 0.64, 0.748, 0.7, 0.448, 0.584, 0.538, 0.494, 0.65, 0.664, 0.582, 0.632, 0.64, 0.606, 0.576, 0.602, 0.758]
[0.47, 0.64, 0.748, 0.7, 0.448, 0.584, 0.538, 0.494, 0.65, 0.664, 0.582, 0.632, 0.64, 0.606, 0.576, 0.602, 0.758, 0.622]
[0.47, 0.64, 0.748, 0.7, 0.448, 0.584, 0.538, 0.494, 0.65, 0.664, 0.582, 0.632, 0.64, 0.606, 0.576, 0.602, 0.758, 0.622, 0.492]
[0.47, 0.64, 0.748, 0.7, 0.448, 0.584, 0.538, 0.494, 0.65, 0.664, 0.582, 0.632, 0.64, 0.606, 0.576, 0.602, 0.758, 0.622, 0.492, 0.69]
Total correct retain:  1354  Total retain:  2500
Total correct forget:  31237  Total forget:  47500
Total correct test:  232  Total test:  500
Total correct forget test:  5863  Total test forget:  9500
[0.464]
[0.464, 0.644]
[0.464, 0.644, 0.75]
[0.464, 0.644, 0.75, 0.702]
[0.464, 0.644, 0.75, 0.702, 0.462]
[0.464, 0.644, 0.75, 0.702, 0.462, 0.594]
[0.464, 0.644, 0.75, 0.702, 0.462, 0.594, 0.548]
[0.464, 0.644, 0.75, 0.702, 0.462, 0.594, 0.548, 0.506]
[0.464, 0.644, 0.75, 0.702, 0.462, 0.594, 0.548, 0.506, 0.648]
[0.464, 0.644, 0.75, 0.702, 0.462, 0.594, 0.548, 0.506, 0.648, 0.662]
[0.464, 0.644, 0.75, 0.702, 0.462, 0.594, 0.548, 0.506, 0.648, 0.662, 0.586]
[0.464, 0.644, 0.75, 0.702, 0.462, 0.594, 0.548, 0.506, 0.648, 0.662, 0.586, 0.634]
[0.464, 0.644, 0.75, 0.702, 0.462, 0.594, 0.548, 0.506, 0.648, 0.662, 0.586, 0.634, 0.636]
[0.464, 0.644, 0.75, 0.702, 0.462, 0.594, 0.548, 0.506, 0.648, 0.662, 0.586, 0.634, 0.636, 0.604]
[0.464, 0.644, 0.75, 0.702, 0.462, 0.594, 0.548, 0.506, 0.648, 0.662, 0.586, 0.634, 0.636, 0.604, 0.576]
[0.464, 0.644, 0.75, 0.702, 0.462, 0.594, 0.548, 0.506, 0.648, 0.662, 0.586, 0.634, 0.636, 0.604, 0.576, 0.592]
[0.464, 0.644, 0.75, 0.702, 0.462, 0.594, 0.548, 0.506, 0.648, 0.662, 0.586, 0.634, 0.636, 0.604, 0.576, 0.592, 0.766]
[0.464, 0.644, 0.75, 0.702, 0.462, 0.594, 0.548, 0.506, 0.648, 0.662, 0.586, 0.634, 0.636, 0.604, 0.576, 0.592, 0.766, 0.62]
[0.464, 0.644, 0.75, 0.702, 0.462, 0.594, 0.548, 0.506, 0.648, 0.662, 0.586, 0.634, 0.636, 0.604, 0.576, 0.592, 0.766, 0.62, 0.502]
[0.464, 0.644, 0.75, 0.702, 0.462, 0.594, 0.548, 0.506, 0.648, 0.662, 0.586, 0.634, 0.636, 0.604, 0.576, 0.592, 0.766, 0.62, 0.502, 0.694]
Total correct retain:  1340  Total retain:  2500
Total correct forget:  31110  Total forget:  47500
Total correct test:  229  Total test:  500
Total correct forget test:  5826  Total test forget:  9500
[0.458]
[0.458, 0.632]
[0.458, 0.632, 0.738]
[0.458, 0.632, 0.738, 0.724]
[0.458, 0.632, 0.738, 0.724, 0.47]
[0.458, 0.632, 0.738, 0.724, 0.47, 0.598]
[0.458, 0.632, 0.738, 0.724, 0.47, 0.598, 0.528]
[0.458, 0.632, 0.738, 0.724, 0.47, 0.598, 0.528, 0.502]
[0.458, 0.632, 0.738, 0.724, 0.47, 0.598, 0.528, 0.502, 0.658]
[0.458, 0.632, 0.738, 0.724, 0.47, 0.598, 0.528, 0.502, 0.658, 0.646]
[0.458, 0.632, 0.738, 0.724, 0.47, 0.598, 0.528, 0.502, 0.658, 0.646, 0.586]
[0.458, 0.632, 0.738, 0.724, 0.47, 0.598, 0.528, 0.502, 0.658, 0.646, 0.586, 0.632]
[0.458, 0.632, 0.738, 0.724, 0.47, 0.598, 0.528, 0.502, 0.658, 0.646, 0.586, 0.632, 0.616]
[0.458, 0.632, 0.738, 0.724, 0.47, 0.598, 0.528, 0.502, 0.658, 0.646, 0.586, 0.632, 0.616, 0.602]
[0.458, 0.632, 0.738, 0.724, 0.47, 0.598, 0.528, 0.502, 0.658, 0.646, 0.586, 0.632, 0.616, 0.602, 0.564]
[0.458, 0.632, 0.738, 0.724, 0.47, 0.598, 0.528, 0.502, 0.658, 0.646, 0.586, 0.632, 0.616, 0.602, 0.564, 0.59]
[0.458, 0.632, 0.738, 0.724, 0.47, 0.598, 0.528, 0.502, 0.658, 0.646, 0.586, 0.632, 0.616, 0.602, 0.564, 0.59, 0.766]
[0.458, 0.632, 0.738, 0.724, 0.47, 0.598, 0.528, 0.502, 0.658, 0.646, 0.586, 0.632, 0.616, 0.602, 0.564, 0.59, 0.766, 0.61]
[0.458, 0.632, 0.738, 0.724, 0.47, 0.598, 0.528, 0.502, 0.658, 0.646, 0.586, 0.632, 0.616, 0.602, 0.564, 0.59, 0.766, 0.61, 0.496]
[0.458, 0.632, 0.738, 0.724, 0.47, 0.598, 0.528, 0.502, 0.658, 0.646, 0.586, 0.632, 0.616, 0.602, 0.564, 0.59, 0.766, 0.61, 0.496, 0.694]
Total correct retain:  1344  Total retain:  2500
Total correct forget:  31178  Total forget:  47500
Total correct test:  228  Total test:  500
Total correct forget test:  5851  Total test forget:  9500
[0.456]
[0.456, 0.65]
[0.456, 0.65, 0.748]
[0.456, 0.65, 0.748, 0.728]
[0.456, 0.65, 0.748, 0.728, 0.47]
[0.456, 0.65, 0.748, 0.728, 0.47, 0.592]
[0.456, 0.65, 0.748, 0.728, 0.47, 0.592, 0.534]
[0.456, 0.65, 0.748, 0.728, 0.47, 0.592, 0.534, 0.502]
[0.456, 0.65, 0.748, 0.728, 0.47, 0.592, 0.534, 0.502, 0.668]
[0.456, 0.65, 0.748, 0.728, 0.47, 0.592, 0.534, 0.502, 0.668, 0.65]
[0.456, 0.65, 0.748, 0.728, 0.47, 0.592, 0.534, 0.502, 0.668, 0.65, 0.588]
[0.456, 0.65, 0.748, 0.728, 0.47, 0.592, 0.534, 0.502, 0.668, 0.65, 0.588, 0.624]
[0.456, 0.65, 0.748, 0.728, 0.47, 0.592, 0.534, 0.502, 0.668, 0.65, 0.588, 0.624, 0.62]
[0.456, 0.65, 0.748, 0.728, 0.47, 0.592, 0.534, 0.502, 0.668, 0.65, 0.588, 0.624, 0.62, 0.604]
[0.456, 0.65, 0.748, 0.728, 0.47, 0.592, 0.534, 0.502, 0.668, 0.65, 0.588, 0.624, 0.62, 0.604, 0.562]
[0.456, 0.65, 0.748, 0.728, 0.47, 0.592, 0.534, 0.502, 0.668, 0.65, 0.588, 0.624, 0.62, 0.604, 0.562, 0.592]
[0.456, 0.65, 0.748, 0.728, 0.47, 0.592, 0.534, 0.502, 0.668, 0.65, 0.588, 0.624, 0.62, 0.604, 0.562, 0.592, 0.772]
[0.456, 0.65, 0.748, 0.728, 0.47, 0.592, 0.534, 0.502, 0.668, 0.65, 0.588, 0.624, 0.62, 0.604, 0.562, 0.592, 0.772, 0.608]
[0.456, 0.65, 0.748, 0.728, 0.47, 0.592, 0.534, 0.502, 0.668, 0.65, 0.588, 0.624, 0.62, 0.604, 0.562, 0.592, 0.772, 0.608, 0.496]
[0.456, 0.65, 0.748, 0.728, 0.47, 0.592, 0.534, 0.502, 0.668, 0.65, 0.588, 0.624, 0.62, 0.604, 0.562, 0.592, 0.772, 0.608, 0.496, 0.694]
Total correct retain:  1346  Total retain:  2500
Total correct forget:  31107  Total forget:  47500
Total correct test:  228  Total test:  500
Total correct forget test:  5845  Total test forget:  9500
[0.456]
[0.456, 0.642]
[0.456, 0.642, 0.744]
[0.456, 0.642, 0.744, 0.726]
[0.456, 0.642, 0.744, 0.726, 0.474]
[0.456, 0.642, 0.744, 0.726, 0.474, 0.596]
[0.456, 0.642, 0.744, 0.726, 0.474, 0.596, 0.544]
[0.456, 0.642, 0.744, 0.726, 0.474, 0.596, 0.544, 0.504]
[0.456, 0.642, 0.744, 0.726, 0.474, 0.596, 0.544, 0.504, 0.656]
[0.456, 0.642, 0.744, 0.726, 0.474, 0.596, 0.544, 0.504, 0.656, 0.636]
[0.456, 0.642, 0.744, 0.726, 0.474, 0.596, 0.544, 0.504, 0.656, 0.636, 0.59]
[0.456, 0.642, 0.744, 0.726, 0.474, 0.596, 0.544, 0.504, 0.656, 0.636, 0.59, 0.61]
[0.456, 0.642, 0.744, 0.726, 0.474, 0.596, 0.544, 0.504, 0.656, 0.636, 0.59, 0.61, 0.62]
[0.456, 0.642, 0.744, 0.726, 0.474, 0.596, 0.544, 0.504, 0.656, 0.636, 0.59, 0.61, 0.62, 0.606]
[0.456, 0.642, 0.744, 0.726, 0.474, 0.596, 0.544, 0.504, 0.656, 0.636, 0.59, 0.61, 0.62, 0.606, 0.566]
[0.456, 0.642, 0.744, 0.726, 0.474, 0.596, 0.544, 0.504, 0.656, 0.636, 0.59, 0.61, 0.62, 0.606, 0.566, 0.578]
[0.456, 0.642, 0.744, 0.726, 0.474, 0.596, 0.544, 0.504, 0.656, 0.636, 0.59, 0.61, 0.62, 0.606, 0.566, 0.578, 0.778]
[0.456, 0.642, 0.744, 0.726, 0.474, 0.596, 0.544, 0.504, 0.656, 0.636, 0.59, 0.61, 0.62, 0.606, 0.566, 0.578, 0.778, 0.608]
[0.456, 0.642, 0.744, 0.726, 0.474, 0.596, 0.544, 0.504, 0.656, 0.636, 0.59, 0.61, 0.62, 0.606, 0.566, 0.578, 0.778, 0.608, 0.512]
[0.456, 0.642, 0.744, 0.726, 0.474, 0.596, 0.544, 0.504, 0.656, 0.636, 0.59, 0.61, 0.62, 0.606, 0.566, 0.578, 0.778, 0.608, 0.512, 0.7]
Total correct retain:  1333  Total retain:  2500
Total correct forget:  31112  Total forget:  47500
Total correct test:  226  Total test:  500
Total correct forget test:  5863  Total test forget:  9500
[0.452]
[0.452, 0.658]
[0.452, 0.658, 0.742]
[0.452, 0.658, 0.742, 0.724]
[0.452, 0.658, 0.742, 0.724, 0.472]
[0.452, 0.658, 0.742, 0.724, 0.472, 0.6]
[0.452, 0.658, 0.742, 0.724, 0.472, 0.6, 0.538]
[0.452, 0.658, 0.742, 0.724, 0.472, 0.6, 0.538, 0.512]
[0.452, 0.658, 0.742, 0.724, 0.472, 0.6, 0.538, 0.512, 0.664]
[0.452, 0.658, 0.742, 0.724, 0.472, 0.6, 0.538, 0.512, 0.664, 0.64]
[0.452, 0.658, 0.742, 0.724, 0.472, 0.6, 0.538, 0.512, 0.664, 0.64, 0.598]
[0.452, 0.658, 0.742, 0.724, 0.472, 0.6, 0.538, 0.512, 0.664, 0.64, 0.598, 0.618]
[0.452, 0.658, 0.742, 0.724, 0.472, 0.6, 0.538, 0.512, 0.664, 0.64, 0.598, 0.618, 0.626]
[0.452, 0.658, 0.742, 0.724, 0.472, 0.6, 0.538, 0.512, 0.664, 0.64, 0.598, 0.618, 0.626, 0.602]
[0.452, 0.658, 0.742, 0.724, 0.472, 0.6, 0.538, 0.512, 0.664, 0.64, 0.598, 0.618, 0.626, 0.602, 0.568]
[0.452, 0.658, 0.742, 0.724, 0.472, 0.6, 0.538, 0.512, 0.664, 0.64, 0.598, 0.618, 0.626, 0.602, 0.568, 0.58]
[0.452, 0.658, 0.742, 0.724, 0.472, 0.6, 0.538, 0.512, 0.664, 0.64, 0.598, 0.618, 0.626, 0.602, 0.568, 0.58, 0.774]
[0.452, 0.658, 0.742, 0.724, 0.472, 0.6, 0.538, 0.512, 0.664, 0.64, 0.598, 0.618, 0.626, 0.602, 0.568, 0.58, 0.774, 0.604]
[0.452, 0.658, 0.742, 0.724, 0.472, 0.6, 0.538, 0.512, 0.664, 0.64, 0.598, 0.618, 0.626, 0.602, 0.568, 0.58, 0.774, 0.604, 0.506]
[0.452, 0.658, 0.742, 0.724, 0.472, 0.6, 0.538, 0.512, 0.664, 0.64, 0.598, 0.618, 0.626, 0.602, 0.568, 0.58, 0.774, 0.604, 0.506, 0.7]
Total correct retain:  1328  Total retain:  2500
Total correct forget:  31051  Total forget:  47500
Total correct test:  227  Total test:  500
Total correct forget test:  5817  Total test forget:  9500
[0.454]
[0.454, 0.656]
[0.454, 0.656, 0.726]
[0.454, 0.656, 0.726, 0.724]
[0.454, 0.656, 0.726, 0.724, 0.47]
[0.454, 0.656, 0.726, 0.724, 0.47, 0.612]
[0.454, 0.656, 0.726, 0.724, 0.47, 0.612, 0.536]
[0.454, 0.656, 0.726, 0.724, 0.47, 0.612, 0.536, 0.51]
[0.454, 0.656, 0.726, 0.724, 0.47, 0.612, 0.536, 0.51, 0.656]
[0.454, 0.656, 0.726, 0.724, 0.47, 0.612, 0.536, 0.51, 0.656, 0.628]
[0.454, 0.656, 0.726, 0.724, 0.47, 0.612, 0.536, 0.51, 0.656, 0.628, 0.596]
[0.454, 0.656, 0.726, 0.724, 0.47, 0.612, 0.536, 0.51, 0.656, 0.628, 0.596, 0.604]
[0.454, 0.656, 0.726, 0.724, 0.47, 0.612, 0.536, 0.51, 0.656, 0.628, 0.596, 0.604, 0.616]
[0.454, 0.656, 0.726, 0.724, 0.47, 0.612, 0.536, 0.51, 0.656, 0.628, 0.596, 0.604, 0.616, 0.606]
[0.454, 0.656, 0.726, 0.724, 0.47, 0.612, 0.536, 0.51, 0.656, 0.628, 0.596, 0.604, 0.616, 0.606, 0.562]
[0.454, 0.656, 0.726, 0.724, 0.47, 0.612, 0.536, 0.51, 0.656, 0.628, 0.596, 0.604, 0.616, 0.606, 0.562, 0.574]
[0.454, 0.656, 0.726, 0.724, 0.47, 0.612, 0.536, 0.51, 0.656, 0.628, 0.596, 0.604, 0.616, 0.606, 0.562, 0.574, 0.774]
[0.454, 0.656, 0.726, 0.724, 0.47, 0.612, 0.536, 0.51, 0.656, 0.628, 0.596, 0.604, 0.616, 0.606, 0.562, 0.574, 0.774, 0.596]
[0.454, 0.656, 0.726, 0.724, 0.47, 0.612, 0.536, 0.51, 0.656, 0.628, 0.596, 0.604, 0.616, 0.606, 0.562, 0.574, 0.774, 0.596, 0.5]
[0.454, 0.656, 0.726, 0.724, 0.47, 0.612, 0.536, 0.51, 0.656, 0.628, 0.596, 0.604, 0.616, 0.606, 0.562, 0.574, 0.774, 0.596, 0.5, 0.688]
Total correct retain:  1340  Total retain:  2500
Total correct forget:  31107  Total forget:  47500
Total correct test:  225  Total test:  500
Total correct forget test:  5838  Total test forget:  9500
[0.45]
[0.45, 0.664]
[0.45, 0.664, 0.724]
[0.45, 0.664, 0.724, 0.724]
[0.45, 0.664, 0.724, 0.724, 0.468]
[0.45, 0.664, 0.724, 0.724, 0.468, 0.604]
[0.45, 0.664, 0.724, 0.724, 0.468, 0.604, 0.532]
[0.45, 0.664, 0.724, 0.724, 0.468, 0.604, 0.532, 0.504]
[0.45, 0.664, 0.724, 0.724, 0.468, 0.604, 0.532, 0.504, 0.67]
[0.45, 0.664, 0.724, 0.724, 0.468, 0.604, 0.532, 0.504, 0.67, 0.628]
[0.45, 0.664, 0.724, 0.724, 0.468, 0.604, 0.532, 0.504, 0.67, 0.628, 0.596]
[0.45, 0.664, 0.724, 0.724, 0.468, 0.604, 0.532, 0.504, 0.67, 0.628, 0.596, 0.606]
[0.45, 0.664, 0.724, 0.724, 0.468, 0.604, 0.532, 0.504, 0.67, 0.628, 0.596, 0.606, 0.628]
[0.45, 0.664, 0.724, 0.724, 0.468, 0.604, 0.532, 0.504, 0.67, 0.628, 0.596, 0.606, 0.628, 0.604]
[0.45, 0.664, 0.724, 0.724, 0.468, 0.604, 0.532, 0.504, 0.67, 0.628, 0.596, 0.606, 0.628, 0.604, 0.572]
[0.45, 0.664, 0.724, 0.724, 0.468, 0.604, 0.532, 0.504, 0.67, 0.628, 0.596, 0.606, 0.628, 0.604, 0.572, 0.578]
[0.45, 0.664, 0.724, 0.724, 0.468, 0.604, 0.532, 0.504, 0.67, 0.628, 0.596, 0.606, 0.628, 0.604, 0.572, 0.578, 0.764]
[0.45, 0.664, 0.724, 0.724, 0.468, 0.604, 0.532, 0.504, 0.67, 0.628, 0.596, 0.606, 0.628, 0.604, 0.572, 0.578, 0.764, 0.614]
[0.45, 0.664, 0.724, 0.724, 0.468, 0.604, 0.532, 0.504, 0.67, 0.628, 0.596, 0.606, 0.628, 0.604, 0.572, 0.578, 0.764, 0.614, 0.5]
[0.45, 0.664, 0.724, 0.724, 0.468, 0.604, 0.532, 0.504, 0.67, 0.628, 0.596, 0.606, 0.628, 0.604, 0.572, 0.578, 0.764, 0.614, 0.5, 0.696]
Total correct retain:  1339  Total retain:  2500
Total correct forget:  31305  Total forget:  47500
Total correct test:  229  Total test:  500
Total correct forget test:  5856  Total test forget:  9500
[0.458]
[0.458, 0.666]
[0.458, 0.666, 0.736]
[0.458, 0.666, 0.736, 0.728]
[0.458, 0.666, 0.736, 0.728, 0.452]
[0.458, 0.666, 0.736, 0.728, 0.452, 0.598]
[0.458, 0.666, 0.736, 0.728, 0.452, 0.598, 0.55]
[0.458, 0.666, 0.736, 0.728, 0.452, 0.598, 0.55, 0.496]
[0.458, 0.666, 0.736, 0.728, 0.452, 0.598, 0.55, 0.496, 0.658]
[0.458, 0.666, 0.736, 0.728, 0.452, 0.598, 0.55, 0.496, 0.658, 0.638]
[0.458, 0.666, 0.736, 0.728, 0.452, 0.598, 0.55, 0.496, 0.658, 0.638, 0.588]
[0.458, 0.666, 0.736, 0.728, 0.452, 0.598, 0.55, 0.496, 0.658, 0.638, 0.588, 0.614]
[0.458, 0.666, 0.736, 0.728, 0.452, 0.598, 0.55, 0.496, 0.658, 0.638, 0.588, 0.614, 0.634]
[0.458, 0.666, 0.736, 0.728, 0.452, 0.598, 0.55, 0.496, 0.658, 0.638, 0.588, 0.614, 0.634, 0.608]
[0.458, 0.666, 0.736, 0.728, 0.452, 0.598, 0.55, 0.496, 0.658, 0.638, 0.588, 0.614, 0.634, 0.608, 0.588]
[0.458, 0.666, 0.736, 0.728, 0.452, 0.598, 0.55, 0.496, 0.658, 0.638, 0.588, 0.614, 0.634, 0.608, 0.588, 0.578]
[0.458, 0.666, 0.736, 0.728, 0.452, 0.598, 0.55, 0.496, 0.658, 0.638, 0.588, 0.614, 0.634, 0.608, 0.588, 0.578, 0.764]
[0.458, 0.666, 0.736, 0.728, 0.452, 0.598, 0.55, 0.496, 0.658, 0.638, 0.588, 0.614, 0.634, 0.608, 0.588, 0.578, 0.764, 0.62]
[0.458, 0.666, 0.736, 0.728, 0.452, 0.598, 0.55, 0.496, 0.658, 0.638, 0.588, 0.614, 0.634, 0.608, 0.588, 0.578, 0.764, 0.62, 0.504]
[0.458, 0.666, 0.736, 0.728, 0.452, 0.598, 0.55, 0.496, 0.658, 0.638, 0.588, 0.614, 0.634, 0.608, 0.588, 0.578, 0.764, 0.62, 0.504, 0.692]
Total correct retain:  1356  Total retain:  2500
Total correct forget:  31106  Total forget:  47500
Total correct test:  233  Total test:  500
Total correct forget test:  5830  Total test forget:  9500
[0.466]
[0.466, 0.66]
[0.466, 0.66, 0.742]
[0.466, 0.66, 0.742, 0.714]
[0.466, 0.66, 0.742, 0.714, 0.458]
[0.466, 0.66, 0.742, 0.714, 0.458, 0.598]
[0.466, 0.66, 0.742, 0.714, 0.458, 0.598, 0.534]
[0.466, 0.66, 0.742, 0.714, 0.458, 0.598, 0.534, 0.494]
[0.466, 0.66, 0.742, 0.714, 0.458, 0.598, 0.534, 0.494, 0.658]
[0.466, 0.66, 0.742, 0.714, 0.458, 0.598, 0.534, 0.494, 0.658, 0.624]
[0.466, 0.66, 0.742, 0.714, 0.458, 0.598, 0.534, 0.494, 0.658, 0.624, 0.602]
[0.466, 0.66, 0.742, 0.714, 0.458, 0.598, 0.534, 0.494, 0.658, 0.624, 0.602, 0.626]
[0.466, 0.66, 0.742, 0.714, 0.458, 0.598, 0.534, 0.494, 0.658, 0.624, 0.602, 0.626, 0.642]
[0.466, 0.66, 0.742, 0.714, 0.458, 0.598, 0.534, 0.494, 0.658, 0.624, 0.602, 0.626, 0.642, 0.598]
[0.466, 0.66, 0.742, 0.714, 0.458, 0.598, 0.534, 0.494, 0.658, 0.624, 0.602, 0.626, 0.642, 0.598, 0.57]
[0.466, 0.66, 0.742, 0.714, 0.458, 0.598, 0.534, 0.494, 0.658, 0.624, 0.602, 0.626, 0.642, 0.598, 0.57, 0.548]
[0.466, 0.66, 0.742, 0.714, 0.458, 0.598, 0.534, 0.494, 0.658, 0.624, 0.602, 0.626, 0.642, 0.598, 0.57, 0.548, 0.782]
[0.466, 0.66, 0.742, 0.714, 0.458, 0.598, 0.534, 0.494, 0.658, 0.624, 0.602, 0.626, 0.642, 0.598, 0.57, 0.548, 0.782, 0.6]
[0.466, 0.66, 0.742, 0.714, 0.458, 0.598, 0.534, 0.494, 0.658, 0.624, 0.602, 0.626, 0.642, 0.598, 0.57, 0.548, 0.782, 0.6, 0.508]
[0.466, 0.66, 0.742, 0.714, 0.458, 0.598, 0.534, 0.494, 0.658, 0.624, 0.602, 0.626, 0.642, 0.598, 0.57, 0.548, 0.782, 0.6, 0.508, 0.702]
Total correct retain:  1340  Total retain:  2500
Total correct forget:  31064  Total forget:  47500
Total correct test:  232  Total test:  500
Total correct forget test:  5810  Total test forget:  9500
[0.464]
[0.464, 0.666]
[0.464, 0.666, 0.714]
[0.464, 0.666, 0.714, 0.706]
[0.464, 0.666, 0.714, 0.706, 0.452]
[0.464, 0.666, 0.714, 0.706, 0.452, 0.604]
[0.464, 0.666, 0.714, 0.706, 0.452, 0.604, 0.532]
[0.464, 0.666, 0.714, 0.706, 0.452, 0.604, 0.532, 0.492]
[0.464, 0.666, 0.714, 0.706, 0.452, 0.604, 0.532, 0.492, 0.664]
[0.464, 0.666, 0.714, 0.706, 0.452, 0.604, 0.532, 0.492, 0.664, 0.628]
[0.464, 0.666, 0.714, 0.706, 0.452, 0.604, 0.532, 0.492, 0.664, 0.628, 0.582]
[0.464, 0.666, 0.714, 0.706, 0.452, 0.604, 0.532, 0.492, 0.664, 0.628, 0.582, 0.598]
[0.464, 0.666, 0.714, 0.706, 0.452, 0.604, 0.532, 0.492, 0.664, 0.628, 0.582, 0.598, 0.648]
[0.464, 0.666, 0.714, 0.706, 0.452, 0.604, 0.532, 0.492, 0.664, 0.628, 0.582, 0.598, 0.648, 0.608]
[0.464, 0.666, 0.714, 0.706, 0.452, 0.604, 0.532, 0.492, 0.664, 0.628, 0.582, 0.598, 0.648, 0.608, 0.596]
[0.464, 0.666, 0.714, 0.706, 0.452, 0.604, 0.532, 0.492, 0.664, 0.628, 0.582, 0.598, 0.648, 0.608, 0.596, 0.548]
[0.464, 0.666, 0.714, 0.706, 0.452, 0.604, 0.532, 0.492, 0.664, 0.628, 0.582, 0.598, 0.648, 0.608, 0.596, 0.548, 0.762]
[0.464, 0.666, 0.714, 0.706, 0.452, 0.604, 0.532, 0.492, 0.664, 0.628, 0.582, 0.598, 0.648, 0.608, 0.596, 0.548, 0.762, 0.612]
[0.464, 0.666, 0.714, 0.706, 0.452, 0.604, 0.532, 0.492, 0.664, 0.628, 0.582, 0.598, 0.648, 0.608, 0.596, 0.548, 0.762, 0.612, 0.51]
[0.464, 0.666, 0.714, 0.706, 0.452, 0.604, 0.532, 0.492, 0.664, 0.628, 0.582, 0.598, 0.648, 0.608, 0.596, 0.548, 0.762, 0.612, 0.51, 0.698]
[[0.456, 0.652, 0.734, 0.714, 0.46, 0.598, 0.53, 0.498, 0.662, 0.646, 0.578, 0.62, 0.618, 0.61, 0.562, 0.602, 0.774, 0.596, 0.486, 0.706], [0.458, 0.646, 0.75, 0.708, 0.464, 0.6, 0.546, 0.506, 0.65, 0.658, 0.582, 0.634, 0.65, 0.604, 0.58, 0.602, 0.766, 0.626, 0.494, 0.696], [0.466, 0.644, 0.752, 0.714, 0.456, 0.6, 0.544, 0.498, 0.642, 0.65, 0.582, 0.638, 0.646, 0.598, 0.58, 0.598, 0.762, 0.63, 0.496, 0.69], [0.462, 0.648, 0.76, 0.706, 0.456, 0.598, 0.538, 0.498, 0.648, 0.64, 0.584, 0.634, 0.648, 0.59, 0.586, 0.6, 0.758, 0.628, 0.496, 0.698], [0.464, 0.646, 0.762, 0.704, 0.452, 0.6, 0.544, 0.494, 0.646, 0.656, 0.59, 0.634, 0.654, 0.596, 0.58, 0.592, 0.766, 0.624, 0.494, 0.694], [0.46, 0.642, 0.756, 0.698, 0.452, 0.592, 0.538, 0.5, 0.644, 0.654, 0.586, 0.634, 0.652, 0.598, 0.584, 0.61, 0.752, 0.62, 0.486, 0.7], [0.466, 0.644, 0.756, 0.706, 0.456, 0.598, 0.544, 0.492, 0.658, 0.66, 0.586, 0.634, 0.656, 0.602, 0.584, 0.602, 0.758, 0.626, 0.49, 0.694], [0.468, 0.646, 0.754, 0.706, 0.448, 0.59, 0.546, 0.504, 0.644, 0.662, 0.588, 0.636, 0.642, 0.604, 0.582, 0.602, 0.758, 0.636, 0.492, 0.694], [0.466, 0.642, 0.754, 0.696, 0.446, 0.59, 0.538, 0.49, 0.652, 0.658, 0.584, 0.634, 0.66, 0.602, 0.58, 0.596, 0.754, 0.618, 0.488, 0.688], [0.47, 0.64, 0.748, 0.7, 0.448, 0.584, 0.538, 0.494, 0.65, 0.664, 0.582, 0.632, 0.64, 0.606, 0.576, 0.602, 0.758, 0.622, 0.492, 0.69], [0.464, 0.644, 0.75, 0.702, 0.462, 0.594, 0.548, 0.506, 0.648, 0.662, 0.586, 0.634, 0.636, 0.604, 0.576, 0.592, 0.766, 0.62, 0.502, 0.694], [0.458, 0.632, 0.738, 0.724, 0.47, 0.598, 0.528, 0.502, 0.658, 0.646, 0.586, 0.632, 0.616, 0.602, 0.564, 0.59, 0.766, 0.61, 0.496, 0.694], [0.456, 0.65, 0.748, 0.728, 0.47, 0.592, 0.534, 0.502, 0.668, 0.65, 0.588, 0.624, 0.62, 0.604, 0.562, 0.592, 0.772, 0.608, 0.496, 0.694], [0.456, 0.642, 0.744, 0.726, 0.474, 0.596, 0.544, 0.504, 0.656, 0.636, 0.59, 0.61, 0.62, 0.606, 0.566, 0.578, 0.778, 0.608, 0.512, 0.7], [0.452, 0.658, 0.742, 0.724, 0.472, 0.6, 0.538, 0.512, 0.664, 0.64, 0.598, 0.618, 0.626, 0.602, 0.568, 0.58, 0.774, 0.604, 0.506, 0.7], [0.454, 0.656, 0.726, 0.724, 0.47, 0.612, 0.536, 0.51, 0.656, 0.628, 0.596, 0.604, 0.616, 0.606, 0.562, 0.574, 0.774, 0.596, 0.5, 0.688], [0.45, 0.664, 0.724, 0.724, 0.468, 0.604, 0.532, 0.504, 0.67, 0.628, 0.596, 0.606, 0.628, 0.604, 0.572, 0.578, 0.764, 0.614, 0.5, 0.696], [0.458, 0.666, 0.736, 0.728, 0.452, 0.598, 0.55, 0.496, 0.658, 0.638, 0.588, 0.614, 0.634, 0.608, 0.588, 0.578, 0.764, 0.62, 0.504, 0.692], [0.466, 0.66, 0.742, 0.714, 0.458, 0.598, 0.534, 0.494, 0.658, 0.624, 0.602, 0.626, 0.642, 0.598, 0.57, 0.548, 0.782, 0.6, 0.508, 0.702], [0.464, 0.666, 0.714, 0.706, 0.452, 0.604, 0.532, 0.492, 0.664, 0.628, 0.582, 0.598, 0.648, 0.608, 0.596, 0.548, 0.762, 0.612, 0.51, 0.698]]
20
20
Plot  0  Done
Average Retain Accuracies:  [0.542, 0.5404, 0.5412, 0.54, 0.5448, 0.5432, 0.54, 0.5452, 0.5464, 0.5488, 0.5416, 0.536, 0.5376, 0.5384, 0.5332, 0.5312, 0.536, 0.5356, 0.5424, 0.536]
Average Forget Accuracies:  [0.6562736842105263, 0.6598736842105263, 0.6605684210526316, 0.6608631578947368, 0.6599368421052632, 0.6590736842105264, 0.6597894736842105, 0.6584421052631579, 0.6582105263157895, 0.6554526315789474, 0.657621052631579, 0.6549473684210526, 0.6563789473684211, 0.6548842105263157, 0.6549894736842106, 0.6537052631578948, 0.6548842105263157, 0.6590526315789473, 0.6548631578947368, 0.6539789473684211]
Average Retain Test Accuracies:  [0.456, 0.458, 0.466, 0.462, 0.464, 0.46, 0.466, 0.468, 0.466, 0.47, 0.464, 0.458, 0.456, 0.456, 0.452, 0.454, 0.45, 0.458, 0.466, 0.464]
Average Forget Test Accuracies:  [0.6129473684210527, 0.6190526315789474, 0.6168421052631579, 0.6165263157894737, 0.6172631578947368, 0.6156842105263158, 0.6182105263157894, 0.617578947368421, 0.6142105263157894, 0.614, 0.6171578947368421, 0.6132631578947368, 0.6158947368421053, 0.6152631578947368, 0.6171578947368421, 0.6123157894736843, 0.6145263157894737, 0.616421052631579, 0.6136842105263158, 0.611578947368421]
Done
