Requirement already satisfied: pyyaml in /usr/lib64/python3.12/site-packages (6.0.1)
Requirement already satisfied: setuptools in /usr/lib/python3.12/site-packages (68.2.2)
Requirement already satisfied: matplotlib in /dcs/21/u2145461/.local/lib/python3.12/site-packages (3.10.1)
Requirement already satisfied: contourpy>=1.0.1 in /dcs/21/u2145461/.local/lib/python3.12/site-packages (from matplotlib) (1.3.1)
Requirement already satisfied: cycler>=0.10 in /dcs/21/u2145461/.local/lib/python3.12/site-packages (from matplotlib) (0.12.1)
Requirement already satisfied: fonttools>=4.22.0 in /dcs/21/u2145461/.local/lib/python3.12/site-packages (from matplotlib) (4.56.0)
Requirement already satisfied: kiwisolver>=1.3.1 in /dcs/21/u2145461/.local/lib/python3.12/site-packages (from matplotlib) (1.4.8)
Requirement already satisfied: numpy>=1.23 in /dcs/21/u2145461/.local/lib/python3.12/site-packages (from matplotlib) (2.2.3)
Requirement already satisfied: packaging>=20.0 in /dcs/21/u2145461/.local/lib/python3.12/site-packages (from matplotlib) (24.2)
Requirement already satisfied: pillow>=8 in /dcs/21/u2145461/.local/lib/python3.12/site-packages (from matplotlib) (11.0.0)
Requirement already satisfied: pyparsing>=2.3.1 in /dcs/21/u2145461/.local/lib/python3.12/site-packages (from matplotlib) (3.2.1)
Requirement already satisfied: python-dateutil>=2.7 in /dcs/21/u2145461/.local/lib/python3.12/site-packages (from matplotlib) (2.9.0.post0)
Requirement already satisfied: six>=1.5 in /dcs/21/u2145461/.local/lib/python3.12/site-packages (from python-dateutil>=2.7->matplotlib) (1.17.0)
Requirement already satisfied: quadprog in /dcs/21/u2145461/.local/lib/python3.12/site-packages (0.1.13)
Requirement already satisfied: numpy in /dcs/21/u2145461/.local/lib/python3.12/site-packages (from quadprog) (2.2.3)
Requirement already satisfied: pyparsing in /dcs/21/u2145461/.local/lib/python3.12/site-packages (3.2.1)
Requirement already satisfied: pandas in /dcs/21/u2145461/.local/lib/python3.12/site-packages (2.2.3)
Requirement already satisfied: numpy>=1.26.0 in /dcs/21/u2145461/.local/lib/python3.12/site-packages (from pandas) (2.2.3)
Requirement already satisfied: python-dateutil>=2.8.2 in /dcs/21/u2145461/.local/lib/python3.12/site-packages (from pandas) (2.9.0.post0)
Requirement already satisfied: pytz>=2020.1 in /dcs/21/u2145461/.local/lib/python3.12/site-packages (from pandas) (2025.1)
Requirement already satisfied: tzdata>=2022.7 in /dcs/21/u2145461/.local/lib/python3.12/site-packages (from pandas) (2025.1)
Requirement already satisfied: six>=1.5 in /dcs/21/u2145461/.local/lib/python3.12/site-packages (from python-dateutil>=2.8.2->pandas) (1.17.0)
Requirement already satisfied: numpy in /dcs/21/u2145461/.local/lib/python3.12/site-packages (2.2.3)
Fri Apr  4 20:48:26 2025       
+-----------------------------------------------------------------------------------------+
| NVIDIA-SMI 550.144.03             Driver Version: 550.144.03     CUDA Version: 12.4     |
|-----------------------------------------+------------------------+----------------------+
| GPU  Name                 Persistence-M | Bus-Id          Disp.A | Volatile Uncorr. ECC |
| Fan  Temp   Perf          Pwr:Usage/Cap |           Memory-Usage | GPU-Util  Compute M. |
|                                         |                        |               MIG M. |
|=========================================+========================+======================|
|   0  NVIDIA A10                     On  |   00000000:E1:00.0 Off |                    0 |
|  0%   25C    P8             15W /  150W |       1MiB /  23028MiB |      0%      Default |
|                                         |                        |                  N/A |
+-----------------------------------------+------------------------+----------------------+
                                                                                         
+-----------------------------------------------------------------------------------------+
| Processes:                                                                              |
|  GPU   GI   CI        PID   Type   Process name                              GPU Memory |
|        ID   ID                                                               Usage      |
|=========================================================================================|
|  No running processes found                                                             |
+-----------------------------------------------------------------------------------------+
Python 3.12.8
./cifar-100-python/train
./cifar-100-python/test
Unlearn Batch Size:  16
Unlearn MEM Strength:  0.6
cifar-100-python/train
cifar-100-python/test
new ordering of classes:  ['pine', 'motorcycle', 'leopard', 'pickup truck', 'orchids', 'table', 'computer keyboard', 'couch', 'woman', 'elephant', 'cans', 'oak', 'tank', 'mountain', 'crab', 'worm', 'cattle', 'willow', 'turtle', 'beetle', 'man', 'bottles', 'possum', 'castle', 'snail', 'bridge', 'bear', 'baby', 'sea', 'otter', 'kangaroo', 'beaver', 'tiger', 'hamster', 'squirrel', 'television', 'mouse', 'bus', 'pears', 'skyscraper', 'whale', 'girl', 'ray', 'chimpanzee', 'tractor', 'lamp', 'snake', 'trout', 'forest', 'skunk', 'apples', 'chair', 'wardrobe', 'flatfish', 'boy', 'lizard', 'train', 'shark', 'lion', 'plain', 'dolphin', 'butterfly', 'oranges', 'roses', 'dinosaur', 'caterpillar', 'house', 'sweet peppers', 'wolf', 'palm', 'porcupine', 'bed', 'bowls', 'maple', 'clock', 'camel', 'tulips', 'sunflowers', 'spider', 'bee', 'lobster', 'crocodile', 'mushrooms', 'telephone', 'raccoon', 'seal', 'streetcar', 'poppies', 'road', 'lawn-mower', 'cockroach', 'cups', 'plates', 'fox', 'shrew', 'cloud', 'rabbit', 'aquarium fish', 'bicycle', 'rocket']
Training task:  1
[0.36, 0.192, 0.196, 0.152, 0.196, 0.222, 0.296, 0.234, 0.146, 0.174, 0.174, 0.318, 0.204, 0.182, 0.182, 0.198, 0.208, 0.196, 0.254, 0.2]
Training task:  2
[0.638, 0.418, 0.212, 0.16, 0.16, 0.156, 0.222, 0.246, 0.162, 0.19, 0.148, 0.25, 0.206, 0.162, 0.206, 0.162, 0.184, 0.144, 0.176, 0.202]
Training task:  3
[0.578, 0.334, 0.71, 0.1, 0.246, 0.204, 0.196, 0.232, 0.222, 0.272, 0.31, 0.24, 0.224, 0.126, 0.198, 0.178, 0.118, 0.254, 0.222, 0.2]
Training task:  4
[0.616, 0.314, 0.714, 0.612, 0.178, 0.238, 0.272, 0.256, 0.324, 0.246, 0.136, 0.274, 0.158, 0.19, 0.128, 0.168, 0.18, 0.296, 0.212, 0.2]
Training task:  5
[0.636, 0.354, 0.664, 0.62, 0.57, 0.236, 0.236, 0.206, 0.288, 0.202, 0.17, 0.256, 0.118, 0.146, 0.16, 0.206, 0.198, 0.244, 0.21, 0.2]
Training task:  6
[0.462, 0.276, 0.668, 0.45, 0.462, 0.518, 0.226, 0.268, 0.236, 0.18, 0.342, 0.282, 0.224, 0.188, 0.12, 0.16, 0.172, 0.176, 0.162, 0.208]
Training task:  7
[0.606, 0.358, 0.646, 0.6, 0.562, 0.6, 0.562, 0.218, 0.274, 0.18, 0.126, 0.244, 0.228, 0.15, 0.15, 0.188, 0.202, 0.242, 0.186, 0.206]
Training task:  8
[0.632, 0.35, 0.636, 0.524, 0.57, 0.568, 0.534, 0.662, 0.34, 0.218, 0.148, 0.226, 0.19, 0.154, 0.174, 0.136, 0.194, 0.248, 0.212, 0.2]
Training task:  9
[0.66, 0.338, 0.632, 0.504, 0.516, 0.616, 0.508, 0.616, 0.69, 0.204, 0.152, 0.222, 0.264, 0.194, 0.174, 0.196, 0.164, 0.228, 0.198, 0.204]
Training task:  10
[0.49, 0.334, 0.594, 0.418, 0.384, 0.434, 0.41, 0.492, 0.432, 0.328, 0.26, 0.256, 0.282, 0.158, 0.17, 0.222, 0.226, 0.17, 0.236, 0.192]
Training task:  11
[0.674, 0.44, 0.668, 0.632, 0.592, 0.624, 0.548, 0.678, 0.728, 0.566, 0.772, 0.246, 0.164, 0.096, 0.138, 0.202, 0.222, 0.15, 0.172, 0.202]
Training task:  12
[0.656, 0.378, 0.708, 0.654, 0.546, 0.65, 0.55, 0.686, 0.73, 0.548, 0.642, 0.73, 0.198, 0.124, 0.174, 0.172, 0.14, 0.208, 0.152, 0.2]
Training task:  13
[0.664, 0.376, 0.618, 0.588, 0.544, 0.556, 0.504, 0.668, 0.656, 0.514, 0.672, 0.612, 0.762, 0.146, 0.174, 0.172, 0.194, 0.144, 0.15, 0.192]
Training task:  14
[0.484, 0.242, 0.434, 0.354, 0.474, 0.366, 0.334, 0.432, 0.448, 0.348, 0.48, 0.458, 0.562, 0.444, 0.2, 0.164, 0.192, 0.188, 0.192, 0.192]
Training task:  15
[0.646, 0.39, 0.712, 0.592, 0.558, 0.612, 0.538, 0.642, 0.688, 0.556, 0.654, 0.646, 0.688, 0.62, 0.582, 0.198, 0.214, 0.224, 0.158, 0.222]
Training task:  16
[0.658, 0.394, 0.696, 0.596, 0.528, 0.61, 0.514, 0.654, 0.67, 0.504, 0.672, 0.59, 0.76, 0.622, 0.564, 0.608, 0.182, 0.216, 0.204, 0.2]
Training task:  17
[0.49, 0.294, 0.658, 0.49, 0.396, 0.324, 0.32, 0.342, 0.472, 0.394, 0.384, 0.504, 0.352, 0.328, 0.4, 0.248, 0.378, 0.192, 0.226, 0.2]
Training task:  18
[0.692, 0.378, 0.766, 0.63, 0.616, 0.644, 0.562, 0.694, 0.748, 0.606, 0.702, 0.708, 0.734, 0.652, 0.586, 0.492, 0.506, 0.756, 0.18, 0.2]
Training task:  19
[0.646, 0.278, 0.766, 0.576, 0.588, 0.512, 0.524, 0.68, 0.618, 0.544, 0.506, 0.612, 0.588, 0.622, 0.568, 0.552, 0.496, 0.678, 0.564, 0.198]
Training task:  20
[0.586, 0.418, 0.598, 0.596, 0.518, 0.538, 0.506, 0.592, 0.606, 0.52, 0.706, 0.546, 0.632, 0.468, 0.534, 0.506, 0.492, 0.596, 0.572, 0.53]
Unlearning task:  20
Total correct retain:  1436  Total retain:  2500
Total correct forget:  27213  Total forget:  47500
Total correct test:  293  Total test:  500
Total correct forget test:  5237  Total test forget:  9500
[0.586]
[0.586, 0.418]
[0.586, 0.418, 0.598]
[0.586, 0.418, 0.598, 0.596]
[0.586, 0.418, 0.598, 0.596, 0.518]
[0.586, 0.418, 0.598, 0.596, 0.518, 0.538]
[0.586, 0.418, 0.598, 0.596, 0.518, 0.538, 0.506]
[0.586, 0.418, 0.598, 0.596, 0.518, 0.538, 0.506, 0.592]
[0.586, 0.418, 0.598, 0.596, 0.518, 0.538, 0.506, 0.592, 0.606]
[0.586, 0.418, 0.598, 0.596, 0.518, 0.538, 0.506, 0.592, 0.606, 0.52]
[0.586, 0.418, 0.598, 0.596, 0.518, 0.538, 0.506, 0.592, 0.606, 0.52, 0.706]
[0.586, 0.418, 0.598, 0.596, 0.518, 0.538, 0.506, 0.592, 0.606, 0.52, 0.706, 0.546]
[0.586, 0.418, 0.598, 0.596, 0.518, 0.538, 0.506, 0.592, 0.606, 0.52, 0.706, 0.546, 0.632]
[0.586, 0.418, 0.598, 0.596, 0.518, 0.538, 0.506, 0.592, 0.606, 0.52, 0.706, 0.546, 0.632, 0.468]
[0.586, 0.418, 0.598, 0.596, 0.518, 0.538, 0.506, 0.592, 0.606, 0.52, 0.706, 0.546, 0.632, 0.468, 0.534]
[0.586, 0.418, 0.598, 0.596, 0.518, 0.538, 0.506, 0.592, 0.606, 0.52, 0.706, 0.546, 0.632, 0.468, 0.534, 0.506]
[0.586, 0.418, 0.598, 0.596, 0.518, 0.538, 0.506, 0.592, 0.606, 0.52, 0.706, 0.546, 0.632, 0.468, 0.534, 0.506, 0.492]
[0.586, 0.418, 0.598, 0.596, 0.518, 0.538, 0.506, 0.592, 0.606, 0.52, 0.706, 0.546, 0.632, 0.468, 0.534, 0.506, 0.492, 0.596]
[0.586, 0.418, 0.598, 0.596, 0.518, 0.538, 0.506, 0.592, 0.606, 0.52, 0.706, 0.546, 0.632, 0.468, 0.534, 0.506, 0.492, 0.596, 0.572]
[0.586, 0.418, 0.598, 0.596, 0.518, 0.538, 0.506, 0.592, 0.606, 0.52, 0.706, 0.546, 0.632, 0.468, 0.534, 0.506, 0.492, 0.596, 0.572, 0.53]
Total correct retain:  1742  Total retain:  2500
Total correct forget:  30416  Total forget:  47500
Total correct test:  340  Total test:  500
Total correct forget test:  5804  Total test forget:  9500
[0.68]
[0.68, 0.422]
[0.68, 0.422, 0.676]
[0.68, 0.422, 0.676, 0.648]
[0.68, 0.422, 0.676, 0.648, 0.576]
[0.68, 0.422, 0.676, 0.648, 0.576, 0.638]
[0.68, 0.422, 0.676, 0.648, 0.576, 0.638, 0.562]
[0.68, 0.422, 0.676, 0.648, 0.576, 0.638, 0.562, 0.69]
[0.68, 0.422, 0.676, 0.648, 0.576, 0.638, 0.562, 0.69, 0.704]
[0.68, 0.422, 0.676, 0.648, 0.576, 0.638, 0.562, 0.69, 0.704, 0.576]
[0.68, 0.422, 0.676, 0.648, 0.576, 0.638, 0.562, 0.69, 0.704, 0.576, 0.69]
[0.68, 0.422, 0.676, 0.648, 0.576, 0.638, 0.562, 0.69, 0.704, 0.576, 0.69, 0.646]
[0.68, 0.422, 0.676, 0.648, 0.576, 0.638, 0.562, 0.69, 0.704, 0.576, 0.69, 0.646, 0.71]
[0.68, 0.422, 0.676, 0.648, 0.576, 0.638, 0.562, 0.69, 0.704, 0.576, 0.69, 0.646, 0.71, 0.584]
[0.68, 0.422, 0.676, 0.648, 0.576, 0.638, 0.562, 0.69, 0.704, 0.576, 0.69, 0.646, 0.71, 0.584, 0.568]
[0.68, 0.422, 0.676, 0.648, 0.576, 0.638, 0.562, 0.69, 0.704, 0.576, 0.69, 0.646, 0.71, 0.584, 0.568, 0.53]
[0.68, 0.422, 0.676, 0.648, 0.576, 0.638, 0.562, 0.69, 0.704, 0.576, 0.69, 0.646, 0.71, 0.584, 0.568, 0.53, 0.568]
[0.68, 0.422, 0.676, 0.648, 0.576, 0.638, 0.562, 0.69, 0.704, 0.576, 0.69, 0.646, 0.71, 0.584, 0.568, 0.53, 0.568, 0.752]
[0.68, 0.422, 0.676, 0.648, 0.576, 0.638, 0.562, 0.69, 0.704, 0.576, 0.69, 0.646, 0.71, 0.584, 0.568, 0.53, 0.568, 0.752, 0.568]
[0.68, 0.422, 0.676, 0.648, 0.576, 0.638, 0.562, 0.69, 0.704, 0.576, 0.69, 0.646, 0.71, 0.584, 0.568, 0.53, 0.568, 0.752, 0.568, 0.5]
Total correct retain:  1723  Total retain:  2500
Total correct forget:  30275  Total forget:  47500
Total correct test:  339  Total test:  500
Total correct forget test:  5771  Total test forget:  9500
[0.678]
[0.678, 0.422]
[0.678, 0.422, 0.68]
[0.678, 0.422, 0.68, 0.642]
[0.678, 0.422, 0.68, 0.642, 0.576]
[0.678, 0.422, 0.68, 0.642, 0.576, 0.622]
[0.678, 0.422, 0.68, 0.642, 0.576, 0.622, 0.564]
[0.678, 0.422, 0.68, 0.642, 0.576, 0.622, 0.564, 0.68]
[0.678, 0.422, 0.68, 0.642, 0.576, 0.622, 0.564, 0.68, 0.696]
[0.678, 0.422, 0.68, 0.642, 0.576, 0.622, 0.564, 0.68, 0.696, 0.568]
[0.678, 0.422, 0.68, 0.642, 0.576, 0.622, 0.564, 0.68, 0.696, 0.568, 0.714]
[0.678, 0.422, 0.68, 0.642, 0.576, 0.622, 0.564, 0.68, 0.696, 0.568, 0.714, 0.61]
[0.678, 0.422, 0.68, 0.642, 0.576, 0.622, 0.564, 0.68, 0.696, 0.568, 0.714, 0.61, 0.714]
[0.678, 0.422, 0.68, 0.642, 0.576, 0.622, 0.564, 0.68, 0.696, 0.568, 0.714, 0.61, 0.714, 0.59]
[0.678, 0.422, 0.68, 0.642, 0.576, 0.622, 0.564, 0.68, 0.696, 0.568, 0.714, 0.61, 0.714, 0.59, 0.57]
[0.678, 0.422, 0.68, 0.642, 0.576, 0.622, 0.564, 0.68, 0.696, 0.568, 0.714, 0.61, 0.714, 0.59, 0.57, 0.522]
[0.678, 0.422, 0.68, 0.642, 0.576, 0.622, 0.564, 0.68, 0.696, 0.568, 0.714, 0.61, 0.714, 0.59, 0.57, 0.522, 0.56]
[0.678, 0.422, 0.68, 0.642, 0.576, 0.622, 0.564, 0.68, 0.696, 0.568, 0.714, 0.61, 0.714, 0.59, 0.57, 0.522, 0.56, 0.744]
[0.678, 0.422, 0.68, 0.642, 0.576, 0.622, 0.564, 0.68, 0.696, 0.568, 0.714, 0.61, 0.714, 0.59, 0.57, 0.522, 0.56, 0.744, 0.584]
[0.678, 0.422, 0.68, 0.642, 0.576, 0.622, 0.564, 0.68, 0.696, 0.568, 0.714, 0.61, 0.714, 0.59, 0.57, 0.522, 0.56, 0.744, 0.584, 0.484]
Total correct retain:  1747  Total retain:  2500
Total correct forget:  30442  Total forget:  47500
Total correct test:  348  Total test:  500
Total correct forget test:  5834  Total test forget:  9500
[0.696]
[0.696, 0.43]
[0.696, 0.43, 0.698]
[0.696, 0.43, 0.698, 0.644]
[0.696, 0.43, 0.698, 0.644, 0.58]
[0.696, 0.43, 0.698, 0.644, 0.58, 0.63]
[0.696, 0.43, 0.698, 0.644, 0.58, 0.63, 0.556]
[0.696, 0.43, 0.698, 0.644, 0.58, 0.63, 0.556, 0.702]
[0.696, 0.43, 0.698, 0.644, 0.58, 0.63, 0.556, 0.702, 0.682]
[0.696, 0.43, 0.698, 0.644, 0.58, 0.63, 0.556, 0.702, 0.682, 0.594]
[0.696, 0.43, 0.698, 0.644, 0.58, 0.63, 0.556, 0.702, 0.682, 0.594, 0.708]
[0.696, 0.43, 0.698, 0.644, 0.58, 0.63, 0.556, 0.702, 0.682, 0.594, 0.708, 0.654]
[0.696, 0.43, 0.698, 0.644, 0.58, 0.63, 0.556, 0.702, 0.682, 0.594, 0.708, 0.654, 0.714]
[0.696, 0.43, 0.698, 0.644, 0.58, 0.63, 0.556, 0.702, 0.682, 0.594, 0.708, 0.654, 0.714, 0.602]
[0.696, 0.43, 0.698, 0.644, 0.58, 0.63, 0.556, 0.702, 0.682, 0.594, 0.708, 0.654, 0.714, 0.602, 0.57]
[0.696, 0.43, 0.698, 0.644, 0.58, 0.63, 0.556, 0.702, 0.682, 0.594, 0.708, 0.654, 0.714, 0.602, 0.57, 0.536]
[0.696, 0.43, 0.698, 0.644, 0.58, 0.63, 0.556, 0.702, 0.682, 0.594, 0.708, 0.654, 0.714, 0.602, 0.57, 0.536, 0.564]
[0.696, 0.43, 0.698, 0.644, 0.58, 0.63, 0.556, 0.702, 0.682, 0.594, 0.708, 0.654, 0.714, 0.602, 0.57, 0.536, 0.564, 0.758]
[0.696, 0.43, 0.698, 0.644, 0.58, 0.63, 0.556, 0.702, 0.682, 0.594, 0.708, 0.654, 0.714, 0.602, 0.57, 0.536, 0.564, 0.758, 0.568]
[0.696, 0.43, 0.698, 0.644, 0.58, 0.63, 0.556, 0.702, 0.682, 0.594, 0.708, 0.654, 0.714, 0.602, 0.57, 0.536, 0.564, 0.758, 0.568, 0.478]
Total correct retain:  1731  Total retain:  2500
Total correct forget:  30487  Total forget:  47500
Total correct test:  341  Total test:  500
Total correct forget test:  5828  Total test forget:  9500
[0.682]
[0.682, 0.418]
[0.682, 0.418, 0.696]
[0.682, 0.418, 0.696, 0.648]
[0.682, 0.418, 0.696, 0.648, 0.588]
[0.682, 0.418, 0.696, 0.648, 0.588, 0.62]
[0.682, 0.418, 0.696, 0.648, 0.588, 0.62, 0.57]
[0.682, 0.418, 0.696, 0.648, 0.588, 0.62, 0.57, 0.696]
[0.682, 0.418, 0.696, 0.648, 0.588, 0.62, 0.57, 0.696, 0.694]
[0.682, 0.418, 0.696, 0.648, 0.588, 0.62, 0.57, 0.696, 0.694, 0.592]
[0.682, 0.418, 0.696, 0.648, 0.588, 0.62, 0.57, 0.696, 0.694, 0.592, 0.708]
[0.682, 0.418, 0.696, 0.648, 0.588, 0.62, 0.57, 0.696, 0.694, 0.592, 0.708, 0.63]
[0.682, 0.418, 0.696, 0.648, 0.588, 0.62, 0.57, 0.696, 0.694, 0.592, 0.708, 0.63, 0.726]
[0.682, 0.418, 0.696, 0.648, 0.588, 0.62, 0.57, 0.696, 0.694, 0.592, 0.708, 0.63, 0.726, 0.612]
[0.682, 0.418, 0.696, 0.648, 0.588, 0.62, 0.57, 0.696, 0.694, 0.592, 0.708, 0.63, 0.726, 0.612, 0.578]
[0.682, 0.418, 0.696, 0.648, 0.588, 0.62, 0.57, 0.696, 0.694, 0.592, 0.708, 0.63, 0.726, 0.612, 0.578, 0.536]
[0.682, 0.418, 0.696, 0.648, 0.588, 0.62, 0.57, 0.696, 0.694, 0.592, 0.708, 0.63, 0.726, 0.612, 0.578, 0.536, 0.538]
[0.682, 0.418, 0.696, 0.648, 0.588, 0.62, 0.57, 0.696, 0.694, 0.592, 0.708, 0.63, 0.726, 0.612, 0.578, 0.536, 0.538, 0.764]
[0.682, 0.418, 0.696, 0.648, 0.588, 0.62, 0.57, 0.696, 0.694, 0.592, 0.708, 0.63, 0.726, 0.612, 0.578, 0.536, 0.538, 0.764, 0.564]
[0.682, 0.418, 0.696, 0.648, 0.588, 0.62, 0.57, 0.696, 0.694, 0.592, 0.708, 0.63, 0.726, 0.612, 0.578, 0.536, 0.538, 0.764, 0.564, 0.478]
Total correct retain:  1694  Total retain:  2500
Total correct forget:  30171  Total forget:  47500
Total correct test:  339  Total test:  500
Total correct forget test:  5772  Total test forget:  9500
[0.678]
[0.678, 0.426]
[0.678, 0.426, 0.684]
[0.678, 0.426, 0.684, 0.648]
[0.678, 0.426, 0.684, 0.648, 0.584]
[0.678, 0.426, 0.684, 0.648, 0.584, 0.598]
[0.678, 0.426, 0.684, 0.648, 0.584, 0.598, 0.564]
[0.678, 0.426, 0.684, 0.648, 0.584, 0.598, 0.564, 0.674]
[0.678, 0.426, 0.684, 0.648, 0.584, 0.598, 0.564, 0.674, 0.686]
[0.678, 0.426, 0.684, 0.648, 0.584, 0.598, 0.564, 0.674, 0.686, 0.584]
[0.678, 0.426, 0.684, 0.648, 0.584, 0.598, 0.564, 0.674, 0.686, 0.584, 0.706]
[0.678, 0.426, 0.684, 0.648, 0.584, 0.598, 0.564, 0.674, 0.686, 0.584, 0.706, 0.636]
[0.678, 0.426, 0.684, 0.648, 0.584, 0.598, 0.564, 0.674, 0.686, 0.584, 0.706, 0.636, 0.716]
[0.678, 0.426, 0.684, 0.648, 0.584, 0.598, 0.564, 0.674, 0.686, 0.584, 0.706, 0.636, 0.716, 0.594]
[0.678, 0.426, 0.684, 0.648, 0.584, 0.598, 0.564, 0.674, 0.686, 0.584, 0.706, 0.636, 0.716, 0.594, 0.592]
[0.678, 0.426, 0.684, 0.648, 0.584, 0.598, 0.564, 0.674, 0.686, 0.584, 0.706, 0.636, 0.716, 0.594, 0.592, 0.544]
[0.678, 0.426, 0.684, 0.648, 0.584, 0.598, 0.564, 0.674, 0.686, 0.584, 0.706, 0.636, 0.716, 0.594, 0.592, 0.544, 0.52]
[0.678, 0.426, 0.684, 0.648, 0.584, 0.598, 0.564, 0.674, 0.686, 0.584, 0.706, 0.636, 0.716, 0.594, 0.592, 0.544, 0.52, 0.762]
[0.678, 0.426, 0.684, 0.648, 0.584, 0.598, 0.564, 0.674, 0.686, 0.584, 0.706, 0.636, 0.716, 0.594, 0.592, 0.544, 0.52, 0.762, 0.554]
[0.678, 0.426, 0.684, 0.648, 0.584, 0.598, 0.564, 0.674, 0.686, 0.584, 0.706, 0.636, 0.716, 0.594, 0.592, 0.544, 0.52, 0.762, 0.554, 0.472]
Total correct retain:  1741  Total retain:  2500
Total correct forget:  30282  Total forget:  47500
Total correct test:  346  Total test:  500
Total correct forget test:  5795  Total test forget:  9500
[0.692]
[0.692, 0.408]
[0.692, 0.408, 0.704]
[0.692, 0.408, 0.704, 0.64]
[0.692, 0.408, 0.704, 0.64, 0.59]
[0.692, 0.408, 0.704, 0.64, 0.59, 0.626]
[0.692, 0.408, 0.704, 0.64, 0.59, 0.626, 0.574]
[0.692, 0.408, 0.704, 0.64, 0.59, 0.626, 0.574, 0.694]
[0.692, 0.408, 0.704, 0.64, 0.59, 0.626, 0.574, 0.694, 0.698]
[0.692, 0.408, 0.704, 0.64, 0.59, 0.626, 0.574, 0.694, 0.698, 0.58]
[0.692, 0.408, 0.704, 0.64, 0.59, 0.626, 0.574, 0.694, 0.698, 0.58, 0.7]
[0.692, 0.408, 0.704, 0.64, 0.59, 0.626, 0.574, 0.694, 0.698, 0.58, 0.7, 0.674]
[0.692, 0.408, 0.704, 0.64, 0.59, 0.626, 0.574, 0.694, 0.698, 0.58, 0.7, 0.674, 0.708]
[0.692, 0.408, 0.704, 0.64, 0.59, 0.626, 0.574, 0.694, 0.698, 0.58, 0.7, 0.674, 0.708, 0.598]
[0.692, 0.408, 0.704, 0.64, 0.59, 0.626, 0.574, 0.694, 0.698, 0.58, 0.7, 0.674, 0.708, 0.598, 0.566]
[0.692, 0.408, 0.704, 0.64, 0.59, 0.626, 0.574, 0.694, 0.698, 0.58, 0.7, 0.674, 0.708, 0.598, 0.566, 0.502]
[0.692, 0.408, 0.704, 0.64, 0.59, 0.626, 0.574, 0.694, 0.698, 0.58, 0.7, 0.674, 0.708, 0.598, 0.566, 0.502, 0.518]
[0.692, 0.408, 0.704, 0.64, 0.59, 0.626, 0.574, 0.694, 0.698, 0.58, 0.7, 0.674, 0.708, 0.598, 0.566, 0.502, 0.518, 0.762]
[0.692, 0.408, 0.704, 0.64, 0.59, 0.626, 0.574, 0.694, 0.698, 0.58, 0.7, 0.674, 0.708, 0.598, 0.566, 0.502, 0.518, 0.762, 0.55]
[0.692, 0.408, 0.704, 0.64, 0.59, 0.626, 0.574, 0.694, 0.698, 0.58, 0.7, 0.674, 0.708, 0.598, 0.566, 0.502, 0.518, 0.762, 0.55, 0.498]
Total correct retain:  1735  Total retain:  2500
Total correct forget:  30169  Total forget:  47500
Total correct test:  342  Total test:  500
Total correct forget test:  5768  Total test forget:  9500
[0.684]
[0.684, 0.418]
[0.684, 0.418, 0.718]
[0.684, 0.418, 0.718, 0.658]
[0.684, 0.418, 0.718, 0.658, 0.582]
[0.684, 0.418, 0.718, 0.658, 0.582, 0.614]
[0.684, 0.418, 0.718, 0.658, 0.582, 0.614, 0.568]
[0.684, 0.418, 0.718, 0.658, 0.582, 0.614, 0.568, 0.702]
[0.684, 0.418, 0.718, 0.658, 0.582, 0.614, 0.568, 0.702, 0.708]
[0.684, 0.418, 0.718, 0.658, 0.582, 0.614, 0.568, 0.702, 0.708, 0.586]
[0.684, 0.418, 0.718, 0.658, 0.582, 0.614, 0.568, 0.702, 0.708, 0.586, 0.698]
[0.684, 0.418, 0.718, 0.658, 0.582, 0.614, 0.568, 0.702, 0.708, 0.586, 0.698, 0.642]
[0.684, 0.418, 0.718, 0.658, 0.582, 0.614, 0.568, 0.702, 0.708, 0.586, 0.698, 0.642, 0.7]
[0.684, 0.418, 0.718, 0.658, 0.582, 0.614, 0.568, 0.702, 0.708, 0.586, 0.698, 0.642, 0.7, 0.566]
[0.684, 0.418, 0.718, 0.658, 0.582, 0.614, 0.568, 0.702, 0.708, 0.586, 0.698, 0.642, 0.7, 0.566, 0.566]
[0.684, 0.418, 0.718, 0.658, 0.582, 0.614, 0.568, 0.702, 0.708, 0.586, 0.698, 0.642, 0.7, 0.566, 0.566, 0.51]
[0.684, 0.418, 0.718, 0.658, 0.582, 0.614, 0.568, 0.702, 0.708, 0.586, 0.698, 0.642, 0.7, 0.566, 0.566, 0.51, 0.512]
[0.684, 0.418, 0.718, 0.658, 0.582, 0.614, 0.568, 0.702, 0.708, 0.586, 0.698, 0.642, 0.7, 0.566, 0.566, 0.51, 0.512, 0.762]
[0.684, 0.418, 0.718, 0.658, 0.582, 0.614, 0.568, 0.702, 0.708, 0.586, 0.698, 0.642, 0.7, 0.566, 0.566, 0.51, 0.512, 0.762, 0.558]
[0.684, 0.418, 0.718, 0.658, 0.582, 0.614, 0.568, 0.702, 0.708, 0.586, 0.698, 0.642, 0.7, 0.566, 0.566, 0.51, 0.512, 0.762, 0.558, 0.468]
Total correct retain:  1736  Total retain:  2500
Total correct forget:  30284  Total forget:  47500
Total correct test:  337  Total test:  500
Total correct forget test:  5778  Total test forget:  9500
[0.674]
[0.674, 0.43]
[0.674, 0.43, 0.702]
[0.674, 0.43, 0.702, 0.644]
[0.674, 0.43, 0.702, 0.644, 0.588]
[0.674, 0.43, 0.702, 0.644, 0.588, 0.626]
[0.674, 0.43, 0.702, 0.644, 0.588, 0.626, 0.568]
[0.674, 0.43, 0.702, 0.644, 0.588, 0.626, 0.568, 0.692]
[0.674, 0.43, 0.702, 0.644, 0.588, 0.626, 0.568, 0.692, 0.688]
[0.674, 0.43, 0.702, 0.644, 0.588, 0.626, 0.568, 0.692, 0.688, 0.6]
[0.674, 0.43, 0.702, 0.644, 0.588, 0.626, 0.568, 0.692, 0.688, 0.6, 0.694]
[0.674, 0.43, 0.702, 0.644, 0.588, 0.626, 0.568, 0.692, 0.688, 0.6, 0.694, 0.654]
[0.674, 0.43, 0.702, 0.644, 0.588, 0.626, 0.568, 0.692, 0.688, 0.6, 0.694, 0.654, 0.7]
[0.674, 0.43, 0.702, 0.644, 0.588, 0.626, 0.568, 0.692, 0.688, 0.6, 0.694, 0.654, 0.7, 0.564]
[0.674, 0.43, 0.702, 0.644, 0.588, 0.626, 0.568, 0.692, 0.688, 0.6, 0.694, 0.654, 0.7, 0.564, 0.568]
[0.674, 0.43, 0.702, 0.644, 0.588, 0.626, 0.568, 0.692, 0.688, 0.6, 0.694, 0.654, 0.7, 0.564, 0.568, 0.514]
[0.674, 0.43, 0.702, 0.644, 0.588, 0.626, 0.568, 0.692, 0.688, 0.6, 0.694, 0.654, 0.7, 0.564, 0.568, 0.514, 0.52]
[0.674, 0.43, 0.702, 0.644, 0.588, 0.626, 0.568, 0.692, 0.688, 0.6, 0.694, 0.654, 0.7, 0.564, 0.568, 0.514, 0.52, 0.76]
[0.674, 0.43, 0.702, 0.644, 0.588, 0.626, 0.568, 0.692, 0.688, 0.6, 0.694, 0.654, 0.7, 0.564, 0.568, 0.514, 0.52, 0.76, 0.566]
[0.674, 0.43, 0.702, 0.644, 0.588, 0.626, 0.568, 0.692, 0.688, 0.6, 0.694, 0.654, 0.7, 0.564, 0.568, 0.514, 0.52, 0.76, 0.566, 0.478]
Total correct retain:  1783  Total retain:  2500
Total correct forget:  30042  Total forget:  47500
Total correct test:  354  Total test:  500
Total correct forget test:  5719  Total test forget:  9500
[0.708]
[0.708, 0.418]
[0.708, 0.418, 0.704]
[0.708, 0.418, 0.704, 0.646]
[0.708, 0.418, 0.704, 0.646, 0.588]
[0.708, 0.418, 0.704, 0.646, 0.588, 0.644]
[0.708, 0.418, 0.704, 0.646, 0.588, 0.644, 0.558]
[0.708, 0.418, 0.704, 0.646, 0.588, 0.644, 0.558, 0.71]
[0.708, 0.418, 0.704, 0.646, 0.588, 0.644, 0.558, 0.71, 0.706]
[0.708, 0.418, 0.704, 0.646, 0.588, 0.644, 0.558, 0.71, 0.706, 0.58]
[0.708, 0.418, 0.704, 0.646, 0.588, 0.644, 0.558, 0.71, 0.706, 0.58, 0.67]
[0.708, 0.418, 0.704, 0.646, 0.588, 0.644, 0.558, 0.71, 0.706, 0.58, 0.67, 0.678]
[0.708, 0.418, 0.704, 0.646, 0.588, 0.644, 0.558, 0.71, 0.706, 0.58, 0.67, 0.678, 0.666]
[0.708, 0.418, 0.704, 0.646, 0.588, 0.644, 0.558, 0.71, 0.706, 0.58, 0.67, 0.678, 0.666, 0.574]
[0.708, 0.418, 0.704, 0.646, 0.588, 0.644, 0.558, 0.71, 0.706, 0.58, 0.67, 0.678, 0.666, 0.574, 0.554]
[0.708, 0.418, 0.704, 0.646, 0.588, 0.644, 0.558, 0.71, 0.706, 0.58, 0.67, 0.678, 0.666, 0.574, 0.554, 0.47]
[0.708, 0.418, 0.704, 0.646, 0.588, 0.644, 0.558, 0.71, 0.706, 0.58, 0.67, 0.678, 0.666, 0.574, 0.554, 0.47, 0.508]
[0.708, 0.418, 0.704, 0.646, 0.588, 0.644, 0.558, 0.71, 0.706, 0.58, 0.67, 0.678, 0.666, 0.574, 0.554, 0.47, 0.508, 0.72]
[0.708, 0.418, 0.704, 0.646, 0.588, 0.644, 0.558, 0.71, 0.706, 0.58, 0.67, 0.678, 0.666, 0.574, 0.554, 0.47, 0.508, 0.72, 0.55]
[0.708, 0.418, 0.704, 0.646, 0.588, 0.644, 0.558, 0.71, 0.706, 0.58, 0.67, 0.678, 0.666, 0.574, 0.554, 0.47, 0.508, 0.72, 0.55, 0.494]
Total correct retain:  1713  Total retain:  2500
Total correct forget:  29878  Total forget:  47500
Total correct test:  340  Total test:  500
Total correct forget test:  5729  Total test forget:  9500
[0.68]
[0.68, 0.442]
[0.68, 0.442, 0.698]
[0.68, 0.442, 0.698, 0.646]
[0.68, 0.442, 0.698, 0.646, 0.572]
[0.68, 0.442, 0.698, 0.646, 0.572, 0.62]
[0.68, 0.442, 0.698, 0.646, 0.572, 0.62, 0.562]
[0.68, 0.442, 0.698, 0.646, 0.572, 0.62, 0.562, 0.688]
[0.68, 0.442, 0.698, 0.646, 0.572, 0.62, 0.562, 0.688, 0.69]
[0.68, 0.442, 0.698, 0.646, 0.572, 0.62, 0.562, 0.688, 0.69, 0.596]
[0.68, 0.442, 0.698, 0.646, 0.572, 0.62, 0.562, 0.688, 0.69, 0.596, 0.704]
[0.68, 0.442, 0.698, 0.646, 0.572, 0.62, 0.562, 0.688, 0.69, 0.596, 0.704, 0.618]
[0.68, 0.442, 0.698, 0.646, 0.572, 0.62, 0.562, 0.688, 0.69, 0.596, 0.704, 0.618, 0.694]
[0.68, 0.442, 0.698, 0.646, 0.572, 0.62, 0.562, 0.688, 0.69, 0.596, 0.704, 0.618, 0.694, 0.558]
[0.68, 0.442, 0.698, 0.646, 0.572, 0.62, 0.562, 0.688, 0.69, 0.596, 0.704, 0.618, 0.694, 0.558, 0.558]
[0.68, 0.442, 0.698, 0.646, 0.572, 0.62, 0.562, 0.688, 0.69, 0.596, 0.704, 0.618, 0.694, 0.558, 0.558, 0.496]
[0.68, 0.442, 0.698, 0.646, 0.572, 0.62, 0.562, 0.688, 0.69, 0.596, 0.704, 0.618, 0.694, 0.558, 0.558, 0.496, 0.532]
[0.68, 0.442, 0.698, 0.646, 0.572, 0.62, 0.562, 0.688, 0.69, 0.596, 0.704, 0.618, 0.694, 0.558, 0.558, 0.496, 0.532, 0.742]
[0.68, 0.442, 0.698, 0.646, 0.572, 0.62, 0.562, 0.688, 0.69, 0.596, 0.704, 0.618, 0.694, 0.558, 0.558, 0.496, 0.532, 0.742, 0.56]
[0.68, 0.442, 0.698, 0.646, 0.572, 0.62, 0.562, 0.688, 0.69, 0.596, 0.704, 0.618, 0.694, 0.558, 0.558, 0.496, 0.532, 0.742, 0.56, 0.482]
Total correct retain:  1776  Total retain:  2500
Total correct forget:  29711  Total forget:  47500
Total correct test:  350  Total test:  500
Total correct forget test:  5659  Total test forget:  9500
[0.7]
[0.7, 0.428]
[0.7, 0.428, 0.692]
[0.7, 0.428, 0.692, 0.63]
[0.7, 0.428, 0.692, 0.63, 0.584]
[0.7, 0.428, 0.692, 0.63, 0.584, 0.624]
[0.7, 0.428, 0.692, 0.63, 0.584, 0.624, 0.57]
[0.7, 0.428, 0.692, 0.63, 0.584, 0.624, 0.57, 0.702]
[0.7, 0.428, 0.692, 0.63, 0.584, 0.624, 0.57, 0.702, 0.704]
[0.7, 0.428, 0.692, 0.63, 0.584, 0.624, 0.57, 0.702, 0.704, 0.544]
[0.7, 0.428, 0.692, 0.63, 0.584, 0.624, 0.57, 0.702, 0.704, 0.544, 0.65]
[0.7, 0.428, 0.692, 0.63, 0.584, 0.624, 0.57, 0.702, 0.704, 0.544, 0.65, 0.63]
[0.7, 0.428, 0.692, 0.63, 0.584, 0.624, 0.57, 0.702, 0.704, 0.544, 0.65, 0.63, 0.672]
[0.7, 0.428, 0.692, 0.63, 0.584, 0.624, 0.57, 0.702, 0.704, 0.544, 0.65, 0.63, 0.672, 0.578]
[0.7, 0.428, 0.692, 0.63, 0.584, 0.624, 0.57, 0.702, 0.704, 0.544, 0.65, 0.63, 0.672, 0.578, 0.554]
[0.7, 0.428, 0.692, 0.63, 0.584, 0.624, 0.57, 0.702, 0.704, 0.544, 0.65, 0.63, 0.672, 0.578, 0.554, 0.462]
[0.7, 0.428, 0.692, 0.63, 0.584, 0.624, 0.57, 0.702, 0.704, 0.544, 0.65, 0.63, 0.672, 0.578, 0.554, 0.462, 0.516]
[0.7, 0.428, 0.692, 0.63, 0.584, 0.624, 0.57, 0.702, 0.704, 0.544, 0.65, 0.63, 0.672, 0.578, 0.554, 0.462, 0.516, 0.748]
[0.7, 0.428, 0.692, 0.63, 0.584, 0.624, 0.57, 0.702, 0.704, 0.544, 0.65, 0.63, 0.672, 0.578, 0.554, 0.462, 0.516, 0.748, 0.55]
[0.7, 0.428, 0.692, 0.63, 0.584, 0.624, 0.57, 0.702, 0.704, 0.544, 0.65, 0.63, 0.672, 0.578, 0.554, 0.462, 0.516, 0.748, 0.55, 0.48]
Total correct retain:  1773  Total retain:  2500
Total correct forget:  29509  Total forget:  47500
Total correct test:  351  Total test:  500
Total correct forget test:  5622  Total test forget:  9500
[0.702]
[0.702, 0.416]
[0.702, 0.416, 0.728]
[0.702, 0.416, 0.728, 0.646]
[0.702, 0.416, 0.728, 0.646, 0.588]
[0.702, 0.416, 0.728, 0.646, 0.588, 0.634]
[0.702, 0.416, 0.728, 0.646, 0.588, 0.634, 0.57]
[0.702, 0.416, 0.728, 0.646, 0.588, 0.634, 0.57, 0.71]
[0.702, 0.416, 0.728, 0.646, 0.588, 0.634, 0.57, 0.71, 0.688]
[0.702, 0.416, 0.728, 0.646, 0.588, 0.634, 0.57, 0.71, 0.688, 0.548]
[0.702, 0.416, 0.728, 0.646, 0.588, 0.634, 0.57, 0.71, 0.688, 0.548, 0.632]
[0.702, 0.416, 0.728, 0.646, 0.588, 0.634, 0.57, 0.71, 0.688, 0.548, 0.632, 0.644]
[0.702, 0.416, 0.728, 0.646, 0.588, 0.634, 0.57, 0.71, 0.688, 0.548, 0.632, 0.644, 0.65]
[0.702, 0.416, 0.728, 0.646, 0.588, 0.634, 0.57, 0.71, 0.688, 0.548, 0.632, 0.644, 0.65, 0.58]
[0.702, 0.416, 0.728, 0.646, 0.588, 0.634, 0.57, 0.71, 0.688, 0.548, 0.632, 0.644, 0.65, 0.58, 0.54]
[0.702, 0.416, 0.728, 0.646, 0.588, 0.634, 0.57, 0.71, 0.688, 0.548, 0.632, 0.644, 0.65, 0.58, 0.54, 0.436]
[0.702, 0.416, 0.728, 0.646, 0.588, 0.634, 0.57, 0.71, 0.688, 0.548, 0.632, 0.644, 0.65, 0.58, 0.54, 0.436, 0.504]
[0.702, 0.416, 0.728, 0.646, 0.588, 0.634, 0.57, 0.71, 0.688, 0.548, 0.632, 0.644, 0.65, 0.58, 0.54, 0.436, 0.504, 0.698]
[0.702, 0.416, 0.728, 0.646, 0.588, 0.634, 0.57, 0.71, 0.688, 0.548, 0.632, 0.644, 0.65, 0.58, 0.54, 0.436, 0.504, 0.698, 0.542]
[0.702, 0.416, 0.728, 0.646, 0.588, 0.634, 0.57, 0.71, 0.688, 0.548, 0.632, 0.644, 0.65, 0.58, 0.54, 0.436, 0.504, 0.698, 0.542, 0.49]
Total correct retain:  1788  Total retain:  2500
Total correct forget:  29699  Total forget:  47500
Total correct test:  355  Total test:  500
Total correct forget test:  5658  Total test forget:  9500
[0.71]
[0.71, 0.418]
[0.71, 0.418, 0.736]
[0.71, 0.418, 0.736, 0.644]
[0.71, 0.418, 0.736, 0.644, 0.59]
[0.71, 0.418, 0.736, 0.644, 0.59, 0.636]
[0.71, 0.418, 0.736, 0.644, 0.59, 0.636, 0.578]
[0.71, 0.418, 0.736, 0.644, 0.59, 0.636, 0.578, 0.71]
[0.71, 0.418, 0.736, 0.644, 0.59, 0.636, 0.578, 0.71, 0.68]
[0.71, 0.418, 0.736, 0.644, 0.59, 0.636, 0.578, 0.71, 0.68, 0.552]
[0.71, 0.418, 0.736, 0.644, 0.59, 0.636, 0.578, 0.71, 0.68, 0.552, 0.642]
[0.71, 0.418, 0.736, 0.644, 0.59, 0.636, 0.578, 0.71, 0.68, 0.552, 0.642, 0.638]
[0.71, 0.418, 0.736, 0.644, 0.59, 0.636, 0.578, 0.71, 0.68, 0.552, 0.642, 0.638, 0.664]
[0.71, 0.418, 0.736, 0.644, 0.59, 0.636, 0.578, 0.71, 0.68, 0.552, 0.642, 0.638, 0.664, 0.582]
[0.71, 0.418, 0.736, 0.644, 0.59, 0.636, 0.578, 0.71, 0.68, 0.552, 0.642, 0.638, 0.664, 0.582, 0.558]
[0.71, 0.418, 0.736, 0.644, 0.59, 0.636, 0.578, 0.71, 0.68, 0.552, 0.642, 0.638, 0.664, 0.582, 0.558, 0.444]
[0.71, 0.418, 0.736, 0.644, 0.59, 0.636, 0.578, 0.71, 0.68, 0.552, 0.642, 0.638, 0.664, 0.582, 0.558, 0.444, 0.494]
[0.71, 0.418, 0.736, 0.644, 0.59, 0.636, 0.578, 0.71, 0.68, 0.552, 0.642, 0.638, 0.664, 0.582, 0.558, 0.444, 0.494, 0.71]
[0.71, 0.418, 0.736, 0.644, 0.59, 0.636, 0.578, 0.71, 0.68, 0.552, 0.642, 0.638, 0.664, 0.582, 0.558, 0.444, 0.494, 0.71, 0.552]
[0.71, 0.418, 0.736, 0.644, 0.59, 0.636, 0.578, 0.71, 0.68, 0.552, 0.642, 0.638, 0.664, 0.582, 0.558, 0.444, 0.494, 0.71, 0.552, 0.488]
Total correct retain:  1782  Total retain:  2500
Total correct forget:  29397  Total forget:  47500
Total correct test:  354  Total test:  500
Total correct forget test:  5618  Total test forget:  9500
[0.708]
[0.708, 0.436]
[0.708, 0.436, 0.722]
[0.708, 0.436, 0.722, 0.652]
[0.708, 0.436, 0.722, 0.652, 0.58]
[0.708, 0.436, 0.722, 0.652, 0.58, 0.624]
[0.708, 0.436, 0.722, 0.652, 0.58, 0.624, 0.572]
[0.708, 0.436, 0.722, 0.652, 0.58, 0.624, 0.572, 0.71]
[0.708, 0.436, 0.722, 0.652, 0.58, 0.624, 0.572, 0.71, 0.678]
[0.708, 0.436, 0.722, 0.652, 0.58, 0.624, 0.572, 0.71, 0.678, 0.554]
[0.708, 0.436, 0.722, 0.652, 0.58, 0.624, 0.572, 0.71, 0.678, 0.554, 0.638]
[0.708, 0.436, 0.722, 0.652, 0.58, 0.624, 0.572, 0.71, 0.678, 0.554, 0.638, 0.634]
[0.708, 0.436, 0.722, 0.652, 0.58, 0.624, 0.572, 0.71, 0.678, 0.554, 0.638, 0.634, 0.652]
[0.708, 0.436, 0.722, 0.652, 0.58, 0.624, 0.572, 0.71, 0.678, 0.554, 0.638, 0.634, 0.652, 0.58]
[0.708, 0.436, 0.722, 0.652, 0.58, 0.624, 0.572, 0.71, 0.678, 0.554, 0.638, 0.634, 0.652, 0.58, 0.552]
[0.708, 0.436, 0.722, 0.652, 0.58, 0.624, 0.572, 0.71, 0.678, 0.554, 0.638, 0.634, 0.652, 0.58, 0.552, 0.42]
[0.708, 0.436, 0.722, 0.652, 0.58, 0.624, 0.572, 0.71, 0.678, 0.554, 0.638, 0.634, 0.652, 0.58, 0.552, 0.42, 0.504]
[0.708, 0.436, 0.722, 0.652, 0.58, 0.624, 0.572, 0.71, 0.678, 0.554, 0.638, 0.634, 0.652, 0.58, 0.552, 0.42, 0.504, 0.718]
[0.708, 0.436, 0.722, 0.652, 0.58, 0.624, 0.572, 0.71, 0.678, 0.554, 0.638, 0.634, 0.652, 0.58, 0.552, 0.42, 0.504, 0.718, 0.526]
[0.708, 0.436, 0.722, 0.652, 0.58, 0.624, 0.572, 0.71, 0.678, 0.554, 0.638, 0.634, 0.652, 0.58, 0.552, 0.42, 0.504, 0.718, 0.526, 0.484]
Total correct retain:  1794  Total retain:  2500
Total correct forget:  29356  Total forget:  47500
Total correct test:  350  Total test:  500
Total correct forget test:  5590  Total test forget:  9500
[0.7]
[0.7, 0.41]
[0.7, 0.41, 0.724]
[0.7, 0.41, 0.724, 0.638]
[0.7, 0.41, 0.724, 0.638, 0.586]
[0.7, 0.41, 0.724, 0.638, 0.586, 0.638]
[0.7, 0.41, 0.724, 0.638, 0.586, 0.638, 0.56]
[0.7, 0.41, 0.724, 0.638, 0.586, 0.638, 0.56, 0.714]
[0.7, 0.41, 0.724, 0.638, 0.586, 0.638, 0.56, 0.714, 0.686]
[0.7, 0.41, 0.724, 0.638, 0.586, 0.638, 0.56, 0.714, 0.686, 0.542]
[0.7, 0.41, 0.724, 0.638, 0.586, 0.638, 0.56, 0.714, 0.686, 0.542, 0.636]
[0.7, 0.41, 0.724, 0.638, 0.586, 0.638, 0.56, 0.714, 0.686, 0.542, 0.636, 0.65]
[0.7, 0.41, 0.724, 0.638, 0.586, 0.638, 0.56, 0.714, 0.686, 0.542, 0.636, 0.65, 0.644]
[0.7, 0.41, 0.724, 0.638, 0.586, 0.638, 0.56, 0.714, 0.686, 0.542, 0.636, 0.65, 0.644, 0.572]
[0.7, 0.41, 0.724, 0.638, 0.586, 0.638, 0.56, 0.714, 0.686, 0.542, 0.636, 0.65, 0.644, 0.572, 0.544]
[0.7, 0.41, 0.724, 0.638, 0.586, 0.638, 0.56, 0.714, 0.686, 0.542, 0.636, 0.65, 0.644, 0.572, 0.544, 0.418]
[0.7, 0.41, 0.724, 0.638, 0.586, 0.638, 0.56, 0.714, 0.686, 0.542, 0.636, 0.65, 0.644, 0.572, 0.544, 0.418, 0.5]
[0.7, 0.41, 0.724, 0.638, 0.586, 0.638, 0.56, 0.714, 0.686, 0.542, 0.636, 0.65, 0.644, 0.572, 0.544, 0.418, 0.5, 0.696]
[0.7, 0.41, 0.724, 0.638, 0.586, 0.638, 0.56, 0.714, 0.686, 0.542, 0.636, 0.65, 0.644, 0.572, 0.544, 0.418, 0.5, 0.696, 0.532]
[0.7, 0.41, 0.724, 0.638, 0.586, 0.638, 0.56, 0.714, 0.686, 0.542, 0.636, 0.65, 0.644, 0.572, 0.544, 0.418, 0.5, 0.696, 0.532, 0.49]
Total correct retain:  1765  Total retain:  2500
Total correct forget:  29547  Total forget:  47500
Total correct test:  346  Total test:  500
Total correct forget test:  5673  Total test forget:  9500
[0.692]
[0.692, 0.428]
[0.692, 0.428, 0.74]
[0.692, 0.428, 0.74, 0.642]
[0.692, 0.428, 0.74, 0.642, 0.588]
[0.692, 0.428, 0.74, 0.642, 0.588, 0.626]
[0.692, 0.428, 0.74, 0.642, 0.588, 0.626, 0.578]
[0.692, 0.428, 0.74, 0.642, 0.588, 0.626, 0.578, 0.706]
[0.692, 0.428, 0.74, 0.642, 0.588, 0.626, 0.578, 0.706, 0.686]
[0.692, 0.428, 0.74, 0.642, 0.588, 0.626, 0.578, 0.706, 0.686, 0.568]
[0.692, 0.428, 0.74, 0.642, 0.588, 0.626, 0.578, 0.706, 0.686, 0.568, 0.644]
[0.692, 0.428, 0.74, 0.642, 0.588, 0.626, 0.578, 0.706, 0.686, 0.568, 0.644, 0.624]
[0.692, 0.428, 0.74, 0.642, 0.588, 0.626, 0.578, 0.706, 0.686, 0.568, 0.644, 0.624, 0.664]
[0.692, 0.428, 0.74, 0.642, 0.588, 0.626, 0.578, 0.706, 0.686, 0.568, 0.644, 0.624, 0.664, 0.578]
[0.692, 0.428, 0.74, 0.642, 0.588, 0.626, 0.578, 0.706, 0.686, 0.568, 0.644, 0.624, 0.664, 0.578, 0.564]
[0.692, 0.428, 0.74, 0.642, 0.588, 0.626, 0.578, 0.706, 0.686, 0.568, 0.644, 0.624, 0.664, 0.578, 0.564, 0.444]
[0.692, 0.428, 0.74, 0.642, 0.588, 0.626, 0.578, 0.706, 0.686, 0.568, 0.644, 0.624, 0.664, 0.578, 0.564, 0.444, 0.5]
[0.692, 0.428, 0.74, 0.642, 0.588, 0.626, 0.578, 0.706, 0.686, 0.568, 0.644, 0.624, 0.664, 0.578, 0.564, 0.444, 0.5, 0.748]
[0.692, 0.428, 0.74, 0.642, 0.588, 0.626, 0.578, 0.706, 0.686, 0.568, 0.644, 0.624, 0.664, 0.578, 0.564, 0.444, 0.5, 0.748, 0.54]
[0.692, 0.428, 0.74, 0.642, 0.588, 0.626, 0.578, 0.706, 0.686, 0.568, 0.644, 0.624, 0.664, 0.578, 0.564, 0.444, 0.5, 0.748, 0.54, 0.478]
Total correct retain:  1756  Total retain:  2500
Total correct forget:  29232  Total forget:  47500
Total correct test:  346  Total test:  500
Total correct forget test:  5612  Total test forget:  9500
[0.692]
[0.692, 0.428]
[0.692, 0.428, 0.746]
[0.692, 0.428, 0.746, 0.648]
[0.692, 0.428, 0.746, 0.648, 0.588]
[0.692, 0.428, 0.746, 0.648, 0.588, 0.622]
[0.692, 0.428, 0.746, 0.648, 0.588, 0.622, 0.568]
[0.692, 0.428, 0.746, 0.648, 0.588, 0.622, 0.568, 0.716]
[0.692, 0.428, 0.746, 0.648, 0.588, 0.622, 0.568, 0.716, 0.684]
[0.692, 0.428, 0.746, 0.648, 0.588, 0.622, 0.568, 0.716, 0.684, 0.562]
[0.692, 0.428, 0.746, 0.648, 0.588, 0.622, 0.568, 0.716, 0.684, 0.562, 0.624]
[0.692, 0.428, 0.746, 0.648, 0.588, 0.622, 0.568, 0.716, 0.684, 0.562, 0.624, 0.628]
[0.692, 0.428, 0.746, 0.648, 0.588, 0.622, 0.568, 0.716, 0.684, 0.562, 0.624, 0.628, 0.632]
[0.692, 0.428, 0.746, 0.648, 0.588, 0.622, 0.568, 0.716, 0.684, 0.562, 0.624, 0.628, 0.632, 0.574]
[0.692, 0.428, 0.746, 0.648, 0.588, 0.622, 0.568, 0.716, 0.684, 0.562, 0.624, 0.628, 0.632, 0.574, 0.554]
[0.692, 0.428, 0.746, 0.648, 0.588, 0.622, 0.568, 0.716, 0.684, 0.562, 0.624, 0.628, 0.632, 0.574, 0.554, 0.426]
[0.692, 0.428, 0.746, 0.648, 0.588, 0.622, 0.568, 0.716, 0.684, 0.562, 0.624, 0.628, 0.632, 0.574, 0.554, 0.426, 0.496]
[0.692, 0.428, 0.746, 0.648, 0.588, 0.622, 0.568, 0.716, 0.684, 0.562, 0.624, 0.628, 0.632, 0.574, 0.554, 0.426, 0.496, 0.732]
[0.692, 0.428, 0.746, 0.648, 0.588, 0.622, 0.568, 0.716, 0.684, 0.562, 0.624, 0.628, 0.632, 0.574, 0.554, 0.426, 0.496, 0.732, 0.526]
[0.692, 0.428, 0.746, 0.648, 0.588, 0.622, 0.568, 0.716, 0.684, 0.562, 0.624, 0.628, 0.632, 0.574, 0.554, 0.426, 0.496, 0.732, 0.526, 0.47]
Total correct retain:  1791  Total retain:  2500
Total correct forget:  28206  Total forget:  47500
Total correct test:  349  Total test:  500
Total correct forget test:  5367  Total test forget:  9500
[0.698]
[0.698, 0.39]
[0.698, 0.39, 0.772]
[0.698, 0.39, 0.772, 0.602]
[0.698, 0.39, 0.772, 0.602, 0.544]
[0.698, 0.39, 0.772, 0.602, 0.544, 0.622]
[0.698, 0.39, 0.772, 0.602, 0.544, 0.622, 0.52]
[0.698, 0.39, 0.772, 0.602, 0.544, 0.622, 0.52, 0.7]
[0.698, 0.39, 0.772, 0.602, 0.544, 0.622, 0.52, 0.7, 0.648]
[0.698, 0.39, 0.772, 0.602, 0.544, 0.622, 0.52, 0.7, 0.648, 0.546]
[0.698, 0.39, 0.772, 0.602, 0.544, 0.622, 0.52, 0.7, 0.648, 0.546, 0.592]
[0.698, 0.39, 0.772, 0.602, 0.544, 0.622, 0.52, 0.7, 0.648, 0.546, 0.592, 0.646]
[0.698, 0.39, 0.772, 0.602, 0.544, 0.622, 0.52, 0.7, 0.648, 0.546, 0.592, 0.646, 0.604]
[0.698, 0.39, 0.772, 0.602, 0.544, 0.622, 0.52, 0.7, 0.648, 0.546, 0.592, 0.646, 0.604, 0.552]
[0.698, 0.39, 0.772, 0.602, 0.544, 0.622, 0.52, 0.7, 0.648, 0.546, 0.592, 0.646, 0.604, 0.552, 0.524]
[0.698, 0.39, 0.772, 0.602, 0.544, 0.622, 0.52, 0.7, 0.648, 0.546, 0.592, 0.646, 0.604, 0.552, 0.524, 0.384]
[0.698, 0.39, 0.772, 0.602, 0.544, 0.622, 0.52, 0.7, 0.648, 0.546, 0.592, 0.646, 0.604, 0.552, 0.524, 0.384, 0.478]
[0.698, 0.39, 0.772, 0.602, 0.544, 0.622, 0.52, 0.7, 0.648, 0.546, 0.592, 0.646, 0.604, 0.552, 0.524, 0.384, 0.478, 0.64]
[0.698, 0.39, 0.772, 0.602, 0.544, 0.622, 0.52, 0.7, 0.648, 0.546, 0.592, 0.646, 0.604, 0.552, 0.524, 0.384, 0.478, 0.64, 0.494]
[0.698, 0.39, 0.772, 0.602, 0.544, 0.622, 0.52, 0.7, 0.648, 0.546, 0.592, 0.646, 0.604, 0.552, 0.524, 0.384, 0.478, 0.64, 0.494, 0.476]
Total correct retain:  1751  Total retain:  2500
Total correct forget:  29176  Total forget:  47500
Total correct test:  346  Total test:  500
Total correct forget test:  5603  Total test forget:  9500
[0.692]
[0.692, 0.45]
[0.692, 0.45, 0.652]
[0.692, 0.45, 0.652, 0.624]
[0.692, 0.45, 0.652, 0.624, 0.572]
[0.692, 0.45, 0.652, 0.624, 0.572, 0.602]
[0.692, 0.45, 0.652, 0.624, 0.572, 0.602, 0.558]
[0.692, 0.45, 0.652, 0.624, 0.572, 0.602, 0.558, 0.698]
[0.692, 0.45, 0.652, 0.624, 0.572, 0.602, 0.558, 0.698, 0.648]
[0.692, 0.45, 0.652, 0.624, 0.572, 0.602, 0.558, 0.698, 0.648, 0.57]
[0.692, 0.45, 0.652, 0.624, 0.572, 0.602, 0.558, 0.698, 0.648, 0.57, 0.684]
[0.692, 0.45, 0.652, 0.624, 0.572, 0.602, 0.558, 0.698, 0.648, 0.57, 0.684, 0.622]
[0.692, 0.45, 0.652, 0.624, 0.572, 0.602, 0.558, 0.698, 0.648, 0.57, 0.684, 0.622, 0.688]
[0.692, 0.45, 0.652, 0.624, 0.572, 0.602, 0.558, 0.698, 0.648, 0.57, 0.684, 0.622, 0.688, 0.548]
[0.692, 0.45, 0.652, 0.624, 0.572, 0.602, 0.558, 0.698, 0.648, 0.57, 0.684, 0.622, 0.688, 0.548, 0.536]
[0.692, 0.45, 0.652, 0.624, 0.572, 0.602, 0.558, 0.698, 0.648, 0.57, 0.684, 0.622, 0.688, 0.548, 0.536, 0.476]
[0.692, 0.45, 0.652, 0.624, 0.572, 0.602, 0.558, 0.698, 0.648, 0.57, 0.684, 0.622, 0.688, 0.548, 0.536, 0.476, 0.53]
[0.692, 0.45, 0.652, 0.624, 0.572, 0.602, 0.558, 0.698, 0.648, 0.57, 0.684, 0.622, 0.688, 0.548, 0.536, 0.476, 0.53, 0.726]
[0.692, 0.45, 0.652, 0.624, 0.572, 0.602, 0.558, 0.698, 0.648, 0.57, 0.684, 0.622, 0.688, 0.548, 0.536, 0.476, 0.53, 0.726, 0.554]
[0.692, 0.45, 0.652, 0.624, 0.572, 0.602, 0.558, 0.698, 0.648, 0.57, 0.684, 0.622, 0.688, 0.548, 0.536, 0.476, 0.53, 0.726, 0.554, 0.468]
[[0.586, 0.418, 0.598, 0.596, 0.518, 0.538, 0.506, 0.592, 0.606, 0.52, 0.706, 0.546, 0.632, 0.468, 0.534, 0.506, 0.492, 0.596, 0.572, 0.53], [0.68, 0.422, 0.676, 0.648, 0.576, 0.638, 0.562, 0.69, 0.704, 0.576, 0.69, 0.646, 0.71, 0.584, 0.568, 0.53, 0.568, 0.752, 0.568, 0.5], [0.678, 0.422, 0.68, 0.642, 0.576, 0.622, 0.564, 0.68, 0.696, 0.568, 0.714, 0.61, 0.714, 0.59, 0.57, 0.522, 0.56, 0.744, 0.584, 0.484], [0.696, 0.43, 0.698, 0.644, 0.58, 0.63, 0.556, 0.702, 0.682, 0.594, 0.708, 0.654, 0.714, 0.602, 0.57, 0.536, 0.564, 0.758, 0.568, 0.478], [0.682, 0.418, 0.696, 0.648, 0.588, 0.62, 0.57, 0.696, 0.694, 0.592, 0.708, 0.63, 0.726, 0.612, 0.578, 0.536, 0.538, 0.764, 0.564, 0.478], [0.678, 0.426, 0.684, 0.648, 0.584, 0.598, 0.564, 0.674, 0.686, 0.584, 0.706, 0.636, 0.716, 0.594, 0.592, 0.544, 0.52, 0.762, 0.554, 0.472], [0.692, 0.408, 0.704, 0.64, 0.59, 0.626, 0.574, 0.694, 0.698, 0.58, 0.7, 0.674, 0.708, 0.598, 0.566, 0.502, 0.518, 0.762, 0.55, 0.498], [0.684, 0.418, 0.718, 0.658, 0.582, 0.614, 0.568, 0.702, 0.708, 0.586, 0.698, 0.642, 0.7, 0.566, 0.566, 0.51, 0.512, 0.762, 0.558, 0.468], [0.674, 0.43, 0.702, 0.644, 0.588, 0.626, 0.568, 0.692, 0.688, 0.6, 0.694, 0.654, 0.7, 0.564, 0.568, 0.514, 0.52, 0.76, 0.566, 0.478], [0.708, 0.418, 0.704, 0.646, 0.588, 0.644, 0.558, 0.71, 0.706, 0.58, 0.67, 0.678, 0.666, 0.574, 0.554, 0.47, 0.508, 0.72, 0.55, 0.494], [0.68, 0.442, 0.698, 0.646, 0.572, 0.62, 0.562, 0.688, 0.69, 0.596, 0.704, 0.618, 0.694, 0.558, 0.558, 0.496, 0.532, 0.742, 0.56, 0.482], [0.7, 0.428, 0.692, 0.63, 0.584, 0.624, 0.57, 0.702, 0.704, 0.544, 0.65, 0.63, 0.672, 0.578, 0.554, 0.462, 0.516, 0.748, 0.55, 0.48], [0.702, 0.416, 0.728, 0.646, 0.588, 0.634, 0.57, 0.71, 0.688, 0.548, 0.632, 0.644, 0.65, 0.58, 0.54, 0.436, 0.504, 0.698, 0.542, 0.49], [0.71, 0.418, 0.736, 0.644, 0.59, 0.636, 0.578, 0.71, 0.68, 0.552, 0.642, 0.638, 0.664, 0.582, 0.558, 0.444, 0.494, 0.71, 0.552, 0.488], [0.708, 0.436, 0.722, 0.652, 0.58, 0.624, 0.572, 0.71, 0.678, 0.554, 0.638, 0.634, 0.652, 0.58, 0.552, 0.42, 0.504, 0.718, 0.526, 0.484], [0.7, 0.41, 0.724, 0.638, 0.586, 0.638, 0.56, 0.714, 0.686, 0.542, 0.636, 0.65, 0.644, 0.572, 0.544, 0.418, 0.5, 0.696, 0.532, 0.49], [0.692, 0.428, 0.74, 0.642, 0.588, 0.626, 0.578, 0.706, 0.686, 0.568, 0.644, 0.624, 0.664, 0.578, 0.564, 0.444, 0.5, 0.748, 0.54, 0.478], [0.692, 0.428, 0.746, 0.648, 0.588, 0.622, 0.568, 0.716, 0.684, 0.562, 0.624, 0.628, 0.632, 0.574, 0.554, 0.426, 0.496, 0.732, 0.526, 0.47], [0.698, 0.39, 0.772, 0.602, 0.544, 0.622, 0.52, 0.7, 0.648, 0.546, 0.592, 0.646, 0.604, 0.552, 0.524, 0.384, 0.478, 0.64, 0.494, 0.476], [0.692, 0.45, 0.652, 0.624, 0.572, 0.602, 0.558, 0.698, 0.648, 0.57, 0.684, 0.622, 0.688, 0.548, 0.536, 0.476, 0.53, 0.726, 0.554, 0.468]]
20
20
Plot  0  Done
Average Retain Accuracies:  [0.5744, 0.6968, 0.6892, 0.6988, 0.6924, 0.6776, 0.6964, 0.694, 0.6944, 0.7132, 0.6852, 0.7104, 0.7092, 0.7152, 0.7128, 0.7176, 0.706, 0.7024, 0.7164, 0.7004]
Average Forget Accuracies:  [0.5729052631578947, 0.6403368421052632, 0.6373684210526316, 0.6408842105263158, 0.6418315789473684, 0.6351789473684211, 0.6375157894736843, 0.6351368421052631, 0.6375578947368421, 0.6324631578947368, 0.6290105263157895, 0.6254947368421052, 0.6212421052631579, 0.6252421052631579, 0.6188842105263158, 0.6180210526315789, 0.6220421052631578, 0.6154105263157895, 0.5938105263157895, 0.6142315789473685]
Average Retain Test Accuracies:  [0.586, 0.68, 0.678, 0.696, 0.682, 0.678, 0.692, 0.684, 0.674, 0.708, 0.68, 0.7, 0.702, 0.71, 0.708, 0.7, 0.692, 0.692, 0.698, 0.692]
Average Forget Test Accuracies:  [0.5512631578947368, 0.6109473684210527, 0.6074736842105263, 0.6141052631578947, 0.6134736842105263, 0.6075789473684211, 0.61, 0.6071578947368421, 0.6082105263157894, 0.602, 0.6030526315789474, 0.5956842105263158, 0.5917894736842105, 0.5955789473684211, 0.5913684210526315, 0.588421052631579, 0.5971578947368421, 0.5907368421052631, 0.5649473684210526, 0.5897894736842105]
Done
